

              |\      _,,,--,,_
             /,`.-'`'   ._  \-;;,_
  _______ __|,4-  ) )_   .;.(__`'-'__     ___ __    _ ___ _______
 |       | '---''(_/._)-'(_\_)   |   |   |   |  |  | |   |       |
 |    _  |    ___|_     _|       |   |   |   |   |_| |   |       | __ _ _
 |   |_| |   |___  |   | |       |   |   |   |       |   |       | \ \ \ \
 |    ___|    ___| |   | |      _|   |___|   |  _    |   |      _|  \ \ \ \
 |   |   |   |___  |   | |     |_|       |   | | |   |   |     |_    ) ) ) )
 |___|   |_______| |___| |_______|_______|___|_|  |__|___|_______|  / / / /
 ==================================================================/_/_/_/

:: Built with Spring Boot :: 3.2.1


2024-02-19T13:47:56.303+01:00  INFO 66539 --- [           main] o.s.s.petclinic.PetClinicApplication     : Starting PetClinicApplication using Java 21.0.1 with PID 66539 (/home/ionutbalosin/Workspace/spring-petclinic/target/spring-petclinic-3.2.0-SNAPSHOT.jar started by ionutbalosin in /home/ionutbalosin/Workspace/jvm-energy-consumption/off-the-shelf-applications/spring-petclinic)
2024-02-19T13:47:56.314+01:00  INFO 66539 --- [           main] o.s.s.petclinic.PetClinicApplication     : No active profile set, falling back to 1 default profile: "default"
2024-02-19T13:47:58.342+01:00  INFO 66539 --- [           main] .s.d.r.c.RepositoryConfigurationDelegate : Bootstrapping Spring Data JPA repositories in DEFAULT mode.
2024-02-19T13:47:58.467+01:00  INFO 66539 --- [           main] .s.d.r.c.RepositoryConfigurationDelegate : Finished Spring Data repository scanning in 113 ms. Found 2 JPA repository interfaces.
2024-02-19T13:47:59.993+01:00  INFO 66539 --- [           main] o.s.b.w.embedded.tomcat.TomcatWebServer  : Tomcat initialized with port 8080 (http)
2024-02-19T13:48:00.016+01:00  INFO 66539 --- [           main] o.apache.catalina.core.StandardService   : Starting service [Tomcat]
2024-02-19T13:48:00.017+01:00  INFO 66539 --- [           main] o.apache.catalina.core.StandardEngine    : Starting Servlet engine: [Apache Tomcat/10.1.17]
2024-02-19T13:48:00.097+01:00  INFO 66539 --- [           main] o.a.c.c.C.[Tomcat].[localhost].[/]       : Initializing Spring embedded WebApplicationContext
2024-02-19T13:48:00.099+01:00  INFO 66539 --- [           main] w.s.c.ServletWebServerApplicationContext : Root WebApplicationContext: initialization completed in 3657 ms
2024-02-19T13:48:00.662+01:00  WARN 66539 --- [           main] com.zaxxer.hikari.HikariConfig           : HikariPool-1 - idleTimeout has been set but has no effect because the pool is operating as a fixed size pool.
2024-02-19T13:48:00.664+01:00  INFO 66539 --- [           main] com.zaxxer.hikari.HikariDataSource       : HikariPool-1 - Starting...
2024-02-19T13:48:00.998+01:00  INFO 66539 --- [           main] com.zaxxer.hikari.pool.HikariPool        : HikariPool-1 - Added connection conn0: url=jdbc:h2:mem:a7f97575-5202-4aaa-9e54-c41532fb5bfd user=SA
2024-02-19T13:48:01.000+01:00  INFO 66539 --- [           main] com.zaxxer.hikari.HikariDataSource       : HikariPool-1 - Start completed.
2024-02-19T13:48:01.323+01:00  INFO 66539 --- [           main] o.hibernate.jpa.internal.util.LogHelper  : HHH000204: Processing PersistenceUnitInfo [name: default]
2024-02-19T13:48:01.409+01:00  INFO 66539 --- [           main] org.hibernate.Version                    : HHH000412: Hibernate ORM core version 6.4.1.Final
2024-02-19T13:48:01.464+01:00  INFO 66539 --- [           main] o.h.c.internal.RegionFactoryInitiator    : HHH000026: Second-level cache disabled
2024-02-19T13:48:01.824+01:00  INFO 66539 --- [           main] o.s.o.j.p.SpringPersistenceUnitInfo      : No LoadTimeWeaver setup: ignoring JPA class transformer
2024-02-19T13:48:03.639+01:00  INFO 66539 --- [           main] o.h.e.t.j.p.i.JtaPlatformInitiator       : HHH000489: No JTA platform available (set 'hibernate.transaction.jta.platform' to enable JTA platform integration)
2024-02-19T13:48:03.644+01:00  INFO 66539 --- [           main] j.LocalContainerEntityManagerFactoryBean : Initialized JPA EntityManagerFactory for persistence unit 'default'
2024-02-19T13:48:04.236+01:00  INFO 66539 --- [           main] o.s.d.j.r.query.QueryEnhancerFactory     : Hibernate is in classpath; If applicable, HQL parser will be used.
2024-02-19T13:48:06.858+01:00  INFO 66539 --- [           main] o.s.b.a.e.web.EndpointLinksResolver      : Exposing 13 endpoint(s) beneath base path '/actuator'
2024-02-19T13:48:07.020+01:00  INFO 66539 --- [           main] o.s.b.w.embedded.tomcat.TomcatWebServer  : Tomcat started on port 8080 (http) with context path ''
2024-02-19T13:48:07.046+01:00  INFO 66539 --- [           main] o.s.s.petclinic.PetClinicApplication     : Started PetClinicApplication in 11.509 seconds (process running for 12.422)
2024-02-19T13:48:07.128+01:00  INFO 66539 --- [nio-8080-exec-1] o.a.c.c.C.[Tomcat].[localhost].[/]       : Initializing Spring DispatcherServlet 'dispatcherServlet'
2024-02-19T13:48:07.128+01:00  INFO 66539 --- [nio-8080-exec-1] o.s.web.servlet.DispatcherServlet        : Initializing Servlet 'dispatcherServlet'
2024-02-19T13:48:07.130+01:00  INFO 66539 --- [nio-8080-exec-1] o.s.web.servlet.DispatcherServlet        : Completed initialization in 2 ms
2024-02-19T15:48:11.097+01:00  INFO 66539 --- [ionShutdownHook] j.LocalContainerEntityManagerFactoryBean : Closing JPA EntityManagerFactory for persistence unit 'default'
2024-02-19T15:48:11.107+01:00  INFO 66539 --- [ionShutdownHook] com.zaxxer.hikari.HikariDataSource       : HikariPool-1 - Shutdown initiated...
2024-02-19T15:48:11.155+01:00  INFO 66539 --- [ionShutdownHook] com.zaxxer.hikari.HikariDataSource       : HikariPool-1 - Shutdown completed.
