2023-07-07T07:53:43.033+0200: 16,254: Detected TTSP issue, wait: 32229,530 ms
Dumping stack for thread 0x0000620000000000
"main" id: 3484 prio: 5 os_prio: 0 sched: SCHED_OTHER allowed_cpus: 000000000f
lock_release: 48,484 last_cpu: 1 cpu_time: 46500
  0 0x00007fbb1be282f0 SafepointProfilerBuf::record_sync_stack(JavaThread*)
  1 0x00007fbb1bb0f198 InterpreterRuntime::at_safepoint(JavaThread*)
  2 0x000000003000baf2 StubRoutines::safepoint_interpreter_handler
  3 0x0000000033e02325 interpreter
  4 0x000000003000d4cb StubRoutines::call_stub

signal_sent: 47,259 signal_responded: 47,259 state: R wchan: 0 last_cpu: 1 cpu_time: 45275
  0 0x00000000300431c4 MemoryAccessPatterns.initialize(Ljava/lang/String;)V
  1 0x0000000033e0e7fe interpreter
  2 0x000000003000d4cb StubRoutines::call_stub

signal_sent: 42,258 signal_responded: 42,258 state: R wchan: 0 last_cpu: 1 cpu_time: 40275
  0 0x0000000030043195 MemoryAccessPatterns.initialize(Ljava/lang/String;)V
  1 0x0000000033e0e7fe interpreter
  2 0x000000003000d4cb StubRoutines::call_stub

signal_sent: 37,257 signal_responded: 37,258 state: R wchan: 0 last_cpu: 1 cpu_time: 35276
  0 0x00000000300431c4 MemoryAccessPatterns.initialize(Ljava/lang/String;)V
  1 0x0000000033e0e7fe interpreter
  2 0x000000003000d4cb StubRoutines::call_stub

signal_sent: 32,257 signal_responded: 32,257 state: R wchan: 0 last_cpu: 1 cpu_time: 30276
  0 0x000000003004317e MemoryAccessPatterns.initialize(Ljava/lang/String;)V
  1 0x0000000033e0e7fe interpreter
  2 0x000000003000d4cb StubRoutines::call_stub

signal_sent: 27,256 signal_responded: 27,256 state: R wchan: 0 last_cpu: 1 cpu_time: 25276
  0 0x000000003004317e MemoryAccessPatterns.initialize(Ljava/lang/String;)V
  1 0x0000000033e0e7fe interpreter
  2 0x000000003000d4cb StubRoutines::call_stub

signal_sent: 22,255 signal_responded: 22,255 state: R wchan: 0 last_cpu: 1 cpu_time: 20276
  0 0x000000003004317e MemoryAccessPatterns.initialize(Ljava/lang/String;)V
  1 0x0000000033e0e7fe interpreter
  2 0x000000003000d4cb StubRoutines::call_stub

signal_sent: 17,255 signal_responded: 17,255 state: R wchan: 0 last_cpu: 1 cpu_time: 15278
  0 0x0000000030043195 MemoryAccessPatterns.initialize(Ljava/lang/String;)V
  1 0x0000000033e0e7fe interpreter
  2 0x000000003000d4cb StubRoutines::call_stub

Memory access type = MemoryAccessPatterns$LinearWalk, number of iterations = 10
