2023-07-07T08:29:07.895+0200: 15,961: Detected TTSP issue, wait: 31608,146 ms
Dumping stack for thread 0x0000620000000000
"main" id: 3913 prio: 5 os_prio: 0 sched: SCHED_OTHER allowed_cpus: 000000000f
lock_release: 47,569 last_cpu: 1 cpu_time: 45808
  0 0x00007f310c4282f0 SafepointProfilerBuf::record_sync_stack(JavaThread*)
  1 0x00007f310c10f198 InterpreterRuntime::at_safepoint(JavaThread*)
  2 0x000000003000baf2 StubRoutines::safepoint_interpreter_handler
  3 0x0000000033e02325 interpreter
  4 0x000000003000d4cb StubRoutines::call_stub

signal_sent: 46,965 signal_responded: 46,965 state: R wchan: 0 last_cpu: 1 cpu_time: 45204
  0 0x0000000030043bc4 MemoryAccessPatterns.initialize(Ljava/lang/String;)V
  1 0x0000000033e0e7fe interpreter
  2 0x000000003000d4cb StubRoutines::call_stub

signal_sent: 41,964 signal_responded: 41,964 state: R wchan: 0 last_cpu: 1 cpu_time: 40203
  0 0x0000000030043bc4 MemoryAccessPatterns.initialize(Ljava/lang/String;)V
  1 0x0000000033e0e7fe interpreter
  2 0x000000003000d4cb StubRoutines::call_stub

signal_sent: 36,964 signal_responded: 36,964 state: R wchan: 0 last_cpu: 1 cpu_time: 35204
  0 0x0000000030043bad MemoryAccessPatterns.initialize(Ljava/lang/String;)V
  1 0x0000000033e0e7fe interpreter
  2 0x000000003000d4cb StubRoutines::call_stub

signal_sent: 31,964 signal_responded: 31,964 state: R wchan: 0 last_cpu: 1 cpu_time: 30205
  0 0x0000000030043bc4 MemoryAccessPatterns.initialize(Ljava/lang/String;)V
  1 0x0000000033e0e7fe interpreter
  2 0x000000003000d4cb StubRoutines::call_stub

signal_sent: 26,963 signal_responded: 26,963 state: R wchan: 0 last_cpu: 1 cpu_time: 25204
  0 0x0000000030043b7e MemoryAccessPatterns.initialize(Ljava/lang/String;)V
  1 0x0000000033e0e7fe interpreter
  2 0x000000003000d4cb StubRoutines::call_stub

signal_sent: 21,962 signal_responded: 21,962 state: R wchan: 0 last_cpu: 1 cpu_time: 20204
  0 0x0000000030043b95 MemoryAccessPatterns.initialize(Ljava/lang/String;)V
  1 0x0000000033e0e7fe interpreter
  2 0x000000003000d4cb StubRoutines::call_stub

signal_sent: 16,961 signal_responded: 16,961 state: R wchan: 0 last_cpu: 1 cpu_time: 15204
  0 0x0000000030043b95 MemoryAccessPatterns.initialize(Ljava/lang/String;)V
  1 0x0000000033e0e7fe interpreter
  2 0x000000003000d4cb StubRoutines::call_stub

Memory access type = MemoryAccessPatterns$RandomPageWalk, number of iterations = 10
