2023-07-07T08:44:51.876+0200: 15,976: Detected TTSP issue, wait: 31486,601 ms
Dumping stack for thread 0x0000620000000000
"main" id: 4066 prio: 5 os_prio: 0 sched: SCHED_OTHER allowed_cpus: 000000000f
lock_release: 47,462 last_cpu: 2 cpu_time: 45672
  0 0x00007fd2eba282f0 SafepointProfilerBuf::record_sync_stack(JavaThread*)
  1 0x00007fd2eb70f198 InterpreterRuntime::at_safepoint(JavaThread*)
  2 0x000000003000baf2 StubRoutines::safepoint_interpreter_handler
  3 0x0000000033e02325 interpreter
  4 0x000000003000d4cb StubRoutines::call_stub

signal_sent: 46,981 signal_responded: 46,981 state: R wchan: 0 last_cpu: 2 cpu_time: 45191
  0 0x00000000300437ad MemoryAccessPatterns.initialize(Ljava/lang/String;)V
  1 0x0000000033e0e7fe interpreter
  2 0x000000003000d4cb StubRoutines::call_stub

signal_sent: 41,980 signal_responded: 41,980 state: R wchan: 0 last_cpu: 2 cpu_time: 40192
  0 0x000000003004377e MemoryAccessPatterns.initialize(Ljava/lang/String;)V
  1 0x0000000033e0e7fe interpreter
  2 0x000000003000d4cb StubRoutines::call_stub

signal_sent: 36,980 signal_responded: 36,980 state: R wchan: 0 last_cpu: 2 cpu_time: 35193
  0 0x00000000300437ad MemoryAccessPatterns.initialize(Ljava/lang/String;)V
  1 0x0000000033e0e7fe interpreter
  2 0x000000003000d4cb StubRoutines::call_stub

signal_sent: 31,979 signal_responded: 31,979 state: R wchan: 0 last_cpu: 2 cpu_time: 30193
  0 0x0000000030043795 MemoryAccessPatterns.initialize(Ljava/lang/String;)V
  1 0x0000000033e0e7fe interpreter
  2 0x000000003000d4cb StubRoutines::call_stub

signal_sent: 26,978 signal_responded: 26,978 state: R wchan: 0 last_cpu: 2 cpu_time: 25193
  0 0x00000000300437ad MemoryAccessPatterns.initialize(Ljava/lang/String;)V
  1 0x0000000033e0e7fe interpreter
  2 0x000000003000d4cb StubRoutines::call_stub

signal_sent: 21,978 signal_responded: 21,978 state: R wchan: 0 last_cpu: 2 cpu_time: 20193
  0 0x000000003004377e MemoryAccessPatterns.initialize(Ljava/lang/String;)V
  1 0x0000000033e0e7fe interpreter
  2 0x000000003000d4cb StubRoutines::call_stub

signal_sent: 16,977 signal_responded: 16,977 state: R wchan: 0 last_cpu: 2 cpu_time: 15195
  0 0x0000000030043795 MemoryAccessPatterns.initialize(Ljava/lang/String;)V
  1 0x0000000033e0e7fe interpreter
  2 0x000000003000d4cb StubRoutines::call_stub

Memory access type = MemoryAccessPatterns$RandomPageWalk, number of iterations = 10
