2023-07-07T07:54:51.983+0200: 15,966: Detected TTSP issue, wait: 31796,537 ms
Dumping stack for thread 0x0000620000000000
"main" id: 3524 prio: 5 os_prio: 0 sched: SCHED_OTHER allowed_cpus: 000000000f
lock_release: 47,762 last_cpu: 0 cpu_time: 45689
  0 0x00007f918c8282f0 SafepointProfilerBuf::record_sync_stack(JavaThread*)
  1 0x00007f918c50f198 InterpreterRuntime::at_safepoint(JavaThread*)
  2 0x000000003000baf2 StubRoutines::safepoint_interpreter_handler
  3 0x0000000033e02325 interpreter
  4 0x000000003000d4cb StubRoutines::call_stub

signal_sent: 46,970 signal_responded: 46,970 state: R wchan: 0 last_cpu: 0 cpu_time: 44898
  0 0x0000000030043395 MemoryAccessPatterns.initialize(Ljava/lang/String;)V
  1 0x0000000033e0e7fe interpreter
  2 0x000000003000d4cb StubRoutines::call_stub

signal_sent: 41,969 signal_responded: 41,969 state: R wchan: 0 last_cpu: 0 cpu_time: 39898
  0 0x000000003004337e MemoryAccessPatterns.initialize(Ljava/lang/String;)V
  1 0x0000000033e0e7fe interpreter
  2 0x000000003000d4cb StubRoutines::call_stub

signal_sent: 36,969 signal_responded: 36,969 state: R wchan: 0 last_cpu: 0 cpu_time: 34899
  0 0x00000000300433c9 MemoryAccessPatterns.initialize(Ljava/lang/String;)V
  1 0x0000000033e0e7fe interpreter
  2 0x000000003000d4cb StubRoutines::call_stub

signal_sent: 31,968 signal_responded: 31,969 state: R wchan: 0 last_cpu: 0 cpu_time: 29899
  0 0x0000000030043385 MemoryAccessPatterns.initialize(Ljava/lang/String;)V
  1 0x0000000033e0e7fe interpreter
  2 0x000000003000d4cb StubRoutines::call_stub

signal_sent: 26,968 signal_responded: 26,968 state: R wchan: 0 last_cpu: 0 cpu_time: 24900
  0 0x00000000300433ad MemoryAccessPatterns.initialize(Ljava/lang/String;)V
  1 0x0000000033e0e7fe interpreter
  2 0x000000003000d4cb StubRoutines::call_stub

signal_sent: 21,968 signal_responded: 21,968 state: R wchan: 0 last_cpu: 0 cpu_time: 19903
  0 0x00000000300433ad MemoryAccessPatterns.initialize(Ljava/lang/String;)V
  1 0x0000000033e0e7fe interpreter
  2 0x000000003000d4cb StubRoutines::call_stub

signal_sent: 16,966 signal_responded: 16,967 state: R wchan: 0 last_cpu: 0 cpu_time: 14903
  0 0x00000000300433b4 MemoryAccessPatterns.initialize(Ljava/lang/String;)V
  1 0x0000000033e0e7fe interpreter
  2 0x000000003000d4cb StubRoutines::call_stub

Memory access type = MemoryAccessPatterns$RandomPageWalk, number of iterations = 10
