2023-07-07T08:27:59.179+0200: 16,196: Detected TTSP issue, wait: 31621,921 ms
Dumping stack for thread 0x0000620000000000
"main" id: 3881 prio: 5 os_prio: 0 sched: SCHED_OTHER allowed_cpus: 000000000f
lock_release: 47,817 last_cpu: 3 cpu_time: 45959
  0 0x00007fb3c20282f0 SafepointProfilerBuf::record_sync_stack(JavaThread*)
  1 0x00007fb3c1d0f198 InterpreterRuntime::at_safepoint(JavaThread*)
  2 0x000000003000baf2 StubRoutines::safepoint_interpreter_handler
  3 0x0000000033e02325 interpreter
  4 0x000000003000d4cb StubRoutines::call_stub

signal_sent: 47,202 signal_responded: 47,202 state: R wchan: 0 last_cpu: 3 cpu_time: 45343
  0 0x0000000030043bad MemoryAccessPatterns.initialize(Ljava/lang/String;)V
  1 0x0000000033e0e7fe interpreter
  2 0x000000003000d4cb StubRoutines::call_stub

signal_sent: 42,201 signal_responded: 42,201 state: R wchan: 0 last_cpu: 3 cpu_time: 40343
  0 0x0000000030043bc4 MemoryAccessPatterns.initialize(Ljava/lang/String;)V
  1 0x0000000033e0e7fe interpreter
  2 0x000000003000d4cb StubRoutines::call_stub

signal_sent: 37,200 signal_responded: 37,200 state: R wchan: 0 last_cpu: 3 cpu_time: 35342
  0 0x0000000030043b95 MemoryAccessPatterns.initialize(Ljava/lang/String;)V
  1 0x0000000033e0e7fe interpreter
  2 0x000000003000d4cb StubRoutines::call_stub

signal_sent: 32,199 signal_responded: 32,199 state: R wchan: 0 last_cpu: 3 cpu_time: 30341
  0 0x0000000030043bc4 MemoryAccessPatterns.initialize(Ljava/lang/String;)V
  1 0x0000000033e0e7fe interpreter
  2 0x000000003000d4cb StubRoutines::call_stub

signal_sent: 27,198 signal_responded: 27,198 state: R wchan: 0 last_cpu: 3 cpu_time: 25341
  0 0x0000000030043b95 MemoryAccessPatterns.initialize(Ljava/lang/String;)V
  1 0x0000000033e0e7fe interpreter
  2 0x000000003000d4cb StubRoutines::call_stub

signal_sent: 22,198 signal_responded: 22,198 state: R wchan: 0 last_cpu: 3 cpu_time: 20340
  0 0x0000000030043ba0 MemoryAccessPatterns.initialize(Ljava/lang/String;)V
  1 0x0000000033e0e7fe interpreter
  2 0x000000003000d4cb StubRoutines::call_stub

signal_sent: 17,197 signal_responded: 17,197 state: R wchan: 0 last_cpu: 3 cpu_time: 15339
  0 0x0000000030043bad MemoryAccessPatterns.initialize(Ljava/lang/String;)V
  1 0x0000000033e0e7fe interpreter
  2 0x000000003000d4cb StubRoutines::call_stub

Memory access type = MemoryAccessPatterns$LinearWalk, number of iterations = 10
