2023-07-07T09:01:10.888+0200: 15,968: Detected TTSP issue, wait: 31552,367 ms
Dumping stack for thread 0x0000620000000000
"main" id: 4230 prio: 5 os_prio: 0 sched: SCHED_OTHER allowed_cpus: 000000000f
lock_release: 47,520 last_cpu: 3 cpu_time: 45552
  0 0x00007f17a8a282f0 SafepointProfilerBuf::record_sync_stack(JavaThread*)
  1 0x00007f17a870f198 InterpreterRuntime::at_safepoint(JavaThread*)
  2 0x000000003000baf2 StubRoutines::safepoint_interpreter_handler
  3 0x0000000033e02325 interpreter
  4 0x000000003000d4cb StubRoutines::call_stub

signal_sent: 46,973 signal_responded: 46,973 state: R wchan: 0 last_cpu: 3 cpu_time: 45005
  0 0x00000000300439ad MemoryAccessPatterns.initialize(Ljava/lang/String;)V
  1 0x0000000033e0e7fe interpreter
  2 0x000000003000d4cb StubRoutines::call_stub

signal_sent: 41,972 signal_responded: 41,972 state: R wchan: 0 last_cpu: 3 cpu_time: 40004
  0 0x00000000300439ad MemoryAccessPatterns.initialize(Ljava/lang/String;)V
  1 0x0000000033e0e7fe interpreter
  2 0x000000003000d4cb StubRoutines::call_stub

signal_sent: 36,971 signal_responded: 36,972 state: R wchan: 0 last_cpu: 3 cpu_time: 35003
  0 0x000000003004397e MemoryAccessPatterns.initialize(Ljava/lang/String;)V
  1 0x0000000033e0e7fe interpreter
  2 0x000000003000d4cb StubRoutines::call_stub

signal_sent: 31,971 signal_responded: 31,971 state: R wchan: 0 last_cpu: 3 cpu_time: 30002
  0 0x000000003004397e MemoryAccessPatterns.initialize(Ljava/lang/String;)V
  1 0x0000000033e0e7fe interpreter
  2 0x000000003000d4cb StubRoutines::call_stub

signal_sent: 26,970 signal_responded: 26,970 state: R wchan: 0 last_cpu: 3 cpu_time: 25001
  0 0x0000000030043995 MemoryAccessPatterns.initialize(Ljava/lang/String;)V
  1 0x0000000033e0e7fe interpreter
  2 0x000000003000d4cb StubRoutines::call_stub

signal_sent: 21,969 signal_responded: 21,970 state: R wchan: 0 last_cpu: 3 cpu_time: 20000
  0 0x00000000300439c4 MemoryAccessPatterns.initialize(Ljava/lang/String;)V
  1 0x0000000033e0e7fe interpreter
  2 0x000000003000d4cb StubRoutines::call_stub

signal_sent: 16,969 signal_responded: 16,969 state: R wchan: 0 last_cpu: 3 cpu_time: 15000
  0 0x000000003004397e MemoryAccessPatterns.initialize(Ljava/lang/String;)V
  1 0x0000000033e0e7fe interpreter
  2 0x000000003000d4cb StubRoutines::call_stub

Memory access type = MemoryAccessPatterns$RandomPageWalk, number of iterations = 10
