2023-07-07T08:12:52.668+0200: 15,983: Detected TTSP issue, wait: 32157,338 ms
Dumping stack for thread 0x0000620000000000
"main" id: 3794 prio: 5 os_prio: 0 sched: SCHED_OTHER allowed_cpus: 000000000f
lock_release: 48,141 last_cpu: 0 cpu_time: 46104
  0 0x00007f83408282f0 SafepointProfilerBuf::record_sync_stack(JavaThread*)
  1 0x00007f834050f198 InterpreterRuntime::at_safepoint(JavaThread*)
  2 0x000000003000baf2 StubRoutines::safepoint_interpreter_handler
  3 0x0000000033e02325 interpreter
  4 0x000000003000d4cb StubRoutines::call_stub

signal_sent: 46,987 signal_responded: 46,987 state: R wchan: 0 last_cpu: 0 cpu_time: 44950
  0 0x0000000030043385 MemoryAccessPatterns.initialize(Ljava/lang/String;)V
  1 0x0000000033e0e7fe interpreter
  2 0x000000003000d4cb StubRoutines::call_stub

signal_sent: 41,986 signal_responded: 41,986 state: R wchan: 0 last_cpu: 0 cpu_time: 39950
  0 0x000000003004337e MemoryAccessPatterns.initialize(Ljava/lang/String;)V
  1 0x0000000033e0e7fe interpreter
  2 0x000000003000d4cb StubRoutines::call_stub

signal_sent: 36,986 signal_responded: 36,986 state: R wchan: 0 last_cpu: 0 cpu_time: 34950
  0 0x000000003004337e MemoryAccessPatterns.initialize(Ljava/lang/String;)V
  1 0x0000000033e0e7fe interpreter
  2 0x000000003000d4cb StubRoutines::call_stub

signal_sent: 31,986 signal_responded: 31,986 state: R wchan: 0 last_cpu: 0 cpu_time: 29950
  0 0x0000000030043395 MemoryAccessPatterns.initialize(Ljava/lang/String;)V
  1 0x0000000033e0e7fe interpreter
  2 0x000000003000d4cb StubRoutines::call_stub

signal_sent: 26,985 signal_responded: 26,985 state: R wchan: 0 last_cpu: 0 cpu_time: 24951
  0 0x0000000030043395 MemoryAccessPatterns.initialize(Ljava/lang/String;)V
  1 0x0000000033e0e7fe interpreter
  2 0x000000003000d4cb StubRoutines::call_stub

signal_sent: 21,985 signal_responded: 21,985 state: R wchan: 0 last_cpu: 0 cpu_time: 19951
  0 0x0000000030043389 MemoryAccessPatterns.initialize(Ljava/lang/String;)V
  1 0x0000000033e0e7fe interpreter
  2 0x000000003000d4cb StubRoutines::call_stub

signal_sent: 16,985 signal_responded: 16,985 state: R wchan: 0 last_cpu: 0 cpu_time: 14952
  0 0x0000000030043395 MemoryAccessPatterns.initialize(Ljava/lang/String;)V
  1 0x0000000033e0e7fe interpreter
  2 0x000000003000d4cb StubRoutines::call_stub

Memory access type = MemoryAccessPatterns$RandomHeapWalk, number of iterations = 10
