2023-07-07T09:00:02.700+0200: 16,232: Detected TTSP issue, wait: 31475,876 ms
Dumping stack for thread 0x0000620000000000
"main" id: 4198 prio: 5 os_prio: 0 sched: SCHED_OTHER allowed_cpus: 000000000f
lock_release: 47,708 last_cpu: 1 cpu_time: 45923
  0 0x00007fc33f2282f0 SafepointProfilerBuf::record_sync_stack(JavaThread*)
  1 0x00007fc33ef0f198 InterpreterRuntime::at_safepoint(JavaThread*)
  2 0x000000003000baf2 StubRoutines::safepoint_interpreter_handler
  3 0x0000000033e02325 interpreter
  4 0x000000003000d4cb StubRoutines::call_stub

signal_sent: 47,237 signal_responded: 47,237 state: R wchan: 0 last_cpu: 1 cpu_time: 45453
  0 0x0000000030043bc4 MemoryAccessPatterns.initialize(Ljava/lang/String;)V
  1 0x0000000033e0e7fe interpreter
  2 0x000000003000d4cb StubRoutines::call_stub

signal_sent: 42,236 signal_responded: 42,236 state: R wchan: 0 last_cpu: 1 cpu_time: 40452
  0 0x0000000030043b95 MemoryAccessPatterns.initialize(Ljava/lang/String;)V
  1 0x0000000033e0e7fe interpreter
  2 0x000000003000d4cb StubRoutines::call_stub

signal_sent: 37,236 signal_responded: 37,236 state: R wchan: 0 last_cpu: 1 cpu_time: 35452
  0 0x0000000030043b85 MemoryAccessPatterns.initialize(Ljava/lang/String;)V
  1 0x0000000033e0e7fe interpreter
  2 0x000000003000d4cb StubRoutines::call_stub

signal_sent: 32,236 signal_responded: 32,236 state: R wchan: 0 last_cpu: 1 cpu_time: 30452
  0 0x0000000030043bc4 MemoryAccessPatterns.initialize(Ljava/lang/String;)V
  1 0x0000000033e0e7fe interpreter
  2 0x000000003000d4cb StubRoutines::call_stub

signal_sent: 27,234 signal_responded: 27,235 state: R wchan: 0 last_cpu: 1 cpu_time: 25451
  0 0x0000000030043ba0 MemoryAccessPatterns.initialize(Ljava/lang/String;)V
  1 0x0000000033e0e7fe interpreter
  2 0x000000003000d4cb StubRoutines::call_stub

signal_sent: 22,234 signal_responded: 22,234 state: R wchan: 0 last_cpu: 1 cpu_time: 20452
  0 0x0000000030043b7e MemoryAccessPatterns.initialize(Ljava/lang/String;)V
  1 0x0000000033e0e7fe interpreter
  2 0x000000003000d4cb StubRoutines::call_stub

signal_sent: 17,234 signal_responded: 17,234 state: R wchan: 0 last_cpu: 1 cpu_time: 15452
  0 0x0000000030043bad MemoryAccessPatterns.initialize(Ljava/lang/String;)V
  1 0x0000000033e0e7fe interpreter
  2 0x000000003000d4cb StubRoutines::call_stub

Memory access type = MemoryAccessPatterns$LinearWalk, number of iterations = 10
