2023-07-07T09:02:51.780+0200: 16,014: Detected TTSP issue, wait: 31534,510 ms
Dumping stack for thread 0x0000620000000000
"main" id: 4261 prio: 5 os_prio: 0 sched: SCHED_OTHER allowed_cpus: 000000000f
lock_release: 47,548 last_cpu: 0 cpu_time: 45640
  0 0x00007f81f12282f0 SafepointProfilerBuf::record_sync_stack(JavaThread*)
  1 0x00007f81f0f0f198 InterpreterRuntime::at_safepoint(JavaThread*)
  2 0x000000003000baf2 StubRoutines::safepoint_interpreter_handler
  3 0x0000000033e02325 interpreter
  4 0x000000003000d4cb StubRoutines::call_stub

signal_sent: 47,018 signal_responded: 47,018 state: R wchan: 0 last_cpu: 0 cpu_time: 45110
  0 0x000000003004337e MemoryAccessPatterns.initialize(Ljava/lang/String;)V
  1 0x0000000033e0e7fe interpreter
  2 0x000000003000d4cb StubRoutines::call_stub

signal_sent: 42,017 signal_responded: 42,017 state: R wchan: 0 last_cpu: 0 cpu_time: 40110
  0 0x00000000300433ad MemoryAccessPatterns.initialize(Ljava/lang/String;)V
  1 0x0000000033e0e7fe interpreter
  2 0x000000003000d4cb StubRoutines::call_stub

signal_sent: 37,017 signal_responded: 37,017 state: R wchan: 0 last_cpu: 0 cpu_time: 35109
  0 0x00000000300433b4 MemoryAccessPatterns.initialize(Ljava/lang/String;)V
  1 0x0000000033e0e7fe interpreter
  2 0x000000003000d4cb StubRoutines::call_stub

signal_sent: 32,016 signal_responded: 32,016 state: R wchan: 0 last_cpu: 0 cpu_time: 30109
  0 0x00000000300433c4 MemoryAccessPatterns.initialize(Ljava/lang/String;)V
  1 0x0000000033e0e7fe interpreter
  2 0x000000003000d4cb StubRoutines::call_stub

signal_sent: 27,016 signal_responded: 27,016 state: R wchan: 0 last_cpu: 0 cpu_time: 25108
  0 0x000000003004337e MemoryAccessPatterns.initialize(Ljava/lang/String;)V
  1 0x0000000033e0e7fe interpreter
  2 0x000000003000d4cb StubRoutines::call_stub

signal_sent: 22,015 signal_responded: 22,015 state: R wchan: 0 last_cpu: 0 cpu_time: 20108
  0 0x000000003004337e MemoryAccessPatterns.initialize(Ljava/lang/String;)V
  1 0x0000000033e0e7fe interpreter
  2 0x000000003000d4cb StubRoutines::call_stub

signal_sent: 17,014 signal_responded: 17,014 state: R wchan: 0 last_cpu: 0 cpu_time: 15107
  0 0x00000000300433d9 MemoryAccessPatterns.initialize(Ljava/lang/String;)V
  1 0x0000000033e0e7fe interpreter
  2 0x000000003000d4cb StubRoutines::call_stub

Memory access type = MemoryAccessPatterns$RandomHeapWalk, number of iterations = 10
