2023-07-07T08:43:43.096+0200: 16,172: Detected TTSP issue, wait: 31481,326 ms
Dumping stack for thread 0x0000620000000000
"main" id: 4034 prio: 5 os_prio: 0 sched: SCHED_OTHER allowed_cpus: 000000000f
lock_release: 47,654 last_cpu: 2 cpu_time: 45572
  0 0x00007f87aa8282f0 SafepointProfilerBuf::record_sync_stack(JavaThread*)
  1 0x00007f87aa50f198 InterpreterRuntime::at_safepoint(JavaThread*)
  2 0x000000003000baf2 StubRoutines::safepoint_interpreter_handler
  3 0x0000000033e02325 interpreter
  4 0x000000003000d4cb StubRoutines::call_stub

signal_sent: 47,177 signal_responded: 47,177 state: R wchan: 0 last_cpu: 2 cpu_time: 45096
  0 0x0000000030043dc4 MemoryAccessPatterns.initialize(Ljava/lang/String;)V
  1 0x0000000033e0e7fe interpreter
  2 0x000000003000d4cb StubRoutines::call_stub

signal_sent: 42,176 signal_responded: 42,176 state: R wchan: 0 last_cpu: 2 cpu_time: 40097
  0 0x0000000030043dad MemoryAccessPatterns.initialize(Ljava/lang/String;)V
  1 0x0000000033e0e7fe interpreter
  2 0x000000003000d4cb StubRoutines::call_stub

signal_sent: 37,175 signal_responded: 37,175 state: R wchan: 0 last_cpu: 2 cpu_time: 35097
  0 0x0000000030043d95 MemoryAccessPatterns.initialize(Ljava/lang/String;)V
  1 0x0000000033e0e7fe interpreter
  2 0x000000003000d4cb StubRoutines::call_stub

signal_sent: 32,175 signal_responded: 32,175 state: R wchan: 0 last_cpu: 2 cpu_time: 30098
  0 0x0000000030043dc4 MemoryAccessPatterns.initialize(Ljava/lang/String;)V
  1 0x0000000033e0e7fe interpreter
  2 0x000000003000d4cb StubRoutines::call_stub

signal_sent: 27,174 signal_responded: 27,174 state: R wchan: 0 last_cpu: 2 cpu_time: 25099
  0 0x0000000030043d7e MemoryAccessPatterns.initialize(Ljava/lang/String;)V
  1 0x0000000033e0e7fe interpreter
  2 0x000000003000d4cb StubRoutines::call_stub

signal_sent: 22,174 signal_responded: 22,174 state: R wchan: 0 last_cpu: 2 cpu_time: 20100
  0 0x0000000030043dc4 MemoryAccessPatterns.initialize(Ljava/lang/String;)V
  1 0x0000000033e0e7fe interpreter
  2 0x000000003000d4cb StubRoutines::call_stub

signal_sent: 17,173 signal_responded: 17,173 state: R wchan: 0 last_cpu: 2 cpu_time: 15102
  0 0x0000000030043d89 MemoryAccessPatterns.initialize(Ljava/lang/String;)V
  1 0x0000000033e0e7fe interpreter
  2 0x000000003000d4cb StubRoutines::call_stub

Memory access type = MemoryAccessPatterns$LinearWalk, number of iterations = 10
