[INFO] Scanning for projects...
[INFO] Found GraalVM installation from JAVA_HOME variable.
[INFO] 
[INFO] ----------------< jvm.energy.consumption:java-samples >-----------------
[INFO] Building JVM Energy Consumption Java Samples 1.0.0-SNAPSHOT
[INFO] --------------------------------[ jar ]---------------------------------
[INFO] 
[INFO] --- maven-clean-plugin:2.5:clean (default-clean) @ java-samples ---
[INFO] Deleting /home/ionutbalosin/Workspace/jvm-energy-consumption/java-samples/target
[INFO] 
[INFO] --- maven-resources-plugin:2.6:resources (default-resources) @ java-samples ---
[INFO] Using 'UTF-8' encoding to copy filtered resources.
[INFO] Copying 0 resource
[INFO] 
[INFO] --- maven-compiler-plugin:3.12.1:compile (default-compile) @ java-samples ---
[INFO] Recompiling the module because of changed source code.
[INFO] Compiling 7 source files with javac [debug target 21] to target/classes
[INFO] /home/ionutbalosin/Workspace/jvm-energy-consumption/java-samples/src/main/java/com/ionutbalosin/jvm/energy/consumption/StringConcatenationPatterns.java: /home/ionutbalosin/Workspace/jvm-energy-consumption/java-samples/src/main/java/com/ionutbalosin/jvm/energy/consumption/StringConcatenationPatterns.java uses preview features of Java SE 21.
[INFO] /home/ionutbalosin/Workspace/jvm-energy-consumption/java-samples/src/main/java/com/ionutbalosin/jvm/energy/consumption/StringConcatenationPatterns.java: Recompile with -Xlint:preview for details.
[INFO] 
[INFO] --- spotless-maven-plugin:2.42.0:apply (default) @ java-samples ---
[INFO] Index file does not exist. Fallback to an empty index
[INFO] Spotless.Java is keeping 7 files clean - 0 were changed to be clean, 7 were already clean, 0 were skipped because caching determined they were already clean
[INFO] 
[INFO] --- maven-resources-plugin:2.6:testResources (default-testResources) @ java-samples ---
[INFO] Using 'UTF-8' encoding to copy filtered resources.
[INFO] skip non existing resourceDirectory /home/ionutbalosin/Workspace/jvm-energy-consumption/java-samples/src/test/resources
[INFO] 
[INFO] --- maven-compiler-plugin:3.12.1:testCompile (default-testCompile) @ java-samples ---
[INFO] No sources to compile
[INFO] 
[INFO] --- maven-surefire-plugin:2.12.4:test (default-test) @ java-samples ---
[INFO] No tests to run.
[INFO] 
[INFO] --- native-maven-plugin:0.10.1:merge-agent-files (test-native) @ java-samples ---
[INFO] 
[INFO] --- native-maven-plugin:0.10.1:test (test-native) @ java-samples ---
[INFO] Skipped native-image tests since there are no test classes.
[INFO] 
[INFO] --- maven-jar-plugin:3.3.0:jar (default-jar) @ java-samples ---
[INFO] Building jar: /home/ionutbalosin/Workspace/jvm-energy-consumption/java-samples/target/undefined.jar
[INFO] 
[INFO] --- native-maven-plugin:0.10.1:merge-agent-files (build-native) @ java-samples ---
[INFO] 
[INFO] --- native-maven-plugin:0.10.1:build (build-native) @ java-samples ---
[WARNING] 'native:build' goal is deprecated. Use 'native:compile-no-fork' instead.
[INFO] Downloaded GraalVM reachability metadata repository from file:/home/ionutbalosin/.m2/repository/org/graalvm/buildtools/graalvm-reachability-metadata/0.10.1/graalvm-reachability-metadata-0.10.1-repository.zip
[INFO] Executing: /usr/lib/jvm/graalvm-jdk-21.0.1+12.1/bin/native-image -cp /home/ionutbalosin/Workspace/jvm-energy-consumption/java-samples/target/undefined.jar --no-fallback -o /home/ionutbalosin/Workspace/jvm-energy-consumption/java-samples/target/VirtualCalls-megamorphic_8 --enable-preview --pgo=/home/ionutbalosin/Workspace/jvm-energy-consumption/java-samples/pgo/native-image/VirtualCalls-megamorphic_8.iprof --gc=G1 com.ionutbalosin.jvm.energy.consumption.VirtualCalls
========================================================================================================================
GraalVM Native Image: Generating 'VirtualCalls-megamorphic_8' (executable)...
========================================================================================================================
For detailed information and explanations on the build output, visit:
https://github.com/oracle/graal/blob/master/docs/reference-manual/native-image/BuildOutput.md
------------------------------------------------------------------------------------------------------------------------
[1/8] Initializing...                                                                                    (3.0s @ 0.17GB)
 Java version: 21.0.1+12, vendor version: Oracle GraalVM 21.0.1+12.1
 Graal compiler: optimization level: 3, target machine: x86-64-v3, PGO: user-provided
 C compiler: gcc (linux, x86_64, 13.2.0)
 Garbage collector: G1 GC (max heap size: 25.0% of RAM)
 1 user-specific feature(s):
 - com.oracle.svm.thirdparty.gson.GsonFeature
------------------------------------------------------------------------------------------------------------------------
Build resources:
 - 26.49GB of memory (42.4% of 62.50GB system memory, determined at start)
 - 24 thread(s) (100.0% of 24 available processor(s), determined at start)
Info: The percentage of matched entries from profile file(s): 81.77%.
[2/8] Performing analysis...  [*****]                                                                    (5.6s @ 0.40GB)
    3,307 reachable types   (72.1% of    4,588 total)
    3,885 reachable fields  (49.8% of    7,806 total)
   16,640 reachable methods (46.3% of   35,914 total)
    1,061 types,   112 fields, and   674 methods registered for reflection
       57 types,    55 fields, and    52 methods registered for JNI access
       0 foreign downcalls registered
        9 native libraries: dl, g1gc-cr, m, pthread, rt, stdc++, z
[3/8] Building universe...                                                                               (0.9s @ 0.34GB)
[4/8] Parsing methods...      [*]                                                                        (1.4s @ 0.46GB)
[5/8] Inlining methods...     [***]                                                                      (0.4s @ 0.49GB)
[6/8] Compiling methods...    [***]                                                                      (8.8s @ 0.56GB)
[7/8] Layouting methods...    [*]                                                                        (1.2s @ 0.58GB)
[8/8] Creating image...       [*]                                                                        (1.7s @ 0.43GB)
   5.29MB (36.55%) for code area:     9,918 compilation units
   6.92MB (47.86%) for image heap:  106,141 objects and 47 resources
   2.25MB (15.59%) for other data
  14.46MB in total
------------------------------------------------------------------------------------------------------------------------
Top 10 origins of code area:                                Top 10 object types in image heap:
   3.52MB java.base                                            1.32MB byte[] for code metadata
   1.36MB svm.jar (Native Image)                               1.31MB byte[] for java.lang.String
 105.54kB com.oracle.svm.svm_enterprise                      953.00kB heap alignment
 102.36kB java.logging                                       775.55kB java.lang.String
  34.54kB undefined.jar                                      560.11kB java.lang.Class
  22.78kB org.graalvm.collections                            275.95kB byte[] for general heap data
  18.71kB org.graalvm.nativeimage.base                       180.21kB java.util.HashMap$Node
  18.69kB jdk.internal.vm.ci                                 166.20kB byte[] for reflection metadata
  15.81kB jdk.proxy1                                         155.02kB com.oracle.svm.core.hub.DynamicHubCompanion
  15.04kB jdk.proxy3                                         154.34kB byte[] for embedded resources
  13.63kB for 5 more packages                                  1.15MB for 903 more object types
                              Use '-H:+BuildReport' to create a report with more details.
------------------------------------------------------------------------------------------------------------------------
Security report:
 - Binary includes Java deserialization.
 - Use '--enable-sbom' to embed a Software Bill of Materials (SBOM) in the binary.
------------------------------------------------------------------------------------------------------------------------
Recommendations:
 INIT: Adopt '--strict-image-heap' to prepare for the next GraalVM release.
 HEAP: Set max heap for improved and more predictable memory usage.
 CPU:  Enable more CPU features with '-march=native' for improved performance.
 QBM:  Use the quick build mode ('-Ob') to speed up builds during development.
------------------------------------------------------------------------------------------------------------------------
                       1.4s (5.9% of total time) in 184 GCs | Peak RSS: 1.20GB | CPU load: 14.28
------------------------------------------------------------------------------------------------------------------------
Produced artifacts:
 /home/ionutbalosin/Workspace/jvm-energy-consumption/java-samples/target/VirtualCalls-megamorphic_8 (executable)
========================================================================================================================
Finished generating 'VirtualCalls-megamorphic_8' in 23.7s.
[INFO] ------------------------------------------------------------------------
[INFO] BUILD SUCCESS
[INFO] ------------------------------------------------------------------------
[INFO] Total time:  27.271 s
[INFO] Finished at: 2024-03-09T23:49:06+01:00
[INFO] ------------------------------------------------------------------------
