

              |\      _,,,--,,_
             /,`.-'`'   ._  \-;;,_
  _______ __|,4-  ) )_   .;.(__`'-'__     ___ __    _ ___ _______
 |       | '---''(_/._)-'(_\_)   |   |   |   |  |  | |   |       |
 |    _  |    ___|_     _|       |   |   |   |   |_| |   |       | __ _ _
 |   |_| |   |___  |   | |       |   |   |   |       |   |       | \ \ \ \
 |    ___|    ___| |   | |      _|   |___|   |  _    |   |      _|  \ \ \ \
 |   |   |   |___  |   | |     |_|       |   | | |   |   |     |_    ) ) ) )
 |___|   |_______| |___| |_______|_______|___|_|  |__|___|_______|  / / / /
 ==================================================================/_/_/_/

:: Built with Spring Boot :: 3.0.6


2023-06-18T12:06:28.872+02:00  INFO 42498 --- [           main] o.s.s.petclinic.PetClinicApplication     : Starting PetClinicApplication v3.0.0-SNAPSHOT using Java 17.0.7 with PID 42498 (/home/ionutbalosin/Workspace/spring-petclinic/target/spring-petclinic-3.0.0-SNAPSHOT.jar started by root in /home/ionutbalosin/Workspace/jvm-energy-consumption/spring-petclinic)
2023-06-18T12:06:28.898+02:00  INFO 42498 --- [           main] o.s.s.petclinic.PetClinicApplication     : No active profile set, falling back to 1 default profile: "default"
2023-06-18T12:06:36.542+02:00  INFO 42498 --- [           main] .s.d.r.c.RepositoryConfigurationDelegate : Bootstrapping Spring Data JPA repositories in DEFAULT mode.
2023-06-18T12:06:36.905+02:00  INFO 42498 --- [           main] .s.d.r.c.RepositoryConfigurationDelegate : Finished Spring Data repository scanning in 316 ms. Found 2 JPA repository interfaces.
2023-06-18T12:06:40.962+02:00  INFO 42498 --- [           main] o.s.b.w.embedded.tomcat.TomcatWebServer  : Tomcat initialized with port(s): 8080 (http)
2023-06-18T12:06:41.018+02:00  INFO 42498 --- [           main] o.apache.catalina.core.StandardService   : Starting service [Tomcat]
2023-06-18T12:06:41.020+02:00  INFO 42498 --- [           main] o.apache.catalina.core.StandardEngine    : Starting Servlet engine: [Apache Tomcat/10.1.8]
2023-06-18T12:06:41.440+02:00  INFO 42498 --- [           main] o.a.c.c.C.[Tomcat].[localhost].[/]       : Initializing Spring embedded WebApplicationContext
2023-06-18T12:06:41.450+02:00  INFO 42498 --- [           main] w.s.c.ServletWebServerApplicationContext : Root WebApplicationContext: initialization completed in 12009 ms
2023-06-18T12:06:42.863+02:00  WARN 42498 --- [           main] com.zaxxer.hikari.HikariConfig           : HikariPool-1 - idleTimeout has been set but has no effect because the pool is operating as a fixed size pool.
2023-06-18T12:06:42.869+02:00  INFO 42498 --- [           main] com.zaxxer.hikari.HikariDataSource       : HikariPool-1 - Starting...
2023-06-18T12:06:44.036+02:00  INFO 42498 --- [           main] com.zaxxer.hikari.pool.HikariPool        : HikariPool-1 - Added connection conn0: url=jdbc:h2:mem:bedff27c-15cf-4fc8-bfad-5821e8396127 user=SA
2023-06-18T12:06:44.046+02:00  INFO 42498 --- [           main] com.zaxxer.hikari.HikariDataSource       : HikariPool-1 - Start completed.
2023-06-18T12:06:45.142+02:00  INFO 42498 --- [           main] o.hibernate.jpa.internal.util.LogHelper  : HHH000204: Processing PersistenceUnitInfo [name: default]
2023-06-18T12:06:45.570+02:00  INFO 42498 --- [           main] org.hibernate.Version                    : HHH000412: Hibernate ORM core version 6.1.7.Final
2023-06-18T12:06:47.615+02:00  INFO 42498 --- [           main] SQL dialect                              : HHH000400: Using dialect: org.hibernate.dialect.H2Dialect
2023-06-18T12:06:53.464+02:00  INFO 42498 --- [           main] o.h.e.t.j.p.i.JtaPlatformInitiator       : HHH000490: Using JtaPlatform implementation: [org.hibernate.engine.transaction.jta.platform.internal.NoJtaPlatform]
2023-06-18T12:06:53.517+02:00  INFO 42498 --- [           main] j.LocalContainerEntityManagerFactoryBean : Initialized JPA EntityManagerFactory for persistence unit 'default'
2023-06-18T12:07:01.266+02:00  INFO 42498 --- [           main] o.s.b.a.e.web.EndpointLinksResolver      : Exposing 13 endpoint(s) beneath base path '/actuator'
2023-06-18T12:07:01.770+02:00  INFO 42498 --- [           main] o.s.b.w.embedded.tomcat.TomcatWebServer  : Tomcat started on port(s): 8080 (http) with context path ''
2023-06-18T12:07:01.855+02:00  INFO 42498 --- [           main] o.s.s.petclinic.PetClinicApplication     : Started PetClinicApplication in 36.582 seconds (process running for 41.111)
2023-06-18T12:07:02.071+02:00  INFO 42498 --- [nio-8080-exec-2] o.a.c.c.C.[Tomcat].[localhost].[/]       : Initializing Spring DispatcherServlet 'dispatcherServlet'
2023-06-18T12:07:02.073+02:00  INFO 42498 --- [nio-8080-exec-2] o.s.web.servlet.DispatcherServlet        : Initializing Servlet 'dispatcherServlet'
2023-06-18T12:07:02.080+02:00  INFO 42498 --- [nio-8080-exec-2] o.s.web.servlet.DispatcherServlet        : Completed initialization in 7 ms
2023-06-18T12:22:05.562+02:00  INFO 42498 --- [ionShutdownHook] j.LocalContainerEntityManagerFactoryBean : Closing JPA EntityManagerFactory for persistence unit 'default'
2023-06-18T12:22:05.573+02:00  INFO 42498 --- [ionShutdownHook] com.zaxxer.hikari.HikariDataSource       : HikariPool-1 - Shutdown initiated...
2023-06-18T12:22:05.602+02:00  INFO 42498 --- [ionShutdownHook] com.zaxxer.hikari.HikariDataSource       : HikariPool-1 - Shutdown completed.
