

              |\      _,,,--,,_
             /,`.-'`'   ._  \-;;,_
  _______ __|,4-  ) )_   .;.(__`'-'__     ___ __    _ ___ _______
 |       | '---''(_/._)-'(_\_)   |   |   |   |  |  | |   |       |
 |    _  |    ___|_     _|       |   |   |   |   |_| |   |       | __ _ _
 |   |_| |   |___  |   | |       |   |   |   |       |   |       | \ \ \ \
 |    ___|    ___| |   | |      _|   |___|   |  _    |   |      _|  \ \ \ \
 |   |   |   |___  |   | |     |_|       |   | | |   |   |     |_    ) ) ) )
 |___|   |_______| |___| |_______|_______|___|_|  |__|___|_______|  / / / /
 ==================================================================/_/_/_/

:: Built with Spring Boot :: 3.0.6


2023-06-18T11:49:55.798+02:00  INFO 39639 --- [           main] o.s.s.petclinic.PetClinicApplication     : Starting PetClinicApplication v3.0.0-SNAPSHOT using Java 17.0.7 with PID 39639 (/home/ionutbalosin/Workspace/spring-petclinic/target/spring-petclinic-3.0.0-SNAPSHOT.jar started by root in /home/ionutbalosin/Workspace/jvm-energy-consumption/spring-petclinic)
2023-06-18T11:49:55.822+02:00  INFO 39639 --- [           main] o.s.s.petclinic.PetClinicApplication     : No active profile set, falling back to 1 default profile: "default"
2023-06-18T11:50:03.508+02:00  INFO 39639 --- [           main] .s.d.r.c.RepositoryConfigurationDelegate : Bootstrapping Spring Data JPA repositories in DEFAULT mode.
2023-06-18T11:50:03.849+02:00  INFO 39639 --- [           main] .s.d.r.c.RepositoryConfigurationDelegate : Finished Spring Data repository scanning in 293 ms. Found 2 JPA repository interfaces.
2023-06-18T11:50:07.869+02:00  INFO 39639 --- [           main] o.s.b.w.embedded.tomcat.TomcatWebServer  : Tomcat initialized with port(s): 8080 (http)
2023-06-18T11:50:07.934+02:00  INFO 39639 --- [           main] o.apache.catalina.core.StandardService   : Starting service [Tomcat]
2023-06-18T11:50:07.935+02:00  INFO 39639 --- [           main] o.apache.catalina.core.StandardEngine    : Starting Servlet engine: [Apache Tomcat/10.1.8]
2023-06-18T11:50:08.534+02:00  INFO 39639 --- [           main] o.a.c.c.C.[Tomcat].[localhost].[/]       : Initializing Spring embedded WebApplicationContext
2023-06-18T11:50:08.545+02:00  INFO 39639 --- [           main] w.s.c.ServletWebServerApplicationContext : Root WebApplicationContext: initialization completed in 12181 ms
2023-06-18T11:50:10.075+02:00  WARN 39639 --- [           main] com.zaxxer.hikari.HikariConfig           : HikariPool-1 - idleTimeout has been set but has no effect because the pool is operating as a fixed size pool.
2023-06-18T11:50:10.081+02:00  INFO 39639 --- [           main] com.zaxxer.hikari.HikariDataSource       : HikariPool-1 - Starting...
2023-06-18T11:50:11.207+02:00  INFO 39639 --- [           main] com.zaxxer.hikari.pool.HikariPool        : HikariPool-1 - Added connection conn0: url=jdbc:h2:mem:9f3caf3a-79f4-480f-8a70-1aa59976f229 user=SA
2023-06-18T11:50:11.220+02:00  INFO 39639 --- [           main] com.zaxxer.hikari.HikariDataSource       : HikariPool-1 - Start completed.
2023-06-18T11:50:12.271+02:00  INFO 39639 --- [           main] o.hibernate.jpa.internal.util.LogHelper  : HHH000204: Processing PersistenceUnitInfo [name: default]
2023-06-18T11:50:12.692+02:00  INFO 39639 --- [           main] org.hibernate.Version                    : HHH000412: Hibernate ORM core version 6.1.7.Final
2023-06-18T11:50:14.645+02:00  INFO 39639 --- [           main] SQL dialect                              : HHH000400: Using dialect: org.hibernate.dialect.H2Dialect
2023-06-18T11:50:20.704+02:00  INFO 39639 --- [           main] o.h.e.t.j.p.i.JtaPlatformInitiator       : HHH000490: Using JtaPlatform implementation: [org.hibernate.engine.transaction.jta.platform.internal.NoJtaPlatform]
2023-06-18T11:50:20.757+02:00  INFO 39639 --- [           main] j.LocalContainerEntityManagerFactoryBean : Initialized JPA EntityManagerFactory for persistence unit 'default'
2023-06-18T11:50:28.701+02:00  INFO 39639 --- [           main] o.s.b.a.e.web.EndpointLinksResolver      : Exposing 13 endpoint(s) beneath base path '/actuator'
2023-06-18T11:50:29.220+02:00  INFO 39639 --- [           main] o.s.b.w.embedded.tomcat.TomcatWebServer  : Tomcat started on port(s): 8080 (http) with context path ''
2023-06-18T11:50:29.312+02:00  INFO 39639 --- [           main] o.s.s.petclinic.PetClinicApplication     : Started PetClinicApplication in 37.612 seconds (process running for 42.357)
2023-06-18T11:50:29.505+02:00  INFO 39639 --- [nio-8080-exec-3] o.a.c.c.C.[Tomcat].[localhost].[/]       : Initializing Spring DispatcherServlet 'dispatcherServlet'
2023-06-18T11:50:29.506+02:00  INFO 39639 --- [nio-8080-exec-3] o.s.web.servlet.DispatcherServlet        : Initializing Servlet 'dispatcherServlet'
2023-06-18T11:50:29.514+02:00  INFO 39639 --- [nio-8080-exec-3] o.s.web.servlet.DispatcherServlet        : Completed initialization in 6 ms
2023-06-18T12:05:32.995+02:00  INFO 39639 --- [ionShutdownHook] j.LocalContainerEntityManagerFactoryBean : Closing JPA EntityManagerFactory for persistence unit 'default'
2023-06-18T12:05:33.008+02:00  INFO 39639 --- [ionShutdownHook] com.zaxxer.hikari.HikariDataSource       : HikariPool-1 - Shutdown initiated...
2023-06-18T12:05:33.035+02:00  INFO 39639 --- [ionShutdownHook] com.zaxxer.hikari.HikariDataSource       : HikariPool-1 - Shutdown completed.
