

              |\      _,,,--,,_
             /,`.-'`'   ._  \-;;,_
  _______ __|,4-  ) )_   .;.(__`'-'__     ___ __    _ ___ _______
 |       | '---''(_/._)-'(_\_)   |   |   |   |  |  | |   |       |
 |    _  |    ___|_     _|       |   |   |   |   |_| |   |       | __ _ _
 |   |_| |   |___  |   | |       |   |   |   |       |   |       | \ \ \ \
 |    ___|    ___| |   | |      _|   |___|   |  _    |   |      _|  \ \ \ \
 |   |   |   |___  |   | |     |_|       |   | | |   |   |     |_    ) ) ) )
 |___|   |_______| |___| |_______|_______|___|_|  |__|___|_______|  / / / /
 ==================================================================/_/_/_/

:: Built with Spring Boot :: 3.0.6


2023-06-18T11:29:49.646+02:00  INFO 37456 --- [           main] o.s.s.petclinic.PetClinicApplication     : Starting PetClinicApplication v3.0.0-SNAPSHOT using Java 17.0.7 with PID 37456 (/home/ionutbalosin/Workspace/spring-petclinic/target/spring-petclinic-3.0.0-SNAPSHOT.jar started by root in /home/ionutbalosin/Workspace/jvm-energy-consumption/spring-petclinic)
2023-06-18T11:29:49.662+02:00  INFO 37456 --- [           main] o.s.s.petclinic.PetClinicApplication     : No active profile set, falling back to 1 default profile: "default"
2023-06-18T11:29:54.405+02:00  INFO 37456 --- [           main] .s.d.r.c.RepositoryConfigurationDelegate : Bootstrapping Spring Data JPA repositories in DEFAULT mode.
2023-06-18T11:29:54.635+02:00  INFO 37456 --- [           main] .s.d.r.c.RepositoryConfigurationDelegate : Finished Spring Data repository scanning in 201 ms. Found 2 JPA repository interfaces.
2023-06-18T11:29:57.336+02:00  INFO 37456 --- [           main] o.s.b.w.embedded.tomcat.TomcatWebServer  : Tomcat initialized with port(s): 8080 (http)
2023-06-18T11:29:57.377+02:00  INFO 37456 --- [           main] o.apache.catalina.core.StandardService   : Starting service [Tomcat]
2023-06-18T11:29:57.379+02:00  INFO 37456 --- [           main] o.apache.catalina.core.StandardEngine    : Starting Servlet engine: [Apache Tomcat/10.1.8]
2023-06-18T11:29:57.679+02:00  INFO 37456 --- [           main] o.a.c.c.C.[Tomcat].[localhost].[/]       : Initializing Spring embedded WebApplicationContext
2023-06-18T11:29:57.686+02:00  INFO 37456 --- [           main] w.s.c.ServletWebServerApplicationContext : Root WebApplicationContext: initialization completed in 7713 ms
2023-06-18T11:29:58.589+02:00  WARN 37456 --- [           main] com.zaxxer.hikari.HikariConfig           : HikariPool-1 - idleTimeout has been set but has no effect because the pool is operating as a fixed size pool.
2023-06-18T11:29:58.594+02:00  INFO 37456 --- [           main] com.zaxxer.hikari.HikariDataSource       : HikariPool-1 - Starting...
2023-06-18T11:29:59.441+02:00  INFO 37456 --- [           main] com.zaxxer.hikari.pool.HikariPool        : HikariPool-1 - Added connection conn0: url=jdbc:h2:mem:5be269dd-77d2-463c-aca9-6a7459d69f9f user=SA
2023-06-18T11:29:59.448+02:00  INFO 37456 --- [           main] com.zaxxer.hikari.HikariDataSource       : HikariPool-1 - Start completed.
2023-06-18T11:30:00.219+02:00  INFO 37456 --- [           main] o.hibernate.jpa.internal.util.LogHelper  : HHH000204: Processing PersistenceUnitInfo [name: default]
2023-06-18T11:30:00.489+02:00  INFO 37456 --- [           main] org.hibernate.Version                    : HHH000412: Hibernate ORM core version 6.1.7.Final
2023-06-18T11:30:01.700+02:00  INFO 37456 --- [           main] SQL dialect                              : HHH000400: Using dialect: org.hibernate.dialect.H2Dialect
2023-06-18T11:30:05.332+02:00  INFO 37456 --- [           main] o.h.e.t.j.p.i.JtaPlatformInitiator       : HHH000490: Using JtaPlatform implementation: [org.hibernate.engine.transaction.jta.platform.internal.NoJtaPlatform]
2023-06-18T11:30:05.392+02:00  INFO 37456 --- [           main] j.LocalContainerEntityManagerFactoryBean : Initialized JPA EntityManagerFactory for persistence unit 'default'
2023-06-18T11:30:10.883+02:00  INFO 37456 --- [           main] o.s.b.a.e.web.EndpointLinksResolver      : Exposing 13 endpoint(s) beneath base path '/actuator'
2023-06-18T11:30:11.216+02:00  INFO 37456 --- [           main] o.s.b.w.embedded.tomcat.TomcatWebServer  : Tomcat started on port(s): 8080 (http) with context path ''
2023-06-18T11:30:11.304+02:00  INFO 37456 --- [           main] o.s.s.petclinic.PetClinicApplication     : Started PetClinicApplication in 23.679 seconds (process running for 25.969)
2023-06-18T11:30:11.452+02:00  INFO 37456 --- [nio-8080-exec-1] o.a.c.c.C.[Tomcat].[localhost].[/]       : Initializing Spring DispatcherServlet 'dispatcherServlet'
2023-06-18T11:30:11.453+02:00  INFO 37456 --- [nio-8080-exec-1] o.s.web.servlet.DispatcherServlet        : Initializing Servlet 'dispatcherServlet'
2023-06-18T11:30:11.458+02:00  INFO 37456 --- [nio-8080-exec-1] o.s.web.servlet.DispatcherServlet        : Completed initialization in 4 ms
2023-06-18T11:45:14.161+02:00  INFO 37456 --- [ionShutdownHook] j.LocalContainerEntityManagerFactoryBean : Closing JPA EntityManagerFactory for persistence unit 'default'
2023-06-18T11:45:14.173+02:00  INFO 37456 --- [ionShutdownHook] com.zaxxer.hikari.HikariDataSource       : HikariPool-1 - Shutdown initiated...
2023-06-18T11:45:14.211+02:00  INFO 37456 --- [ionShutdownHook] com.zaxxer.hikari.HikariDataSource       : HikariPool-1 - Shutdown completed.
