

              |\      _,,,--,,_
             /,`.-'`'   ._  \-;;,_
  _______ __|,4-  ) )_   .;.(__`'-'__     ___ __    _ ___ _______
 |       | '---''(_/._)-'(_\_)   |   |   |   |  |  | |   |       |
 |    _  |    ___|_     _|       |   |   |   |   |_| |   |       | __ _ _
 |   |_| |   |___  |   | |       |   |   |   |       |   |       | \ \ \ \
 |    ___|    ___| |   | |      _|   |___|   |  _    |   |      _|  \ \ \ \
 |   |   |   |___  |   | |     |_|       |   | | |   |   |     |_    ) ) ) )
 |___|   |_______| |___| |_______|_______|___|_|  |__|___|_______|  / / / /
 ==================================================================/_/_/_/

:: Built with Spring Boot :: 3.0.6


2023-06-18T06:10:43.022+02:00  INFO 5308 --- [           main] o.s.s.petclinic.PetClinicApplication     : Starting AOT-processed PetClinicApplication using Java 17.0.7 with PID 5308 (/home/ionutbalosin/Workspace/spring-petclinic/target/spring-petclinic started by root in /home/ionutbalosin/Workspace/jvm-energy-consumption/spring-petclinic)
2023-06-18T06:10:43.023+02:00  INFO 5308 --- [           main] o.s.s.petclinic.PetClinicApplication     : No active profile set, falling back to 1 default profile: "default"
2023-06-18T06:10:43.164+02:00  INFO 5308 --- [           main] o.s.b.w.embedded.tomcat.TomcatWebServer  : Tomcat initialized with port(s): 8080 (http)
2023-06-18T06:10:43.167+02:00  INFO 5308 --- [           main] o.apache.catalina.core.StandardService   : Starting service [Tomcat]
2023-06-18T06:10:43.167+02:00  INFO 5308 --- [           main] o.apache.catalina.core.StandardEngine    : Starting Servlet engine: [Apache Tomcat/10.1.8]
2023-06-18T06:10:43.187+02:00  INFO 5308 --- [           main] o.a.c.c.C.[Tomcat].[localhost].[/]       : Initializing Spring embedded WebApplicationContext
2023-06-18T06:10:43.187+02:00  INFO 5308 --- [           main] w.s.c.ServletWebServerApplicationContext : Root WebApplicationContext: initialization completed in 164 ms
2023-06-18T06:10:43.329+02:00  WARN 5308 --- [           main] com.zaxxer.hikari.HikariConfig           : HikariPool-1 - idleTimeout has been set but has no effect because the pool is operating as a fixed size pool.
2023-06-18T06:10:43.329+02:00  INFO 5308 --- [           main] com.zaxxer.hikari.HikariDataSource       : HikariPool-1 - Starting...
2023-06-18T06:10:43.337+02:00  INFO 5308 --- [           main] com.zaxxer.hikari.pool.HikariPool        : HikariPool-1 - Added connection conn0: url=jdbc:h2:mem:ea65737a-dd14-482d-a385-e62cae3312da user=SA
2023-06-18T06:10:43.337+02:00  INFO 5308 --- [           main] com.zaxxer.hikari.HikariDataSource       : HikariPool-1 - Start completed.
2023-06-18T06:10:43.372+02:00  INFO 5308 --- [           main] o.hibernate.jpa.internal.util.LogHelper  : HHH000204: Processing PersistenceUnitInfo [name: default]
2023-06-18T06:10:43.376+02:00  INFO 5308 --- [           main] org.hibernate.Version                    : HHH000412: Hibernate ORM core version 6.1.7.Final
2023-06-18T06:10:43.392+02:00  INFO 5308 --- [           main] SQL dialect                              : HHH000400: Using dialect: org.hibernate.dialect.H2Dialect
2023-06-18T06:10:43.452+02:00  INFO 5308 --- [           main] o.h.e.t.j.p.i.JtaPlatformInitiator       : HHH000490: Using JtaPlatform implementation: [org.hibernate.engine.transaction.jta.platform.internal.NoJtaPlatform]
2023-06-18T06:10:43.453+02:00  INFO 5308 --- [           main] j.LocalContainerEntityManagerFactoryBean : Initialized JPA EntityManagerFactory for persistence unit 'default'
2023-06-18T06:10:43.968+02:00  INFO 5308 --- [           main] o.s.b.a.e.web.EndpointLinksResolver      : Exposing 13 endpoint(s) beneath base path '/actuator'
2023-06-18T06:10:44.034+02:00  INFO 5308 --- [           main] o.s.b.w.embedded.tomcat.TomcatWebServer  : Tomcat started on port(s): 8080 (http) with context path ''
2023-06-18T06:10:44.035+02:00  INFO 5308 --- [           main] o.s.s.petclinic.PetClinicApplication     : Started PetClinicApplication in 1.052 seconds (process running for 1.065)
2023-06-18T06:10:44.036+02:00  INFO 5308 --- [nio-8080-exec-1] o.a.c.c.C.[Tomcat].[localhost].[/]       : Initializing Spring DispatcherServlet 'dispatcherServlet'
2023-06-18T06:10:44.036+02:00  INFO 5308 --- [nio-8080-exec-1] o.s.web.servlet.DispatcherServlet        : Initializing Servlet 'dispatcherServlet'
2023-06-18T06:10:44.038+02:00  INFO 5308 --- [nio-8080-exec-1] o.s.web.servlet.DispatcherServlet        : Completed initialization in 2 ms
2023-06-18T06:25:44.232+02:00  INFO 5308 --- [ionShutdownHook] j.LocalContainerEntityManagerFactoryBean : Closing JPA EntityManagerFactory for persistence unit 'default'
2023-06-18T06:25:44.234+02:00  INFO 5308 --- [ionShutdownHook] com.zaxxer.hikari.HikariDataSource       : HikariPool-1 - Shutdown initiated...
2023-06-18T06:25:44.236+02:00  INFO 5308 --- [ionShutdownHook] com.zaxxer.hikari.HikariDataSource       : HikariPool-1 - Shutdown completed.
