[INFO] Scanning for projects...
[INFO] Found GraalVM installation from JAVA_HOME variable.
[INFO] ------------------------------------------------------------------------
[INFO] Reactor Build Order:
[INFO] 
[INFO] JVM Energy Consumption                                             [pom]
[INFO] JVM Energy Consumption Java Samples                                [jar]
[INFO] JVM Energy Consumption RAPL Reports                                [jar]
[INFO] 
[INFO] -----------< jvm.energy.consumption:jvm-energy-consumption >------------
[INFO] Building JVM Energy Consumption 1.0.0-SNAPSHOT                     [1/3]
[INFO] --------------------------------[ pom ]---------------------------------
[INFO] 
[INFO] --- spotless-maven-plugin:2.37.0:apply (default) @ jvm-energy-consumption ---
[INFO] 
[INFO] ----------------< jvm.energy.consumption:java-samples >-----------------
[INFO] Building JVM Energy Consumption Java Samples 1.0.0-SNAPSHOT        [2/3]
[INFO] --------------------------------[ jar ]---------------------------------
[INFO] 
[INFO] --- maven-resources-plugin:2.6:resources (default-resources) @ java-samples ---
[INFO] Using 'UTF-8' encoding to copy filtered resources.
[INFO] skip non existing resourceDirectory /home/ionutbalosin/Workspace/jvm-energy-consumption/java-samples/src/main/resources
[INFO] 
[INFO] --- maven-compiler-plugin:3.1:compile (default-compile) @ java-samples ---
[INFO] Nothing to compile - all classes are up to date
[INFO] 
[INFO] --- spotless-maven-plugin:2.37.0:apply (default) @ java-samples ---
[INFO] Spotless.Java is keeping 5 files clean - 0 were changed to be clean, 0 were already clean, 5 were skipped because caching determined they were already clean
[INFO] 
[INFO] --- maven-resources-plugin:2.6:testResources (default-testResources) @ java-samples ---
[INFO] Using 'UTF-8' encoding to copy filtered resources.
[INFO] skip non existing resourceDirectory /home/ionutbalosin/Workspace/jvm-energy-consumption/java-samples/src/test/resources
[INFO] 
[INFO] --- maven-compiler-plugin:3.1:testCompile (default-testCompile) @ java-samples ---
[INFO] No sources to compile
[INFO] 
[INFO] --- maven-surefire-plugin:2.12.4:test (default-test) @ java-samples ---
[INFO] No tests to run.
[INFO] 
[INFO] --- native-maven-plugin:0.9.12:merge-agent-files (test-native) @ java-samples ---
[INFO] 
[INFO] --- native-maven-plugin:0.9.12:test (test-native) @ java-samples ---
[INFO] Skipped native-image tests since there are no test classes.
[INFO] 
[INFO] --- maven-jar-plugin:3.3.0:jar (default-jar) @ java-samples ---
[INFO] 
[INFO] --- native-maven-plugin:0.9.12:build (build-native) @ java-samples ---
[INFO] ImageClasspath Entry: jvm.energy.consumption:java-samples:jar:1.0.0-SNAPSHOT (file:///home/ionutbalosin/Workspace/jvm-energy-consumption/java-samples/target/java-samples-1.0.0-SNAPSHOT.jar)
[INFO] Executing: /usr/lib/jvm/graalvm-ee-jdk-17.0.7+8-LTS-jvmci-23.0-b12/bin/native-image -cp /home/ionutbalosin/Workspace/jvm-energy-consumption/java-samples/target/java-samples-1.0.0-SNAPSHOT.jar --no-fallback -H:Path=/home/ionutbalosin/Workspace/jvm-energy-consumption/java-samples/target -H:Name=VirtualCalls -H:Class=com.ionutbalosin.jvm.energy.consumption.VirtualCalls -H:DashboardDump=fortune -H:+DashboardAll
========================================================================================================================
GraalVM Native Image: Generating 'VirtualCalls' (executable)...
========================================================================================================================
# Printing Dashboard BGV dump header to: /home/ionutbalosin/Workspace/jvm-energy-consumption/java-samples/target/fortune.bgv
[1/8] Initializing...                                                                                   (18.4s @ 0.17GB)
 Java version: 17.0.7+8-LTS, vendor version: Oracle GraalVM 17.0.7+8.1
 Graal compiler: optimization level: 2, target machine: x86-64-v3, PGO: ML-inferred
 C compiler: gcc (linux, x86_64, 11.3.0)
 Garbage collector: Serial GC (max heap size: 80% of RAM)
[2/8] Performing analysis...  [***]                                                                     (57.1s @ 0.36GB)
   3,002 (70.84%) of  4,238 types reachable
   3,645 (51.50%) of  7,078 fields reachable
  14,600 (45.54%) of 32,060 methods reachable
     929 types,     0 fields, and   342 methods registered for reflection
      58 types,    58 fields, and    52 methods registered for JNI access
       4 native libraries: dl, pthread, rt, z
# Printing Dashboard PointsTo analysis BGV dump to: /home/ionutbalosin/Workspace/jvm-energy-consumption/java-samples/target/fortune.bgv
[3/8] Building universe...                                                                               (8.6s @ 0.43GB)
[4/8] Parsing methods...      [*****]                                                                   (22.6s @ 0.49GB)
[5/8] Inlining methods...     [***]                                                                      (3.8s @ 0.38GB)
[6/8] Compiling methods...    [***********]                                                            (133.8s @ 0.58GB)
[7/8] Layouting methods...    [***]                                                                      (5.7s @ 0.81GB)
# Printing Dashboard Code-Breakdown BGV dump to: /home/ionutbalosin/Workspace/jvm-energy-consumption/java-samples/target/fortune.bgv
# Printing Dashboard Heap-Breakdown BGV dump to: /home/ionutbalosin/Workspace/jvm-energy-consumption/java-samples/target/fortune.bgv
[8/8] Creating image...       [***]                                                                     (11.1s @ 1.02GB)
   6.09MB (43.44%) for code area:     7,244 compilation units
   7.33MB (52.25%) for image heap:  135,655 objects and 5 resources
 617.62kB ( 4.30%) for other data
  14.02MB in total
------------------------------------------------------------------------------------------------------------------------
Top 10 origins of code area:                                Top 10 object types in image heap:
   4.33MB java.base                                            1.21MB byte[] for code metadata
   1.33MB svm.jar (Native Image)                             847.90kB java.lang.String
 164.55kB java.logging                                       845.61kB byte[] for java.lang.String
 108.79kB com.oracle.svm.svm_enterprise                      823.36kB byte[] for general heap data
  32.12kB org.graalvm.sdk                                    526.82kB java.lang.Class
  30.92kB org.graalvm.nativeimage.base                       395.41kB java.util.HashMap$Node
  21.60kB java-samples-1.0.0-SNAPSHOT.jar                    297.53kB java.util.concurrent.ConcurrentHashMap$Node
  15.27kB jdk.internal.vm.compiler                           148.84kB byte[] for embedded resources
  14.52kB jdk.internal.vm.ci                                 141.95kB char[]
   2.20kB jdk.localedata                                     140.72kB com.oracle.svm.core.hub.DynamicHubCompanion
   2.77kB for 3 more packages                                  1.49MB for 838 more object types
------------------------------------------------------------------------------------------------------------------------
Recommendations:
 G1GC: Use the G1 GC ('--gc=G1') for improved latency and throughput.
 PGO:  Use Profile-Guided Optimizations ('--pgo') for improved throughput.
 HEAP: Set max heap for improved and more predictable memory usage.
 CPU:  Enable more CPU features with '-march=native' for improved performance.
 QBM:  Use the quick build mode ('-Ob') to speed up builds during development.
Print of Dashboard dump output ended.
------------------------------------------------------------------------------------------------------------------------
                       10.3s (3.7% of total time) in 112 GCs | Peak RSS: 1.73GB | CPU load: 3.62
------------------------------------------------------------------------------------------------------------------------
Produced artifacts:
 /home/ionutbalosin/Workspace/jvm-energy-consumption/java-samples/target/VirtualCalls (executable)
========================================================================================================================
Finished generating 'VirtualCalls' in 4m 35s.
[INFO] 
[INFO] ----------------< jvm.energy.consumption:rapl-reports >-----------------
[INFO] Building JVM Energy Consumption RAPL Reports 1.0.0-SNAPSHOT        [3/3]
[INFO] --------------------------------[ jar ]---------------------------------
[INFO] 
[INFO] --- maven-resources-plugin:2.6:resources (default-resources) @ rapl-reports ---
[INFO] Using 'UTF-8' encoding to copy filtered resources.
[INFO] skip non existing resourceDirectory /home/ionutbalosin/Workspace/jvm-energy-consumption/rapl-reports/src/main/resources
[INFO] 
[INFO] --- maven-compiler-plugin:3.1:compile (default-compile) @ rapl-reports ---
[INFO] Changes detected - recompiling the module!
[INFO] Compiling 14 source files to /home/ionutbalosin/Workspace/jvm-energy-consumption/rapl-reports/target/classes
[WARNING] /home/ionutbalosin/Workspace/jvm-energy-consumption/rapl-reports/src/main/java/com/ionutbalosin/jvm/energy/consumption/EnergyReportCalculator.java: /home/ionutbalosin/Workspace/jvm-energy-consumption/rapl-reports/src/main/java/com/ionutbalosin/jvm/energy/consumption/EnergyReportCalculator.java uses unchecked or unsafe operations.
[WARNING] /home/ionutbalosin/Workspace/jvm-energy-consumption/rapl-reports/src/main/java/com/ionutbalosin/jvm/energy/consumption/EnergyReportCalculator.java: Recompile with -Xlint:unchecked for details.
[INFO] 
[INFO] --- spotless-maven-plugin:2.37.0:apply (default) @ rapl-reports ---
[INFO] Spotless.Java is keeping 14 files clean - 0 were changed to be clean, 0 were already clean, 14 were skipped because caching determined they were already clean
[INFO] 
[INFO] --- maven-resources-plugin:2.6:testResources (default-testResources) @ rapl-reports ---
[INFO] Using 'UTF-8' encoding to copy filtered resources.
[INFO] skip non existing resourceDirectory /home/ionutbalosin/Workspace/jvm-energy-consumption/rapl-reports/src/test/resources
[INFO] 
[INFO] --- maven-compiler-plugin:3.1:testCompile (default-testCompile) @ rapl-reports ---
[INFO] No sources to compile
[INFO] 
[INFO] --- maven-surefire-plugin:2.12.4:test (default-test) @ rapl-reports ---
[INFO] No tests to run.
[INFO] 
[INFO] --- maven-jar-plugin:3.3.0:jar (default-jar) @ rapl-reports ---
[INFO] Building jar: /home/ionutbalosin/Workspace/jvm-energy-consumption/rapl-reports/target/rapl-reports-1.0.0-SNAPSHOT.jar
[INFO] ------------------------------------------------------------------------
[INFO] Reactor Summary for JVM Energy Consumption 1.0.0-SNAPSHOT:
[INFO] 
[INFO] JVM Energy Consumption ............................. SUCCESS [  2.270 s]
[INFO] JVM Energy Consumption Java Samples ................ SUCCESS [04:42 min]
[INFO] JVM Energy Consumption RAPL Reports ................ SUCCESS [  4.915 s]
[INFO] ------------------------------------------------------------------------
[INFO] BUILD SUCCESS
[INFO] ------------------------------------------------------------------------
[INFO] Total time:  04:50 min
[INFO] Finished at: 2023-07-19T11:48:18+02:00
[INFO] ------------------------------------------------------------------------
