Zing 64-Bit Tiered VM Azul Systems, Inc. 21.0.1-zing_23.10.0.0-b3-product-linux-X86_64 
Starting com.ionutbalosin.jvm.energy.consumption.SortingAlgorithms$RadixSorter at 08:34:58, expected duration = 1200 sec, warmup = 300 sec, number of elements to sort = 268435456
2024-03-16T08:35:06.709+0100: 5.165: Detected TTSP issue, wait: 3981.742 ms
Dumping stack for thread 0x0000620000000000
"main" id: 29674 prio: 5 os_prio: 0 sched: SCHED_OTHER allowed_cpus: 000000000ffffff
lock_release: 9.147 last_cpu: 8 cpu_time: 9124
  0 0x00007bc1360b2b70 SafepointProfilerBuf::record_sync_stack(JavaThread*)
  1 0x00007bc135d5bbc8 InterpreterRuntime::at_safepoint(JavaThread*)
  2 0x0000000030c023c0 interpreter
  3 0x0000000030c0ee7e interpreter
  4 0x0000000030c0ee7e interpreter
  5 0x000000003000c8cb StubRoutines::call_stub

signal_sent: 6.166 signal_responded: 6.166 state: R wchan: 0 last_cpu: 8 cpu_time: 6144
  0 0x0000000030029c10 com.ionutbalosin.jvm.energy.consumption.SortingAlgorithms$RadixSorter.sort([I)V
  1 0x0000000030c0ee7e interpreter
  2 0x0000000030c0ee7e interpreter
  3 0x000000003000c8cb StubRoutines::call_stub

2024-03-16T08:35:17.086+0100: 14.151: Detected TTSP issue, wait: 5372.932 ms
Dumping stack for thread 0x0000620000000000
"main" id: 29674 prio: 5 os_prio: 0 sched: SCHED_OTHER allowed_cpus: 000000000ffffff
lock_release: 19.523 last_cpu: 8 cpu_time: 19500
  0 0x00007bc1360b2b70 SafepointProfilerBuf::record_sync_stack(JavaThread*)
  1 0x00007bc135d5bbc8 InterpreterRuntime::at_safepoint(JavaThread*)
  2 0x0000000030c023c0 interpreter
  3 0x0000000030c0ee7e interpreter
  4 0x0000000030c0ee7e interpreter
  5 0x000000003000c8cb StubRoutines::call_stub

signal_sent: 15.152 signal_responded: 15.152 state: R wchan: 0 last_cpu: 8 cpu_time: 15129
  0 0x000000003002b7c9 com.ionutbalosin.jvm.energy.consumption.SortingAlgorithms$RadixSorter.sort([I)V
  1 0x0000000030c0ee7e interpreter
  2 0x0000000030c0ee7e interpreter
  3 0x000000003000c8cb StubRoutines::call_stub

2024-03-16T08:35:26.199+0100: 24.526: Detected TTSP issue, wait: 4111.264 ms
Dumping stack for thread 0x0000620000000000
"main" id: 29674 prio: 5 os_prio: 0 sched: SCHED_OTHER allowed_cpus: 000000000ffffff
lock_release: 28.637 last_cpu: 8 cpu_time: 28610
  0 0x00007bc1360b2b70 SafepointProfilerBuf::record_sync_stack(JavaThread*)
  1 0x00007bc135d5bbc8 InterpreterRuntime::at_safepoint(JavaThread*)
  2 0x0000000030c023c0 interpreter
  3 0x0000000030c0ee7e interpreter
  4 0x0000000030c0ee7e interpreter
  5 0x000000003000c8cb StubRoutines::call_stub

signal_sent: 25.527 signal_responded: 25.527 state: R wchan: 0 last_cpu: 8 cpu_time: 25500
  0 0x0000000030029a48 com.ionutbalosin.jvm.energy.consumption.SortingAlgorithms$RadixSorter.sort([I)V
  1 0x0000000030c0ee7e interpreter
  2 0x0000000030c0ee7e interpreter
  3 0x000000003000c8cb StubRoutines::call_stub

2024-03-16T08:35:38.219+0100: 33.639: Detected TTSP issue, wait: 7017.522 ms
Dumping stack for thread 0x0000620000000000
"main" id: 29674 prio: 5 os_prio: 0 sched: SCHED_OTHER allowed_cpus: 000000000ffffff
lock_release: 40.655 last_cpu: 8 cpu_time: 40628
  0 0x00007bc1360b2b70 SafepointProfilerBuf::record_sync_stack(JavaThread*)
  1 0x00007bc135d5bbc8 InterpreterRuntime::at_safepoint(JavaThread*)
  2 0x0000000030c023c0 interpreter
  3 0x0000000030c0ee7e interpreter
  4 0x000000003000c8cb StubRoutines::call_stub

signal_sent: 39.640 signal_responded: 39.640 state: R wchan: 0 last_cpu: 8 cpu_time: 39613
  0 0x000000003002e4b2 com.ionutbalosin.jvm.energy.consumption.SortingAlgorithms$RadixSorter.sort([I)V
  1 0x0000000030c0ee7e interpreter
  2 0x0000000030c0ee7e interpreter
  3 0x000000003000c8cb StubRoutines::call_stub

signal_sent: 34.640 signal_responded: 34.640 state: R wchan: 0 last_cpu: 8 cpu_time: 34612
  0 0x000000003002e42c com.ionutbalosin.jvm.energy.consumption.SortingAlgorithms$RadixSorter.sort([I)V
  1 0x0000000030c0ee7e interpreter
  2 0x0000000030c0ee7e interpreter
  3 0x000000003000c8cb StubRoutines::call_stub

2024-03-16T08:35:57.919+0100: 45.913: Detected TTSP issue, wait: 14443.247 ms
Dumping stack for thread 0x0000620000000000
"main" id: 29674 prio: 5 os_prio: 0 sched: SCHED_OTHER allowed_cpus: 000000000ffffff
lock_release: 60.356 last_cpu: 8 cpu_time: 60323
  0 0x00007bc1360b2b70 SafepointProfilerBuf::record_sync_stack(JavaThread*)
  1 0x00007bc135d5bbc8 InterpreterRuntime::at_safepoint(JavaThread*)
  2 0x0000000030c023c0 interpreter
  3 0x0000000030c0ee7e interpreter
  4 0x000000003000c8cb StubRoutines::call_stub

signal_sent: 56.916 signal_responded: 56.916 state: R wchan: 0 last_cpu: 8 cpu_time: 56884
  0 0x0000000030028fd3 com.ionutbalosin.jvm.energy.consumption.SortingAlgorithms$RadixSorter.sort([I)V
  1 0x0000000030c0ee7e interpreter
  2 0x0000000030c0ee7e interpreter
  3 0x000000003000c8cb StubRoutines::call_stub

signal_sent: 51.915 signal_responded: 51.915 state: R wchan: 0 last_cpu: 8 cpu_time: 51883
  0 0x0000000030028f0c com.ionutbalosin.jvm.energy.consumption.SortingAlgorithms$RadixSorter.sort([I)V
  1 0x0000000030c0ee7e interpreter
  2 0x0000000030c0ee7e interpreter
  3 0x000000003000c8cb StubRoutines::call_stub

signal_sent: 46.914 signal_responded: 46.914 state: R wchan: 0 last_cpu: 8 cpu_time: 46882
  0 0x0000000030028e48 com.ionutbalosin.jvm.energy.consumption.SortingAlgorithms$RadixSorter.sort([I)V
  1 0x0000000030c0ee7e interpreter
  2 0x0000000030c0ee7e interpreter
  3 0x000000003000c8cb StubRoutines::call_stub

2024-03-16T08:36:17.298+0100: 65.615: Detected TTSP issue, wait: 14121.606 ms
Dumping stack for thread 0x0000620000000000
"main" id: 29674 prio: 5 os_prio: 0 sched: SCHED_OTHER allowed_cpus: 000000000ffffff
lock_release: 79.736 last_cpu: 8 cpu_time: 79699
  0 0x00007bc1360b2b70 SafepointProfilerBuf::record_sync_stack(JavaThread*)
  1 0x00007bc135d5bbc8 InterpreterRuntime::at_safepoint(JavaThread*)
  2 0x0000000030c023c0 interpreter
  3 0x0000000030c0ee7e interpreter
  4 0x000000003000c8cb StubRoutines::call_stub

signal_sent: 76.616 signal_responded: 76.617 state: R wchan: 0 last_cpu: 8 cpu_time: 76579
  0 0x0000000030028ffb com.ionutbalosin.jvm.energy.consumption.SortingAlgorithms$RadixSorter.sort([I)V
  1 0x0000000030c0ee7e interpreter
  2 0x0000000030c0ee7e interpreter
  3 0x000000003000c8cb StubRoutines::call_stub

signal_sent: 71.616 signal_responded: 71.616 state: R wchan: 0 last_cpu: 8 cpu_time: 71579
  0 0x0000000030028f0c com.ionutbalosin.jvm.energy.consumption.SortingAlgorithms$RadixSorter.sort([I)V
  1 0x0000000030c0ee7e interpreter
  2 0x0000000030c0ee7e interpreter
  3 0x000000003000c8cb StubRoutines::call_stub

signal_sent: 66.615 signal_responded: 66.615 state: R wchan: 0 last_cpu: 8 cpu_time: 66578
  0 0x0000000030028dff com.ionutbalosin.jvm.energy.consumption.SortingAlgorithms$RadixSorter.sort([I)V
  1 0x0000000030c0ee7e interpreter
  2 0x0000000030c0ee7e interpreter
  3 0x000000003000c8cb StubRoutines::call_stub

2024-03-16T08:36:38.123+0100: 84.993: Detected TTSP issue, wait: 15568.347 ms
Dumping stack for thread 0x0000620000000000
"main" id: 29674 prio: 5 os_prio: 0 sched: SCHED_OTHER allowed_cpus: 000000000ffffff
lock_release: 100.560 last_cpu: 23 cpu_time: 100519
  0 0x00007bc1360b2b70 SafepointProfilerBuf::record_sync_stack(JavaThread*)
  1 0x00007bc135d5bbc8 InterpreterRuntime::at_safepoint(JavaThread*)
  2 0x0000000030c023c0 interpreter
  3 0x0000000030c0ee7e interpreter
  4 0x000000003000c8cb StubRoutines::call_stub

signal_sent: 95.994 signal_responded: 95.994 state: R wchan: 0 last_cpu: 23 cpu_time: 95953
  0 0x0000000030029000 com.ionutbalosin.jvm.energy.consumption.SortingAlgorithms$RadixSorter.sort([I)V
  1 0x0000000030c0ee7e interpreter
  2 0x0000000030c0ee7e interpreter
  3 0x000000003000c8cb StubRoutines::call_stub

signal_sent: 90.993 signal_responded: 90.994 state: R wchan: 0 last_cpu: 23 cpu_time: 90952
  0 0x0000000030028f30 com.ionutbalosin.jvm.energy.consumption.SortingAlgorithms$RadixSorter.sort([I)V
  1 0x0000000030c0ee7e interpreter
  2 0x0000000030c0ee7e interpreter
  3 0x000000003000c8cb StubRoutines::call_stub

signal_sent: 85.993 signal_responded: 85.993 state: R wchan: 0 last_cpu: 23 cpu_time: 85952
  0 0x0000000030028e04 com.ionutbalosin.jvm.energy.consumption.SortingAlgorithms$RadixSorter.sort([I)V
  1 0x0000000030c0ee7e interpreter
  2 0x0000000030c0ee7e interpreter
  3 0x000000003000c8cb StubRoutines::call_stub

2024-03-16T08:36:54.541+0100: 105.688: Detected TTSP issue, wait: 11290.788 ms
Dumping stack for thread 0x0000620000000000
"main" id: 29674 prio: 5 os_prio: 0 sched: SCHED_OTHER allowed_cpus: 000000000ffffff
lock_release: 116.979 last_cpu: 0 cpu_time: 116932
  0 0x00007bc1360b2b70 SafepointProfilerBuf::record_sync_stack(JavaThread*)
  1 0x00007bc135d5bbc8 InterpreterRuntime::at_safepoint(JavaThread*)
  2 0x0000000030c023c0 interpreter
  3 0x0000000030c0ee7e interpreter
  4 0x000000003000c8cb StubRoutines::call_stub

signal_sent: 116.691 signal_responded: 116.691 state: R wchan: 0 last_cpu: 0 cpu_time: 116644
  0 0x00000000300290c1 com.ionutbalosin.jvm.energy.consumption.SortingAlgorithms$RadixSorter.sort([I)V
  1 0x0000000030c0ee7e interpreter
  2 0x0000000030c0ee7e interpreter
  3 0x000000003000c8cb StubRoutines::call_stub

signal_sent: 111.690 signal_responded: 111.690 state: R wchan: 0 last_cpu: 0 cpu_time: 111644
  0 0x0000000030028fd8 com.ionutbalosin.jvm.energy.consumption.SortingAlgorithms$RadixSorter.sort([I)V
  1 0x0000000030c0ee7e interpreter
  2 0x0000000030c0ee7e interpreter
  3 0x000000003000c8cb StubRoutines::call_stub

signal_sent: 106.689 signal_responded: 106.689 state: R wchan: 0 last_cpu: 0 cpu_time: 106644
  0 0x0000000030028dc4 com.ionutbalosin.jvm.energy.consumption.SortingAlgorithms$RadixSorter.sort([I)V
  1 0x0000000030c0ee7e interpreter
  2 0x0000000030c0ee7e interpreter
  3 0x000000003000c8cb StubRoutines::call_stub

2024-03-16T08:37:11.255+0100: 122.105: Detected TTSP issue, wait: 11587.908 ms
Dumping stack for thread 0x0000620000000000
"main" id: 29674 prio: 5 os_prio: 0 sched: SCHED_OTHER allowed_cpus: 000000000ffffff
lock_release: 133.692 last_cpu: 0 cpu_time: 133639
  0 0x00007bc1360b2b70 SafepointProfilerBuf::record_sync_stack(JavaThread*)
  1 0x00007bc135d5bbc8 InterpreterRuntime::at_safepoint(JavaThread*)
  2 0x0000000030c023c0 interpreter
  3 0x0000000030c0ee7e interpreter
  4 0x000000003000c8cb StubRoutines::call_stub

signal_sent: 133.108 signal_responded: 133.108 state: R wchan: 0 last_cpu: 0 cpu_time: 133055
  0 0x0000000030029081 com.ionutbalosin.jvm.energy.consumption.SortingAlgorithms$RadixSorter.sort([I)V
  1 0x0000000030c0ee7e interpreter
  2 0x0000000030c0ee7e interpreter
  3 0x000000003000c8cb StubRoutines::call_stub

signal_sent: 128.107 signal_responded: 128.107 state: R wchan: 0 last_cpu: 0 cpu_time: 128055
  0 0x0000000030028f7e com.ionutbalosin.jvm.energy.consumption.SortingAlgorithms$RadixSorter.sort([I)V
  1 0x0000000030c0ee7e interpreter
  2 0x0000000030c0ee7e interpreter
  3 0x000000003000c8cb StubRoutines::call_stub

signal_sent: 123.106 signal_responded: 123.106 state: R wchan: 0 last_cpu: 0 cpu_time: 123054
  0 0x0000000030028dc4 com.ionutbalosin.jvm.energy.consumption.SortingAlgorithms$RadixSorter.sort([I)V
  1 0x0000000030c0ee7e interpreter
  2 0x0000000030c0ee7e interpreter
  3 0x000000003000c8cb StubRoutines::call_stub

2024-03-16T08:37:31.596+0100: 138.820: Detected TTSP issue, wait: 15213.931 ms
Dumping stack for thread 0x0000620000000000
"main" id: 29674 prio: 5 os_prio: 0 sched: SCHED_OTHER allowed_cpus: 000000000ffffff
lock_release: 154.033 last_cpu: 23 cpu_time: 153976
  0 0x00007bc1360b2b70 SafepointProfilerBuf::record_sync_stack(JavaThread*)
  1 0x00007bc135d5bbc8 InterpreterRuntime::at_safepoint(JavaThread*)
  2 0x0000000030c023c0 interpreter
  3 0x0000000030c0ee7e interpreter
  4 0x000000003000c8cb StubRoutines::call_stub

signal_sent: 149.822 signal_responded: 149.822 state: R wchan: 0 last_cpu: 23 cpu_time: 149766
  0 0x0000000030028f88 com.ionutbalosin.jvm.energy.consumption.SortingAlgorithms$RadixSorter.sort([I)V
  1 0x0000000030c0ee7e interpreter
  2 0x0000000030c0ee7e interpreter
  3 0x000000003000c8cb StubRoutines::call_stub

signal_sent: 144.822 signal_responded: 144.822 state: R wchan: 0 last_cpu: 23 cpu_time: 144766
  0 0x0000000030028f0c com.ionutbalosin.jvm.energy.consumption.SortingAlgorithms$RadixSorter.sort([I)V
  1 0x0000000030c0ee7e interpreter
  2 0x0000000030c0ee7e interpreter
  3 0x000000003000c8cb StubRoutines::call_stub

signal_sent: 139.821 signal_responded: 139.821 state: R wchan: 0 last_cpu: 23 cpu_time: 139765
  0 0x0000000030028e48 com.ionutbalosin.jvm.energy.consumption.SortingAlgorithms$RadixSorter.sort([I)V
  1 0x0000000030c0ee7e interpreter
  2 0x0000000030c0ee7e interpreter
  3 0x000000003000c8cb StubRoutines::call_stub

2024-03-16T08:37:52.116+0100: 156.468: Detected TTSP issue, wait: 18086.227 ms
Dumping stack for thread 0x0000620000000000
"main" id: 29670 prio: 5 os_prio: 0 sched: SCHED_OTHER allowed_cpus: 000000000ffffff
lock_release: 174.553 last_cpu: 23 cpu_time: 174491
  0 0x00007bc1360b2b70 SafepointProfilerBuf::record_sync_stack(JavaThread*)
  1 0x00007bc135d5bbc8 InterpreterRuntime::at_safepoint(JavaThread*)
  2 0x0000000030c023c0 interpreter
  3 0x0000000030c0ee7e interpreter
  4 0x000000003000c8cb StubRoutines::call_stub

signal_sent: 172.471 signal_responded: 172.471 state: R wchan: 0 last_cpu: 23 cpu_time: 172409
  0 0x0000000030028fd8 com.ionutbalosin.jvm.energy.consumption.SortingAlgorithms$RadixSorter.sort([I)V
  1 0x0000000030c0ee7e interpreter
  2 0x0000000030c0ee7e interpreter
  3 0x000000003000c8cb StubRoutines::call_stub

signal_sent: 167.470 signal_responded: 167.470 state: R wchan: 0 last_cpu: 23 cpu_time: 167408
  0 0x0000000030028fd8 com.ionutbalosin.jvm.energy.consumption.SortingAlgorithms$RadixSorter.sort([I)V
  1 0x0000000030c0ee7e interpreter
  2 0x0000000030c0ee7e interpreter
  3 0x000000003000c8cb StubRoutines::call_stub

signal_sent: 162.469 signal_responded: 162.469 state: R wchan: 0 last_cpu: 23 cpu_time: 162408
  0 0x0000000030028f0c com.ionutbalosin.jvm.energy.consumption.SortingAlgorithms$RadixSorter.sort([I)V
  1 0x0000000030c0ee7e interpreter
  2 0x0000000030c0ee7e interpreter
  3 0x000000003000c8cb StubRoutines::call_stub

signal_sent: 157.469 signal_responded: 157.469 state: R wchan: 0 last_cpu: 23 cpu_time: 157408
  0 0x0000000030028de2 com.ionutbalosin.jvm.energy.consumption.SortingAlgorithms$RadixSorter.sort([I)V
  1 0x0000000030c0ee7e interpreter
  2 0x0000000030c0ee7e interpreter
  3 0x000000003000c8cb StubRoutines::call_stub

2024-03-16T08:38:07.465+0100: 179.822: Detected TTSP issue, wait: 10081.459 ms
Dumping stack for thread 0x0000620000000000
"main" id: 29674 prio: 5 os_prio: 0 sched: SCHED_OTHER allowed_cpus: 000000000ffffff
lock_release: 189.902 last_cpu: 6 cpu_time: 189835
  0 0x00007bc1360b2b70 SafepointProfilerBuf::record_sync_stack(JavaThread*)
  1 0x00007bc135d5bbc8 InterpreterRuntime::at_safepoint(JavaThread*)
  2 0x0000000030c023c0 interpreter
  3 0x0000000030c0ee7e interpreter
  4 0x000000003000c8cb StubRoutines::call_stub

signal_sent: 185.824 signal_responded: 185.824 state: R wchan: 0 last_cpu: 6 cpu_time: 185757
  0 0x0000000030028ffb com.ionutbalosin.jvm.energy.consumption.SortingAlgorithms$RadixSorter.sort([I)V
  1 0x0000000030c0ee7e interpreter
  2 0x0000000030c0ee7e interpreter
  3 0x000000003000c8cb StubRoutines::call_stub

signal_sent: 180.823 signal_responded: 180.823 state: R wchan: 0 last_cpu: 6 cpu_time: 180757
  0 0x0000000030028f1d com.ionutbalosin.jvm.energy.consumption.SortingAlgorithms$RadixSorter.sort([I)V
  1 0x0000000030c0ee7e interpreter
  2 0x0000000030c0ee7e interpreter
  3 0x000000003000c8cb StubRoutines::call_stub

2024-03-16T08:38:23.612+0100: 195.029: Detected TTSP issue, wait: 11020.448 ms
Dumping stack for thread 0x0000620000000000
"main" id: 29674 prio: 5 os_prio: 0 sched: SCHED_OTHER allowed_cpus: 000000000ffffff
lock_release: 206.049 last_cpu: 6 cpu_time: 205978
  0 0x00007bc1360b2b70 SafepointProfilerBuf::record_sync_stack(JavaThread*)
  1 0x00007bc135d5bbc8 InterpreterRuntime::at_safepoint(JavaThread*)
  2 0x0000000030c023c0 interpreter
  3 0x0000000030c0ee7e interpreter
  4 0x000000003000c8cb StubRoutines::call_stub

signal_sent: 206.031 signal_responded: 206.031 state: R wchan: 0 last_cpu: 6 cpu_time: 205961
  0 0x00000000300290b4 com.ionutbalosin.jvm.energy.consumption.SortingAlgorithms$RadixSorter.sort([I)V
  1 0x0000000030c0ee7e interpreter
  2 0x0000000030c0ee7e interpreter
  3 0x000000003000c8cb StubRoutines::call_stub

signal_sent: 201.031 signal_responded: 201.031 state: R wchan: 0 last_cpu: 6 cpu_time: 200961
  0 0x0000000030028f71 com.ionutbalosin.jvm.energy.consumption.SortingAlgorithms$RadixSorter.sort([I)V
  1 0x0000000030c0ee7e interpreter
  2 0x0000000030c0ee7e interpreter
  3 0x000000003000c8cb StubRoutines::call_stub

signal_sent: 196.030 signal_responded: 196.030 state: R wchan: 0 last_cpu: 6 cpu_time: 195960
  0 0x0000000030028ee3 com.ionutbalosin.jvm.energy.consumption.SortingAlgorithms$RadixSorter.sort([I)V
  1 0x0000000030c0ee7e interpreter
  2 0x0000000030c0ee7e interpreter
  3 0x000000003000c8cb StubRoutines::call_stub

2024-03-16T08:38:38.506+0100: 211.175: Detected TTSP issue, wait: 9768.946 ms
Dumping stack for thread 0x0000620000000000
"main" id: 29674 prio: 5 os_prio: 0 sched: SCHED_OTHER allowed_cpus: 000000000ffffff
lock_release: 220.943 last_cpu: 6 cpu_time: 220870
  0 0x00007bc1360b2b70 SafepointProfilerBuf::record_sync_stack(JavaThread*)
  1 0x00007bc135d5bbc8 InterpreterRuntime::at_safepoint(JavaThread*)
  2 0x0000000030c023c0 interpreter
  3 0x0000000030c0ee7e interpreter
  4 0x000000003000c8cb StubRoutines::call_stub

signal_sent: 217.177 signal_responded: 217.177 state: R wchan: 0 last_cpu: 6 cpu_time: 217105
  0 0x0000000030028fd8 com.ionutbalosin.jvm.energy.consumption.SortingAlgorithms$RadixSorter.sort([I)V
  1 0x0000000030c0ee7e interpreter
  2 0x0000000030c0ee7e interpreter
  3 0x000000003000c8cb StubRoutines::call_stub

signal_sent: 212.176 signal_responded: 212.177 state: R wchan: 0 last_cpu: 6 cpu_time: 212104
  0 0x0000000030028f02 com.ionutbalosin.jvm.energy.consumption.SortingAlgorithms$RadixSorter.sort([I)V
  1 0x0000000030c0ee7e interpreter
  2 0x0000000030c0ee7e interpreter
  3 0x000000003000c8cb StubRoutines::call_stub

2024-03-16T08:38:54.444+0100: 226.070: Detected TTSP issue, wait: 10811.502 ms
Dumping stack for thread 0x0000620000000000
"main" id: 29674 prio: 5 os_prio: 0 sched: SCHED_OTHER allowed_cpus: 000000000ffffff
lock_release: 236.880 last_cpu: 6 cpu_time: 236805
  0 0x00007bc1360b2b70 SafepointProfilerBuf::record_sync_stack(JavaThread*)
  1 0x00007bc135d5bbc8 InterpreterRuntime::at_safepoint(JavaThread*)
  2 0x0000000030c023c0 interpreter
  3 0x0000000030c0ee7e interpreter
  4 0x000000003000c8cb StubRoutines::call_stub

signal_sent: 232.072 signal_responded: 232.072 state: R wchan: 0 last_cpu: 6 cpu_time: 231997
  0 0x0000000030028fce com.ionutbalosin.jvm.energy.consumption.SortingAlgorithms$RadixSorter.sort([I)V
  1 0x0000000030c0ee7e interpreter
  2 0x0000000030c0ee7e interpreter
  3 0x000000003000c8cb StubRoutines::call_stub

signal_sent: 227.071 signal_responded: 227.071 state: R wchan: 0 last_cpu: 6 cpu_time: 226996
  0 0x0000000030028f0c com.ionutbalosin.jvm.energy.consumption.SortingAlgorithms$RadixSorter.sort([I)V
  1 0x0000000030c0ee7e interpreter
  2 0x0000000030c0ee7e interpreter
  3 0x000000003000c8cb StubRoutines::call_stub

2024-03-16T08:39:10.536+0100: 242.011: Detected TTSP issue, wait: 10963.118 ms
Dumping stack for thread 0x0000620000000000
"main" id: 29674 prio: 5 os_prio: 0 sched: SCHED_OTHER allowed_cpus: 000000000ffffff
lock_release: 252.974 last_cpu: 5 cpu_time: 252896
  0 0x00007bc1360b2b70 SafepointProfilerBuf::record_sync_stack(JavaThread*)
  1 0x00007bc135d5bbc8 InterpreterRuntime::at_safepoint(JavaThread*)
  2 0x0000000030c023c0 interpreter
  3 0x0000000030c0ee7e interpreter
  4 0x000000003000c8cb StubRoutines::call_stub

signal_sent: 248.012 signal_responded: 248.012 state: R wchan: 0 last_cpu: 5 cpu_time: 247935
  0 0x0000000030028fc5 com.ionutbalosin.jvm.energy.consumption.SortingAlgorithms$RadixSorter.sort([I)V
  1 0x0000000030c0ee7e interpreter
  2 0x0000000030c0ee7e interpreter
  3 0x000000003000c8cb StubRoutines::call_stub

signal_sent: 243.012 signal_responded: 243.012 state: R wchan: 0 last_cpu: 5 cpu_time: 242935
  0 0x0000000030028ea5 com.ionutbalosin.jvm.energy.consumption.SortingAlgorithms$RadixSorter.sort([I)V
  1 0x0000000030c0ee7e interpreter
  2 0x0000000030c0ee7e interpreter
  3 0x000000003000c8cb StubRoutines::call_stub

2024-03-16T08:39:26.502+0100: 258.103: Detected TTSP issue, wait: 10837.081 ms
Dumping stack for thread 0x0000620000000000
"main" id: 29674 prio: 5 os_prio: 0 sched: SCHED_OTHER allowed_cpus: 000000000ffffff
lock_release: 268.940 last_cpu: 5 cpu_time: 268858
  0 0x00007bc1360b2b70 SafepointProfilerBuf::record_sync_stack(JavaThread*)
  1 0x00007bc135d5bbc8 InterpreterRuntime::at_safepoint(JavaThread*)
  2 0x0000000030c023c0 interpreter
  3 0x0000000030c0ee7e interpreter
  4 0x000000003000c8cb StubRoutines::call_stub

signal_sent: 264.104 signal_responded: 264.105 state: R wchan: 0 last_cpu: 5 cpu_time: 264023
  0 0x0000000030028fc1 com.ionutbalosin.jvm.energy.consumption.SortingAlgorithms$RadixSorter.sort([I)V
  1 0x0000000030c0ee7e interpreter
  2 0x0000000030c0ee7e interpreter
  3 0x000000003000c8cb StubRoutines::call_stub

signal_sent: 259.103 signal_responded: 259.103 state: R wchan: 0 last_cpu: 5 cpu_time: 259022
  0 0x0000000030028ee8 com.ionutbalosin.jvm.energy.consumption.SortingAlgorithms$RadixSorter.sort([I)V
  1 0x0000000030c0ee7e interpreter
  2 0x0000000030c0ee7e interpreter
  3 0x000000003000c8cb StubRoutines::call_stub

2024-03-16T08:39:42.593+0100: 274.070: Detected TTSP issue, wait: 10961.435 ms
Dumping stack for thread 0x0000620000000000
"main" id: 29674 prio: 5 os_prio: 0 sched: SCHED_OTHER allowed_cpus: 000000000ffffff
lock_release: 285.031 last_cpu: 5 cpu_time: 284949
  0 0x00007bc1360b2b70 SafepointProfilerBuf::record_sync_stack(JavaThread*)
  1 0x00007bc135d5bbc8 InterpreterRuntime::at_safepoint(JavaThread*)
  2 0x0000000030c023c0 interpreter
  3 0x0000000030c0ee7e interpreter
  4 0x000000003000c8cb StubRoutines::call_stub

signal_sent: 280.071 signal_responded: 280.071 state: R wchan: 0 last_cpu: 5 cpu_time: 279989
  0 0x0000000030028f88 com.ionutbalosin.jvm.energy.consumption.SortingAlgorithms$RadixSorter.sort([I)V
  1 0x0000000030c0ee7e interpreter
  2 0x0000000030c0ee7e interpreter
  3 0x000000003000c8cb StubRoutines::call_stub

signal_sent: 275.070 signal_responded: 275.070 state: R wchan: 0 last_cpu: 5 cpu_time: 274988
  0 0x0000000030028f02 com.ionutbalosin.jvm.energy.consumption.SortingAlgorithms$RadixSorter.sort([I)V
  1 0x0000000030c0ee7e interpreter
  2 0x0000000030c0ee7e interpreter
  3 0x000000003000c8cb StubRoutines::call_stub

2024-03-16T08:39:58.856+0100: 290.160: Detected TTSP issue, wait: 11133.459 ms
Dumping stack for thread 0x0000620000000000
"main" id: 29674 prio: 5 os_prio: 0 sched: SCHED_OTHER allowed_cpus: 000000000ffffff
lock_release: 301.293 last_cpu: 5 cpu_time: 301208
  0 0x00007bc1360b2b70 SafepointProfilerBuf::record_sync_stack(JavaThread*)
  1 0x00007bc135d5bbc8 InterpreterRuntime::at_safepoint(JavaThread*)
  2 0x0000000030c023c0 interpreter
  3 0x0000000030c0ee7e interpreter
  4 0x000000003000c8cb StubRoutines::call_stub

signal_sent: 301.162 signal_responded: 301.163 state: R wchan: 0 last_cpu: 5 cpu_time: 301077
  0 0x00000000300290e2 com.ionutbalosin.jvm.energy.consumption.SortingAlgorithms$RadixSorter.sort([I)V
  1 0x0000000030c0ee7e interpreter
  2 0x0000000030c0ee7e interpreter
  3 0x000000003000c8cb StubRoutines::call_stub

signal_sent: 296.162 signal_responded: 296.162 state: R wchan: 0 last_cpu: 5 cpu_time: 296077
  0 0x0000000030028fce com.ionutbalosin.jvm.energy.consumption.SortingAlgorithms$RadixSorter.sort([I)V
  1 0x0000000030c0ee7e interpreter
  2 0x0000000030c0ee7e interpreter
  3 0x000000003000c8cb StubRoutines::call_stub

signal_sent: 291.161 signal_responded: 291.161 state: R wchan: 0 last_cpu: 5 cpu_time: 291076
  0 0x0000000030028e35 com.ionutbalosin.jvm.energy.consumption.SortingAlgorithms$RadixSorter.sort([I)V
  1 0x0000000030c0ee7e interpreter
  2 0x0000000030c0ee7e interpreter
  3 0x000000003000c8cb StubRoutines::call_stub

2024-03-16T08:40:14.872+0100: 306.423: Detected TTSP issue, wait: 10886.431 ms
Dumping stack for thread 0x0000620000000000
"main" id: 29674 prio: 5 os_prio: 0 sched: SCHED_OTHER allowed_cpus: 000000000ffffff
lock_release: 317.309 last_cpu: 5 cpu_time: 317222
  0 0x00007bc1360b2b70 SafepointProfilerBuf::record_sync_stack(JavaThread*)
  1 0x00007bc135d5bbc8 InterpreterRuntime::at_safepoint(JavaThread*)
  2 0x0000000030c023c0 interpreter
  3 0x0000000030c0ee7e interpreter
  4 0x000000003000c8cb StubRoutines::call_stub

signal_sent: 312.425 signal_responded: 312.425 state: R wchan: 0 last_cpu: 5 cpu_time: 312339
  0 0x0000000030028fc1 com.ionutbalosin.jvm.energy.consumption.SortingAlgorithms$RadixSorter.sort([I)V
  1 0x0000000030c0ee7e interpreter
  2 0x0000000030c0ee7e interpreter
  3 0x000000003000c8cb StubRoutines::call_stub

signal_sent: 307.424 signal_responded: 307.424 state: R wchan: 0 last_cpu: 5 cpu_time: 307338
  0 0x0000000030028f02 com.ionutbalosin.jvm.energy.consumption.SortingAlgorithms$RadixSorter.sort([I)V
  1 0x0000000030c0ee7e interpreter
  2 0x0000000030c0ee7e interpreter
  3 0x000000003000c8cb StubRoutines::call_stub

2024-03-16T08:40:30.831+0100: 322.439: Detected TTSP issue, wait: 10829.591 ms
Dumping stack for thread 0x0000620000000000
"main" id: 29674 prio: 5 os_prio: 0 sched: SCHED_OTHER allowed_cpus: 000000000ffffff
lock_release: 333.268 last_cpu: 5 cpu_time: 333176
  0 0x00007bc1360b2b70 SafepointProfilerBuf::record_sync_stack(JavaThread*)
  1 0x00007bc135d5bbc8 InterpreterRuntime::at_safepoint(JavaThread*)
  2 0x0000000030c023c0 interpreter
  3 0x0000000030c0ee7e interpreter
  4 0x000000003000c8cb StubRoutines::call_stub

signal_sent: 328.441 signal_responded: 328.441 state: R wchan: 0 last_cpu: 5 cpu_time: 328350
  0 0x0000000030028f94 com.ionutbalosin.jvm.energy.consumption.SortingAlgorithms$RadixSorter.sort([I)V
  1 0x0000000030c0ee7e interpreter
  2 0x0000000030c0ee7e interpreter
  3 0x000000003000c8cb StubRoutines::call_stub

signal_sent: 323.440 signal_responded: 323.440 state: R wchan: 0 last_cpu: 5 cpu_time: 323349
  0 0x0000000030028ebf com.ionutbalosin.jvm.energy.consumption.SortingAlgorithms$RadixSorter.sort([I)V
  1 0x0000000030c0ee7e interpreter
  2 0x0000000030c0ee7e interpreter
  3 0x000000003000c8cb StubRoutines::call_stub

2024-03-16T08:40:52.814+0100: 338.540: Detected TTSP issue, wait: 16711.541 ms
Dumping stack for thread 0x0000620000000000
"main" id: 29674 prio: 5 os_prio: 0 sched: SCHED_OTHER allowed_cpus: 000000000ffffff
lock_release: 355.250 last_cpu: 21 cpu_time: 355157
  0 0x00007bc1360b2b70 SafepointProfilerBuf::record_sync_stack(JavaThread*)
  1 0x00007bc135d5bbc8 InterpreterRuntime::at_safepoint(JavaThread*)
  2 0x0000000030c023c0 interpreter
  3 0x0000000030c0ee7e interpreter
  4 0x000000003000c8cb StubRoutines::call_stub

signal_sent: 354.542 signal_responded: 354.542 state: R wchan: 0 last_cpu: 21 cpu_time: 354449
  0 0x000000003002906a com.ionutbalosin.jvm.energy.consumption.SortingAlgorithms$RadixSorter.sort([I)V
  1 0x0000000030c0ee7e interpreter
  2 0x0000000030c0ee7e interpreter
  3 0x000000003000c8cb StubRoutines::call_stub

signal_sent: 349.542 signal_responded: 349.542 state: R wchan: 0 last_cpu: 21 cpu_time: 349449
  0 0x0000000030029000 com.ionutbalosin.jvm.energy.consumption.SortingAlgorithms$RadixSorter.sort([I)V
  1 0x0000000030c0ee7e interpreter
  2 0x0000000030c0ee7e interpreter
  3 0x000000003000c8cb StubRoutines::call_stub

signal_sent: 344.541 signal_responded: 344.541 state: R wchan: 0 last_cpu: 21 cpu_time: 344448
  0 0x0000000030028f30 com.ionutbalosin.jvm.energy.consumption.SortingAlgorithms$RadixSorter.sort([I)V
  1 0x0000000030c0ee7e interpreter
  2 0x0000000030c0ee7e interpreter
  3 0x000000003000c8cb StubRoutines::call_stub

signal_sent: 339.540 signal_responded: 339.541 state: R wchan: 0 last_cpu: 21 cpu_time: 339448
  0 0x0000000030028de2 com.ionutbalosin.jvm.energy.consumption.SortingAlgorithms$RadixSorter.sort([I)V
  1 0x0000000030c0ee7e interpreter
  2 0x0000000030c0ee7e interpreter
  3 0x000000003000c8cb StubRoutines::call_stub

2024-03-16T08:41:12.099+0100: 360.523: Detected TTSP issue, wait: 14013.570 ms
Dumping stack for thread 0x0000620000000000
"main" id: 29674 prio: 5 os_prio: 0 sched: SCHED_OTHER allowed_cpus: 000000000ffffff
lock_release: 374.536 last_cpu: 10 cpu_time: 374424
  0 0x00007bc1360b2b70 SafepointProfilerBuf::record_sync_stack(JavaThread*)
  1 0x00007bc135d5bbc8 InterpreterRuntime::at_safepoint(JavaThread*)
  2 0x0000000030c023c0 interpreter
  3 0x0000000030c0ee7e interpreter
  4 0x000000003000c8cb StubRoutines::call_stub

signal_sent: 371.525 signal_responded: 371.525 state: R wchan: 0 last_cpu: 10 cpu_time: 371415
  0 0x0000000030028fd8 com.ionutbalosin.jvm.energy.consumption.SortingAlgorithms$RadixSorter.sort([I)V
  1 0x0000000030c0ee7e interpreter
  2 0x0000000030c0ee7e interpreter
  3 0x000000003000c8cb StubRoutines::call_stub

signal_sent: 366.524 signal_responded: 366.524 state: R wchan: 0 last_cpu: 10 cpu_time: 366418
  0 0x0000000030028ec4 com.ionutbalosin.jvm.energy.consumption.SortingAlgorithms$RadixSorter.sort([I)V
  1 0x0000000030c0ee7e interpreter
  2 0x0000000030c0ee7e interpreter
  3 0x000000003000c8cb StubRoutines::call_stub

signal_sent: 361.524 signal_responded: 361.524 state: R wchan: 0 last_cpu: 10 cpu_time: 361422
  0 0x0000000030028de2 com.ionutbalosin.jvm.energy.consumption.SortingAlgorithms$RadixSorter.sort([I)V
  1 0x0000000030c0ee7e interpreter
  2 0x0000000030c0ee7e interpreter
  3 0x000000003000c8cb StubRoutines::call_stub

2024-03-16T08:41:32.417+0100: 379.796: Detected TTSP issue, wait: 15058.862 ms
Dumping stack for thread 0x0000620000000000
"main" id: 29674 prio: 5 os_prio: 0 sched: SCHED_OTHER allowed_cpus: 000000000ffffff
lock_release: 394.854 last_cpu: 14 cpu_time: 394740
  0 0x00007bc1360b2b70 SafepointProfilerBuf::record_sync_stack(JavaThread*)
  1 0x00007bc135d5bbc8 InterpreterRuntime::at_safepoint(JavaThread*)
  2 0x0000000030c023c0 interpreter
  3 0x0000000030c0ee7e interpreter
  4 0x000000003000c8cb StubRoutines::call_stub

signal_sent: 390.798 signal_responded: 390.798 state: R wchan: 0 last_cpu: 14 cpu_time: 390684
  0 0x0000000030029000 com.ionutbalosin.jvm.energy.consumption.SortingAlgorithms$RadixSorter.sort([I)V
  1 0x0000000030c0ee7e interpreter
  2 0x0000000030c0ee7e interpreter
  3 0x000000003000c8cb StubRoutines::call_stub

signal_sent: 385.798 signal_responded: 385.798 state: R wchan: 0 last_cpu: 14 cpu_time: 385684
  0 0x0000000030028ee3 com.ionutbalosin.jvm.energy.consumption.SortingAlgorithms$RadixSorter.sort([I)V
  1 0x0000000030c0ee7e interpreter
  2 0x0000000030c0ee7e interpreter
  3 0x000000003000c8cb StubRoutines::call_stub

signal_sent: 380.797 signal_responded: 380.797 state: R wchan: 0 last_cpu: 14 cpu_time: 380683
  0 0x0000000030028e04 com.ionutbalosin.jvm.energy.consumption.SortingAlgorithms$RadixSorter.sort([I)V
  1 0x0000000030c0ee7e interpreter
  2 0x0000000030c0ee7e interpreter
  3 0x000000003000c8cb StubRoutines::call_stub

2024-03-16T08:41:52.916+0100: 400.120: Detected TTSP issue, wait: 15233.116 ms
Dumping stack for thread 0x0000620000000000
"main" id: 29674 prio: 5 os_prio: 0 sched: SCHED_OTHER allowed_cpus: 000000000ffffff
lock_release: 415.353 last_cpu: 17 cpu_time: 415236
  0 0x00007bc1360b2b70 SafepointProfilerBuf::record_sync_stack(JavaThread*)
  1 0x00007bc135d5bbc8 InterpreterRuntime::at_safepoint(JavaThread*)
  2 0x0000000030c023c0 interpreter
  3 0x0000000030c0ee7e interpreter
  4 0x000000003000c8cb StubRoutines::call_stub

signal_sent: 411.122 signal_responded: 411.122 state: R wchan: 0 last_cpu: 17 cpu_time: 411005
  0 0x0000000030028f83 com.ionutbalosin.jvm.energy.consumption.SortingAlgorithms$RadixSorter.sort([I)V
  1 0x0000000030c0ee7e interpreter
  2 0x0000000030c0ee7e interpreter
  3 0x000000003000c8cb StubRoutines::call_stub

signal_sent: 406.121 signal_responded: 406.121 state: R wchan: 0 last_cpu: 17 cpu_time: 406004
  0 0x0000000030028ec4 com.ionutbalosin.jvm.energy.consumption.SortingAlgorithms$RadixSorter.sort([I)V
  1 0x0000000030c0ee7e interpreter
  2 0x0000000030c0ee7e interpreter
  3 0x000000003000c8cb StubRoutines::call_stub

signal_sent: 401.121 signal_responded: 401.121 state: R wchan: 0 last_cpu: 17 cpu_time: 401004
  0 0x0000000030028e2d com.ionutbalosin.jvm.energy.consumption.SortingAlgorithms$RadixSorter.sort([I)V
  1 0x0000000030c0ee7e interpreter
  2 0x0000000030c0ee7e interpreter
  3 0x000000003000c8cb StubRoutines::call_stub

2024-03-16T08:42:14.956+0100: 420.620: Detected TTSP issue, wait: 16774.019 ms
Dumping stack for thread 0x0000620000000000
"main" id: 29674 prio: 5 os_prio: 0 sched: SCHED_OTHER allowed_cpus: 000000000ffffff
lock_release: 437.394 last_cpu: 17 cpu_time: 437275
  0 0x00007bc1360b2b70 SafepointProfilerBuf::record_sync_stack(JavaThread*)
  1 0x00007bc135d5bbc8 InterpreterRuntime::at_safepoint(JavaThread*)
  2 0x0000000030c023c0 interpreter
  3 0x0000000030c0ee7e interpreter
  4 0x000000003000c8cb StubRoutines::call_stub

signal_sent: 436.622 signal_responded: 436.622 state: R wchan: 0 last_cpu: 17 cpu_time: 436503
  0 0x000000003002907a com.ionutbalosin.jvm.energy.consumption.SortingAlgorithms$RadixSorter.sort([I)V
  1 0x0000000030c0ee7e interpreter
  2 0x0000000030c0ee7e interpreter
  3 0x000000003000c8cb StubRoutines::call_stub

signal_sent: 431.621 signal_responded: 431.621 state: R wchan: 0 last_cpu: 17 cpu_time: 431503
  0 0x0000000030029000 com.ionutbalosin.jvm.energy.consumption.SortingAlgorithms$RadixSorter.sort([I)V
  1 0x0000000030c0ee7e interpreter
  2 0x0000000030c0ee7e interpreter
  3 0x000000003000c8cb StubRoutines::call_stub

signal_sent: 426.620 signal_responded: 426.620 state: R wchan: 0 last_cpu: 17 cpu_time: 426502
  0 0x0000000030028f0c com.ionutbalosin.jvm.energy.consumption.SortingAlgorithms$RadixSorter.sort([I)V
  1 0x0000000030c0ee7e interpreter
  2 0x0000000030c0ee7e interpreter
  3 0x000000003000c8cb StubRoutines::call_stub

signal_sent: 421.620 signal_responded: 421.620 state: R wchan: 0 last_cpu: 17 cpu_time: 421502
  0 0x0000000030028e48 com.ionutbalosin.jvm.energy.consumption.SortingAlgorithms$RadixSorter.sort([I)V
  1 0x0000000030c0ee7e interpreter
  2 0x0000000030c0ee7e interpreter
  3 0x000000003000c8cb StubRoutines::call_stub

2024-03-16T08:42:36.844+0100: 442.659: Detected TTSP issue, wait: 16622.700 ms
Dumping stack for thread 0x0000620000000000
"main" id: 29674 prio: 5 os_prio: 0 sched: SCHED_OTHER allowed_cpus: 000000000ffffff
lock_release: 459.282 last_cpu: 17 cpu_time: 459160
  0 0x00007bc1360b2b70 SafepointProfilerBuf::record_sync_stack(JavaThread*)
  1 0x00007bc135d5bbc8 InterpreterRuntime::at_safepoint(JavaThread*)
  2 0x0000000030c023c0 interpreter
  3 0x0000000030c0ee7e interpreter
  4 0x000000003000c8cb StubRoutines::call_stub

signal_sent: 458.661 signal_responded: 458.661 state: R wchan: 0 last_cpu: 17 cpu_time: 458539
  0 0x00000000300290d2 com.ionutbalosin.jvm.energy.consumption.SortingAlgorithms$RadixSorter.sort([I)V
  1 0x0000000030c0ee7e interpreter
  2 0x0000000030c0ee7e interpreter
  3 0x000000003000c8cb StubRoutines::call_stub

signal_sent: 453.660 signal_responded: 453.660 state: R wchan: 0 last_cpu: 17 cpu_time: 453538
  0 0x0000000030028fb0 com.ionutbalosin.jvm.energy.consumption.SortingAlgorithms$RadixSorter.sort([I)V
  1 0x0000000030c0ee7e interpreter
  2 0x0000000030c0ee7e interpreter
  3 0x000000003000c8cb StubRoutines::call_stub

signal_sent: 448.660 signal_responded: 448.660 state: R wchan: 0 last_cpu: 17 cpu_time: 448538
  0 0x0000000030028f30 com.ionutbalosin.jvm.energy.consumption.SortingAlgorithms$RadixSorter.sort([I)V
  1 0x0000000030c0ee7e interpreter
  2 0x0000000030c0ee7e interpreter
  3 0x000000003000c8cb StubRoutines::call_stub

signal_sent: 443.660 signal_responded: 443.660 state: R wchan: 0 last_cpu: 17 cpu_time: 443538
  0 0x0000000030028e48 com.ionutbalosin.jvm.energy.consumption.SortingAlgorithms$RadixSorter.sort([I)V
  1 0x0000000030c0ee7e interpreter
  2 0x0000000030c0ee7e interpreter
  3 0x000000003000c8cb StubRoutines::call_stub

2024-03-16T08:42:58.890+0100: 464.548: Detected TTSP issue, wait: 16779.787 ms
Dumping stack for thread 0x0000620000000000
"main" id: 29674 prio: 5 os_prio: 0 sched: SCHED_OTHER allowed_cpus: 000000000ffffff
lock_release: 481.327 last_cpu: 17 cpu_time: 481204
  0 0x00007bc1360b2b70 SafepointProfilerBuf::record_sync_stack(JavaThread*)
  1 0x00007bc135d5bbc8 InterpreterRuntime::at_safepoint(JavaThread*)
  2 0x0000000030c023c0 interpreter
  3 0x0000000030c0ee7e interpreter
  4 0x000000003000c8cb StubRoutines::call_stub

signal_sent: 480.551 signal_responded: 480.551 state: R wchan: 0 last_cpu: 17 cpu_time: 480428
  0 0x00000000300290f8 com.ionutbalosin.jvm.energy.consumption.SortingAlgorithms$RadixSorter.sort([I)V
  1 0x0000000030c0ee7e interpreter
  2 0x0000000030c0ee7e interpreter
  3 0x000000003000c8cb StubRoutines::call_stub

signal_sent: 475.550 signal_responded: 475.550 state: R wchan: 0 last_cpu: 17 cpu_time: 475427
  0 0x0000000030028fd8 com.ionutbalosin.jvm.energy.consumption.SortingAlgorithms$RadixSorter.sort([I)V
  1 0x0000000030c0ee7e interpreter
  2 0x0000000030c0ee7e interpreter
  3 0x000000003000c8cb StubRoutines::call_stub

signal_sent: 470.549 signal_responded: 470.549 state: R wchan: 0 last_cpu: 17 cpu_time: 470426
  0 0x0000000030028ec4 com.ionutbalosin.jvm.energy.consumption.SortingAlgorithms$RadixSorter.sort([I)V
  1 0x0000000030c0ee7e interpreter
  2 0x0000000030c0ee7e interpreter
  3 0x000000003000c8cb StubRoutines::call_stub

signal_sent: 465.548 signal_responded: 465.548 state: R wchan: 0 last_cpu: 17 cpu_time: 465426
  0 0x0000000030028de2 com.ionutbalosin.jvm.energy.consumption.SortingAlgorithms$RadixSorter.sort([I)V
  1 0x0000000030c0ee7e interpreter
  2 0x0000000030c0ee7e interpreter
  3 0x000000003000c8cb StubRoutines::call_stub

2024-03-16T08:43:20.816+0100: 486.593: Detected TTSP issue, wait: 16660.120 ms
Dumping stack for thread 0x0000620000000000
"main" id: 29674 prio: 5 os_prio: 0 sched: SCHED_OTHER allowed_cpus: 000000000ffffff
lock_release: 503.253 last_cpu: 17 cpu_time: 503127
  0 0x00007bc1360b2b70 SafepointProfilerBuf::record_sync_stack(JavaThread*)
  1 0x00007bc135d5bbc8 InterpreterRuntime::at_safepoint(JavaThread*)
  2 0x0000000030c023c0 interpreter
  3 0x0000000030c0ee7e interpreter
  4 0x000000003000c8cb StubRoutines::call_stub

signal_sent: 502.594 signal_responded: 502.594 state: R wchan: 0 last_cpu: 17 cpu_time: 502469
  0 0x000000003002906e com.ionutbalosin.jvm.energy.consumption.SortingAlgorithms$RadixSorter.sort([I)V
  1 0x0000000030c0ee7e interpreter
  2 0x0000000030c0ee7e interpreter
  3 0x000000003000c8cb StubRoutines::call_stub

signal_sent: 497.594 signal_responded: 497.594 state: R wchan: 0 last_cpu: 17 cpu_time: 497468
  0 0x0000000030028fc5 com.ionutbalosin.jvm.energy.consumption.SortingAlgorithms$RadixSorter.sort([I)V
  1 0x0000000030c0ee7e interpreter
  2 0x0000000030c0ee7e interpreter
  3 0x000000003000c8cb StubRoutines::call_stub

signal_sent: 492.594 signal_responded: 492.594 state: R wchan: 0 last_cpu: 17 cpu_time: 492468
  0 0x0000000030028f0c com.ionutbalosin.jvm.energy.consumption.SortingAlgorithms$RadixSorter.sort([I)V
  1 0x0000000030c0ee7e interpreter
  2 0x0000000030c0ee7e interpreter
  3 0x000000003000c8cb StubRoutines::call_stub

signal_sent: 487.593 signal_responded: 487.593 state: R wchan: 0 last_cpu: 17 cpu_time: 487468
  0 0x0000000030028e26 com.ionutbalosin.jvm.energy.consumption.SortingAlgorithms$RadixSorter.sort([I)V
  1 0x0000000030c0ee7e interpreter
  2 0x0000000030c0ee7e interpreter
  3 0x000000003000c8cb StubRoutines::call_stub

2024-03-16T08:43:42.528+0100: 508.522: Detected TTSP issue, wait: 16444.374 ms
Dumping stack for thread 0x0000620000000000
"main" id: 29674 prio: 5 os_prio: 0 sched: SCHED_OTHER allowed_cpus: 000000000ffffff
lock_release: 524.965 last_cpu: 17 cpu_time: 524835
  0 0x00007bc1360b2b70 SafepointProfilerBuf::record_sync_stack(JavaThread*)
  1 0x00007bc135d5bbc8 InterpreterRuntime::at_safepoint(JavaThread*)
  2 0x0000000030c023c0 interpreter
  3 0x0000000030c0ee7e interpreter
  4 0x000000003000c8cb StubRoutines::call_stub

signal_sent: 524.525 signal_responded: 524.525 state: R wchan: 0 last_cpu: 17 cpu_time: 524395
  0 0x00000000300290ca com.ionutbalosin.jvm.energy.consumption.SortingAlgorithms$RadixSorter.sort([I)V
  1 0x0000000030c0ee7e interpreter
  2 0x0000000030c0ee7e interpreter
  3 0x000000003000c8cb StubRoutines::call_stub

signal_sent: 519.524 signal_responded: 519.524 state: R wchan: 0 last_cpu: 17 cpu_time: 519394
  0 0x0000000030028ffb com.ionutbalosin.jvm.energy.consumption.SortingAlgorithms$RadixSorter.sort([I)V
  1 0x0000000030c0ee7e interpreter
  2 0x0000000030c0ee7e interpreter
  3 0x000000003000c8cb StubRoutines::call_stub

signal_sent: 514.523 signal_responded: 514.523 state: R wchan: 0 last_cpu: 17 cpu_time: 514393
  0 0x0000000030028ec4 com.ionutbalosin.jvm.energy.consumption.SortingAlgorithms$RadixSorter.sort([I)V
  1 0x0000000030c0ee7e interpreter
  2 0x0000000030c0ee7e interpreter
  3 0x000000003000c8cb StubRoutines::call_stub

signal_sent: 509.523 signal_responded: 509.523 state: R wchan: 0 last_cpu: 17 cpu_time: 509393
  0 0x0000000030028e48 com.ionutbalosin.jvm.energy.consumption.SortingAlgorithms$RadixSorter.sort([I)V
  1 0x0000000030c0ee7e interpreter
  2 0x0000000030c0ee7e interpreter
  3 0x000000003000c8cb StubRoutines::call_stub

2024-03-16T08:44:04.546+0100: 530.233: Detected TTSP issue, wait: 16751.366 ms
Dumping stack for thread 0x0000620000000000
"main" id: 29674 prio: 5 os_prio: 0 sched: SCHED_OTHER allowed_cpus: 000000000ffffff
lock_release: 546.984 last_cpu: 17 cpu_time: 546852
  0 0x00007bc1360b2b70 SafepointProfilerBuf::record_sync_stack(JavaThread*)
  1 0x00007bc135d5bbc8 InterpreterRuntime::at_safepoint(JavaThread*)
  2 0x0000000030c023c0 interpreter
  3 0x0000000030c0ee7e interpreter
  4 0x000000003000c8cb StubRoutines::call_stub

signal_sent: 546.236 signal_responded: 546.236 state: R wchan: 0 last_cpu: 17 cpu_time: 546104
  0 0x000000003002906a com.ionutbalosin.jvm.energy.consumption.SortingAlgorithms$RadixSorter.sort([I)V
  1 0x0000000030c0ee7e interpreter
  2 0x0000000030c0ee7e interpreter
  3 0x000000003000c8cb StubRoutines::call_stub

signal_sent: 541.235 signal_responded: 541.235 state: R wchan: 0 last_cpu: 17 cpu_time: 541104
  0 0x0000000030029000 com.ionutbalosin.jvm.energy.consumption.SortingAlgorithms$RadixSorter.sort([I)V
  1 0x0000000030c0ee7e interpreter
  2 0x0000000030c0ee7e interpreter
  3 0x000000003000c8cb StubRoutines::call_stub

signal_sent: 536.234 signal_responded: 536.234 state: R wchan: 0 last_cpu: 17 cpu_time: 536104
  0 0x0000000030028ef0 com.ionutbalosin.jvm.energy.consumption.SortingAlgorithms$RadixSorter.sort([I)V
  1 0x0000000030c0ee7e interpreter
  2 0x0000000030c0ee7e interpreter
  3 0x000000003000c8cb StubRoutines::call_stub

signal_sent: 531.234 signal_responded: 531.234 state: R wchan: 0 last_cpu: 17 cpu_time: 531103
  0 0x0000000030028e04 com.ionutbalosin.jvm.energy.consumption.SortingAlgorithms$RadixSorter.sort([I)V
  1 0x0000000030c0ee7e interpreter
  2 0x0000000030c0ee7e interpreter
  3 0x000000003000c8cb StubRoutines::call_stub

2024-03-16T08:44:26.009+0100: 552.250: Detected TTSP issue, wait: 16197.474 ms
Dumping stack for thread 0x0000620000000000
"main" id: 29674 prio: 5 os_prio: 0 sched: SCHED_OTHER allowed_cpus: 000000000ffffff
lock_release: 568.447 last_cpu: 17 cpu_time: 568312
  0 0x00007bc1360b2b70 SafepointProfilerBuf::record_sync_stack(JavaThread*)
  1 0x00007bc135d5bbc8 InterpreterRuntime::at_safepoint(JavaThread*)
  2 0x0000000030c023c0 interpreter
  3 0x0000000030c0ee7e interpreter
  4 0x000000003000c8cb StubRoutines::call_stub

signal_sent: 568.252 signal_responded: 568.252 state: R wchan: 0 last_cpu: 17 cpu_time: 568117
  0 0x0000000030029045 com.ionutbalosin.jvm.energy.consumption.SortingAlgorithms$RadixSorter.sort([I)V
  1 0x0000000030c0ee7e interpreter
  2 0x0000000030c0ee7e interpreter
  3 0x000000003000c8cb StubRoutines::call_stub

signal_sent: 563.252 signal_responded: 563.252 state: R wchan: 0 last_cpu: 17 cpu_time: 563117
  0 0x0000000030028fd3 com.ionutbalosin.jvm.energy.consumption.SortingAlgorithms$RadixSorter.sort([I)V
  1 0x0000000030c0ee7e interpreter
  2 0x0000000030c0ee7e interpreter
  3 0x000000003000c8cb StubRoutines::call_stub

signal_sent: 558.251 signal_responded: 558.251 state: R wchan: 0 last_cpu: 17 cpu_time: 558117
  0 0x0000000030028f30 com.ionutbalosin.jvm.energy.consumption.SortingAlgorithms$RadixSorter.sort([I)V
  1 0x0000000030c0ee7e interpreter
  2 0x0000000030c0ee7e interpreter
  3 0x000000003000c8cb StubRoutines::call_stub

signal_sent: 553.251 signal_responded: 553.251 state: R wchan: 0 last_cpu: 17 cpu_time: 553117
  0 0x0000000030028e43 com.ionutbalosin.jvm.energy.consumption.SortingAlgorithms$RadixSorter.sort([I)V
  1 0x0000000030c0ee7e interpreter
  2 0x0000000030c0ee7e interpreter
  3 0x000000003000c8cb StubRoutines::call_stub

2024-03-16T08:44:47.597+0100: 573.712: Detected TTSP issue, wait: 16322.326 ms
Dumping stack for thread 0x0000620000000000
"main" id: 29674 prio: 5 os_prio: 0 sched: SCHED_OTHER allowed_cpus: 000000000ffffff
lock_release: 590.034 last_cpu: 17 cpu_time: 589896
  0 0x00007bc1360b2b70 SafepointProfilerBuf::record_sync_stack(JavaThread*)
  1 0x00007bc135d5bbc8 InterpreterRuntime::at_safepoint(JavaThread*)
  2 0x0000000030c023c0 interpreter
  3 0x0000000030c0ee7e interpreter
  4 0x000000003000c8cb StubRoutines::call_stub

signal_sent: 589.715 signal_responded: 589.716 state: R wchan: 0 last_cpu: 17 cpu_time: 589578
  0 0x00000000300290f8 com.ionutbalosin.jvm.energy.consumption.SortingAlgorithms$RadixSorter.sort([I)V
  1 0x0000000030c0ee7e interpreter
  2 0x0000000030c0ee7e interpreter
  3 0x000000003000c8cb StubRoutines::call_stub

signal_sent: 584.714 signal_responded: 584.715 state: R wchan: 0 last_cpu: 17 cpu_time: 584577
  0 0x0000000030028fb0 com.ionutbalosin.jvm.energy.consumption.SortingAlgorithms$RadixSorter.sort([I)V
  1 0x0000000030c0ee7e interpreter
  2 0x0000000030c0ee7e interpreter
  3 0x000000003000c8cb StubRoutines::call_stub

signal_sent: 579.714 signal_responded: 579.714 state: R wchan: 0 last_cpu: 17 cpu_time: 579577
  0 0x0000000030028ee3 com.ionutbalosin.jvm.energy.consumption.SortingAlgorithms$RadixSorter.sort([I)V
  1 0x0000000030c0ee7e interpreter
  2 0x0000000030c0ee7e interpreter
  3 0x000000003000c8cb StubRoutines::call_stub

signal_sent: 574.713 signal_responded: 574.713 state: R wchan: 0 last_cpu: 17 cpu_time: 574576
  0 0x0000000030028e48 com.ionutbalosin.jvm.energy.consumption.SortingAlgorithms$RadixSorter.sort([I)V
  1 0x0000000030c0ee7e interpreter
  2 0x0000000030c0ee7e interpreter
  3 0x000000003000c8cb StubRoutines::call_stub

2024-03-16T08:45:09.580+0100: 595.299: Detected TTSP issue, wait: 16719.415 ms
Dumping stack for thread 0x0000620000000000
"main" id: 29674 prio: 5 os_prio: 0 sched: SCHED_OTHER allowed_cpus: 000000000ffffff
lock_release: 612.018 last_cpu: 18 cpu_time: 611877
  0 0x00007bc1360b2b70 SafepointProfilerBuf::record_sync_stack(JavaThread*)
  1 0x00007bc135d5bbc8 InterpreterRuntime::at_safepoint(JavaThread*)
  2 0x0000000030c023c0 interpreter
  3 0x0000000030c0ee7e interpreter
  4 0x000000003000c8cb StubRoutines::call_stub

signal_sent: 611.301 signal_responded: 611.301 state: R wchan: 0 last_cpu: 18 cpu_time: 611160
  0 0x00000000300290f4 com.ionutbalosin.jvm.energy.consumption.SortingAlgorithms$RadixSorter.sort([I)V
  1 0x0000000030c0ee7e interpreter
  2 0x0000000030c0ee7e interpreter
  3 0x000000003000c8cb StubRoutines::call_stub

signal_sent: 606.300 signal_responded: 606.300 state: R wchan: 0 last_cpu: 18 cpu_time: 606159
  0 0x0000000030028fb0 com.ionutbalosin.jvm.energy.consumption.SortingAlgorithms$RadixSorter.sort([I)V
  1 0x0000000030c0ee7e interpreter
  2 0x0000000030c0ee7e interpreter
  3 0x000000003000c8cb StubRoutines::call_stub

signal_sent: 601.299 signal_responded: 601.299 state: R wchan: 0 last_cpu: 18 cpu_time: 601159
  0 0x0000000030028f0c com.ionutbalosin.jvm.energy.consumption.SortingAlgorithms$RadixSorter.sort([I)V
  1 0x0000000030c0ee7e interpreter
  2 0x0000000030c0ee7e interpreter
  3 0x000000003000c8cb StubRoutines::call_stub

signal_sent: 596.299 signal_responded: 596.299 state: R wchan: 0 last_cpu: 18 cpu_time: 596159
  0 0x0000000030028e26 com.ionutbalosin.jvm.energy.consumption.SortingAlgorithms$RadixSorter.sort([I)V
  1 0x0000000030c0ee7e interpreter
  2 0x0000000030c0ee7e interpreter
  3 0x000000003000c8cb StubRoutines::call_stub

2024-03-16T08:45:31.207+0100: 617.285: Detected TTSP issue, wait: 16360.210 ms
Dumping stack for thread 0x0000620000000000
"main" id: 29674 prio: 5 os_prio: 0 sched: SCHED_OTHER allowed_cpus: 000000000ffffff
lock_release: 633.644 last_cpu: 16 cpu_time: 633500
  0 0x00007bc1360b2b70 SafepointProfilerBuf::record_sync_stack(JavaThread*)
  1 0x00007bc135d5bbc8 InterpreterRuntime::at_safepoint(JavaThread*)
  2 0x0000000030c023c0 interpreter
  3 0x0000000030c0ee7e interpreter
  4 0x000000003000c8cb StubRoutines::call_stub

signal_sent: 633.287 signal_responded: 633.287 state: R wchan: 0 last_cpu: 16 cpu_time: 633143
  0 0x00000000300290f4 com.ionutbalosin.jvm.energy.consumption.SortingAlgorithms$RadixSorter.sort([I)V
  1 0x0000000030c0ee7e interpreter
  2 0x0000000030c0ee7e interpreter
  3 0x000000003000c8cb StubRoutines::call_stub

signal_sent: 628.287 signal_responded: 628.287 state: R wchan: 0 last_cpu: 16 cpu_time: 628143
  0 0x0000000030028fb0 com.ionutbalosin.jvm.energy.consumption.SortingAlgorithms$RadixSorter.sort([I)V
  1 0x0000000030c0ee7e interpreter
  2 0x0000000030c0ee7e interpreter
  3 0x000000003000c8cb StubRoutines::call_stub

signal_sent: 623.286 signal_responded: 623.286 state: R wchan: 0 last_cpu: 16 cpu_time: 623142
  0 0x0000000030028ebf com.ionutbalosin.jvm.energy.consumption.SortingAlgorithms$RadixSorter.sort([I)V
  1 0x0000000030c0ee7e interpreter
  2 0x0000000030c0ee7e interpreter
  3 0x000000003000c8cb StubRoutines::call_stub

signal_sent: 618.285 signal_responded: 618.285 state: R wchan: 0 last_cpu: 16 cpu_time: 618142
  0 0x0000000030028dff com.ionutbalosin.jvm.energy.consumption.SortingAlgorithms$RadixSorter.sort([I)V
  1 0x0000000030c0ee7e interpreter
  2 0x0000000030c0ee7e interpreter
  3 0x000000003000c8cb StubRoutines::call_stub

2024-03-16T08:45:53.349+0100: 638.912: Detected TTSP issue, wait: 16875.079 ms
Dumping stack for thread 0x0000620000000000
"main" id: 29674 prio: 5 os_prio: 0 sched: SCHED_OTHER allowed_cpus: 000000000ffffff
lock_release: 655.786 last_cpu: 21 cpu_time: 655638
  0 0x00007bc1360b2b70 SafepointProfilerBuf::record_sync_stack(JavaThread*)
  1 0x00007bc135d5bbc8 InterpreterRuntime::at_safepoint(JavaThread*)
  2 0x0000000030c023c0 interpreter
  3 0x0000000030c0ee7e interpreter
  4 0x000000003000c8cb StubRoutines::call_stub

signal_sent: 654.914 signal_responded: 654.914 state: R wchan: 0 last_cpu: 21 cpu_time: 654766
  0 0x000000003002909c com.ionutbalosin.jvm.energy.consumption.SortingAlgorithms$RadixSorter.sort([I)V
  1 0x0000000030c0ee7e interpreter
  2 0x0000000030c0ee7e interpreter
  3 0x000000003000c8cb StubRoutines::call_stub

signal_sent: 649.914 signal_responded: 649.914 state: R wchan: 0 last_cpu: 21 cpu_time: 649766
  0 0x0000000030028f88 com.ionutbalosin.jvm.energy.consumption.SortingAlgorithms$RadixSorter.sort([I)V
  1 0x0000000030c0ee7e interpreter
  2 0x0000000030c0ee7e interpreter
  3 0x000000003000c8cb StubRoutines::call_stub

signal_sent: 644.913 signal_responded: 644.913 state: R wchan: 0 last_cpu: 21 cpu_time: 644766
  0 0x0000000030028f07 com.ionutbalosin.jvm.energy.consumption.SortingAlgorithms$RadixSorter.sort([I)V
  1 0x0000000030c0ee7e interpreter
  2 0x0000000030c0ee7e interpreter
  3 0x000000003000c8cb StubRoutines::call_stub

signal_sent: 639.913 signal_responded: 639.913 state: R wchan: 0 last_cpu: 21 cpu_time: 639766
  0 0x0000000030028e43 com.ionutbalosin.jvm.energy.consumption.SortingAlgorithms$RadixSorter.sort([I)V
  1 0x0000000030c0ee7e interpreter
  2 0x0000000030c0ee7e interpreter
  3 0x000000003000c8cb StubRoutines::call_stub

2024-03-16T08:46:14.856+0100: 661.052: Detected TTSP issue, wait: 16241.840 ms
Dumping stack for thread 0x0000620000000000
"main" id: 29674 prio: 5 os_prio: 0 sched: SCHED_OTHER allowed_cpus: 000000000ffffff
lock_release: 677.293 last_cpu: 21 cpu_time: 677143
  0 0x00007bc1360b2b70 SafepointProfilerBuf::record_sync_stack(JavaThread*)
  1 0x00007bc135d5bbc8 InterpreterRuntime::at_safepoint(JavaThread*)
  2 0x0000000030c023c0 interpreter
  3 0x0000000030c0ee7e interpreter
  4 0x000000003000c8cb StubRoutines::call_stub

signal_sent: 677.053 signal_responded: 677.054 state: R wchan: 0 last_cpu: 21 cpu_time: 676904
  0 0x00000000300290c6 com.ionutbalosin.jvm.energy.consumption.SortingAlgorithms$RadixSorter.sort([I)V
  1 0x0000000030c0ee7e interpreter
  2 0x0000000030c0ee7e interpreter
  3 0x000000003000c8cb StubRoutines::call_stub

signal_sent: 672.053 signal_responded: 672.054 state: R wchan: 0 last_cpu: 21 cpu_time: 671904
  0 0x0000000030028fb0 com.ionutbalosin.jvm.energy.consumption.SortingAlgorithms$RadixSorter.sort([I)V
  1 0x0000000030c0ee7e interpreter
  2 0x0000000030c0ee7e interpreter
  3 0x000000003000c8cb StubRoutines::call_stub

signal_sent: 667.052 signal_responded: 667.052 state: R wchan: 0 last_cpu: 21 cpu_time: 666903
  0 0x0000000030028f2b com.ionutbalosin.jvm.energy.consumption.SortingAlgorithms$RadixSorter.sort([I)V
  1 0x0000000030c0ee7e interpreter
  2 0x0000000030c0ee7e interpreter
  3 0x000000003000c8cb StubRoutines::call_stub

signal_sent: 662.052 signal_responded: 662.052 state: R wchan: 0 last_cpu: 21 cpu_time: 661903
  0 0x0000000030028de2 com.ionutbalosin.jvm.energy.consumption.SortingAlgorithms$RadixSorter.sort([I)V
  1 0x0000000030c0ee7e interpreter
  2 0x0000000030c0ee7e interpreter
  3 0x000000003000c8cb StubRoutines::call_stub

2024-03-16T08:46:36.770+0100: 682.559: Detected TTSP issue, wait: 16649.245 ms
Dumping stack for thread 0x0000620000000000
"main" id: 29674 prio: 5 os_prio: 0 sched: SCHED_OTHER allowed_cpus: 000000000ffffff
lock_release: 699.208 last_cpu: 21 cpu_time: 699056
  0 0x00007bc1360b2b70 SafepointProfilerBuf::record_sync_stack(JavaThread*)
  1 0x00007bc135d5bbc8 InterpreterRuntime::at_safepoint(JavaThread*)
  2 0x0000000030c023c0 interpreter
  3 0x0000000030c0ee7e interpreter
  4 0x000000003000c8cb StubRoutines::call_stub

signal_sent: 698.561 signal_responded: 698.561 state: R wchan: 0 last_cpu: 21 cpu_time: 698409
  0 0x000000003002909c com.ionutbalosin.jvm.energy.consumption.SortingAlgorithms$RadixSorter.sort([I)V
  1 0x0000000030c0ee7e interpreter
  2 0x0000000030c0ee7e interpreter
  3 0x000000003000c8cb StubRoutines::call_stub

signal_sent: 693.561 signal_responded: 693.561 state: R wchan: 0 last_cpu: 21 cpu_time: 693409
  0 0x0000000030028fab com.ionutbalosin.jvm.energy.consumption.SortingAlgorithms$RadixSorter.sort([I)V
  1 0x0000000030c0ee7e interpreter
  2 0x0000000030c0ee7e interpreter
  3 0x000000003000c8cb StubRoutines::call_stub

signal_sent: 688.560 signal_responded: 688.560 state: R wchan: 0 last_cpu: 21 cpu_time: 688408
  0 0x0000000030028ee8 com.ionutbalosin.jvm.energy.consumption.SortingAlgorithms$RadixSorter.sort([I)V
  1 0x0000000030c0ee7e interpreter
  2 0x0000000030c0ee7e interpreter
  3 0x000000003000c8cb StubRoutines::call_stub

signal_sent: 683.560 signal_responded: 683.560 state: R wchan: 0 last_cpu: 21 cpu_time: 683408
  0 0x0000000030028de2 com.ionutbalosin.jvm.energy.consumption.SortingAlgorithms$RadixSorter.sort([I)V
  1 0x0000000030c0ee7e interpreter
  2 0x0000000030c0ee7e interpreter
  3 0x000000003000c8cb StubRoutines::call_stub

2024-03-16T08:46:58.281+0100: 704.475: Detected TTSP issue, wait: 16244.175 ms
Dumping stack for thread 0x0000620000000000
"main" id: 29674 prio: 5 os_prio: 0 sched: SCHED_OTHER allowed_cpus: 000000000ffffff
lock_release: 720.719 last_cpu: 21 cpu_time: 720565
  0 0x00007bc1360b2b70 SafepointProfilerBuf::record_sync_stack(JavaThread*)
  1 0x00007bc135d5bbc8 InterpreterRuntime::at_safepoint(JavaThread*)
  2 0x0000000030c023c0 interpreter
  3 0x0000000030c0ee7e interpreter
  4 0x000000003000c8cb StubRoutines::call_stub

signal_sent: 720.477 signal_responded: 720.477 state: R wchan: 0 last_cpu: 21 cpu_time: 720323
  0 0x0000000030029098 com.ionutbalosin.jvm.energy.consumption.SortingAlgorithms$RadixSorter.sort([I)V
  1 0x0000000030c0ee7e interpreter
  2 0x0000000030c0ee7e interpreter
  3 0x000000003000c8cb StubRoutines::call_stub

signal_sent: 715.477 signal_responded: 715.477 state: R wchan: 0 last_cpu: 21 cpu_time: 715323
  0 0x0000000030028fd8 com.ionutbalosin.jvm.energy.consumption.SortingAlgorithms$RadixSorter.sort([I)V
  1 0x0000000030c0ee7e interpreter
  2 0x0000000030c0ee7e interpreter
  3 0x000000003000c8cb StubRoutines::call_stub

signal_sent: 710.476 signal_responded: 710.477 state: R wchan: 0 last_cpu: 21 cpu_time: 710323
  0 0x0000000030028f0c com.ionutbalosin.jvm.energy.consumption.SortingAlgorithms$RadixSorter.sort([I)V
  1 0x0000000030c0ee7e interpreter
  2 0x0000000030c0ee7e interpreter
  3 0x000000003000c8cb StubRoutines::call_stub

signal_sent: 705.476 signal_responded: 705.476 state: R wchan: 0 last_cpu: 21 cpu_time: 705323
  0 0x0000000030028e26 com.ionutbalosin.jvm.energy.consumption.SortingAlgorithms$RadixSorter.sort([I)V
  1 0x0000000030c0ee7e interpreter
  2 0x0000000030c0ee7e interpreter
  3 0x000000003000c8cb StubRoutines::call_stub

2024-03-16T08:47:20.402+0100: 725.984: Detected TTSP issue, wait: 16855.468 ms
Dumping stack for thread 0x0000620000000000
"main" id: 29674 prio: 5 os_prio: 0 sched: SCHED_OTHER allowed_cpus: 000000000ffffff
lock_release: 742.840 last_cpu: 21 cpu_time: 742682
  0 0x00007bc1360b2b70 SafepointProfilerBuf::record_sync_stack(JavaThread*)
  1 0x00007bc135d5bbc8 InterpreterRuntime::at_safepoint(JavaThread*)
  2 0x0000000030c023c0 interpreter
  3 0x0000000030c0ee7e interpreter
  4 0x000000003000c8cb StubRoutines::call_stub

signal_sent: 741.986 signal_responded: 741.986 state: R wchan: 0 last_cpu: 21 cpu_time: 741828
  0 0x00000000300290f8 com.ionutbalosin.jvm.energy.consumption.SortingAlgorithms$RadixSorter.sort([I)V
  1 0x0000000030c0ee7e interpreter
  2 0x0000000030c0ee7e interpreter
  3 0x000000003000c8cb StubRoutines::call_stub

signal_sent: 736.986 signal_responded: 736.986 state: R wchan: 0 last_cpu: 21 cpu_time: 736828
  0 0x0000000030028fb0 com.ionutbalosin.jvm.energy.consumption.SortingAlgorithms$RadixSorter.sort([I)V
  1 0x0000000030c0ee7e interpreter
  2 0x0000000030c0ee7e interpreter
  3 0x000000003000c8cb StubRoutines::call_stub

signal_sent: 731.985 signal_responded: 731.985 state: R wchan: 0 last_cpu: 21 cpu_time: 731828
  0 0x0000000030028f30 com.ionutbalosin.jvm.energy.consumption.SortingAlgorithms$RadixSorter.sort([I)V
  1 0x0000000030c0ee7e interpreter
  2 0x0000000030c0ee7e interpreter
  3 0x000000003000c8cb StubRoutines::call_stub

signal_sent: 726.984 signal_responded: 726.984 state: R wchan: 0 last_cpu: 21 cpu_time: 726827
  0 0x0000000030028e04 com.ionutbalosin.jvm.energy.consumption.SortingAlgorithms$RadixSorter.sort([I)V
  1 0x0000000030c0ee7e interpreter
  2 0x0000000030c0ee7e interpreter
  3 0x000000003000c8cb StubRoutines::call_stub

2024-03-16T08:47:41.873+0100: 748.105: Detected TTSP issue, wait: 16206.451 ms
Dumping stack for thread 0x0000620000000000
"main" id: 29674 prio: 5 os_prio: 0 sched: SCHED_OTHER allowed_cpus: 000000000ffffff
lock_release: 764.310 last_cpu: 21 cpu_time: 764151
  0 0x00007bc1360b2b70 SafepointProfilerBuf::record_sync_stack(JavaThread*)
  1 0x00007bc135d5bbc8 InterpreterRuntime::at_safepoint(JavaThread*)
  2 0x0000000030c023c0 interpreter
  3 0x0000000030c0ee7e interpreter
  4 0x000000003000c8cb StubRoutines::call_stub

signal_sent: 764.107 signal_responded: 764.107 state: R wchan: 0 last_cpu: 21 cpu_time: 763948
  0 0x0000000030029098 com.ionutbalosin.jvm.energy.consumption.SortingAlgorithms$RadixSorter.sort([I)V
  1 0x0000000030c0ee7e interpreter
  2 0x0000000030c0ee7e interpreter
  3 0x000000003000c8cb StubRoutines::call_stub

signal_sent: 759.106 signal_responded: 759.106 state: R wchan: 0 last_cpu: 21 cpu_time: 758947
  0 0x0000000030028fd3 com.ionutbalosin.jvm.energy.consumption.SortingAlgorithms$RadixSorter.sort([I)V
  1 0x0000000030c0ee7e interpreter
  2 0x0000000030c0ee7e interpreter
  3 0x000000003000c8cb StubRoutines::call_stub

signal_sent: 754.106 signal_responded: 754.106 state: R wchan: 0 last_cpu: 21 cpu_time: 753947
  0 0x0000000030028f30 com.ionutbalosin.jvm.energy.consumption.SortingAlgorithms$RadixSorter.sort([I)V
  1 0x0000000030c0ee7e interpreter
  2 0x0000000030c0ee7e interpreter
  3 0x000000003000c8cb StubRoutines::call_stub

signal_sent: 749.106 signal_responded: 749.106 state: R wchan: 0 last_cpu: 21 cpu_time: 748947
  0 0x0000000030028e04 com.ionutbalosin.jvm.energy.consumption.SortingAlgorithms$RadixSorter.sort([I)V
  1 0x0000000030c0ee7e interpreter
  2 0x0000000030c0ee7e interpreter
  3 0x000000003000c8cb StubRoutines::call_stub

2024-03-16T08:48:03.674+0100: 769.577: Detected TTSP issue, wait: 16534.840 ms
Dumping stack for thread 0x0000620000000000
"main" id: 29674 prio: 5 os_prio: 0 sched: SCHED_OTHER allowed_cpus: 000000000ffffff
lock_release: 786.112 last_cpu: 23 cpu_time: 785948
  0 0x00007bc1360b2b70 SafepointProfilerBuf::record_sync_stack(JavaThread*)
  1 0x00007bc135d5bbc8 InterpreterRuntime::at_safepoint(JavaThread*)
  2 0x0000000030c023c0 interpreter
  3 0x0000000030c0ee7e interpreter
  4 0x000000003000c8cb StubRoutines::call_stub

signal_sent: 785.580 signal_responded: 785.580 state: R wchan: 0 last_cpu: 23 cpu_time: 785417
  0 0x000000003002909c com.ionutbalosin.jvm.energy.consumption.SortingAlgorithms$RadixSorter.sort([I)V
  1 0x0000000030c0ee7e interpreter
  2 0x0000000030c0ee7e interpreter
  3 0x000000003000c8cb StubRoutines::call_stub

signal_sent: 780.579 signal_responded: 780.579 state: R wchan: 0 last_cpu: 23 cpu_time: 780416
  0 0x0000000030029000 com.ionutbalosin.jvm.energy.consumption.SortingAlgorithms$RadixSorter.sort([I)V
  1 0x0000000030c0ee7e interpreter
  2 0x0000000030c0ee7e interpreter
  3 0x000000003000c8cb StubRoutines::call_stub

signal_sent: 775.578 signal_responded: 775.578 state: R wchan: 0 last_cpu: 23 cpu_time: 775415
  0 0x0000000030028ee3 com.ionutbalosin.jvm.energy.consumption.SortingAlgorithms$RadixSorter.sort([I)V
  1 0x0000000030c0ee7e interpreter
  2 0x0000000030c0ee7e interpreter
  3 0x000000003000c8cb StubRoutines::call_stub

signal_sent: 770.577 signal_responded: 770.577 state: R wchan: 0 last_cpu: 23 cpu_time: 770415
  0 0x0000000030028ddd com.ionutbalosin.jvm.energy.consumption.SortingAlgorithms$RadixSorter.sort([I)V
  1 0x0000000030c0ee7e interpreter
  2 0x0000000030c0ee7e interpreter
  3 0x000000003000c8cb StubRoutines::call_stub

2024-03-16T08:48:25.210+0100: 791.378: Detected TTSP issue, wait: 16270.244 ms
Dumping stack for thread 0x0000620000000000
"main" id: 29674 prio: 5 os_prio: 0 sched: SCHED_OTHER allowed_cpus: 000000000ffffff
lock_release: 807.647 last_cpu: 23 cpu_time: 807481
  0 0x00007bc1360b2b70 SafepointProfilerBuf::record_sync_stack(JavaThread*)
  1 0x00007bc135d5bbc8 InterpreterRuntime::at_safepoint(JavaThread*)
  2 0x0000000030c023c0 interpreter
  3 0x0000000030c0ee7e interpreter
  4 0x000000003000c8cb StubRoutines::call_stub

signal_sent: 807.380 signal_responded: 807.380 state: R wchan: 0 last_cpu: 23 cpu_time: 807214
  0 0x0000000030029065 com.ionutbalosin.jvm.energy.consumption.SortingAlgorithms$RadixSorter.sort([I)V
  1 0x0000000030c0ee7e interpreter
  2 0x0000000030c0ee7e interpreter
  3 0x000000003000c8cb StubRoutines::call_stub

signal_sent: 802.379 signal_responded: 802.380 state: R wchan: 0 last_cpu: 23 cpu_time: 802214
  0 0x0000000030028fd8 com.ionutbalosin.jvm.energy.consumption.SortingAlgorithms$RadixSorter.sort([I)V
  1 0x0000000030c0ee7e interpreter
  2 0x0000000030c0ee7e interpreter
  3 0x000000003000c8cb StubRoutines::call_stub

signal_sent: 797.379 signal_responded: 797.379 state: R wchan: 0 last_cpu: 23 cpu_time: 797213
  0 0x0000000030028f07 com.ionutbalosin.jvm.energy.consumption.SortingAlgorithms$RadixSorter.sort([I)V
  1 0x0000000030c0ee7e interpreter
  2 0x0000000030c0ee7e interpreter
  3 0x000000003000c8cb StubRoutines::call_stub

signal_sent: 792.378 signal_responded: 792.378 state: R wchan: 0 last_cpu: 23 cpu_time: 792213
  0 0x0000000030028e48 com.ionutbalosin.jvm.energy.consumption.SortingAlgorithms$RadixSorter.sort([I)V
  1 0x0000000030c0ee7e interpreter
  2 0x0000000030c0ee7e interpreter
  3 0x000000003000c8cb StubRoutines::call_stub

2024-03-16T08:48:47.421+0100: 812.915: Detected TTSP issue, wait: 16944.038 ms
Dumping stack for thread 0x0000620000000000
"main" id: 29674 prio: 5 os_prio: 0 sched: SCHED_OTHER allowed_cpus: 000000000ffffff
lock_release: 829.858 last_cpu: 23 cpu_time: 829688
  0 0x00007bc1360b2b70 SafepointProfilerBuf::record_sync_stack(JavaThread*)
  1 0x00007bc135d5bbc8 InterpreterRuntime::at_safepoint(JavaThread*)
  2 0x0000000030c023c0 interpreter
  3 0x0000000030c0ee7e interpreter
  4 0x000000003000c8cb StubRoutines::call_stub

signal_sent: 828.917 signal_responded: 828.917 state: R wchan: 0 last_cpu: 23 cpu_time: 828746
  0 0x00000000300290e2 com.ionutbalosin.jvm.energy.consumption.SortingAlgorithms$RadixSorter.sort([I)V
  1 0x0000000030c0ee7e interpreter
  2 0x0000000030c0ee7e interpreter
  3 0x000000003000c8cb StubRoutines::call_stub

signal_sent: 823.916 signal_responded: 823.916 state: R wchan: 0 last_cpu: 23 cpu_time: 823746
  0 0x0000000030028ffb com.ionutbalosin.jvm.energy.consumption.SortingAlgorithms$RadixSorter.sort([I)V
  1 0x0000000030c0ee7e interpreter
  2 0x0000000030c0ee7e interpreter
  3 0x000000003000c8cb StubRoutines::call_stub

signal_sent: 818.915 signal_responded: 818.915 state: R wchan: 0 last_cpu: 23 cpu_time: 818746
  0 0x0000000030028f0c com.ionutbalosin.jvm.energy.consumption.SortingAlgorithms$RadixSorter.sort([I)V
  1 0x0000000030c0ee7e interpreter
  2 0x0000000030c0ee7e interpreter
  3 0x000000003000c8cb StubRoutines::call_stub

signal_sent: 813.915 signal_responded: 813.915 state: R wchan: 0 last_cpu: 23 cpu_time: 813746
  0 0x0000000030028dff com.ionutbalosin.jvm.energy.consumption.SortingAlgorithms$RadixSorter.sort([I)V
  1 0x0000000030c0ee7e interpreter
  2 0x0000000030c0ee7e interpreter
  3 0x000000003000c8cb StubRoutines::call_stub

2024-03-16T08:49:08.480+0100: 835.125: Detected TTSP issue, wait: 15793.530 ms
Dumping stack for thread 0x0000620000000000
"main" id: 29674 prio: 5 os_prio: 0 sched: SCHED_OTHER allowed_cpus: 000000000ffffff
lock_release: 850.917 last_cpu: 23 cpu_time: 850744
  0 0x00007bc1360b2b70 SafepointProfilerBuf::record_sync_stack(JavaThread*)
  1 0x00007bc135d5bbc8 InterpreterRuntime::at_safepoint(JavaThread*)
  2 0x0000000030c023c0 interpreter
  3 0x0000000030c0ee7e interpreter
  4 0x000000003000c8cb StubRoutines::call_stub

signal_sent: 846.126 signal_responded: 846.126 state: R wchan: 0 last_cpu: 23 cpu_time: 845953
  0 0x0000000030028fb0 com.ionutbalosin.jvm.energy.consumption.SortingAlgorithms$RadixSorter.sort([I)V
  1 0x0000000030c0ee7e interpreter
  2 0x0000000030c0ee7e interpreter
  3 0x000000003000c8cb StubRoutines::call_stub

signal_sent: 841.126 signal_responded: 841.126 state: R wchan: 0 last_cpu: 23 cpu_time: 840953
  0 0x0000000030028f0c com.ionutbalosin.jvm.energy.consumption.SortingAlgorithms$RadixSorter.sort([I)V
  1 0x0000000030c0ee7e interpreter
  2 0x0000000030c0ee7e interpreter
  3 0x000000003000c8cb StubRoutines::call_stub

signal_sent: 836.125 signal_responded: 836.125 state: R wchan: 0 last_cpu: 23 cpu_time: 835953
  0 0x0000000030028e48 com.ionutbalosin.jvm.energy.consumption.SortingAlgorithms$RadixSorter.sort([I)V
  1 0x0000000030c0ee7e interpreter
  2 0x0000000030c0ee7e interpreter
  3 0x000000003000c8cb StubRoutines::call_stub

2024-03-16T08:49:30.343+0100: 856.184: Detected TTSP issue, wait: 16597.112 ms
Dumping stack for thread 0x0000620000000000
"main" id: 29674 prio: 5 os_prio: 0 sched: SCHED_OTHER allowed_cpus: 000000000ffffff
lock_release: 872.781 last_cpu: 23 cpu_time: 872604
  0 0x00007bc1360b2b70 SafepointProfilerBuf::record_sync_stack(JavaThread*)
  1 0x00007bc135d5bbc8 InterpreterRuntime::at_safepoint(JavaThread*)
  2 0x0000000030c023c0 interpreter
  3 0x0000000030c0ee7e interpreter
  4 0x000000003000c8cb StubRoutines::call_stub

signal_sent: 872.186 signal_responded: 872.186 state: R wchan: 0 last_cpu: 23 cpu_time: 872009
  0 0x000000003002906e com.ionutbalosin.jvm.energy.consumption.SortingAlgorithms$RadixSorter.sort([I)V
  1 0x0000000030c0ee7e interpreter
  2 0x0000000030c0ee7e interpreter
  3 0x000000003000c8cb StubRoutines::call_stub

signal_sent: 867.185 signal_responded: 867.185 state: R wchan: 0 last_cpu: 23 cpu_time: 867009
  0 0x0000000030028fd3 com.ionutbalosin.jvm.energy.consumption.SortingAlgorithms$RadixSorter.sort([I)V
  1 0x0000000030c0ee7e interpreter
  2 0x0000000030c0ee7e interpreter
  3 0x000000003000c8cb StubRoutines::call_stub

signal_sent: 862.185 signal_responded: 862.185 state: R wchan: 0 last_cpu: 23 cpu_time: 862009
  0 0x0000000030028f07 com.ionutbalosin.jvm.energy.consumption.SortingAlgorithms$RadixSorter.sort([I)V
  1 0x0000000030c0ee7e interpreter
  2 0x0000000030c0ee7e interpreter
  3 0x000000003000c8cb StubRoutines::call_stub

signal_sent: 857.184 signal_responded: 857.184 state: R wchan: 0 last_cpu: 23 cpu_time: 857008
  0 0x0000000030028e26 com.ionutbalosin.jvm.energy.consumption.SortingAlgorithms$RadixSorter.sort([I)V
  1 0x0000000030c0ee7e interpreter
  2 0x0000000030c0ee7e interpreter
  3 0x000000003000c8cb StubRoutines::call_stub

2024-03-16T08:49:52.537+0100: 878.046: Detected TTSP issue, wait: 16928.929 ms
Dumping stack for thread 0x0000620000000000
"main" id: 29674 prio: 5 os_prio: 0 sched: SCHED_OTHER allowed_cpus: 000000000ffffff
lock_release: 894.975 last_cpu: 23 cpu_time: 894795
  0 0x00007bc1360b2b70 SafepointProfilerBuf::record_sync_stack(JavaThread*)
  1 0x00007bc135d5bbc8 InterpreterRuntime::at_safepoint(JavaThread*)
  2 0x0000000030c023c0 interpreter
  3 0x0000000030c0ee7e interpreter
  4 0x000000003000c8cb StubRoutines::call_stub

signal_sent: 894.049 signal_responded: 894.049 state: R wchan: 0 last_cpu: 23 cpu_time: 893869
  0 0x0000000030029053 com.ionutbalosin.jvm.energy.consumption.SortingAlgorithms$RadixSorter.sort([I)V
  1 0x0000000030c0ee7e interpreter
  2 0x0000000030c0ee7e interpreter
  3 0x000000003000c8cb StubRoutines::call_stub

signal_sent: 889.048 signal_responded: 889.048 state: R wchan: 0 last_cpu: 23 cpu_time: 888869
  0 0x0000000030028f88 com.ionutbalosin.jvm.energy.consumption.SortingAlgorithms$RadixSorter.sort([I)V
  1 0x0000000030c0ee7e interpreter
  2 0x0000000030c0ee7e interpreter
  3 0x000000003000c8cb StubRoutines::call_stub

signal_sent: 884.048 signal_responded: 884.048 state: R wchan: 0 last_cpu: 23 cpu_time: 883868
  0 0x0000000030028f30 com.ionutbalosin.jvm.energy.consumption.SortingAlgorithms$RadixSorter.sort([I)V
  1 0x0000000030c0ee7e interpreter
  2 0x0000000030c0ee7e interpreter
  3 0x000000003000c8cb StubRoutines::call_stub

signal_sent: 879.047 signal_responded: 879.047 state: R wchan: 0 last_cpu: 23 cpu_time: 878868
  0 0x0000000030028de2 com.ionutbalosin.jvm.energy.consumption.SortingAlgorithms$RadixSorter.sort([I)V
  1 0x0000000030c0ee7e interpreter
  2 0x0000000030c0ee7e interpreter
  3 0x000000003000c8cb StubRoutines::call_stub

2024-03-16T08:50:14.450+0100: 900.241: Detected TTSP issue, wait: 16647.166 ms
Dumping stack for thread 0x0000620000000000
"main" id: 29674 prio: 5 os_prio: 0 sched: SCHED_OTHER allowed_cpus: 000000000ffffff
lock_release: 916.887 last_cpu: 23 cpu_time: 916704
  0 0x00007bc1360b2b70 SafepointProfilerBuf::record_sync_stack(JavaThread*)
  1 0x00007bc135d5bbc8 InterpreterRuntime::at_safepoint(JavaThread*)
  2 0x0000000030c023c0 interpreter
  3 0x0000000030c0ee7e interpreter
  4 0x000000003000c8cb StubRoutines::call_stub

signal_sent: 916.243 signal_responded: 916.243 state: R wchan: 0 last_cpu: 23 cpu_time: 916060
  0 0x0000000030029040 com.ionutbalosin.jvm.energy.consumption.SortingAlgorithms$RadixSorter.sort([I)V
  1 0x0000000030c0ee7e interpreter
  2 0x0000000030c0ee7e interpreter
  3 0x000000003000c8cb StubRoutines::call_stub

signal_sent: 911.242 signal_responded: 911.242 state: R wchan: 0 last_cpu: 23 cpu_time: 911060
  0 0x0000000030028fd8 com.ionutbalosin.jvm.energy.consumption.SortingAlgorithms$RadixSorter.sort([I)V
  1 0x0000000030c0ee7e interpreter
  2 0x0000000030c0ee7e interpreter
  3 0x000000003000c8cb StubRoutines::call_stub

signal_sent: 906.241 signal_responded: 906.242 state: R wchan: 0 last_cpu: 23 cpu_time: 906060
  0 0x0000000030028f30 com.ionutbalosin.jvm.energy.consumption.SortingAlgorithms$RadixSorter.sort([I)V
  1 0x0000000030c0ee7e interpreter
  2 0x0000000030c0ee7e interpreter
  3 0x000000003000c8cb StubRoutines::call_stub

signal_sent: 901.241 signal_responded: 901.241 state: R wchan: 0 last_cpu: 23 cpu_time: 901059
  0 0x0000000030028de2 com.ionutbalosin.jvm.energy.consumption.SortingAlgorithms$RadixSorter.sort([I)V
  1 0x0000000030c0ee7e interpreter
  2 0x0000000030c0ee7e interpreter
  3 0x000000003000c8cb StubRoutines::call_stub

2024-03-16T08:50:36.105+0100: 922.153: Detected TTSP issue, wait: 16389.557 ms
Dumping stack for thread 0x0000620000000000
"main" id: 29674 prio: 5 os_prio: 0 sched: SCHED_OTHER allowed_cpus: 000000000ffffff
lock_release: 938.543 last_cpu: 22 cpu_time: 938356
  0 0x00007bc1360b2b70 SafepointProfilerBuf::record_sync_stack(JavaThread*)
  1 0x00007bc135d5bbc8 InterpreterRuntime::at_safepoint(JavaThread*)
  2 0x0000000030c023c0 interpreter
  3 0x0000000030c0ee7e interpreter
  4 0x000000003000c8cb StubRoutines::call_stub

signal_sent: 938.156 signal_responded: 938.156 state: R wchan: 0 last_cpu: 22 cpu_time: 937970
  0 0x000000003002906a com.ionutbalosin.jvm.energy.consumption.SortingAlgorithms$RadixSorter.sort([I)V
  1 0x0000000030c0ee7e interpreter
  2 0x0000000030c0ee7e interpreter
  3 0x000000003000c8cb StubRoutines::call_stub

signal_sent: 933.155 signal_responded: 933.156 state: R wchan: 0 last_cpu: 22 cpu_time: 932969
  0 0x0000000030028fd3 com.ionutbalosin.jvm.energy.consumption.SortingAlgorithms$RadixSorter.sort([I)V
  1 0x0000000030c0ee7e interpreter
  2 0x0000000030c0ee7e interpreter
  3 0x000000003000c8cb StubRoutines::call_stub

signal_sent: 928.155 signal_responded: 928.155 state: R wchan: 0 last_cpu: 22 cpu_time: 927969
  0 0x0000000030028ee8 com.ionutbalosin.jvm.energy.consumption.SortingAlgorithms$RadixSorter.sort([I)V
  1 0x0000000030c0ee7e interpreter
  2 0x0000000030c0ee7e interpreter
  3 0x000000003000c8cb StubRoutines::call_stub

signal_sent: 923.154 signal_responded: 923.154 state: R wchan: 0 last_cpu: 22 cpu_time: 922968
  0 0x0000000030028e21 com.ionutbalosin.jvm.energy.consumption.SortingAlgorithms$RadixSorter.sort([I)V
  1 0x0000000030c0ee7e interpreter
  2 0x0000000030c0ee7e interpreter
  3 0x000000003000c8cb StubRoutines::call_stub

2024-03-16T08:50:58.011+0100: 943.809: Detected TTSP issue, wait: 16640.013 ms
Dumping stack for thread 0x0000620000000000
"main" id: 29674 prio: 5 os_prio: 0 sched: SCHED_OTHER allowed_cpus: 000000000ffffff
lock_release: 960.448 last_cpu: 22 cpu_time: 960260
  0 0x00007bc1360b2b70 SafepointProfilerBuf::record_sync_stack(JavaThread*)
  1 0x00007bc135d5bbc8 InterpreterRuntime::at_safepoint(JavaThread*)
  2 0x0000000030c023c0 interpreter
  3 0x0000000030c0ee7e interpreter
  4 0x000000003000c8cb StubRoutines::call_stub

signal_sent: 959.813 signal_responded: 959.813 state: R wchan: 0 last_cpu: 22 cpu_time: 959624
  0 0x000000003002906a com.ionutbalosin.jvm.energy.consumption.SortingAlgorithms$RadixSorter.sort([I)V
  1 0x0000000030c0ee7e interpreter
  2 0x0000000030c0ee7e interpreter
  3 0x000000003000c8cb StubRoutines::call_stub

signal_sent: 954.812 signal_responded: 954.812 state: R wchan: 0 last_cpu: 22 cpu_time: 954623
  0 0x0000000030028fd8 com.ionutbalosin.jvm.energy.consumption.SortingAlgorithms$RadixSorter.sort([I)V
  1 0x0000000030c0ee7e interpreter
  2 0x0000000030c0ee7e interpreter
  3 0x000000003000c8cb StubRoutines::call_stub

signal_sent: 949.810 signal_responded: 949.811 state: R wchan: 0 last_cpu: 22 cpu_time: 949623
  0 0x0000000030028f30 com.ionutbalosin.jvm.energy.consumption.SortingAlgorithms$RadixSorter.sort([I)V
  1 0x0000000030c0ee7e interpreter
  2 0x0000000030c0ee7e interpreter
  3 0x000000003000c8cb StubRoutines::call_stub

signal_sent: 944.810 signal_responded: 944.810 state: R wchan: 0 last_cpu: 22 cpu_time: 944622
  0 0x0000000030028e26 com.ionutbalosin.jvm.energy.consumption.SortingAlgorithms$RadixSorter.sort([I)V
  1 0x0000000030c0ee7e interpreter
  2 0x0000000030c0ee7e interpreter
  3 0x000000003000c8cb StubRoutines::call_stub

2024-03-16T08:51:13.649+0100: 965.576: Detected TTSP issue, wait: 10510.761 ms
Dumping stack for thread 0x0000620000000000
"main" id: 29674 prio: 5 os_prio: 0 sched: SCHED_OTHER allowed_cpus: 000000000ffffff
lock_release: 976.086 last_cpu: 6 cpu_time: 975895
  0 0x00007bc1360b2b70 SafepointProfilerBuf::record_sync_stack(JavaThread*)
  1 0x00007bc135d5bbc8 InterpreterRuntime::at_safepoint(JavaThread*)
  2 0x0000000030c023c0 interpreter
  3 0x0000000030c0ee7e interpreter
  4 0x000000003000c8cb StubRoutines::call_stub

signal_sent: 971.577 signal_responded: 971.577 state: R wchan: 0 last_cpu: 6 cpu_time: 971386
  0 0x0000000030028fab com.ionutbalosin.jvm.energy.consumption.SortingAlgorithms$RadixSorter.sort([I)V
  1 0x0000000030c0ee7e interpreter
  2 0x0000000030c0ee7e interpreter
  3 0x000000003000c8cb StubRoutines::call_stub

signal_sent: 966.577 signal_responded: 966.577 state: R wchan: 0 last_cpu: 6 cpu_time: 966386
  0 0x0000000030028ee8 com.ionutbalosin.jvm.energy.consumption.SortingAlgorithms$RadixSorter.sort([I)V
  1 0x0000000030c0ee7e interpreter
  2 0x0000000030c0ee7e interpreter
  3 0x000000003000c8cb StubRoutines::call_stub

2024-03-16T08:51:29.755+0100: 981.213: Detected TTSP issue, wait: 10980.060 ms
Dumping stack for thread 0x0000620000000000
"main" id: 29674 prio: 5 os_prio: 0 sched: SCHED_OTHER allowed_cpus: 000000000ffffff
lock_release: 992.193 last_cpu: 6 cpu_time: 992000
  0 0x00007bc1360b2b70 SafepointProfilerBuf::record_sync_stack(JavaThread*)
  1 0x00007bc135d5bbc8 InterpreterRuntime::at_safepoint(JavaThread*)
  2 0x0000000030c023c0 interpreter
  3 0x0000000030c0ee7e interpreter
  4 0x000000003000c8cb StubRoutines::call_stub

signal_sent: 987.214 signal_responded: 987.214 state: R wchan: 0 last_cpu: 6 cpu_time: 987021
  0 0x0000000030028fc5 com.ionutbalosin.jvm.energy.consumption.SortingAlgorithms$RadixSorter.sort([I)V
  1 0x0000000030c0ee7e interpreter
  2 0x0000000030c0ee7e interpreter
  3 0x000000003000c8cb StubRoutines::call_stub

signal_sent: 982.214 signal_responded: 982.214 state: R wchan: 0 last_cpu: 6 cpu_time: 982021
  0 0x0000000030028f0c com.ionutbalosin.jvm.energy.consumption.SortingAlgorithms$RadixSorter.sort([I)V
  1 0x0000000030c0ee7e interpreter
  2 0x0000000030c0ee7e interpreter
  3 0x000000003000c8cb StubRoutines::call_stub

2024-03-16T08:51:45.676+0100: 997.319: Detected TTSP issue, wait: 10795.199 ms
Dumping stack for thread 0x0000620000000000
"main" id: 29674 prio: 5 os_prio: 0 sched: SCHED_OTHER allowed_cpus: 000000000ffffff
lock_release: 1008.113 last_cpu: 7 cpu_time: 1007919
  0 0x00007bc1360b2b70 SafepointProfilerBuf::record_sync_stack(JavaThread*)
  1 0x00007bc135d5bbc8 InterpreterRuntime::at_safepoint(JavaThread*)
  2 0x0000000030c023c0 interpreter
  3 0x0000000030c0ee7e interpreter
  4 0x000000003000c8cb StubRoutines::call_stub

signal_sent: 1003.320 signal_responded: 1003.320 state: R wchan: 0 last_cpu: 7 cpu_time: 1003126
  0 0x0000000030029000 com.ionutbalosin.jvm.energy.consumption.SortingAlgorithms$RadixSorter.sort([I)V
  1 0x0000000030c0ee7e interpreter
  2 0x0000000030c0ee7e interpreter
  3 0x000000003000c8cb StubRoutines::call_stub

signal_sent: 998.319 signal_responded: 998.319 state: R wchan: 0 last_cpu: 7 cpu_time: 998125
  0 0x0000000030028f0c com.ionutbalosin.jvm.energy.consumption.SortingAlgorithms$RadixSorter.sort([I)V
  1 0x0000000030c0ee7e interpreter
  2 0x0000000030c0ee7e interpreter
  3 0x000000003000c8cb StubRoutines::call_stub

2024-03-16T08:52:01.848+0100: 1013.240: Detected TTSP issue, wait: 11045.417 ms
Dumping stack for thread 0x0000620000000000
"main" id: 29674 prio: 5 os_prio: 0 sched: SCHED_OTHER allowed_cpus: 000000000ffffff
lock_release: 1024.286 last_cpu: 7 cpu_time: 1024089
  0 0x00007bc1360b2b70 SafepointProfilerBuf::record_sync_stack(JavaThread*)
  1 0x00007bc135d5bbc8 InterpreterRuntime::at_safepoint(JavaThread*)
  2 0x0000000030c023c0 interpreter
  3 0x0000000030c0ee7e interpreter
  4 0x000000003000c8cb StubRoutines::call_stub

signal_sent: 1024.243 signal_responded: 1024.243 state: R wchan: 0 last_cpu: 7 cpu_time: 1024047
  0 0x000000003002908a com.ionutbalosin.jvm.energy.consumption.SortingAlgorithms$RadixSorter.sort([I)V
  1 0x0000000030c0ee7e interpreter
  2 0x0000000030c0ee7e interpreter
  3 0x000000003000c8cb StubRoutines::call_stub

signal_sent: 1019.242 signal_responded: 1019.242 state: R wchan: 0 last_cpu: 7 cpu_time: 1019046
  0 0x0000000030028fb0 com.ionutbalosin.jvm.energy.consumption.SortingAlgorithms$RadixSorter.sort([I)V
  1 0x0000000030c0ee7e interpreter
  2 0x0000000030c0ee7e interpreter
  3 0x000000003000c8cb StubRoutines::call_stub

signal_sent: 1014.241 signal_responded: 1014.241 state: R wchan: 0 last_cpu: 7 cpu_time: 1014045
  0 0x0000000030028dc4 com.ionutbalosin.jvm.energy.consumption.SortingAlgorithms$RadixSorter.sort([I)V
  1 0x0000000030c0ee7e interpreter
  2 0x0000000030c0ee7e interpreter
  3 0x000000003000c8cb StubRoutines::call_stub

2024-03-16T08:52:17.927+0100: 1029.412: Detected TTSP issue, wait: 10953.211 ms
Dumping stack for thread 0x0000620000000000
"main" id: 29674 prio: 5 os_prio: 0 sched: SCHED_OTHER allowed_cpus: 000000000ffffff
lock_release: 1040.364 last_cpu: 7 cpu_time: 1040166
  0 0x00007bc1360b2b70 SafepointProfilerBuf::record_sync_stack(JavaThread*)
  1 0x00007bc135d5bbc8 InterpreterRuntime::at_safepoint(JavaThread*)
  2 0x0000000030c023c0 interpreter
  3 0x0000000030c0ee7e interpreter
  4 0x000000003000c8cb StubRoutines::call_stub

signal_sent: 1035.413 signal_responded: 1035.413 state: R wchan: 0 last_cpu: 7 cpu_time: 1035215
  0 0x0000000030028fb0 com.ionutbalosin.jvm.energy.consumption.SortingAlgorithms$RadixSorter.sort([I)V
  1 0x0000000030c0ee7e interpreter
  2 0x0000000030c0ee7e interpreter
  3 0x000000003000c8cb StubRoutines::call_stub

signal_sent: 1030.412 signal_responded: 1030.412 state: R wchan: 0 last_cpu: 7 cpu_time: 1030214
  0 0x0000000030028ea5 com.ionutbalosin.jvm.energy.consumption.SortingAlgorithms$RadixSorter.sort([I)V
  1 0x0000000030c0ee7e interpreter
  2 0x0000000030c0ee7e interpreter
  3 0x000000003000c8cb StubRoutines::call_stub

2024-03-16T08:52:34.100+0100: 1045.491: Detected TTSP issue, wait: 11046.514 ms
Dumping stack for thread 0x0000620000000000
"main" id: 29674 prio: 5 os_prio: 0 sched: SCHED_OTHER allowed_cpus: 000000000ffffff
lock_release: 1056.538 last_cpu: 7 cpu_time: 1056338
  0 0x00007bc1360b2b70 SafepointProfilerBuf::record_sync_stack(JavaThread*)
  1 0x00007bc135d5bbc8 InterpreterRuntime::at_safepoint(JavaThread*)
  2 0x0000000030c023c0 interpreter
  3 0x0000000030c0ee7e interpreter
  4 0x000000003000c8cb StubRoutines::call_stub

signal_sent: 1056.493 signal_responded: 1056.493 state: R wchan: 0 last_cpu: 7 cpu_time: 1056293
  0 0x00000000300290e2 com.ionutbalosin.jvm.energy.consumption.SortingAlgorithms$RadixSorter.sort([I)V
  1 0x0000000030c0ee7e interpreter
  2 0x0000000030c0ee7e interpreter
  3 0x000000003000c8cb StubRoutines::call_stub

signal_sent: 1051.492 signal_responded: 1051.492 state: R wchan: 0 last_cpu: 7 cpu_time: 1051292
  0 0x0000000030028ffb com.ionutbalosin.jvm.energy.consumption.SortingAlgorithms$RadixSorter.sort([I)V
  1 0x0000000030c0ee7e interpreter
  2 0x0000000030c0ee7e interpreter
  3 0x000000003000c8cb StubRoutines::call_stub

signal_sent: 1046.492 signal_responded: 1046.492 state: R wchan: 0 last_cpu: 7 cpu_time: 1046293
  0 0x0000000030028dff com.ionutbalosin.jvm.energy.consumption.SortingAlgorithms$RadixSorter.sort([I)V
  1 0x0000000030c0ee7e interpreter
  2 0x0000000030c0ee7e interpreter
  3 0x000000003000c8cb StubRoutines::call_stub

2024-03-16T08:52:50.033+0100: 1061.665: Detected TTSP issue, wait: 10805.875 ms
Dumping stack for thread 0x0000620000000000
"main" id: 29674 prio: 5 os_prio: 0 sched: SCHED_OTHER allowed_cpus: 000000000ffffff
lock_release: 1072.470 last_cpu: 7 cpu_time: 1072269
  0 0x00007bc1360b2b70 SafepointProfilerBuf::record_sync_stack(JavaThread*)
  1 0x00007bc135d5bbc8 InterpreterRuntime::at_safepoint(JavaThread*)
  2 0x0000000030c023c0 interpreter
  3 0x0000000030c0ee7e interpreter
  4 0x000000003000c8cb StubRoutines::call_stub

signal_sent: 1067.667 signal_responded: 1067.667 state: R wchan: 0 last_cpu: 7 cpu_time: 1067466
  0 0x0000000030028fb0 com.ionutbalosin.jvm.energy.consumption.SortingAlgorithms$RadixSorter.sort([I)V
  1 0x0000000030c0ee7e interpreter
  2 0x0000000030c0ee7e interpreter
  3 0x000000003000c8cb StubRoutines::call_stub

signal_sent: 1062.666 signal_responded: 1062.666 state: R wchan: 0 last_cpu: 7 cpu_time: 1062465
  0 0x0000000030028ee8 com.ionutbalosin.jvm.energy.consumption.SortingAlgorithms$RadixSorter.sort([I)V
  1 0x0000000030c0ee7e interpreter
  2 0x0000000030c0ee7e interpreter
  3 0x000000003000c8cb StubRoutines::call_stub

2024-03-16T08:53:06.218+0100: 1077.597: Detected TTSP issue, wait: 11058.985 ms
Dumping stack for thread 0x0000620000000000
"main" id: 29674 prio: 5 os_prio: 0 sched: SCHED_OTHER allowed_cpus: 000000000ffffff
lock_release: 1088.655 last_cpu: 7 cpu_time: 1088453
  0 0x00007bc1360b2b70 SafepointProfilerBuf::record_sync_stack(JavaThread*)
  1 0x00007bc135d5bbc8 InterpreterRuntime::at_safepoint(JavaThread*)
  2 0x0000000030c023c0 interpreter
  3 0x0000000030c0ee7e interpreter
  4 0x000000003000c8cb StubRoutines::call_stub

signal_sent: 1088.598 signal_responded: 1088.598 state: R wchan: 0 last_cpu: 7 cpu_time: 1088396
  0 0x00000000300290ca com.ionutbalosin.jvm.energy.consumption.SortingAlgorithms$RadixSorter.sort([I)V
  1 0x0000000030c0ee7e interpreter
  2 0x0000000030c0ee7e interpreter
  3 0x000000003000c8cb StubRoutines::call_stub

signal_sent: 1083.598 signal_responded: 1083.598 state: R wchan: 0 last_cpu: 7 cpu_time: 1083396
  0 0x0000000030028fab com.ionutbalosin.jvm.energy.consumption.SortingAlgorithms$RadixSorter.sort([I)V
  1 0x0000000030c0ee7e interpreter
  2 0x0000000030c0ee7e interpreter
  3 0x000000003000c8cb StubRoutines::call_stub

signal_sent: 1078.598 signal_responded: 1078.598 state: R wchan: 0 last_cpu: 7 cpu_time: 1078396
  0 0x0000000030028dc4 com.ionutbalosin.jvm.energy.consumption.SortingAlgorithms$RadixSorter.sort([I)V
  1 0x0000000030c0ee7e interpreter
  2 0x0000000030c0ee7e interpreter
  3 0x000000003000c8cb StubRoutines::call_stub

2024-03-16T08:53:22.589+0100: 1093.782: Detected TTSP issue, wait: 11244.962 ms
Dumping stack for thread 0x0000620000000000
"main" id: 29674 prio: 5 os_prio: 0 sched: SCHED_OTHER allowed_cpus: 000000000ffffff
lock_release: 1105.027 last_cpu: 7 cpu_time: 1104821
  0 0x00007bc1360b2b70 SafepointProfilerBuf::record_sync_stack(JavaThread*)
  1 0x00007bc135d5bbc8 InterpreterRuntime::at_safepoint(JavaThread*)
  2 0x0000000030c023c0 interpreter
  3 0x0000000030c0ee7e interpreter
  4 0x000000003000c8cb StubRoutines::call_stub

signal_sent: 1104.783 signal_responded: 1104.783 state: R wchan: 0 last_cpu: 7 cpu_time: 1104578
  0 0x0000000030029065 com.ionutbalosin.jvm.energy.consumption.SortingAlgorithms$RadixSorter.sort([I)V
  1 0x0000000030c0ee7e interpreter
  2 0x0000000030c0ee7e interpreter
  3 0x000000003000c8cb StubRoutines::call_stub

signal_sent: 1099.783 signal_responded: 1099.783 state: R wchan: 0 last_cpu: 7 cpu_time: 1099578
  0 0x0000000030028f88 com.ionutbalosin.jvm.energy.consumption.SortingAlgorithms$RadixSorter.sort([I)V
  1 0x0000000030c0ee7e interpreter
  2 0x0000000030c0ee7e interpreter
  3 0x000000003000c8cb StubRoutines::call_stub

signal_sent: 1094.782 signal_responded: 1094.782 state: R wchan: 0 last_cpu: 7 cpu_time: 1094577
  0 0x0000000030028de9 com.ionutbalosin.jvm.energy.consumption.SortingAlgorithms$RadixSorter.sort([I)V
  1 0x0000000030c0ee7e interpreter
  2 0x0000000030c0ee7e interpreter
  3 0x000000003000c8cb StubRoutines::call_stub

2024-03-16T08:53:38.760+0100: 1110.153: Detected TTSP issue, wait: 11045.222 ms
Dumping stack for thread 0x0000620000000000
"main" id: 29674 prio: 5 os_prio: 0 sched: SCHED_OTHER allowed_cpus: 000000000ffffff
lock_release: 1121.197 last_cpu: 7 cpu_time: 1120991
  0 0x00007bc1360b2b70 SafepointProfilerBuf::record_sync_stack(JavaThread*)
  1 0x00007bc135d5bbc8 InterpreterRuntime::at_safepoint(JavaThread*)
  2 0x0000000030c023c0 interpreter
  3 0x0000000030c0ee7e interpreter
  4 0x000000003000c8cb StubRoutines::call_stub

signal_sent: 1121.155 signal_responded: 1121.155 state: R wchan: 0 last_cpu: 7 cpu_time: 1120949
  0 0x000000003002909c com.ionutbalosin.jvm.energy.consumption.SortingAlgorithms$RadixSorter.sort([I)V
  1 0x0000000030c0ee7e interpreter
  2 0x0000000030c0ee7e interpreter
  3 0x000000003000c8cb StubRoutines::call_stub

signal_sent: 1116.154 signal_responded: 1116.154 state: R wchan: 0 last_cpu: 7 cpu_time: 1115949
  0 0x0000000030028fe4 com.ionutbalosin.jvm.energy.consumption.SortingAlgorithms$RadixSorter.sort([I)V
  1 0x0000000030c0ee7e interpreter
  2 0x0000000030c0ee7e interpreter
  3 0x000000003000c8cb StubRoutines::call_stub

signal_sent: 1111.153 signal_responded: 1111.154 state: R wchan: 0 last_cpu: 7 cpu_time: 1110948
  0 0x0000000030028dff com.ionutbalosin.jvm.energy.consumption.SortingAlgorithms$RadixSorter.sort([I)V
  1 0x0000000030c0ee7e interpreter
  2 0x0000000030c0ee7e interpreter
  3 0x000000003000c8cb StubRoutines::call_stub

2024-03-16T08:53:54.649+0100: 1126.324: Detected TTSP issue, wait: 10762.171 ms
Dumping stack for thread 0x0000620000000000
"main" id: 29674 prio: 5 os_prio: 0 sched: SCHED_OTHER allowed_cpus: 000000000ffffff
lock_release: 1137.086 last_cpu: 7 cpu_time: 1136877
  0 0x00007bc1360b2b70 SafepointProfilerBuf::record_sync_stack(JavaThread*)
  1 0x00007bc135d5bbc8 InterpreterRuntime::at_safepoint(JavaThread*)
  2 0x0000000030c023c0 interpreter
  3 0x0000000030c0ee7e interpreter
  4 0x000000003000c8cb StubRoutines::call_stub

signal_sent: 1132.325 signal_responded: 1132.325 state: R wchan: 0 last_cpu: 7 cpu_time: 1132116
  0 0x0000000030028fc1 com.ionutbalosin.jvm.energy.consumption.SortingAlgorithms$RadixSorter.sort([I)V
  1 0x0000000030c0ee7e interpreter
  2 0x0000000030c0ee7e interpreter
  3 0x000000003000c8cb StubRoutines::call_stub

signal_sent: 1127.325 signal_responded: 1127.325 state: R wchan: 0 last_cpu: 7 cpu_time: 1127115
  0 0x0000000030028f0c com.ionutbalosin.jvm.energy.consumption.SortingAlgorithms$RadixSorter.sort([I)V
  1 0x0000000030c0ee7e interpreter
  2 0x0000000030c0ee7e interpreter
  3 0x000000003000c8cb StubRoutines::call_stub

2024-03-16T08:54:10.842+0100: 1142.213: Detected TTSP issue, wait: 11067.691 ms
Dumping stack for thread 0x0000620000000000
"main" id: 29674 prio: 5 os_prio: 0 sched: SCHED_OTHER allowed_cpus: 000000000ffffff
lock_release: 1153.280 last_cpu: 7 cpu_time: 1153069
  0 0x00007bc1360b2b70 SafepointProfilerBuf::record_sync_stack(JavaThread*)
  1 0x00007bc135d5bbc8 InterpreterRuntime::at_safepoint(JavaThread*)
  2 0x0000000030c023c0 interpreter
  3 0x0000000030c0ee7e interpreter
  4 0x000000003000c8cb StubRoutines::call_stub

signal_sent: 1153.214 signal_responded: 1153.214 state: R wchan: 0 last_cpu: 7 cpu_time: 1153004
  0 0x00000000300290b4 com.ionutbalosin.jvm.energy.consumption.SortingAlgorithms$RadixSorter.sort([I)V
  1 0x0000000030c0ee7e interpreter
  2 0x0000000030c0ee7e interpreter
  3 0x000000003000c8cb StubRoutines::call_stub

signal_sent: 1148.214 signal_responded: 1148.214 state: R wchan: 0 last_cpu: 7 cpu_time: 1148004
  0 0x0000000030028fd8 com.ionutbalosin.jvm.energy.consumption.SortingAlgorithms$RadixSorter.sort([I)V
  1 0x0000000030c0ee7e interpreter
  2 0x0000000030c0ee7e interpreter
  3 0x000000003000c8cb StubRoutines::call_stub

signal_sent: 1143.213 signal_responded: 1143.213 state: R wchan: 0 last_cpu: 7 cpu_time: 1143003
  0 0x0000000030028e35 com.ionutbalosin.jvm.energy.consumption.SortingAlgorithms$RadixSorter.sort([I)V
  1 0x0000000030c0ee7e interpreter
  2 0x0000000030c0ee7e interpreter
  3 0x000000003000c8cb StubRoutines::call_stub

2024-03-16T08:54:27.043+0100: 1158.408: Detected TTSP issue, wait: 11072.464 ms
Dumping stack for thread 0x0000620000000000
"main" id: 29674 prio: 5 os_prio: 0 sched: SCHED_OTHER allowed_cpus: 000000000ffffff
lock_release: 1169.479 last_cpu: 7 cpu_time: 1169268
  0 0x00007bc1360b2b70 SafepointProfilerBuf::record_sync_stack(JavaThread*)
  1 0x00007bc135d5bbc8 InterpreterRuntime::at_safepoint(JavaThread*)
  2 0x0000000030c023c0 interpreter
  3 0x0000000030c0ee7e interpreter
  4 0x000000003000c8cb StubRoutines::call_stub

signal_sent: 1169.409 signal_responded: 1169.409 state: R wchan: 0 last_cpu: 7 cpu_time: 1169198
  0 0x00000000300290dd com.ionutbalosin.jvm.energy.consumption.SortingAlgorithms$RadixSorter.sort([I)V
  1 0x0000000030c0ee7e interpreter
  2 0x0000000030c0ee7e interpreter
  3 0x000000003000c8cb StubRoutines::call_stub

signal_sent: 1164.409 signal_responded: 1164.409 state: R wchan: 0 last_cpu: 7 cpu_time: 1164198
  0 0x0000000030028fce com.ionutbalosin.jvm.energy.consumption.SortingAlgorithms$RadixSorter.sort([I)V
  1 0x0000000030c0ee7e interpreter
  2 0x0000000030c0ee7e interpreter
  3 0x000000003000c8cb StubRoutines::call_stub

signal_sent: 1159.408 signal_responded: 1159.408 state: R wchan: 0 last_cpu: 7 cpu_time: 1159197
  0 0x0000000030028e1c com.ionutbalosin.jvm.energy.consumption.SortingAlgorithms$RadixSorter.sort([I)V
  1 0x0000000030c0ee7e interpreter
  2 0x0000000030c0ee7e interpreter
  3 0x000000003000c8cb StubRoutines::call_stub

2024-03-16T08:54:43.217+0100: 1174.607: Detected TTSP issue, wait: 11048.186 ms
Dumping stack for thread 0x0000620000000000
"main" id: 29674 prio: 5 os_prio: 0 sched: SCHED_OTHER allowed_cpus: 000000000ffffff
lock_release: 1185.654 last_cpu: 7 cpu_time: 1185440
  0 0x00007bc1360b2b70 SafepointProfilerBuf::record_sync_stack(JavaThread*)
  1 0x00007bc135d5bbc8 InterpreterRuntime::at_safepoint(JavaThread*)
  2 0x0000000030c023c0 interpreter
  3 0x0000000030c0ee7e interpreter
  4 0x000000003000c8cb StubRoutines::call_stub

signal_sent: 1185.609 signal_responded: 1185.609 state: R wchan: 0 last_cpu: 7 cpu_time: 1185395
  0 0x00000000300290b4 com.ionutbalosin.jvm.energy.consumption.SortingAlgorithms$RadixSorter.sort([I)V
  1 0x0000000030c0ee7e interpreter
  2 0x0000000030c0ee7e interpreter
  3 0x000000003000c8cb StubRoutines::call_stub

signal_sent: 1180.608 signal_responded: 1180.608 state: R wchan: 0 last_cpu: 7 cpu_time: 1180395
  0 0x0000000030028f94 com.ionutbalosin.jvm.energy.consumption.SortingAlgorithms$RadixSorter.sort([I)V
  1 0x0000000030c0ee7e interpreter
  2 0x0000000030c0ee7e interpreter
  3 0x000000003000c8cb StubRoutines::call_stub

signal_sent: 1175.607 signal_responded: 1175.608 state: R wchan: 0 last_cpu: 7 cpu_time: 1175394
  0 0x0000000030028e08 com.ionutbalosin.jvm.energy.consumption.SortingAlgorithms$RadixSorter.sort([I)V
  1 0x0000000030c0ee7e interpreter
  2 0x0000000030c0ee7e interpreter
  3 0x000000003000c8cb StubRoutines::call_stub

2024-03-16T08:54:58.879+0100: 1190.781: Detected TTSP issue, wait: 10536.101 ms
Dumping stack for thread 0x0000620000000000
"main" id: 29674 prio: 5 os_prio: 0 sched: SCHED_OTHER allowed_cpus: 000000000ffffff
lock_release: 1201.316 last_cpu: 7 cpu_time: 1201101
  0 0x00007bc1360b2b70 SafepointProfilerBuf::record_sync_stack(JavaThread*)
  1 0x00007bc135d5bbc8 InterpreterRuntime::at_safepoint(JavaThread*)
  2 0x0000000030c023c0 interpreter
  3 0x0000000030c0ee7e interpreter
  4 0x000000003000c8cb StubRoutines::call_stub

signal_sent: 1196.783 signal_responded: 1196.783 state: R wchan: 0 last_cpu: 7 cpu_time: 1196568
  0 0x0000000030028fab com.ionutbalosin.jvm.energy.consumption.SortingAlgorithms$RadixSorter.sort([I)V
  1 0x0000000030c0ee7e interpreter
  2 0x0000000030c0ee7e interpreter
  3 0x000000003000c8cb StubRoutines::call_stub

signal_sent: 1191.782 signal_responded: 1191.782 state: R wchan: 0 last_cpu: 7 cpu_time: 1191567
  0 0x0000000030028ee3 com.ionutbalosin.jvm.energy.consumption.SortingAlgorithms$RadixSorter.sort([I)V
  1 0x0000000030c0ee7e interpreter
  2 0x0000000030c0ee7e interpreter
  3 0x000000003000c8cb StubRoutines::call_stub

Successfully finished at 08:54:58
---------------------------------
Summary statistics:
  Elapsed = 1200.384 sec
  Iterations = 63
  Iterations/sec = 0.052483191
  Runs = 47
  Runs/sec = 0.052199931

Note: Iterations include all executions, while runs begin counting after the warm-up phase.
