[INFO] Scanning for projects...
[WARNING] 
[WARNING] Some problems were encountered while building the effective model for jvm.energy.consumption:java-samples:jar:1.0.0-SNAPSHOT
[WARNING] 'build.plugins.plugin.version' for org.apache.maven.plugins:maven-compiler-plugin is missing. @ jvm.energy.consumption:jvm-energy-consumption:1.0.0-SNAPSHOT, /home/ionutbalosin/Workspace/jvm-energy-consumption/pom.xml, line 48, column 21
[WARNING] 
[WARNING] It is highly recommended to fix these problems because they threaten the stability of your build.
[WARNING] 
[WARNING] For this reason, future Maven versions might no longer support building such malformed projects.
[WARNING] 
[INFO] 
[INFO] ----------------< jvm.energy.consumption:java-samples >-----------------
[INFO] Building JVM Energy Consumption Java Samples 1.0.0-SNAPSHOT
[INFO] --------------------------------[ jar ]---------------------------------
[INFO] 
[INFO] --- maven-clean-plugin:2.5:clean (default-clean) @ java-samples ---
[INFO] Deleting /home/ionutbalosin/Workspace/jvm-energy-consumption/java-samples/target
[INFO] 
[INFO] --- maven-resources-plugin:2.6:resources (default-resources) @ java-samples ---
[INFO] Using 'UTF-8' encoding to copy filtered resources.
[INFO] Copying 0 resource
[INFO] 
[INFO] --- maven-compiler-plugin:3.1:compile (default-compile) @ java-samples ---
[INFO] Changes detected - recompiling the module!
[INFO] Compiling 7 source files to /home/ionutbalosin/Workspace/jvm-energy-consumption/java-samples/target/classes
[WARNING] /home/ionutbalosin/Workspace/jvm-energy-consumption/java-samples/src/main/java/com/ionutbalosin/jvm/energy/consumption/StringConcatenationPatterns.java: /home/ionutbalosin/Workspace/jvm-energy-consumption/java-samples/src/main/java/com/ionutbalosin/jvm/energy/consumption/StringConcatenationPatterns.java uses preview features of Java SE 21.
[WARNING] /home/ionutbalosin/Workspace/jvm-energy-consumption/java-samples/src/main/java/com/ionutbalosin/jvm/energy/consumption/StringConcatenationPatterns.java: Recompile with -Xlint:preview for details.
[INFO] 
[INFO] --- spotless-maven-plugin:2.42.0:apply (default) @ java-samples ---
[INFO] Index file does not exist. Fallback to an empty index
[INFO] Spotless.Java is keeping 7 files clean - 0 were changed to be clean, 7 were already clean, 0 were skipped because caching determined they were already clean
[INFO] 
[INFO] --- maven-resources-plugin:2.6:testResources (default-testResources) @ java-samples ---
[INFO] Using 'UTF-8' encoding to copy filtered resources.
[INFO] skip non existing resourceDirectory /home/ionutbalosin/Workspace/jvm-energy-consumption/java-samples/src/test/resources
[INFO] 
[INFO] --- maven-compiler-plugin:3.1:testCompile (default-testCompile) @ java-samples ---
[INFO] No sources to compile
[INFO] 
[INFO] --- maven-surefire-plugin:2.12.4:test (default-test) @ java-samples ---
[INFO] No tests to run.
[INFO] 
[INFO] --- maven-jar-plugin:3.3.0:jar (default-jar) @ java-samples ---
[INFO] Building jar: /home/ionutbalosin/Workspace/jvm-energy-consumption/java-samples/target/java-samples-1.0.0-SNAPSHOT.jar
[INFO] ------------------------------------------------------------------------
[INFO] BUILD SUCCESS
[INFO] ------------------------------------------------------------------------
[INFO] Total time:  1.420 s
[INFO] Finished at: 2024-03-02T21:05:52+01:00
[INFO] ------------------------------------------------------------------------
