Benchmark 'dummy-setup-failing' failed with exception:
java.lang.AssertionError: Intentionally failing
	at org.renaissance.dummy.DummySetupFailing.setUpBeforeAll(DummySetupFailing.java:18)
	at org.renaissance.harness.ExecutionDriver.executeBenchmark(ExecutionDriver.java:82)
	at org.renaissance.harness.RenaissanceSuite$.$anonfun$runBenchmarks$1(RenaissanceSuite.scala:163)
	at org.renaissance.harness.RenaissanceSuite$.$anonfun$runBenchmarks$1$adapted(RenaissanceSuite.scala:159)
	at scala.collection.immutable.List.foreach(List.scala:333)
	at org.renaissance.harness.RenaissanceSuite$.runBenchmarks(RenaissanceSuite.scala:159)
	at org.renaissance.harness.RenaissanceSuite$.main(RenaissanceSuite.scala:132)
	at org.renaissance.harness.RenaissanceSuite.main(RenaissanceSuite.scala)
	at java.base/jdk.internal.reflect.NativeMethodAccessorImpl.invoke0(Native Method)
	at java.base/jdk.internal.reflect.NativeMethodAccessorImpl.invoke(NativeMethodAccessorImpl.java:77)
	at java.base/jdk.internal.reflect.DelegatingMethodAccessorImpl.invoke(DelegatingMethodAccessorImpl.java:43)
	at java.base/java.lang.reflect.Method.invoke(Method.java:568)
	at org.renaissance.core.Launcher.loadAndInvokeHarnessClass(Launcher.java:129)
	at org.renaissance.core.Launcher.launchHarnessClass(Launcher.java:78)
	at org.renaissance.core.Launcher.main(Launcher.java:43)
====== dummy-teardown-failing (dummy) [default], iteration 0 started ======
GC before operation: completed in 70.773 ms, heap usage 25.824 MB -> 4.823 MB.
====== dummy-teardown-failing (dummy) [default], iteration 0 completed (8.885 ms) ======
====== dummy-teardown-failing (dummy) [default], iteration 1 started ======
GC before operation: completed in 61.919 ms, heap usage 5.823 MB -> 4.817 MB.
====== dummy-teardown-failing (dummy) [default], iteration 1 completed (0.015 ms) ======
====== dummy-teardown-failing (dummy) [default], iteration 2 started ======
GC before operation: completed in 31.689 ms, heap usage 5.817 MB -> 4.816 MB.
====== dummy-teardown-failing (dummy) [default], iteration 2 completed (0.014 ms) ======
====== dummy-teardown-failing (dummy) [default], iteration 3 started ======
GC before operation: completed in 30.297 ms, heap usage 5.816 MB -> 4.816 MB.
====== dummy-teardown-failing (dummy) [default], iteration 3 completed (0.015 ms) ======
====== dummy-teardown-failing (dummy) [default], iteration 4 started ======
GC before operation: completed in 30.014 ms, heap usage 5.816 MB -> 4.816 MB.
====== dummy-teardown-failing (dummy) [default], iteration 4 completed (0.016 ms) ======
====== dummy-teardown-failing (dummy) [default], iteration 5 started ======
GC before operation: completed in 29.865 ms, heap usage 5.816 MB -> 4.816 MB.
====== dummy-teardown-failing (dummy) [default], iteration 5 completed (0.015 ms) ======
====== dummy-teardown-failing (dummy) [default], iteration 6 started ======
GC before operation: completed in 29.731 ms, heap usage 5.816 MB -> 4.816 MB.
====== dummy-teardown-failing (dummy) [default], iteration 6 completed (0.015 ms) ======
====== dummy-teardown-failing (dummy) [default], iteration 7 started ======
GC before operation: completed in 31.620 ms, heap usage 5.816 MB -> 4.816 MB.
====== dummy-teardown-failing (dummy) [default], iteration 7 completed (0.014 ms) ======
====== dummy-teardown-failing (dummy) [default], iteration 8 started ======
GC before operation: completed in 30.301 ms, heap usage 5.816 MB -> 4.816 MB.
====== dummy-teardown-failing (dummy) [default], iteration 8 completed (0.014 ms) ======
====== dummy-teardown-failing (dummy) [default], iteration 9 started ======
GC before operation: completed in 30.177 ms, heap usage 5.816 MB -> 4.816 MB.
====== dummy-teardown-failing (dummy) [default], iteration 9 completed (0.015 ms) ======
====== dummy-teardown-failing (dummy) [default], iteration 10 started ======
GC before operation: completed in 30.699 ms, heap usage 5.816 MB -> 4.816 MB.
====== dummy-teardown-failing (dummy) [default], iteration 10 completed (0.015 ms) ======
====== dummy-teardown-failing (dummy) [default], iteration 11 started ======
GC before operation: completed in 31.170 ms, heap usage 5.816 MB -> 4.817 MB.
====== dummy-teardown-failing (dummy) [default], iteration 11 completed (0.015 ms) ======
====== dummy-teardown-failing (dummy) [default], iteration 12 started ======
GC before operation: completed in 31.561 ms, heap usage 5.817 MB -> 4.816 MB.
====== dummy-teardown-failing (dummy) [default], iteration 12 completed (0.014 ms) ======
====== dummy-teardown-failing (dummy) [default], iteration 13 started ======
GC before operation: completed in 34.005 ms, heap usage 5.816 MB -> 4.816 MB.
====== dummy-teardown-failing (dummy) [default], iteration 13 completed (0.014 ms) ======
====== dummy-teardown-failing (dummy) [default], iteration 14 started ======
GC before operation: completed in 30.877 ms, heap usage 5.816 MB -> 4.817 MB.
====== dummy-teardown-failing (dummy) [default], iteration 14 completed (0.014 ms) ======
====== dummy-teardown-failing (dummy) [default], iteration 15 started ======
GC before operation: completed in 29.783 ms, heap usage 5.817 MB -> 4.817 MB.
====== dummy-teardown-failing (dummy) [default], iteration 15 completed (0.016 ms) ======
====== dummy-teardown-failing (dummy) [default], iteration 16 started ======
GC before operation: completed in 30.916 ms, heap usage 5.817 MB -> 4.817 MB.
====== dummy-teardown-failing (dummy) [default], iteration 16 completed (0.015 ms) ======
====== dummy-teardown-failing (dummy) [default], iteration 17 started ======
GC before operation: completed in 31.290 ms, heap usage 5.817 MB -> 4.818 MB.
====== dummy-teardown-failing (dummy) [default], iteration 17 completed (0.015 ms) ======
====== dummy-teardown-failing (dummy) [default], iteration 18 started ======
GC before operation: completed in 29.943 ms, heap usage 5.818 MB -> 4.819 MB.
====== dummy-teardown-failing (dummy) [default], iteration 18 completed (0.014 ms) ======
====== dummy-teardown-failing (dummy) [default], iteration 19 started ======
GC before operation: completed in 30.384 ms, heap usage 5.819 MB -> 4.819 MB.
====== dummy-teardown-failing (dummy) [default], iteration 19 completed (0.015 ms) ======
====== dummy-teardown-failing (dummy) [default], iteration 20 started ======
GC before operation: completed in 30.472 ms, heap usage 5.819 MB -> 4.819 MB.
====== dummy-teardown-failing (dummy) [default], iteration 20 completed (0.017 ms) ======
====== dummy-teardown-failing (dummy) [default], iteration 21 started ======
GC before operation: completed in 29.768 ms, heap usage 5.819 MB -> 4.819 MB.
====== dummy-teardown-failing (dummy) [default], iteration 21 completed (0.015 ms) ======
====== dummy-teardown-failing (dummy) [default], iteration 22 started ======
GC before operation: completed in 31.967 ms, heap usage 5.819 MB -> 4.819 MB.
====== dummy-teardown-failing (dummy) [default], iteration 22 completed (0.015 ms) ======
====== dummy-teardown-failing (dummy) [default], iteration 23 started ======
GC before operation: completed in 30.342 ms, heap usage 5.819 MB -> 4.819 MB.
====== dummy-teardown-failing (dummy) [default], iteration 23 completed (0.015 ms) ======
====== dummy-teardown-failing (dummy) [default], iteration 24 started ======
GC before operation: completed in 30.596 ms, heap usage 5.819 MB -> 4.819 MB.
====== dummy-teardown-failing (dummy) [default], iteration 24 completed (0.015 ms) ======
====== dummy-teardown-failing (dummy) [default], iteration 25 started ======
GC before operation: completed in 30.784 ms, heap usage 5.819 MB -> 4.819 MB.
====== dummy-teardown-failing (dummy) [default], iteration 25 completed (0.016 ms) ======
====== dummy-teardown-failing (dummy) [default], iteration 26 started ======
GC before operation: completed in 30.012 ms, heap usage 5.819 MB -> 4.819 MB.
====== dummy-teardown-failing (dummy) [default], iteration 26 completed (0.016 ms) ======
====== dummy-teardown-failing (dummy) [default], iteration 27 started ======
GC before operation: completed in 31.010 ms, heap usage 5.819 MB -> 4.819 MB.
====== dummy-teardown-failing (dummy) [default], iteration 27 completed (0.015 ms) ======
====== dummy-teardown-failing (dummy) [default], iteration 28 started ======
GC before operation: completed in 30.917 ms, heap usage 5.819 MB -> 4.819 MB.
====== dummy-teardown-failing (dummy) [default], iteration 28 completed (0.016 ms) ======
====== dummy-teardown-failing (dummy) [default], iteration 29 started ======
GC before operation: completed in 32.448 ms, heap usage 5.819 MB -> 4.819 MB.
====== dummy-teardown-failing (dummy) [default], iteration 29 completed (0.015 ms) ======
====== dummy-teardown-failing (dummy) [default], iteration 30 started ======
GC before operation: completed in 31.988 ms, heap usage 5.819 MB -> 4.819 MB.
====== dummy-teardown-failing (dummy) [default], iteration 30 completed (0.015 ms) ======
====== dummy-teardown-failing (dummy) [default], iteration 31 started ======
GC before operation: completed in 32.572 ms, heap usage 5.819 MB -> 4.819 MB.
====== dummy-teardown-failing (dummy) [default], iteration 31 completed (0.015 ms) ======
====== dummy-teardown-failing (dummy) [default], iteration 32 started ======
GC before operation: completed in 32.514 ms, heap usage 5.819 MB -> 4.819 MB.
====== dummy-teardown-failing (dummy) [default], iteration 32 completed (0.015 ms) ======
====== dummy-teardown-failing (dummy) [default], iteration 33 started ======
GC before operation: completed in 31.216 ms, heap usage 5.819 MB -> 4.819 MB.
====== dummy-teardown-failing (dummy) [default], iteration 33 completed (0.016 ms) ======
====== dummy-teardown-failing (dummy) [default], iteration 34 started ======
GC before operation: completed in 31.000 ms, heap usage 5.819 MB -> 4.820 MB.
====== dummy-teardown-failing (dummy) [default], iteration 34 completed (0.016 ms) ======
====== dummy-teardown-failing (dummy) [default], iteration 35 started ======
GC before operation: completed in 33.813 ms, heap usage 5.820 MB -> 4.820 MB.
====== dummy-teardown-failing (dummy) [default], iteration 35 completed (0.016 ms) ======
====== dummy-teardown-failing (dummy) [default], iteration 36 started ======
GC before operation: completed in 32.585 ms, heap usage 5.820 MB -> 4.820 MB.
====== dummy-teardown-failing (dummy) [default], iteration 36 completed (0.016 ms) ======
====== dummy-teardown-failing (dummy) [default], iteration 37 started ======
GC before operation: completed in 31.375 ms, heap usage 5.820 MB -> 4.820 MB.
====== dummy-teardown-failing (dummy) [default], iteration 37 completed (0.017 ms) ======
====== dummy-teardown-failing (dummy) [default], iteration 38 started ======
GC before operation: completed in 32.198 ms, heap usage 5.820 MB -> 4.820 MB.
====== dummy-teardown-failing (dummy) [default], iteration 38 completed (0.016 ms) ======
====== dummy-teardown-failing (dummy) [default], iteration 39 started ======
GC before operation: completed in 31.381 ms, heap usage 5.820 MB -> 4.820 MB.
====== dummy-teardown-failing (dummy) [default], iteration 39 completed (0.017 ms) ======
====== dummy-teardown-failing (dummy) [default], iteration 40 started ======
GC before operation: completed in 31.101 ms, heap usage 5.820 MB -> 4.820 MB.
====== dummy-teardown-failing (dummy) [default], iteration 40 completed (0.016 ms) ======
====== dummy-teardown-failing (dummy) [default], iteration 41 started ======
GC before operation: completed in 31.952 ms, heap usage 5.820 MB -> 4.820 MB.
====== dummy-teardown-failing (dummy) [default], iteration 41 completed (0.017 ms) ======
====== dummy-teardown-failing (dummy) [default], iteration 42 started ======
GC before operation: completed in 30.887 ms, heap usage 5.820 MB -> 4.820 MB.
====== dummy-teardown-failing (dummy) [default], iteration 42 completed (0.015 ms) ======
====== dummy-teardown-failing (dummy) [default], iteration 43 started ======
GC before operation: completed in 30.092 ms, heap usage 5.820 MB -> 4.820 MB.
====== dummy-teardown-failing (dummy) [default], iteration 43 completed (0.015 ms) ======
====== dummy-teardown-failing (dummy) [default], iteration 44 started ======
GC before operation: completed in 32.075 ms, heap usage 5.820 MB -> 4.820 MB.
====== dummy-teardown-failing (dummy) [default], iteration 44 completed (0.017 ms) ======
====== dummy-teardown-failing (dummy) [default], iteration 45 started ======
GC before operation: completed in 31.592 ms, heap usage 5.820 MB -> 4.820 MB.
====== dummy-teardown-failing (dummy) [default], iteration 45 completed (0.017 ms) ======
====== dummy-teardown-failing (dummy) [default], iteration 46 started ======
GC before operation: completed in 32.220 ms, heap usage 5.820 MB -> 4.820 MB.
====== dummy-teardown-failing (dummy) [default], iteration 46 completed (0.017 ms) ======
====== dummy-teardown-failing (dummy) [default], iteration 47 started ======
GC before operation: completed in 31.722 ms, heap usage 5.820 MB -> 4.820 MB.
====== dummy-teardown-failing (dummy) [default], iteration 47 completed (0.016 ms) ======
====== dummy-teardown-failing (dummy) [default], iteration 48 started ======
GC before operation: completed in 30.833 ms, heap usage 5.820 MB -> 4.820 MB.
====== dummy-teardown-failing (dummy) [default], iteration 48 completed (0.015 ms) ======
====== dummy-teardown-failing (dummy) [default], iteration 49 started ======
GC before operation: completed in 30.814 ms, heap usage 5.820 MB -> 4.820 MB.
====== dummy-teardown-failing (dummy) [default], iteration 49 completed (0.016 ms) ======
====== dummy-teardown-failing (dummy) [default], iteration 50 started ======
GC before operation: completed in 31.357 ms, heap usage 5.820 MB -> 4.820 MB.
====== dummy-teardown-failing (dummy) [default], iteration 50 completed (0.017 ms) ======
====== dummy-teardown-failing (dummy) [default], iteration 51 started ======
GC before operation: completed in 31.537 ms, heap usage 5.820 MB -> 4.820 MB.
====== dummy-teardown-failing (dummy) [default], iteration 51 completed (0.016 ms) ======
====== dummy-teardown-failing (dummy) [default], iteration 52 started ======
GC before operation: completed in 32.435 ms, heap usage 5.820 MB -> 4.821 MB.
====== dummy-teardown-failing (dummy) [default], iteration 52 completed (0.016 ms) ======
====== dummy-teardown-failing (dummy) [default], iteration 53 started ======
GC before operation: completed in 31.933 ms, heap usage 5.821 MB -> 4.820 MB.
====== dummy-teardown-failing (dummy) [default], iteration 53 completed (0.016 ms) ======
====== dummy-teardown-failing (dummy) [default], iteration 54 started ======
GC before operation: completed in 31.197 ms, heap usage 5.820 MB -> 4.820 MB.
====== dummy-teardown-failing (dummy) [default], iteration 54 completed (0.016 ms) ======
====== dummy-teardown-failing (dummy) [default], iteration 55 started ======
GC before operation: completed in 31.733 ms, heap usage 5.820 MB -> 4.820 MB.
====== dummy-teardown-failing (dummy) [default], iteration 55 completed (0.016 ms) ======
====== dummy-teardown-failing (dummy) [default], iteration 56 started ======
GC before operation: completed in 30.413 ms, heap usage 5.820 MB -> 4.821 MB.
====== dummy-teardown-failing (dummy) [default], iteration 56 completed (0.017 ms) ======
====== dummy-teardown-failing (dummy) [default], iteration 57 started ======
GC before operation: completed in 31.728 ms, heap usage 5.821 MB -> 4.821 MB.
====== dummy-teardown-failing (dummy) [default], iteration 57 completed (0.015 ms) ======
====== dummy-teardown-failing (dummy) [default], iteration 58 started ======
GC before operation: completed in 30.407 ms, heap usage 5.821 MB -> 4.821 MB.
====== dummy-teardown-failing (dummy) [default], iteration 58 completed (0.016 ms) ======
====== dummy-teardown-failing (dummy) [default], iteration 59 started ======
GC before operation: completed in 32.438 ms, heap usage 5.821 MB -> 4.821 MB.
====== dummy-teardown-failing (dummy) [default], iteration 59 completed (0.017 ms) ======
====== dummy-teardown-failing (dummy) [default], iteration 60 started ======
GC before operation: completed in 31.253 ms, heap usage 5.821 MB -> 4.821 MB.
====== dummy-teardown-failing (dummy) [default], iteration 60 completed (0.016 ms) ======
====== dummy-teardown-failing (dummy) [default], iteration 61 started ======
GC before operation: completed in 32.213 ms, heap usage 5.821 MB -> 4.821 MB.
====== dummy-teardown-failing (dummy) [default], iteration 61 completed (0.016 ms) ======
====== dummy-teardown-failing (dummy) [default], iteration 62 started ======
GC before operation: completed in 30.849 ms, heap usage 5.821 MB -> 4.821 MB.
====== dummy-teardown-failing (dummy) [default], iteration 62 completed (0.016 ms) ======
====== dummy-teardown-failing (dummy) [default], iteration 63 started ======
GC before operation: completed in 31.788 ms, heap usage 5.821 MB -> 4.821 MB.
====== dummy-teardown-failing (dummy) [default], iteration 63 completed (0.016 ms) ======
====== dummy-teardown-failing (dummy) [default], iteration 64 started ======
GC before operation: completed in 33.228 ms, heap usage 5.821 MB -> 4.821 MB.
====== dummy-teardown-failing (dummy) [default], iteration 64 completed (0.016 ms) ======
====== dummy-teardown-failing (dummy) [default], iteration 65 started ======
GC before operation: completed in 33.545 ms, heap usage 5.821 MB -> 4.821 MB.
====== dummy-teardown-failing (dummy) [default], iteration 65 completed (0.017 ms) ======
====== dummy-teardown-failing (dummy) [default], iteration 66 started ======
GC before operation: completed in 30.732 ms, heap usage 5.821 MB -> 4.821 MB.
====== dummy-teardown-failing (dummy) [default], iteration 66 completed (0.016 ms) ======
====== dummy-teardown-failing (dummy) [default], iteration 67 started ======
GC before operation: completed in 31.623 ms, heap usage 5.821 MB -> 4.822 MB.
====== dummy-teardown-failing (dummy) [default], iteration 67 completed (0.016 ms) ======
====== dummy-teardown-failing (dummy) [default], iteration 68 started ======
GC before operation: completed in 31.923 ms, heap usage 5.822 MB -> 4.822 MB.
====== dummy-teardown-failing (dummy) [default], iteration 68 completed (0.017 ms) ======
====== dummy-teardown-failing (dummy) [default], iteration 69 started ======
GC before operation: completed in 31.809 ms, heap usage 5.822 MB -> 4.822 MB.
====== dummy-teardown-failing (dummy) [default], iteration 69 completed (0.017 ms) ======
====== dummy-teardown-failing (dummy) [default], iteration 70 started ======
GC before operation: completed in 31.588 ms, heap usage 5.822 MB -> 4.822 MB.
====== dummy-teardown-failing (dummy) [default], iteration 70 completed (0.016 ms) ======
====== dummy-teardown-failing (dummy) [default], iteration 71 started ======
GC before operation: completed in 30.050 ms, heap usage 5.822 MB -> 4.822 MB.
====== dummy-teardown-failing (dummy) [default], iteration 71 completed (0.020 ms) ======
====== dummy-teardown-failing (dummy) [default], iteration 72 started ======
GC before operation: completed in 32.373 ms, heap usage 5.822 MB -> 4.822 MB.
====== dummy-teardown-failing (dummy) [default], iteration 72 completed (0.017 ms) ======
====== dummy-teardown-failing (dummy) [default], iteration 73 started ======
GC before operation: completed in 31.961 ms, heap usage 5.822 MB -> 4.822 MB.
====== dummy-teardown-failing (dummy) [default], iteration 73 completed (0.016 ms) ======
====== dummy-teardown-failing (dummy) [default], iteration 74 started ======
GC before operation: completed in 33.314 ms, heap usage 5.822 MB -> 4.822 MB.
====== dummy-teardown-failing (dummy) [default], iteration 74 completed (0.016 ms) ======
====== dummy-teardown-failing (dummy) [default], iteration 75 started ======
GC before operation: completed in 32.159 ms, heap usage 5.822 MB -> 4.822 MB.
====== dummy-teardown-failing (dummy) [default], iteration 75 completed (0.016 ms) ======
====== dummy-teardown-failing (dummy) [default], iteration 76 started ======
GC before operation: completed in 32.429 ms, heap usage 5.822 MB -> 4.822 MB.
====== dummy-teardown-failing (dummy) [default], iteration 76 completed (0.016 ms) ======
====== dummy-teardown-failing (dummy) [default], iteration 77 started ======
GC before operation: completed in 31.818 ms, heap usage 5.822 MB -> 4.822 MB.
====== dummy-teardown-failing (dummy) [default], iteration 77 completed (0.017 ms) ======
====== dummy-teardown-failing (dummy) [default], iteration 78 started ======
GC before operation: completed in 31.164 ms, heap usage 5.822 MB -> 4.822 MB.
====== dummy-teardown-failing (dummy) [default], iteration 78 completed (0.018 ms) ======
====== dummy-teardown-failing (dummy) [default], iteration 79 started ======
GC before operation: completed in 31.723 ms, heap usage 5.822 MB -> 4.822 MB.
====== dummy-teardown-failing (dummy) [default], iteration 79 completed (0.016 ms) ======
====== dummy-teardown-failing (dummy) [default], iteration 80 started ======
GC before operation: completed in 31.515 ms, heap usage 5.822 MB -> 4.822 MB.
====== dummy-teardown-failing (dummy) [default], iteration 80 completed (0.016 ms) ======
====== dummy-teardown-failing (dummy) [default], iteration 81 started ======
GC before operation: completed in 32.110 ms, heap usage 5.822 MB -> 4.822 MB.
====== dummy-teardown-failing (dummy) [default], iteration 81 completed (0.017 ms) ======
====== dummy-teardown-failing (dummy) [default], iteration 82 started ======
GC before operation: completed in 31.080 ms, heap usage 5.822 MB -> 4.822 MB.
====== dummy-teardown-failing (dummy) [default], iteration 82 completed (0.016 ms) ======
====== dummy-teardown-failing (dummy) [default], iteration 83 started ======
GC before operation: completed in 30.739 ms, heap usage 5.822 MB -> 4.823 MB.
====== dummy-teardown-failing (dummy) [default], iteration 83 completed (0.016 ms) ======
====== dummy-teardown-failing (dummy) [default], iteration 84 started ======
GC before operation: completed in 31.782 ms, heap usage 5.823 MB -> 4.822 MB.
====== dummy-teardown-failing (dummy) [default], iteration 84 completed (0.017 ms) ======
====== dummy-teardown-failing (dummy) [default], iteration 85 started ======
GC before operation: completed in 31.756 ms, heap usage 5.822 MB -> 4.822 MB.
====== dummy-teardown-failing (dummy) [default], iteration 85 completed (0.016 ms) ======
====== dummy-teardown-failing (dummy) [default], iteration 86 started ======
GC before operation: completed in 31.992 ms, heap usage 5.822 MB -> 4.822 MB.
====== dummy-teardown-failing (dummy) [default], iteration 86 completed (0.016 ms) ======
====== dummy-teardown-failing (dummy) [default], iteration 87 started ======
GC before operation: completed in 31.328 ms, heap usage 5.822 MB -> 4.822 MB.
====== dummy-teardown-failing (dummy) [default], iteration 87 completed (0.016 ms) ======
====== dummy-teardown-failing (dummy) [default], iteration 88 started ======
GC before operation: completed in 33.247 ms, heap usage 5.822 MB -> 4.822 MB.
====== dummy-teardown-failing (dummy) [default], iteration 88 completed (0.017 ms) ======
====== dummy-teardown-failing (dummy) [default], iteration 89 started ======
GC before operation: completed in 34.890 ms, heap usage 5.822 MB -> 4.823 MB.
====== dummy-teardown-failing (dummy) [default], iteration 89 completed (0.017 ms) ======
====== dummy-teardown-failing (dummy) [default], iteration 90 started ======
GC before operation: completed in 33.094 ms, heap usage 5.823 MB -> 4.823 MB.
====== dummy-teardown-failing (dummy) [default], iteration 90 completed (0.016 ms) ======
====== dummy-teardown-failing (dummy) [default], iteration 91 started ======
GC before operation: completed in 32.753 ms, heap usage 5.823 MB -> 4.823 MB.
====== dummy-teardown-failing (dummy) [default], iteration 91 completed (0.017 ms) ======
====== dummy-teardown-failing (dummy) [default], iteration 92 started ======
GC before operation: completed in 31.139 ms, heap usage 5.823 MB -> 4.823 MB.
====== dummy-teardown-failing (dummy) [default], iteration 92 completed (0.018 ms) ======
====== dummy-teardown-failing (dummy) [default], iteration 93 started ======
GC before operation: completed in 31.731 ms, heap usage 5.823 MB -> 4.823 MB.
====== dummy-teardown-failing (dummy) [default], iteration 93 completed (0.016 ms) ======
====== dummy-teardown-failing (dummy) [default], iteration 94 started ======
GC before operation: completed in 31.564 ms, heap usage 5.823 MB -> 4.823 MB.
====== dummy-teardown-failing (dummy) [default], iteration 94 completed (0.016 ms) ======
====== dummy-teardown-failing (dummy) [default], iteration 95 started ======
GC before operation: completed in 32.386 ms, heap usage 5.823 MB -> 4.823 MB.
====== dummy-teardown-failing (dummy) [default], iteration 95 completed (0.017 ms) ======
====== dummy-teardown-failing (dummy) [default], iteration 96 started ======
GC before operation: completed in 34.035 ms, heap usage 5.823 MB -> 4.823 MB.
====== dummy-teardown-failing (dummy) [default], iteration 96 completed (0.017 ms) ======
====== dummy-teardown-failing (dummy) [default], iteration 97 started ======
GC before operation: completed in 34.690 ms, heap usage 5.823 MB -> 4.823 MB.
====== dummy-teardown-failing (dummy) [default], iteration 97 completed (0.016 ms) ======
====== dummy-teardown-failing (dummy) [default], iteration 98 started ======
GC before operation: completed in 39.998 ms, heap usage 5.823 MB -> 4.823 MB.
====== dummy-teardown-failing (dummy) [default], iteration 98 completed (0.016 ms) ======
====== dummy-teardown-failing (dummy) [default], iteration 99 started ======
GC before operation: completed in 33.132 ms, heap usage 5.823 MB -> 4.823 MB.
====== dummy-teardown-failing (dummy) [default], iteration 99 completed (0.018 ms) ======
Benchmark 'dummy-teardown-failing' failed with exception:
java.lang.AssertionError: Intentionally failing
	at org.renaissance.dummy.DummyTeardownFailing.tearDownAfterAll(DummyTeardownFailing.java:18)
	at org.renaissance.harness.ExecutionDriver.executeBenchmark(ExecutionDriver.java:111)
	at org.renaissance.harness.RenaissanceSuite$.$anonfun$runBenchmarks$1(RenaissanceSuite.scala:163)
	at org.renaissance.harness.RenaissanceSuite$.$anonfun$runBenchmarks$1$adapted(RenaissanceSuite.scala:159)
	at scala.collection.immutable.List.foreach(List.scala:333)
	at org.renaissance.harness.RenaissanceSuite$.runBenchmarks(RenaissanceSuite.scala:159)
	at org.renaissance.harness.RenaissanceSuite$.main(RenaissanceSuite.scala:132)
	at org.renaissance.harness.RenaissanceSuite.main(RenaissanceSuite.scala)
	at java.base/jdk.internal.reflect.NativeMethodAccessorImpl.invoke0(Native Method)
	at java.base/jdk.internal.reflect.NativeMethodAccessorImpl.invoke(NativeMethodAccessorImpl.java:77)
	at java.base/jdk.internal.reflect.DelegatingMethodAccessorImpl.invoke(DelegatingMethodAccessorImpl.java:43)
	at java.base/java.lang.reflect.Method.invoke(Method.java:568)
	at org.renaissance.core.Launcher.loadAndInvokeHarnessClass(Launcher.java:129)
	at org.renaissance.core.Launcher.launchHarnessClass(Launcher.java:78)
	at org.renaissance.core.Launcher.main(Launcher.java:43)
====== dummy-empty (dummy) [default], iteration 0 started ======
GC before operation: completed in 36.548 ms, heap usage 5.823 MB -> 4.823 MB.
====== dummy-empty (dummy) [default], iteration 0 completed (0.163 ms) ======
====== dummy-empty (dummy) [default], iteration 1 started ======
GC before operation: completed in 34.286 ms, heap usage 5.823 MB -> 4.823 MB.
====== dummy-empty (dummy) [default], iteration 1 completed (0.018 ms) ======
====== dummy-empty (dummy) [default], iteration 2 started ======
GC before operation: completed in 32.720 ms, heap usage 5.823 MB -> 4.823 MB.
====== dummy-empty (dummy) [default], iteration 2 completed (0.020 ms) ======
====== dummy-empty (dummy) [default], iteration 3 started ======
GC before operation: completed in 32.496 ms, heap usage 5.823 MB -> 4.823 MB.
====== dummy-empty (dummy) [default], iteration 3 completed (0.019 ms) ======
====== dummy-empty (dummy) [default], iteration 4 started ======
GC before operation: completed in 32.172 ms, heap usage 5.823 MB -> 4.824 MB.
====== dummy-empty (dummy) [default], iteration 4 completed (0.018 ms) ======
====== dummy-empty (dummy) [default], iteration 5 started ======
GC before operation: completed in 31.814 ms, heap usage 5.824 MB -> 4.824 MB.
====== dummy-empty (dummy) [default], iteration 5 completed (0.018 ms) ======
====== dummy-empty (dummy) [default], iteration 6 started ======
GC before operation: completed in 32.534 ms, heap usage 5.824 MB -> 4.824 MB.
====== dummy-empty (dummy) [default], iteration 6 completed (0.019 ms) ======
====== dummy-empty (dummy) [default], iteration 7 started ======
GC before operation: completed in 31.653 ms, heap usage 5.824 MB -> 4.824 MB.
====== dummy-empty (dummy) [default], iteration 7 completed (0.018 ms) ======
====== dummy-empty (dummy) [default], iteration 8 started ======
GC before operation: completed in 32.593 ms, heap usage 5.824 MB -> 4.824 MB.
====== dummy-empty (dummy) [default], iteration 8 completed (0.019 ms) ======
====== dummy-empty (dummy) [default], iteration 9 started ======
GC before operation: completed in 32.123 ms, heap usage 5.824 MB -> 4.824 MB.
====== dummy-empty (dummy) [default], iteration 9 completed (0.020 ms) ======
====== dummy-empty (dummy) [default], iteration 10 started ======
GC before operation: completed in 32.803 ms, heap usage 5.824 MB -> 4.824 MB.
====== dummy-empty (dummy) [default], iteration 10 completed (0.019 ms) ======
====== dummy-empty (dummy) [default], iteration 11 started ======
GC before operation: completed in 33.023 ms, heap usage 5.824 MB -> 4.824 MB.
====== dummy-empty (dummy) [default], iteration 11 completed (0.020 ms) ======
====== dummy-empty (dummy) [default], iteration 12 started ======
GC before operation: completed in 32.627 ms, heap usage 5.824 MB -> 4.824 MB.
====== dummy-empty (dummy) [default], iteration 12 completed (0.018 ms) ======
====== dummy-empty (dummy) [default], iteration 13 started ======
GC before operation: completed in 32.308 ms, heap usage 5.824 MB -> 4.824 MB.
====== dummy-empty (dummy) [default], iteration 13 completed (0.019 ms) ======
====== dummy-empty (dummy) [default], iteration 14 started ======
GC before operation: completed in 32.090 ms, heap usage 5.824 MB -> 4.824 MB.
====== dummy-empty (dummy) [default], iteration 14 completed (0.020 ms) ======
====== dummy-empty (dummy) [default], iteration 15 started ======
GC before operation: completed in 34.783 ms, heap usage 5.824 MB -> 4.824 MB.
====== dummy-empty (dummy) [default], iteration 15 completed (0.018 ms) ======
====== dummy-empty (dummy) [default], iteration 16 started ======
GC before operation: completed in 32.239 ms, heap usage 5.824 MB -> 4.824 MB.
====== dummy-empty (dummy) [default], iteration 16 completed (0.020 ms) ======
====== dummy-empty (dummy) [default], iteration 17 started ======
GC before operation: completed in 32.188 ms, heap usage 5.824 MB -> 4.824 MB.
====== dummy-empty (dummy) [default], iteration 17 completed (0.020 ms) ======
====== dummy-empty (dummy) [default], iteration 18 started ======
GC before operation: completed in 34.657 ms, heap usage 5.824 MB -> 4.824 MB.
====== dummy-empty (dummy) [default], iteration 18 completed (0.020 ms) ======
====== dummy-empty (dummy) [default], iteration 19 started ======
GC before operation: completed in 33.277 ms, heap usage 5.824 MB -> 4.824 MB.
====== dummy-empty (dummy) [default], iteration 19 completed (0.019 ms) ======
====== dummy-empty (dummy) [default], iteration 20 started ======
GC before operation: completed in 31.993 ms, heap usage 5.824 MB -> 4.824 MB.
====== dummy-empty (dummy) [default], iteration 20 completed (0.020 ms) ======
====== dummy-empty (dummy) [default], iteration 21 started ======
GC before operation: completed in 32.558 ms, heap usage 5.824 MB -> 4.824 MB.
====== dummy-empty (dummy) [default], iteration 21 completed (0.021 ms) ======
====== dummy-empty (dummy) [default], iteration 22 started ======
GC before operation: completed in 32.451 ms, heap usage 5.824 MB -> 4.824 MB.
====== dummy-empty (dummy) [default], iteration 22 completed (0.020 ms) ======
====== dummy-empty (dummy) [default], iteration 23 started ======
GC before operation: completed in 33.361 ms, heap usage 5.824 MB -> 4.825 MB.
====== dummy-empty (dummy) [default], iteration 23 completed (0.019 ms) ======
====== dummy-empty (dummy) [default], iteration 24 started ======
GC before operation: completed in 31.887 ms, heap usage 5.825 MB -> 4.825 MB.
====== dummy-empty (dummy) [default], iteration 24 completed (0.019 ms) ======
====== dummy-empty (dummy) [default], iteration 25 started ======
GC before operation: completed in 31.723 ms, heap usage 5.825 MB -> 4.825 MB.
====== dummy-empty (dummy) [default], iteration 25 completed (0.019 ms) ======
====== dummy-empty (dummy) [default], iteration 26 started ======
GC before operation: completed in 33.224 ms, heap usage 5.825 MB -> 4.825 MB.
====== dummy-empty (dummy) [default], iteration 26 completed (0.019 ms) ======
====== dummy-empty (dummy) [default], iteration 27 started ======
GC before operation: completed in 33.332 ms, heap usage 5.825 MB -> 4.825 MB.
====== dummy-empty (dummy) [default], iteration 27 completed (0.034 ms) ======
====== dummy-empty (dummy) [default], iteration 28 started ======
GC before operation: completed in 33.084 ms, heap usage 5.825 MB -> 4.825 MB.
====== dummy-empty (dummy) [default], iteration 28 completed (0.019 ms) ======
====== dummy-empty (dummy) [default], iteration 29 started ======
GC before operation: completed in 31.339 ms, heap usage 5.825 MB -> 4.825 MB.
====== dummy-empty (dummy) [default], iteration 29 completed (0.020 ms) ======
====== dummy-empty (dummy) [default], iteration 30 started ======
GC before operation: completed in 30.833 ms, heap usage 5.825 MB -> 4.825 MB.
====== dummy-empty (dummy) [default], iteration 30 completed (0.020 ms) ======
====== dummy-empty (dummy) [default], iteration 31 started ======
GC before operation: completed in 35.502 ms, heap usage 5.825 MB -> 4.825 MB.
====== dummy-empty (dummy) [default], iteration 31 completed (0.019 ms) ======
====== dummy-empty (dummy) [default], iteration 32 started ======
GC before operation: completed in 31.381 ms, heap usage 5.825 MB -> 4.825 MB.
====== dummy-empty (dummy) [default], iteration 32 completed (0.019 ms) ======
====== dummy-empty (dummy) [default], iteration 33 started ======
GC before operation: completed in 31.860 ms, heap usage 5.825 MB -> 4.825 MB.
====== dummy-empty (dummy) [default], iteration 33 completed (0.019 ms) ======
====== dummy-empty (dummy) [default], iteration 34 started ======
GC before operation: completed in 32.850 ms, heap usage 5.825 MB -> 4.825 MB.
====== dummy-empty (dummy) [default], iteration 34 completed (0.019 ms) ======
====== dummy-empty (dummy) [default], iteration 35 started ======
GC before operation: completed in 33.682 ms, heap usage 5.825 MB -> 4.825 MB.
====== dummy-empty (dummy) [default], iteration 35 completed (0.020 ms) ======
====== dummy-empty (dummy) [default], iteration 36 started ======
GC before operation: completed in 32.715 ms, heap usage 5.825 MB -> 4.825 MB.
====== dummy-empty (dummy) [default], iteration 36 completed (0.019 ms) ======
====== dummy-empty (dummy) [default], iteration 37 started ======
GC before operation: completed in 32.199 ms, heap usage 5.825 MB -> 4.825 MB.
====== dummy-empty (dummy) [default], iteration 37 completed (0.019 ms) ======
====== dummy-empty (dummy) [default], iteration 38 started ======
GC before operation: completed in 34.023 ms, heap usage 5.825 MB -> 4.825 MB.
====== dummy-empty (dummy) [default], iteration 38 completed (0.020 ms) ======
====== dummy-empty (dummy) [default], iteration 39 started ======
GC before operation: completed in 32.898 ms, heap usage 5.825 MB -> 4.826 MB.
====== dummy-empty (dummy) [default], iteration 39 completed (0.019 ms) ======
====== dummy-empty (dummy) [default], iteration 40 started ======
GC before operation: completed in 33.049 ms, heap usage 5.826 MB -> 4.826 MB.
====== dummy-empty (dummy) [default], iteration 40 completed (0.021 ms) ======
====== dummy-empty (dummy) [default], iteration 41 started ======
GC before operation: completed in 31.921 ms, heap usage 5.826 MB -> 4.826 MB.
====== dummy-empty (dummy) [default], iteration 41 completed (0.020 ms) ======
====== dummy-empty (dummy) [default], iteration 42 started ======
GC before operation: completed in 33.058 ms, heap usage 5.826 MB -> 4.826 MB.
====== dummy-empty (dummy) [default], iteration 42 completed (0.020 ms) ======
====== dummy-empty (dummy) [default], iteration 43 started ======
GC before operation: completed in 31.996 ms, heap usage 5.826 MB -> 4.826 MB.
====== dummy-empty (dummy) [default], iteration 43 completed (0.020 ms) ======
====== dummy-empty (dummy) [default], iteration 44 started ======
GC before operation: completed in 32.262 ms, heap usage 5.826 MB -> 4.826 MB.
====== dummy-empty (dummy) [default], iteration 44 completed (0.020 ms) ======
====== dummy-empty (dummy) [default], iteration 45 started ======
GC before operation: completed in 33.221 ms, heap usage 5.826 MB -> 4.826 MB.
====== dummy-empty (dummy) [default], iteration 45 completed (0.020 ms) ======
====== dummy-empty (dummy) [default], iteration 46 started ======
GC before operation: completed in 32.582 ms, heap usage 5.826 MB -> 4.826 MB.
====== dummy-empty (dummy) [default], iteration 46 completed (0.019 ms) ======
====== dummy-empty (dummy) [default], iteration 47 started ======
GC before operation: completed in 33.196 ms, heap usage 5.826 MB -> 4.826 MB.
====== dummy-empty (dummy) [default], iteration 47 completed (0.021 ms) ======
====== dummy-empty (dummy) [default], iteration 48 started ======
GC before operation: completed in 34.194 ms, heap usage 5.826 MB -> 4.826 MB.
====== dummy-empty (dummy) [default], iteration 48 completed (0.020 ms) ======
====== dummy-empty (dummy) [default], iteration 49 started ======
GC before operation: completed in 33.151 ms, heap usage 5.826 MB -> 4.826 MB.
====== dummy-empty (dummy) [default], iteration 49 completed (0.020 ms) ======
====== dummy-empty (dummy) [default], iteration 50 started ======
GC before operation: completed in 32.684 ms, heap usage 5.826 MB -> 4.826 MB.
====== dummy-empty (dummy) [default], iteration 50 completed (0.020 ms) ======
====== dummy-empty (dummy) [default], iteration 51 started ======
GC before operation: completed in 32.198 ms, heap usage 5.826 MB -> 4.826 MB.
====== dummy-empty (dummy) [default], iteration 51 completed (0.019 ms) ======
====== dummy-empty (dummy) [default], iteration 52 started ======
GC before operation: completed in 32.662 ms, heap usage 5.826 MB -> 4.826 MB.
====== dummy-empty (dummy) [default], iteration 52 completed (0.020 ms) ======
====== dummy-empty (dummy) [default], iteration 53 started ======
GC before operation: completed in 33.591 ms, heap usage 5.826 MB -> 4.826 MB.
====== dummy-empty (dummy) [default], iteration 53 completed (0.020 ms) ======
====== dummy-empty (dummy) [default], iteration 54 started ======
GC before operation: completed in 31.943 ms, heap usage 5.826 MB -> 4.826 MB.
====== dummy-empty (dummy) [default], iteration 54 completed (0.020 ms) ======
====== dummy-empty (dummy) [default], iteration 55 started ======
GC before operation: completed in 33.473 ms, heap usage 5.826 MB -> 4.826 MB.
====== dummy-empty (dummy) [default], iteration 55 completed (0.019 ms) ======
====== dummy-empty (dummy) [default], iteration 56 started ======
GC before operation: completed in 31.004 ms, heap usage 5.826 MB -> 4.826 MB.
====== dummy-empty (dummy) [default], iteration 56 completed (0.021 ms) ======
====== dummy-empty (dummy) [default], iteration 57 started ======
GC before operation: completed in 33.218 ms, heap usage 5.826 MB -> 4.826 MB.
====== dummy-empty (dummy) [default], iteration 57 completed (0.020 ms) ======
====== dummy-empty (dummy) [default], iteration 58 started ======
GC before operation: completed in 32.530 ms, heap usage 5.826 MB -> 4.826 MB.
====== dummy-empty (dummy) [default], iteration 58 completed (0.020 ms) ======
====== dummy-empty (dummy) [default], iteration 59 started ======
GC before operation: completed in 31.686 ms, heap usage 5.826 MB -> 4.826 MB.
====== dummy-empty (dummy) [default], iteration 59 completed (0.020 ms) ======
====== dummy-empty (dummy) [default], iteration 60 started ======
GC before operation: completed in 31.766 ms, heap usage 5.826 MB -> 4.826 MB.
====== dummy-empty (dummy) [default], iteration 60 completed (0.020 ms) ======
====== dummy-empty (dummy) [default], iteration 61 started ======
GC before operation: completed in 34.007 ms, heap usage 5.826 MB -> 4.827 MB.
====== dummy-empty (dummy) [default], iteration 61 completed (0.019 ms) ======
====== dummy-empty (dummy) [default], iteration 62 started ======
GC before operation: completed in 32.526 ms, heap usage 5.827 MB -> 4.827 MB.
====== dummy-empty (dummy) [default], iteration 62 completed (0.019 ms) ======
====== dummy-empty (dummy) [default], iteration 63 started ======
GC before operation: completed in 32.774 ms, heap usage 5.827 MB -> 4.827 MB.
====== dummy-empty (dummy) [default], iteration 63 completed (0.021 ms) ======
====== dummy-empty (dummy) [default], iteration 64 started ======
GC before operation: completed in 32.158 ms, heap usage 5.827 MB -> 4.827 MB.
====== dummy-empty (dummy) [default], iteration 64 completed (0.019 ms) ======
====== dummy-empty (dummy) [default], iteration 65 started ======
GC before operation: completed in 32.267 ms, heap usage 5.827 MB -> 4.827 MB.
====== dummy-empty (dummy) [default], iteration 65 completed (0.020 ms) ======
====== dummy-empty (dummy) [default], iteration 66 started ======
GC before operation: completed in 33.528 ms, heap usage 5.827 MB -> 4.827 MB.
====== dummy-empty (dummy) [default], iteration 66 completed (0.019 ms) ======
====== dummy-empty (dummy) [default], iteration 67 started ======
GC before operation: completed in 31.940 ms, heap usage 5.827 MB -> 4.827 MB.
====== dummy-empty (dummy) [default], iteration 67 completed (0.020 ms) ======
====== dummy-empty (dummy) [default], iteration 68 started ======
GC before operation: completed in 33.016 ms, heap usage 5.827 MB -> 4.827 MB.
====== dummy-empty (dummy) [default], iteration 68 completed (0.020 ms) ======
====== dummy-empty (dummy) [default], iteration 69 started ======
GC before operation: completed in 33.675 ms, heap usage 5.827 MB -> 4.827 MB.
====== dummy-empty (dummy) [default], iteration 69 completed (0.019 ms) ======
====== dummy-empty (dummy) [default], iteration 70 started ======
GC before operation: completed in 33.058 ms, heap usage 5.827 MB -> 4.827 MB.
====== dummy-empty (dummy) [default], iteration 70 completed (0.020 ms) ======
====== dummy-empty (dummy) [default], iteration 71 started ======
GC before operation: completed in 32.737 ms, heap usage 5.827 MB -> 4.827 MB.
====== dummy-empty (dummy) [default], iteration 71 completed (0.019 ms) ======
====== dummy-empty (dummy) [default], iteration 72 started ======
GC before operation: completed in 33.138 ms, heap usage 5.827 MB -> 4.828 MB.
====== dummy-empty (dummy) [default], iteration 72 completed (0.020 ms) ======
====== dummy-empty (dummy) [default], iteration 73 started ======
GC before operation: completed in 33.785 ms, heap usage 5.828 MB -> 4.828 MB.
====== dummy-empty (dummy) [default], iteration 73 completed (0.019 ms) ======
====== dummy-empty (dummy) [default], iteration 74 started ======
GC before operation: completed in 37.225 ms, heap usage 5.828 MB -> 4.828 MB.
====== dummy-empty (dummy) [default], iteration 74 completed (0.020 ms) ======
====== dummy-empty (dummy) [default], iteration 75 started ======
GC before operation: completed in 32.476 ms, heap usage 5.828 MB -> 4.828 MB.
====== dummy-empty (dummy) [default], iteration 75 completed (0.019 ms) ======
====== dummy-empty (dummy) [default], iteration 76 started ======
GC before operation: completed in 33.507 ms, heap usage 5.828 MB -> 4.828 MB.
====== dummy-empty (dummy) [default], iteration 76 completed (0.020 ms) ======
====== dummy-empty (dummy) [default], iteration 77 started ======
GC before operation: completed in 32.693 ms, heap usage 5.828 MB -> 4.828 MB.
====== dummy-empty (dummy) [default], iteration 77 completed (0.020 ms) ======
====== dummy-empty (dummy) [default], iteration 78 started ======
GC before operation: completed in 34.675 ms, heap usage 5.828 MB -> 4.828 MB.
====== dummy-empty (dummy) [default], iteration 78 completed (0.020 ms) ======
====== dummy-empty (dummy) [default], iteration 79 started ======
GC before operation: completed in 34.261 ms, heap usage 5.828 MB -> 4.828 MB.
====== dummy-empty (dummy) [default], iteration 79 completed (0.019 ms) ======
====== dummy-empty (dummy) [default], iteration 80 started ======
GC before operation: completed in 32.490 ms, heap usage 5.828 MB -> 4.828 MB.
====== dummy-empty (dummy) [default], iteration 80 completed (0.020 ms) ======
====== dummy-empty (dummy) [default], iteration 81 started ======
GC before operation: completed in 32.662 ms, heap usage 5.828 MB -> 4.828 MB.
====== dummy-empty (dummy) [default], iteration 81 completed (0.019 ms) ======
====== dummy-empty (dummy) [default], iteration 82 started ======
GC before operation: completed in 32.768 ms, heap usage 5.828 MB -> 4.828 MB.
====== dummy-empty (dummy) [default], iteration 82 completed (0.019 ms) ======
====== dummy-empty (dummy) [default], iteration 83 started ======
GC before operation: completed in 33.891 ms, heap usage 5.828 MB -> 4.828 MB.
====== dummy-empty (dummy) [default], iteration 83 completed (0.020 ms) ======
====== dummy-empty (dummy) [default], iteration 84 started ======
GC before operation: completed in 32.910 ms, heap usage 5.828 MB -> 4.828 MB.
====== dummy-empty (dummy) [default], iteration 84 completed (0.020 ms) ======
====== dummy-empty (dummy) [default], iteration 85 started ======
GC before operation: completed in 32.711 ms, heap usage 5.828 MB -> 4.828 MB.
====== dummy-empty (dummy) [default], iteration 85 completed (0.020 ms) ======
====== dummy-empty (dummy) [default], iteration 86 started ======
GC before operation: completed in 33.579 ms, heap usage 5.828 MB -> 4.828 MB.
====== dummy-empty (dummy) [default], iteration 86 completed (0.020 ms) ======
====== dummy-empty (dummy) [default], iteration 87 started ======
GC before operation: completed in 33.171 ms, heap usage 5.828 MB -> 4.828 MB.
====== dummy-empty (dummy) [default], iteration 87 completed (0.020 ms) ======
====== dummy-empty (dummy) [default], iteration 88 started ======
GC before operation: completed in 32.589 ms, heap usage 5.828 MB -> 4.828 MB.
====== dummy-empty (dummy) [default], iteration 88 completed (0.020 ms) ======
====== dummy-empty (dummy) [default], iteration 89 started ======
GC before operation: completed in 33.045 ms, heap usage 5.828 MB -> 4.828 MB.
====== dummy-empty (dummy) [default], iteration 89 completed (0.020 ms) ======
====== dummy-empty (dummy) [default], iteration 90 started ======
GC before operation: completed in 33.166 ms, heap usage 5.828 MB -> 4.828 MB.
====== dummy-empty (dummy) [default], iteration 90 completed (0.019 ms) ======
====== dummy-empty (dummy) [default], iteration 91 started ======
GC before operation: completed in 34.049 ms, heap usage 5.828 MB -> 4.828 MB.
====== dummy-empty (dummy) [default], iteration 91 completed (0.020 ms) ======
====== dummy-empty (dummy) [default], iteration 92 started ======
GC before operation: completed in 33.914 ms, heap usage 6.828 MB -> 4.829 MB.
====== dummy-empty (dummy) [default], iteration 92 completed (0.020 ms) ======
====== dummy-empty (dummy) [default], iteration 93 started ======
GC before operation: completed in 32.669 ms, heap usage 5.829 MB -> 4.829 MB.
====== dummy-empty (dummy) [default], iteration 93 completed (0.020 ms) ======
====== dummy-empty (dummy) [default], iteration 94 started ======
GC before operation: completed in 33.013 ms, heap usage 5.829 MB -> 4.829 MB.
====== dummy-empty (dummy) [default], iteration 94 completed (0.019 ms) ======
====== dummy-empty (dummy) [default], iteration 95 started ======
GC before operation: completed in 32.149 ms, heap usage 5.829 MB -> 4.829 MB.
====== dummy-empty (dummy) [default], iteration 95 completed (0.021 ms) ======
====== dummy-empty (dummy) [default], iteration 96 started ======
GC before operation: completed in 32.255 ms, heap usage 5.829 MB -> 4.829 MB.
====== dummy-empty (dummy) [default], iteration 96 completed (0.022 ms) ======
====== dummy-empty (dummy) [default], iteration 97 started ======
GC before operation: completed in 33.667 ms, heap usage 5.829 MB -> 4.829 MB.
====== dummy-empty (dummy) [default], iteration 97 completed (0.021 ms) ======
====== dummy-empty (dummy) [default], iteration 98 started ======
GC before operation: completed in 32.826 ms, heap usage 5.829 MB -> 4.829 MB.
====== dummy-empty (dummy) [default], iteration 98 completed (0.021 ms) ======
====== dummy-empty (dummy) [default], iteration 99 started ======
GC before operation: completed in 32.033 ms, heap usage 5.829 MB -> 4.829 MB.
====== dummy-empty (dummy) [default], iteration 99 completed (0.021 ms) ======
====== dummy-validation-failing (dummy) [default], iteration 0 started ======
GC before operation: completed in 36.416 ms, heap usage 5.829 MB -> 4.829 MB.
====== dummy-validation-failing (dummy) [default], iteration 0 completed (0.228 ms) ======
====== dummy-validation-failing (dummy) [default], iteration 1 started ======
GC before operation: completed in 32.621 ms, heap usage 5.829 MB -> 4.829 MB.
====== dummy-validation-failing (dummy) [default], iteration 1 failed (ValidationException) ======
Benchmark 'dummy-validation-failing' failed result validation:
intentional failure: expected 1 but got -1
====== dummy-failing (dummy) [default], iteration 0 started ======
GC before operation: completed in 33.761 ms, heap usage 5.829 MB -> 4.830 MB.
====== dummy-failing (dummy) [default], iteration 0 completed (0.237 ms) ======
====== dummy-failing (dummy) [default], iteration 1 started ======
GC before operation: completed in 32.281 ms, heap usage 5.830 MB -> 4.830 MB.
====== dummy-failing (dummy) [default], iteration 1 failed (AssertionError) ======
Benchmark 'dummy-failing' failed with exception:
java.lang.AssertionError: Intentionally failing
	at org.renaissance.dummy.DummyFailing.run(DummyFailing.java:22)
	at org.renaissance.harness.ExecutionDriver.executeOperation(ExecutionDriver.java:137)
	at org.renaissance.harness.ExecutionDriver.executeBenchmark(ExecutionDriver.java:93)
	at org.renaissance.harness.RenaissanceSuite$.$anonfun$runBenchmarks$1(RenaissanceSuite.scala:163)
	at org.renaissance.harness.RenaissanceSuite$.$anonfun$runBenchmarks$1$adapted(RenaissanceSuite.scala:159)
	at scala.collection.immutable.List.foreach(List.scala:333)
	at org.renaissance.harness.RenaissanceSuite$.runBenchmarks(RenaissanceSuite.scala:159)
	at org.renaissance.harness.RenaissanceSuite$.main(RenaissanceSuite.scala:132)
	at org.renaissance.harness.RenaissanceSuite.main(RenaissanceSuite.scala)
	at java.base/jdk.internal.reflect.NativeMethodAccessorImpl.invoke0(Native Method)
	at java.base/jdk.internal.reflect.NativeMethodAccessorImpl.invoke(NativeMethodAccessorImpl.java:77)
	at java.base/jdk.internal.reflect.DelegatingMethodAccessorImpl.invoke(DelegatingMethodAccessorImpl.java:43)
	at java.base/java.lang.reflect.Method.invoke(Method.java:568)
	at org.renaissance.core.Launcher.loadAndInvokeHarnessClass(Launcher.java:129)
	at org.renaissance.core.Launcher.launchHarnessClass(Launcher.java:78)
	at org.renaissance.core.Launcher.main(Launcher.java:43)
====== dummy-param (dummy) [default], iteration 0 started ======
GC before operation: completed in 37.410 ms, heap usage 5.830 MB -> 4.831 MB.
thread_count: 4
meaning_of_life: 42
beyond_reason: PI
reality_check: 3.141593
the_sky_is_blue: true
tough_choice: to be,not to be
====== dummy-param (dummy) [default], iteration 0 completed (23.230 ms) ======
====== dummy-param (dummy) [default], iteration 1 started ======
GC before operation: completed in 34.692 ms, heap usage 5.831 MB -> 4.850 MB.
thread_count: 4
meaning_of_life: 42
beyond_reason: PI
reality_check: 3.141593
the_sky_is_blue: true
tough_choice: to be,not to be
====== dummy-param (dummy) [default], iteration 1 completed (1.235 ms) ======
====== dummy-param (dummy) [default], iteration 2 started ======
GC before operation: completed in 34.748 ms, heap usage 5.850 MB -> 4.849 MB.
thread_count: 4
meaning_of_life: 42
beyond_reason: PI
reality_check: 3.141593
the_sky_is_blue: true
tough_choice: to be,not to be
====== dummy-param (dummy) [default], iteration 2 completed (1.166 ms) ======
====== dummy-param (dummy) [default], iteration 3 started ======
GC before operation: completed in 31.606 ms, heap usage 5.849 MB -> 4.849 MB.
thread_count: 4
meaning_of_life: 42
beyond_reason: PI
reality_check: 3.141593
the_sky_is_blue: true
tough_choice: to be,not to be
====== dummy-param (dummy) [default], iteration 3 completed (1.215 ms) ======
====== dummy-param (dummy) [default], iteration 4 started ======
GC before operation: completed in 33.174 ms, heap usage 5.849 MB -> 4.849 MB.
thread_count: 4
meaning_of_life: 42
beyond_reason: PI
reality_check: 3.141593
the_sky_is_blue: true
tough_choice: to be,not to be
====== dummy-param (dummy) [default], iteration 4 completed (1.163 ms) ======
====== dummy-param (dummy) [default], iteration 5 started ======
GC before operation: completed in 32.859 ms, heap usage 5.849 MB -> 4.849 MB.
thread_count: 4
meaning_of_life: 42
beyond_reason: PI
reality_check: 3.141593
the_sky_is_blue: true
tough_choice: to be,not to be
====== dummy-param (dummy) [default], iteration 5 completed (1.296 ms) ======
====== dummy-param (dummy) [default], iteration 6 started ======
GC before operation: completed in 31.192 ms, heap usage 5.849 MB -> 4.849 MB.
thread_count: 4
meaning_of_life: 42
beyond_reason: PI
reality_check: 3.141593
the_sky_is_blue: true
tough_choice: to be,not to be
====== dummy-param (dummy) [default], iteration 6 completed (1.228 ms) ======
====== dummy-param (dummy) [default], iteration 7 started ======
GC before operation: completed in 32.919 ms, heap usage 5.849 MB -> 4.849 MB.
thread_count: 4
meaning_of_life: 42
beyond_reason: PI
reality_check: 3.141593
the_sky_is_blue: true
tough_choice: to be,not to be
====== dummy-param (dummy) [default], iteration 7 completed (1.311 ms) ======
====== dummy-param (dummy) [default], iteration 8 started ======
GC before operation: completed in 35.150 ms, heap usage 5.849 MB -> 4.849 MB.
thread_count: 4
meaning_of_life: 42
beyond_reason: PI
reality_check: 3.141593
the_sky_is_blue: true
tough_choice: to be,not to be
====== dummy-param (dummy) [default], iteration 8 completed (1.213 ms) ======
====== dummy-param (dummy) [default], iteration 9 started ======
GC before operation: completed in 32.959 ms, heap usage 5.849 MB -> 4.849 MB.
thread_count: 4
meaning_of_life: 42
beyond_reason: PI
reality_check: 3.141593
the_sky_is_blue: true
tough_choice: to be,not to be
====== dummy-param (dummy) [default], iteration 9 completed (1.225 ms) ======
====== dummy-param (dummy) [default], iteration 10 started ======
GC before operation: completed in 33.128 ms, heap usage 5.849 MB -> 4.849 MB.
thread_count: 4
meaning_of_life: 42
beyond_reason: PI
reality_check: 3.141593
the_sky_is_blue: true
tough_choice: to be,not to be
====== dummy-param (dummy) [default], iteration 10 completed (1.220 ms) ======
====== dummy-param (dummy) [default], iteration 11 started ======
GC before operation: completed in 33.272 ms, heap usage 5.849 MB -> 4.850 MB.
thread_count: 4
meaning_of_life: 42
beyond_reason: PI
reality_check: 3.141593
the_sky_is_blue: true
tough_choice: to be,not to be
====== dummy-param (dummy) [default], iteration 11 completed (1.135 ms) ======
====== dummy-param (dummy) [default], iteration 12 started ======
GC before operation: completed in 33.562 ms, heap usage 5.850 MB -> 4.850 MB.
thread_count: 4
meaning_of_life: 42
beyond_reason: PI
reality_check: 3.141593
the_sky_is_blue: true
tough_choice: to be,not to be
====== dummy-param (dummy) [default], iteration 12 completed (1.164 ms) ======
====== dummy-param (dummy) [default], iteration 13 started ======
GC before operation: completed in 32.700 ms, heap usage 5.850 MB -> 4.850 MB.
thread_count: 4
meaning_of_life: 42
beyond_reason: PI
reality_check: 3.141593
the_sky_is_blue: true
tough_choice: to be,not to be
====== dummy-param (dummy) [default], iteration 13 completed (1.152 ms) ======
====== dummy-param (dummy) [default], iteration 14 started ======
GC before operation: completed in 32.951 ms, heap usage 5.850 MB -> 4.850 MB.
thread_count: 4
meaning_of_life: 42
beyond_reason: PI
reality_check: 3.141593
the_sky_is_blue: true
tough_choice: to be,not to be
====== dummy-param (dummy) [default], iteration 14 completed (1.181 ms) ======
====== dummy-param (dummy) [default], iteration 15 started ======
GC before operation: completed in 32.965 ms, heap usage 5.850 MB -> 4.850 MB.
thread_count: 4
meaning_of_life: 42
beyond_reason: PI
reality_check: 3.141593
the_sky_is_blue: true
tough_choice: to be,not to be
====== dummy-param (dummy) [default], iteration 15 completed (1.119 ms) ======
====== dummy-param (dummy) [default], iteration 16 started ======
GC before operation: completed in 33.110 ms, heap usage 5.850 MB -> 4.850 MB.
thread_count: 4
meaning_of_life: 42
beyond_reason: PI
reality_check: 3.141593
the_sky_is_blue: true
tough_choice: to be,not to be
====== dummy-param (dummy) [default], iteration 16 completed (1.116 ms) ======
====== dummy-param (dummy) [default], iteration 17 started ======
GC before operation: completed in 33.092 ms, heap usage 5.850 MB -> 4.850 MB.
thread_count: 4
meaning_of_life: 42
beyond_reason: PI
reality_check: 3.141593
the_sky_is_blue: true
tough_choice: to be,not to be
====== dummy-param (dummy) [default], iteration 17 completed (1.103 ms) ======
====== dummy-param (dummy) [default], iteration 18 started ======
GC before operation: completed in 32.989 ms, heap usage 5.850 MB -> 4.850 MB.
thread_count: 4
meaning_of_life: 42
beyond_reason: PI
reality_check: 3.141593
the_sky_is_blue: true
tough_choice: to be,not to be
====== dummy-param (dummy) [default], iteration 18 completed (1.217 ms) ======
====== dummy-param (dummy) [default], iteration 19 started ======
GC before operation: completed in 32.009 ms, heap usage 5.850 MB -> 4.850 MB.
thread_count: 4
meaning_of_life: 42
beyond_reason: PI
reality_check: 3.141593
the_sky_is_blue: true
tough_choice: to be,not to be
====== dummy-param (dummy) [default], iteration 19 completed (1.152 ms) ======
====== dummy-param (dummy) [default], iteration 20 started ======
GC before operation: completed in 33.187 ms, heap usage 5.850 MB -> 4.850 MB.
thread_count: 4
meaning_of_life: 42
beyond_reason: PI
reality_check: 3.141593
the_sky_is_blue: true
tough_choice: to be,not to be
====== dummy-param (dummy) [default], iteration 20 completed (1.106 ms) ======
====== dummy-param (dummy) [default], iteration 21 started ======
GC before operation: completed in 32.972 ms, heap usage 5.850 MB -> 4.850 MB.
thread_count: 4
meaning_of_life: 42
beyond_reason: PI
reality_check: 3.141593
the_sky_is_blue: true
tough_choice: to be,not to be
====== dummy-param (dummy) [default], iteration 21 completed (1.227 ms) ======
====== dummy-param (dummy) [default], iteration 22 started ======
GC before operation: completed in 33.449 ms, heap usage 5.850 MB -> 4.850 MB.
thread_count: 4
meaning_of_life: 42
beyond_reason: PI
reality_check: 3.141593
the_sky_is_blue: true
tough_choice: to be,not to be
====== dummy-param (dummy) [default], iteration 22 completed (1.171 ms) ======
====== dummy-param (dummy) [default], iteration 23 started ======
GC before operation: completed in 32.237 ms, heap usage 5.850 MB -> 4.850 MB.
thread_count: 4
meaning_of_life: 42
beyond_reason: PI
reality_check: 3.141593
the_sky_is_blue: true
tough_choice: to be,not to be
====== dummy-param (dummy) [default], iteration 23 completed (1.111 ms) ======
====== dummy-param (dummy) [default], iteration 24 started ======
GC before operation: completed in 33.254 ms, heap usage 5.850 MB -> 4.850 MB.
thread_count: 4
meaning_of_life: 42
beyond_reason: PI
reality_check: 3.141593
the_sky_is_blue: true
tough_choice: to be,not to be
====== dummy-param (dummy) [default], iteration 24 completed (1.070 ms) ======
====== dummy-param (dummy) [default], iteration 25 started ======
GC before operation: completed in 32.061 ms, heap usage 5.850 MB -> 4.851 MB.
thread_count: 4
meaning_of_life: 42
beyond_reason: PI
reality_check: 3.141593
the_sky_is_blue: true
tough_choice: to be,not to be
====== dummy-param (dummy) [default], iteration 25 completed (1.093 ms) ======
====== dummy-param (dummy) [default], iteration 26 started ======
GC before operation: completed in 32.515 ms, heap usage 5.851 MB -> 4.850 MB.
thread_count: 4
meaning_of_life: 42
beyond_reason: PI
reality_check: 3.141593
the_sky_is_blue: true
tough_choice: to be,not to be
====== dummy-param (dummy) [default], iteration 26 completed (1.110 ms) ======
====== dummy-param (dummy) [default], iteration 27 started ======
GC before operation: completed in 33.100 ms, heap usage 5.850 MB -> 4.851 MB.
thread_count: 4
meaning_of_life: 42
beyond_reason: PI
reality_check: 3.141593
the_sky_is_blue: true
tough_choice: to be,not to be
====== dummy-param (dummy) [default], iteration 27 completed (1.133 ms) ======
====== dummy-param (dummy) [default], iteration 28 started ======
GC before operation: completed in 32.162 ms, heap usage 5.851 MB -> 4.850 MB.
thread_count: 4
meaning_of_life: 42
beyond_reason: PI
reality_check: 3.141593
the_sky_is_blue: true
tough_choice: to be,not to be
====== dummy-param (dummy) [default], iteration 28 completed (1.098 ms) ======
====== dummy-param (dummy) [default], iteration 29 started ======
GC before operation: completed in 33.136 ms, heap usage 5.850 MB -> 4.850 MB.
thread_count: 4
meaning_of_life: 42
beyond_reason: PI
reality_check: 3.141593
the_sky_is_blue: true
tough_choice: to be,not to be
====== dummy-param (dummy) [default], iteration 29 completed (1.070 ms) ======
====== dummy-param (dummy) [default], iteration 30 started ======
GC before operation: completed in 32.306 ms, heap usage 5.850 MB -> 4.851 MB.
thread_count: 4
meaning_of_life: 42
beyond_reason: PI
reality_check: 3.141593
the_sky_is_blue: true
tough_choice: to be,not to be
====== dummy-param (dummy) [default], iteration 30 completed (1.084 ms) ======
====== dummy-param (dummy) [default], iteration 31 started ======
GC before operation: completed in 35.887 ms, heap usage 5.851 MB -> 4.851 MB.
thread_count: 4
meaning_of_life: 42
beyond_reason: PI
reality_check: 3.141593
the_sky_is_blue: true
tough_choice: to be,not to be
====== dummy-param (dummy) [default], iteration 31 completed (1.105 ms) ======
====== dummy-param (dummy) [default], iteration 32 started ======
GC before operation: completed in 33.029 ms, heap usage 5.851 MB -> 4.851 MB.
thread_count: 4
meaning_of_life: 42
beyond_reason: PI
reality_check: 3.141593
the_sky_is_blue: true
tough_choice: to be,not to be
====== dummy-param (dummy) [default], iteration 32 completed (1.140 ms) ======
====== dummy-param (dummy) [default], iteration 33 started ======
GC before operation: completed in 33.598 ms, heap usage 5.851 MB -> 4.851 MB.
thread_count: 4
meaning_of_life: 42
beyond_reason: PI
reality_check: 3.141593
the_sky_is_blue: true
tough_choice: to be,not to be
====== dummy-param (dummy) [default], iteration 33 completed (1.089 ms) ======
====== dummy-param (dummy) [default], iteration 34 started ======
GC before operation: completed in 33.217 ms, heap usage 5.851 MB -> 4.851 MB.
thread_count: 4
meaning_of_life: 42
beyond_reason: PI
reality_check: 3.141593
the_sky_is_blue: true
tough_choice: to be,not to be
====== dummy-param (dummy) [default], iteration 34 completed (1.101 ms) ======
====== dummy-param (dummy) [default], iteration 35 started ======
GC before operation: completed in 32.662 ms, heap usage 5.851 MB -> 4.851 MB.
thread_count: 4
meaning_of_life: 42
beyond_reason: PI
reality_check: 3.141593
the_sky_is_blue: true
tough_choice: to be,not to be
====== dummy-param (dummy) [default], iteration 35 completed (1.112 ms) ======
====== dummy-param (dummy) [default], iteration 36 started ======
GC before operation: completed in 32.573 ms, heap usage 5.851 MB -> 4.851 MB.
thread_count: 4
meaning_of_life: 42
beyond_reason: PI
reality_check: 3.141593
the_sky_is_blue: true
tough_choice: to be,not to be
====== dummy-param (dummy) [default], iteration 36 completed (1.107 ms) ======
====== dummy-param (dummy) [default], iteration 37 started ======
GC before operation: completed in 32.118 ms, heap usage 5.851 MB -> 4.851 MB.
thread_count: 4
meaning_of_life: 42
beyond_reason: PI
reality_check: 3.141593
the_sky_is_blue: true
tough_choice: to be,not to be
====== dummy-param (dummy) [default], iteration 37 completed (1.076 ms) ======
====== dummy-param (dummy) [default], iteration 38 started ======
GC before operation: completed in 32.928 ms, heap usage 5.851 MB -> 4.851 MB.
thread_count: 4
meaning_of_life: 42
beyond_reason: PI
reality_check: 3.141593
the_sky_is_blue: true
tough_choice: to be,not to be
====== dummy-param (dummy) [default], iteration 38 completed (1.192 ms) ======
====== dummy-param (dummy) [default], iteration 39 started ======
GC before operation: completed in 31.852 ms, heap usage 5.851 MB -> 4.851 MB.
thread_count: 4
meaning_of_life: 42
beyond_reason: PI
reality_check: 3.141593
the_sky_is_blue: true
tough_choice: to be,not to be
====== dummy-param (dummy) [default], iteration 39 completed (1.060 ms) ======
====== dummy-param (dummy) [default], iteration 40 started ======
GC before operation: completed in 33.231 ms, heap usage 5.851 MB -> 4.851 MB.
thread_count: 4
meaning_of_life: 42
beyond_reason: PI
reality_check: 3.141593
the_sky_is_blue: true
tough_choice: to be,not to be
====== dummy-param (dummy) [default], iteration 40 completed (1.091 ms) ======
====== dummy-param (dummy) [default], iteration 41 started ======
GC before operation: completed in 34.206 ms, heap usage 5.851 MB -> 4.852 MB.
thread_count: 4
meaning_of_life: 42
beyond_reason: PI
reality_check: 3.141593
the_sky_is_blue: true
tough_choice: to be,not to be
====== dummy-param (dummy) [default], iteration 41 completed (1.073 ms) ======
====== dummy-param (dummy) [default], iteration 42 started ======
GC before operation: completed in 32.380 ms, heap usage 5.852 MB -> 4.851 MB.
thread_count: 4
meaning_of_life: 42
beyond_reason: PI
reality_check: 3.141593
the_sky_is_blue: true
tough_choice: to be,not to be
====== dummy-param (dummy) [default], iteration 42 completed (1.171 ms) ======
====== dummy-param (dummy) [default], iteration 43 started ======
GC before operation: completed in 32.791 ms, heap usage 5.851 MB -> 4.851 MB.
thread_count: 4
meaning_of_life: 42
beyond_reason: PI
reality_check: 3.141593
the_sky_is_blue: true
tough_choice: to be,not to be
====== dummy-param (dummy) [default], iteration 43 completed (1.126 ms) ======
====== dummy-param (dummy) [default], iteration 44 started ======
GC before operation: completed in 32.368 ms, heap usage 5.851 MB -> 4.852 MB.
thread_count: 4
meaning_of_life: 42
beyond_reason: PI
reality_check: 3.141593
the_sky_is_blue: true
tough_choice: to be,not to be
====== dummy-param (dummy) [default], iteration 44 completed (1.215 ms) ======
====== dummy-param (dummy) [default], iteration 45 started ======
GC before operation: completed in 32.899 ms, heap usage 5.852 MB -> 4.852 MB.
thread_count: 4
meaning_of_life: 42
beyond_reason: PI
reality_check: 3.141593
the_sky_is_blue: true
tough_choice: to be,not to be
====== dummy-param (dummy) [default], iteration 45 completed (1.071 ms) ======
====== dummy-param (dummy) [default], iteration 46 started ======
GC before operation: completed in 32.621 ms, heap usage 5.852 MB -> 4.852 MB.
thread_count: 4
meaning_of_life: 42
beyond_reason: PI
reality_check: 3.141593
the_sky_is_blue: true
tough_choice: to be,not to be
====== dummy-param (dummy) [default], iteration 46 completed (1.068 ms) ======
====== dummy-param (dummy) [default], iteration 47 started ======
GC before operation: completed in 32.243 ms, heap usage 5.852 MB -> 4.852 MB.
thread_count: 4
meaning_of_life: 42
beyond_reason: PI
reality_check: 3.141593
the_sky_is_blue: true
tough_choice: to be,not to be
====== dummy-param (dummy) [default], iteration 47 completed (1.105 ms) ======
====== dummy-param (dummy) [default], iteration 48 started ======
GC before operation: completed in 32.504 ms, heap usage 5.852 MB -> 4.852 MB.
thread_count: 4
meaning_of_life: 42
beyond_reason: PI
reality_check: 3.141593
the_sky_is_blue: true
tough_choice: to be,not to be
====== dummy-param (dummy) [default], iteration 48 completed (1.059 ms) ======
====== dummy-param (dummy) [default], iteration 49 started ======
GC before operation: completed in 33.162 ms, heap usage 5.852 MB -> 4.852 MB.
thread_count: 4
meaning_of_life: 42
beyond_reason: PI
reality_check: 3.141593
the_sky_is_blue: true
tough_choice: to be,not to be
====== dummy-param (dummy) [default], iteration 49 completed (1.069 ms) ======
====== dummy-param (dummy) [default], iteration 50 started ======
GC before operation: completed in 32.376 ms, heap usage 5.852 MB -> 4.852 MB.
thread_count: 4
meaning_of_life: 42
beyond_reason: PI
reality_check: 3.141593
the_sky_is_blue: true
tough_choice: to be,not to be
====== dummy-param (dummy) [default], iteration 50 completed (1.047 ms) ======
====== dummy-param (dummy) [default], iteration 51 started ======
GC before operation: completed in 34.003 ms, heap usage 5.852 MB -> 4.852 MB.
thread_count: 4
meaning_of_life: 42
beyond_reason: PI
reality_check: 3.141593
the_sky_is_blue: true
tough_choice: to be,not to be
====== dummy-param (dummy) [default], iteration 51 completed (1.082 ms) ======
====== dummy-param (dummy) [default], iteration 52 started ======
GC before operation: completed in 31.958 ms, heap usage 5.852 MB -> 4.852 MB.
thread_count: 4
meaning_of_life: 42
beyond_reason: PI
reality_check: 3.141593
the_sky_is_blue: true
tough_choice: to be,not to be
====== dummy-param (dummy) [default], iteration 52 completed (1.067 ms) ======
====== dummy-param (dummy) [default], iteration 53 started ======
GC before operation: completed in 32.315 ms, heap usage 5.852 MB -> 4.852 MB.
thread_count: 4
meaning_of_life: 42
beyond_reason: PI
reality_check: 3.141593
the_sky_is_blue: true
tough_choice: to be,not to be
====== dummy-param (dummy) [default], iteration 53 completed (1.236 ms) ======
====== dummy-param (dummy) [default], iteration 54 started ======
GC before operation: completed in 31.995 ms, heap usage 5.852 MB -> 4.852 MB.
thread_count: 4
meaning_of_life: 42
beyond_reason: PI
reality_check: 3.141593
the_sky_is_blue: true
tough_choice: to be,not to be
====== dummy-param (dummy) [default], iteration 54 completed (1.086 ms) ======
====== dummy-param (dummy) [default], iteration 55 started ======
GC before operation: completed in 32.885 ms, heap usage 5.852 MB -> 4.852 MB.
thread_count: 4
meaning_of_life: 42
beyond_reason: PI
reality_check: 3.141593
the_sky_is_blue: true
tough_choice: to be,not to be
====== dummy-param (dummy) [default], iteration 55 completed (1.097 ms) ======
====== dummy-param (dummy) [default], iteration 56 started ======
GC before operation: completed in 32.334 ms, heap usage 5.852 MB -> 4.852 MB.
thread_count: 4
meaning_of_life: 42
beyond_reason: PI
reality_check: 3.141593
the_sky_is_blue: true
tough_choice: to be,not to be
====== dummy-param (dummy) [default], iteration 56 completed (1.064 ms) ======
====== dummy-param (dummy) [default], iteration 57 started ======
GC before operation: completed in 32.370 ms, heap usage 5.852 MB -> 4.852 MB.
thread_count: 4
meaning_of_life: 42
beyond_reason: PI
reality_check: 3.141593
the_sky_is_blue: true
tough_choice: to be,not to be
====== dummy-param (dummy) [default], iteration 57 completed (1.115 ms) ======
====== dummy-param (dummy) [default], iteration 58 started ======
GC before operation: completed in 33.130 ms, heap usage 5.852 MB -> 4.852 MB.
thread_count: 4
meaning_of_life: 42
beyond_reason: PI
reality_check: 3.141593
the_sky_is_blue: true
tough_choice: to be,not to be
====== dummy-param (dummy) [default], iteration 58 completed (1.153 ms) ======
====== dummy-param (dummy) [default], iteration 59 started ======
GC before operation: completed in 32.087 ms, heap usage 5.852 MB -> 4.852 MB.
thread_count: 4
meaning_of_life: 42
beyond_reason: PI
reality_check: 3.141593
the_sky_is_blue: true
tough_choice: to be,not to be
====== dummy-param (dummy) [default], iteration 59 completed (1.106 ms) ======
====== dummy-param (dummy) [default], iteration 60 started ======
GC before operation: completed in 34.297 ms, heap usage 5.852 MB -> 4.852 MB.
thread_count: 4
meaning_of_life: 42
beyond_reason: PI
reality_check: 3.141593
the_sky_is_blue: true
tough_choice: to be,not to be
====== dummy-param (dummy) [default], iteration 60 completed (1.043 ms) ======
====== dummy-param (dummy) [default], iteration 61 started ======
GC before operation: completed in 32.892 ms, heap usage 5.852 MB -> 4.852 MB.
thread_count: 4
meaning_of_life: 42
beyond_reason: PI
reality_check: 3.141593
the_sky_is_blue: true
tough_choice: to be,not to be
====== dummy-param (dummy) [default], iteration 61 completed (1.071 ms) ======
====== dummy-param (dummy) [default], iteration 62 started ======
GC before operation: completed in 33.117 ms, heap usage 5.852 MB -> 4.852 MB.
thread_count: 4
meaning_of_life: 42
beyond_reason: PI
reality_check: 3.141593
the_sky_is_blue: true
tough_choice: to be,not to be
====== dummy-param (dummy) [default], iteration 62 completed (1.080 ms) ======
====== dummy-param (dummy) [default], iteration 63 started ======
GC before operation: completed in 33.458 ms, heap usage 5.852 MB -> 4.852 MB.
thread_count: 4
meaning_of_life: 42
beyond_reason: PI
reality_check: 3.141593
the_sky_is_blue: true
tough_choice: to be,not to be
====== dummy-param (dummy) [default], iteration 63 completed (1.200 ms) ======
====== dummy-param (dummy) [default], iteration 64 started ======
GC before operation: completed in 31.882 ms, heap usage 5.852 MB -> 4.853 MB.
thread_count: 4
meaning_of_life: 42
beyond_reason: PI
reality_check: 3.141593
the_sky_is_blue: true
tough_choice: to be,not to be
====== dummy-param (dummy) [default], iteration 64 completed (1.039 ms) ======
====== dummy-param (dummy) [default], iteration 65 started ======
GC before operation: completed in 32.131 ms, heap usage 5.853 MB -> 4.853 MB.
thread_count: 4
meaning_of_life: 42
beyond_reason: PI
reality_check: 3.141593
the_sky_is_blue: true
tough_choice: to be,not to be
====== dummy-param (dummy) [default], iteration 65 completed (1.200 ms) ======
====== dummy-param (dummy) [default], iteration 66 started ======
GC before operation: completed in 32.830 ms, heap usage 5.853 MB -> 4.853 MB.
thread_count: 4
meaning_of_life: 42
beyond_reason: PI
reality_check: 3.141593
the_sky_is_blue: true
tough_choice: to be,not to be
====== dummy-param (dummy) [default], iteration 66 completed (1.036 ms) ======
====== dummy-param (dummy) [default], iteration 67 started ======
GC before operation: completed in 32.596 ms, heap usage 5.853 MB -> 4.853 MB.
thread_count: 4
meaning_of_life: 42
beyond_reason: PI
reality_check: 3.141593
the_sky_is_blue: true
tough_choice: to be,not to be
====== dummy-param (dummy) [default], iteration 67 completed (1.133 ms) ======
====== dummy-param (dummy) [default], iteration 68 started ======
GC before operation: completed in 32.534 ms, heap usage 6.853 MB -> 4.853 MB.
thread_count: 4
meaning_of_life: 42
beyond_reason: PI
reality_check: 3.141593
the_sky_is_blue: true
tough_choice: to be,not to be
====== dummy-param (dummy) [default], iteration 68 completed (1.099 ms) ======
====== dummy-param (dummy) [default], iteration 69 started ======
GC before operation: completed in 33.119 ms, heap usage 5.853 MB -> 4.853 MB.
thread_count: 4
meaning_of_life: 42
beyond_reason: PI
reality_check: 3.141593
the_sky_is_blue: true
tough_choice: to be,not to be
====== dummy-param (dummy) [default], iteration 69 completed (1.114 ms) ======
====== dummy-param (dummy) [default], iteration 70 started ======
GC before operation: completed in 32.499 ms, heap usage 5.853 MB -> 4.853 MB.
thread_count: 4
meaning_of_life: 42
beyond_reason: PI
reality_check: 3.141593
the_sky_is_blue: true
tough_choice: to be,not to be
====== dummy-param (dummy) [default], iteration 70 completed (1.065 ms) ======
====== dummy-param (dummy) [default], iteration 71 started ======
GC before operation: completed in 32.814 ms, heap usage 5.853 MB -> 4.853 MB.
thread_count: 4
meaning_of_life: 42
beyond_reason: PI
reality_check: 3.141593
the_sky_is_blue: true
tough_choice: to be,not to be
====== dummy-param (dummy) [default], iteration 71 completed (0.984 ms) ======
====== dummy-param (dummy) [default], iteration 72 started ======
GC before operation: completed in 32.355 ms, heap usage 5.853 MB -> 4.853 MB.
thread_count: 4
meaning_of_life: 42
beyond_reason: PI
reality_check: 3.141593
the_sky_is_blue: true
tough_choice: to be,not to be
====== dummy-param (dummy) [default], iteration 72 completed (1.030 ms) ======
====== dummy-param (dummy) [default], iteration 73 started ======
GC before operation: completed in 33.072 ms, heap usage 5.853 MB -> 4.854 MB.
thread_count: 4
meaning_of_life: 42
beyond_reason: PI
reality_check: 3.141593
the_sky_is_blue: true
tough_choice: to be,not to be
====== dummy-param (dummy) [default], iteration 73 completed (1.022 ms) ======
====== dummy-param (dummy) [default], iteration 74 started ======
GC before operation: completed in 32.493 ms, heap usage 5.854 MB -> 4.854 MB.
thread_count: 4
meaning_of_life: 42
beyond_reason: PI
reality_check: 3.141593
the_sky_is_blue: true
tough_choice: to be,not to be
====== dummy-param (dummy) [default], iteration 74 completed (1.007 ms) ======
====== dummy-param (dummy) [default], iteration 75 started ======
GC before operation: completed in 31.674 ms, heap usage 5.854 MB -> 4.854 MB.
thread_count: 4
meaning_of_life: 42
beyond_reason: PI
reality_check: 3.141593
the_sky_is_blue: true
tough_choice: to be,not to be
====== dummy-param (dummy) [default], iteration 75 completed (0.973 ms) ======
====== dummy-param (dummy) [default], iteration 76 started ======
GC before operation: completed in 32.215 ms, heap usage 5.854 MB -> 4.854 MB.
thread_count: 4
meaning_of_life: 42
beyond_reason: PI
reality_check: 3.141593
the_sky_is_blue: true
tough_choice: to be,not to be
====== dummy-param (dummy) [default], iteration 76 completed (0.986 ms) ======
====== dummy-param (dummy) [default], iteration 77 started ======
GC before operation: completed in 32.919 ms, heap usage 5.854 MB -> 4.854 MB.
thread_count: 4
meaning_of_life: 42
beyond_reason: PI
reality_check: 3.141593
the_sky_is_blue: true
tough_choice: to be,not to be
====== dummy-param (dummy) [default], iteration 77 completed (0.991 ms) ======
====== dummy-param (dummy) [default], iteration 78 started ======
GC before operation: completed in 31.949 ms, heap usage 5.854 MB -> 4.854 MB.
thread_count: 4
meaning_of_life: 42
beyond_reason: PI
reality_check: 3.141593
the_sky_is_blue: true
tough_choice: to be,not to be
====== dummy-param (dummy) [default], iteration 78 completed (1.004 ms) ======
====== dummy-param (dummy) [default], iteration 79 started ======
GC before operation: completed in 32.538 ms, heap usage 5.854 MB -> 4.854 MB.
thread_count: 4
meaning_of_life: 42
beyond_reason: PI
reality_check: 3.141593
the_sky_is_blue: true
tough_choice: to be,not to be
====== dummy-param (dummy) [default], iteration 79 completed (0.996 ms) ======
====== dummy-param (dummy) [default], iteration 80 started ======
GC before operation: completed in 32.222 ms, heap usage 5.854 MB -> 4.854 MB.
thread_count: 4
meaning_of_life: 42
beyond_reason: PI
reality_check: 3.141593
the_sky_is_blue: true
tough_choice: to be,not to be
====== dummy-param (dummy) [default], iteration 80 completed (1.013 ms) ======
====== dummy-param (dummy) [default], iteration 81 started ======
GC before operation: completed in 31.275 ms, heap usage 5.854 MB -> 4.854 MB.
thread_count: 4
meaning_of_life: 42
beyond_reason: PI
reality_check: 3.141593
the_sky_is_blue: true
tough_choice: to be,not to be
====== dummy-param (dummy) [default], iteration 81 completed (0.985 ms) ======
====== dummy-param (dummy) [default], iteration 82 started ======
GC before operation: completed in 33.132 ms, heap usage 5.854 MB -> 4.854 MB.
thread_count: 4
meaning_of_life: 42
beyond_reason: PI
reality_check: 3.141593
the_sky_is_blue: true
tough_choice: to be,not to be
====== dummy-param (dummy) [default], iteration 82 completed (0.990 ms) ======
====== dummy-param (dummy) [default], iteration 83 started ======
GC before operation: completed in 32.564 ms, heap usage 5.854 MB -> 4.854 MB.
thread_count: 4
meaning_of_life: 42
beyond_reason: PI
reality_check: 3.141593
the_sky_is_blue: true
tough_choice: to be,not to be
====== dummy-param (dummy) [default], iteration 83 completed (1.033 ms) ======
====== dummy-param (dummy) [default], iteration 84 started ======
GC before operation: completed in 33.336 ms, heap usage 5.854 MB -> 4.854 MB.
thread_count: 4
meaning_of_life: 42
beyond_reason: PI
reality_check: 3.141593
the_sky_is_blue: true
tough_choice: to be,not to be
====== dummy-param (dummy) [default], iteration 84 completed (1.000 ms) ======
====== dummy-param (dummy) [default], iteration 85 started ======
GC before operation: completed in 33.379 ms, heap usage 5.854 MB -> 4.854 MB.
thread_count: 4
meaning_of_life: 42
beyond_reason: PI
reality_check: 3.141593
the_sky_is_blue: true
tough_choice: to be,not to be
====== dummy-param (dummy) [default], iteration 85 completed (0.998 ms) ======
====== dummy-param (dummy) [default], iteration 86 started ======
GC before operation: completed in 32.458 ms, heap usage 5.854 MB -> 4.854 MB.
thread_count: 4
meaning_of_life: 42
beyond_reason: PI
reality_check: 3.141593
the_sky_is_blue: true
tough_choice: to be,not to be
====== dummy-param (dummy) [default], iteration 86 completed (1.034 ms) ======
====== dummy-param (dummy) [default], iteration 87 started ======
GC before operation: completed in 32.519 ms, heap usage 5.854 MB -> 4.854 MB.
thread_count: 4
meaning_of_life: 42
beyond_reason: PI
reality_check: 3.141593
the_sky_is_blue: true
tough_choice: to be,not to be
====== dummy-param (dummy) [default], iteration 87 completed (0.973 ms) ======
====== dummy-param (dummy) [default], iteration 88 started ======
GC before operation: completed in 32.892 ms, heap usage 5.854 MB -> 4.854 MB.
thread_count: 4
meaning_of_life: 42
beyond_reason: PI
reality_check: 3.141593
the_sky_is_blue: true
tough_choice: to be,not to be
====== dummy-param (dummy) [default], iteration 88 completed (0.994 ms) ======
====== dummy-param (dummy) [default], iteration 89 started ======
GC before operation: completed in 35.391 ms, heap usage 5.854 MB -> 4.854 MB.
thread_count: 4
meaning_of_life: 42
beyond_reason: PI
reality_check: 3.141593
the_sky_is_blue: true
tough_choice: to be,not to be
====== dummy-param (dummy) [default], iteration 89 completed (1.017 ms) ======
====== dummy-param (dummy) [default], iteration 90 started ======
GC before operation: completed in 33.392 ms, heap usage 5.854 MB -> 4.854 MB.
thread_count: 4
meaning_of_life: 42
beyond_reason: PI
reality_check: 3.141593
the_sky_is_blue: true
tough_choice: to be,not to be
====== dummy-param (dummy) [default], iteration 90 completed (0.979 ms) ======
====== dummy-param (dummy) [default], iteration 91 started ======
GC before operation: completed in 32.341 ms, heap usage 5.854 MB -> 4.854 MB.
thread_count: 4
meaning_of_life: 42
beyond_reason: PI
reality_check: 3.141593
the_sky_is_blue: true
tough_choice: to be,not to be
====== dummy-param (dummy) [default], iteration 91 completed (1.011 ms) ======
====== dummy-param (dummy) [default], iteration 92 started ======
GC before operation: completed in 32.476 ms, heap usage 5.854 MB -> 4.854 MB.
thread_count: 4
meaning_of_life: 42
beyond_reason: PI
reality_check: 3.141593
the_sky_is_blue: true
tough_choice: to be,not to be
====== dummy-param (dummy) [default], iteration 92 completed (0.986 ms) ======
====== dummy-param (dummy) [default], iteration 93 started ======
GC before operation: completed in 32.938 ms, heap usage 5.854 MB -> 4.854 MB.
thread_count: 4
meaning_of_life: 42
beyond_reason: PI
reality_check: 3.141593
the_sky_is_blue: true
tough_choice: to be,not to be
====== dummy-param (dummy) [default], iteration 93 completed (1.020 ms) ======
====== dummy-param (dummy) [default], iteration 94 started ======
GC before operation: completed in 32.967 ms, heap usage 5.854 MB -> 4.854 MB.
thread_count: 4
meaning_of_life: 42
beyond_reason: PI
reality_check: 3.141593
the_sky_is_blue: true
tough_choice: to be,not to be
====== dummy-param (dummy) [default], iteration 94 completed (0.983 ms) ======
====== dummy-param (dummy) [default], iteration 95 started ======
GC before operation: completed in 32.026 ms, heap usage 5.854 MB -> 4.855 MB.
thread_count: 4
meaning_of_life: 42
beyond_reason: PI
reality_check: 3.141593
the_sky_is_blue: true
tough_choice: to be,not to be
====== dummy-param (dummy) [default], iteration 95 completed (0.991 ms) ======
====== dummy-param (dummy) [default], iteration 96 started ======
GC before operation: completed in 32.989 ms, heap usage 5.855 MB -> 4.855 MB.
thread_count: 4
meaning_of_life: 42
beyond_reason: PI
reality_check: 3.141593
the_sky_is_blue: true
tough_choice: to be,not to be
====== dummy-param (dummy) [default], iteration 96 completed (1.062 ms) ======
====== dummy-param (dummy) [default], iteration 97 started ======
GC before operation: completed in 32.565 ms, heap usage 5.855 MB -> 4.855 MB.
thread_count: 4
meaning_of_life: 42
beyond_reason: PI
reality_check: 3.141593
the_sky_is_blue: true
tough_choice: to be,not to be
====== dummy-param (dummy) [default], iteration 97 completed (0.983 ms) ======
====== dummy-param (dummy) [default], iteration 98 started ======
GC before operation: completed in 33.014 ms, heap usage 5.855 MB -> 4.855 MB.
thread_count: 4
meaning_of_life: 42
beyond_reason: PI
reality_check: 3.141593
the_sky_is_blue: true
tough_choice: to be,not to be
====== dummy-param (dummy) [default], iteration 98 completed (0.982 ms) ======
====== dummy-param (dummy) [default], iteration 99 started ======
GC before operation: completed in 31.094 ms, heap usage 5.855 MB -> 4.855 MB.
thread_count: 4
meaning_of_life: 42
beyond_reason: PI
reality_check: 3.141593
the_sky_is_blue: true
tough_choice: to be,not to be
====== dummy-param (dummy) [default], iteration 99 completed (1.030 ms) ======
The following benchmarks failed: dummy-setup-failing, dummy-teardown-failing, dummy-validation-failing, dummy-failing
