finagle-http on :35193 spawning 4 client and default number of server workers.
====== finagle-http (web) [default], iteration 0 started ======
GC before operation: completed in 89.104 ms, heap usage 41.176 MB -> 12.242 MB.
====== finagle-http (web) [default], iteration 0 completed (48869.028 ms) ======
====== finagle-http (web) [default], iteration 1 started ======
GC before operation: completed in 143.155 ms, heap usage 1.280 GB -> 15.003 MB.
====== finagle-http (web) [default], iteration 1 completed (33016.691 ms) ======
====== finagle-http (web) [default], iteration 2 started ======
GC before operation: completed in 117.708 ms, heap usage 1.850 GB -> 15.085 MB.
====== finagle-http (web) [default], iteration 2 completed (21552.672 ms) ======
====== finagle-http (web) [default], iteration 3 started ======
GC before operation: completed in 133.334 ms, heap usage 1.799 GB -> 20.203 MB.
====== finagle-http (web) [default], iteration 3 completed (16344.719 ms) ======
====== finagle-http (web) [default], iteration 4 started ======
GC before operation: completed in 125.744 ms, heap usage 1.752 GB -> 17.528 MB.
====== finagle-http (web) [default], iteration 4 completed (14207.853 ms) ======
====== finagle-http (web) [default], iteration 5 started ======
GC before operation: completed in 133.461 ms, heap usage 1.732 GB -> 15.192 MB.
====== finagle-http (web) [default], iteration 5 completed (11455.863 ms) ======
====== finagle-http (web) [default], iteration 6 started ======
GC before operation: completed in 124.383 ms, heap usage 1.728 GB -> 15.200 MB.
====== finagle-http (web) [default], iteration 6 completed (11382.034 ms) ======
====== finagle-http (web) [default], iteration 7 started ======
GC before operation: completed in 127.055 ms, heap usage 1.724 GB -> 15.725 MB.
====== finagle-http (web) [default], iteration 7 completed (11680.599 ms) ======
====== finagle-http (web) [default], iteration 8 started ======
GC before operation: completed in 121.677 ms, heap usage 1.726 GB -> 15.227 MB.
====== finagle-http (web) [default], iteration 8 completed (11529.006 ms) ======
====== finagle-http (web) [default], iteration 9 started ======
GC before operation: completed in 120.665 ms, heap usage 1.723 GB -> 15.166 MB.
====== finagle-http (web) [default], iteration 9 completed (11638.971 ms) ======
====== finagle-http (web) [default], iteration 10 started ======
GC before operation: completed in 126.236 ms, heap usage 1.728 GB -> 15.240 MB.
====== finagle-http (web) [default], iteration 10 completed (11508.009 ms) ======
====== finagle-http (web) [default], iteration 11 started ======
GC before operation: completed in 125.828 ms, heap usage 1.726 GB -> 15.729 MB.
====== finagle-http (web) [default], iteration 11 completed (11496.305 ms) ======
====== finagle-http (web) [default], iteration 12 started ======
GC before operation: completed in 116.996 ms, heap usage 1.726 GB -> 15.218 MB.
====== finagle-http (web) [default], iteration 12 completed (9979.522 ms) ======
====== finagle-http (web) [default], iteration 13 started ======
GC before operation: completed in 124.763 ms, heap usage 1.723 GB -> 15.231 MB.
====== finagle-http (web) [default], iteration 13 completed (11454.275 ms) ======
====== finagle-http (web) [default], iteration 14 started ======
GC before operation: completed in 126.331 ms, heap usage 1.724 GB -> 15.242 MB.
====== finagle-http (web) [default], iteration 14 completed (11535.804 ms) ======
====== finagle-http (web) [default], iteration 15 started ======
GC before operation: completed in 118.991 ms, heap usage 1.722 GB -> 15.222 MB.
====== finagle-http (web) [default], iteration 15 completed (11946.817 ms) ======
====== finagle-http (web) [default], iteration 16 started ======
GC before operation: completed in 121.819 ms, heap usage 1.725 GB -> 15.232 MB.
====== finagle-http (web) [default], iteration 16 completed (11891.167 ms) ======
====== finagle-http (web) [default], iteration 17 started ======
GC before operation: completed in 129.784 ms, heap usage 1.722 GB -> 15.231 MB.
====== finagle-http (web) [default], iteration 17 completed (11079.419 ms) ======
====== finagle-http (web) [default], iteration 18 started ======
GC before operation: completed in 124.339 ms, heap usage 1.724 GB -> 15.226 MB.
====== finagle-http (web) [default], iteration 18 completed (11938.958 ms) ======
====== finagle-http (web) [default], iteration 19 started ======
GC before operation: completed in 120.621 ms, heap usage 1.723 GB -> 15.234 MB.
====== finagle-http (web) [default], iteration 19 completed (11959.294 ms) ======
====== finagle-http (web) [default], iteration 20 started ======
GC before operation: completed in 125.700 ms, heap usage 1.724 GB -> 15.254 MB.
====== finagle-http (web) [default], iteration 20 completed (11783.744 ms) ======
====== finagle-http (web) [default], iteration 21 started ======
GC before operation: completed in 119.391 ms, heap usage 1.724 GB -> 15.224 MB.
====== finagle-http (web) [default], iteration 21 completed (11777.008 ms) ======
====== finagle-http (web) [default], iteration 22 started ======
GC before operation: completed in 121.697 ms, heap usage 1.725 GB -> 15.249 MB.
====== finagle-http (web) [default], iteration 22 completed (11802.278 ms) ======
====== finagle-http (web) [default], iteration 23 started ======
GC before operation: completed in 120.145 ms, heap usage 1.723 GB -> 15.225 MB.
====== finagle-http (web) [default], iteration 23 completed (11903.154 ms) ======
====== finagle-http (web) [default], iteration 24 started ======
GC before operation: completed in 115.192 ms, heap usage 1.725 GB -> 15.253 MB.
====== finagle-http (web) [default], iteration 24 completed (12001.157 ms) ======
====== finagle-http (web) [default], iteration 25 started ======
GC before operation: completed in 117.655 ms, heap usage 1.723 GB -> 15.252 MB.
====== finagle-http (web) [default], iteration 25 completed (11943.452 ms) ======
====== finagle-http (web) [default], iteration 26 started ======
GC before operation: completed in 113.632 ms, heap usage 1.725 GB -> 15.226 MB.
====== finagle-http (web) [default], iteration 26 completed (11891.651 ms) ======
====== finagle-http (web) [default], iteration 27 started ======
GC before operation: completed in 124.328 ms, heap usage 1.726 GB -> 15.265 MB.
====== finagle-http (web) [default], iteration 27 completed (12379.244 ms) ======
====== finagle-http (web) [default], iteration 28 started ======
GC before operation: completed in 116.133 ms, heap usage 1.722 GB -> 15.238 MB.
====== finagle-http (web) [default], iteration 28 completed (11835.366 ms) ======
====== finagle-http (web) [default], iteration 29 started ======
GC before operation: completed in 124.916 ms, heap usage 1.724 GB -> 15.258 MB.
====== finagle-http (web) [default], iteration 29 completed (11763.883 ms) ======
====== finagle-http (web) [default], iteration 30 started ======
GC before operation: completed in 116.963 ms, heap usage 1.722 GB -> 15.251 MB.
====== finagle-http (web) [default], iteration 30 completed (11547.837 ms) ======
====== finagle-http (web) [default], iteration 31 started ======
GC before operation: completed in 117.722 ms, heap usage 1.723 GB -> 15.264 MB.
====== finagle-http (web) [default], iteration 31 completed (11857.015 ms) ======
====== finagle-http (web) [default], iteration 32 started ======
GC before operation: completed in 120.973 ms, heap usage 1.722 GB -> 15.232 MB.
====== finagle-http (web) [default], iteration 32 completed (11960.934 ms) ======
====== finagle-http (web) [default], iteration 33 started ======
GC before operation: completed in 122.696 ms, heap usage 1.724 GB -> 15.263 MB.
====== finagle-http (web) [default], iteration 33 completed (11630.391 ms) ======
====== finagle-http (web) [default], iteration 34 started ======
GC before operation: completed in 124.015 ms, heap usage 1.722 GB -> 15.189 MB.
====== finagle-http (web) [default], iteration 34 completed (11884.337 ms) ======
====== finagle-http (web) [default], iteration 35 started ======
GC before operation: completed in 123.297 ms, heap usage 1.721 GB -> 15.227 MB.
====== finagle-http (web) [default], iteration 35 completed (11736.446 ms) ======
====== finagle-http (web) [default], iteration 36 started ======
GC before operation: completed in 128.973 ms, heap usage 1.724 GB -> 15.193 MB.
====== finagle-http (web) [default], iteration 36 completed (11777.381 ms) ======
====== finagle-http (web) [default], iteration 37 started ======
GC before operation: completed in 118.413 ms, heap usage 1.722 GB -> 15.223 MB.
====== finagle-http (web) [default], iteration 37 completed (11695.011 ms) ======
====== finagle-http (web) [default], iteration 38 started ======
GC before operation: completed in 122.221 ms, heap usage 1.723 GB -> 15.236 MB.
====== finagle-http (web) [default], iteration 38 completed (11689.478 ms) ======
====== finagle-http (web) [default], iteration 39 started ======
GC before operation: completed in 121.256 ms, heap usage 1.724 GB -> 15.228 MB.
====== finagle-http (web) [default], iteration 39 completed (11337.068 ms) ======
====== finagle-http (web) [default], iteration 40 started ======
GC before operation: completed in 123.971 ms, heap usage 1.722 GB -> 15.739 MB.
====== finagle-http (web) [default], iteration 40 completed (11626.352 ms) ======
====== finagle-http (web) [default], iteration 41 started ======
GC before operation: completed in 134.083 ms, heap usage 1.724 GB -> 15.234 MB.
====== finagle-http (web) [default], iteration 41 completed (11645.383 ms) ======
====== finagle-http (web) [default], iteration 42 started ======
GC before operation: completed in 133.273 ms, heap usage 1.722 GB -> 15.239 MB.
====== finagle-http (web) [default], iteration 42 completed (11703.272 ms) ======
====== finagle-http (web) [default], iteration 43 started ======
GC before operation: completed in 126.224 ms, heap usage 1.722 GB -> 15.238 MB.
====== finagle-http (web) [default], iteration 43 completed (11610.747 ms) ======
====== finagle-http (web) [default], iteration 44 started ======
GC before operation: completed in 131.086 ms, heap usage 1.722 GB -> 15.233 MB.
====== finagle-http (web) [default], iteration 44 completed (11759.272 ms) ======
====== finagle-http (web) [default], iteration 45 started ======
GC before operation: completed in 129.993 ms, heap usage 1.723 GB -> 15.207 MB.
====== finagle-http (web) [default], iteration 45 completed (11562.825 ms) ======
====== finagle-http (web) [default], iteration 46 started ======
GC before operation: completed in 127.016 ms, heap usage 1.725 GB -> 15.242 MB.
====== finagle-http (web) [default], iteration 46 completed (11741.611 ms) ======
====== finagle-http (web) [default], iteration 47 started ======
GC before operation: completed in 122.251 ms, heap usage 1.724 GB -> 15.225 MB.
====== finagle-http (web) [default], iteration 47 completed (11692.456 ms) ======
====== finagle-http (web) [default], iteration 48 started ======
GC before operation: completed in 121.612 ms, heap usage 1.720 GB -> 16.202 MB.
====== finagle-http (web) [default], iteration 48 completed (11654.821 ms) ======
====== finagle-http (web) [default], iteration 49 started ======
GC before operation: completed in 134.112 ms, heap usage 1.724 GB -> 15.241 MB.
====== finagle-http (web) [default], iteration 49 completed (11582.623 ms) ======
====== finagle-http (web) [default], iteration 50 started ======
GC before operation: completed in 122.125 ms, heap usage 1.721 GB -> 15.231 MB.
====== finagle-http (web) [default], iteration 50 completed (11695.502 ms) ======
====== finagle-http (web) [default], iteration 51 started ======
GC before operation: completed in 134.671 ms, heap usage 1.723 GB -> 15.236 MB.
====== finagle-http (web) [default], iteration 51 completed (11678.901 ms) ======
====== finagle-http (web) [default], iteration 52 started ======
GC before operation: completed in 129.571 ms, heap usage 1.724 GB -> 15.237 MB.
====== finagle-http (web) [default], iteration 52 completed (11525.427 ms) ======
====== finagle-http (web) [default], iteration 53 started ======
GC before operation: completed in 138.500 ms, heap usage 1.723 GB -> 15.238 MB.
====== finagle-http (web) [default], iteration 53 completed (11473.541 ms) ======
====== finagle-http (web) [default], iteration 54 started ======
GC before operation: completed in 126.664 ms, heap usage 1.722 GB -> 15.244 MB.
====== finagle-http (web) [default], iteration 54 completed (11631.509 ms) ======
====== finagle-http (web) [default], iteration 55 started ======
GC before operation: completed in 133.411 ms, heap usage 1.722 GB -> 15.243 MB.
====== finagle-http (web) [default], iteration 55 completed (11387.810 ms) ======
====== finagle-http (web) [default], iteration 56 started ======
GC before operation: completed in 129.106 ms, heap usage 1.723 GB -> 15.737 MB.
====== finagle-http (web) [default], iteration 56 completed (11571.503 ms) ======
====== finagle-http (web) [default], iteration 57 started ======
GC before operation: completed in 121.702 ms, heap usage 1.725 GB -> 15.231 MB.
====== finagle-http (web) [default], iteration 57 completed (11815.840 ms) ======
====== finagle-http (web) [default], iteration 58 started ======
GC before operation: completed in 131.834 ms, heap usage 1.725 GB -> 15.244 MB.
====== finagle-http (web) [default], iteration 58 completed (11699.546 ms) ======
====== finagle-http (web) [default], iteration 59 started ======
GC before operation: completed in 131.895 ms, heap usage 1.722 GB -> 15.245 MB.
====== finagle-http (web) [default], iteration 59 completed (11490.226 ms) ======
====== finagle-http (web) [default], iteration 60 started ======
GC before operation: completed in 130.873 ms, heap usage 1.722 GB -> 15.226 MB.
====== finagle-http (web) [default], iteration 60 completed (11624.950 ms) ======
====== finagle-http (web) [default], iteration 61 started ======
GC before operation: completed in 133.450 ms, heap usage 1.723 GB -> 17.682 MB.
====== finagle-http (web) [default], iteration 61 completed (11577.648 ms) ======
====== finagle-http (web) [default], iteration 62 started ======
GC before operation: completed in 134.433 ms, heap usage 1.724 GB -> 15.248 MB.
====== finagle-http (web) [default], iteration 62 completed (11671.443 ms) ======
====== finagle-http (web) [default], iteration 63 started ======
GC before operation: completed in 127.897 ms, heap usage 1.723 GB -> 15.227 MB.
====== finagle-http (web) [default], iteration 63 completed (11698.838 ms) ======
====== finagle-http (web) [default], iteration 64 started ======
GC before operation: completed in 135.763 ms, heap usage 1.725 GB -> 15.740 MB.
====== finagle-http (web) [default], iteration 64 completed (11727.034 ms) ======
====== finagle-http (web) [default], iteration 65 started ======
GC before operation: completed in 132.700 ms, heap usage 1.722 GB -> 15.234 MB.
====== finagle-http (web) [default], iteration 65 completed (11542.241 ms) ======
====== finagle-http (web) [default], iteration 66 started ======
GC before operation: completed in 148.869 ms, heap usage 1.723 GB -> 15.238 MB.
====== finagle-http (web) [default], iteration 66 completed (11654.672 ms) ======
====== finagle-http (web) [default], iteration 67 started ======
GC before operation: completed in 135.630 ms, heap usage 1.721 GB -> 15.243 MB.
====== finagle-http (web) [default], iteration 67 completed (11635.775 ms) ======
====== finagle-http (web) [default], iteration 68 started ======
GC before operation: completed in 125.347 ms, heap usage 1.723 GB -> 15.231 MB.
====== finagle-http (web) [default], iteration 68 completed (11458.359 ms) ======
====== finagle-http (web) [default], iteration 69 started ======
GC before operation: completed in 131.203 ms, heap usage 1.722 GB -> 17.240 MB.
====== finagle-http (web) [default], iteration 69 completed (11569.366 ms) ======
====== finagle-http (web) [default], iteration 70 started ======
GC before operation: completed in 142.676 ms, heap usage 1.723 GB -> 16.245 MB.
====== finagle-http (web) [default], iteration 70 completed (11657.198 ms) ======
====== finagle-http (web) [default], iteration 71 started ======
GC before operation: completed in 132.191 ms, heap usage 1.721 GB -> 15.251 MB.
====== finagle-http (web) [default], iteration 71 completed (9141.789 ms) ======
====== finagle-http (web) [default], iteration 72 started ======
GC before operation: completed in 135.420 ms, heap usage 1.719 GB -> 15.742 MB.
====== finagle-http (web) [default], iteration 72 completed (11505.355 ms) ======
====== finagle-http (web) [default], iteration 73 started ======
GC before operation: completed in 134.949 ms, heap usage 1.724 GB -> 17.744 MB.
====== finagle-http (web) [default], iteration 73 completed (11524.526 ms) ======
====== finagle-http (web) [default], iteration 74 started ======
GC before operation: completed in 128.772 ms, heap usage 1.723 GB -> 15.231 MB.
====== finagle-http (web) [default], iteration 74 completed (11628.371 ms) ======
====== finagle-http (web) [default], iteration 75 started ======
GC before operation: completed in 127.974 ms, heap usage 1.724 GB -> 15.241 MB.
====== finagle-http (web) [default], iteration 75 completed (11508.267 ms) ======
====== finagle-http (web) [default], iteration 76 started ======
GC before operation: completed in 128.268 ms, heap usage 1.723 GB -> 15.230 MB.
====== finagle-http (web) [default], iteration 76 completed (11554.168 ms) ======
====== finagle-http (web) [default], iteration 77 started ======
GC before operation: completed in 132.346 ms, heap usage 1.724 GB -> 15.255 MB.
====== finagle-http (web) [default], iteration 77 completed (11550.545 ms) ======
====== finagle-http (web) [default], iteration 78 started ======
GC before operation: completed in 148.737 ms, heap usage 1.721 GB -> 15.248 MB.
====== finagle-http (web) [default], iteration 78 completed (11646.013 ms) ======
====== finagle-http (web) [default], iteration 79 started ======
GC before operation: completed in 129.166 ms, heap usage 1.724 GB -> 15.235 MB.
====== finagle-http (web) [default], iteration 79 completed (11674.486 ms) ======
====== finagle-http (web) [default], iteration 80 started ======
GC before operation: completed in 130.144 ms, heap usage 1.722 GB -> 15.256 MB.
====== finagle-http (web) [default], iteration 80 completed (10342.546 ms) ======
====== finagle-http (web) [default], iteration 81 started ======
GC before operation: completed in 131.342 ms, heap usage 1.720 GB -> 15.242 MB.
====== finagle-http (web) [default], iteration 81 completed (10955.597 ms) ======
====== finagle-http (web) [default], iteration 82 started ======
GC before operation: completed in 133.793 ms, heap usage 1.722 GB -> 15.703 MB.
====== finagle-http (web) [default], iteration 82 completed (11458.755 ms) ======
====== finagle-http (web) [default], iteration 83 started ======
GC before operation: completed in 133.232 ms, heap usage 1.723 GB -> 15.702 MB.
====== finagle-http (web) [default], iteration 83 completed (11647.063 ms) ======
====== finagle-http (web) [default], iteration 84 started ======
GC before operation: completed in 135.054 ms, heap usage 1.723 GB -> 15.289 MB.
====== finagle-http (web) [default], iteration 84 completed (11509.152 ms) ======
====== finagle-http (web) [default], iteration 85 started ======
GC before operation: completed in 138.013 ms, heap usage 1.725 GB -> 15.181 MB.
====== finagle-http (web) [default], iteration 85 completed (10780.557 ms) ======
====== finagle-http (web) [default], iteration 86 started ======
GC before operation: completed in 133.957 ms, heap usage 1.723 GB -> 15.215 MB.
====== finagle-http (web) [default], iteration 86 completed (11577.832 ms) ======
====== finagle-http (web) [default], iteration 87 started ======
GC before operation: completed in 140.167 ms, heap usage 1.725 GB -> 15.277 MB.
====== finagle-http (web) [default], iteration 87 completed (11352.853 ms) ======
====== finagle-http (web) [default], iteration 88 started ======
GC before operation: completed in 140.931 ms, heap usage 1.723 GB -> 15.223 MB.
====== finagle-http (web) [default], iteration 88 completed (11622.352 ms) ======
====== finagle-http (web) [default], iteration 89 started ======
GC before operation: completed in 141.876 ms, heap usage 1.724 GB -> 15.274 MB.
====== finagle-http (web) [default], iteration 89 completed (11518.171 ms) ======
====== finagle-http (web) [default], iteration 90 started ======
GC before operation: completed in 142.617 ms, heap usage 1.723 GB -> 15.219 MB.
====== finagle-http (web) [default], iteration 90 completed (11640.671 ms) ======
====== finagle-http (web) [default], iteration 91 started ======
GC before operation: completed in 137.623 ms, heap usage 1.721 GB -> 15.302 MB.
====== finagle-http (web) [default], iteration 91 completed (11618.759 ms) ======
====== finagle-http (web) [default], iteration 92 started ======
GC before operation: completed in 136.103 ms, heap usage 1.721 GB -> 17.437 MB.
====== finagle-http (web) [default], iteration 92 completed (11657.398 ms) ======
====== finagle-http (web) [default], iteration 93 started ======
GC before operation: completed in 141.228 ms, heap usage 1.721 GB -> 15.315 MB.
====== finagle-http (web) [default], iteration 93 completed (11670.967 ms) ======
====== finagle-http (web) [default], iteration 94 started ======
GC before operation: completed in 140.922 ms, heap usage 1.722 GB -> 15.301 MB.
====== finagle-http (web) [default], iteration 94 completed (11686.945 ms) ======
====== finagle-http (web) [default], iteration 95 started ======
GC before operation: completed in 137.391 ms, heap usage 1.723 GB -> 15.310 MB.
====== finagle-http (web) [default], iteration 95 completed (11812.177 ms) ======
====== finagle-http (web) [default], iteration 96 started ======
GC before operation: completed in 147.459 ms, heap usage 1.725 GB -> 15.311 MB.
====== finagle-http (web) [default], iteration 96 completed (11812.654 ms) ======
====== finagle-http (web) [default], iteration 97 started ======
GC before operation: completed in 135.956 ms, heap usage 1.723 GB -> 15.266 MB.
====== finagle-http (web) [default], iteration 97 completed (11715.396 ms) ======
====== finagle-http (web) [default], iteration 98 started ======
GC before operation: completed in 141.951 ms, heap usage 1.727 GB -> 15.317 MB.
====== finagle-http (web) [default], iteration 98 completed (11769.569 ms) ======
====== finagle-http (web) [default], iteration 99 started ======
GC before operation: completed in 141.732 ms, heap usage 1.723 GB -> 15.318 MB.
====== finagle-http (web) [default], iteration 99 completed (11644.747 ms) ======
Master port: 37697
Cache ports: 33473, 38969, 44649, 37359
====== finagle-chirper (web) [default], iteration 0 started ======
Resetting master, feed map size: 5000
GC before operation: completed in 176.062 ms, heap usage 1.834 GB -> 22.863 MB.
WARNING: This benchmark provides no result that can be validated.
There is no way to check that no silent failure occurred.
====== finagle-chirper (web) [default], iteration 0 completed (43503.805 ms) ======
====== finagle-chirper (web) [default], iteration 1 started ======
Resetting master, feed map size: 5000
GC before operation: completed in 231.202 ms, heap usage 1.884 GB -> 25.642 MB.
WARNING: This benchmark provides no result that can be validated.
There is no way to check that no silent failure occurred.
====== finagle-chirper (web) [default], iteration 1 completed (25104.901 ms) ======
====== finagle-chirper (web) [default], iteration 2 started ======
Resetting master, feed map size: 5000
GC before operation: completed in 210.165 ms, heap usage 1.738 GB -> 25.648 MB.
WARNING: This benchmark provides no result that can be validated.
There is no way to check that no silent failure occurred.
====== finagle-chirper (web) [default], iteration 2 completed (18599.068 ms) ======
====== finagle-chirper (web) [default], iteration 3 started ======
Resetting master, feed map size: 5000
GC before operation: completed in 207.036 ms, heap usage 1.693 GB -> 26.962 MB.
WARNING: This benchmark provides no result that can be validated.
There is no way to check that no silent failure occurred.
====== finagle-chirper (web) [default], iteration 3 completed (15609.039 ms) ======
====== finagle-chirper (web) [default], iteration 4 started ======
Resetting master, feed map size: 5000
GC before operation: completed in 214.780 ms, heap usage 1.639 GB -> 25.590 MB.
WARNING: This benchmark provides no result that can be validated.
There is no way to check that no silent failure occurred.
====== finagle-chirper (web) [default], iteration 4 completed (13885.638 ms) ======
====== finagle-chirper (web) [default], iteration 5 started ======
Resetting master, feed map size: 5000
GC before operation: completed in 211.122 ms, heap usage 1.585 GB -> 25.842 MB.
WARNING: This benchmark provides no result that can be validated.
There is no way to check that no silent failure occurred.
====== finagle-chirper (web) [default], iteration 5 completed (10417.468 ms) ======
====== finagle-chirper (web) [default], iteration 6 started ======
Resetting master, feed map size: 5000
GC before operation: completed in 219.332 ms, heap usage 1.573 GB -> 25.617 MB.
WARNING: This benchmark provides no result that can be validated.
There is no way to check that no silent failure occurred.
====== finagle-chirper (web) [default], iteration 6 completed (10039.082 ms) ======
====== finagle-chirper (web) [default], iteration 7 started ======
Resetting master, feed map size: 5000
GC before operation: completed in 224.703 ms, heap usage 1.571 GB -> 25.857 MB.
WARNING: This benchmark provides no result that can be validated.
There is no way to check that no silent failure occurred.
====== finagle-chirper (web) [default], iteration 7 completed (10413.614 ms) ======
====== finagle-chirper (web) [default], iteration 8 started ======
Resetting master, feed map size: 5000
GC before operation: completed in 231.981 ms, heap usage 1.530 GB -> 25.658 MB.
WARNING: This benchmark provides no result that can be validated.
There is no way to check that no silent failure occurred.
====== finagle-chirper (web) [default], iteration 8 completed (9305.573 ms) ======
====== finagle-chirper (web) [default], iteration 9 started ======
Resetting master, feed map size: 5000
GC before operation: completed in 214.636 ms, heap usage 1.540 GB -> 25.864 MB.
WARNING: This benchmark provides no result that can be validated.
There is no way to check that no silent failure occurred.
====== finagle-chirper (web) [default], iteration 9 completed (9397.272 ms) ======
====== finagle-chirper (web) [default], iteration 10 started ======
Resetting master, feed map size: 5000
GC before operation: completed in 222.112 ms, heap usage 1.511 GB -> 25.872 MB.
WARNING: This benchmark provides no result that can be validated.
There is no way to check that no silent failure occurred.
====== finagle-chirper (web) [default], iteration 10 completed (9168.274 ms) ======
====== finagle-chirper (web) [default], iteration 11 started ======
Resetting master, feed map size: 5000
GC before operation: completed in 223.153 ms, heap usage 1.506 GB -> 25.967 MB.
WARNING: This benchmark provides no result that can be validated.
There is no way to check that no silent failure occurred.
====== finagle-chirper (web) [default], iteration 11 completed (9245.274 ms) ======
====== finagle-chirper (web) [default], iteration 12 started ======
Resetting master, feed map size: 5000
GC before operation: completed in 221.894 ms, heap usage 1.510 GB -> 25.937 MB.
WARNING: This benchmark provides no result that can be validated.
There is no way to check that no silent failure occurred.
====== finagle-chirper (web) [default], iteration 12 completed (9499.293 ms) ======
====== finagle-chirper (web) [default], iteration 13 started ======
Resetting master, feed map size: 5000
GC before operation: completed in 226.907 ms, heap usage 1.512 GB -> 25.920 MB.
WARNING: This benchmark provides no result that can be validated.
There is no way to check that no silent failure occurred.
====== finagle-chirper (web) [default], iteration 13 completed (9298.695 ms) ======
====== finagle-chirper (web) [default], iteration 14 started ======
Resetting master, feed map size: 5000
GC before operation: completed in 222.333 ms, heap usage 1.497 GB -> 25.877 MB.
WARNING: This benchmark provides no result that can be validated.
There is no way to check that no silent failure occurred.
====== finagle-chirper (web) [default], iteration 14 completed (8942.775 ms) ======
====== finagle-chirper (web) [default], iteration 15 started ======
Resetting master, feed map size: 5000
GC before operation: completed in 229.763 ms, heap usage 1.454 GB -> 25.881 MB.
WARNING: This benchmark provides no result that can be validated.
There is no way to check that no silent failure occurred.
====== finagle-chirper (web) [default], iteration 15 completed (8644.028 ms) ======
====== finagle-chirper (web) [default], iteration 16 started ======
Resetting master, feed map size: 5000
GC before operation: completed in 224.716 ms, heap usage 1.454 GB -> 25.895 MB.
WARNING: This benchmark provides no result that can be validated.
There is no way to check that no silent failure occurred.
====== finagle-chirper (web) [default], iteration 16 completed (8986.975 ms) ======
====== finagle-chirper (web) [default], iteration 17 started ======
Resetting master, feed map size: 5000
GC before operation: completed in 223.261 ms, heap usage 1.458 GB -> 25.890 MB.
WARNING: This benchmark provides no result that can be validated.
There is no way to check that no silent failure occurred.
====== finagle-chirper (web) [default], iteration 17 completed (8778.193 ms) ======
====== finagle-chirper (web) [default], iteration 18 started ======
Resetting master, feed map size: 5000
GC before operation: completed in 224.409 ms, heap usage 1.456 GB -> 25.904 MB.
WARNING: This benchmark provides no result that can be validated.
There is no way to check that no silent failure occurred.
====== finagle-chirper (web) [default], iteration 18 completed (8907.483 ms) ======
====== finagle-chirper (web) [default], iteration 19 started ======
Resetting master, feed map size: 5000
GC before operation: completed in 231.389 ms, heap usage 1.430 GB -> 25.896 MB.
WARNING: This benchmark provides no result that can be validated.
There is no way to check that no silent failure occurred.
====== finagle-chirper (web) [default], iteration 19 completed (8829.144 ms) ======
====== finagle-chirper (web) [default], iteration 20 started ======
Resetting master, feed map size: 5000
GC before operation: completed in 223.900 ms, heap usage 1.423 GB -> 25.892 MB.
WARNING: This benchmark provides no result that can be validated.
There is no way to check that no silent failure occurred.
====== finagle-chirper (web) [default], iteration 20 completed (9937.988 ms) ======
====== finagle-chirper (web) [default], iteration 21 started ======
Resetting master, feed map size: 5000
GC before operation: completed in 223.439 ms, heap usage 1.415 GB -> 25.902 MB.
WARNING: This benchmark provides no result that can be validated.
There is no way to check that no silent failure occurred.
====== finagle-chirper (web) [default], iteration 21 completed (8776.979 ms) ======
====== finagle-chirper (web) [default], iteration 22 started ======
Resetting master, feed map size: 5000
GC before operation: completed in 230.995 ms, heap usage 1.428 GB -> 25.899 MB.
WARNING: This benchmark provides no result that can be validated.
There is no way to check that no silent failure occurred.
====== finagle-chirper (web) [default], iteration 22 completed (9829.420 ms) ======
====== finagle-chirper (web) [default], iteration 23 started ======
Resetting master, feed map size: 5000
GC before operation: completed in 231.651 ms, heap usage 1.422 GB -> 25.902 MB.
WARNING: This benchmark provides no result that can be validated.
There is no way to check that no silent failure occurred.
====== finagle-chirper (web) [default], iteration 23 completed (8785.437 ms) ======
====== finagle-chirper (web) [default], iteration 24 started ======
Resetting master, feed map size: 5000
GC before operation: completed in 229.617 ms, heap usage 1.428 GB -> 25.905 MB.
WARNING: This benchmark provides no result that can be validated.
There is no way to check that no silent failure occurred.
====== finagle-chirper (web) [default], iteration 24 completed (8676.672 ms) ======
====== finagle-chirper (web) [default], iteration 25 started ======
Resetting master, feed map size: 5000
GC before operation: completed in 233.854 ms, heap usage 1.430 GB -> 25.912 MB.
WARNING: This benchmark provides no result that can be validated.
There is no way to check that no silent failure occurred.
====== finagle-chirper (web) [default], iteration 25 completed (8507.681 ms) ======
====== finagle-chirper (web) [default], iteration 26 started ======
Resetting master, feed map size: 5000
GC before operation: completed in 228.390 ms, heap usage 1.434 GB -> 25.955 MB.
WARNING: This benchmark provides no result that can be validated.
There is no way to check that no silent failure occurred.
====== finagle-chirper (web) [default], iteration 26 completed (8437.095 ms) ======
====== finagle-chirper (web) [default], iteration 27 started ======
Resetting master, feed map size: 5000
GC before operation: completed in 234.806 ms, heap usage 1.425 GB -> 25.923 MB.
WARNING: This benchmark provides no result that can be validated.
There is no way to check that no silent failure occurred.
====== finagle-chirper (web) [default], iteration 27 completed (8310.702 ms) ======
====== finagle-chirper (web) [default], iteration 28 started ======
Resetting master, feed map size: 5000
GC before operation: completed in 236.925 ms, heap usage 1.418 GB -> 25.922 MB.
WARNING: This benchmark provides no result that can be validated.
There is no way to check that no silent failure occurred.
====== finagle-chirper (web) [default], iteration 28 completed (8225.114 ms) ======
====== finagle-chirper (web) [default], iteration 29 started ======
Resetting master, feed map size: 5000
GC before operation: completed in 229.191 ms, heap usage 1.373 GB -> 25.919 MB.
WARNING: This benchmark provides no result that can be validated.
There is no way to check that no silent failure occurred.
====== finagle-chirper (web) [default], iteration 29 completed (8139.990 ms) ======
====== finagle-chirper (web) [default], iteration 30 started ======
Resetting master, feed map size: 5000
GC before operation: completed in 239.297 ms, heap usage 1.362 GB -> 25.942 MB.
WARNING: This benchmark provides no result that can be validated.
There is no way to check that no silent failure occurred.
====== finagle-chirper (web) [default], iteration 30 completed (8181.487 ms) ======
====== finagle-chirper (web) [default], iteration 31 started ======
Resetting master, feed map size: 5000
GC before operation: completed in 230.639 ms, heap usage 1.359 GB -> 25.922 MB.
WARNING: This benchmark provides no result that can be validated.
There is no way to check that no silent failure occurred.
====== finagle-chirper (web) [default], iteration 31 completed (9006.706 ms) ======
====== finagle-chirper (web) [default], iteration 32 started ======
Resetting master, feed map size: 5000
GC before operation: completed in 263.657 ms, heap usage 1.360 GB -> 25.920 MB.
WARNING: This benchmark provides no result that can be validated.
There is no way to check that no silent failure occurred.
====== finagle-chirper (web) [default], iteration 32 completed (8609.502 ms) ======
====== finagle-chirper (web) [default], iteration 33 started ======
Resetting master, feed map size: 5000
GC before operation: completed in 233.502 ms, heap usage 1.354 GB -> 25.920 MB.
WARNING: This benchmark provides no result that can be validated.
There is no way to check that no silent failure occurred.
====== finagle-chirper (web) [default], iteration 33 completed (9067.999 ms) ======
====== finagle-chirper (web) [default], iteration 34 started ======
Resetting master, feed map size: 5000
GC before operation: completed in 234.051 ms, heap usage 1.363 GB -> 25.918 MB.
WARNING: This benchmark provides no result that can be validated.
There is no way to check that no silent failure occurred.
====== finagle-chirper (web) [default], iteration 34 completed (8163.966 ms) ======
====== finagle-chirper (web) [default], iteration 35 started ======
Resetting master, feed map size: 5000
GC before operation: completed in 231.879 ms, heap usage 1.363 GB -> 25.920 MB.
WARNING: This benchmark provides no result that can be validated.
There is no way to check that no silent failure occurred.
====== finagle-chirper (web) [default], iteration 35 completed (7960.122 ms) ======
====== finagle-chirper (web) [default], iteration 36 started ======
Resetting master, feed map size: 5000
GC before operation: completed in 235.251 ms, heap usage 1.364 GB -> 25.921 MB.
WARNING: This benchmark provides no result that can be validated.
There is no way to check that no silent failure occurred.
====== finagle-chirper (web) [default], iteration 36 completed (7789.436 ms) ======
====== finagle-chirper (web) [default], iteration 37 started ======
Resetting master, feed map size: 5000
GC before operation: completed in 235.972 ms, heap usage 1.351 GB -> 25.921 MB.
WARNING: This benchmark provides no result that can be validated.
There is no way to check that no silent failure occurred.
====== finagle-chirper (web) [default], iteration 37 completed (8091.211 ms) ======
====== finagle-chirper (web) [default], iteration 38 started ======
Resetting master, feed map size: 5000
GC before operation: completed in 230.818 ms, heap usage 1.341 GB -> 25.922 MB.
WARNING: This benchmark provides no result that can be validated.
There is no way to check that no silent failure occurred.
====== finagle-chirper (web) [default], iteration 38 completed (7846.847 ms) ======
====== finagle-chirper (web) [default], iteration 39 started ======
Resetting master, feed map size: 5000
GC before operation: completed in 237.351 ms, heap usage 1.345 GB -> 25.923 MB.
WARNING: This benchmark provides no result that can be validated.
There is no way to check that no silent failure occurred.
====== finagle-chirper (web) [default], iteration 39 completed (7988.819 ms) ======
====== finagle-chirper (web) [default], iteration 40 started ======
Resetting master, feed map size: 5000
GC before operation: completed in 224.405 ms, heap usage 1.350 GB -> 25.925 MB.
WARNING: This benchmark provides no result that can be validated.
There is no way to check that no silent failure occurred.
====== finagle-chirper (web) [default], iteration 40 completed (7772.203 ms) ======
====== finagle-chirper (web) [default], iteration 41 started ======
Resetting master, feed map size: 5000
GC before operation: completed in 224.829 ms, heap usage 1.343 GB -> 25.927 MB.
WARNING: This benchmark provides no result that can be validated.
There is no way to check that no silent failure occurred.
====== finagle-chirper (web) [default], iteration 41 completed (7744.919 ms) ======
====== finagle-chirper (web) [default], iteration 42 started ======
Resetting master, feed map size: 5000
GC before operation: completed in 225.181 ms, heap usage 1.342 GB -> 25.928 MB.
WARNING: This benchmark provides no result that can be validated.
There is no way to check that no silent failure occurred.
====== finagle-chirper (web) [default], iteration 42 completed (7809.860 ms) ======
====== finagle-chirper (web) [default], iteration 43 started ======
Resetting master, feed map size: 5000
GC before operation: completed in 229.898 ms, heap usage 1.347 GB -> 25.931 MB.
WARNING: This benchmark provides no result that can be validated.
There is no way to check that no silent failure occurred.
====== finagle-chirper (web) [default], iteration 43 completed (7712.652 ms) ======
====== finagle-chirper (web) [default], iteration 44 started ======
Resetting master, feed map size: 5000
GC before operation: completed in 229.335 ms, heap usage 1.347 GB -> 25.936 MB.
WARNING: This benchmark provides no result that can be validated.
There is no way to check that no silent failure occurred.
====== finagle-chirper (web) [default], iteration 44 completed (7661.161 ms) ======
====== finagle-chirper (web) [default], iteration 45 started ======
Resetting master, feed map size: 5000
GC before operation: completed in 231.227 ms, heap usage 1.344 GB -> 25.932 MB.
WARNING: This benchmark provides no result that can be validated.
There is no way to check that no silent failure occurred.
====== finagle-chirper (web) [default], iteration 45 completed (7821.025 ms) ======
====== finagle-chirper (web) [default], iteration 46 started ======
Resetting master, feed map size: 5000
GC before operation: completed in 233.971 ms, heap usage 1.346 GB -> 25.934 MB.
WARNING: This benchmark provides no result that can be validated.
There is no way to check that no silent failure occurred.
====== finagle-chirper (web) [default], iteration 46 completed (7748.968 ms) ======
====== finagle-chirper (web) [default], iteration 47 started ======
Resetting master, feed map size: 5000
GC before operation: completed in 230.290 ms, heap usage 1.348 GB -> 25.939 MB.
WARNING: This benchmark provides no result that can be validated.
There is no way to check that no silent failure occurred.
====== finagle-chirper (web) [default], iteration 47 completed (7905.580 ms) ======
====== finagle-chirper (web) [default], iteration 48 started ======
Resetting master, feed map size: 5000
GC before operation: completed in 231.966 ms, heap usage 1.345 GB -> 25.935 MB.
WARNING: This benchmark provides no result that can be validated.
There is no way to check that no silent failure occurred.
====== finagle-chirper (web) [default], iteration 48 completed (7802.601 ms) ======
====== finagle-chirper (web) [default], iteration 49 started ======
Resetting master, feed map size: 5000
GC before operation: completed in 229.539 ms, heap usage 1.341 GB -> 25.936 MB.
WARNING: This benchmark provides no result that can be validated.
There is no way to check that no silent failure occurred.
====== finagle-chirper (web) [default], iteration 49 completed (7870.603 ms) ======
====== finagle-chirper (web) [default], iteration 50 started ======
Resetting master, feed map size: 5000
GC before operation: completed in 231.359 ms, heap usage 1.347 GB -> 25.937 MB.
WARNING: This benchmark provides no result that can be validated.
There is no way to check that no silent failure occurred.
====== finagle-chirper (web) [default], iteration 50 completed (7838.945 ms) ======
====== finagle-chirper (web) [default], iteration 51 started ======
Resetting master, feed map size: 5000
GC before operation: completed in 236.465 ms, heap usage 1.343 GB -> 25.937 MB.
WARNING: This benchmark provides no result that can be validated.
There is no way to check that no silent failure occurred.
====== finagle-chirper (web) [default], iteration 51 completed (7859.371 ms) ======
====== finagle-chirper (web) [default], iteration 52 started ======
Resetting master, feed map size: 5000
GC before operation: completed in 234.086 ms, heap usage 1.341 GB -> 25.938 MB.
WARNING: This benchmark provides no result that can be validated.
There is no way to check that no silent failure occurred.
====== finagle-chirper (web) [default], iteration 52 completed (7553.251 ms) ======
====== finagle-chirper (web) [default], iteration 53 started ======
Resetting master, feed map size: 5000
GC before operation: completed in 233.669 ms, heap usage 1.344 GB -> 25.939 MB.
WARNING: This benchmark provides no result that can be validated.
There is no way to check that no silent failure occurred.
====== finagle-chirper (web) [default], iteration 53 completed (7840.569 ms) ======
====== finagle-chirper (web) [default], iteration 54 started ======
Resetting master, feed map size: 5000
GC before operation: completed in 230.586 ms, heap usage 1.344 GB -> 25.943 MB.
WARNING: This benchmark provides no result that can be validated.
There is no way to check that no silent failure occurred.
====== finagle-chirper (web) [default], iteration 54 completed (8050.288 ms) ======
====== finagle-chirper (web) [default], iteration 55 started ======
Resetting master, feed map size: 5000
GC before operation: completed in 231.732 ms, heap usage 1.345 GB -> 25.943 MB.
WARNING: This benchmark provides no result that can be validated.
There is no way to check that no silent failure occurred.
====== finagle-chirper (web) [default], iteration 55 completed (7922.907 ms) ======
====== finagle-chirper (web) [default], iteration 56 started ======
Resetting master, feed map size: 5000
GC before operation: completed in 236.104 ms, heap usage 1.321 GB -> 25.940 MB.
WARNING: This benchmark provides no result that can be validated.
There is no way to check that no silent failure occurred.
====== finagle-chirper (web) [default], iteration 56 completed (7898.055 ms) ======
====== finagle-chirper (web) [default], iteration 57 started ======
Resetting master, feed map size: 5000
GC before operation: completed in 241.752 ms, heap usage 1.309 GB -> 25.940 MB.
WARNING: This benchmark provides no result that can be validated.
There is no way to check that no silent failure occurred.
====== finagle-chirper (web) [default], iteration 57 completed (7601.886 ms) ======
====== finagle-chirper (web) [default], iteration 58 started ======
Resetting master, feed map size: 5000
GC before operation: completed in 259.794 ms, heap usage 1.285 GB -> 25.943 MB.
WARNING: This benchmark provides no result that can be validated.
There is no way to check that no silent failure occurred.
====== finagle-chirper (web) [default], iteration 58 completed (7688.582 ms) ======
====== finagle-chirper (web) [default], iteration 59 started ======
Resetting master, feed map size: 5000
GC before operation: completed in 233.917 ms, heap usage 1.286 GB -> 25.942 MB.
WARNING: This benchmark provides no result that can be validated.
There is no way to check that no silent failure occurred.
====== finagle-chirper (web) [default], iteration 59 completed (8332.542 ms) ======
====== finagle-chirper (web) [default], iteration 60 started ======
Resetting master, feed map size: 5000
GC before operation: completed in 234.105 ms, heap usage 1.285 GB -> 25.954 MB.
WARNING: This benchmark provides no result that can be validated.
There is no way to check that no silent failure occurred.
====== finagle-chirper (web) [default], iteration 60 completed (7547.280 ms) ======
====== finagle-chirper (web) [default], iteration 61 started ======
Resetting master, feed map size: 5000
GC before operation: completed in 236.427 ms, heap usage 1.288 GB -> 25.942 MB.
WARNING: This benchmark provides no result that can be validated.
There is no way to check that no silent failure occurred.
====== finagle-chirper (web) [default], iteration 61 completed (7729.604 ms) ======
====== finagle-chirper (web) [default], iteration 62 started ======
Resetting master, feed map size: 5000
GC before operation: completed in 237.895 ms, heap usage 1.285 GB -> 25.942 MB.
WARNING: This benchmark provides no result that can be validated.
There is no way to check that no silent failure occurred.
====== finagle-chirper (web) [default], iteration 62 completed (7737.172 ms) ======
====== finagle-chirper (web) [default], iteration 63 started ======
Resetting master, feed map size: 5000
GC before operation: completed in 238.198 ms, heap usage 1.281 GB -> 25.939 MB.
WARNING: This benchmark provides no result that can be validated.
There is no way to check that no silent failure occurred.
====== finagle-chirper (web) [default], iteration 63 completed (8077.173 ms) ======
====== finagle-chirper (web) [default], iteration 64 started ======
Resetting master, feed map size: 5000
GC before operation: completed in 247.155 ms, heap usage 1.285 GB -> 25.940 MB.
WARNING: This benchmark provides no result that can be validated.
There is no way to check that no silent failure occurred.
====== finagle-chirper (web) [default], iteration 64 completed (7552.127 ms) ======
====== finagle-chirper (web) [default], iteration 65 started ======
Resetting master, feed map size: 5000
GC before operation: completed in 242.749 ms, heap usage 1.288 GB -> 25.945 MB.
WARNING: This benchmark provides no result that can be validated.
There is no way to check that no silent failure occurred.
====== finagle-chirper (web) [default], iteration 65 completed (7654.619 ms) ======
====== finagle-chirper (web) [default], iteration 66 started ======
Resetting master, feed map size: 5000
GC before operation: completed in 234.474 ms, heap usage 1.287 GB -> 25.944 MB.
WARNING: This benchmark provides no result that can be validated.
There is no way to check that no silent failure occurred.
====== finagle-chirper (web) [default], iteration 66 completed (7453.805 ms) ======
====== finagle-chirper (web) [default], iteration 67 started ======
Resetting master, feed map size: 5000
GC before operation: completed in 244.155 ms, heap usage 1.286 GB -> 25.951 MB.
WARNING: This benchmark provides no result that can be validated.
There is no way to check that no silent failure occurred.
====== finagle-chirper (web) [default], iteration 67 completed (7481.885 ms) ======
====== finagle-chirper (web) [default], iteration 68 started ======
Resetting master, feed map size: 5000
GC before operation: completed in 242.921 ms, heap usage 1.286 GB -> 25.951 MB.
WARNING: This benchmark provides no result that can be validated.
There is no way to check that no silent failure occurred.
====== finagle-chirper (web) [default], iteration 68 completed (7438.607 ms) ======
====== finagle-chirper (web) [default], iteration 69 started ======
Resetting master, feed map size: 5000
GC before operation: completed in 240.275 ms, heap usage 1.289 GB -> 25.945 MB.
WARNING: This benchmark provides no result that can be validated.
There is no way to check that no silent failure occurred.
====== finagle-chirper (web) [default], iteration 69 completed (7428.048 ms) ======
====== finagle-chirper (web) [default], iteration 70 started ======
Resetting master, feed map size: 5000
GC before operation: completed in 239.835 ms, heap usage 1.289 GB -> 25.948 MB.
WARNING: This benchmark provides no result that can be validated.
There is no way to check that no silent failure occurred.
====== finagle-chirper (web) [default], iteration 70 completed (7767.111 ms) ======
====== finagle-chirper (web) [default], iteration 71 started ======
Resetting master, feed map size: 5000
GC before operation: completed in 237.184 ms, heap usage 1.284 GB -> 25.946 MB.
WARNING: This benchmark provides no result that can be validated.
There is no way to check that no silent failure occurred.
====== finagle-chirper (web) [default], iteration 71 completed (7517.957 ms) ======
====== finagle-chirper (web) [default], iteration 72 started ======
Resetting master, feed map size: 5000
GC before operation: completed in 236.139 ms, heap usage 1.285 GB -> 25.945 MB.
WARNING: This benchmark provides no result that can be validated.
There is no way to check that no silent failure occurred.
====== finagle-chirper (web) [default], iteration 72 completed (7355.600 ms) ======
====== finagle-chirper (web) [default], iteration 73 started ======
Resetting master, feed map size: 5000
GC before operation: completed in 246.129 ms, heap usage 1.282 GB -> 25.948 MB.
WARNING: This benchmark provides no result that can be validated.
There is no way to check that no silent failure occurred.
====== finagle-chirper (web) [default], iteration 73 completed (7401.514 ms) ======
====== finagle-chirper (web) [default], iteration 74 started ======
Resetting master, feed map size: 5000
GC before operation: completed in 242.737 ms, heap usage 1.275 GB -> 25.949 MB.
WARNING: This benchmark provides no result that can be validated.
There is no way to check that no silent failure occurred.
====== finagle-chirper (web) [default], iteration 74 completed (7335.050 ms) ======
====== finagle-chirper (web) [default], iteration 75 started ======
Resetting master, feed map size: 5000
GC before operation: completed in 242.982 ms, heap usage 1.279 GB -> 25.946 MB.
WARNING: This benchmark provides no result that can be validated.
There is no way to check that no silent failure occurred.
====== finagle-chirper (web) [default], iteration 75 completed (7342.903 ms) ======
====== finagle-chirper (web) [default], iteration 76 started ======
Resetting master, feed map size: 5000
GC before operation: completed in 244.279 ms, heap usage 1.277 GB -> 25.949 MB.
WARNING: This benchmark provides no result that can be validated.
There is no way to check that no silent failure occurred.
====== finagle-chirper (web) [default], iteration 76 completed (7369.060 ms) ======
====== finagle-chirper (web) [default], iteration 77 started ======
Resetting master, feed map size: 5000
GC before operation: completed in 242.640 ms, heap usage 1.278 GB -> 25.956 MB.
WARNING: This benchmark provides no result that can be validated.
There is no way to check that no silent failure occurred.
====== finagle-chirper (web) [default], iteration 77 completed (7393.909 ms) ======
====== finagle-chirper (web) [default], iteration 78 started ======
Resetting master, feed map size: 5000
GC before operation: completed in 240.065 ms, heap usage 1.278 GB -> 25.949 MB.
WARNING: This benchmark provides no result that can be validated.
There is no way to check that no silent failure occurred.
====== finagle-chirper (web) [default], iteration 78 completed (7118.744 ms) ======
====== finagle-chirper (web) [default], iteration 79 started ======
Resetting master, feed map size: 5000
GC before operation: completed in 245.149 ms, heap usage 1.277 GB -> 25.949 MB.
WARNING: This benchmark provides no result that can be validated.
There is no way to check that no silent failure occurred.
====== finagle-chirper (web) [default], iteration 79 completed (7510.113 ms) ======
====== finagle-chirper (web) [default], iteration 80 started ======
Resetting master, feed map size: 5000
GC before operation: completed in 243.164 ms, heap usage 1.275 GB -> 25.950 MB.
WARNING: This benchmark provides no result that can be validated.
There is no way to check that no silent failure occurred.
====== finagle-chirper (web) [default], iteration 80 completed (7201.107 ms) ======
====== finagle-chirper (web) [default], iteration 81 started ======
Resetting master, feed map size: 5000
GC before operation: completed in 242.328 ms, heap usage 1.277 GB -> 26.283 MB.
WARNING: This benchmark provides no result that can be validated.
There is no way to check that no silent failure occurred.
====== finagle-chirper (web) [default], iteration 81 completed (7290.701 ms) ======
====== finagle-chirper (web) [default], iteration 82 started ======
Resetting master, feed map size: 5000
GC before operation: completed in 241.543 ms, heap usage 1.277 GB -> 25.952 MB.
WARNING: This benchmark provides no result that can be validated.
There is no way to check that no silent failure occurred.
====== finagle-chirper (web) [default], iteration 82 completed (7305.038 ms) ======
====== finagle-chirper (web) [default], iteration 83 started ======
Resetting master, feed map size: 5000
GC before operation: completed in 237.530 ms, heap usage 1.276 GB -> 25.954 MB.
WARNING: This benchmark provides no result that can be validated.
There is no way to check that no silent failure occurred.
====== finagle-chirper (web) [default], iteration 83 completed (7309.688 ms) ======
====== finagle-chirper (web) [default], iteration 84 started ======
Resetting master, feed map size: 5000
GC before operation: completed in 242.585 ms, heap usage 1.276 GB -> 25.955 MB.
WARNING: This benchmark provides no result that can be validated.
There is no way to check that no silent failure occurred.
====== finagle-chirper (web) [default], iteration 84 completed (7442.136 ms) ======
====== finagle-chirper (web) [default], iteration 85 started ======
Resetting master, feed map size: 5000
GC before operation: completed in 235.295 ms, heap usage 1.274 GB -> 25.960 MB.
WARNING: This benchmark provides no result that can be validated.
There is no way to check that no silent failure occurred.
====== finagle-chirper (web) [default], iteration 85 completed (7182.184 ms) ======
====== finagle-chirper (web) [default], iteration 86 started ======
Resetting master, feed map size: 5000
GC before operation: completed in 241.592 ms, heap usage 1.273 GB -> 25.954 MB.
WARNING: This benchmark provides no result that can be validated.
There is no way to check that no silent failure occurred.
====== finagle-chirper (web) [default], iteration 86 completed (7699.038 ms) ======
====== finagle-chirper (web) [default], iteration 87 started ======
Resetting master, feed map size: 5000
GC before operation: completed in 246.286 ms, heap usage 1.274 GB -> 25.955 MB.
WARNING: This benchmark provides no result that can be validated.
There is no way to check that no silent failure occurred.
====== finagle-chirper (web) [default], iteration 87 completed (7089.544 ms) ======
====== finagle-chirper (web) [default], iteration 88 started ======
Resetting master, feed map size: 5000
GC before operation: completed in 239.577 ms, heap usage 1.278 GB -> 25.957 MB.
WARNING: This benchmark provides no result that can be validated.
There is no way to check that no silent failure occurred.
====== finagle-chirper (web) [default], iteration 88 completed (7116.474 ms) ======
====== finagle-chirper (web) [default], iteration 89 started ======
Resetting master, feed map size: 5000
GC before operation: completed in 240.004 ms, heap usage 1.279 GB -> 25.956 MB.
WARNING: This benchmark provides no result that can be validated.
There is no way to check that no silent failure occurred.
====== finagle-chirper (web) [default], iteration 89 completed (8132.309 ms) ======
====== finagle-chirper (web) [default], iteration 90 started ======
Resetting master, feed map size: 5000
GC before operation: completed in 238.301 ms, heap usage 1.272 GB -> 25.959 MB.
WARNING: This benchmark provides no result that can be validated.
There is no way to check that no silent failure occurred.
====== finagle-chirper (web) [default], iteration 90 completed (7122.176 ms) ======
====== finagle-chirper (web) [default], iteration 91 started ======
Resetting master, feed map size: 5000
GC before operation: completed in 236.448 ms, heap usage 1.280 GB -> 25.953 MB.
WARNING: This benchmark provides no result that can be validated.
There is no way to check that no silent failure occurred.
====== finagle-chirper (web) [default], iteration 91 completed (7428.024 ms) ======
====== finagle-chirper (web) [default], iteration 92 started ======
Resetting master, feed map size: 5000
GC before operation: completed in 234.436 ms, heap usage 1.278 GB -> 25.954 MB.
WARNING: This benchmark provides no result that can be validated.
There is no way to check that no silent failure occurred.
====== finagle-chirper (web) [default], iteration 92 completed (7181.433 ms) ======
====== finagle-chirper (web) [default], iteration 93 started ======
Resetting master, feed map size: 5000
GC before operation: completed in 244.104 ms, heap usage 1.277 GB -> 25.953 MB.
WARNING: This benchmark provides no result that can be validated.
There is no way to check that no silent failure occurred.
====== finagle-chirper (web) [default], iteration 93 completed (7455.687 ms) ======
====== finagle-chirper (web) [default], iteration 94 started ======
Resetting master, feed map size: 5000
GC before operation: completed in 240.195 ms, heap usage 1.277 GB -> 25.952 MB.
WARNING: This benchmark provides no result that can be validated.
There is no way to check that no silent failure occurred.
====== finagle-chirper (web) [default], iteration 94 completed (7629.722 ms) ======
====== finagle-chirper (web) [default], iteration 95 started ======
Resetting master, feed map size: 5000
GC before operation: completed in 233.918 ms, heap usage 1.277 GB -> 25.953 MB.
WARNING: This benchmark provides no result that can be validated.
There is no way to check that no silent failure occurred.
====== finagle-chirper (web) [default], iteration 95 completed (7140.164 ms) ======
====== finagle-chirper (web) [default], iteration 96 started ======
Resetting master, feed map size: 5000
GC before operation: completed in 243.615 ms, heap usage 1.277 GB -> 25.956 MB.
WARNING: This benchmark provides no result that can be validated.
There is no way to check that no silent failure occurred.
====== finagle-chirper (web) [default], iteration 96 completed (7084.653 ms) ======
====== finagle-chirper (web) [default], iteration 97 started ======
Resetting master, feed map size: 5000
GC before operation: completed in 240.576 ms, heap usage 1.276 GB -> 25.953 MB.
WARNING: This benchmark provides no result that can be validated.
There is no way to check that no silent failure occurred.
====== finagle-chirper (web) [default], iteration 97 completed (7352.163 ms) ======
====== finagle-chirper (web) [default], iteration 98 started ======
Resetting master, feed map size: 5000
GC before operation: completed in 238.090 ms, heap usage 1.276 GB -> 25.957 MB.
WARNING: This benchmark provides no result that can be validated.
There is no way to check that no silent failure occurred.
====== finagle-chirper (web) [default], iteration 98 completed (7345.980 ms) ======
====== finagle-chirper (web) [default], iteration 99 started ======
Resetting master, feed map size: 5000
GC before operation: completed in 237.215 ms, heap usage 1.279 GB -> 25.957 MB.
WARNING: This benchmark provides no result that can be validated.
There is no way to check that no silent failure occurred.
====== finagle-chirper (web) [default], iteration 99 completed (7265.397 ms) ======
