[2023-05-21T05:09:54.027+0200] com.twitter.jvm.Jvm$ (com.twitter.jvm.Jvm$ liftedTree2$1)
WARNING: failed to create Hotspot JVM interface, using NilJvm instead
finagle-http on :38251 spawning 4 client and default number of server workers.
====== finagle-http (web) [default], iteration 0 started ======
GC before operation: completed in 350.843 ms, heap usage 618.705 MB -> 525.715 MB.
====== finagle-http (web) [default], iteration 0 completed (51882.307 ms) ======
====== finagle-http (web) [default], iteration 1 started ======
GC before operation: completed in 233.148 ms, heap usage 911.570 MB -> 525.869 MB.
====== finagle-http (web) [default], iteration 1 completed (24607.611 ms) ======
====== finagle-http (web) [default], iteration 2 started ======
GC before operation: completed in 102.166 ms, heap usage 553.249 MB -> 344.261 MB.
====== finagle-http (web) [default], iteration 2 completed (21855.841 ms) ======
====== finagle-http (web) [default], iteration 3 started ======
GC before operation: completed in 214.714 ms, heap usage 602.744 MB -> 225.466 MB.
====== finagle-http (web) [default], iteration 3 completed (20681.873 ms) ======
====== finagle-http (web) [default], iteration 4 started ======
GC before operation: completed in 85.565 ms, heap usage 312.554 MB -> 150.067 MB.
====== finagle-http (web) [default], iteration 4 completed (19437.946 ms) ======
====== finagle-http (web) [default], iteration 5 started ======
GC before operation: completed in 177.467 ms, heap usage 143.768 MB -> 116.835 MB.
====== finagle-http (web) [default], iteration 5 completed (15248.838 ms) ======
====== finagle-http (web) [default], iteration 6 started ======
GC before operation: completed in 64.145 ms, heap usage 130.964 MB -> 116.863 MB.
====== finagle-http (web) [default], iteration 6 completed (15274.321 ms) ======
====== finagle-http (web) [default], iteration 7 started ======
GC before operation: completed in 149.842 ms, heap usage 132.337 MB -> 116.304 MB.
====== finagle-http (web) [default], iteration 7 completed (15241.326 ms) ======
====== finagle-http (web) [default], iteration 8 started ======
GC before operation: completed in 54.555 ms, heap usage 131.021 MB -> 116.309 MB.
====== finagle-http (web) [default], iteration 8 completed (15660.184 ms) ======
====== finagle-http (web) [default], iteration 9 started ======
GC before operation: completed in 178.016 ms, heap usage 132.301 MB -> 116.420 MB.
====== finagle-http (web) [default], iteration 9 completed (15201.922 ms) ======
====== finagle-http (web) [default], iteration 10 started ======
GC before operation: completed in 56.738 ms, heap usage 131.738 MB -> 116.268 MB.
====== finagle-http (web) [default], iteration 10 completed (15667.594 ms) ======
====== finagle-http (web) [default], iteration 11 started ======
GC before operation: completed in 130.907 ms, heap usage 132.123 MB -> 117.318 MB.
====== finagle-http (web) [default], iteration 11 completed (15772.858 ms) ======
====== finagle-http (web) [default], iteration 12 started ======
GC before operation: completed in 54.064 ms, heap usage 132.272 MB -> 116.575 MB.
====== finagle-http (web) [default], iteration 12 completed (15642.694 ms) ======
====== finagle-http (web) [default], iteration 13 started ======
GC before operation: completed in 116.071 ms, heap usage 132.118 MB -> 116.318 MB.
====== finagle-http (web) [default], iteration 13 completed (15379.652 ms) ======
====== finagle-http (web) [default], iteration 14 started ======
GC before operation: completed in 53.790 ms, heap usage 130.870 MB -> 116.415 MB.
====== finagle-http (web) [default], iteration 14 completed (15730.271 ms) ======
====== finagle-http (web) [default], iteration 15 started ======
GC before operation: completed in 142.587 ms, heap usage 132.762 MB -> 116.315 MB.
====== finagle-http (web) [default], iteration 15 completed (15763.783 ms) ======
====== finagle-http (web) [default], iteration 16 started ======
GC before operation: completed in 55.770 ms, heap usage 132.318 MB -> 116.436 MB.
====== finagle-http (web) [default], iteration 16 completed (15771.095 ms) ======
====== finagle-http (web) [default], iteration 17 started ======
GC before operation: completed in 162.880 ms, heap usage 132.277 MB -> 117.154 MB.
====== finagle-http (web) [default], iteration 17 completed (15979.165 ms) ======
====== finagle-http (web) [default], iteration 18 started ======
GC before operation: completed in 58.372 ms, heap usage 132.034 MB -> 116.495 MB.
====== finagle-http (web) [default], iteration 18 completed (15789.563 ms) ======
====== finagle-http (web) [default], iteration 19 started ======
GC before operation: completed in 194.330 ms, heap usage 132.273 MB -> 117.543 MB.
====== finagle-http (web) [default], iteration 19 completed (15900.528 ms) ======
====== finagle-http (web) [default], iteration 20 started ======
GC before operation: completed in 56.672 ms, heap usage 131.957 MB -> 116.454 MB.
====== finagle-http (web) [default], iteration 20 completed (15796.815 ms) ======
====== finagle-http (web) [default], iteration 21 started ======
GC before operation: completed in 111.646 ms, heap usage 132.422 MB -> 116.311 MB.
====== finagle-http (web) [default], iteration 21 completed (15763.577 ms) ======
====== finagle-http (web) [default], iteration 22 started ======
GC before operation: completed in 54.029 ms, heap usage 132.402 MB -> 116.482 MB.
====== finagle-http (web) [default], iteration 22 completed (15774.418 ms) ======
====== finagle-http (web) [default], iteration 23 started ======
GC before operation: completed in 189.004 ms, heap usage 131.998 MB -> 117.268 MB.
====== finagle-http (web) [default], iteration 23 completed (15936.467 ms) ======
====== finagle-http (web) [default], iteration 24 started ======
GC before operation: completed in 61.805 ms, heap usage 131.668 MB -> 117.802 MB.
====== finagle-http (web) [default], iteration 24 completed (15828.287 ms) ======
====== finagle-http (web) [default], iteration 25 started ======
GC before operation: completed in 172.193 ms, heap usage 132.114 MB -> 116.304 MB.
====== finagle-http (web) [default], iteration 25 completed (15682.549 ms) ======
====== finagle-http (web) [default], iteration 26 started ======
GC before operation: completed in 56.298 ms, heap usage 131.740 MB -> 116.424 MB.
====== finagle-http (web) [default], iteration 26 completed (15949.950 ms) ======
====== finagle-http (web) [default], iteration 27 started ======
GC before operation: completed in 145.258 ms, heap usage 132.602 MB -> 116.338 MB.
====== finagle-http (web) [default], iteration 27 completed (16016.924 ms) ======
====== finagle-http (web) [default], iteration 28 started ======
GC before operation: completed in 69.729 ms, heap usage 132.748 MB -> 117.690 MB.
====== finagle-http (web) [default], iteration 28 completed (15872.679 ms) ======
====== finagle-http (web) [default], iteration 29 started ======
GC before operation: completed in 149.486 ms, heap usage 132.308 MB -> 116.354 MB.
====== finagle-http (web) [default], iteration 29 completed (15830.822 ms) ======
====== finagle-http (web) [default], iteration 30 started ======
GC before operation: completed in 53.815 ms, heap usage 131.741 MB -> 116.438 MB.
====== finagle-http (web) [default], iteration 30 completed (15350.446 ms) ======
====== finagle-http (web) [default], iteration 31 started ======
GC before operation: completed in 196.929 ms, heap usage 131.506 MB -> 116.187 MB.
====== finagle-http (web) [default], iteration 31 completed (15843.851 ms) ======
====== finagle-http (web) [default], iteration 32 started ======
GC before operation: completed in 54.325 ms, heap usage 131.842 MB -> 116.164 MB.
====== finagle-http (web) [default], iteration 32 completed (15902.791 ms) ======
====== finagle-http (web) [default], iteration 33 started ======
GC before operation: completed in 195.593 ms, heap usage 131.418 MB -> 115.142 MB.
====== finagle-http (web) [default], iteration 33 completed (16023.333 ms) ======
====== finagle-http (web) [default], iteration 34 started ======
GC before operation: completed in 50.721 ms, heap usage 131.243 MB -> 115.254 MB.
====== finagle-http (web) [default], iteration 34 completed (16058.267 ms) ======
====== finagle-http (web) [default], iteration 35 started ======
GC before operation: completed in 197.189 ms, heap usage 130.683 MB -> 115.117 MB.
====== finagle-http (web) [default], iteration 35 completed (16191.388 ms) ======
====== finagle-http (web) [default], iteration 36 started ======
GC before operation: completed in 52.850 ms, heap usage 130.427 MB -> 115.223 MB.
====== finagle-http (web) [default], iteration 36 completed (16021.326 ms) ======
====== finagle-http (web) [default], iteration 37 started ======
GC before operation: completed in 168.728 ms, heap usage 131.246 MB -> 115.067 MB.
====== finagle-http (web) [default], iteration 37 completed (16001.622 ms) ======
====== finagle-http (web) [default], iteration 38 started ======
GC before operation: completed in 50.321 ms, heap usage 129.654 MB -> 115.163 MB.
====== finagle-http (web) [default], iteration 38 completed (15809.011 ms) ======
====== finagle-http (web) [default], iteration 39 started ======
GC before operation: completed in 110.116 ms, heap usage 131.301 MB -> 115.077 MB.
====== finagle-http (web) [default], iteration 39 completed (15781.315 ms) ======
====== finagle-http (web) [default], iteration 40 started ======
GC before operation: completed in 74.520 ms, heap usage 131.273 MB -> 116.737 MB.
====== finagle-http (web) [default], iteration 40 completed (15539.571 ms) ======
====== finagle-http (web) [default], iteration 41 started ======
GC before operation: completed in 112.248 ms, heap usage 131.457 MB -> 115.642 MB.
====== finagle-http (web) [default], iteration 41 completed (15274.141 ms) ======
====== finagle-http (web) [default], iteration 42 started ======
GC before operation: completed in 59.001 ms, heap usage 130.516 MB -> 115.912 MB.
====== finagle-http (web) [default], iteration 42 completed (15089.307 ms) ======
====== finagle-http (web) [default], iteration 43 started ======
GC before operation: completed in 108.772 ms, heap usage 130.203 MB -> 115.025 MB.
====== finagle-http (web) [default], iteration 43 completed (15576.710 ms) ======
====== finagle-http (web) [default], iteration 44 started ======
GC before operation: completed in 53.977 ms, heap usage 130.832 MB -> 115.247 MB.
====== finagle-http (web) [default], iteration 44 completed (15630.918 ms) ======
====== finagle-http (web) [default], iteration 45 started ======
GC before operation: completed in 114.212 ms, heap usage 131.703 MB -> 115.863 MB.
====== finagle-http (web) [default], iteration 45 completed (15474.860 ms) ======
====== finagle-http (web) [default], iteration 46 started ======
GC before operation: completed in 57.710 ms, heap usage 130.500 MB -> 115.225 MB.
====== finagle-http (web) [default], iteration 46 completed (15768.611 ms) ======
====== finagle-http (web) [default], iteration 47 started ======
GC before operation: completed in 144.021 ms, heap usage 131.553 MB -> 115.224 MB.
====== finagle-http (web) [default], iteration 47 completed (16770.939 ms) ======
====== finagle-http (web) [default], iteration 48 started ======
GC before operation: completed in 53.024 ms, heap usage 130.302 MB -> 114.569 MB.
====== finagle-http (web) [default], iteration 48 completed (12771.086 ms) ======
====== finagle-http (web) [default], iteration 49 started ======
GC before operation: completed in 204.695 ms, heap usage 125.496 MB -> 115.759 MB.
====== finagle-http (web) [default], iteration 49 completed (14847.485 ms) ======
====== finagle-http (web) [default], iteration 50 started ======
GC before operation: completed in 69.778 ms, heap usage 129.263 MB -> 115.975 MB.
====== finagle-http (web) [default], iteration 50 completed (15588.829 ms) ======
====== finagle-http (web) [default], iteration 51 started ======
GC before operation: completed in 108.617 ms, heap usage 129.853 MB -> 114.417 MB.
====== finagle-http (web) [default], iteration 51 completed (15748.683 ms) ======
====== finagle-http (web) [default], iteration 52 started ======
GC before operation: completed in 49.759 ms, heap usage 130.879 MB -> 114.554 MB.
====== finagle-http (web) [default], iteration 52 completed (15982.784 ms) ======
====== finagle-http (web) [default], iteration 53 started ======
GC before operation: completed in 140.774 ms, heap usage 130.240 MB -> 114.417 MB.
====== finagle-http (web) [default], iteration 53 completed (15971.134 ms) ======
====== finagle-http (web) [default], iteration 54 started ======
GC before operation: completed in 61.496 ms, heap usage 130.172 MB -> 115.390 MB.
====== finagle-http (web) [default], iteration 54 completed (16134.936 ms) ======
====== finagle-http (web) [default], iteration 55 started ======
GC before operation: completed in 175.503 ms, heap usage 130.454 MB -> 114.513 MB.
====== finagle-http (web) [default], iteration 55 completed (15946.649 ms) ======
====== finagle-http (web) [default], iteration 56 started ======
GC before operation: completed in 53.419 ms, heap usage 130.167 MB -> 114.643 MB.
====== finagle-http (web) [default], iteration 56 completed (16021.394 ms) ======
====== finagle-http (web) [default], iteration 57 started ======
GC before operation: completed in 108.849 ms, heap usage 130.340 MB -> 114.424 MB.
====== finagle-http (web) [default], iteration 57 completed (15905.281 ms) ======
====== finagle-http (web) [default], iteration 58 started ======
GC before operation: completed in 52.375 ms, heap usage 130.118 MB -> 114.570 MB.
====== finagle-http (web) [default], iteration 58 completed (16026.375 ms) ======
====== finagle-http (web) [default], iteration 59 started ======
GC before operation: completed in 116.895 ms, heap usage 130.328 MB -> 115.452 MB.
====== finagle-http (web) [default], iteration 59 completed (15858.148 ms) ======
====== finagle-http (web) [default], iteration 60 started ======
GC before operation: completed in 58.926 ms, heap usage 130.264 MB -> 115.520 MB.
====== finagle-http (web) [default], iteration 60 completed (15738.825 ms) ======
====== finagle-http (web) [default], iteration 61 started ======
GC before operation: completed in 119.421 ms, heap usage 130.633 MB -> 115.690 MB.
====== finagle-http (web) [default], iteration 61 completed (15735.868 ms) ======
====== finagle-http (web) [default], iteration 62 started ======
GC before operation: completed in 53.392 ms, heap usage 130.254 MB -> 114.578 MB.
====== finagle-http (web) [default], iteration 62 completed (14986.933 ms) ======
====== finagle-http (web) [default], iteration 63 started ======
GC before operation: completed in 113.175 ms, heap usage 129.093 MB -> 114.545 MB.
====== finagle-http (web) [default], iteration 63 completed (15559.562 ms) ======
====== finagle-http (web) [default], iteration 64 started ======
GC before operation: completed in 51.282 ms, heap usage 130.379 MB -> 114.536 MB.
====== finagle-http (web) [default], iteration 64 completed (15530.252 ms) ======
====== finagle-http (web) [default], iteration 65 started ======
GC before operation: completed in 109.923 ms, heap usage 129.707 MB -> 114.428 MB.
====== finagle-http (web) [default], iteration 65 completed (15590.678 ms) ======
====== finagle-http (web) [default], iteration 66 started ======
GC before operation: completed in 50.600 ms, heap usage 130.317 MB -> 114.559 MB.
====== finagle-http (web) [default], iteration 66 completed (15715.903 ms) ======
====== finagle-http (web) [default], iteration 67 started ======
GC before operation: completed in 155.076 ms, heap usage 130.279 MB -> 115.306 MB.
====== finagle-http (web) [default], iteration 67 completed (15294.800 ms) ======
====== finagle-http (web) [default], iteration 68 started ======
GC before operation: completed in 52.860 ms, heap usage 129.294 MB -> 114.558 MB.
====== finagle-http (web) [default], iteration 68 completed (15406.241 ms) ======
====== finagle-http (web) [default], iteration 69 started ======
GC before operation: completed in 125.026 ms, heap usage 130.593 MB -> 115.878 MB.
====== finagle-http (web) [default], iteration 69 completed (15239.094 ms) ======
====== finagle-http (web) [default], iteration 70 started ======
GC before operation: completed in 62.728 ms, heap usage 129.979 MB -> 115.302 MB.
====== finagle-http (web) [default], iteration 70 completed (15746.390 ms) ======
====== finagle-http (web) [default], iteration 71 started ======
GC before operation: completed in 103.969 ms, heap usage 130.256 MB -> 114.430 MB.
====== finagle-http (web) [default], iteration 71 completed (15434.598 ms) ======
====== finagle-http (web) [default], iteration 72 started ======
GC before operation: completed in 65.185 ms, heap usage 129.920 MB -> 115.532 MB.
====== finagle-http (web) [default], iteration 72 completed (15716.744 ms) ======
====== finagle-http (web) [default], iteration 73 started ======
GC before operation: completed in 110.819 ms, heap usage 130.336 MB -> 114.506 MB.
====== finagle-http (web) [default], iteration 73 completed (15756.957 ms) ======
====== finagle-http (web) [default], iteration 74 started ======
GC before operation: completed in 53.305 ms, heap usage 130.857 MB -> 114.619 MB.
====== finagle-http (web) [default], iteration 74 completed (15804.935 ms) ======
====== finagle-http (web) [default], iteration 75 started ======
GC before operation: completed in 122.653 ms, heap usage 130.386 MB -> 114.890 MB.
====== finagle-http (web) [default], iteration 75 completed (15879.293 ms) ======
====== finagle-http (web) [default], iteration 76 started ======
GC before operation: completed in 50.326 ms, heap usage 129.832 MB -> 114.520 MB.
====== finagle-http (web) [default], iteration 76 completed (15721.450 ms) ======
====== finagle-http (web) [default], iteration 77 started ======
GC before operation: completed in 106.795 ms, heap usage 131.164 MB -> 114.463 MB.
====== finagle-http (web) [default], iteration 77 completed (15888.877 ms) ======
====== finagle-http (web) [default], iteration 78 started ======
GC before operation: completed in 56.257 ms, heap usage 130.196 MB -> 114.616 MB.
====== finagle-http (web) [default], iteration 78 completed (15865.777 ms) ======
====== finagle-http (web) [default], iteration 79 started ======
GC before operation: completed in 114.351 ms, heap usage 130.962 MB -> 115.169 MB.
====== finagle-http (web) [default], iteration 79 completed (15707.412 ms) ======
====== finagle-http (web) [default], iteration 80 started ======
GC before operation: completed in 54.155 ms, heap usage 129.975 MB -> 114.730 MB.
====== finagle-http (web) [default], iteration 80 completed (15824.532 ms) ======
====== finagle-http (web) [default], iteration 81 started ======
GC before operation: completed in 108.755 ms, heap usage 130.780 MB -> 114.452 MB.
====== finagle-http (web) [default], iteration 81 completed (15803.424 ms) ======
====== finagle-http (web) [default], iteration 82 started ======
GC before operation: completed in 55.655 ms, heap usage 130.207 MB -> 114.828 MB.
====== finagle-http (web) [default], iteration 82 completed (17249.387 ms) ======
====== finagle-http (web) [default], iteration 83 started ======
GC before operation: completed in 109.380 ms, heap usage 131.908 MB -> 114.437 MB.
====== finagle-http (web) [default], iteration 83 completed (15852.768 ms) ======
====== finagle-http (web) [default], iteration 84 started ======
GC before operation: completed in 63.596 ms, heap usage 133.481 MB -> 115.966 MB.
====== finagle-http (web) [default], iteration 84 completed (15612.491 ms) ======
====== finagle-http (web) [default], iteration 85 started ======
GC before operation: completed in 142.673 ms, heap usage 133.747 MB -> 114.530 MB.
====== finagle-http (web) [default], iteration 85 completed (14551.527 ms) ======
====== finagle-http (web) [default], iteration 86 started ======
GC before operation: completed in 61.986 ms, heap usage 131.257 MB -> 115.815 MB.
====== finagle-http (web) [default], iteration 86 completed (15620.977 ms) ======
====== finagle-http (web) [default], iteration 87 started ======
GC before operation: completed in 107.236 ms, heap usage 134.357 MB -> 114.429 MB.
====== finagle-http (web) [default], iteration 87 completed (16098.537 ms) ======
====== finagle-http (web) [default], iteration 88 started ======
GC before operation: completed in 48.634 ms, heap usage 132.279 MB -> 114.589 MB.
====== finagle-http (web) [default], iteration 88 completed (14759.507 ms) ======
====== finagle-http (web) [default], iteration 89 started ======
GC before operation: completed in 140.353 ms, heap usage 131.296 MB -> 114.503 MB.
====== finagle-http (web) [default], iteration 89 completed (15036.970 ms) ======
====== finagle-http (web) [default], iteration 90 started ======
GC before operation: completed in 60.343 ms, heap usage 133.003 MB -> 114.618 MB.
====== finagle-http (web) [default], iteration 90 completed (15508.213 ms) ======
====== finagle-http (web) [default], iteration 91 started ======
GC before operation: completed in 110.904 ms, heap usage 132.902 MB -> 114.495 MB.
====== finagle-http (web) [default], iteration 91 completed (15621.107 ms) ======
====== finagle-http (web) [default], iteration 92 started ======
GC before operation: completed in 54.216 ms, heap usage 133.464 MB -> 114.597 MB.
====== finagle-http (web) [default], iteration 92 completed (15632.593 ms) ======
====== finagle-http (web) [default], iteration 93 started ======
GC before operation: completed in 109.916 ms, heap usage 133.729 MB -> 114.426 MB.
====== finagle-http (web) [default], iteration 93 completed (15580.777 ms) ======
====== finagle-http (web) [default], iteration 94 started ======
GC before operation: completed in 58.639 ms, heap usage 133.290 MB -> 114.605 MB.
====== finagle-http (web) [default], iteration 94 completed (14686.592 ms) ======
====== finagle-http (web) [default], iteration 95 started ======
GC before operation: completed in 112.476 ms, heap usage 131.232 MB -> 114.423 MB.
====== finagle-http (web) [default], iteration 95 completed (15579.549 ms) ======
====== finagle-http (web) [default], iteration 96 started ======
GC before operation: completed in 83.524 ms, heap usage 133.787 MB -> 114.649 MB.
====== finagle-http (web) [default], iteration 96 completed (15588.556 ms) ======
====== finagle-http (web) [default], iteration 97 started ======
GC before operation: completed in 107.949 ms, heap usage 133.985 MB -> 114.434 MB.
====== finagle-http (web) [default], iteration 97 completed (15638.973 ms) ======
====== finagle-http (web) [default], iteration 98 started ======
GC before operation: completed in 50.943 ms, heap usage 133.320 MB -> 114.653 MB.
====== finagle-http (web) [default], iteration 98 completed (15876.285 ms) ======
====== finagle-http (web) [default], iteration 99 started ======
GC before operation: completed in 111.727 ms, heap usage 133.535 MB -> 114.448 MB.
====== finagle-http (web) [default], iteration 99 completed (15592.731 ms) ======
[2023-05-21T05:37:13.506+0200] com.twitter.jvm.Jvm$ (com.twitter.jvm.Jvm$ liftedTree2$1)
WARNING: failed to create Hotspot JVM interface, using NilJvm instead
Master port: 46501
Cache ports: 45629, 35681, 46555, 39309
====== finagle-chirper (web) [default], iteration 0 started ======
Resetting master, feed map size: 5000
GC before operation: completed in 65.539 ms, heap usage 243.351 MB -> 131.715 MB.
WARNING: This benchmark provides no result that can be validated.
There is no way to check that no silent failure occurred.
====== finagle-chirper (web) [default], iteration 0 completed (86674.465 ms) ======
====== finagle-chirper (web) [default], iteration 1 started ======
Resetting master, feed map size: 5000
GC before operation: completed in 301.520 ms, heap usage 1.006 GB -> 126.684 MB.
WARNING: This benchmark provides no result that can be validated.
There is no way to check that no silent failure occurred.
====== finagle-chirper (web) [default], iteration 1 completed (30851.806 ms) ======
====== finagle-chirper (web) [default], iteration 2 started ======
Resetting master, feed map size: 5000
GC before operation: completed in 143.518 ms, heap usage 953.000 MB -> 130.186 MB.
WARNING: This benchmark provides no result that can be validated.
There is no way to check that no silent failure occurred.
====== finagle-chirper (web) [default], iteration 2 completed (18235.222 ms) ======
====== finagle-chirper (web) [default], iteration 3 started ======
Resetting master, feed map size: 5000
GC before operation: completed in 298.065 ms, heap usage 922.342 MB -> 126.747 MB.
WARNING: This benchmark provides no result that can be validated.
There is no way to check that no silent failure occurred.
====== finagle-chirper (web) [default], iteration 3 completed (16425.564 ms) ======
====== finagle-chirper (web) [default], iteration 4 started ======
Resetting master, feed map size: 5000
GC before operation: completed in 65.363 ms, heap usage 889.028 MB -> 129.633 MB.
WARNING: This benchmark provides no result that can be validated.
There is no way to check that no silent failure occurred.
====== finagle-chirper (web) [default], iteration 4 completed (15673.444 ms) ======
====== finagle-chirper (web) [default], iteration 5 started ======
Resetting master, feed map size: 5000
GC before operation: completed in 224.001 ms, heap usage 834.418 MB -> 126.556 MB.
WARNING: This benchmark provides no result that can be validated.
There is no way to check that no silent failure occurred.
====== finagle-chirper (web) [default], iteration 5 completed (15590.762 ms) ======
====== finagle-chirper (web) [default], iteration 6 started ======
Resetting master, feed map size: 5000
GC before operation: completed in 65.032 ms, heap usage 821.042 MB -> 129.238 MB.
WARNING: This benchmark provides no result that can be validated.
There is no way to check that no silent failure occurred.
====== finagle-chirper (web) [default], iteration 6 completed (15071.733 ms) ======
====== finagle-chirper (web) [default], iteration 7 started ======
Resetting master, feed map size: 5000
GC before operation: completed in 261.957 ms, heap usage 826.349 MB -> 126.765 MB.
WARNING: This benchmark provides no result that can be validated.
There is no way to check that no silent failure occurred.
====== finagle-chirper (web) [default], iteration 7 completed (14625.565 ms) ======
====== finagle-chirper (web) [default], iteration 8 started ======
Resetting master, feed map size: 5000
GC before operation: completed in 64.621 ms, heap usage 780.161 MB -> 129.663 MB.
WARNING: This benchmark provides no result that can be validated.
There is no way to check that no silent failure occurred.
====== finagle-chirper (web) [default], iteration 8 completed (14969.485 ms) ======
====== finagle-chirper (web) [default], iteration 9 started ======
Resetting master, feed map size: 5000
GC before operation: completed in 201.869 ms, heap usage 776.364 MB -> 126.761 MB.
WARNING: This benchmark provides no result that can be validated.
There is no way to check that no silent failure occurred.
====== finagle-chirper (web) [default], iteration 9 completed (15078.283 ms) ======
====== finagle-chirper (web) [default], iteration 10 started ======
Resetting master, feed map size: 5000
GC before operation: completed in 62.837 ms, heap usage 750.784 MB -> 129.393 MB.
WARNING: This benchmark provides no result that can be validated.
There is no way to check that no silent failure occurred.
====== finagle-chirper (web) [default], iteration 10 completed (16534.397 ms) ======
====== finagle-chirper (web) [default], iteration 11 started ======
Resetting master, feed map size: 5000
GC before operation: completed in 228.323 ms, heap usage 743.176 MB -> 126.706 MB.
WARNING: This benchmark provides no result that can be validated.
There is no way to check that no silent failure occurred.
====== finagle-chirper (web) [default], iteration 11 completed (14553.215 ms) ======
====== finagle-chirper (web) [default], iteration 12 started ======
Resetting master, feed map size: 5000
GC before operation: completed in 64.780 ms, heap usage 743.350 MB -> 129.659 MB.
WARNING: This benchmark provides no result that can be validated.
There is no way to check that no silent failure occurred.
====== finagle-chirper (web) [default], iteration 12 completed (14620.839 ms) ======
====== finagle-chirper (web) [default], iteration 13 started ======
Resetting master, feed map size: 5000
GC before operation: completed in 226.726 ms, heap usage 755.103 MB -> 126.770 MB.
WARNING: This benchmark provides no result that can be validated.
There is no way to check that no silent failure occurred.
====== finagle-chirper (web) [default], iteration 13 completed (14348.472 ms) ======
====== finagle-chirper (web) [default], iteration 14 started ======
Resetting master, feed map size: 5000
GC before operation: completed in 60.697 ms, heap usage 738.146 MB -> 129.678 MB.
WARNING: This benchmark provides no result that can be validated.
There is no way to check that no silent failure occurred.
====== finagle-chirper (web) [default], iteration 14 completed (13869.551 ms) ======
====== finagle-chirper (web) [default], iteration 15 started ======
Resetting master, feed map size: 5000
GC before operation: completed in 144.010 ms, heap usage 693.892 MB -> 126.773 MB.
WARNING: This benchmark provides no result that can be validated.
There is no way to check that no silent failure occurred.
====== finagle-chirper (web) [default], iteration 15 completed (14134.089 ms) ======
====== finagle-chirper (web) [default], iteration 16 started ======
Resetting master, feed map size: 5000
GC before operation: completed in 61.006 ms, heap usage 677.731 MB -> 129.671 MB.
WARNING: This benchmark provides no result that can be validated.
There is no way to check that no silent failure occurred.
====== finagle-chirper (web) [default], iteration 16 completed (14470.633 ms) ======
====== finagle-chirper (web) [default], iteration 17 started ======
Resetting master, feed map size: 5000
GC before operation: completed in 236.069 ms, heap usage 690.828 MB -> 126.799 MB.
WARNING: This benchmark provides no result that can be validated.
There is no way to check that no silent failure occurred.
====== finagle-chirper (web) [default], iteration 17 completed (14187.795 ms) ======
====== finagle-chirper (web) [default], iteration 18 started ======
Resetting master, feed map size: 5000
GC before operation: completed in 63.713 ms, heap usage 689.041 MB -> 129.657 MB.
WARNING: This benchmark provides no result that can be validated.
There is no way to check that no silent failure occurred.
====== finagle-chirper (web) [default], iteration 18 completed (14075.612 ms) ======
====== finagle-chirper (web) [default], iteration 19 started ======
Resetting master, feed map size: 5000
GC before operation: completed in 187.713 ms, heap usage 666.493 MB -> 126.805 MB.
WARNING: This benchmark provides no result that can be validated.
There is no way to check that no silent failure occurred.
====== finagle-chirper (web) [default], iteration 19 completed (13648.490 ms) ======
====== finagle-chirper (web) [default], iteration 20 started ======
Resetting master, feed map size: 5000
GC before operation: completed in 58.902 ms, heap usage 661.052 MB -> 129.682 MB.
WARNING: This benchmark provides no result that can be validated.
There is no way to check that no silent failure occurred.
====== finagle-chirper (web) [default], iteration 20 completed (13706.820 ms) ======
====== finagle-chirper (web) [default], iteration 21 started ======
Resetting master, feed map size: 5000
GC before operation: completed in 185.343 ms, heap usage 668.445 MB -> 126.779 MB.
WARNING: This benchmark provides no result that can be validated.
There is no way to check that no silent failure occurred.
====== finagle-chirper (web) [default], iteration 21 completed (14235.981 ms) ======
====== finagle-chirper (web) [default], iteration 22 started ======
Resetting master, feed map size: 5000
GC before operation: completed in 60.035 ms, heap usage 661.644 MB -> 129.658 MB.
WARNING: This benchmark provides no result that can be validated.
There is no way to check that no silent failure occurred.
====== finagle-chirper (web) [default], iteration 22 completed (15525.399 ms) ======
====== finagle-chirper (web) [default], iteration 23 started ======
Resetting master, feed map size: 5000
GC before operation: completed in 181.443 ms, heap usage 667.797 MB -> 126.468 MB.
WARNING: This benchmark provides no result that can be validated.
There is no way to check that no silent failure occurred.
====== finagle-chirper (web) [default], iteration 23 completed (15434.250 ms) ======
====== finagle-chirper (web) [default], iteration 24 started ======
Resetting master, feed map size: 5000
GC before operation: completed in 67.676 ms, heap usage 661.085 MB -> 129.053 MB.
WARNING: This benchmark provides no result that can be validated.
There is no way to check that no silent failure occurred.
====== finagle-chirper (web) [default], iteration 24 completed (14127.320 ms) ======
====== finagle-chirper (web) [default], iteration 25 started ======
Resetting master, feed map size: 5000
GC before operation: completed in 179.712 ms, heap usage 661.623 MB -> 126.791 MB.
WARNING: This benchmark provides no result that can be validated.
There is no way to check that no silent failure occurred.
====== finagle-chirper (web) [default], iteration 25 completed (13772.998 ms) ======
====== finagle-chirper (web) [default], iteration 26 started ======
Resetting master, feed map size: 5000
GC before operation: completed in 61.208 ms, heap usage 665.558 MB -> 129.697 MB.
WARNING: This benchmark provides no result that can be validated.
There is no way to check that no silent failure occurred.
====== finagle-chirper (web) [default], iteration 26 completed (13891.796 ms) ======
====== finagle-chirper (web) [default], iteration 27 started ======
Resetting master, feed map size: 5000
GC before operation: completed in 236.363 ms, heap usage 667.795 MB -> 126.797 MB.
WARNING: This benchmark provides no result that can be validated.
There is no way to check that no silent failure occurred.
====== finagle-chirper (web) [default], iteration 27 completed (13644.283 ms) ======
====== finagle-chirper (web) [default], iteration 28 started ======
Resetting master, feed map size: 5000
GC before operation: completed in 78.293 ms, heap usage 648.649 MB -> 129.683 MB.
WARNING: This benchmark provides no result that can be validated.
There is no way to check that no silent failure occurred.
====== finagle-chirper (web) [default], iteration 28 completed (13676.410 ms) ======
====== finagle-chirper (web) [default], iteration 29 started ======
Resetting master, feed map size: 5000
GC before operation: completed in 227.076 ms, heap usage 615.921 MB -> 126.798 MB.
WARNING: This benchmark provides no result that can be validated.
There is no way to check that no silent failure occurred.
====== finagle-chirper (web) [default], iteration 29 completed (13844.932 ms) ======
====== finagle-chirper (web) [default], iteration 30 started ======
Resetting master, feed map size: 5000
GC before operation: completed in 64.244 ms, heap usage 599.463 MB -> 129.646 MB.
WARNING: This benchmark provides no result that can be validated.
There is no way to check that no silent failure occurred.
====== finagle-chirper (web) [default], iteration 30 completed (13662.493 ms) ======
====== finagle-chirper (web) [default], iteration 31 started ======
Resetting master, feed map size: 5000
GC before operation: completed in 273.975 ms, heap usage 603.695 MB -> 125.915 MB.
WARNING: This benchmark provides no result that can be validated.
There is no way to check that no silent failure occurred.
====== finagle-chirper (web) [default], iteration 31 completed (13618.732 ms) ======
====== finagle-chirper (web) [default], iteration 32 started ======
Resetting master, feed map size: 5000
GC before operation: completed in 58.089 ms, heap usage 602.724 MB -> 128.058 MB.
WARNING: This benchmark provides no result that can be validated.
There is no way to check that no silent failure occurred.
====== finagle-chirper (web) [default], iteration 32 completed (13836.847 ms) ======
====== finagle-chirper (web) [default], iteration 33 started ======
Resetting master, feed map size: 5000
GC before operation: completed in 274.765 ms, heap usage 600.246 MB -> 124.927 MB.
WARNING: This benchmark provides no result that can be validated.
There is no way to check that no silent failure occurred.
====== finagle-chirper (web) [default], iteration 33 completed (13317.185 ms) ======
====== finagle-chirper (web) [default], iteration 34 started ======
Resetting master, feed map size: 5000
GC before operation: completed in 59.275 ms, heap usage 597.576 MB -> 127.813 MB.
WARNING: This benchmark provides no result that can be validated.
There is no way to check that no silent failure occurred.
====== finagle-chirper (web) [default], iteration 34 completed (13895.283 ms) ======
====== finagle-chirper (web) [default], iteration 35 started ======
Resetting master, feed map size: 5000
GC before operation: completed in 237.320 ms, heap usage 599.416 MB -> 124.911 MB.
WARNING: This benchmark provides no result that can be validated.
There is no way to check that no silent failure occurred.
====== finagle-chirper (web) [default], iteration 35 completed (13295.938 ms) ======
====== finagle-chirper (web) [default], iteration 36 started ======
Resetting master, feed map size: 5000
GC before operation: completed in 59.152 ms, heap usage 604.673 MB -> 127.800 MB.
WARNING: This benchmark provides no result that can be validated.
There is no way to check that no silent failure occurred.
====== finagle-chirper (web) [default], iteration 36 completed (13008.362 ms) ======
====== finagle-chirper (web) [default], iteration 37 started ======
Resetting master, feed map size: 5000
GC before operation: completed in 168.430 ms, heap usage 586.702 MB -> 124.899 MB.
WARNING: This benchmark provides no result that can be validated.
There is no way to check that no silent failure occurred.
====== finagle-chirper (web) [default], iteration 37 completed (13101.327 ms) ======
====== finagle-chirper (web) [default], iteration 38 started ======
Resetting master, feed map size: 5000
GC before operation: completed in 59.000 ms, heap usage 583.243 MB -> 127.804 MB.
WARNING: This benchmark provides no result that can be validated.
There is no way to check that no silent failure occurred.
====== finagle-chirper (web) [default], iteration 38 completed (12917.059 ms) ======
====== finagle-chirper (web) [default], iteration 39 started ======
Resetting master, feed map size: 5000
GC before operation: completed in 203.460 ms, heap usage 582.616 MB -> 124.901 MB.
WARNING: This benchmark provides no result that can be validated.
There is no way to check that no silent failure occurred.
====== finagle-chirper (web) [default], iteration 39 completed (13168.601 ms) ======
====== finagle-chirper (web) [default], iteration 40 started ======
Resetting master, feed map size: 5000
GC before operation: completed in 57.375 ms, heap usage 583.753 MB -> 127.814 MB.
WARNING: This benchmark provides no result that can be validated.
There is no way to check that no silent failure occurred.
====== finagle-chirper (web) [default], iteration 40 completed (13150.846 ms) ======
====== finagle-chirper (web) [default], iteration 41 started ======
Resetting master, feed map size: 5000
GC before operation: completed in 172.514 ms, heap usage 585.876 MB -> 124.903 MB.
WARNING: This benchmark provides no result that can be validated.
There is no way to check that no silent failure occurred.
====== finagle-chirper (web) [default], iteration 41 completed (12820.020 ms) ======
====== finagle-chirper (web) [default], iteration 42 started ======
Resetting master, feed map size: 5000
GC before operation: completed in 58.183 ms, heap usage 583.933 MB -> 127.797 MB.
WARNING: This benchmark provides no result that can be validated.
There is no way to check that no silent failure occurred.
====== finagle-chirper (web) [default], iteration 42 completed (12893.540 ms) ======
====== finagle-chirper (web) [default], iteration 43 started ======
Resetting master, feed map size: 5000
GC before operation: completed in 228.695 ms, heap usage 590.863 MB -> 124.938 MB.
WARNING: This benchmark provides no result that can be validated.
There is no way to check that no silent failure occurred.
====== finagle-chirper (web) [default], iteration 43 completed (12853.609 ms) ======
====== finagle-chirper (web) [default], iteration 44 started ======
Resetting master, feed map size: 5000
GC before operation: completed in 61.828 ms, heap usage 581.664 MB -> 127.805 MB.
WARNING: This benchmark provides no result that can be validated.
There is no way to check that no silent failure occurred.
====== finagle-chirper (web) [default], iteration 44 completed (13277.268 ms) ======
====== finagle-chirper (web) [default], iteration 45 started ======
Resetting master, feed map size: 5000
GC before operation: completed in 178.460 ms, heap usage 584.755 MB -> 124.910 MB.
WARNING: This benchmark provides no result that can be validated.
There is no way to check that no silent failure occurred.
====== finagle-chirper (web) [default], iteration 45 completed (13846.833 ms) ======
====== finagle-chirper (web) [default], iteration 46 started ======
Resetting master, feed map size: 5000
GC before operation: completed in 57.920 ms, heap usage 586.191 MB -> 127.852 MB.
WARNING: This benchmark provides no result that can be validated.
There is no way to check that no silent failure occurred.
====== finagle-chirper (web) [default], iteration 46 completed (13872.108 ms) ======
====== finagle-chirper (web) [default], iteration 47 started ======
Resetting master, feed map size: 5000
GC before operation: completed in 199.835 ms, heap usage 587.545 MB -> 124.909 MB.
WARNING: This benchmark provides no result that can be validated.
There is no way to check that no silent failure occurred.
====== finagle-chirper (web) [default], iteration 47 completed (13078.601 ms) ======
====== finagle-chirper (web) [default], iteration 48 started ======
Resetting master, feed map size: 5000
GC before operation: completed in 57.631 ms, heap usage 576.839 MB -> 127.803 MB.
WARNING: This benchmark provides no result that can be validated.
There is no way to check that no silent failure occurred.
====== finagle-chirper (web) [default], iteration 48 completed (14981.587 ms) ======
====== finagle-chirper (web) [default], iteration 49 started ======
Resetting master, feed map size: 5000
GC before operation: completed in 247.352 ms, heap usage 579.821 MB -> 125.387 MB.
WARNING: This benchmark provides no result that can be validated.
There is no way to check that no silent failure occurred.
====== finagle-chirper (web) [default], iteration 49 completed (12893.634 ms) ======
====== finagle-chirper (web) [default], iteration 50 started ======
Resetting master, feed map size: 5000
GC before operation: completed in 59.232 ms, heap usage 580.867 MB -> 127.833 MB.
WARNING: This benchmark provides no result that can be validated.
There is no way to check that no silent failure occurred.
====== finagle-chirper (web) [default], iteration 50 completed (12808.357 ms) ======
====== finagle-chirper (web) [default], iteration 51 started ======
Resetting master, feed map size: 5000
GC before operation: completed in 148.087 ms, heap usage 588.141 MB -> 124.909 MB.
WARNING: This benchmark provides no result that can be validated.
There is no way to check that no silent failure occurred.
====== finagle-chirper (web) [default], iteration 51 completed (12924.986 ms) ======
====== finagle-chirper (web) [default], iteration 52 started ======
Resetting master, feed map size: 5000
GC before operation: completed in 58.219 ms, heap usage 579.782 MB -> 127.778 MB.
WARNING: This benchmark provides no result that can be validated.
There is no way to check that no silent failure occurred.
====== finagle-chirper (web) [default], iteration 52 completed (12832.383 ms) ======
====== finagle-chirper (web) [default], iteration 53 started ======
Resetting master, feed map size: 5000
GC before operation: completed in 215.233 ms, heap usage 586.413 MB -> 124.909 MB.
WARNING: This benchmark provides no result that can be validated.
There is no way to check that no silent failure occurred.
====== finagle-chirper (web) [default], iteration 53 completed (12808.743 ms) ======
====== finagle-chirper (web) [default], iteration 54 started ======
Resetting master, feed map size: 5000
GC before operation: completed in 58.191 ms, heap usage 583.108 MB -> 127.809 MB.
WARNING: This benchmark provides no result that can be validated.
There is no way to check that no silent failure occurred.
====== finagle-chirper (web) [default], iteration 54 completed (12835.001 ms) ======
====== finagle-chirper (web) [default], iteration 55 started ======
Resetting master, feed map size: 5000
GC before operation: completed in 134.942 ms, heap usage 588.999 MB -> 124.912 MB.
WARNING: This benchmark provides no result that can be validated.
There is no way to check that no silent failure occurred.
====== finagle-chirper (web) [default], iteration 55 completed (12651.283 ms) ======
====== finagle-chirper (web) [default], iteration 56 started ======
Resetting master, feed map size: 5000
GC before operation: completed in 59.151 ms, heap usage 566.938 MB -> 127.839 MB.
WARNING: This benchmark provides no result that can be validated.
There is no way to check that no silent failure occurred.
====== finagle-chirper (web) [default], iteration 56 completed (12429.419 ms) ======
====== finagle-chirper (web) [default], iteration 57 started ======
Resetting master, feed map size: 5000
GC before operation: completed in 136.171 ms, heap usage 556.444 MB -> 124.911 MB.
WARNING: This benchmark provides no result that can be validated.
There is no way to check that no silent failure occurred.
====== finagle-chirper (web) [default], iteration 57 completed (12403.543 ms) ======
====== finagle-chirper (web) [default], iteration 58 started ======
Resetting master, feed map size: 5000
GC before operation: completed in 57.655 ms, heap usage 535.136 MB -> 127.780 MB.
WARNING: This benchmark provides no result that can be validated.
There is no way to check that no silent failure occurred.
====== finagle-chirper (web) [default], iteration 58 completed (12504.042 ms) ======
====== finagle-chirper (web) [default], iteration 59 started ======
Resetting master, feed map size: 5000
GC before operation: completed in 142.444 ms, heap usage 540.576 MB -> 124.909 MB.
WARNING: This benchmark provides no result that can be validated.
There is no way to check that no silent failure occurred.
====== finagle-chirper (web) [default], iteration 59 completed (12438.009 ms) ======
====== finagle-chirper (web) [default], iteration 60 started ======
Resetting master, feed map size: 5000
GC before operation: completed in 58.476 ms, heap usage 536.453 MB -> 127.825 MB.
WARNING: This benchmark provides no result that can be validated.
There is no way to check that no silent failure occurred.
====== finagle-chirper (web) [default], iteration 60 completed (12360.559 ms) ======
====== finagle-chirper (web) [default], iteration 61 started ======
Resetting master, feed map size: 5000
GC before operation: completed in 205.082 ms, heap usage 532.531 MB -> 124.905 MB.
WARNING: This benchmark provides no result that can be validated.
There is no way to check that no silent failure occurred.
====== finagle-chirper (web) [default], iteration 61 completed (12480.856 ms) ======
====== finagle-chirper (web) [default], iteration 62 started ======
Resetting master, feed map size: 5000
GC before operation: completed in 60.833 ms, heap usage 535.314 MB -> 127.803 MB.
WARNING: This benchmark provides no result that can be validated.
There is no way to check that no silent failure occurred.
====== finagle-chirper (web) [default], iteration 62 completed (12529.744 ms) ======
====== finagle-chirper (web) [default], iteration 63 started ======
Resetting master, feed map size: 5000
GC before operation: completed in 138.118 ms, heap usage 535.886 MB -> 124.919 MB.
WARNING: This benchmark provides no result that can be validated.
There is no way to check that no silent failure occurred.
====== finagle-chirper (web) [default], iteration 63 completed (12137.211 ms) ======
====== finagle-chirper (web) [default], iteration 64 started ======
Resetting master, feed map size: 5000
GC before operation: completed in 58.362 ms, heap usage 534.270 MB -> 127.801 MB.
WARNING: This benchmark provides no result that can be validated.
There is no way to check that no silent failure occurred.
====== finagle-chirper (web) [default], iteration 64 completed (12524.863 ms) ======
====== finagle-chirper (web) [default], iteration 65 started ======
Resetting master, feed map size: 5000
GC before operation: completed in 136.761 ms, heap usage 535.882 MB -> 124.914 MB.
WARNING: This benchmark provides no result that can be validated.
There is no way to check that no silent failure occurred.
====== finagle-chirper (web) [default], iteration 65 completed (12515.088 ms) ======
====== finagle-chirper (web) [default], iteration 66 started ======
Resetting master, feed map size: 5000
GC before operation: completed in 60.436 ms, heap usage 532.101 MB -> 127.788 MB.
WARNING: This benchmark provides no result that can be validated.
There is no way to check that no silent failure occurred.
====== finagle-chirper (web) [default], iteration 66 completed (12533.254 ms) ======
====== finagle-chirper (web) [default], iteration 67 started ======
Resetting master, feed map size: 5000
GC before operation: completed in 179.602 ms, heap usage 533.634 MB -> 124.916 MB.
WARNING: This benchmark provides no result that can be validated.
There is no way to check that no silent failure occurred.
====== finagle-chirper (web) [default], iteration 67 completed (12793.204 ms) ======
====== finagle-chirper (web) [default], iteration 68 started ======
Resetting master, feed map size: 5000
GC before operation: completed in 57.935 ms, heap usage 532.217 MB -> 127.804 MB.
WARNING: This benchmark provides no result that can be validated.
There is no way to check that no silent failure occurred.
====== finagle-chirper (web) [default], iteration 68 completed (12746.088 ms) ======
====== finagle-chirper (web) [default], iteration 69 started ======
Resetting master, feed map size: 5000
GC before operation: completed in 132.534 ms, heap usage 536.492 MB -> 124.917 MB.
WARNING: This benchmark provides no result that can be validated.
There is no way to check that no silent failure occurred.
====== finagle-chirper (web) [default], iteration 69 completed (12775.253 ms) ======
====== finagle-chirper (web) [default], iteration 70 started ======
Resetting master, feed map size: 5000
GC before operation: completed in 58.921 ms, heap usage 537.339 MB -> 127.844 MB.
WARNING: This benchmark provides no result that can be validated.
There is no way to check that no silent failure occurred.
====== finagle-chirper (web) [default], iteration 70 completed (12897.779 ms) ======
====== finagle-chirper (web) [default], iteration 71 started ======
Resetting master, feed map size: 5000
GC before operation: completed in 143.790 ms, heap usage 534.339 MB -> 124.916 MB.
WARNING: This benchmark provides no result that can be validated.
There is no way to check that no silent failure occurred.
====== finagle-chirper (web) [default], iteration 71 completed (12429.452 ms) ======
====== finagle-chirper (web) [default], iteration 72 started ======
Resetting master, feed map size: 5000
GC before operation: completed in 58.923 ms, heap usage 535.491 MB -> 127.819 MB.
WARNING: This benchmark provides no result that can be validated.
There is no way to check that no silent failure occurred.
====== finagle-chirper (web) [default], iteration 72 completed (12615.235 ms) ======
====== finagle-chirper (web) [default], iteration 73 started ======
Resetting master, feed map size: 5000
GC before operation: completed in 133.721 ms, heap usage 532.925 MB -> 124.917 MB.
WARNING: This benchmark provides no result that can be validated.
There is no way to check that no silent failure occurred.
====== finagle-chirper (web) [default], iteration 73 completed (12528.235 ms) ======
====== finagle-chirper (web) [default], iteration 74 started ======
Resetting master, feed map size: 5000
GC before operation: completed in 57.971 ms, heap usage 520.338 MB -> 127.813 MB.
WARNING: This benchmark provides no result that can be validated.
There is no way to check that no silent failure occurred.
====== finagle-chirper (web) [default], iteration 74 completed (12778.072 ms) ======
====== finagle-chirper (web) [default], iteration 75 started ======
Resetting master, feed map size: 5000
GC before operation: completed in 183.223 ms, heap usage 529.321 MB -> 124.911 MB.
WARNING: This benchmark provides no result that can be validated.
There is no way to check that no silent failure occurred.
====== finagle-chirper (web) [default], iteration 75 completed (12445.683 ms) ======
====== finagle-chirper (web) [default], iteration 76 started ======
Resetting master, feed map size: 5000
GC before operation: completed in 59.871 ms, heap usage 526.032 MB -> 127.812 MB.
WARNING: This benchmark provides no result that can be validated.
There is no way to check that no silent failure occurred.
====== finagle-chirper (web) [default], iteration 76 completed (12487.017 ms) ======
====== finagle-chirper (web) [default], iteration 77 started ======
Resetting master, feed map size: 5000
GC before operation: completed in 163.320 ms, heap usage 528.581 MB -> 124.926 MB.
WARNING: This benchmark provides no result that can be validated.
There is no way to check that no silent failure occurred.
====== finagle-chirper (web) [default], iteration 77 completed (12429.857 ms) ======
====== finagle-chirper (web) [default], iteration 78 started ======
Resetting master, feed map size: 5000
GC before operation: completed in 57.816 ms, heap usage 523.294 MB -> 127.817 MB.
WARNING: This benchmark provides no result that can be validated.
There is no way to check that no silent failure occurred.
====== finagle-chirper (web) [default], iteration 78 completed (12317.007 ms) ======
====== finagle-chirper (web) [default], iteration 79 started ======
Resetting master, feed map size: 5000
GC before operation: completed in 136.028 ms, heap usage 531.153 MB -> 124.913 MB.
WARNING: This benchmark provides no result that can be validated.
There is no way to check that no silent failure occurred.
====== finagle-chirper (web) [default], iteration 79 completed (12231.025 ms) ======
====== finagle-chirper (web) [default], iteration 80 started ======
Resetting master, feed map size: 5000
GC before operation: completed in 59.903 ms, heap usage 524.581 MB -> 127.802 MB.
WARNING: This benchmark provides no result that can be validated.
There is no way to check that no silent failure occurred.
====== finagle-chirper (web) [default], iteration 80 completed (12577.390 ms) ======
====== finagle-chirper (web) [default], iteration 81 started ======
Resetting master, feed map size: 5000
GC before operation: completed in 183.325 ms, heap usage 527.197 MB -> 125.065 MB.
WARNING: This benchmark provides no result that can be validated.
There is no way to check that no silent failure occurred.
====== finagle-chirper (web) [default], iteration 81 completed (12488.579 ms) ======
====== finagle-chirper (web) [default], iteration 82 started ======
Resetting master, feed map size: 5000
GC before operation: completed in 59.328 ms, heap usage 526.697 MB -> 127.839 MB.
WARNING: This benchmark provides no result that can be validated.
There is no way to check that no silent failure occurred.
====== finagle-chirper (web) [default], iteration 82 completed (12347.906 ms) ======
====== finagle-chirper (web) [default], iteration 83 started ======
Resetting master, feed map size: 5000
GC before operation: completed in 134.232 ms, heap usage 527.576 MB -> 124.907 MB.
WARNING: This benchmark provides no result that can be validated.
There is no way to check that no silent failure occurred.
====== finagle-chirper (web) [default], iteration 83 completed (12412.512 ms) ======
====== finagle-chirper (web) [default], iteration 84 started ======
Resetting master, feed map size: 5000
GC before operation: completed in 58.520 ms, heap usage 527.300 MB -> 127.767 MB.
WARNING: This benchmark provides no result that can be validated.
There is no way to check that no silent failure occurred.
====== finagle-chirper (web) [default], iteration 84 completed (12534.145 ms) ======
====== finagle-chirper (web) [default], iteration 85 started ======
Resetting master, feed map size: 5000
GC before operation: completed in 149.711 ms, heap usage 525.204 MB -> 124.908 MB.
WARNING: This benchmark provides no result that can be validated.
There is no way to check that no silent failure occurred.
====== finagle-chirper (web) [default], iteration 85 completed (12530.722 ms) ======
====== finagle-chirper (web) [default], iteration 86 started ======
Resetting master, feed map size: 5000
GC before operation: completed in 57.610 ms, heap usage 523.046 MB -> 127.775 MB.
WARNING: This benchmark provides no result that can be validated.
There is no way to check that no silent failure occurred.
====== finagle-chirper (web) [default], iteration 86 completed (12572.775 ms) ======
====== finagle-chirper (web) [default], iteration 87 started ======
Resetting master, feed map size: 5000
GC before operation: completed in 148.651 ms, heap usage 526.587 MB -> 124.910 MB.
WARNING: This benchmark provides no result that can be validated.
There is no way to check that no silent failure occurred.
====== finagle-chirper (web) [default], iteration 87 completed (12379.882 ms) ======
====== finagle-chirper (web) [default], iteration 88 started ======
Resetting master, feed map size: 5000
GC before operation: completed in 57.791 ms, heap usage 527.181 MB -> 127.820 MB.
WARNING: This benchmark provides no result that can be validated.
There is no way to check that no silent failure occurred.
====== finagle-chirper (web) [default], iteration 88 completed (12473.307 ms) ======
====== finagle-chirper (web) [default], iteration 89 started ======
Resetting master, feed map size: 5000
GC before operation: completed in 134.224 ms, heap usage 528.679 MB -> 124.910 MB.
WARNING: This benchmark provides no result that can be validated.
There is no way to check that no silent failure occurred.
====== finagle-chirper (web) [default], iteration 89 completed (12453.473 ms) ======
====== finagle-chirper (web) [default], iteration 90 started ======
Resetting master, feed map size: 5000
GC before operation: completed in 58.354 ms, heap usage 527.325 MB -> 127.818 MB.
WARNING: This benchmark provides no result that can be validated.
There is no way to check that no silent failure occurred.
====== finagle-chirper (web) [default], iteration 90 completed (12494.823 ms) ======
====== finagle-chirper (web) [default], iteration 91 started ======
Resetting master, feed map size: 5000
GC before operation: completed in 141.733 ms, heap usage 529.483 MB -> 124.910 MB.
WARNING: This benchmark provides no result that can be validated.
There is no way to check that no silent failure occurred.
====== finagle-chirper (web) [default], iteration 91 completed (12523.551 ms) ======
====== finagle-chirper (web) [default], iteration 92 started ======
Resetting master, feed map size: 5000
GC before operation: completed in 57.717 ms, heap usage 523.560 MB -> 127.803 MB.
WARNING: This benchmark provides no result that can be validated.
There is no way to check that no silent failure occurred.
====== finagle-chirper (web) [default], iteration 92 completed (12431.094 ms) ======
====== finagle-chirper (web) [default], iteration 93 started ======
Resetting master, feed map size: 5000
GC before operation: completed in 132.453 ms, heap usage 527.479 MB -> 124.910 MB.
WARNING: This benchmark provides no result that can be validated.
There is no way to check that no silent failure occurred.
====== finagle-chirper (web) [default], iteration 93 completed (12261.367 ms) ======
====== finagle-chirper (web) [default], iteration 94 started ======
Resetting master, feed map size: 5000
GC before operation: completed in 57.571 ms, heap usage 528.264 MB -> 127.920 MB.
WARNING: This benchmark provides no result that can be validated.
There is no way to check that no silent failure occurred.
====== finagle-chirper (web) [default], iteration 94 completed (12342.320 ms) ======
====== finagle-chirper (web) [default], iteration 95 started ======
Resetting master, feed map size: 5000
GC before operation: completed in 137.517 ms, heap usage 529.425 MB -> 124.907 MB.
WARNING: This benchmark provides no result that can be validated.
There is no way to check that no silent failure occurred.
====== finagle-chirper (web) [default], iteration 95 completed (12423.140 ms) ======
====== finagle-chirper (web) [default], iteration 96 started ======
Resetting master, feed map size: 5000
GC before operation: completed in 57.182 ms, heap usage 527.076 MB -> 127.773 MB.
WARNING: This benchmark provides no result that can be validated.
There is no way to check that no silent failure occurred.
====== finagle-chirper (web) [default], iteration 96 completed (12352.326 ms) ======
====== finagle-chirper (web) [default], iteration 97 started ======
Resetting master, feed map size: 5000
GC before operation: completed in 142.614 ms, heap usage 530.668 MB -> 124.943 MB.
WARNING: This benchmark provides no result that can be validated.
There is no way to check that no silent failure occurred.
====== finagle-chirper (web) [default], iteration 97 completed (12375.857 ms) ======
====== finagle-chirper (web) [default], iteration 98 started ======
Resetting master, feed map size: 5000
GC before operation: completed in 57.460 ms, heap usage 523.763 MB -> 127.795 MB.
WARNING: This benchmark provides no result that can be validated.
There is no way to check that no silent failure occurred.
====== finagle-chirper (web) [default], iteration 98 completed (12552.868 ms) ======
====== finagle-chirper (web) [default], iteration 99 started ======
Resetting master, feed map size: 5000
GC before operation: completed in 149.226 ms, heap usage 530.070 MB -> 124.938 MB.
WARNING: This benchmark provides no result that can be validated.
There is no way to check that no silent failure occurred.
====== finagle-chirper (web) [default], iteration 99 completed (12404.147 ms) ======
