finagle-http on :42543 spawning 4 client and default number of server workers.
====== finagle-http (web) [default], iteration 0 started ======
GC before operation: completed in 92.204 ms, heap usage 40.040 MB -> 12.819 MB.
====== finagle-http (web) [default], iteration 0 completed (47753.533 ms) ======
====== finagle-http (web) [default], iteration 1 started ======
GC before operation: completed in 129.133 ms, heap usage 1.373 GB -> 14.589 MB.
====== finagle-http (web) [default], iteration 1 completed (25389.047 ms) ======
====== finagle-http (web) [default], iteration 2 started ======
GC before operation: completed in 118.699 ms, heap usage 1.933 GB -> 14.832 MB.
====== finagle-http (web) [default], iteration 2 completed (15401.504 ms) ======
====== finagle-http (web) [default], iteration 3 started ======
GC before operation: completed in 120.017 ms, heap usage 1.904 GB -> 14.774 MB.
====== finagle-http (web) [default], iteration 3 completed (12040.482 ms) ======
====== finagle-http (web) [default], iteration 4 started ======
GC before operation: completed in 107.042 ms, heap usage 1.901 GB -> 14.836 MB.
====== finagle-http (web) [default], iteration 4 completed (12295.774 ms) ======
====== finagle-http (web) [default], iteration 5 started ======
GC before operation: completed in 114.099 ms, heap usage 1.901 GB -> 14.843 MB.
====== finagle-http (web) [default], iteration 5 completed (13091.000 ms) ======
====== finagle-http (web) [default], iteration 6 started ======
GC before operation: completed in 110.256 ms, heap usage 1.901 GB -> 14.894 MB.
====== finagle-http (web) [default], iteration 6 completed (12681.656 ms) ======
====== finagle-http (web) [default], iteration 7 started ======
GC before operation: completed in 109.971 ms, heap usage 1.900 GB -> 15.529 MB.
====== finagle-http (web) [default], iteration 7 completed (12318.670 ms) ======
====== finagle-http (web) [default], iteration 8 started ======
GC before operation: completed in 113.500 ms, heap usage 1.897 GB -> 14.903 MB.
====== finagle-http (web) [default], iteration 8 completed (12347.901 ms) ======
====== finagle-http (web) [default], iteration 9 started ======
GC before operation: completed in 117.620 ms, heap usage 1.897 GB -> 15.406 MB.
====== finagle-http (web) [default], iteration 9 completed (11500.732 ms) ======
====== finagle-http (web) [default], iteration 10 started ======
GC before operation: completed in 110.651 ms, heap usage 1.895 GB -> 14.880 MB.
====== finagle-http (web) [default], iteration 10 completed (13288.716 ms) ======
====== finagle-http (web) [default], iteration 11 started ======
GC before operation: completed in 108.232 ms, heap usage 1.899 GB -> 14.901 MB.
====== finagle-http (web) [default], iteration 11 completed (11124.381 ms) ======
====== finagle-http (web) [default], iteration 12 started ======
GC before operation: completed in 109.326 ms, heap usage 1.898 GB -> 14.898 MB.
====== finagle-http (web) [default], iteration 12 completed (12118.593 ms) ======
====== finagle-http (web) [default], iteration 13 started ======
GC before operation: completed in 118.887 ms, heap usage 1.899 GB -> 14.889 MB.
====== finagle-http (web) [default], iteration 13 completed (11937.402 ms) ======
====== finagle-http (web) [default], iteration 14 started ======
GC before operation: completed in 121.116 ms, heap usage 1.897 GB -> 14.884 MB.
====== finagle-http (web) [default], iteration 14 completed (12669.834 ms) ======
====== finagle-http (web) [default], iteration 15 started ======
GC before operation: completed in 106.383 ms, heap usage 1.897 GB -> 14.876 MB.
====== finagle-http (web) [default], iteration 15 completed (12411.117 ms) ======
====== finagle-http (web) [default], iteration 16 started ======
GC before operation: completed in 115.282 ms, heap usage 1.898 GB -> 14.909 MB.
====== finagle-http (web) [default], iteration 16 completed (12159.559 ms) ======
====== finagle-http (web) [default], iteration 17 started ======
GC before operation: completed in 108.956 ms, heap usage 1.895 GB -> 14.888 MB.
====== finagle-http (web) [default], iteration 17 completed (12912.879 ms) ======
====== finagle-http (web) [default], iteration 18 started ======
GC before operation: completed in 111.085 ms, heap usage 1.898 GB -> 14.893 MB.
====== finagle-http (web) [default], iteration 18 completed (11477.526 ms) ======
====== finagle-http (web) [default], iteration 19 started ======
GC before operation: completed in 107.128 ms, heap usage 1.893 GB -> 14.895 MB.
====== finagle-http (web) [default], iteration 19 completed (12204.425 ms) ======
====== finagle-http (web) [default], iteration 20 started ======
GC before operation: completed in 106.991 ms, heap usage 1.898 GB -> 14.899 MB.
====== finagle-http (web) [default], iteration 20 completed (11459.597 ms) ======
====== finagle-http (web) [default], iteration 21 started ======
GC before operation: completed in 105.909 ms, heap usage 1.898 GB -> 14.854 MB.
====== finagle-http (web) [default], iteration 21 completed (11299.393 ms) ======
====== finagle-http (web) [default], iteration 22 started ======
GC before operation: completed in 135.947 ms, heap usage 1.896 GB -> 14.915 MB.
====== finagle-http (web) [default], iteration 22 completed (12034.528 ms) ======
====== finagle-http (web) [default], iteration 23 started ======
GC before operation: completed in 103.349 ms, heap usage 1.900 GB -> 14.887 MB.
====== finagle-http (web) [default], iteration 23 completed (11558.576 ms) ======
====== finagle-http (web) [default], iteration 24 started ======
GC before operation: completed in 116.755 ms, heap usage 1.895 GB -> 14.911 MB.
====== finagle-http (web) [default], iteration 24 completed (12360.313 ms) ======
====== finagle-http (web) [default], iteration 25 started ======
GC before operation: completed in 117.186 ms, heap usage 1.896 GB -> 15.412 MB.
====== finagle-http (web) [default], iteration 25 completed (10946.479 ms) ======
====== finagle-http (web) [default], iteration 26 started ======
GC before operation: completed in 106.767 ms, heap usage 1.894 GB -> 14.919 MB.
====== finagle-http (web) [default], iteration 26 completed (11800.715 ms) ======
====== finagle-http (web) [default], iteration 27 started ======
GC before operation: completed in 112.350 ms, heap usage 1.895 GB -> 15.411 MB.
====== finagle-http (web) [default], iteration 27 completed (11578.407 ms) ======
====== finagle-http (web) [default], iteration 28 started ======
GC before operation: completed in 104.730 ms, heap usage 1.894 GB -> 14.897 MB.
====== finagle-http (web) [default], iteration 28 completed (12264.346 ms) ======
====== finagle-http (web) [default], iteration 29 started ======
GC before operation: completed in 117.911 ms, heap usage 1.897 GB -> 17.064 MB.
====== finagle-http (web) [default], iteration 29 completed (13262.389 ms) ======
====== finagle-http (web) [default], iteration 30 started ======
GC before operation: completed in 109.657 ms, heap usage 1.900 GB -> 14.914 MB.
====== finagle-http (web) [default], iteration 30 completed (13714.811 ms) ======
====== finagle-http (web) [default], iteration 31 started ======
GC before operation: completed in 111.136 ms, heap usage 1.898 GB -> 14.920 MB.
====== finagle-http (web) [default], iteration 31 completed (13448.382 ms) ======
====== finagle-http (web) [default], iteration 32 started ======
GC before operation: completed in 114.602 ms, heap usage 1.899 GB -> 15.431 MB.
====== finagle-http (web) [default], iteration 32 completed (13672.579 ms) ======
====== finagle-http (web) [default], iteration 33 started ======
GC before operation: completed in 116.218 ms, heap usage 1.900 GB -> 15.420 MB.
====== finagle-http (web) [default], iteration 33 completed (13678.310 ms) ======
====== finagle-http (web) [default], iteration 34 started ======
GC before operation: completed in 122.191 ms, heap usage 1.898 GB -> 14.926 MB.
====== finagle-http (web) [default], iteration 34 completed (13453.904 ms) ======
====== finagle-http (web) [default], iteration 35 started ======
GC before operation: completed in 112.747 ms, heap usage 1.897 GB -> 14.906 MB.
====== finagle-http (web) [default], iteration 35 completed (13705.352 ms) ======
====== finagle-http (web) [default], iteration 36 started ======
GC before operation: completed in 110.295 ms, heap usage 1.897 GB -> 14.908 MB.
====== finagle-http (web) [default], iteration 36 completed (13524.434 ms) ======
====== finagle-http (web) [default], iteration 37 started ======
GC before operation: completed in 112.055 ms, heap usage 1.897 GB -> 14.917 MB.
====== finagle-http (web) [default], iteration 37 completed (11041.472 ms) ======
====== finagle-http (web) [default], iteration 38 started ======
GC before operation: completed in 113.374 ms, heap usage 1.895 GB -> 16.422 MB.
====== finagle-http (web) [default], iteration 38 completed (13197.113 ms) ======
====== finagle-http (web) [default], iteration 39 started ======
GC before operation: completed in 114.397 ms, heap usage 1.898 GB -> 14.922 MB.
====== finagle-http (web) [default], iteration 39 completed (12884.184 ms) ======
====== finagle-http (web) [default], iteration 40 started ======
GC before operation: completed in 116.478 ms, heap usage 1.896 GB -> 14.934 MB.
====== finagle-http (web) [default], iteration 40 completed (12563.968 ms) ======
====== finagle-http (web) [default], iteration 41 started ======
GC before operation: completed in 107.465 ms, heap usage 1.896 GB -> 14.922 MB.
====== finagle-http (web) [default], iteration 41 completed (10959.220 ms) ======
====== finagle-http (web) [default], iteration 42 started ======
GC before operation: completed in 119.478 ms, heap usage 1.893 GB -> 14.925 MB.
====== finagle-http (web) [default], iteration 42 completed (12199.425 ms) ======
====== finagle-http (web) [default], iteration 43 started ======
GC before operation: completed in 123.082 ms, heap usage 1.896 GB -> 14.923 MB.
====== finagle-http (web) [default], iteration 43 completed (12945.721 ms) ======
====== finagle-http (web) [default], iteration 44 started ======
GC before operation: completed in 109.976 ms, heap usage 1.898 GB -> 14.921 MB.
====== finagle-http (web) [default], iteration 44 completed (13904.482 ms) ======
====== finagle-http (web) [default], iteration 45 started ======
GC before operation: completed in 116.887 ms, heap usage 1.900 GB -> 14.895 MB.
====== finagle-http (web) [default], iteration 45 completed (14290.063 ms) ======
====== finagle-http (web) [default], iteration 46 started ======
GC before operation: completed in 113.229 ms, heap usage 1.898 GB -> 15.431 MB.
====== finagle-http (web) [default], iteration 46 completed (14216.939 ms) ======
====== finagle-http (web) [default], iteration 47 started ======
GC before operation: completed in 113.781 ms, heap usage 1.898 GB -> 14.905 MB.
====== finagle-http (web) [default], iteration 47 completed (14164.970 ms) ======
====== finagle-http (web) [default], iteration 48 started ======
GC before operation: completed in 126.467 ms, heap usage 1.897 GB -> 14.914 MB.
====== finagle-http (web) [default], iteration 48 completed (14085.317 ms) ======
====== finagle-http (web) [default], iteration 49 started ======
GC before operation: completed in 119.424 ms, heap usage 1.897 GB -> 15.434 MB.
====== finagle-http (web) [default], iteration 49 completed (13499.598 ms) ======
====== finagle-http (web) [default], iteration 50 started ======
GC before operation: completed in 109.717 ms, heap usage 1.898 GB -> 14.922 MB.
====== finagle-http (web) [default], iteration 50 completed (12820.991 ms) ======
====== finagle-http (web) [default], iteration 51 started ======
GC before operation: completed in 119.888 ms, heap usage 1.896 GB -> 14.938 MB.
====== finagle-http (web) [default], iteration 51 completed (13141.498 ms) ======
====== finagle-http (web) [default], iteration 52 started ======
GC before operation: completed in 120.392 ms, heap usage 1.898 GB -> 14.925 MB.
====== finagle-http (web) [default], iteration 52 completed (13942.569 ms) ======
====== finagle-http (web) [default], iteration 53 started ======
GC before operation: completed in 121.907 ms, heap usage 1.898 GB -> 14.937 MB.
====== finagle-http (web) [default], iteration 53 completed (13802.358 ms) ======
====== finagle-http (web) [default], iteration 54 started ======
GC before operation: completed in 121.884 ms, heap usage 1.899 GB -> 14.939 MB.
====== finagle-http (web) [default], iteration 54 completed (13944.098 ms) ======
====== finagle-http (web) [default], iteration 55 started ======
GC before operation: completed in 120.364 ms, heap usage 1.898 GB -> 14.934 MB.
====== finagle-http (web) [default], iteration 55 completed (13862.635 ms) ======
====== finagle-http (web) [default], iteration 56 started ======
GC before operation: completed in 117.146 ms, heap usage 1.897 GB -> 14.915 MB.
====== finagle-http (web) [default], iteration 56 completed (13383.825 ms) ======
====== finagle-http (web) [default], iteration 57 started ======
GC before operation: completed in 116.257 ms, heap usage 1.899 GB -> 14.941 MB.
====== finagle-http (web) [default], iteration 57 completed (10855.523 ms) ======
====== finagle-http (web) [default], iteration 58 started ======
GC before operation: completed in 118.349 ms, heap usage 1.893 GB -> 15.417 MB.
====== finagle-http (web) [default], iteration 58 completed (13448.970 ms) ======
====== finagle-http (web) [default], iteration 59 started ======
GC before operation: completed in 124.357 ms, heap usage 1.898 GB -> 14.901 MB.
====== finagle-http (web) [default], iteration 59 completed (11479.353 ms) ======
====== finagle-http (web) [default], iteration 60 started ======
GC before operation: completed in 118.620 ms, heap usage 1.895 GB -> 15.431 MB.
====== finagle-http (web) [default], iteration 60 completed (13592.105 ms) ======
====== finagle-http (web) [default], iteration 61 started ======
GC before operation: completed in 114.041 ms, heap usage 1.898 GB -> 14.907 MB.
====== finagle-http (web) [default], iteration 61 completed (13611.272 ms) ======
====== finagle-http (web) [default], iteration 62 started ======
GC before operation: completed in 118.019 ms, heap usage 1.898 GB -> 14.930 MB.
====== finagle-http (web) [default], iteration 62 completed (13788.685 ms) ======
====== finagle-http (web) [default], iteration 63 started ======
GC before operation: completed in 125.263 ms, heap usage 1.898 GB -> 14.938 MB.
====== finagle-http (web) [default], iteration 63 completed (14023.960 ms) ======
====== finagle-http (web) [default], iteration 64 started ======
GC before operation: completed in 119.076 ms, heap usage 1.900 GB -> 14.905 MB.
====== finagle-http (web) [default], iteration 64 completed (14168.053 ms) ======
====== finagle-http (web) [default], iteration 65 started ======
GC before operation: completed in 125.481 ms, heap usage 1.898 GB -> 14.942 MB.
====== finagle-http (web) [default], iteration 65 completed (13998.416 ms) ======
====== finagle-http (web) [default], iteration 66 started ======
GC before operation: completed in 120.439 ms, heap usage 1.898 GB -> 16.440 MB.
====== finagle-http (web) [default], iteration 66 completed (11664.771 ms) ======
====== finagle-http (web) [default], iteration 67 started ======
GC before operation: completed in 120.970 ms, heap usage 1.896 GB -> 14.944 MB.
====== finagle-http (web) [default], iteration 67 completed (13314.310 ms) ======
====== finagle-http (web) [default], iteration 68 started ======
GC before operation: completed in 115.776 ms, heap usage 1.898 GB -> 14.931 MB.
====== finagle-http (web) [default], iteration 68 completed (13019.143 ms) ======
====== finagle-http (web) [default], iteration 69 started ======
GC before operation: completed in 120.430 ms, heap usage 1.897 GB -> 14.946 MB.
====== finagle-http (web) [default], iteration 69 completed (10935.327 ms) ======
====== finagle-http (web) [default], iteration 70 started ======
GC before operation: completed in 124.604 ms, heap usage 1.893 GB -> 14.939 MB.
====== finagle-http (web) [default], iteration 70 completed (12494.144 ms) ======
====== finagle-http (web) [default], iteration 71 started ======
GC before operation: completed in 120.348 ms, heap usage 1.899 GB -> 14.931 MB.
====== finagle-http (web) [default], iteration 71 completed (11966.790 ms) ======
====== finagle-http (web) [default], iteration 72 started ======
GC before operation: completed in 116.353 ms, heap usage 1.896 GB -> 14.934 MB.
====== finagle-http (web) [default], iteration 72 completed (12071.687 ms) ======
====== finagle-http (web) [default], iteration 73 started ======
GC before operation: completed in 121.518 ms, heap usage 1.895 GB -> 15.434 MB.
====== finagle-http (web) [default], iteration 73 completed (12313.232 ms) ======
====== finagle-http (web) [default], iteration 74 started ======
GC before operation: completed in 115.124 ms, heap usage 1.897 GB -> 15.965 MB.
====== finagle-http (web) [default], iteration 74 completed (11853.135 ms) ======
====== finagle-http (web) [default], iteration 75 started ======
GC before operation: completed in 131.834 ms, heap usage 1.894 GB -> 15.438 MB.
====== finagle-http (web) [default], iteration 75 completed (11129.945 ms) ======
====== finagle-http (web) [default], iteration 76 started ======
GC before operation: completed in 114.774 ms, heap usage 1.893 GB -> 15.410 MB.
====== finagle-http (web) [default], iteration 76 completed (12573.650 ms) ======
====== finagle-http (web) [default], iteration 77 started ======
GC before operation: completed in 120.101 ms, heap usage 1.897 GB -> 14.929 MB.
====== finagle-http (web) [default], iteration 77 completed (12131.851 ms) ======
====== finagle-http (web) [default], iteration 78 started ======
GC before operation: completed in 120.876 ms, heap usage 1.896 GB -> 14.936 MB.
====== finagle-http (web) [default], iteration 78 completed (11235.027 ms) ======
====== finagle-http (web) [default], iteration 79 started ======
GC before operation: completed in 116.894 ms, heap usage 1.895 GB -> 14.907 MB.
====== finagle-http (web) [default], iteration 79 completed (11325.722 ms) ======
====== finagle-http (web) [default], iteration 80 started ======
GC before operation: completed in 123.790 ms, heap usage 1.894 GB -> 14.927 MB.
====== finagle-http (web) [default], iteration 80 completed (12121.374 ms) ======
====== finagle-http (web) [default], iteration 81 started ======
GC before operation: completed in 119.126 ms, heap usage 1.896 GB -> 14.930 MB.
====== finagle-http (web) [default], iteration 81 completed (11545.643 ms) ======
====== finagle-http (web) [default], iteration 82 started ======
GC before operation: completed in 122.207 ms, heap usage 1.896 GB -> 14.936 MB.
====== finagle-http (web) [default], iteration 82 completed (12560.671 ms) ======
====== finagle-http (web) [default], iteration 83 started ======
GC before operation: completed in 121.987 ms, heap usage 1.898 GB -> 17.437 MB.
====== finagle-http (web) [default], iteration 83 completed (12003.197 ms) ======
====== finagle-http (web) [default], iteration 84 started ======
GC before operation: completed in 125.236 ms, heap usage 1.896 GB -> 14.938 MB.
====== finagle-http (web) [default], iteration 84 completed (12144.981 ms) ======
====== finagle-http (web) [default], iteration 85 started ======
GC before operation: completed in 119.975 ms, heap usage 1.897 GB -> 15.442 MB.
====== finagle-http (web) [default], iteration 85 completed (14150.696 ms) ======
====== finagle-http (web) [default], iteration 86 started ======
GC before operation: completed in 159.494 ms, heap usage 1.896 GB -> 14.936 MB.
====== finagle-http (web) [default], iteration 86 completed (15375.690 ms) ======
====== finagle-http (web) [default], iteration 87 started ======
GC before operation: completed in 154.590 ms, heap usage 1.895 GB -> 14.917 MB.
====== finagle-http (web) [default], iteration 87 completed (15860.498 ms) ======
====== finagle-http (web) [default], iteration 88 started ======
GC before operation: completed in 136.372 ms, heap usage 1.896 GB -> 14.950 MB.
====== finagle-http (web) [default], iteration 88 completed (14634.492 ms) ======
====== finagle-http (web) [default], iteration 89 started ======
GC before operation: completed in 117.865 ms, heap usage 1.896 GB -> 16.443 MB.
====== finagle-http (web) [default], iteration 89 completed (12441.789 ms) ======
====== finagle-http (web) [default], iteration 90 started ======
GC before operation: completed in 152.943 ms, heap usage 1.896 GB -> 15.446 MB.
====== finagle-http (web) [default], iteration 90 completed (13606.053 ms) ======
====== finagle-http (web) [default], iteration 91 started ======
GC before operation: completed in 120.989 ms, heap usage 1.897 GB -> 14.946 MB.
====== finagle-http (web) [default], iteration 91 completed (12223.510 ms) ======
====== finagle-http (web) [default], iteration 92 started ======
GC before operation: completed in 118.195 ms, heap usage 1.894 GB -> 14.930 MB.
====== finagle-http (web) [default], iteration 92 completed (13148.262 ms) ======
====== finagle-http (web) [default], iteration 93 started ======
GC before operation: completed in 126.302 ms, heap usage 1.897 GB -> 14.946 MB.
====== finagle-http (web) [default], iteration 93 completed (13652.445 ms) ======
====== finagle-http (web) [default], iteration 94 started ======
GC before operation: completed in 118.934 ms, heap usage 1.898 GB -> 14.944 MB.
====== finagle-http (web) [default], iteration 94 completed (12026.669 ms) ======
====== finagle-http (web) [default], iteration 95 started ======
GC before operation: completed in 122.043 ms, heap usage 1.896 GB -> 14.937 MB.
====== finagle-http (web) [default], iteration 95 completed (13586.942 ms) ======
====== finagle-http (web) [default], iteration 96 started ======
GC before operation: completed in 121.964 ms, heap usage 1.900 GB -> 14.943 MB.
====== finagle-http (web) [default], iteration 96 completed (12715.099 ms) ======
====== finagle-http (web) [default], iteration 97 started ======
GC before operation: completed in 130.896 ms, heap usage 1.896 GB -> 14.917 MB.
====== finagle-http (web) [default], iteration 97 completed (12359.512 ms) ======
====== finagle-http (web) [default], iteration 98 started ======
GC before operation: completed in 166.364 ms, heap usage 1.896 GB -> 14.941 MB.
====== finagle-http (web) [default], iteration 98 completed (11649.128 ms) ======
====== finagle-http (web) [default], iteration 99 started ======
GC before operation: completed in 136.093 ms, heap usage 1.894 GB -> 14.950 MB.
====== finagle-http (web) [default], iteration 99 completed (13551.966 ms) ======
Master port: 46819
Cache ports: 44453, 33013, 34333, 41123
====== finagle-chirper (web) [default], iteration 0 started ======
Resetting master, feed map size: 5000
GC before operation: completed in 161.932 ms, heap usage 2.009 GB -> 22.527 MB.
WARNING: This benchmark provides no result that can be validated.
There is no way to check that no silent failure occurred.
====== finagle-chirper (web) [default], iteration 0 completed (44435.356 ms) ======
====== finagle-chirper (web) [default], iteration 1 started ======
Resetting master, feed map size: 5000
GC before operation: completed in 204.502 ms, heap usage 1.908 GB -> 26.292 MB.
WARNING: This benchmark provides no result that can be validated.
There is no way to check that no silent failure occurred.
====== finagle-chirper (web) [default], iteration 1 completed (15473.275 ms) ======
====== finagle-chirper (web) [default], iteration 2 started ======
Resetting master, feed map size: 5000
GC before operation: completed in 205.432 ms, heap usage 1.818 GB -> 24.933 MB.
WARNING: This benchmark provides no result that can be validated.
There is no way to check that no silent failure occurred.
====== finagle-chirper (web) [default], iteration 2 completed (13393.886 ms) ======
====== finagle-chirper (web) [default], iteration 3 started ======
Resetting master, feed map size: 5000
GC before operation: completed in 183.817 ms, heap usage 1.779 GB -> 26.486 MB.
WARNING: This benchmark provides no result that can be validated.
There is no way to check that no silent failure occurred.
====== finagle-chirper (web) [default], iteration 3 completed (13665.911 ms) ======
====== finagle-chirper (web) [default], iteration 4 started ======
Resetting master, feed map size: 5000
GC before operation: completed in 186.808 ms, heap usage 1.749 GB -> 25.353 MB.
WARNING: This benchmark provides no result that can be validated.
There is no way to check that no silent failure occurred.
====== finagle-chirper (web) [default], iteration 4 completed (12625.131 ms) ======
====== finagle-chirper (web) [default], iteration 5 started ======
Resetting master, feed map size: 5000
GC before operation: completed in 194.059 ms, heap usage 1.710 GB -> 25.363 MB.
WARNING: This benchmark provides no result that can be validated.
There is no way to check that no silent failure occurred.
====== finagle-chirper (web) [default], iteration 5 completed (12238.681 ms) ======
====== finagle-chirper (web) [default], iteration 6 started ======
Resetting master, feed map size: 5000
GC before operation: completed in 194.489 ms, heap usage 1.690 GB -> 26.113 MB.
WARNING: This benchmark provides no result that can be validated.
There is no way to check that no silent failure occurred.
====== finagle-chirper (web) [default], iteration 6 completed (12311.297 ms) ======
====== finagle-chirper (web) [default], iteration 7 started ======
Resetting master, feed map size: 5000
GC before operation: completed in 191.872 ms, heap usage 1.693 GB -> 25.372 MB.
WARNING: This benchmark provides no result that can be validated.
There is no way to check that no silent failure occurred.
====== finagle-chirper (web) [default], iteration 7 completed (12010.264 ms) ======
====== finagle-chirper (web) [default], iteration 8 started ======
Resetting master, feed map size: 5000
GC before operation: completed in 195.724 ms, heap usage 1.649 GB -> 25.372 MB.
WARNING: This benchmark provides no result that can be validated.
There is no way to check that no silent failure occurred.
====== finagle-chirper (web) [default], iteration 8 completed (11741.912 ms) ======
====== finagle-chirper (web) [default], iteration 9 started ======
Resetting master, feed map size: 5000
GC before operation: completed in 195.340 ms, heap usage 1.648 GB -> 25.378 MB.
WARNING: This benchmark provides no result that can be validated.
There is no way to check that no silent failure occurred.
====== finagle-chirper (web) [default], iteration 9 completed (11710.029 ms) ======
====== finagle-chirper (web) [default], iteration 10 started ======
Resetting master, feed map size: 5000
GC before operation: completed in 212.917 ms, heap usage 1.624 GB -> 25.379 MB.
WARNING: This benchmark provides no result that can be validated.
There is no way to check that no silent failure occurred.
====== finagle-chirper (web) [default], iteration 10 completed (11600.157 ms) ======
====== finagle-chirper (web) [default], iteration 11 started ======
Resetting master, feed map size: 5000
GC before operation: completed in 196.143 ms, heap usage 1.623 GB -> 25.385 MB.
WARNING: This benchmark provides no result that can be validated.
There is no way to check that no silent failure occurred.
====== finagle-chirper (web) [default], iteration 11 completed (11993.793 ms) ======
====== finagle-chirper (web) [default], iteration 12 started ======
Resetting master, feed map size: 5000
GC before operation: completed in 222.017 ms, heap usage 1.613 GB -> 25.393 MB.
WARNING: This benchmark provides no result that can be validated.
There is no way to check that no silent failure occurred.
====== finagle-chirper (web) [default], iteration 12 completed (11415.802 ms) ======
====== finagle-chirper (web) [default], iteration 13 started ======
Resetting master, feed map size: 5000
GC before operation: completed in 200.352 ms, heap usage 1.619 GB -> 25.392 MB.
WARNING: This benchmark provides no result that can be validated.
There is no way to check that no silent failure occurred.
====== finagle-chirper (web) [default], iteration 13 completed (11413.631 ms) ======
====== finagle-chirper (web) [default], iteration 14 started ======
Resetting master, feed map size: 5000
GC before operation: completed in 202.281 ms, heap usage 1.613 GB -> 25.398 MB.
WARNING: This benchmark provides no result that can be validated.
There is no way to check that no silent failure occurred.
====== finagle-chirper (web) [default], iteration 14 completed (11273.916 ms) ======
====== finagle-chirper (web) [default], iteration 15 started ======
Resetting master, feed map size: 5000
GC before operation: completed in 204.644 ms, heap usage 1.571 GB -> 25.421 MB.
WARNING: This benchmark provides no result that can be validated.
There is no way to check that no silent failure occurred.
====== finagle-chirper (web) [default], iteration 15 completed (11383.470 ms) ======
====== finagle-chirper (web) [default], iteration 16 started ======
Resetting master, feed map size: 5000
GC before operation: completed in 205.838 ms, heap usage 1.567 GB -> 25.405 MB.
WARNING: This benchmark provides no result that can be validated.
There is no way to check that no silent failure occurred.
====== finagle-chirper (web) [default], iteration 16 completed (10862.449 ms) ======
====== finagle-chirper (web) [default], iteration 17 started ======
Resetting master, feed map size: 5000
GC before operation: completed in 207.026 ms, heap usage 1.566 GB -> 25.409 MB.
WARNING: This benchmark provides no result that can be validated.
There is no way to check that no silent failure occurred.
====== finagle-chirper (web) [default], iteration 17 completed (11080.887 ms) ======
====== finagle-chirper (web) [default], iteration 18 started ======
Resetting master, feed map size: 5000
GC before operation: completed in 204.761 ms, heap usage 1.567 GB -> 25.414 MB.
WARNING: This benchmark provides no result that can be validated.
There is no way to check that no silent failure occurred.
====== finagle-chirper (web) [default], iteration 18 completed (11169.185 ms) ======
====== finagle-chirper (web) [default], iteration 19 started ======
Resetting master, feed map size: 5000
GC before operation: completed in 202.954 ms, heap usage 1.537 GB -> 25.414 MB.
WARNING: This benchmark provides no result that can be validated.
There is no way to check that no silent failure occurred.
====== finagle-chirper (web) [default], iteration 19 completed (10890.260 ms) ======
====== finagle-chirper (web) [default], iteration 20 started ======
Resetting master, feed map size: 5000
GC before operation: completed in 208.573 ms, heap usage 1.538 GB -> 25.420 MB.
WARNING: This benchmark provides no result that can be validated.
There is no way to check that no silent failure occurred.
====== finagle-chirper (web) [default], iteration 20 completed (11009.699 ms) ======
====== finagle-chirper (web) [default], iteration 21 started ======
Resetting master, feed map size: 5000
GC before operation: completed in 213.391 ms, heap usage 1.535 GB -> 26.054 MB.
WARNING: This benchmark provides no result that can be validated.
There is no way to check that no silent failure occurred.
====== finagle-chirper (web) [default], iteration 21 completed (11044.508 ms) ======
====== finagle-chirper (web) [default], iteration 22 started ======
Resetting master, feed map size: 5000
GC before operation: completed in 204.788 ms, heap usage 1.538 GB -> 25.369 MB.
WARNING: This benchmark provides no result that can be validated.
There is no way to check that no silent failure occurred.
====== finagle-chirper (web) [default], iteration 22 completed (10911.435 ms) ======
====== finagle-chirper (web) [default], iteration 23 started ======
Resetting master, feed map size: 5000
GC before operation: completed in 204.336 ms, heap usage 1.537 GB -> 25.429 MB.
WARNING: This benchmark provides no result that can be validated.
There is no way to check that no silent failure occurred.
====== finagle-chirper (web) [default], iteration 23 completed (11206.305 ms) ======
====== finagle-chirper (web) [default], iteration 24 started ======
Resetting master, feed map size: 5000
GC before operation: completed in 211.202 ms, heap usage 1.533 GB -> 25.433 MB.
WARNING: This benchmark provides no result that can be validated.
There is no way to check that no silent failure occurred.
====== finagle-chirper (web) [default], iteration 24 completed (10589.557 ms) ======
====== finagle-chirper (web) [default], iteration 25 started ======
Resetting master, feed map size: 5000
GC before operation: completed in 207.698 ms, heap usage 1.534 GB -> 25.375 MB.
WARNING: This benchmark provides no result that can be validated.
There is no way to check that no silent failure occurred.
====== finagle-chirper (web) [default], iteration 25 completed (10796.083 ms) ======
====== finagle-chirper (web) [default], iteration 26 started ======
Resetting master, feed map size: 5000
GC before operation: completed in 201.388 ms, heap usage 1.539 GB -> 25.439 MB.
WARNING: This benchmark provides no result that can be validated.
There is no way to check that no silent failure occurred.
====== finagle-chirper (web) [default], iteration 26 completed (10625.667 ms) ======
====== finagle-chirper (web) [default], iteration 27 started ======
Resetting master, feed map size: 5000
GC before operation: completed in 204.454 ms, heap usage 1.534 GB -> 25.381 MB.
WARNING: This benchmark provides no result that can be validated.
There is no way to check that no silent failure occurred.
====== finagle-chirper (web) [default], iteration 27 completed (10610.628 ms) ======
====== finagle-chirper (web) [default], iteration 28 started ======
Resetting master, feed map size: 5000
GC before operation: completed in 202.586 ms, heap usage 1.523 GB -> 25.447 MB.
WARNING: This benchmark provides no result that can be validated.
There is no way to check that no silent failure occurred.
====== finagle-chirper (web) [default], iteration 28 completed (10480.732 ms) ======
====== finagle-chirper (web) [default], iteration 29 started ======
Resetting master, feed map size: 5000
GC before operation: completed in 214.742 ms, heap usage 1.475 GB -> 25.163 MB.
WARNING: This benchmark provides no result that can be validated.
There is no way to check that no silent failure occurred.
====== finagle-chirper (web) [default], iteration 29 completed (10323.314 ms) ======
====== finagle-chirper (web) [default], iteration 30 started ======
Resetting master, feed map size: 5000
GC before operation: completed in 201.193 ms, heap usage 1.467 GB -> 25.202 MB.
WARNING: This benchmark provides no result that can be validated.
There is no way to check that no silent failure occurred.
====== finagle-chirper (web) [default], iteration 30 completed (10160.259 ms) ======
====== finagle-chirper (web) [default], iteration 31 started ======
Resetting master, feed map size: 5000
GC before operation: completed in 202.444 ms, heap usage 1.471 GB -> 25.263 MB.
WARNING: This benchmark provides no result that can be validated.
There is no way to check that no silent failure occurred.
====== finagle-chirper (web) [default], iteration 31 completed (10189.400 ms) ======
====== finagle-chirper (web) [default], iteration 32 started ======
Resetting master, feed map size: 5000
GC before operation: completed in 208.521 ms, heap usage 1.464 GB -> 25.128 MB.
WARNING: This benchmark provides no result that can be validated.
There is no way to check that no silent failure occurred.
====== finagle-chirper (web) [default], iteration 32 completed (10436.169 ms) ======
====== finagle-chirper (web) [default], iteration 33 started ======
Resetting master, feed map size: 5000
GC before operation: completed in 203.629 ms, heap usage 1.466 GB -> 25.034 MB.
WARNING: This benchmark provides no result that can be validated.
There is no way to check that no silent failure occurred.
====== finagle-chirper (web) [default], iteration 33 completed (10550.013 ms) ======
====== finagle-chirper (web) [default], iteration 34 started ======
Resetting master, feed map size: 5000
GC before operation: completed in 207.140 ms, heap usage 1.462 GB -> 25.241 MB.
WARNING: This benchmark provides no result that can be validated.
There is no way to check that no silent failure occurred.
====== finagle-chirper (web) [default], iteration 34 completed (10429.825 ms) ======
====== finagle-chirper (web) [default], iteration 35 started ======
Resetting master, feed map size: 5000
GC before operation: completed in 206.504 ms, heap usage 1.464 GB -> 25.302 MB.
WARNING: This benchmark provides no result that can be validated.
There is no way to check that no silent failure occurred.
====== finagle-chirper (web) [default], iteration 35 completed (10412.992 ms) ======
====== finagle-chirper (web) [default], iteration 36 started ======
Resetting master, feed map size: 5000
GC before operation: completed in 206.561 ms, heap usage 1.468 GB -> 25.015 MB.
WARNING: This benchmark provides no result that can be validated.
There is no way to check that no silent failure occurred.
====== finagle-chirper (web) [default], iteration 36 completed (9955.335 ms) ======
====== finagle-chirper (web) [default], iteration 37 started ======
Resetting master, feed map size: 5000
GC before operation: completed in 205.390 ms, heap usage 1.452 GB -> 25.450 MB.
WARNING: This benchmark provides no result that can be validated.
There is no way to check that no silent failure occurred.
====== finagle-chirper (web) [default], iteration 37 completed (10246.216 ms) ======
====== finagle-chirper (web) [default], iteration 38 started ======
Resetting master, feed map size: 5000
GC before operation: completed in 206.218 ms, heap usage 1.448 GB -> 25.045 MB.
WARNING: This benchmark provides no result that can be validated.
There is no way to check that no silent failure occurred.
====== finagle-chirper (web) [default], iteration 38 completed (9974.652 ms) ======
====== finagle-chirper (web) [default], iteration 39 started ======
Resetting master, feed map size: 5000
GC before operation: completed in 209.062 ms, heap usage 1.447 GB -> 25.448 MB.
WARNING: This benchmark provides no result that can be validated.
There is no way to check that no silent failure occurred.
====== finagle-chirper (web) [default], iteration 39 completed (10275.320 ms) ======
====== finagle-chirper (web) [default], iteration 40 started ======
Resetting master, feed map size: 5000
GC before operation: completed in 208.339 ms, heap usage 1.450 GB -> 25.164 MB.
WARNING: This benchmark provides no result that can be validated.
There is no way to check that no silent failure occurred.
====== finagle-chirper (web) [default], iteration 40 completed (10065.870 ms) ======
====== finagle-chirper (web) [default], iteration 41 started ======
Resetting master, feed map size: 5000
GC before operation: completed in 213.271 ms, heap usage 1.450 GB -> 25.226 MB.
WARNING: This benchmark provides no result that can be validated.
There is no way to check that no silent failure occurred.
====== finagle-chirper (web) [default], iteration 41 completed (10171.853 ms) ======
====== finagle-chirper (web) [default], iteration 42 started ======
Resetting master, feed map size: 5000
GC before operation: completed in 205.577 ms, heap usage 1.444 GB -> 25.019 MB.
WARNING: This benchmark provides no result that can be validated.
There is no way to check that no silent failure occurred.
====== finagle-chirper (web) [default], iteration 42 completed (10925.086 ms) ======
====== finagle-chirper (web) [default], iteration 43 started ======
Resetting master, feed map size: 5000
GC before operation: completed in 206.737 ms, heap usage 1.446 GB -> 25.307 MB.
WARNING: This benchmark provides no result that can be validated.
There is no way to check that no silent failure occurred.
====== finagle-chirper (web) [default], iteration 43 completed (9985.753 ms) ======
====== finagle-chirper (web) [default], iteration 44 started ======
Resetting master, feed map size: 5000
GC before operation: completed in 208.224 ms, heap usage 1.445 GB -> 25.463 MB.
WARNING: This benchmark provides no result that can be validated.
There is no way to check that no silent failure occurred.
====== finagle-chirper (web) [default], iteration 44 completed (10201.101 ms) ======
====== finagle-chirper (web) [default], iteration 45 started ======
Resetting master, feed map size: 5000
GC before operation: completed in 209.918 ms, heap usage 1.448 GB -> 24.958 MB.
WARNING: This benchmark provides no result that can be validated.
There is no way to check that no silent failure occurred.
====== finagle-chirper (web) [default], iteration 45 completed (10047.560 ms) ======
====== finagle-chirper (web) [default], iteration 46 started ======
Resetting master, feed map size: 5000
GC before operation: completed in 204.647 ms, heap usage 1.452 GB -> 25.203 MB.
WARNING: This benchmark provides no result that can be validated.
There is no way to check that no silent failure occurred.
====== finagle-chirper (web) [default], iteration 46 completed (10231.583 ms) ======
====== finagle-chirper (web) [default], iteration 47 started ======
Resetting master, feed map size: 5000
GC before operation: completed in 206.088 ms, heap usage 1.445 GB -> 25.023 MB.
WARNING: This benchmark provides no result that can be validated.
There is no way to check that no silent failure occurred.
====== finagle-chirper (web) [default], iteration 47 completed (9876.574 ms) ======
====== finagle-chirper (web) [default], iteration 48 started ======
Resetting master, feed map size: 5000
GC before operation: completed in 208.208 ms, heap usage 1.445 GB -> 25.460 MB.
WARNING: This benchmark provides no result that can be validated.
There is no way to check that no silent failure occurred.
====== finagle-chirper (web) [default], iteration 48 completed (9957.851 ms) ======
====== finagle-chirper (web) [default], iteration 49 started ======
Resetting master, feed map size: 5000
GC before operation: completed in 211.326 ms, heap usage 1.446 GB -> 25.457 MB.
WARNING: This benchmark provides no result that can be validated.
There is no way to check that no silent failure occurred.
====== finagle-chirper (web) [default], iteration 49 completed (9996.648 ms) ======
====== finagle-chirper (web) [default], iteration 50 started ======
Resetting master, feed map size: 5000
GC before operation: completed in 209.897 ms, heap usage 1.449 GB -> 25.461 MB.
WARNING: This benchmark provides no result that can be validated.
There is no way to check that no silent failure occurred.
====== finagle-chirper (web) [default], iteration 50 completed (10139.081 ms) ======
====== finagle-chirper (web) [default], iteration 51 started ======
Resetting master, feed map size: 5000
GC before operation: completed in 213.993 ms, heap usage 1.449 GB -> 25.056 MB.
WARNING: This benchmark provides no result that can be validated.
There is no way to check that no silent failure occurred.
====== finagle-chirper (web) [default], iteration 51 completed (9991.999 ms) ======
====== finagle-chirper (web) [default], iteration 52 started ======
Resetting master, feed map size: 5000
GC before operation: completed in 216.679 ms, heap usage 1.449 GB -> 25.456 MB.
WARNING: This benchmark provides no result that can be validated.
There is no way to check that no silent failure occurred.
====== finagle-chirper (web) [default], iteration 52 completed (9973.661 ms) ======
====== finagle-chirper (web) [default], iteration 53 started ======
Resetting master, feed map size: 5000
GC before operation: completed in 210.191 ms, heap usage 1.446 GB -> 25.460 MB.
WARNING: This benchmark provides no result that can be validated.
There is no way to check that no silent failure occurred.
====== finagle-chirper (web) [default], iteration 53 completed (10002.935 ms) ======
====== finagle-chirper (web) [default], iteration 54 started ======
Resetting master, feed map size: 5000
GC before operation: completed in 211.350 ms, heap usage 1.451 GB -> 29.463 MB.
WARNING: This benchmark provides no result that can be validated.
There is no way to check that no silent failure occurred.
====== finagle-chirper (web) [default], iteration 54 completed (10095.313 ms) ======
====== finagle-chirper (web) [default], iteration 55 started ======
Resetting master, feed map size: 5000
GC before operation: completed in 208.818 ms, heap usage 1.446 GB -> 28.060 MB.
WARNING: This benchmark provides no result that can be validated.
There is no way to check that no silent failure occurred.
====== finagle-chirper (web) [default], iteration 55 completed (9853.068 ms) ======
====== finagle-chirper (web) [default], iteration 56 started ======
Resetting master, feed map size: 5000
GC before operation: completed in 210.591 ms, heap usage 1.423 GB -> 25.461 MB.
WARNING: This benchmark provides no result that can be validated.
There is no way to check that no silent failure occurred.
====== finagle-chirper (web) [default], iteration 56 completed (9635.047 ms) ======
====== finagle-chirper (web) [default], iteration 57 started ======
Resetting master, feed map size: 5000
GC before operation: completed in 213.913 ms, heap usage 1.414 GB -> 25.461 MB.
WARNING: This benchmark provides no result that can be validated.
There is no way to check that no silent failure occurred.
====== finagle-chirper (web) [default], iteration 57 completed (9613.693 ms) ======
====== finagle-chirper (web) [default], iteration 58 started ======
Resetting master, feed map size: 5000
GC before operation: completed in 226.113 ms, heap usage 1.385 GB -> 25.461 MB.
WARNING: This benchmark provides no result that can be validated.
There is no way to check that no silent failure occurred.
====== finagle-chirper (web) [default], iteration 58 completed (9722.335 ms) ======
====== finagle-chirper (web) [default], iteration 59 started ======
Resetting master, feed map size: 5000
GC before operation: completed in 215.885 ms, heap usage 1.387 GB -> 25.468 MB.
WARNING: This benchmark provides no result that can be validated.
There is no way to check that no silent failure occurred.
====== finagle-chirper (web) [default], iteration 59 completed (9225.411 ms) ======
====== finagle-chirper (web) [default], iteration 60 started ======
Resetting master, feed map size: 5000
GC before operation: completed in 225.958 ms, heap usage 1.393 GB -> 25.463 MB.
WARNING: This benchmark provides no result that can be validated.
There is no way to check that no silent failure occurred.
====== finagle-chirper (web) [default], iteration 60 completed (9533.803 ms) ======
====== finagle-chirper (web) [default], iteration 61 started ======
Resetting master, feed map size: 5000
GC before operation: completed in 212.217 ms, heap usage 1.386 GB -> 25.463 MB.
WARNING: This benchmark provides no result that can be validated.
There is no way to check that no silent failure occurred.
====== finagle-chirper (web) [default], iteration 61 completed (9981.107 ms) ======
====== finagle-chirper (web) [default], iteration 62 started ======
Resetting master, feed map size: 5000
GC before operation: completed in 212.915 ms, heap usage 1.385 GB -> 25.464 MB.
WARNING: This benchmark provides no result that can be validated.
There is no way to check that no silent failure occurred.
====== finagle-chirper (web) [default], iteration 62 completed (9593.987 ms) ======
====== finagle-chirper (web) [default], iteration 63 started ======
Resetting master, feed map size: 5000
GC before operation: completed in 211.829 ms, heap usage 1.385 GB -> 25.462 MB.
WARNING: This benchmark provides no result that can be validated.
There is no way to check that no silent failure occurred.
====== finagle-chirper (web) [default], iteration 63 completed (9802.466 ms) ======
====== finagle-chirper (web) [default], iteration 64 started ======
Resetting master, feed map size: 5000
GC before operation: completed in 214.710 ms, heap usage 1.384 GB -> 25.460 MB.
WARNING: This benchmark provides no result that can be validated.
There is no way to check that no silent failure occurred.
====== finagle-chirper (web) [default], iteration 64 completed (9432.115 ms) ======
====== finagle-chirper (web) [default], iteration 65 started ======
Resetting master, feed map size: 5000
GC before operation: completed in 215.326 ms, heap usage 1.388 GB -> 25.470 MB.
WARNING: This benchmark provides no result that can be validated.
There is no way to check that no silent failure occurred.
====== finagle-chirper (web) [default], iteration 65 completed (9688.735 ms) ======
====== finagle-chirper (web) [default], iteration 66 started ======
Resetting master, feed map size: 5000
GC before operation: completed in 220.970 ms, heap usage 1.384 GB -> 25.463 MB.
WARNING: This benchmark provides no result that can be validated.
There is no way to check that no silent failure occurred.
====== finagle-chirper (web) [default], iteration 66 completed (9528.503 ms) ======
====== finagle-chirper (web) [default], iteration 67 started ======
Resetting master, feed map size: 5000
GC before operation: completed in 211.736 ms, heap usage 1.389 GB -> 25.465 MB.
WARNING: This benchmark provides no result that can be validated.
There is no way to check that no silent failure occurred.
====== finagle-chirper (web) [default], iteration 67 completed (9503.220 ms) ======
====== finagle-chirper (web) [default], iteration 68 started ======
Resetting master, feed map size: 5000
GC before operation: completed in 215.129 ms, heap usage 1.385 GB -> 25.466 MB.
WARNING: This benchmark provides no result that can be validated.
There is no way to check that no silent failure occurred.
====== finagle-chirper (web) [default], iteration 68 completed (9564.966 ms) ======
====== finagle-chirper (web) [default], iteration 69 started ======
Resetting master, feed map size: 5000
GC before operation: completed in 215.524 ms, heap usage 1.388 GB -> 25.466 MB.
WARNING: This benchmark provides no result that can be validated.
There is no way to check that no silent failure occurred.
====== finagle-chirper (web) [default], iteration 69 completed (9272.119 ms) ======
====== finagle-chirper (web) [default], iteration 70 started ======
Resetting master, feed map size: 5000
GC before operation: completed in 214.741 ms, heap usage 1.388 GB -> 25.466 MB.
WARNING: This benchmark provides no result that can be validated.
There is no way to check that no silent failure occurred.
====== finagle-chirper (web) [default], iteration 70 completed (9375.714 ms) ======
====== finagle-chirper (web) [default], iteration 71 started ======
Resetting master, feed map size: 5000
GC before operation: completed in 215.617 ms, heap usage 1.385 GB -> 25.602 MB.
WARNING: This benchmark provides no result that can be validated.
There is no way to check that no silent failure occurred.
====== finagle-chirper (web) [default], iteration 71 completed (9307.784 ms) ======
====== finagle-chirper (web) [default], iteration 72 started ======
Resetting master, feed map size: 5000
GC before operation: completed in 213.749 ms, heap usage 1.388 GB -> 25.464 MB.
WARNING: This benchmark provides no result that can be validated.
There is no way to check that no silent failure occurred.
====== finagle-chirper (web) [default], iteration 72 completed (9422.297 ms) ======
====== finagle-chirper (web) [default], iteration 73 started ======
Resetting master, feed map size: 5000
GC before operation: completed in 220.956 ms, heap usage 1.382 GB -> 25.462 MB.
WARNING: This benchmark provides no result that can be validated.
There is no way to check that no silent failure occurred.
====== finagle-chirper (web) [default], iteration 73 completed (9417.201 ms) ======
====== finagle-chirper (web) [default], iteration 74 started ======
Resetting master, feed map size: 5000
GC before operation: completed in 213.162 ms, heap usage 1.377 GB -> 25.462 MB.
WARNING: This benchmark provides no result that can be validated.
There is no way to check that no silent failure occurred.
====== finagle-chirper (web) [default], iteration 74 completed (9579.051 ms) ======
====== finagle-chirper (web) [default], iteration 75 started ======
Resetting master, feed map size: 5000
GC before operation: completed in 213.147 ms, heap usage 1.375 GB -> 25.461 MB.
WARNING: This benchmark provides no result that can be validated.
There is no way to check that no silent failure occurred.
====== finagle-chirper (web) [default], iteration 75 completed (9277.956 ms) ======
====== finagle-chirper (web) [default], iteration 76 started ======
Resetting master, feed map size: 5000
GC before operation: completed in 219.262 ms, heap usage 1.378 GB -> 25.464 MB.
WARNING: This benchmark provides no result that can be validated.
There is no way to check that no silent failure occurred.
====== finagle-chirper (web) [default], iteration 76 completed (9270.881 ms) ======
====== finagle-chirper (web) [default], iteration 77 started ======
Resetting master, feed map size: 5000
GC before operation: completed in 218.075 ms, heap usage 1.381 GB -> 25.476 MB.
WARNING: This benchmark provides no result that can be validated.
There is no way to check that no silent failure occurred.
====== finagle-chirper (web) [default], iteration 77 completed (9220.700 ms) ======
====== finagle-chirper (web) [default], iteration 78 started ======
Resetting master, feed map size: 5000
GC before operation: completed in 220.514 ms, heap usage 1.379 GB -> 25.468 MB.
WARNING: This benchmark provides no result that can be validated.
There is no way to check that no silent failure occurred.
====== finagle-chirper (web) [default], iteration 78 completed (9394.771 ms) ======
====== finagle-chirper (web) [default], iteration 79 started ======
Resetting master, feed map size: 5000
GC before operation: completed in 215.618 ms, heap usage 1.376 GB -> 25.480 MB.
WARNING: This benchmark provides no result that can be validated.
There is no way to check that no silent failure occurred.
====== finagle-chirper (web) [default], iteration 79 completed (9523.807 ms) ======
====== finagle-chirper (web) [default], iteration 80 started ======
Resetting master, feed map size: 5000
GC before operation: completed in 214.060 ms, heap usage 1.374 GB -> 25.510 MB.
WARNING: This benchmark provides no result that can be validated.
There is no way to check that no silent failure occurred.
====== finagle-chirper (web) [default], iteration 80 completed (9324.048 ms) ======
====== finagle-chirper (web) [default], iteration 81 started ======
Resetting master, feed map size: 5000
GC before operation: completed in 217.253 ms, heap usage 1.376 GB -> 25.470 MB.
WARNING: This benchmark provides no result that can be validated.
There is no way to check that no silent failure occurred.
====== finagle-chirper (web) [default], iteration 81 completed (9325.920 ms) ======
====== finagle-chirper (web) [default], iteration 82 started ======
Resetting master, feed map size: 5000
GC before operation: completed in 218.616 ms, heap usage 1.377 GB -> 25.502 MB.
WARNING: This benchmark provides no result that can be validated.
There is no way to check that no silent failure occurred.
====== finagle-chirper (web) [default], iteration 82 completed (9460.269 ms) ======
====== finagle-chirper (web) [default], iteration 83 started ======
Resetting master, feed map size: 5000
GC before operation: completed in 219.780 ms, heap usage 1.375 GB -> 25.472 MB.
WARNING: This benchmark provides no result that can be validated.
There is no way to check that no silent failure occurred.
====== finagle-chirper (web) [default], iteration 83 completed (9198.685 ms) ======
====== finagle-chirper (web) [default], iteration 84 started ======
Resetting master, feed map size: 5000
GC before operation: completed in 218.771 ms, heap usage 1.380 GB -> 25.478 MB.
WARNING: This benchmark provides no result that can be validated.
There is no way to check that no silent failure occurred.
====== finagle-chirper (web) [default], iteration 84 completed (9429.776 ms) ======
====== finagle-chirper (web) [default], iteration 85 started ======
Resetting master, feed map size: 5000
GC before operation: completed in 215.297 ms, heap usage 1.378 GB -> 25.479 MB.
WARNING: This benchmark provides no result that can be validated.
There is no way to check that no silent failure occurred.
====== finagle-chirper (web) [default], iteration 85 completed (9203.088 ms) ======
====== finagle-chirper (web) [default], iteration 86 started ======
Resetting master, feed map size: 5000
GC before operation: completed in 216.991 ms, heap usage 1.375 GB -> 25.472 MB.
WARNING: This benchmark provides no result that can be validated.
There is no way to check that no silent failure occurred.
====== finagle-chirper (web) [default], iteration 86 completed (9437.237 ms) ======
====== finagle-chirper (web) [default], iteration 87 started ======
Resetting master, feed map size: 5000
GC before operation: completed in 218.123 ms, heap usage 1.380 GB -> 25.471 MB.
WARNING: This benchmark provides no result that can be validated.
There is no way to check that no silent failure occurred.
====== finagle-chirper (web) [default], iteration 87 completed (9475.938 ms) ======
====== finagle-chirper (web) [default], iteration 88 started ======
Resetting master, feed map size: 5000
GC before operation: completed in 222.122 ms, heap usage 1.377 GB -> 25.474 MB.
WARNING: This benchmark provides no result that can be validated.
There is no way to check that no silent failure occurred.
====== finagle-chirper (web) [default], iteration 88 completed (9440.511 ms) ======
====== finagle-chirper (web) [default], iteration 89 started ======
Resetting master, feed map size: 5000
GC before operation: completed in 224.231 ms, heap usage 1.376 GB -> 25.475 MB.
WARNING: This benchmark provides no result that can be validated.
There is no way to check that no silent failure occurred.
====== finagle-chirper (web) [default], iteration 89 completed (9695.687 ms) ======
====== finagle-chirper (web) [default], iteration 90 started ======
Resetting master, feed map size: 5000
GC before operation: completed in 220.797 ms, heap usage 1.378 GB -> 25.481 MB.
WARNING: This benchmark provides no result that can be validated.
There is no way to check that no silent failure occurred.
====== finagle-chirper (web) [default], iteration 90 completed (9315.254 ms) ======
====== finagle-chirper (web) [default], iteration 91 started ======
Resetting master, feed map size: 5000
GC before operation: completed in 213.750 ms, heap usage 1.375 GB -> 25.483 MB.
WARNING: This benchmark provides no result that can be validated.
There is no way to check that no silent failure occurred.
====== finagle-chirper (web) [default], iteration 91 completed (9318.325 ms) ======
====== finagle-chirper (web) [default], iteration 92 started ======
Resetting master, feed map size: 5000
GC before operation: completed in 224.950 ms, heap usage 1.376 GB -> 25.479 MB.
WARNING: This benchmark provides no result that can be validated.
There is no way to check that no silent failure occurred.
====== finagle-chirper (web) [default], iteration 92 completed (9297.253 ms) ======
====== finagle-chirper (web) [default], iteration 93 started ======
Resetting master, feed map size: 5000
GC before operation: completed in 219.245 ms, heap usage 1.375 GB -> 25.474 MB.
WARNING: This benchmark provides no result that can be validated.
There is no way to check that no silent failure occurred.
====== finagle-chirper (web) [default], iteration 93 completed (9566.127 ms) ======
====== finagle-chirper (web) [default], iteration 94 started ======
Resetting master, feed map size: 5000
GC before operation: completed in 217.687 ms, heap usage 1.377 GB -> 25.475 MB.
WARNING: This benchmark provides no result that can be validated.
There is no way to check that no silent failure occurred.
====== finagle-chirper (web) [default], iteration 94 completed (9231.625 ms) ======
====== finagle-chirper (web) [default], iteration 95 started ======
Resetting master, feed map size: 5000
GC before operation: completed in 220.579 ms, heap usage 1.382 GB -> 25.479 MB.
WARNING: This benchmark provides no result that can be validated.
There is no way to check that no silent failure occurred.
====== finagle-chirper (web) [default], iteration 95 completed (9675.712 ms) ======
====== finagle-chirper (web) [default], iteration 96 started ======
Resetting master, feed map size: 5000
GC before operation: completed in 236.414 ms, heap usage 1.377 GB -> 25.478 MB.
WARNING: This benchmark provides no result that can be validated.
There is no way to check that no silent failure occurred.
====== finagle-chirper (web) [default], iteration 96 completed (9914.600 ms) ======
====== finagle-chirper (web) [default], iteration 97 started ======
Resetting master, feed map size: 5000
GC before operation: completed in 218.654 ms, heap usage 1.378 GB -> 25.478 MB.
WARNING: This benchmark provides no result that can be validated.
There is no way to check that no silent failure occurred.
====== finagle-chirper (web) [default], iteration 97 completed (9242.519 ms) ======
====== finagle-chirper (web) [default], iteration 98 started ======
Resetting master, feed map size: 5000
GC before operation: completed in 215.434 ms, heap usage 1.377 GB -> 25.483 MB.
WARNING: This benchmark provides no result that can be validated.
There is no way to check that no silent failure occurred.
====== finagle-chirper (web) [default], iteration 98 completed (9468.406 ms) ======
====== finagle-chirper (web) [default], iteration 99 started ======
Resetting master, feed map size: 5000
GC before operation: completed in 230.255 ms, heap usage 1.377 GB -> 25.477 MB.
WARNING: This benchmark provides no result that can be validated.
There is no way to check that no silent failure occurred.
====== finagle-chirper (web) [default], iteration 99 completed (9279.046 ms) ======
