Benchmark 'dummy-setup-failing' failed with exception:
java.lang.AssertionError: Intentionally failing
	at org.renaissance.dummy.DummySetupFailing.setUpBeforeAll(DummySetupFailing.java:18)
	at org.renaissance.harness.ExecutionDriver.executeBenchmark(ExecutionDriver.java:82)
	at org.renaissance.harness.RenaissanceSuite$.$anonfun$runBenchmarks$1(RenaissanceSuite.scala:163)
	at org.renaissance.harness.RenaissanceSuite$.$anonfun$runBenchmarks$1$adapted(RenaissanceSuite.scala:159)
	at scala.collection.immutable.List.foreach(List.scala:333)
	at org.renaissance.harness.RenaissanceSuite$.runBenchmarks(RenaissanceSuite.scala:159)
	at org.renaissance.harness.RenaissanceSuite$.main(RenaissanceSuite.scala:132)
	at org.renaissance.harness.RenaissanceSuite.main(RenaissanceSuite.scala)
	at java.base/jdk.internal.reflect.NativeMethodAccessorImpl.invoke0(Native Method)
	at java.base/jdk.internal.reflect.NativeMethodAccessorImpl.invoke(NativeMethodAccessorImpl.java:77)
	at java.base/jdk.internal.reflect.DelegatingMethodAccessorImpl.invoke(DelegatingMethodAccessorImpl.java:43)
	at java.base/java.lang.reflect.Method.invoke(Method.java:568)
	at org.renaissance.core.Launcher.loadAndInvokeHarnessClass(Launcher.java:129)
	at org.renaissance.core.Launcher.launchHarnessClass(Launcher.java:78)
	at org.renaissance.core.Launcher.main(Launcher.java:43)
====== dummy-teardown-failing (dummy) [default], iteration 0 started ======
GC before operation: completed in 69.104 ms, heap usage 23.969 MB -> 4.703 MB.
====== dummy-teardown-failing (dummy) [default], iteration 0 completed (9.258 ms) ======
====== dummy-teardown-failing (dummy) [default], iteration 1 started ======
GC before operation: completed in 62.677 ms, heap usage 5.703 MB -> 4.697 MB.
====== dummy-teardown-failing (dummy) [default], iteration 1 completed (0.014 ms) ======
====== dummy-teardown-failing (dummy) [default], iteration 2 started ======
GC before operation: completed in 30.019 ms, heap usage 5.697 MB -> 4.697 MB.
====== dummy-teardown-failing (dummy) [default], iteration 2 completed (0.015 ms) ======
====== dummy-teardown-failing (dummy) [default], iteration 3 started ======
GC before operation: completed in 28.914 ms, heap usage 5.697 MB -> 4.697 MB.
====== dummy-teardown-failing (dummy) [default], iteration 3 completed (0.014 ms) ======
====== dummy-teardown-failing (dummy) [default], iteration 4 started ======
GC before operation: completed in 29.304 ms, heap usage 5.697 MB -> 4.697 MB.
====== dummy-teardown-failing (dummy) [default], iteration 4 completed (0.015 ms) ======
====== dummy-teardown-failing (dummy) [default], iteration 5 started ======
GC before operation: completed in 29.239 ms, heap usage 5.697 MB -> 4.697 MB.
====== dummy-teardown-failing (dummy) [default], iteration 5 completed (0.014 ms) ======
====== dummy-teardown-failing (dummy) [default], iteration 6 started ======
GC before operation: completed in 30.079 ms, heap usage 5.697 MB -> 4.697 MB.
====== dummy-teardown-failing (dummy) [default], iteration 6 completed (0.014 ms) ======
====== dummy-teardown-failing (dummy) [default], iteration 7 started ======
GC before operation: completed in 29.173 ms, heap usage 5.697 MB -> 4.697 MB.
====== dummy-teardown-failing (dummy) [default], iteration 7 completed (0.015 ms) ======
====== dummy-teardown-failing (dummy) [default], iteration 8 started ======
GC before operation: completed in 29.486 ms, heap usage 5.697 MB -> 4.697 MB.
====== dummy-teardown-failing (dummy) [default], iteration 8 completed (0.014 ms) ======
====== dummy-teardown-failing (dummy) [default], iteration 9 started ======
GC before operation: completed in 30.509 ms, heap usage 5.697 MB -> 4.697 MB.
====== dummy-teardown-failing (dummy) [default], iteration 9 completed (0.014 ms) ======
====== dummy-teardown-failing (dummy) [default], iteration 10 started ======
GC before operation: completed in 29.685 ms, heap usage 5.697 MB -> 4.697 MB.
====== dummy-teardown-failing (dummy) [default], iteration 10 completed (0.015 ms) ======
====== dummy-teardown-failing (dummy) [default], iteration 11 started ======
GC before operation: completed in 29.808 ms, heap usage 5.697 MB -> 4.697 MB.
====== dummy-teardown-failing (dummy) [default], iteration 11 completed (0.014 ms) ======
====== dummy-teardown-failing (dummy) [default], iteration 12 started ======
GC before operation: completed in 30.112 ms, heap usage 5.697 MB -> 4.697 MB.
====== dummy-teardown-failing (dummy) [default], iteration 12 completed (0.014 ms) ======
====== dummy-teardown-failing (dummy) [default], iteration 13 started ======
GC before operation: completed in 29.141 ms, heap usage 5.697 MB -> 4.697 MB.
====== dummy-teardown-failing (dummy) [default], iteration 13 completed (0.014 ms) ======
====== dummy-teardown-failing (dummy) [default], iteration 14 started ======
GC before operation: completed in 28.902 ms, heap usage 5.697 MB -> 4.697 MB.
====== dummy-teardown-failing (dummy) [default], iteration 14 completed (0.015 ms) ======
====== dummy-teardown-failing (dummy) [default], iteration 15 started ======
GC before operation: completed in 29.739 ms, heap usage 5.697 MB -> 4.698 MB.
====== dummy-teardown-failing (dummy) [default], iteration 15 completed (0.015 ms) ======
====== dummy-teardown-failing (dummy) [default], iteration 16 started ======
GC before operation: completed in 29.382 ms, heap usage 5.698 MB -> 4.698 MB.
====== dummy-teardown-failing (dummy) [default], iteration 16 completed (0.015 ms) ======
====== dummy-teardown-failing (dummy) [default], iteration 17 started ======
GC before operation: completed in 32.168 ms, heap usage 5.698 MB -> 4.699 MB.
====== dummy-teardown-failing (dummy) [default], iteration 17 completed (0.015 ms) ======
====== dummy-teardown-failing (dummy) [default], iteration 18 started ======
GC before operation: completed in 29.244 ms, heap usage 5.699 MB -> 4.700 MB.
====== dummy-teardown-failing (dummy) [default], iteration 18 completed (0.016 ms) ======
====== dummy-teardown-failing (dummy) [default], iteration 19 started ======
GC before operation: completed in 30.005 ms, heap usage 5.700 MB -> 4.700 MB.
====== dummy-teardown-failing (dummy) [default], iteration 19 completed (0.014 ms) ======
====== dummy-teardown-failing (dummy) [default], iteration 20 started ======
GC before operation: completed in 30.180 ms, heap usage 5.700 MB -> 4.700 MB.
====== dummy-teardown-failing (dummy) [default], iteration 20 completed (0.014 ms) ======
====== dummy-teardown-failing (dummy) [default], iteration 21 started ======
GC before operation: completed in 29.370 ms, heap usage 5.700 MB -> 4.700 MB.
====== dummy-teardown-failing (dummy) [default], iteration 21 completed (0.016 ms) ======
====== dummy-teardown-failing (dummy) [default], iteration 22 started ======
GC before operation: completed in 30.035 ms, heap usage 5.700 MB -> 4.700 MB.
====== dummy-teardown-failing (dummy) [default], iteration 22 completed (0.014 ms) ======
====== dummy-teardown-failing (dummy) [default], iteration 23 started ======
GC before operation: completed in 30.190 ms, heap usage 5.700 MB -> 4.700 MB.
====== dummy-teardown-failing (dummy) [default], iteration 23 completed (0.014 ms) ======
====== dummy-teardown-failing (dummy) [default], iteration 24 started ======
GC before operation: completed in 29.024 ms, heap usage 5.700 MB -> 4.700 MB.
====== dummy-teardown-failing (dummy) [default], iteration 24 completed (0.015 ms) ======
====== dummy-teardown-failing (dummy) [default], iteration 25 started ======
GC before operation: completed in 29.432 ms, heap usage 5.700 MB -> 4.700 MB.
====== dummy-teardown-failing (dummy) [default], iteration 25 completed (0.015 ms) ======
====== dummy-teardown-failing (dummy) [default], iteration 26 started ======
GC before operation: completed in 29.851 ms, heap usage 5.700 MB -> 4.700 MB.
====== dummy-teardown-failing (dummy) [default], iteration 26 completed (0.014 ms) ======
====== dummy-teardown-failing (dummy) [default], iteration 27 started ======
GC before operation: completed in 29.408 ms, heap usage 5.700 MB -> 4.700 MB.
====== dummy-teardown-failing (dummy) [default], iteration 27 completed (0.015 ms) ======
====== dummy-teardown-failing (dummy) [default], iteration 28 started ======
GC before operation: completed in 29.426 ms, heap usage 5.700 MB -> 4.700 MB.
====== dummy-teardown-failing (dummy) [default], iteration 28 completed (0.014 ms) ======
====== dummy-teardown-failing (dummy) [default], iteration 29 started ======
GC before operation: completed in 29.136 ms, heap usage 5.700 MB -> 4.700 MB.
====== dummy-teardown-failing (dummy) [default], iteration 29 completed (0.015 ms) ======
====== dummy-teardown-failing (dummy) [default], iteration 30 started ======
GC before operation: completed in 29.113 ms, heap usage 5.700 MB -> 4.700 MB.
====== dummy-teardown-failing (dummy) [default], iteration 30 completed (0.014 ms) ======
====== dummy-teardown-failing (dummy) [default], iteration 31 started ======
GC before operation: completed in 29.639 ms, heap usage 5.700 MB -> 4.700 MB.
====== dummy-teardown-failing (dummy) [default], iteration 31 completed (0.014 ms) ======
====== dummy-teardown-failing (dummy) [default], iteration 32 started ======
GC before operation: completed in 30.346 ms, heap usage 5.700 MB -> 4.700 MB.
====== dummy-teardown-failing (dummy) [default], iteration 32 completed (0.014 ms) ======
====== dummy-teardown-failing (dummy) [default], iteration 33 started ======
GC before operation: completed in 29.460 ms, heap usage 5.700 MB -> 4.700 MB.
====== dummy-teardown-failing (dummy) [default], iteration 33 completed (0.015 ms) ======
====== dummy-teardown-failing (dummy) [default], iteration 34 started ======
GC before operation: completed in 29.913 ms, heap usage 5.700 MB -> 4.701 MB.
====== dummy-teardown-failing (dummy) [default], iteration 34 completed (0.014 ms) ======
====== dummy-teardown-failing (dummy) [default], iteration 35 started ======
GC before operation: completed in 30.462 ms, heap usage 5.701 MB -> 4.701 MB.
====== dummy-teardown-failing (dummy) [default], iteration 35 completed (0.014 ms) ======
====== dummy-teardown-failing (dummy) [default], iteration 36 started ======
GC before operation: completed in 30.112 ms, heap usage 5.701 MB -> 4.701 MB.
====== dummy-teardown-failing (dummy) [default], iteration 36 completed (0.015 ms) ======
====== dummy-teardown-failing (dummy) [default], iteration 37 started ======
GC before operation: completed in 29.257 ms, heap usage 5.701 MB -> 4.701 MB.
====== dummy-teardown-failing (dummy) [default], iteration 37 completed (0.015 ms) ======
====== dummy-teardown-failing (dummy) [default], iteration 38 started ======
GC before operation: completed in 31.057 ms, heap usage 5.701 MB -> 4.701 MB.
====== dummy-teardown-failing (dummy) [default], iteration 38 completed (0.014 ms) ======
====== dummy-teardown-failing (dummy) [default], iteration 39 started ======
GC before operation: completed in 29.751 ms, heap usage 5.701 MB -> 4.701 MB.
====== dummy-teardown-failing (dummy) [default], iteration 39 completed (0.014 ms) ======
====== dummy-teardown-failing (dummy) [default], iteration 40 started ======
GC before operation: completed in 29.950 ms, heap usage 5.701 MB -> 4.701 MB.
====== dummy-teardown-failing (dummy) [default], iteration 40 completed (0.014 ms) ======
====== dummy-teardown-failing (dummy) [default], iteration 41 started ======
GC before operation: completed in 29.316 ms, heap usage 5.701 MB -> 4.701 MB.
====== dummy-teardown-failing (dummy) [default], iteration 41 completed (0.013 ms) ======
====== dummy-teardown-failing (dummy) [default], iteration 42 started ======
GC before operation: completed in 30.967 ms, heap usage 5.701 MB -> 4.701 MB.
====== dummy-teardown-failing (dummy) [default], iteration 42 completed (0.014 ms) ======
====== dummy-teardown-failing (dummy) [default], iteration 43 started ======
GC before operation: completed in 32.121 ms, heap usage 5.701 MB -> 4.701 MB.
====== dummy-teardown-failing (dummy) [default], iteration 43 completed (0.014 ms) ======
====== dummy-teardown-failing (dummy) [default], iteration 44 started ======
GC before operation: completed in 31.002 ms, heap usage 5.701 MB -> 4.701 MB.
====== dummy-teardown-failing (dummy) [default], iteration 44 completed (0.014 ms) ======
====== dummy-teardown-failing (dummy) [default], iteration 45 started ======
GC before operation: completed in 31.552 ms, heap usage 5.701 MB -> 4.701 MB.
====== dummy-teardown-failing (dummy) [default], iteration 45 completed (0.015 ms) ======
====== dummy-teardown-failing (dummy) [default], iteration 46 started ======
GC before operation: completed in 30.165 ms, heap usage 5.701 MB -> 4.701 MB.
====== dummy-teardown-failing (dummy) [default], iteration 46 completed (0.014 ms) ======
====== dummy-teardown-failing (dummy) [default], iteration 47 started ======
GC before operation: completed in 29.899 ms, heap usage 5.701 MB -> 4.701 MB.
====== dummy-teardown-failing (dummy) [default], iteration 47 completed (0.015 ms) ======
====== dummy-teardown-failing (dummy) [default], iteration 48 started ======
GC before operation: completed in 29.772 ms, heap usage 5.701 MB -> 4.701 MB.
====== dummy-teardown-failing (dummy) [default], iteration 48 completed (0.015 ms) ======
====== dummy-teardown-failing (dummy) [default], iteration 49 started ======
GC before operation: completed in 29.852 ms, heap usage 5.701 MB -> 4.701 MB.
====== dummy-teardown-failing (dummy) [default], iteration 49 completed (0.015 ms) ======
====== dummy-teardown-failing (dummy) [default], iteration 50 started ======
GC before operation: completed in 30.053 ms, heap usage 5.701 MB -> 4.701 MB.
====== dummy-teardown-failing (dummy) [default], iteration 50 completed (0.015 ms) ======
====== dummy-teardown-failing (dummy) [default], iteration 51 started ======
GC before operation: completed in 30.044 ms, heap usage 5.701 MB -> 4.701 MB.
====== dummy-teardown-failing (dummy) [default], iteration 51 completed (0.014 ms) ======
====== dummy-teardown-failing (dummy) [default], iteration 52 started ======
GC before operation: completed in 30.420 ms, heap usage 5.701 MB -> 4.701 MB.
====== dummy-teardown-failing (dummy) [default], iteration 52 completed (0.015 ms) ======
====== dummy-teardown-failing (dummy) [default], iteration 53 started ======
GC before operation: completed in 29.953 ms, heap usage 5.701 MB -> 4.701 MB.
====== dummy-teardown-failing (dummy) [default], iteration 53 completed (0.015 ms) ======
====== dummy-teardown-failing (dummy) [default], iteration 54 started ======
GC before operation: completed in 30.363 ms, heap usage 5.701 MB -> 4.701 MB.
====== dummy-teardown-failing (dummy) [default], iteration 54 completed (0.014 ms) ======
====== dummy-teardown-failing (dummy) [default], iteration 55 started ======
GC before operation: completed in 30.105 ms, heap usage 5.701 MB -> 4.701 MB.
====== dummy-teardown-failing (dummy) [default], iteration 55 completed (0.014 ms) ======
====== dummy-teardown-failing (dummy) [default], iteration 56 started ======
GC before operation: completed in 31.841 ms, heap usage 5.701 MB -> 4.702 MB.
====== dummy-teardown-failing (dummy) [default], iteration 56 completed (0.014 ms) ======
====== dummy-teardown-failing (dummy) [default], iteration 57 started ======
GC before operation: completed in 29.596 ms, heap usage 5.702 MB -> 4.702 MB.
====== dummy-teardown-failing (dummy) [default], iteration 57 completed (0.015 ms) ======
====== dummy-teardown-failing (dummy) [default], iteration 58 started ======
GC before operation: completed in 29.492 ms, heap usage 5.702 MB -> 4.702 MB.
====== dummy-teardown-failing (dummy) [default], iteration 58 completed (0.015 ms) ======
====== dummy-teardown-failing (dummy) [default], iteration 59 started ======
GC before operation: completed in 30.531 ms, heap usage 5.702 MB -> 4.702 MB.
====== dummy-teardown-failing (dummy) [default], iteration 59 completed (0.015 ms) ======
====== dummy-teardown-failing (dummy) [default], iteration 60 started ======
GC before operation: completed in 30.072 ms, heap usage 5.702 MB -> 4.702 MB.
====== dummy-teardown-failing (dummy) [default], iteration 60 completed (0.015 ms) ======
====== dummy-teardown-failing (dummy) [default], iteration 61 started ======
GC before operation: completed in 30.047 ms, heap usage 5.702 MB -> 4.702 MB.
====== dummy-teardown-failing (dummy) [default], iteration 61 completed (0.016 ms) ======
====== dummy-teardown-failing (dummy) [default], iteration 62 started ======
GC before operation: completed in 30.091 ms, heap usage 5.702 MB -> 4.702 MB.
====== dummy-teardown-failing (dummy) [default], iteration 62 completed (0.014 ms) ======
====== dummy-teardown-failing (dummy) [default], iteration 63 started ======
GC before operation: completed in 30.329 ms, heap usage 5.702 MB -> 4.702 MB.
====== dummy-teardown-failing (dummy) [default], iteration 63 completed (0.016 ms) ======
====== dummy-teardown-failing (dummy) [default], iteration 64 started ======
GC before operation: completed in 29.994 ms, heap usage 5.702 MB -> 4.702 MB.
====== dummy-teardown-failing (dummy) [default], iteration 64 completed (0.016 ms) ======
====== dummy-teardown-failing (dummy) [default], iteration 65 started ======
GC before operation: completed in 29.946 ms, heap usage 5.702 MB -> 4.702 MB.
====== dummy-teardown-failing (dummy) [default], iteration 65 completed (0.016 ms) ======
====== dummy-teardown-failing (dummy) [default], iteration 66 started ======
GC before operation: completed in 29.925 ms, heap usage 5.702 MB -> 4.702 MB.
====== dummy-teardown-failing (dummy) [default], iteration 66 completed (0.015 ms) ======
====== dummy-teardown-failing (dummy) [default], iteration 67 started ======
GC before operation: completed in 35.465 ms, heap usage 5.702 MB -> 4.702 MB.
====== dummy-teardown-failing (dummy) [default], iteration 67 completed (0.016 ms) ======
====== dummy-teardown-failing (dummy) [default], iteration 68 started ======
GC before operation: completed in 36.290 ms, heap usage 5.702 MB -> 4.703 MB.
====== dummy-teardown-failing (dummy) [default], iteration 68 completed (0.016 ms) ======
====== dummy-teardown-failing (dummy) [default], iteration 69 started ======
GC before operation: completed in 30.118 ms, heap usage 5.703 MB -> 4.703 MB.
====== dummy-teardown-failing (dummy) [default], iteration 69 completed (0.016 ms) ======
====== dummy-teardown-failing (dummy) [default], iteration 70 started ======
GC before operation: completed in 29.773 ms, heap usage 5.703 MB -> 4.703 MB.
====== dummy-teardown-failing (dummy) [default], iteration 70 completed (0.015 ms) ======
====== dummy-teardown-failing (dummy) [default], iteration 71 started ======
GC before operation: completed in 30.587 ms, heap usage 5.703 MB -> 4.703 MB.
====== dummy-teardown-failing (dummy) [default], iteration 71 completed (0.016 ms) ======
====== dummy-teardown-failing (dummy) [default], iteration 72 started ======
GC before operation: completed in 30.506 ms, heap usage 5.703 MB -> 4.703 MB.
====== dummy-teardown-failing (dummy) [default], iteration 72 completed (0.016 ms) ======
====== dummy-teardown-failing (dummy) [default], iteration 73 started ======
GC before operation: completed in 30.674 ms, heap usage 5.703 MB -> 4.703 MB.
====== dummy-teardown-failing (dummy) [default], iteration 73 completed (0.039 ms) ======
====== dummy-teardown-failing (dummy) [default], iteration 74 started ======
GC before operation: completed in 30.604 ms, heap usage 5.703 MB -> 4.703 MB.
====== dummy-teardown-failing (dummy) [default], iteration 74 completed (0.016 ms) ======
====== dummy-teardown-failing (dummy) [default], iteration 75 started ======
GC before operation: completed in 30.623 ms, heap usage 5.703 MB -> 4.703 MB.
====== dummy-teardown-failing (dummy) [default], iteration 75 completed (0.016 ms) ======
====== dummy-teardown-failing (dummy) [default], iteration 76 started ======
GC before operation: completed in 30.233 ms, heap usage 5.703 MB -> 4.703 MB.
====== dummy-teardown-failing (dummy) [default], iteration 76 completed (0.020 ms) ======
====== dummy-teardown-failing (dummy) [default], iteration 77 started ======
GC before operation: completed in 29.363 ms, heap usage 5.703 MB -> 4.703 MB.
====== dummy-teardown-failing (dummy) [default], iteration 77 completed (0.016 ms) ======
====== dummy-teardown-failing (dummy) [default], iteration 78 started ======
GC before operation: completed in 30.716 ms, heap usage 5.703 MB -> 4.703 MB.
====== dummy-teardown-failing (dummy) [default], iteration 78 completed (0.015 ms) ======
====== dummy-teardown-failing (dummy) [default], iteration 79 started ======
GC before operation: completed in 30.545 ms, heap usage 5.703 MB -> 4.703 MB.
====== dummy-teardown-failing (dummy) [default], iteration 79 completed (0.016 ms) ======
====== dummy-teardown-failing (dummy) [default], iteration 80 started ======
GC before operation: completed in 30.031 ms, heap usage 5.703 MB -> 4.703 MB.
====== dummy-teardown-failing (dummy) [default], iteration 80 completed (0.016 ms) ======
====== dummy-teardown-failing (dummy) [default], iteration 81 started ======
GC before operation: completed in 30.445 ms, heap usage 5.703 MB -> 4.703 MB.
====== dummy-teardown-failing (dummy) [default], iteration 81 completed (0.016 ms) ======
====== dummy-teardown-failing (dummy) [default], iteration 82 started ======
GC before operation: completed in 31.256 ms, heap usage 5.703 MB -> 4.703 MB.
====== dummy-teardown-failing (dummy) [default], iteration 82 completed (0.015 ms) ======
====== dummy-teardown-failing (dummy) [default], iteration 83 started ======
GC before operation: completed in 29.773 ms, heap usage 5.703 MB -> 4.703 MB.
====== dummy-teardown-failing (dummy) [default], iteration 83 completed (0.016 ms) ======
====== dummy-teardown-failing (dummy) [default], iteration 84 started ======
GC before operation: completed in 30.144 ms, heap usage 5.703 MB -> 4.703 MB.
====== dummy-teardown-failing (dummy) [default], iteration 84 completed (0.016 ms) ======
====== dummy-teardown-failing (dummy) [default], iteration 85 started ======
GC before operation: completed in 30.689 ms, heap usage 5.703 MB -> 4.703 MB.
====== dummy-teardown-failing (dummy) [default], iteration 85 completed (0.015 ms) ======
====== dummy-teardown-failing (dummy) [default], iteration 86 started ======
GC before operation: completed in 29.545 ms, heap usage 5.703 MB -> 4.703 MB.
====== dummy-teardown-failing (dummy) [default], iteration 86 completed (0.015 ms) ======
====== dummy-teardown-failing (dummy) [default], iteration 87 started ======
GC before operation: completed in 28.823 ms, heap usage 5.703 MB -> 4.703 MB.
====== dummy-teardown-failing (dummy) [default], iteration 87 completed (0.016 ms) ======
====== dummy-teardown-failing (dummy) [default], iteration 88 started ======
GC before operation: completed in 30.785 ms, heap usage 5.703 MB -> 4.703 MB.
====== dummy-teardown-failing (dummy) [default], iteration 88 completed (0.016 ms) ======
====== dummy-teardown-failing (dummy) [default], iteration 89 started ======
GC before operation: completed in 30.690 ms, heap usage 5.703 MB -> 4.704 MB.
====== dummy-teardown-failing (dummy) [default], iteration 89 completed (0.017 ms) ======
====== dummy-teardown-failing (dummy) [default], iteration 90 started ======
GC before operation: completed in 30.326 ms, heap usage 5.704 MB -> 4.704 MB.
====== dummy-teardown-failing (dummy) [default], iteration 90 completed (0.017 ms) ======
====== dummy-teardown-failing (dummy) [default], iteration 91 started ======
GC before operation: completed in 30.402 ms, heap usage 5.704 MB -> 4.704 MB.
====== dummy-teardown-failing (dummy) [default], iteration 91 completed (0.017 ms) ======
====== dummy-teardown-failing (dummy) [default], iteration 92 started ======
GC before operation: completed in 30.439 ms, heap usage 5.704 MB -> 4.704 MB.
====== dummy-teardown-failing (dummy) [default], iteration 92 completed (0.016 ms) ======
====== dummy-teardown-failing (dummy) [default], iteration 93 started ======
GC before operation: completed in 34.326 ms, heap usage 5.704 MB -> 4.704 MB.
====== dummy-teardown-failing (dummy) [default], iteration 93 completed (0.017 ms) ======
====== dummy-teardown-failing (dummy) [default], iteration 94 started ======
GC before operation: completed in 30.923 ms, heap usage 5.704 MB -> 4.704 MB.
====== dummy-teardown-failing (dummy) [default], iteration 94 completed (0.016 ms) ======
====== dummy-teardown-failing (dummy) [default], iteration 95 started ======
GC before operation: completed in 30.928 ms, heap usage 5.704 MB -> 4.704 MB.
====== dummy-teardown-failing (dummy) [default], iteration 95 completed (0.015 ms) ======
====== dummy-teardown-failing (dummy) [default], iteration 96 started ======
GC before operation: completed in 29.771 ms, heap usage 5.704 MB -> 4.704 MB.
====== dummy-teardown-failing (dummy) [default], iteration 96 completed (0.016 ms) ======
====== dummy-teardown-failing (dummy) [default], iteration 97 started ======
GC before operation: completed in 30.699 ms, heap usage 5.704 MB -> 4.704 MB.
====== dummy-teardown-failing (dummy) [default], iteration 97 completed (0.016 ms) ======
====== dummy-teardown-failing (dummy) [default], iteration 98 started ======
GC before operation: completed in 30.134 ms, heap usage 5.704 MB -> 4.704 MB.
====== dummy-teardown-failing (dummy) [default], iteration 98 completed (0.016 ms) ======
====== dummy-teardown-failing (dummy) [default], iteration 99 started ======
GC before operation: completed in 30.694 ms, heap usage 5.704 MB -> 4.704 MB.
====== dummy-teardown-failing (dummy) [default], iteration 99 completed (0.016 ms) ======
Benchmark 'dummy-teardown-failing' failed with exception:
java.lang.AssertionError: Intentionally failing
	at org.renaissance.dummy.DummyTeardownFailing.tearDownAfterAll(DummyTeardownFailing.java:18)
	at org.renaissance.harness.ExecutionDriver.executeBenchmark(ExecutionDriver.java:111)
	at org.renaissance.harness.RenaissanceSuite$.$anonfun$runBenchmarks$1(RenaissanceSuite.scala:163)
	at org.renaissance.harness.RenaissanceSuite$.$anonfun$runBenchmarks$1$adapted(RenaissanceSuite.scala:159)
	at scala.collection.immutable.List.foreach(List.scala:333)
	at org.renaissance.harness.RenaissanceSuite$.runBenchmarks(RenaissanceSuite.scala:159)
	at org.renaissance.harness.RenaissanceSuite$.main(RenaissanceSuite.scala:132)
	at org.renaissance.harness.RenaissanceSuite.main(RenaissanceSuite.scala)
	at java.base/jdk.internal.reflect.NativeMethodAccessorImpl.invoke0(Native Method)
	at java.base/jdk.internal.reflect.NativeMethodAccessorImpl.invoke(NativeMethodAccessorImpl.java:77)
	at java.base/jdk.internal.reflect.DelegatingMethodAccessorImpl.invoke(DelegatingMethodAccessorImpl.java:43)
	at java.base/java.lang.reflect.Method.invoke(Method.java:568)
	at org.renaissance.core.Launcher.loadAndInvokeHarnessClass(Launcher.java:129)
	at org.renaissance.core.Launcher.launchHarnessClass(Launcher.java:78)
	at org.renaissance.core.Launcher.main(Launcher.java:43)
====== dummy-empty (dummy) [default], iteration 0 started ======
GC before operation: completed in 33.513 ms, heap usage 5.704 MB -> 4.704 MB.
====== dummy-empty (dummy) [default], iteration 0 completed (0.199 ms) ======
====== dummy-empty (dummy) [default], iteration 1 started ======
GC before operation: completed in 31.603 ms, heap usage 5.704 MB -> 4.704 MB.
====== dummy-empty (dummy) [default], iteration 1 completed (0.016 ms) ======
====== dummy-empty (dummy) [default], iteration 2 started ======
GC before operation: completed in 30.291 ms, heap usage 5.704 MB -> 4.704 MB.
====== dummy-empty (dummy) [default], iteration 2 completed (0.017 ms) ======
====== dummy-empty (dummy) [default], iteration 3 started ======
GC before operation: completed in 30.301 ms, heap usage 5.704 MB -> 4.704 MB.
====== dummy-empty (dummy) [default], iteration 3 completed (0.016 ms) ======
====== dummy-empty (dummy) [default], iteration 4 started ======
GC before operation: completed in 30.463 ms, heap usage 5.704 MB -> 4.705 MB.
====== dummy-empty (dummy) [default], iteration 4 completed (0.017 ms) ======
====== dummy-empty (dummy) [default], iteration 5 started ======
GC before operation: completed in 29.969 ms, heap usage 5.705 MB -> 4.705 MB.
====== dummy-empty (dummy) [default], iteration 5 completed (0.016 ms) ======
====== dummy-empty (dummy) [default], iteration 6 started ======
GC before operation: completed in 30.500 ms, heap usage 5.705 MB -> 4.705 MB.
====== dummy-empty (dummy) [default], iteration 6 completed (0.017 ms) ======
====== dummy-empty (dummy) [default], iteration 7 started ======
GC before operation: completed in 30.251 ms, heap usage 5.705 MB -> 4.705 MB.
====== dummy-empty (dummy) [default], iteration 7 completed (0.016 ms) ======
====== dummy-empty (dummy) [default], iteration 8 started ======
GC before operation: completed in 30.575 ms, heap usage 5.705 MB -> 4.705 MB.
====== dummy-empty (dummy) [default], iteration 8 completed (0.016 ms) ======
====== dummy-empty (dummy) [default], iteration 9 started ======
GC before operation: completed in 32.619 ms, heap usage 5.705 MB -> 4.705 MB.
====== dummy-empty (dummy) [default], iteration 9 completed (0.016 ms) ======
====== dummy-empty (dummy) [default], iteration 10 started ======
GC before operation: completed in 30.253 ms, heap usage 5.705 MB -> 4.705 MB.
====== dummy-empty (dummy) [default], iteration 10 completed (0.045 ms) ======
====== dummy-empty (dummy) [default], iteration 11 started ======
GC before operation: completed in 30.623 ms, heap usage 5.705 MB -> 4.705 MB.
====== dummy-empty (dummy) [default], iteration 11 completed (0.016 ms) ======
====== dummy-empty (dummy) [default], iteration 12 started ======
GC before operation: completed in 31.019 ms, heap usage 5.705 MB -> 4.705 MB.
====== dummy-empty (dummy) [default], iteration 12 completed (0.017 ms) ======
====== dummy-empty (dummy) [default], iteration 13 started ======
GC before operation: completed in 30.490 ms, heap usage 5.705 MB -> 4.705 MB.
====== dummy-empty (dummy) [default], iteration 13 completed (0.016 ms) ======
====== dummy-empty (dummy) [default], iteration 14 started ======
GC before operation: completed in 30.865 ms, heap usage 5.705 MB -> 4.705 MB.
====== dummy-empty (dummy) [default], iteration 14 completed (0.016 ms) ======
====== dummy-empty (dummy) [default], iteration 15 started ======
GC before operation: completed in 30.734 ms, heap usage 5.705 MB -> 4.705 MB.
====== dummy-empty (dummy) [default], iteration 15 completed (0.017 ms) ======
====== dummy-empty (dummy) [default], iteration 16 started ======
GC before operation: completed in 30.928 ms, heap usage 5.705 MB -> 4.705 MB.
====== dummy-empty (dummy) [default], iteration 16 completed (0.016 ms) ======
====== dummy-empty (dummy) [default], iteration 17 started ======
GC before operation: completed in 29.910 ms, heap usage 5.705 MB -> 4.705 MB.
====== dummy-empty (dummy) [default], iteration 17 completed (0.016 ms) ======
====== dummy-empty (dummy) [default], iteration 18 started ======
GC before operation: completed in 30.719 ms, heap usage 5.705 MB -> 4.705 MB.
====== dummy-empty (dummy) [default], iteration 18 completed (0.016 ms) ======
====== dummy-empty (dummy) [default], iteration 19 started ======
GC before operation: completed in 31.363 ms, heap usage 5.705 MB -> 4.705 MB.
====== dummy-empty (dummy) [default], iteration 19 completed (0.015 ms) ======
====== dummy-empty (dummy) [default], iteration 20 started ======
GC before operation: completed in 29.909 ms, heap usage 5.705 MB -> 4.705 MB.
====== dummy-empty (dummy) [default], iteration 20 completed (0.016 ms) ======
====== dummy-empty (dummy) [default], iteration 21 started ======
GC before operation: completed in 30.525 ms, heap usage 5.705 MB -> 4.705 MB.
====== dummy-empty (dummy) [default], iteration 21 completed (0.017 ms) ======
====== dummy-empty (dummy) [default], iteration 22 started ======
GC before operation: completed in 31.000 ms, heap usage 5.705 MB -> 4.705 MB.
====== dummy-empty (dummy) [default], iteration 22 completed (0.017 ms) ======
====== dummy-empty (dummy) [default], iteration 23 started ======
GC before operation: completed in 29.194 ms, heap usage 5.705 MB -> 4.705 MB.
====== dummy-empty (dummy) [default], iteration 23 completed (0.016 ms) ======
====== dummy-empty (dummy) [default], iteration 24 started ======
GC before operation: completed in 30.695 ms, heap usage 5.705 MB -> 4.706 MB.
====== dummy-empty (dummy) [default], iteration 24 completed (0.016 ms) ======
====== dummy-empty (dummy) [default], iteration 25 started ======
GC before operation: completed in 32.570 ms, heap usage 5.706 MB -> 4.706 MB.
====== dummy-empty (dummy) [default], iteration 25 completed (0.016 ms) ======
====== dummy-empty (dummy) [default], iteration 26 started ======
GC before operation: completed in 30.863 ms, heap usage 5.706 MB -> 4.706 MB.
====== dummy-empty (dummy) [default], iteration 26 completed (0.017 ms) ======
====== dummy-empty (dummy) [default], iteration 27 started ======
GC before operation: completed in 30.971 ms, heap usage 5.706 MB -> 4.706 MB.
====== dummy-empty (dummy) [default], iteration 27 completed (0.028 ms) ======
====== dummy-empty (dummy) [default], iteration 28 started ======
GC before operation: completed in 30.585 ms, heap usage 5.706 MB -> 4.706 MB.
====== dummy-empty (dummy) [default], iteration 28 completed (0.016 ms) ======
====== dummy-empty (dummy) [default], iteration 29 started ======
GC before operation: completed in 31.659 ms, heap usage 5.706 MB -> 4.706 MB.
====== dummy-empty (dummy) [default], iteration 29 completed (0.017 ms) ======
====== dummy-empty (dummy) [default], iteration 30 started ======
GC before operation: completed in 29.751 ms, heap usage 5.706 MB -> 4.706 MB.
====== dummy-empty (dummy) [default], iteration 30 completed (0.017 ms) ======
====== dummy-empty (dummy) [default], iteration 31 started ======
GC before operation: completed in 30.261 ms, heap usage 5.706 MB -> 4.706 MB.
====== dummy-empty (dummy) [default], iteration 31 completed (0.016 ms) ======
====== dummy-empty (dummy) [default], iteration 32 started ======
GC before operation: completed in 31.655 ms, heap usage 5.706 MB -> 4.706 MB.
====== dummy-empty (dummy) [default], iteration 32 completed (0.017 ms) ======
====== dummy-empty (dummy) [default], iteration 33 started ======
GC before operation: completed in 29.927 ms, heap usage 5.706 MB -> 4.706 MB.
====== dummy-empty (dummy) [default], iteration 33 completed (0.017 ms) ======
====== dummy-empty (dummy) [default], iteration 34 started ======
GC before operation: completed in 30.981 ms, heap usage 5.706 MB -> 4.706 MB.
====== dummy-empty (dummy) [default], iteration 34 completed (0.018 ms) ======
====== dummy-empty (dummy) [default], iteration 35 started ======
GC before operation: completed in 30.207 ms, heap usage 5.706 MB -> 4.706 MB.
====== dummy-empty (dummy) [default], iteration 35 completed (0.018 ms) ======
====== dummy-empty (dummy) [default], iteration 36 started ======
GC before operation: completed in 30.400 ms, heap usage 5.706 MB -> 4.706 MB.
====== dummy-empty (dummy) [default], iteration 36 completed (0.018 ms) ======
====== dummy-empty (dummy) [default], iteration 37 started ======
GC before operation: completed in 31.460 ms, heap usage 5.706 MB -> 4.706 MB.
====== dummy-empty (dummy) [default], iteration 37 completed (0.019 ms) ======
====== dummy-empty (dummy) [default], iteration 38 started ======
GC before operation: completed in 30.669 ms, heap usage 5.706 MB -> 4.706 MB.
====== dummy-empty (dummy) [default], iteration 38 completed (0.019 ms) ======
====== dummy-empty (dummy) [default], iteration 39 started ======
GC before operation: completed in 30.249 ms, heap usage 5.706 MB -> 4.706 MB.
====== dummy-empty (dummy) [default], iteration 39 completed (0.018 ms) ======
====== dummy-empty (dummy) [default], iteration 40 started ======
GC before operation: completed in 30.338 ms, heap usage 5.706 MB -> 4.707 MB.
====== dummy-empty (dummy) [default], iteration 40 completed (0.018 ms) ======
====== dummy-empty (dummy) [default], iteration 41 started ======
GC before operation: completed in 30.317 ms, heap usage 5.707 MB -> 4.707 MB.
====== dummy-empty (dummy) [default], iteration 41 completed (0.018 ms) ======
====== dummy-empty (dummy) [default], iteration 42 started ======
GC before operation: completed in 30.391 ms, heap usage 5.707 MB -> 4.707 MB.
====== dummy-empty (dummy) [default], iteration 42 completed (0.019 ms) ======
====== dummy-empty (dummy) [default], iteration 43 started ======
GC before operation: completed in 30.713 ms, heap usage 5.707 MB -> 4.707 MB.
====== dummy-empty (dummy) [default], iteration 43 completed (0.020 ms) ======
====== dummy-empty (dummy) [default], iteration 44 started ======
GC before operation: completed in 31.008 ms, heap usage 5.707 MB -> 4.707 MB.
====== dummy-empty (dummy) [default], iteration 44 completed (0.017 ms) ======
====== dummy-empty (dummy) [default], iteration 45 started ======
GC before operation: completed in 30.760 ms, heap usage 5.707 MB -> 4.707 MB.
====== dummy-empty (dummy) [default], iteration 45 completed (0.018 ms) ======
====== dummy-empty (dummy) [default], iteration 46 started ======
GC before operation: completed in 30.714 ms, heap usage 5.707 MB -> 4.707 MB.
====== dummy-empty (dummy) [default], iteration 46 completed (0.018 ms) ======
====== dummy-empty (dummy) [default], iteration 47 started ======
GC before operation: completed in 29.869 ms, heap usage 5.707 MB -> 4.707 MB.
====== dummy-empty (dummy) [default], iteration 47 completed (0.018 ms) ======
====== dummy-empty (dummy) [default], iteration 48 started ======
GC before operation: completed in 30.614 ms, heap usage 5.707 MB -> 4.707 MB.
====== dummy-empty (dummy) [default], iteration 48 completed (0.017 ms) ======
====== dummy-empty (dummy) [default], iteration 49 started ======
GC before operation: completed in 30.216 ms, heap usage 5.707 MB -> 4.707 MB.
====== dummy-empty (dummy) [default], iteration 49 completed (0.018 ms) ======
====== dummy-empty (dummy) [default], iteration 50 started ======
GC before operation: completed in 29.448 ms, heap usage 5.707 MB -> 4.707 MB.
====== dummy-empty (dummy) [default], iteration 50 completed (0.018 ms) ======
====== dummy-empty (dummy) [default], iteration 51 started ======
GC before operation: completed in 30.253 ms, heap usage 5.707 MB -> 4.707 MB.
====== dummy-empty (dummy) [default], iteration 51 completed (0.018 ms) ======
====== dummy-empty (dummy) [default], iteration 52 started ======
GC before operation: completed in 30.603 ms, heap usage 5.707 MB -> 4.707 MB.
====== dummy-empty (dummy) [default], iteration 52 completed (0.018 ms) ======
====== dummy-empty (dummy) [default], iteration 53 started ======
GC before operation: completed in 30.600 ms, heap usage 5.707 MB -> 4.707 MB.
====== dummy-empty (dummy) [default], iteration 53 completed (0.018 ms) ======
====== dummy-empty (dummy) [default], iteration 54 started ======
GC before operation: completed in 31.538 ms, heap usage 5.707 MB -> 4.707 MB.
====== dummy-empty (dummy) [default], iteration 54 completed (0.017 ms) ======
====== dummy-empty (dummy) [default], iteration 55 started ======
GC before operation: completed in 30.285 ms, heap usage 5.707 MB -> 4.707 MB.
====== dummy-empty (dummy) [default], iteration 55 completed (0.017 ms) ======
====== dummy-empty (dummy) [default], iteration 56 started ======
GC before operation: completed in 29.755 ms, heap usage 5.707 MB -> 4.707 MB.
====== dummy-empty (dummy) [default], iteration 56 completed (0.017 ms) ======
====== dummy-empty (dummy) [default], iteration 57 started ======
GC before operation: completed in 31.899 ms, heap usage 5.707 MB -> 4.707 MB.
====== dummy-empty (dummy) [default], iteration 57 completed (0.017 ms) ======
====== dummy-empty (dummy) [default], iteration 58 started ======
GC before operation: completed in 30.964 ms, heap usage 5.707 MB -> 4.707 MB.
====== dummy-empty (dummy) [default], iteration 58 completed (0.018 ms) ======
====== dummy-empty (dummy) [default], iteration 59 started ======
GC before operation: completed in 29.796 ms, heap usage 5.707 MB -> 4.707 MB.
====== dummy-empty (dummy) [default], iteration 59 completed (0.018 ms) ======
====== dummy-empty (dummy) [default], iteration 60 started ======
GC before operation: completed in 29.703 ms, heap usage 5.707 MB -> 4.707 MB.
====== dummy-empty (dummy) [default], iteration 60 completed (0.018 ms) ======
====== dummy-empty (dummy) [default], iteration 61 started ======
GC before operation: completed in 30.879 ms, heap usage 5.707 MB -> 4.708 MB.
====== dummy-empty (dummy) [default], iteration 61 completed (0.045 ms) ======
====== dummy-empty (dummy) [default], iteration 62 started ======
GC before operation: completed in 30.548 ms, heap usage 5.708 MB -> 4.708 MB.
====== dummy-empty (dummy) [default], iteration 62 completed (0.018 ms) ======
====== dummy-empty (dummy) [default], iteration 63 started ======
GC before operation: completed in 30.463 ms, heap usage 5.708 MB -> 4.708 MB.
====== dummy-empty (dummy) [default], iteration 63 completed (0.018 ms) ======
====== dummy-empty (dummy) [default], iteration 64 started ======
GC before operation: completed in 30.936 ms, heap usage 5.708 MB -> 4.708 MB.
====== dummy-empty (dummy) [default], iteration 64 completed (0.019 ms) ======
====== dummy-empty (dummy) [default], iteration 65 started ======
GC before operation: completed in 30.824 ms, heap usage 5.708 MB -> 4.708 MB.
====== dummy-empty (dummy) [default], iteration 65 completed (0.019 ms) ======
====== dummy-empty (dummy) [default], iteration 66 started ======
GC before operation: completed in 30.104 ms, heap usage 5.708 MB -> 4.708 MB.
====== dummy-empty (dummy) [default], iteration 66 completed (0.018 ms) ======
====== dummy-empty (dummy) [default], iteration 67 started ======
GC before operation: completed in 33.166 ms, heap usage 5.708 MB -> 4.708 MB.
====== dummy-empty (dummy) [default], iteration 67 completed (0.018 ms) ======
====== dummy-empty (dummy) [default], iteration 68 started ======
GC before operation: completed in 31.446 ms, heap usage 5.708 MB -> 4.708 MB.
====== dummy-empty (dummy) [default], iteration 68 completed (0.019 ms) ======
====== dummy-empty (dummy) [default], iteration 69 started ======
GC before operation: completed in 30.650 ms, heap usage 5.708 MB -> 4.708 MB.
====== dummy-empty (dummy) [default], iteration 69 completed (0.019 ms) ======
====== dummy-empty (dummy) [default], iteration 70 started ======
GC before operation: completed in 30.106 ms, heap usage 5.708 MB -> 4.708 MB.
====== dummy-empty (dummy) [default], iteration 70 completed (0.019 ms) ======
====== dummy-empty (dummy) [default], iteration 71 started ======
GC before operation: completed in 30.965 ms, heap usage 5.708 MB -> 4.708 MB.
====== dummy-empty (dummy) [default], iteration 71 completed (0.019 ms) ======
====== dummy-empty (dummy) [default], iteration 72 started ======
GC before operation: completed in 30.006 ms, heap usage 5.708 MB -> 4.708 MB.
====== dummy-empty (dummy) [default], iteration 72 completed (0.019 ms) ======
====== dummy-empty (dummy) [default], iteration 73 started ======
GC before operation: completed in 29.884 ms, heap usage 5.708 MB -> 4.709 MB.
====== dummy-empty (dummy) [default], iteration 73 completed (0.020 ms) ======
====== dummy-empty (dummy) [default], iteration 74 started ======
GC before operation: completed in 30.499 ms, heap usage 5.709 MB -> 4.709 MB.
====== dummy-empty (dummy) [default], iteration 74 completed (0.019 ms) ======
====== dummy-empty (dummy) [default], iteration 75 started ======
GC before operation: completed in 30.569 ms, heap usage 5.709 MB -> 4.709 MB.
====== dummy-empty (dummy) [default], iteration 75 completed (0.019 ms) ======
====== dummy-empty (dummy) [default], iteration 76 started ======
GC before operation: completed in 30.633 ms, heap usage 5.709 MB -> 4.709 MB.
====== dummy-empty (dummy) [default], iteration 76 completed (0.018 ms) ======
====== dummy-empty (dummy) [default], iteration 77 started ======
GC before operation: completed in 31.079 ms, heap usage 5.709 MB -> 4.709 MB.
====== dummy-empty (dummy) [default], iteration 77 completed (0.019 ms) ======
====== dummy-empty (dummy) [default], iteration 78 started ======
GC before operation: completed in 30.675 ms, heap usage 5.709 MB -> 4.709 MB.
====== dummy-empty (dummy) [default], iteration 78 completed (0.019 ms) ======
====== dummy-empty (dummy) [default], iteration 79 started ======
GC before operation: completed in 31.399 ms, heap usage 5.709 MB -> 4.709 MB.
====== dummy-empty (dummy) [default], iteration 79 completed (0.019 ms) ======
====== dummy-empty (dummy) [default], iteration 80 started ======
GC before operation: completed in 32.379 ms, heap usage 5.709 MB -> 4.709 MB.
====== dummy-empty (dummy) [default], iteration 80 completed (0.019 ms) ======
====== dummy-empty (dummy) [default], iteration 81 started ======
GC before operation: completed in 30.648 ms, heap usage 5.709 MB -> 4.709 MB.
====== dummy-empty (dummy) [default], iteration 81 completed (0.019 ms) ======
====== dummy-empty (dummy) [default], iteration 82 started ======
GC before operation: completed in 29.993 ms, heap usage 5.709 MB -> 4.709 MB.
====== dummy-empty (dummy) [default], iteration 82 completed (0.019 ms) ======
====== dummy-empty (dummy) [default], iteration 83 started ======
GC before operation: completed in 31.009 ms, heap usage 5.709 MB -> 4.709 MB.
====== dummy-empty (dummy) [default], iteration 83 completed (0.018 ms) ======
====== dummy-empty (dummy) [default], iteration 84 started ======
GC before operation: completed in 30.049 ms, heap usage 5.709 MB -> 4.709 MB.
====== dummy-empty (dummy) [default], iteration 84 completed (0.019 ms) ======
====== dummy-empty (dummy) [default], iteration 85 started ======
GC before operation: completed in 29.802 ms, heap usage 5.709 MB -> 4.709 MB.
====== dummy-empty (dummy) [default], iteration 85 completed (0.018 ms) ======
====== dummy-empty (dummy) [default], iteration 86 started ======
GC before operation: completed in 30.251 ms, heap usage 5.709 MB -> 4.709 MB.
====== dummy-empty (dummy) [default], iteration 86 completed (0.019 ms) ======
====== dummy-empty (dummy) [default], iteration 87 started ======
GC before operation: completed in 30.080 ms, heap usage 5.709 MB -> 4.709 MB.
====== dummy-empty (dummy) [default], iteration 87 completed (0.018 ms) ======
====== dummy-empty (dummy) [default], iteration 88 started ======
GC before operation: completed in 31.670 ms, heap usage 5.709 MB -> 4.709 MB.
====== dummy-empty (dummy) [default], iteration 88 completed (0.018 ms) ======
====== dummy-empty (dummy) [default], iteration 89 started ======
GC before operation: completed in 30.833 ms, heap usage 5.709 MB -> 4.709 MB.
====== dummy-empty (dummy) [default], iteration 89 completed (0.019 ms) ======
====== dummy-empty (dummy) [default], iteration 90 started ======
GC before operation: completed in 30.981 ms, heap usage 5.709 MB -> 4.709 MB.
====== dummy-empty (dummy) [default], iteration 90 completed (0.019 ms) ======
====== dummy-empty (dummy) [default], iteration 91 started ======
GC before operation: completed in 30.139 ms, heap usage 5.709 MB -> 4.709 MB.
====== dummy-empty (dummy) [default], iteration 91 completed (0.018 ms) ======
====== dummy-empty (dummy) [default], iteration 92 started ======
GC before operation: completed in 29.421 ms, heap usage 5.709 MB -> 4.709 MB.
====== dummy-empty (dummy) [default], iteration 92 completed (0.018 ms) ======
====== dummy-empty (dummy) [default], iteration 93 started ======
GC before operation: completed in 31.089 ms, heap usage 5.709 MB -> 4.709 MB.
====== dummy-empty (dummy) [default], iteration 93 completed (0.018 ms) ======
====== dummy-empty (dummy) [default], iteration 94 started ======
GC before operation: completed in 31.040 ms, heap usage 5.709 MB -> 4.710 MB.
====== dummy-empty (dummy) [default], iteration 94 completed (0.018 ms) ======
====== dummy-empty (dummy) [default], iteration 95 started ======
GC before operation: completed in 30.883 ms, heap usage 5.710 MB -> 4.710 MB.
====== dummy-empty (dummy) [default], iteration 95 completed (0.019 ms) ======
====== dummy-empty (dummy) [default], iteration 96 started ======
GC before operation: completed in 30.707 ms, heap usage 5.710 MB -> 4.710 MB.
====== dummy-empty (dummy) [default], iteration 96 completed (0.019 ms) ======
====== dummy-empty (dummy) [default], iteration 97 started ======
GC before operation: completed in 30.495 ms, heap usage 5.710 MB -> 4.710 MB.
====== dummy-empty (dummy) [default], iteration 97 completed (0.019 ms) ======
====== dummy-empty (dummy) [default], iteration 98 started ======
GC before operation: completed in 31.019 ms, heap usage 5.710 MB -> 4.710 MB.
====== dummy-empty (dummy) [default], iteration 98 completed (0.019 ms) ======
====== dummy-empty (dummy) [default], iteration 99 started ======
GC before operation: completed in 30.248 ms, heap usage 6.710 MB -> 4.710 MB.
====== dummy-empty (dummy) [default], iteration 99 completed (0.021 ms) ======
====== dummy-validation-failing (dummy) [default], iteration 0 started ======
GC before operation: completed in 33.563 ms, heap usage 5.710 MB -> 4.710 MB.
====== dummy-validation-failing (dummy) [default], iteration 0 completed (0.167 ms) ======
====== dummy-validation-failing (dummy) [default], iteration 1 started ======
GC before operation: completed in 30.170 ms, heap usage 5.710 MB -> 4.710 MB.
====== dummy-validation-failing (dummy) [default], iteration 1 failed (ValidationException) ======
Benchmark 'dummy-validation-failing' failed result validation:
intentional failure: expected 1 but got -1
====== dummy-failing (dummy) [default], iteration 0 started ======
GC before operation: completed in 35.209 ms, heap usage 5.710 MB -> 4.711 MB.
====== dummy-failing (dummy) [default], iteration 0 completed (0.193 ms) ======
====== dummy-failing (dummy) [default], iteration 1 started ======
GC before operation: completed in 30.224 ms, heap usage 5.711 MB -> 4.711 MB.
====== dummy-failing (dummy) [default], iteration 1 failed (AssertionError) ======
Benchmark 'dummy-failing' failed with exception:
java.lang.AssertionError: Intentionally failing
	at org.renaissance.dummy.DummyFailing.run(DummyFailing.java:22)
	at org.renaissance.harness.ExecutionDriver.executeOperation(ExecutionDriver.java:137)
	at org.renaissance.harness.ExecutionDriver.executeBenchmark(ExecutionDriver.java:93)
	at org.renaissance.harness.RenaissanceSuite$.$anonfun$runBenchmarks$1(RenaissanceSuite.scala:163)
	at org.renaissance.harness.RenaissanceSuite$.$anonfun$runBenchmarks$1$adapted(RenaissanceSuite.scala:159)
	at scala.collection.immutable.List.foreach(List.scala:333)
	at org.renaissance.harness.RenaissanceSuite$.runBenchmarks(RenaissanceSuite.scala:159)
	at org.renaissance.harness.RenaissanceSuite$.main(RenaissanceSuite.scala:132)
	at org.renaissance.harness.RenaissanceSuite.main(RenaissanceSuite.scala)
	at java.base/jdk.internal.reflect.NativeMethodAccessorImpl.invoke0(Native Method)
	at java.base/jdk.internal.reflect.NativeMethodAccessorImpl.invoke(NativeMethodAccessorImpl.java:77)
	at java.base/jdk.internal.reflect.DelegatingMethodAccessorImpl.invoke(DelegatingMethodAccessorImpl.java:43)
	at java.base/java.lang.reflect.Method.invoke(Method.java:568)
	at org.renaissance.core.Launcher.loadAndInvokeHarnessClass(Launcher.java:129)
	at org.renaissance.core.Launcher.launchHarnessClass(Launcher.java:78)
	at org.renaissance.core.Launcher.main(Launcher.java:43)
====== dummy-param (dummy) [default], iteration 0 started ======
GC before operation: completed in 32.635 ms, heap usage 5.711 MB -> 4.712 MB.
thread_count: 4
meaning_of_life: 42
beyond_reason: PI
reality_check: 3.141593
the_sky_is_blue: true
tough_choice: to be,not to be
====== dummy-param (dummy) [default], iteration 0 completed (23.470 ms) ======
====== dummy-param (dummy) [default], iteration 1 started ======
GC before operation: completed in 32.905 ms, heap usage 5.712 MB -> 4.731 MB.
thread_count: 4
meaning_of_life: 42
beyond_reason: PI
reality_check: 3.141593
the_sky_is_blue: true
tough_choice: to be,not to be
====== dummy-param (dummy) [default], iteration 1 completed (1.227 ms) ======
====== dummy-param (dummy) [default], iteration 2 started ======
GC before operation: completed in 30.944 ms, heap usage 5.731 MB -> 4.730 MB.
thread_count: 4
meaning_of_life: 42
beyond_reason: PI
reality_check: 3.141593
the_sky_is_blue: true
tough_choice: to be,not to be
====== dummy-param (dummy) [default], iteration 2 completed (1.227 ms) ======
====== dummy-param (dummy) [default], iteration 3 started ======
GC before operation: completed in 31.118 ms, heap usage 5.730 MB -> 4.730 MB.
thread_count: 4
meaning_of_life: 42
beyond_reason: PI
reality_check: 3.141593
the_sky_is_blue: true
tough_choice: to be,not to be
====== dummy-param (dummy) [default], iteration 3 completed (1.318 ms) ======
====== dummy-param (dummy) [default], iteration 4 started ======
GC before operation: completed in 30.474 ms, heap usage 5.730 MB -> 4.730 MB.
thread_count: 4
meaning_of_life: 42
beyond_reason: PI
reality_check: 3.141593
the_sky_is_blue: true
tough_choice: to be,not to be
====== dummy-param (dummy) [default], iteration 4 completed (1.337 ms) ======
====== dummy-param (dummy) [default], iteration 5 started ======
GC before operation: completed in 30.941 ms, heap usage 5.730 MB -> 4.730 MB.
thread_count: 4
meaning_of_life: 42
beyond_reason: PI
reality_check: 3.141593
the_sky_is_blue: true
tough_choice: to be,not to be
====== dummy-param (dummy) [default], iteration 5 completed (1.241 ms) ======
====== dummy-param (dummy) [default], iteration 6 started ======
GC before operation: completed in 30.863 ms, heap usage 5.730 MB -> 4.730 MB.
thread_count: 4
meaning_of_life: 42
beyond_reason: PI
reality_check: 3.141593
the_sky_is_blue: true
tough_choice: to be,not to be
====== dummy-param (dummy) [default], iteration 6 completed (1.278 ms) ======
====== dummy-param (dummy) [default], iteration 7 started ======
GC before operation: completed in 31.020 ms, heap usage 5.730 MB -> 4.730 MB.
thread_count: 4
meaning_of_life: 42
beyond_reason: PI
reality_check: 3.141593
the_sky_is_blue: true
tough_choice: to be,not to be
====== dummy-param (dummy) [default], iteration 7 completed (1.313 ms) ======
====== dummy-param (dummy) [default], iteration 8 started ======
GC before operation: completed in 30.562 ms, heap usage 5.730 MB -> 4.730 MB.
thread_count: 4
meaning_of_life: 42
beyond_reason: PI
reality_check: 3.141593
the_sky_is_blue: true
tough_choice: to be,not to be
====== dummy-param (dummy) [default], iteration 8 completed (1.271 ms) ======
====== dummy-param (dummy) [default], iteration 9 started ======
GC before operation: completed in 29.918 ms, heap usage 5.730 MB -> 4.730 MB.
thread_count: 4
meaning_of_life: 42
beyond_reason: PI
reality_check: 3.141593
the_sky_is_blue: true
tough_choice: to be,not to be
====== dummy-param (dummy) [default], iteration 9 completed (1.182 ms) ======
====== dummy-param (dummy) [default], iteration 10 started ======
GC before operation: completed in 31.531 ms, heap usage 5.730 MB -> 4.730 MB.
thread_count: 4
meaning_of_life: 42
beyond_reason: PI
reality_check: 3.141593
the_sky_is_blue: true
tough_choice: to be,not to be
====== dummy-param (dummy) [default], iteration 10 completed (1.211 ms) ======
====== dummy-param (dummy) [default], iteration 11 started ======
GC before operation: completed in 30.295 ms, heap usage 5.730 MB -> 4.730 MB.
thread_count: 4
meaning_of_life: 42
beyond_reason: PI
reality_check: 3.141593
the_sky_is_blue: true
tough_choice: to be,not to be
====== dummy-param (dummy) [default], iteration 11 completed (1.180 ms) ======
====== dummy-param (dummy) [default], iteration 12 started ======
GC before operation: completed in 31.357 ms, heap usage 5.730 MB -> 4.730 MB.
thread_count: 4
meaning_of_life: 42
beyond_reason: PI
reality_check: 3.141593
the_sky_is_blue: true
tough_choice: to be,not to be
====== dummy-param (dummy) [default], iteration 12 completed (1.265 ms) ======
====== dummy-param (dummy) [default], iteration 13 started ======
GC before operation: completed in 30.923 ms, heap usage 5.730 MB -> 4.730 MB.
thread_count: 4
meaning_of_life: 42
beyond_reason: PI
reality_check: 3.141593
the_sky_is_blue: true
tough_choice: to be,not to be
====== dummy-param (dummy) [default], iteration 13 completed (1.181 ms) ======
====== dummy-param (dummy) [default], iteration 14 started ======
GC before operation: completed in 30.190 ms, heap usage 5.730 MB -> 4.731 MB.
thread_count: 4
meaning_of_life: 42
beyond_reason: PI
reality_check: 3.141593
the_sky_is_blue: true
tough_choice: to be,not to be
====== dummy-param (dummy) [default], iteration 14 completed (1.190 ms) ======
====== dummy-param (dummy) [default], iteration 15 started ======
GC before operation: completed in 30.190 ms, heap usage 5.731 MB -> 4.731 MB.
thread_count: 4
meaning_of_life: 42
beyond_reason: PI
reality_check: 3.141593
the_sky_is_blue: true
tough_choice: to be,not to be
====== dummy-param (dummy) [default], iteration 15 completed (1.166 ms) ======
====== dummy-param (dummy) [default], iteration 16 started ======
GC before operation: completed in 29.897 ms, heap usage 5.731 MB -> 4.731 MB.
thread_count: 4
meaning_of_life: 42
beyond_reason: PI
reality_check: 3.141593
the_sky_is_blue: true
tough_choice: to be,not to be
====== dummy-param (dummy) [default], iteration 16 completed (1.195 ms) ======
====== dummy-param (dummy) [default], iteration 17 started ======
GC before operation: completed in 30.290 ms, heap usage 5.731 MB -> 4.731 MB.
thread_count: 4
meaning_of_life: 42
beyond_reason: PI
reality_check: 3.141593
the_sky_is_blue: true
tough_choice: to be,not to be
====== dummy-param (dummy) [default], iteration 17 completed (1.215 ms) ======
====== dummy-param (dummy) [default], iteration 18 started ======
GC before operation: completed in 29.894 ms, heap usage 5.731 MB -> 4.731 MB.
thread_count: 4
meaning_of_life: 42
beyond_reason: PI
reality_check: 3.141593
the_sky_is_blue: true
tough_choice: to be,not to be
====== dummy-param (dummy) [default], iteration 18 completed (1.164 ms) ======
====== dummy-param (dummy) [default], iteration 19 started ======
GC before operation: completed in 30.259 ms, heap usage 5.731 MB -> 4.731 MB.
thread_count: 4
meaning_of_life: 42
beyond_reason: PI
reality_check: 3.141593
the_sky_is_blue: true
tough_choice: to be,not to be
====== dummy-param (dummy) [default], iteration 19 completed (1.205 ms) ======
====== dummy-param (dummy) [default], iteration 20 started ======
GC before operation: completed in 30.166 ms, heap usage 5.731 MB -> 4.731 MB.
thread_count: 4
meaning_of_life: 42
beyond_reason: PI
reality_check: 3.141593
the_sky_is_blue: true
tough_choice: to be,not to be
====== dummy-param (dummy) [default], iteration 20 completed (1.187 ms) ======
====== dummy-param (dummy) [default], iteration 21 started ======
GC before operation: completed in 30.282 ms, heap usage 5.731 MB -> 4.731 MB.
thread_count: 4
meaning_of_life: 42
beyond_reason: PI
reality_check: 3.141593
the_sky_is_blue: true
tough_choice: to be,not to be
====== dummy-param (dummy) [default], iteration 21 completed (1.248 ms) ======
====== dummy-param (dummy) [default], iteration 22 started ======
GC before operation: completed in 31.695 ms, heap usage 5.731 MB -> 4.731 MB.
thread_count: 4
meaning_of_life: 42
beyond_reason: PI
reality_check: 3.141593
the_sky_is_blue: true
tough_choice: to be,not to be
====== dummy-param (dummy) [default], iteration 22 completed (1.220 ms) ======
====== dummy-param (dummy) [default], iteration 23 started ======
GC before operation: completed in 31.158 ms, heap usage 5.731 MB -> 4.731 MB.
thread_count: 4
meaning_of_life: 42
beyond_reason: PI
reality_check: 3.141593
the_sky_is_blue: true
tough_choice: to be,not to be
====== dummy-param (dummy) [default], iteration 23 completed (1.180 ms) ======
====== dummy-param (dummy) [default], iteration 24 started ======
GC before operation: completed in 30.048 ms, heap usage 5.731 MB -> 4.731 MB.
thread_count: 4
meaning_of_life: 42
beyond_reason: PI
reality_check: 3.141593
the_sky_is_blue: true
tough_choice: to be,not to be
====== dummy-param (dummy) [default], iteration 24 completed (1.152 ms) ======
====== dummy-param (dummy) [default], iteration 25 started ======
GC before operation: completed in 30.774 ms, heap usage 5.731 MB -> 4.731 MB.
thread_count: 4
meaning_of_life: 42
beyond_reason: PI
reality_check: 3.141593
the_sky_is_blue: true
tough_choice: to be,not to be
====== dummy-param (dummy) [default], iteration 25 completed (1.210 ms) ======
====== dummy-param (dummy) [default], iteration 26 started ======
GC before operation: completed in 30.410 ms, heap usage 5.731 MB -> 4.731 MB.
thread_count: 4
meaning_of_life: 42
beyond_reason: PI
reality_check: 3.141593
the_sky_is_blue: true
tough_choice: to be,not to be
====== dummy-param (dummy) [default], iteration 26 completed (1.207 ms) ======
====== dummy-param (dummy) [default], iteration 27 started ======
GC before operation: completed in 30.073 ms, heap usage 5.731 MB -> 4.731 MB.
thread_count: 4
meaning_of_life: 42
beyond_reason: PI
reality_check: 3.141593
the_sky_is_blue: true
tough_choice: to be,not to be
====== dummy-param (dummy) [default], iteration 27 completed (1.184 ms) ======
====== dummy-param (dummy) [default], iteration 28 started ======
GC before operation: completed in 30.986 ms, heap usage 5.731 MB -> 4.731 MB.
thread_count: 4
meaning_of_life: 42
beyond_reason: PI
reality_check: 3.141593
the_sky_is_blue: true
tough_choice: to be,not to be
====== dummy-param (dummy) [default], iteration 28 completed (1.138 ms) ======
====== dummy-param (dummy) [default], iteration 29 started ======
GC before operation: completed in 31.819 ms, heap usage 5.731 MB -> 4.731 MB.
thread_count: 4
meaning_of_life: 42
beyond_reason: PI
reality_check: 3.141593
the_sky_is_blue: true
tough_choice: to be,not to be
====== dummy-param (dummy) [default], iteration 29 completed (1.163 ms) ======
====== dummy-param (dummy) [default], iteration 30 started ======
GC before operation: completed in 31.449 ms, heap usage 5.731 MB -> 4.731 MB.
thread_count: 4
meaning_of_life: 42
beyond_reason: PI
reality_check: 3.141593
the_sky_is_blue: true
tough_choice: to be,not to be
====== dummy-param (dummy) [default], iteration 30 completed (1.117 ms) ======
====== dummy-param (dummy) [default], iteration 31 started ======
GC before operation: completed in 29.760 ms, heap usage 5.731 MB -> 4.731 MB.
thread_count: 4
meaning_of_life: 42
beyond_reason: PI
reality_check: 3.141593
the_sky_is_blue: true
tough_choice: to be,not to be
====== dummy-param (dummy) [default], iteration 31 completed (1.194 ms) ======
====== dummy-param (dummy) [default], iteration 32 started ======
GC before operation: completed in 30.306 ms, heap usage 5.731 MB -> 4.731 MB.
thread_count: 4
meaning_of_life: 42
beyond_reason: PI
reality_check: 3.141593
the_sky_is_blue: true
tough_choice: to be,not to be
====== dummy-param (dummy) [default], iteration 32 completed (1.156 ms) ======
====== dummy-param (dummy) [default], iteration 33 started ======
GC before operation: completed in 29.872 ms, heap usage 5.731 MB -> 4.732 MB.
thread_count: 4
meaning_of_life: 42
beyond_reason: PI
reality_check: 3.141593
the_sky_is_blue: true
tough_choice: to be,not to be
====== dummy-param (dummy) [default], iteration 33 completed (1.187 ms) ======
====== dummy-param (dummy) [default], iteration 34 started ======
GC before operation: completed in 29.968 ms, heap usage 5.732 MB -> 4.732 MB.
thread_count: 4
meaning_of_life: 42
beyond_reason: PI
reality_check: 3.141593
the_sky_is_blue: true
tough_choice: to be,not to be
====== dummy-param (dummy) [default], iteration 34 completed (1.107 ms) ======
====== dummy-param (dummy) [default], iteration 35 started ======
GC before operation: completed in 30.737 ms, heap usage 5.732 MB -> 4.732 MB.
thread_count: 4
meaning_of_life: 42
beyond_reason: PI
reality_check: 3.141593
the_sky_is_blue: true
tough_choice: to be,not to be
====== dummy-param (dummy) [default], iteration 35 completed (1.118 ms) ======
====== dummy-param (dummy) [default], iteration 36 started ======
GC before operation: completed in 30.994 ms, heap usage 5.732 MB -> 4.732 MB.
thread_count: 4
meaning_of_life: 42
beyond_reason: PI
reality_check: 3.141593
the_sky_is_blue: true
tough_choice: to be,not to be
====== dummy-param (dummy) [default], iteration 36 completed (1.093 ms) ======
====== dummy-param (dummy) [default], iteration 37 started ======
GC before operation: completed in 34.107 ms, heap usage 5.732 MB -> 4.732 MB.
thread_count: 4
meaning_of_life: 42
beyond_reason: PI
reality_check: 3.141593
the_sky_is_blue: true
tough_choice: to be,not to be
====== dummy-param (dummy) [default], iteration 37 completed (1.099 ms) ======
====== dummy-param (dummy) [default], iteration 38 started ======
GC before operation: completed in 31.282 ms, heap usage 5.732 MB -> 4.732 MB.
thread_count: 4
meaning_of_life: 42
beyond_reason: PI
reality_check: 3.141593
the_sky_is_blue: true
tough_choice: to be,not to be
====== dummy-param (dummy) [default], iteration 38 completed (1.276 ms) ======
====== dummy-param (dummy) [default], iteration 39 started ======
GC before operation: completed in 30.817 ms, heap usage 5.732 MB -> 4.732 MB.
thread_count: 4
meaning_of_life: 42
beyond_reason: PI
reality_check: 3.141593
the_sky_is_blue: true
tough_choice: to be,not to be
====== dummy-param (dummy) [default], iteration 39 completed (1.173 ms) ======
====== dummy-param (dummy) [default], iteration 40 started ======
GC before operation: completed in 31.908 ms, heap usage 5.732 MB -> 4.732 MB.
thread_count: 4
meaning_of_life: 42
beyond_reason: PI
reality_check: 3.141593
the_sky_is_blue: true
tough_choice: to be,not to be
====== dummy-param (dummy) [default], iteration 40 completed (1.091 ms) ======
====== dummy-param (dummy) [default], iteration 41 started ======
GC before operation: completed in 30.079 ms, heap usage 5.732 MB -> 4.733 MB.
thread_count: 4
meaning_of_life: 42
beyond_reason: PI
reality_check: 3.141593
the_sky_is_blue: true
tough_choice: to be,not to be
====== dummy-param (dummy) [default], iteration 41 completed (1.095 ms) ======
====== dummy-param (dummy) [default], iteration 42 started ======
GC before operation: completed in 35.683 ms, heap usage 5.733 MB -> 4.733 MB.
thread_count: 4
meaning_of_life: 42
beyond_reason: PI
reality_check: 3.141593
the_sky_is_blue: true
tough_choice: to be,not to be
====== dummy-param (dummy) [default], iteration 42 completed (1.221 ms) ======
====== dummy-param (dummy) [default], iteration 43 started ======
GC before operation: completed in 31.209 ms, heap usage 5.733 MB -> 4.732 MB.
thread_count: 4
meaning_of_life: 42
beyond_reason: PI
reality_check: 3.141593
the_sky_is_blue: true
tough_choice: to be,not to be
====== dummy-param (dummy) [default], iteration 43 completed (1.139 ms) ======
====== dummy-param (dummy) [default], iteration 44 started ======
GC before operation: completed in 30.648 ms, heap usage 5.732 MB -> 4.732 MB.
thread_count: 4
meaning_of_life: 42
beyond_reason: PI
reality_check: 3.141593
the_sky_is_blue: true
tough_choice: to be,not to be
====== dummy-param (dummy) [default], iteration 44 completed (1.218 ms) ======
====== dummy-param (dummy) [default], iteration 45 started ======
GC before operation: completed in 29.722 ms, heap usage 5.732 MB -> 4.732 MB.
thread_count: 4
meaning_of_life: 42
beyond_reason: PI
reality_check: 3.141593
the_sky_is_blue: true
tough_choice: to be,not to be
====== dummy-param (dummy) [default], iteration 45 completed (1.090 ms) ======
====== dummy-param (dummy) [default], iteration 46 started ======
GC before operation: completed in 30.632 ms, heap usage 5.732 MB -> 4.732 MB.
thread_count: 4
meaning_of_life: 42
beyond_reason: PI
reality_check: 3.141593
the_sky_is_blue: true
tough_choice: to be,not to be
====== dummy-param (dummy) [default], iteration 46 completed (1.173 ms) ======
====== dummy-param (dummy) [default], iteration 47 started ======
GC before operation: completed in 36.326 ms, heap usage 5.732 MB -> 4.733 MB.
thread_count: 4
meaning_of_life: 42
beyond_reason: PI
reality_check: 3.141593
the_sky_is_blue: true
tough_choice: to be,not to be
====== dummy-param (dummy) [default], iteration 47 completed (1.091 ms) ======
====== dummy-param (dummy) [default], iteration 48 started ======
GC before operation: completed in 30.644 ms, heap usage 5.733 MB -> 4.733 MB.
thread_count: 4
meaning_of_life: 42
beyond_reason: PI
reality_check: 3.141593
the_sky_is_blue: true
tough_choice: to be,not to be
====== dummy-param (dummy) [default], iteration 48 completed (1.103 ms) ======
====== dummy-param (dummy) [default], iteration 49 started ======
GC before operation: completed in 33.572 ms, heap usage 5.733 MB -> 4.733 MB.
thread_count: 4
meaning_of_life: 42
beyond_reason: PI
reality_check: 3.141593
the_sky_is_blue: true
tough_choice: to be,not to be
====== dummy-param (dummy) [default], iteration 49 completed (1.124 ms) ======
====== dummy-param (dummy) [default], iteration 50 started ======
GC before operation: completed in 30.558 ms, heap usage 5.733 MB -> 4.733 MB.
thread_count: 4
meaning_of_life: 42
beyond_reason: PI
reality_check: 3.141593
the_sky_is_blue: true
tough_choice: to be,not to be
====== dummy-param (dummy) [default], iteration 50 completed (1.144 ms) ======
====== dummy-param (dummy) [default], iteration 51 started ======
GC before operation: completed in 34.558 ms, heap usage 5.733 MB -> 4.733 MB.
thread_count: 4
meaning_of_life: 42
beyond_reason: PI
reality_check: 3.141593
the_sky_is_blue: true
tough_choice: to be,not to be
====== dummy-param (dummy) [default], iteration 51 completed (1.034 ms) ======
====== dummy-param (dummy) [default], iteration 52 started ======
GC before operation: completed in 33.381 ms, heap usage 5.733 MB -> 4.733 MB.
thread_count: 4
meaning_of_life: 42
beyond_reason: PI
reality_check: 3.141593
the_sky_is_blue: true
tough_choice: to be,not to be
====== dummy-param (dummy) [default], iteration 52 completed (1.299 ms) ======
====== dummy-param (dummy) [default], iteration 53 started ======
GC before operation: completed in 36.627 ms, heap usage 5.733 MB -> 4.733 MB.
thread_count: 4
meaning_of_life: 42
beyond_reason: PI
reality_check: 3.141593
the_sky_is_blue: true
tough_choice: to be,not to be
====== dummy-param (dummy) [default], iteration 53 completed (1.153 ms) ======
====== dummy-param (dummy) [default], iteration 54 started ======
GC before operation: completed in 36.584 ms, heap usage 5.733 MB -> 4.733 MB.
thread_count: 4
meaning_of_life: 42
beyond_reason: PI
reality_check: 3.141593
the_sky_is_blue: true
tough_choice: to be,not to be
====== dummy-param (dummy) [default], iteration 54 completed (1.171 ms) ======
====== dummy-param (dummy) [default], iteration 55 started ======
GC before operation: completed in 34.120 ms, heap usage 5.733 MB -> 4.733 MB.
thread_count: 4
meaning_of_life: 42
beyond_reason: PI
reality_check: 3.141593
the_sky_is_blue: true
tough_choice: to be,not to be
====== dummy-param (dummy) [default], iteration 55 completed (1.093 ms) ======
====== dummy-param (dummy) [default], iteration 56 started ======
GC before operation: completed in 37.084 ms, heap usage 5.733 MB -> 4.733 MB.
thread_count: 4
meaning_of_life: 42
beyond_reason: PI
reality_check: 3.141593
the_sky_is_blue: true
tough_choice: to be,not to be
====== dummy-param (dummy) [default], iteration 56 completed (1.121 ms) ======
====== dummy-param (dummy) [default], iteration 57 started ======
GC before operation: completed in 37.507 ms, heap usage 5.733 MB -> 4.733 MB.
thread_count: 4
meaning_of_life: 42
beyond_reason: PI
reality_check: 3.141593
the_sky_is_blue: true
tough_choice: to be,not to be
====== dummy-param (dummy) [default], iteration 57 completed (1.131 ms) ======
====== dummy-param (dummy) [default], iteration 58 started ======
GC before operation: completed in 32.428 ms, heap usage 5.733 MB -> 4.733 MB.
thread_count: 4
meaning_of_life: 42
beyond_reason: PI
reality_check: 3.141593
the_sky_is_blue: true
tough_choice: to be,not to be
====== dummy-param (dummy) [default], iteration 58 completed (1.205 ms) ======
====== dummy-param (dummy) [default], iteration 59 started ======
GC before operation: completed in 34.322 ms, heap usage 5.733 MB -> 4.733 MB.
thread_count: 4
meaning_of_life: 42
beyond_reason: PI
reality_check: 3.141593
the_sky_is_blue: true
tough_choice: to be,not to be
====== dummy-param (dummy) [default], iteration 59 completed (1.111 ms) ======
====== dummy-param (dummy) [default], iteration 60 started ======
GC before operation: completed in 35.709 ms, heap usage 5.733 MB -> 4.733 MB.
thread_count: 4
meaning_of_life: 42
beyond_reason: PI
reality_check: 3.141593
the_sky_is_blue: true
tough_choice: to be,not to be
====== dummy-param (dummy) [default], iteration 60 completed (1.081 ms) ======
====== dummy-param (dummy) [default], iteration 61 started ======
GC before operation: completed in 32.126 ms, heap usage 5.733 MB -> 4.733 MB.
thread_count: 4
meaning_of_life: 42
beyond_reason: PI
reality_check: 3.141593
the_sky_is_blue: true
tough_choice: to be,not to be
====== dummy-param (dummy) [default], iteration 61 completed (1.062 ms) ======
====== dummy-param (dummy) [default], iteration 62 started ======
GC before operation: completed in 29.709 ms, heap usage 5.733 MB -> 4.733 MB.
thread_count: 4
meaning_of_life: 42
beyond_reason: PI
reality_check: 3.141593
the_sky_is_blue: true
tough_choice: to be,not to be
====== dummy-param (dummy) [default], iteration 62 completed (1.077 ms) ======
====== dummy-param (dummy) [default], iteration 63 started ======
GC before operation: completed in 34.087 ms, heap usage 5.733 MB -> 4.733 MB.
thread_count: 4
meaning_of_life: 42
beyond_reason: PI
reality_check: 3.141593
the_sky_is_blue: true
tough_choice: to be,not to be
====== dummy-param (dummy) [default], iteration 63 completed (1.192 ms) ======
====== dummy-param (dummy) [default], iteration 64 started ======
GC before operation: completed in 29.455 ms, heap usage 6.733 MB -> 4.733 MB.
thread_count: 4
meaning_of_life: 42
beyond_reason: PI
reality_check: 3.141593
the_sky_is_blue: true
tough_choice: to be,not to be
====== dummy-param (dummy) [default], iteration 64 completed (1.077 ms) ======
====== dummy-param (dummy) [default], iteration 65 started ======
GC before operation: completed in 30.349 ms, heap usage 5.733 MB -> 4.734 MB.
thread_count: 4
meaning_of_life: 42
beyond_reason: PI
reality_check: 3.141593
the_sky_is_blue: true
tough_choice: to be,not to be
====== dummy-param (dummy) [default], iteration 65 completed (1.166 ms) ======
====== dummy-param (dummy) [default], iteration 66 started ======
GC before operation: completed in 29.948 ms, heap usage 5.734 MB -> 4.734 MB.
thread_count: 4
meaning_of_life: 42
beyond_reason: PI
reality_check: 3.141593
the_sky_is_blue: true
tough_choice: to be,not to be
====== dummy-param (dummy) [default], iteration 66 completed (1.020 ms) ======
====== dummy-param (dummy) [default], iteration 67 started ======
GC before operation: completed in 29.815 ms, heap usage 5.734 MB -> 4.734 MB.
thread_count: 4
meaning_of_life: 42
beyond_reason: PI
reality_check: 3.141593
the_sky_is_blue: true
tough_choice: to be,not to be
====== dummy-param (dummy) [default], iteration 67 completed (1.100 ms) ======
====== dummy-param (dummy) [default], iteration 68 started ======
GC before operation: completed in 30.040 ms, heap usage 6.734 MB -> 4.735 MB.
thread_count: 4
meaning_of_life: 42
beyond_reason: PI
reality_check: 3.141593
the_sky_is_blue: true
tough_choice: to be,not to be
====== dummy-param (dummy) [default], iteration 68 completed (1.102 ms) ======
====== dummy-param (dummy) [default], iteration 69 started ======
GC before operation: completed in 30.135 ms, heap usage 5.735 MB -> 4.735 MB.
thread_count: 4
meaning_of_life: 42
beyond_reason: PI
reality_check: 3.141593
the_sky_is_blue: true
tough_choice: to be,not to be
====== dummy-param (dummy) [default], iteration 69 completed (1.128 ms) ======
====== dummy-param (dummy) [default], iteration 70 started ======
GC before operation: completed in 29.981 ms, heap usage 5.735 MB -> 4.734 MB.
thread_count: 4
meaning_of_life: 42
beyond_reason: PI
reality_check: 3.141593
the_sky_is_blue: true
tough_choice: to be,not to be
====== dummy-param (dummy) [default], iteration 70 completed (1.086 ms) ======
====== dummy-param (dummy) [default], iteration 71 started ======
GC before operation: completed in 30.181 ms, heap usage 5.734 MB -> 4.735 MB.
thread_count: 4
meaning_of_life: 42
beyond_reason: PI
reality_check: 3.141593
the_sky_is_blue: true
tough_choice: to be,not to be
====== dummy-param (dummy) [default], iteration 71 completed (1.033 ms) ======
====== dummy-param (dummy) [default], iteration 72 started ======
GC before operation: completed in 30.245 ms, heap usage 5.735 MB -> 4.734 MB.
thread_count: 4
meaning_of_life: 42
beyond_reason: PI
reality_check: 3.141593
the_sky_is_blue: true
tough_choice: to be,not to be
====== dummy-param (dummy) [default], iteration 72 completed (1.043 ms) ======
====== dummy-param (dummy) [default], iteration 73 started ======
GC before operation: completed in 31.657 ms, heap usage 5.734 MB -> 4.734 MB.
thread_count: 4
meaning_of_life: 42
beyond_reason: PI
reality_check: 3.141593
the_sky_is_blue: true
tough_choice: to be,not to be
====== dummy-param (dummy) [default], iteration 73 completed (1.053 ms) ======
====== dummy-param (dummy) [default], iteration 74 started ======
GC before operation: completed in 31.996 ms, heap usage 5.734 MB -> 4.734 MB.
thread_count: 4
meaning_of_life: 42
beyond_reason: PI
reality_check: 3.141593
the_sky_is_blue: true
tough_choice: to be,not to be
====== dummy-param (dummy) [default], iteration 74 completed (1.043 ms) ======
====== dummy-param (dummy) [default], iteration 75 started ======
GC before operation: completed in 33.587 ms, heap usage 5.734 MB -> 4.734 MB.
thread_count: 4
meaning_of_life: 42
beyond_reason: PI
reality_check: 3.141593
the_sky_is_blue: true
tough_choice: to be,not to be
====== dummy-param (dummy) [default], iteration 75 completed (1.009 ms) ======
====== dummy-param (dummy) [default], iteration 76 started ======
GC before operation: completed in 31.961 ms, heap usage 5.734 MB -> 4.735 MB.
thread_count: 4
meaning_of_life: 42
beyond_reason: PI
reality_check: 3.141593
the_sky_is_blue: true
tough_choice: to be,not to be
====== dummy-param (dummy) [default], iteration 76 completed (1.033 ms) ======
====== dummy-param (dummy) [default], iteration 77 started ======
GC before operation: completed in 31.880 ms, heap usage 5.735 MB -> 4.735 MB.
thread_count: 4
meaning_of_life: 42
beyond_reason: PI
reality_check: 3.141593
the_sky_is_blue: true
tough_choice: to be,not to be
====== dummy-param (dummy) [default], iteration 77 completed (1.011 ms) ======
====== dummy-param (dummy) [default], iteration 78 started ======
GC before operation: completed in 29.062 ms, heap usage 5.735 MB -> 4.735 MB.
thread_count: 4
meaning_of_life: 42
beyond_reason: PI
reality_check: 3.141593
the_sky_is_blue: true
tough_choice: to be,not to be
====== dummy-param (dummy) [default], iteration 78 completed (1.007 ms) ======
====== dummy-param (dummy) [default], iteration 79 started ======
GC before operation: completed in 29.879 ms, heap usage 5.735 MB -> 4.735 MB.
thread_count: 4
meaning_of_life: 42
beyond_reason: PI
reality_check: 3.141593
the_sky_is_blue: true
tough_choice: to be,not to be
====== dummy-param (dummy) [default], iteration 79 completed (1.010 ms) ======
====== dummy-param (dummy) [default], iteration 80 started ======
GC before operation: completed in 33.083 ms, heap usage 5.735 MB -> 4.735 MB.
thread_count: 4
meaning_of_life: 42
beyond_reason: PI
reality_check: 3.141593
the_sky_is_blue: true
tough_choice: to be,not to be
====== dummy-param (dummy) [default], iteration 80 completed (1.012 ms) ======
====== dummy-param (dummy) [default], iteration 81 started ======
GC before operation: completed in 36.080 ms, heap usage 5.735 MB -> 4.735 MB.
thread_count: 4
meaning_of_life: 42
beyond_reason: PI
reality_check: 3.141593
the_sky_is_blue: true
tough_choice: to be,not to be
====== dummy-param (dummy) [default], iteration 81 completed (1.019 ms) ======
====== dummy-param (dummy) [default], iteration 82 started ======
GC before operation: completed in 38.145 ms, heap usage 5.735 MB -> 4.735 MB.
thread_count: 4
meaning_of_life: 42
beyond_reason: PI
reality_check: 3.141593
the_sky_is_blue: true
tough_choice: to be,not to be
====== dummy-param (dummy) [default], iteration 82 completed (1.007 ms) ======
====== dummy-param (dummy) [default], iteration 83 started ======
GC before operation: completed in 34.149 ms, heap usage 5.735 MB -> 4.735 MB.
thread_count: 4
meaning_of_life: 42
beyond_reason: PI
reality_check: 3.141593
the_sky_is_blue: true
tough_choice: to be,not to be
====== dummy-param (dummy) [default], iteration 83 completed (1.036 ms) ======
====== dummy-param (dummy) [default], iteration 84 started ======
GC before operation: completed in 31.139 ms, heap usage 5.735 MB -> 4.735 MB.
thread_count: 4
meaning_of_life: 42
beyond_reason: PI
reality_check: 3.141593
the_sky_is_blue: true
tough_choice: to be,not to be
====== dummy-param (dummy) [default], iteration 84 completed (1.026 ms) ======
====== dummy-param (dummy) [default], iteration 85 started ======
GC before operation: completed in 32.596 ms, heap usage 5.735 MB -> 4.735 MB.
thread_count: 4
meaning_of_life: 42
beyond_reason: PI
reality_check: 3.141593
the_sky_is_blue: true
tough_choice: to be,not to be
====== dummy-param (dummy) [default], iteration 85 completed (1.055 ms) ======
====== dummy-param (dummy) [default], iteration 86 started ======
GC before operation: completed in 30.449 ms, heap usage 5.735 MB -> 4.735 MB.
thread_count: 4
meaning_of_life: 42
beyond_reason: PI
reality_check: 3.141593
the_sky_is_blue: true
tough_choice: to be,not to be
====== dummy-param (dummy) [default], iteration 86 completed (1.024 ms) ======
====== dummy-param (dummy) [default], iteration 87 started ======
GC before operation: completed in 30.706 ms, heap usage 5.735 MB -> 4.735 MB.
thread_count: 4
meaning_of_life: 42
beyond_reason: PI
reality_check: 3.141593
the_sky_is_blue: true
tough_choice: to be,not to be
====== dummy-param (dummy) [default], iteration 87 completed (0.949 ms) ======
====== dummy-param (dummy) [default], iteration 88 started ======
GC before operation: completed in 30.192 ms, heap usage 5.735 MB -> 4.735 MB.
thread_count: 4
meaning_of_life: 42
beyond_reason: PI
reality_check: 3.141593
the_sky_is_blue: true
tough_choice: to be,not to be
====== dummy-param (dummy) [default], iteration 88 completed (0.950 ms) ======
====== dummy-param (dummy) [default], iteration 89 started ======
GC before operation: completed in 31.753 ms, heap usage 5.735 MB -> 4.735 MB.
thread_count: 4
meaning_of_life: 42
beyond_reason: PI
reality_check: 3.141593
the_sky_is_blue: true
tough_choice: to be,not to be
====== dummy-param (dummy) [default], iteration 89 completed (0.962 ms) ======
====== dummy-param (dummy) [default], iteration 90 started ======
GC before operation: completed in 30.428 ms, heap usage 5.735 MB -> 4.736 MB.
thread_count: 4
meaning_of_life: 42
beyond_reason: PI
reality_check: 3.141593
the_sky_is_blue: true
tough_choice: to be,not to be
====== dummy-param (dummy) [default], iteration 90 completed (0.976 ms) ======
====== dummy-param (dummy) [default], iteration 91 started ======
GC before operation: completed in 32.122 ms, heap usage 5.736 MB -> 4.736 MB.
thread_count: 4
meaning_of_life: 42
beyond_reason: PI
reality_check: 3.141593
the_sky_is_blue: true
tough_choice: to be,not to be
====== dummy-param (dummy) [default], iteration 91 completed (1.055 ms) ======
====== dummy-param (dummy) [default], iteration 92 started ======
GC before operation: completed in 31.124 ms, heap usage 5.736 MB -> 4.735 MB.
thread_count: 4
meaning_of_life: 42
beyond_reason: PI
reality_check: 3.141593
the_sky_is_blue: true
tough_choice: to be,not to be
====== dummy-param (dummy) [default], iteration 92 completed (0.986 ms) ======
====== dummy-param (dummy) [default], iteration 93 started ======
GC before operation: completed in 30.148 ms, heap usage 5.735 MB -> 4.735 MB.
thread_count: 4
meaning_of_life: 42
beyond_reason: PI
reality_check: 3.141593
the_sky_is_blue: true
tough_choice: to be,not to be
====== dummy-param (dummy) [default], iteration 93 completed (0.921 ms) ======
====== dummy-param (dummy) [default], iteration 94 started ======
GC before operation: completed in 31.126 ms, heap usage 5.735 MB -> 4.735 MB.
thread_count: 4
meaning_of_life: 42
beyond_reason: PI
reality_check: 3.141593
the_sky_is_blue: true
tough_choice: to be,not to be
====== dummy-param (dummy) [default], iteration 94 completed (0.945 ms) ======
====== dummy-param (dummy) [default], iteration 95 started ======
GC before operation: completed in 30.887 ms, heap usage 5.735 MB -> 4.735 MB.
thread_count: 4
meaning_of_life: 42
beyond_reason: PI
reality_check: 3.141593
the_sky_is_blue: true
tough_choice: to be,not to be
====== dummy-param (dummy) [default], iteration 95 completed (0.957 ms) ======
====== dummy-param (dummy) [default], iteration 96 started ======
GC before operation: completed in 31.063 ms, heap usage 5.735 MB -> 4.736 MB.
thread_count: 4
meaning_of_life: 42
beyond_reason: PI
reality_check: 3.141593
the_sky_is_blue: true
tough_choice: to be,not to be
====== dummy-param (dummy) [default], iteration 96 completed (0.991 ms) ======
====== dummy-param (dummy) [default], iteration 97 started ======
GC before operation: completed in 31.618 ms, heap usage 5.736 MB -> 4.735 MB.
thread_count: 4
meaning_of_life: 42
beyond_reason: PI
reality_check: 3.141593
the_sky_is_blue: true
tough_choice: to be,not to be
====== dummy-param (dummy) [default], iteration 97 completed (0.982 ms) ======
====== dummy-param (dummy) [default], iteration 98 started ======
GC before operation: completed in 31.105 ms, heap usage 5.735 MB -> 4.736 MB.
thread_count: 4
meaning_of_life: 42
beyond_reason: PI
reality_check: 3.141593
the_sky_is_blue: true
tough_choice: to be,not to be
====== dummy-param (dummy) [default], iteration 98 completed (0.928 ms) ======
====== dummy-param (dummy) [default], iteration 99 started ======
GC before operation: completed in 29.810 ms, heap usage 5.736 MB -> 4.736 MB.
thread_count: 4
meaning_of_life: 42
beyond_reason: PI
reality_check: 3.141593
the_sky_is_blue: true
tough_choice: to be,not to be
====== dummy-param (dummy) [default], iteration 99 completed (0.972 ms) ======
The following benchmarks failed: dummy-setup-failing, dummy-teardown-failing, dummy-validation-failing, dummy-failing
