finagle-http on :34507 spawning 4 client and default number of server workers.
====== finagle-http (web) [default], iteration 0 started ======
GC before operation: completed in 755.448 ms, heap usage 402.000 MB -> 314.000 MB.
====== finagle-http (web) [default], iteration 0 completed (86095.718 ms) ======
====== finagle-http (web) [default], iteration 1 started ======
GC before operation: completed in 675.117 ms, heap usage 512.000 MB -> 338.000 MB.
====== finagle-http (web) [default], iteration 1 completed (62971.452 ms) ======
====== finagle-http (web) [default], iteration 2 started ======
GC before operation: completed in 656.682 ms, heap usage 1.277 GB -> 346.000 MB.
====== finagle-http (web) [default], iteration 2 completed (47607.432 ms) ======
====== finagle-http (web) [default], iteration 3 started ======
GC before operation: completed in 626.428 ms, heap usage 900.000 MB -> 344.000 MB.
====== finagle-http (web) [default], iteration 3 completed (41116.449 ms) ======
====== finagle-http (web) [default], iteration 4 started ======
GC before operation: completed in 619.787 ms, heap usage 428.000 MB -> 346.000 MB.
====== finagle-http (web) [default], iteration 4 completed (35771.075 ms) ======
====== finagle-http (web) [default], iteration 5 started ======
GC before operation: completed in 650.654 ms, heap usage 2.730 GB -> 352.000 MB.
====== finagle-http (web) [default], iteration 5 completed (33396.065 ms) ======
====== finagle-http (web) [default], iteration 6 started ======
GC before operation: completed in 634.795 ms, heap usage 2.736 GB -> 352.000 MB.
====== finagle-http (web) [default], iteration 6 completed (32719.684 ms) ======
====== finagle-http (web) [default], iteration 7 started ======
GC before operation: completed in 610.668 ms, heap usage 2.729 GB -> 350.000 MB.
====== finagle-http (web) [default], iteration 7 completed (31256.904 ms) ======
====== finagle-http (web) [default], iteration 8 started ======
GC before operation: completed in 671.631 ms, heap usage 2.705 GB -> 340.000 MB.
====== finagle-http (web) [default], iteration 8 completed (28311.223 ms) ======
====== finagle-http (web) [default], iteration 9 started ======
GC before operation: completed in 681.830 ms, heap usage 2.684 GB -> 342.000 MB.
====== finagle-http (web) [default], iteration 9 completed (25968.104 ms) ======
====== finagle-http (web) [default], iteration 10 started ======
GC before operation: completed in 635.625 ms, heap usage 2.672 GB -> 344.000 MB.
====== finagle-http (web) [default], iteration 10 completed (25386.849 ms) ======
====== finagle-http (web) [default], iteration 11 started ======
GC before operation: completed in 616.560 ms, heap usage 2.652 GB -> 346.000 MB.
====== finagle-http (web) [default], iteration 11 completed (24342.761 ms) ======
====== finagle-http (web) [default], iteration 12 started ======
GC before operation: completed in 622.512 ms, heap usage 2.645 GB -> 340.000 MB.
====== finagle-http (web) [default], iteration 12 completed (23860.188 ms) ======
====== finagle-http (web) [default], iteration 13 started ======
GC before operation: completed in 635.495 ms, heap usage 2.631 GB -> 340.000 MB.
====== finagle-http (web) [default], iteration 13 completed (22799.834 ms) ======
====== finagle-http (web) [default], iteration 14 started ======
GC before operation: completed in 598.329 ms, heap usage 2.609 GB -> 340.000 MB.
====== finagle-http (web) [default], iteration 14 completed (21168.061 ms) ======
====== finagle-http (web) [default], iteration 15 started ======
GC before operation: completed in 591.156 ms, heap usage 2.596 GB -> 346.000 MB.
====== finagle-http (web) [default], iteration 15 completed (21688.452 ms) ======
====== finagle-http (web) [default], iteration 16 started ======
GC before operation: completed in 593.588 ms, heap usage 2.594 GB -> 344.000 MB.
====== finagle-http (web) [default], iteration 16 completed (20388.175 ms) ======
====== finagle-http (web) [default], iteration 17 started ======
GC before operation: completed in 611.420 ms, heap usage 2.584 GB -> 342.000 MB.
====== finagle-http (web) [default], iteration 17 completed (19387.585 ms) ======
====== finagle-http (web) [default], iteration 18 started ======
GC before operation: completed in 605.015 ms, heap usage 2.570 GB -> 352.000 MB.
====== finagle-http (web) [default], iteration 18 completed (18778.228 ms) ======
====== finagle-http (web) [default], iteration 19 started ======
GC before operation: completed in 595.200 ms, heap usage 2.564 GB -> 340.000 MB.
====== finagle-http (web) [default], iteration 19 completed (18512.593 ms) ======
====== finagle-http (web) [default], iteration 20 started ======
GC before operation: completed in 643.329 ms, heap usage 2.545 GB -> 346.000 MB.
====== finagle-http (web) [default], iteration 20 completed (16798.571 ms) ======
====== finagle-http (web) [default], iteration 21 started ======
GC before operation: completed in 587.842 ms, heap usage 2.533 GB -> 348.000 MB.
====== finagle-http (web) [default], iteration 21 completed (16763.070 ms) ======
====== finagle-http (web) [default], iteration 22 started ======
GC before operation: completed in 580.789 ms, heap usage 2.535 GB -> 352.000 MB.
====== finagle-http (web) [default], iteration 22 completed (16952.269 ms) ======
====== finagle-http (web) [default], iteration 23 started ======
GC before operation: completed in 618.674 ms, heap usage 2.537 GB -> 344.000 MB.
====== finagle-http (web) [default], iteration 23 completed (15726.564 ms) ======
====== finagle-http (web) [default], iteration 24 started ======
GC before operation: completed in 586.393 ms, heap usage 2.533 GB -> 342.000 MB.
====== finagle-http (web) [default], iteration 24 completed (15747.786 ms) ======
====== finagle-http (web) [default], iteration 25 started ======
GC before operation: completed in 605.030 ms, heap usage 2.518 GB -> 348.000 MB.
====== finagle-http (web) [default], iteration 25 completed (14595.705 ms) ======
====== finagle-http (web) [default], iteration 26 started ======
GC before operation: completed in 625.188 ms, heap usage 2.525 GB -> 358.000 MB.
====== finagle-http (web) [default], iteration 26 completed (14173.716 ms) ======
====== finagle-http (web) [default], iteration 27 started ======
GC before operation: completed in 585.583 ms, heap usage 2.520 GB -> 352.000 MB.
====== finagle-http (web) [default], iteration 27 completed (14164.276 ms) ======
====== finagle-http (web) [default], iteration 28 started ======
GC before operation: completed in 617.125 ms, heap usage 2.527 GB -> 348.000 MB.
====== finagle-http (web) [default], iteration 28 completed (14690.709 ms) ======
====== finagle-http (web) [default], iteration 29 started ======
GC before operation: completed in 596.350 ms, heap usage 2.525 GB -> 354.000 MB.
====== finagle-http (web) [default], iteration 29 completed (13756.965 ms) ======
====== finagle-http (web) [default], iteration 30 started ======
GC before operation: completed in 610.114 ms, heap usage 2.521 GB -> 350.000 MB.
====== finagle-http (web) [default], iteration 30 completed (14045.561 ms) ======
====== finagle-http (web) [default], iteration 31 started ======
GC before operation: completed in 511.180 ms, heap usage 2.529 GB -> 348.000 MB.
====== finagle-http (web) [default], iteration 31 completed (13793.937 ms) ======
====== finagle-http (web) [default], iteration 32 started ======
GC before operation: completed in 624.130 ms, heap usage 2.527 GB -> 350.000 MB.
====== finagle-http (web) [default], iteration 32 completed (12382.477 ms) ======
====== finagle-http (web) [default], iteration 33 started ======
GC before operation: completed in 635.027 ms, heap usage 2.527 GB -> 334.000 MB.
====== finagle-http (web) [default], iteration 33 completed (13009.360 ms) ======
====== finagle-http (web) [default], iteration 34 started ======
GC before operation: completed in 626.384 ms, heap usage 2.521 GB -> 334.000 MB.
====== finagle-http (web) [default], iteration 34 completed (11399.270 ms) ======
====== finagle-http (web) [default], iteration 35 started ======
GC before operation: completed in 640.472 ms, heap usage 2.520 GB -> 342.000 MB.
====== finagle-http (web) [default], iteration 35 completed (11392.419 ms) ======
====== finagle-http (web) [default], iteration 36 started ======
GC before operation: completed in 590.686 ms, heap usage 2.525 GB -> 344.000 MB.
====== finagle-http (web) [default], iteration 36 completed (11518.277 ms) ======
====== finagle-http (web) [default], iteration 37 started ======
GC before operation: completed in 607.080 ms, heap usage 2.527 GB -> 344.000 MB.
====== finagle-http (web) [default], iteration 37 completed (11849.053 ms) ======
====== finagle-http (web) [default], iteration 38 started ======
GC before operation: completed in 482.753 ms, heap usage 2.529 GB -> 338.000 MB.
====== finagle-http (web) [default], iteration 38 completed (12401.351 ms) ======
====== finagle-http (web) [default], iteration 39 started ======
GC before operation: completed in 606.126 ms, heap usage 2.518 GB -> 350.000 MB.
====== finagle-http (web) [default], iteration 39 completed (12766.966 ms) ======
====== finagle-http (web) [default], iteration 40 started ======
GC before operation: completed in 462.829 ms, heap usage 2.525 GB -> 336.000 MB.
====== finagle-http (web) [default], iteration 40 completed (11553.141 ms) ======
====== finagle-http (web) [default], iteration 41 started ======
GC before operation: completed in 500.250 ms, heap usage 2.529 GB -> 336.000 MB.
====== finagle-http (web) [default], iteration 41 completed (11565.520 ms) ======
====== finagle-http (web) [default], iteration 42 started ======
GC before operation: completed in 630.737 ms, heap usage 2.533 GB -> 332.000 MB.
====== finagle-http (web) [default], iteration 42 completed (12391.917 ms) ======
====== finagle-http (web) [default], iteration 43 started ======
GC before operation: completed in 577.012 ms, heap usage 2.521 GB -> 336.000 MB.
====== finagle-http (web) [default], iteration 43 completed (12743.153 ms) ======
====== finagle-http (web) [default], iteration 44 started ======
GC before operation: completed in 565.288 ms, heap usage 2.529 GB -> 350.000 MB.
====== finagle-http (web) [default], iteration 44 completed (13410.641 ms) ======
====== finagle-http (web) [default], iteration 45 started ======
GC before operation: completed in 496.933 ms, heap usage 2.529 GB -> 346.000 MB.
====== finagle-http (web) [default], iteration 45 completed (11427.285 ms) ======
====== finagle-http (web) [default], iteration 46 started ======
GC before operation: completed in 460.992 ms, heap usage 2.523 GB -> 344.000 MB.
====== finagle-http (web) [default], iteration 46 completed (11494.105 ms) ======
====== finagle-http (web) [default], iteration 47 started ======
GC before operation: completed in 458.371 ms, heap usage 2.537 GB -> 342.000 MB.
====== finagle-http (web) [default], iteration 47 completed (11398.772 ms) ======
====== finagle-http (web) [default], iteration 48 started ======
GC before operation: completed in 460.879 ms, heap usage 2.533 GB -> 346.000 MB.
====== finagle-http (web) [default], iteration 48 completed (11437.045 ms) ======
====== finagle-http (web) [default], iteration 49 started ======
GC before operation: completed in 570.118 ms, heap usage 2.525 GB -> 334.000 MB.
====== finagle-http (web) [default], iteration 49 completed (11442.433 ms) ======
====== finagle-http (web) [default], iteration 50 started ======
GC before operation: completed in 456.847 ms, heap usage 2.523 GB -> 336.000 MB.
====== finagle-http (web) [default], iteration 50 completed (11612.779 ms) ======
====== finagle-http (web) [default], iteration 51 started ======
GC before operation: completed in 485.532 ms, heap usage 2.523 GB -> 336.000 MB.
====== finagle-http (web) [default], iteration 51 completed (11672.506 ms) ======
====== finagle-http (web) [default], iteration 52 started ======
GC before operation: completed in 457.811 ms, heap usage 2.531 GB -> 342.000 MB.
====== finagle-http (web) [default], iteration 52 completed (11399.167 ms) ======
====== finagle-http (web) [default], iteration 53 started ======
GC before operation: completed in 539.109 ms, heap usage 2.529 GB -> 336.000 MB.
====== finagle-http (web) [default], iteration 53 completed (11568.312 ms) ======
====== finagle-http (web) [default], iteration 54 started ======
GC before operation: completed in 454.232 ms, heap usage 2.527 GB -> 336.000 MB.
====== finagle-http (web) [default], iteration 54 completed (11589.425 ms) ======
====== finagle-http (web) [default], iteration 55 started ======
GC before operation: completed in 458.881 ms, heap usage 2.531 GB -> 334.000 MB.
====== finagle-http (web) [default], iteration 55 completed (11551.189 ms) ======
====== finagle-http (web) [default], iteration 56 started ======
GC before operation: completed in 471.165 ms, heap usage 2.525 GB -> 336.000 MB.
====== finagle-http (web) [default], iteration 56 completed (11469.478 ms) ======
====== finagle-http (web) [default], iteration 57 started ======
GC before operation: completed in 462.205 ms, heap usage 2.525 GB -> 336.000 MB.
====== finagle-http (web) [default], iteration 57 completed (11428.741 ms) ======
====== finagle-http (web) [default], iteration 58 started ======
GC before operation: completed in 548.036 ms, heap usage 2.523 GB -> 338.000 MB.
====== finagle-http (web) [default], iteration 58 completed (11478.460 ms) ======
====== finagle-http (web) [default], iteration 59 started ======
GC before operation: completed in 466.776 ms, heap usage 2.525 GB -> 338.000 MB.
====== finagle-http (web) [default], iteration 59 completed (11596.675 ms) ======
====== finagle-http (web) [default], iteration 60 started ======
GC before operation: completed in 463.090 ms, heap usage 2.527 GB -> 344.000 MB.
====== finagle-http (web) [default], iteration 60 completed (11262.389 ms) ======
====== finagle-http (web) [default], iteration 61 started ======
GC before operation: completed in 469.650 ms, heap usage 2.529 GB -> 340.000 MB.
====== finagle-http (web) [default], iteration 61 completed (11421.893 ms) ======
====== finagle-http (web) [default], iteration 62 started ======
GC before operation: completed in 573.454 ms, heap usage 2.535 GB -> 348.000 MB.
====== finagle-http (web) [default], iteration 62 completed (11372.535 ms) ======
====== finagle-http (web) [default], iteration 63 started ======
GC before operation: completed in 575.639 ms, heap usage 2.533 GB -> 348.000 MB.
====== finagle-http (web) [default], iteration 63 completed (12104.847 ms) ======
====== finagle-http (web) [default], iteration 64 started ======
GC before operation: completed in 479.347 ms, heap usage 2.525 GB -> 354.000 MB.
====== finagle-http (web) [default], iteration 64 completed (11534.255 ms) ======
====== finagle-http (web) [default], iteration 65 started ======
GC before operation: completed in 455.124 ms, heap usage 2.531 GB -> 338.000 MB.
====== finagle-http (web) [default], iteration 65 completed (11658.857 ms) ======
====== finagle-http (web) [default], iteration 66 started ======
GC before operation: completed in 584.719 ms, heap usage 2.533 GB -> 342.000 MB.
====== finagle-http (web) [default], iteration 66 completed (11418.199 ms) ======
====== finagle-http (web) [default], iteration 67 started ======
GC before operation: completed in 509.169 ms, heap usage 2.525 GB -> 336.000 MB.
====== finagle-http (web) [default], iteration 67 completed (11382.596 ms) ======
====== finagle-http (web) [default], iteration 68 started ======
GC before operation: completed in 519.496 ms, heap usage 2.518 GB -> 332.000 MB.
====== finagle-http (web) [default], iteration 68 completed (11364.985 ms) ======
====== finagle-http (web) [default], iteration 69 started ======
GC before operation: completed in 472.535 ms, heap usage 2.529 GB -> 336.000 MB.
====== finagle-http (web) [default], iteration 69 completed (11679.227 ms) ======
====== finagle-http (web) [default], iteration 70 started ======
GC before operation: completed in 467.366 ms, heap usage 2.527 GB -> 342.000 MB.
====== finagle-http (web) [default], iteration 70 completed (11488.286 ms) ======
====== finagle-http (web) [default], iteration 71 started ======
GC before operation: completed in 576.137 ms, heap usage 2.518 GB -> 334.000 MB.
====== finagle-http (web) [default], iteration 71 completed (11549.049 ms) ======
====== finagle-http (web) [default], iteration 72 started ======
GC before operation: completed in 530.896 ms, heap usage 2.527 GB -> 344.000 MB.
====== finagle-http (web) [default], iteration 72 completed (11462.460 ms) ======
====== finagle-http (web) [default], iteration 73 started ======
GC before operation: completed in 567.470 ms, heap usage 2.529 GB -> 336.000 MB.
====== finagle-http (web) [default], iteration 73 completed (11569.358 ms) ======
====== finagle-http (web) [default], iteration 74 started ======
GC before operation: completed in 489.341 ms, heap usage 2.529 GB -> 332.000 MB.
====== finagle-http (web) [default], iteration 74 completed (11523.723 ms) ======
====== finagle-http (web) [default], iteration 75 started ======
GC before operation: completed in 465.565 ms, heap usage 2.523 GB -> 334.000 MB.
====== finagle-http (web) [default], iteration 75 completed (11417.558 ms) ======
====== finagle-http (web) [default], iteration 76 started ======
GC before operation: completed in 487.633 ms, heap usage 2.529 GB -> 350.000 MB.
====== finagle-http (web) [default], iteration 76 completed (11532.545 ms) ======
====== finagle-http (web) [default], iteration 77 started ======
GC before operation: completed in 459.552 ms, heap usage 2.527 GB -> 338.000 MB.
====== finagle-http (web) [default], iteration 77 completed (11579.406 ms) ======
====== finagle-http (web) [default], iteration 78 started ======
GC before operation: completed in 460.950 ms, heap usage 2.531 GB -> 338.000 MB.
====== finagle-http (web) [default], iteration 78 completed (11476.704 ms) ======
====== finagle-http (web) [default], iteration 79 started ======
GC before operation: completed in 511.079 ms, heap usage 2.525 GB -> 348.000 MB.
====== finagle-http (web) [default], iteration 79 completed (11478.683 ms) ======
====== finagle-http (web) [default], iteration 80 started ======
GC before operation: completed in 457.624 ms, heap usage 2.529 GB -> 338.000 MB.
====== finagle-http (web) [default], iteration 80 completed (11556.298 ms) ======
====== finagle-http (web) [default], iteration 81 started ======
GC before operation: completed in 542.531 ms, heap usage 2.523 GB -> 338.000 MB.
====== finagle-http (web) [default], iteration 81 completed (11408.387 ms) ======
====== finagle-http (web) [default], iteration 82 started ======
GC before operation: completed in 464.617 ms, heap usage 2.531 GB -> 348.000 MB.
====== finagle-http (web) [default], iteration 82 completed (11359.974 ms) ======
====== finagle-http (web) [default], iteration 83 started ======
GC before operation: completed in 461.869 ms, heap usage 2.533 GB -> 344.000 MB.
====== finagle-http (web) [default], iteration 83 completed (11270.570 ms) ======
====== finagle-http (web) [default], iteration 84 started ======
GC before operation: completed in 470.779 ms, heap usage 2.533 GB -> 340.000 MB.
====== finagle-http (web) [default], iteration 84 completed (11230.387 ms) ======
====== finagle-http (web) [default], iteration 85 started ======
GC before operation: completed in 458.377 ms, heap usage 2.525 GB -> 336.000 MB.
====== finagle-http (web) [default], iteration 85 completed (11258.324 ms) ======
====== finagle-http (web) [default], iteration 86 started ======
GC before operation: completed in 577.456 ms, heap usage 2.529 GB -> 342.000 MB.
====== finagle-http (web) [default], iteration 86 completed (11385.946 ms) ======
====== finagle-http (web) [default], iteration 87 started ======
GC before operation: completed in 462.142 ms, heap usage 2.527 GB -> 346.000 MB.
====== finagle-http (web) [default], iteration 87 completed (11417.565 ms) ======
====== finagle-http (web) [default], iteration 88 started ======
GC before operation: completed in 460.137 ms, heap usage 2.533 GB -> 344.000 MB.
====== finagle-http (web) [default], iteration 88 completed (11277.046 ms) ======
====== finagle-http (web) [default], iteration 89 started ======
GC before operation: completed in 472.768 ms, heap usage 2.529 GB -> 336.000 MB.
====== finagle-http (web) [default], iteration 89 completed (11238.738 ms) ======
====== finagle-http (web) [default], iteration 90 started ======
GC before operation: completed in 506.850 ms, heap usage 2.525 GB -> 332.000 MB.
====== finagle-http (web) [default], iteration 90 completed (11250.392 ms) ======
====== finagle-http (web) [default], iteration 91 started ======
GC before operation: completed in 489.093 ms, heap usage 2.523 GB -> 344.000 MB.
====== finagle-http (web) [default], iteration 91 completed (11184.832 ms) ======
====== finagle-http (web) [default], iteration 92 started ======
GC before operation: completed in 575.160 ms, heap usage 2.520 GB -> 336.000 MB.
====== finagle-http (web) [default], iteration 92 completed (11440.150 ms) ======
====== finagle-http (web) [default], iteration 93 started ======
GC before operation: completed in 459.720 ms, heap usage 2.523 GB -> 334.000 MB.
====== finagle-http (web) [default], iteration 93 completed (10587.729 ms) ======
====== finagle-http (web) [default], iteration 94 started ======
GC before operation: completed in 504.892 ms, heap usage 2.521 GB -> 340.000 MB.
====== finagle-http (web) [default], iteration 94 completed (10260.996 ms) ======
====== finagle-http (web) [default], iteration 95 started ======
GC before operation: completed in 489.289 ms, heap usage 2.531 GB -> 336.000 MB.
====== finagle-http (web) [default], iteration 95 completed (11236.771 ms) ======
====== finagle-http (web) [default], iteration 96 started ======
GC before operation: completed in 462.396 ms, heap usage 2.531 GB -> 334.000 MB.
====== finagle-http (web) [default], iteration 96 completed (11255.698 ms) ======
====== finagle-http (web) [default], iteration 97 started ======
GC before operation: completed in 481.839 ms, heap usage 2.525 GB -> 334.000 MB.
====== finagle-http (web) [default], iteration 97 completed (11268.918 ms) ======
====== finagle-http (web) [default], iteration 98 started ======
GC before operation: completed in 463.747 ms, heap usage 2.533 GB -> 346.000 MB.
====== finagle-http (web) [default], iteration 98 completed (11149.858 ms) ======
====== finagle-http (web) [default], iteration 99 started ======
GC before operation: completed in 521.975 ms, heap usage 2.531 GB -> 334.000 MB.
====== finagle-http (web) [default], iteration 99 completed (11540.850 ms) ======
Master port: 41135
Cache ports: 38377, 37699, 36269, 43229
====== finagle-chirper (web) [default], iteration 0 started ======
Resetting master, feed map size: 5000
GC before operation: completed in 925.489 ms, heap usage 2.680 GB -> 396.000 MB.
WARNING: This benchmark provides no result that can be validated.
There is no way to check that no silent failure occurred.
====== finagle-chirper (web) [default], iteration 0 completed (84784.134 ms) ======
====== finagle-chirper (web) [default], iteration 1 started ======
Resetting master, feed map size: 5000
GC before operation: completed in 906.819 ms, heap usage 2.869 GB -> 410.000 MB.
WARNING: This benchmark provides no result that can be validated.
There is no way to check that no silent failure occurred.
====== finagle-chirper (web) [default], iteration 1 completed (52079.846 ms) ======
====== finagle-chirper (web) [default], iteration 2 started ======
Resetting master, feed map size: 5000
GC before operation: completed in 946.646 ms, heap usage 2.666 GB -> 414.000 MB.
WARNING: This benchmark provides no result that can be validated.
There is no way to check that no silent failure occurred.
====== finagle-chirper (web) [default], iteration 2 completed (42590.089 ms) ======
====== finagle-chirper (web) [default], iteration 3 started ======
Resetting master, feed map size: 5000
GC before operation: completed in 864.855 ms, heap usage 2.557 GB -> 412.000 MB.
WARNING: This benchmark provides no result that can be validated.
There is no way to check that no silent failure occurred.
====== finagle-chirper (web) [default], iteration 3 completed (34900.942 ms) ======
====== finagle-chirper (web) [default], iteration 4 started ======
Resetting master, feed map size: 5000
GC before operation: completed in 915.719 ms, heap usage 2.469 GB -> 418.000 MB.
WARNING: This benchmark provides no result that can be validated.
There is no way to check that no silent failure occurred.
====== finagle-chirper (web) [default], iteration 4 completed (32703.529 ms) ======
====== finagle-chirper (web) [default], iteration 5 started ======
Resetting master, feed map size: 5000
GC before operation: completed in 909.437 ms, heap usage 2.438 GB -> 414.000 MB.
WARNING: This benchmark provides no result that can be validated.
There is no way to check that no silent failure occurred.
====== finagle-chirper (web) [default], iteration 5 completed (30372.394 ms) ======
====== finagle-chirper (web) [default], iteration 6 started ======
Resetting master, feed map size: 5000
GC before operation: completed in 902.014 ms, heap usage 2.406 GB -> 418.000 MB.
WARNING: This benchmark provides no result that can be validated.
There is no way to check that no silent failure occurred.
====== finagle-chirper (web) [default], iteration 6 completed (26747.210 ms) ======
====== finagle-chirper (web) [default], iteration 7 started ======
Resetting master, feed map size: 5000
GC before operation: completed in 946.848 ms, heap usage 2.369 GB -> 404.000 MB.
WARNING: This benchmark provides no result that can be validated.
There is no way to check that no silent failure occurred.
====== finagle-chirper (web) [default], iteration 7 completed (24613.640 ms) ======
====== finagle-chirper (web) [default], iteration 8 started ======
Resetting master, feed map size: 5000
GC before operation: completed in 904.414 ms, heap usage 2.318 GB -> 420.000 MB.
WARNING: This benchmark provides no result that can be validated.
There is no way to check that no silent failure occurred.
====== finagle-chirper (web) [default], iteration 8 completed (23324.795 ms) ======
====== finagle-chirper (web) [default], iteration 9 started ======
Resetting master, feed map size: 5000
GC before operation: completed in 987.656 ms, heap usage 2.313 GB -> 402.000 MB.
WARNING: This benchmark provides no result that can be validated.
There is no way to check that no silent failure occurred.
====== finagle-chirper (web) [default], iteration 9 completed (21359.655 ms) ======
====== finagle-chirper (web) [default], iteration 10 started ======
Resetting master, feed map size: 5000
GC before operation: completed in 1066.985 ms, heap usage 2.271 GB -> 410.000 MB.
WARNING: This benchmark provides no result that can be validated.
There is no way to check that no silent failure occurred.
====== finagle-chirper (web) [default], iteration 10 completed (20222.202 ms) ======
====== finagle-chirper (web) [default], iteration 11 started ======
Resetting master, feed map size: 5000
GC before operation: completed in 974.124 ms, heap usage 2.256 GB -> 416.000 MB.
WARNING: This benchmark provides no result that can be validated.
There is no way to check that no silent failure occurred.
====== finagle-chirper (web) [default], iteration 11 completed (19437.155 ms) ======
====== finagle-chirper (web) [default], iteration 12 started ======
Resetting master, feed map size: 5000
GC before operation: completed in 900.994 ms, heap usage 2.248 GB -> 416.000 MB.
WARNING: This benchmark provides no result that can be validated.
There is no way to check that no silent failure occurred.
====== finagle-chirper (web) [default], iteration 12 completed (18345.577 ms) ======
====== finagle-chirper (web) [default], iteration 13 started ======
Resetting master, feed map size: 5000
GC before operation: completed in 874.582 ms, heap usage 2.227 GB -> 406.000 MB.
WARNING: This benchmark provides no result that can be validated.
There is no way to check that no silent failure occurred.
====== finagle-chirper (web) [default], iteration 13 completed (16779.811 ms) ======
====== finagle-chirper (web) [default], iteration 14 started ======
Resetting master, feed map size: 5000
GC before operation: completed in 933.645 ms, heap usage 2.172 GB -> 414.000 MB.
WARNING: This benchmark provides no result that can be validated.
There is no way to check that no silent failure occurred.
====== finagle-chirper (web) [default], iteration 14 completed (16294.104 ms) ======
====== finagle-chirper (web) [default], iteration 15 started ======
Resetting master, feed map size: 5000
GC before operation: completed in 997.872 ms, heap usage 2.152 GB -> 408.000 MB.
WARNING: This benchmark provides no result that can be validated.
There is no way to check that no silent failure occurred.
====== finagle-chirper (web) [default], iteration 15 completed (16128.514 ms) ======
====== finagle-chirper (web) [default], iteration 16 started ======
Resetting master, feed map size: 5000
GC before operation: completed in 862.738 ms, heap usage 2.186 GB -> 406.000 MB.
WARNING: This benchmark provides no result that can be validated.
There is no way to check that no silent failure occurred.
====== finagle-chirper (web) [default], iteration 16 completed (15352.636 ms) ======
====== finagle-chirper (web) [default], iteration 17 started ======
Resetting master, feed map size: 5000
GC before operation: completed in 919.398 ms, heap usage 2.145 GB -> 420.000 MB.
WARNING: This benchmark provides no result that can be validated.
There is no way to check that no silent failure occurred.
====== finagle-chirper (web) [default], iteration 17 completed (14872.789 ms) ======
====== finagle-chirper (web) [default], iteration 18 started ======
Resetting master, feed map size: 5000
GC before operation: completed in 898.588 ms, heap usage 2.158 GB -> 422.000 MB.
WARNING: This benchmark provides no result that can be validated.
There is no way to check that no silent failure occurred.
====== finagle-chirper (web) [default], iteration 18 completed (14540.648 ms) ======
====== finagle-chirper (web) [default], iteration 19 started ======
Resetting master, feed map size: 5000
GC before operation: completed in 952.907 ms, heap usage 2.141 GB -> 418.000 MB.
WARNING: This benchmark provides no result that can be validated.
There is no way to check that no silent failure occurred.
====== finagle-chirper (web) [default], iteration 19 completed (14419.163 ms) ======
====== finagle-chirper (web) [default], iteration 20 started ======
Resetting master, feed map size: 5000
GC before operation: completed in 906.618 ms, heap usage 2.127 GB -> 424.000 MB.
WARNING: This benchmark provides no result that can be validated.
There is no way to check that no silent failure occurred.
====== finagle-chirper (web) [default], iteration 20 completed (14132.590 ms) ======
====== finagle-chirper (web) [default], iteration 21 started ======
Resetting master, feed map size: 5000
GC before operation: completed in 896.090 ms, heap usage 2.080 GB -> 410.000 MB.
WARNING: This benchmark provides no result that can be validated.
There is no way to check that no silent failure occurred.
====== finagle-chirper (web) [default], iteration 21 completed (13995.481 ms) ======
====== finagle-chirper (web) [default], iteration 22 started ======
Resetting master, feed map size: 5000
GC before operation: completed in 958.795 ms, heap usage 2.080 GB -> 408.000 MB.
WARNING: This benchmark provides no result that can be validated.
There is no way to check that no silent failure occurred.
====== finagle-chirper (web) [default], iteration 22 completed (14316.668 ms) ======
====== finagle-chirper (web) [default], iteration 23 started ======
Resetting master, feed map size: 5000
GC before operation: completed in 931.088 ms, heap usage 2.104 GB -> 420.000 MB.
WARNING: This benchmark provides no result that can be validated.
There is no way to check that no silent failure occurred.
====== finagle-chirper (web) [default], iteration 23 completed (13576.196 ms) ======
====== finagle-chirper (web) [default], iteration 24 started ======
Resetting master, feed map size: 5000
GC before operation: completed in 930.592 ms, heap usage 2.082 GB -> 410.000 MB.
WARNING: This benchmark provides no result that can be validated.
There is no way to check that no silent failure occurred.
====== finagle-chirper (web) [default], iteration 24 completed (14367.916 ms) ======
====== finagle-chirper (web) [default], iteration 25 started ======
Resetting master, feed map size: 5000
GC before operation: completed in 880.747 ms, heap usage 2.141 GB -> 416.000 MB.
WARNING: This benchmark provides no result that can be validated.
There is no way to check that no silent failure occurred.
====== finagle-chirper (web) [default], iteration 25 completed (15147.601 ms) ======
====== finagle-chirper (web) [default], iteration 26 started ======
Resetting master, feed map size: 5000
GC before operation: completed in 866.475 ms, heap usage 2.135 GB -> 420.000 MB.
WARNING: This benchmark provides no result that can be validated.
There is no way to check that no silent failure occurred.
====== finagle-chirper (web) [default], iteration 26 completed (14061.538 ms) ======
====== finagle-chirper (web) [default], iteration 27 started ======
Resetting master, feed map size: 5000
GC before operation: completed in 867.872 ms, heap usage 2.135 GB -> 406.000 MB.
WARNING: This benchmark provides no result that can be validated.
There is no way to check that no silent failure occurred.
====== finagle-chirper (web) [default], iteration 27 completed (13062.171 ms) ======
====== finagle-chirper (web) [default], iteration 28 started ======
Resetting master, feed map size: 5000
GC before operation: completed in 892.051 ms, heap usage 2.117 GB -> 414.000 MB.
WARNING: This benchmark provides no result that can be validated.
There is no way to check that no silent failure occurred.
====== finagle-chirper (web) [default], iteration 28 completed (13739.844 ms) ======
====== finagle-chirper (web) [default], iteration 29 started ======
Resetting master, feed map size: 5000
GC before operation: completed in 917.245 ms, heap usage 2.059 GB -> 410.000 MB.
WARNING: This benchmark provides no result that can be validated.
There is no way to check that no silent failure occurred.
====== finagle-chirper (web) [default], iteration 29 completed (12794.761 ms) ======
====== finagle-chirper (web) [default], iteration 30 started ======
Resetting master, feed map size: 5000
GC before operation: completed in 883.758 ms, heap usage 2.031 GB -> 410.000 MB.
WARNING: This benchmark provides no result that can be validated.
There is no way to check that no silent failure occurred.
====== finagle-chirper (web) [default], iteration 30 completed (13238.315 ms) ======
====== finagle-chirper (web) [default], iteration 31 started ======
Resetting master, feed map size: 5000
GC before operation: completed in 879.233 ms, heap usage 2.047 GB -> 414.000 MB.
WARNING: This benchmark provides no result that can be validated.
There is no way to check that no silent failure occurred.
====== finagle-chirper (web) [default], iteration 31 completed (11785.350 ms) ======
====== finagle-chirper (web) [default], iteration 32 started ======
Resetting master, feed map size: 5000
GC before operation: completed in 854.810 ms, heap usage 2.053 GB -> 408.000 MB.
WARNING: This benchmark provides no result that can be validated.
There is no way to check that no silent failure occurred.
====== finagle-chirper (web) [default], iteration 32 completed (10149.354 ms) ======
====== finagle-chirper (web) [default], iteration 33 started ======
Resetting master, feed map size: 5000
GC before operation: completed in 822.566 ms, heap usage 2.066 GB -> 416.000 MB.
WARNING: This benchmark provides no result that can be validated.
There is no way to check that no silent failure occurred.
====== finagle-chirper (web) [default], iteration 33 completed (13208.298 ms) ======
====== finagle-chirper (web) [default], iteration 34 started ======
Resetting master, feed map size: 5000
GC before operation: completed in 936.820 ms, heap usage 2.029 GB -> 410.000 MB.
WARNING: This benchmark provides no result that can be validated.
There is no way to check that no silent failure occurred.
====== finagle-chirper (web) [default], iteration 34 completed (13312.799 ms) ======
====== finagle-chirper (web) [default], iteration 35 started ======
Resetting master, feed map size: 5000
GC before operation: completed in 929.532 ms, heap usage 2.037 GB -> 408.000 MB.
WARNING: This benchmark provides no result that can be validated.
There is no way to check that no silent failure occurred.
====== finagle-chirper (web) [default], iteration 35 completed (13758.097 ms) ======
====== finagle-chirper (web) [default], iteration 36 started ======
Resetting master, feed map size: 5000
GC before operation: completed in 861.991 ms, heap usage 2.047 GB -> 412.000 MB.
WARNING: This benchmark provides no result that can be validated.
There is no way to check that no silent failure occurred.
====== finagle-chirper (web) [default], iteration 36 completed (13285.187 ms) ======
====== finagle-chirper (web) [default], iteration 37 started ======
Resetting master, feed map size: 5000
GC before operation: completed in 941.878 ms, heap usage 2.021 GB -> 418.000 MB.
WARNING: This benchmark provides no result that can be validated.
There is no way to check that no silent failure occurred.
====== finagle-chirper (web) [default], iteration 37 completed (13177.866 ms) ======
====== finagle-chirper (web) [default], iteration 38 started ======
Resetting master, feed map size: 5000
GC before operation: completed in 931.139 ms, heap usage 2.031 GB -> 408.000 MB.
WARNING: This benchmark provides no result that can be validated.
There is no way to check that no silent failure occurred.
====== finagle-chirper (web) [default], iteration 38 completed (13203.586 ms) ======
====== finagle-chirper (web) [default], iteration 39 started ======
Resetting master, feed map size: 5000
GC before operation: completed in 950.398 ms, heap usage 2.039 GB -> 406.000 MB.
WARNING: This benchmark provides no result that can be validated.
There is no way to check that no silent failure occurred.
====== finagle-chirper (web) [default], iteration 39 completed (13293.953 ms) ======
====== finagle-chirper (web) [default], iteration 40 started ======
Resetting master, feed map size: 5000
GC before operation: completed in 956.195 ms, heap usage 2.039 GB -> 406.000 MB.
WARNING: This benchmark provides no result that can be validated.
There is no way to check that no silent failure occurred.
====== finagle-chirper (web) [default], iteration 40 completed (11509.326 ms) ======
====== finagle-chirper (web) [default], iteration 41 started ======
Resetting master, feed map size: 5000
GC before operation: completed in 872.605 ms, heap usage 2.029 GB -> 412.000 MB.
WARNING: This benchmark provides no result that can be validated.
There is no way to check that no silent failure occurred.
====== finagle-chirper (web) [default], iteration 41 completed (9975.117 ms) ======
====== finagle-chirper (web) [default], iteration 42 started ======
Resetting master, feed map size: 5000
GC before operation: completed in 918.265 ms, heap usage 2.047 GB -> 420.000 MB.
WARNING: This benchmark provides no result that can be validated.
There is no way to check that no silent failure occurred.
====== finagle-chirper (web) [default], iteration 42 completed (11090.879 ms) ======
====== finagle-chirper (web) [default], iteration 43 started ======
Resetting master, feed map size: 5000
GC before operation: completed in 918.115 ms, heap usage 2.045 GB -> 410.000 MB.
WARNING: This benchmark provides no result that can be validated.
There is no way to check that no silent failure occurred.
====== finagle-chirper (web) [default], iteration 43 completed (11094.242 ms) ======
====== finagle-chirper (web) [default], iteration 44 started ======
Resetting master, feed map size: 5000
GC before operation: completed in 880.487 ms, heap usage 2.043 GB -> 412.000 MB.
WARNING: This benchmark provides no result that can be validated.
There is no way to check that no silent failure occurred.
====== finagle-chirper (web) [default], iteration 44 completed (7331.964 ms) ======
====== finagle-chirper (web) [default], iteration 45 started ======
Resetting master, feed map size: 5000
GC before operation: completed in 697.967 ms, heap usage 2.049 GB -> 408.000 MB.
WARNING: This benchmark provides no result that can be validated.
There is no way to check that no silent failure occurred.
====== finagle-chirper (web) [default], iteration 45 completed (11701.130 ms) ======
====== finagle-chirper (web) [default], iteration 46 started ======
Resetting master, feed map size: 5000
GC before operation: completed in 847.551 ms, heap usage 2.041 GB -> 410.000 MB.
WARNING: This benchmark provides no result that can be validated.
There is no way to check that no silent failure occurred.
====== finagle-chirper (web) [default], iteration 46 completed (11242.591 ms) ======
====== finagle-chirper (web) [default], iteration 47 started ======
Resetting master, feed map size: 5000
GC before operation: completed in 892.515 ms, heap usage 2.031 GB -> 402.000 MB.
WARNING: This benchmark provides no result that can be validated.
There is no way to check that no silent failure occurred.
====== finagle-chirper (web) [default], iteration 47 completed (10228.641 ms) ======
====== finagle-chirper (web) [default], iteration 48 started ======
Resetting master, feed map size: 5000
GC before operation: completed in 860.453 ms, heap usage 2.037 GB -> 412.000 MB.
WARNING: This benchmark provides no result that can be validated.
There is no way to check that no silent failure occurred.
====== finagle-chirper (web) [default], iteration 48 completed (9571.363 ms) ======
====== finagle-chirper (web) [default], iteration 49 started ======
Resetting master, feed map size: 5000
GC before operation: completed in 869.297 ms, heap usage 2.041 GB -> 420.000 MB.
WARNING: This benchmark provides no result that can be validated.
There is no way to check that no silent failure occurred.
====== finagle-chirper (web) [default], iteration 49 completed (7860.463 ms) ======
====== finagle-chirper (web) [default], iteration 50 started ======
Resetting master, feed map size: 5000
GC before operation: completed in 708.915 ms, heap usage 2.039 GB -> 410.000 MB.
WARNING: This benchmark provides no result that can be validated.
There is no way to check that no silent failure occurred.
====== finagle-chirper (web) [default], iteration 50 completed (7253.751 ms) ======
====== finagle-chirper (web) [default], iteration 51 started ======
Resetting master, feed map size: 5000
GC before operation: completed in 928.870 ms, heap usage 2.055 GB -> 412.000 MB.
WARNING: This benchmark provides no result that can be validated.
There is no way to check that no silent failure occurred.
====== finagle-chirper (web) [default], iteration 51 completed (7712.520 ms) ======
====== finagle-chirper (web) [default], iteration 52 started ======
Resetting master, feed map size: 5000
GC before operation: completed in 706.956 ms, heap usage 2.043 GB -> 416.000 MB.
WARNING: This benchmark provides no result that can be validated.
There is no way to check that no silent failure occurred.
====== finagle-chirper (web) [default], iteration 52 completed (6783.673 ms) ======
====== finagle-chirper (web) [default], iteration 53 started ======
Resetting master, feed map size: 5000
GC before operation: completed in 703.800 ms, heap usage 2.061 GB -> 414.000 MB.
WARNING: This benchmark provides no result that can be validated.
There is no way to check that no silent failure occurred.
====== finagle-chirper (web) [default], iteration 53 completed (7711.652 ms) ======
====== finagle-chirper (web) [default], iteration 54 started ======
Resetting master, feed map size: 5000
GC before operation: completed in 701.887 ms, heap usage 2.049 GB -> 414.000 MB.
WARNING: This benchmark provides no result that can be validated.
There is no way to check that no silent failure occurred.
====== finagle-chirper (web) [default], iteration 54 completed (9469.742 ms) ======
====== finagle-chirper (web) [default], iteration 55 started ======
Resetting master, feed map size: 5000
GC before operation: completed in 739.990 ms, heap usage 2.045 GB -> 424.000 MB.
WARNING: This benchmark provides no result that can be validated.
There is no way to check that no silent failure occurred.
====== finagle-chirper (web) [default], iteration 55 completed (12769.277 ms) ======
====== finagle-chirper (web) [default], iteration 56 started ======
Resetting master, feed map size: 5000
GC before operation: completed in 741.113 ms, heap usage 2.000 GB -> 416.000 MB.
WARNING: This benchmark provides no result that can be validated.
There is no way to check that no silent failure occurred.
====== finagle-chirper (web) [default], iteration 56 completed (7524.733 ms) ======
====== finagle-chirper (web) [default], iteration 57 started ======
Resetting master, feed map size: 5000
GC before operation: completed in 728.881 ms, heap usage 2.012 GB -> 414.000 MB.
WARNING: This benchmark provides no result that can be validated.
There is no way to check that no silent failure occurred.
====== finagle-chirper (web) [default], iteration 57 completed (12522.917 ms) ======
====== finagle-chirper (web) [default], iteration 58 started ======
Resetting master, feed map size: 5000
GC before operation: completed in 947.424 ms, heap usage 1.971 GB -> 418.000 MB.
WARNING: This benchmark provides no result that can be validated.
There is no way to check that no silent failure occurred.
====== finagle-chirper (web) [default], iteration 58 completed (11615.151 ms) ======
====== finagle-chirper (web) [default], iteration 59 started ======
Resetting master, feed map size: 5000
GC before operation: completed in 800.531 ms, heap usage 1.969 GB -> 410.000 MB.
WARNING: This benchmark provides no result that can be validated.
There is no way to check that no silent failure occurred.
====== finagle-chirper (web) [default], iteration 59 completed (9767.931 ms) ======
====== finagle-chirper (web) [default], iteration 60 started ======
Resetting master, feed map size: 5000
GC before operation: completed in 871.922 ms, heap usage 1.971 GB -> 426.000 MB.
WARNING: This benchmark provides no result that can be validated.
There is no way to check that no silent failure occurred.
====== finagle-chirper (web) [default], iteration 60 completed (12175.597 ms) ======
====== finagle-chirper (web) [default], iteration 61 started ======
Resetting master, feed map size: 5000
GC before operation: completed in 921.562 ms, heap usage 1.977 GB -> 414.000 MB.
WARNING: This benchmark provides no result that can be validated.
There is no way to check that no silent failure occurred.
====== finagle-chirper (web) [default], iteration 61 completed (8836.532 ms) ======
====== finagle-chirper (web) [default], iteration 62 started ======
Resetting master, feed map size: 5000
GC before operation: completed in 825.941 ms, heap usage 1.975 GB -> 416.000 MB.
WARNING: This benchmark provides no result that can be validated.
There is no way to check that no silent failure occurred.
====== finagle-chirper (web) [default], iteration 62 completed (6727.984 ms) ======
====== finagle-chirper (web) [default], iteration 63 started ======
Resetting master, feed map size: 5000
GC before operation: completed in 731.206 ms, heap usage 1.979 GB -> 416.000 MB.
WARNING: This benchmark provides no result that can be validated.
There is no way to check that no silent failure occurred.
====== finagle-chirper (web) [default], iteration 63 completed (6477.913 ms) ======
====== finagle-chirper (web) [default], iteration 64 started ======
Resetting master, feed map size: 5000
GC before operation: completed in 729.546 ms, heap usage 1.986 GB -> 412.000 MB.
WARNING: This benchmark provides no result that can be validated.
There is no way to check that no silent failure occurred.
====== finagle-chirper (web) [default], iteration 64 completed (6829.275 ms) ======
====== finagle-chirper (web) [default], iteration 65 started ======
Resetting master, feed map size: 5000
GC before operation: completed in 699.203 ms, heap usage 1.984 GB -> 410.000 MB.
WARNING: This benchmark provides no result that can be validated.
There is no way to check that no silent failure occurred.
====== finagle-chirper (web) [default], iteration 65 completed (6987.579 ms) ======
====== finagle-chirper (web) [default], iteration 66 started ======
Resetting master, feed map size: 5000
GC before operation: completed in 828.994 ms, heap usage 1.984 GB -> 416.000 MB.
WARNING: This benchmark provides no result that can be validated.
There is no way to check that no silent failure occurred.
====== finagle-chirper (web) [default], iteration 66 completed (6610.444 ms) ======
====== finagle-chirper (web) [default], iteration 67 started ======
Resetting master, feed map size: 5000
GC before operation: completed in 701.818 ms, heap usage 1.977 GB -> 412.000 MB.
WARNING: This benchmark provides no result that can be validated.
There is no way to check that no silent failure occurred.
====== finagle-chirper (web) [default], iteration 67 completed (7679.922 ms) ======
====== finagle-chirper (web) [default], iteration 68 started ======
Resetting master, feed map size: 5000
GC before operation: completed in 705.505 ms, heap usage 1.975 GB -> 412.000 MB.
WARNING: This benchmark provides no result that can be validated.
There is no way to check that no silent failure occurred.
====== finagle-chirper (web) [default], iteration 68 completed (11424.885 ms) ======
====== finagle-chirper (web) [default], iteration 69 started ======
Resetting master, feed map size: 5000
GC before operation: completed in 887.694 ms, heap usage 1.973 GB -> 418.000 MB.
WARNING: This benchmark provides no result that can be validated.
There is no way to check that no silent failure occurred.
====== finagle-chirper (web) [default], iteration 69 completed (11869.512 ms) ======
====== finagle-chirper (web) [default], iteration 70 started ======
Resetting master, feed map size: 5000
GC before operation: completed in 933.767 ms, heap usage 1.955 GB -> 412.000 MB.
WARNING: This benchmark provides no result that can be validated.
There is no way to check that no silent failure occurred.
====== finagle-chirper (web) [default], iteration 70 completed (11944.247 ms) ======
====== finagle-chirper (web) [default], iteration 71 started ======
Resetting master, feed map size: 5000
GC before operation: completed in 849.579 ms, heap usage 1.959 GB -> 418.000 MB.
WARNING: This benchmark provides no result that can be validated.
There is no way to check that no silent failure occurred.
====== finagle-chirper (web) [default], iteration 71 completed (9145.177 ms) ======
====== finagle-chirper (web) [default], iteration 72 started ======
Resetting master, feed map size: 5000
GC before operation: completed in 904.036 ms, heap usage 1.988 GB -> 424.000 MB.
WARNING: This benchmark provides no result that can be validated.
There is no way to check that no silent failure occurred.
====== finagle-chirper (web) [default], iteration 72 completed (8857.888 ms) ======
====== finagle-chirper (web) [default], iteration 73 started ======
Resetting master, feed map size: 5000
GC before operation: completed in 728.607 ms, heap usage 1.973 GB -> 420.000 MB.
WARNING: This benchmark provides no result that can be validated.
There is no way to check that no silent failure occurred.
====== finagle-chirper (web) [default], iteration 73 completed (6423.027 ms) ======
====== finagle-chirper (web) [default], iteration 74 started ======
Resetting master, feed map size: 5000
GC before operation: completed in 698.751 ms, heap usage 1.971 GB -> 416.000 MB.
WARNING: This benchmark provides no result that can be validated.
There is no way to check that no silent failure occurred.
====== finagle-chirper (web) [default], iteration 74 completed (6296.937 ms) ======
====== finagle-chirper (web) [default], iteration 75 started ======
Resetting master, feed map size: 5000
GC before operation: completed in 711.546 ms, heap usage 1.969 GB -> 416.000 MB.
WARNING: This benchmark provides no result that can be validated.
There is no way to check that no silent failure occurred.
====== finagle-chirper (web) [default], iteration 75 completed (6910.356 ms) ======
====== finagle-chirper (web) [default], iteration 76 started ======
Resetting master, feed map size: 5000
GC before operation: completed in 763.074 ms, heap usage 1.967 GB -> 414.000 MB.
WARNING: This benchmark provides no result that can be validated.
There is no way to check that no silent failure occurred.
====== finagle-chirper (web) [default], iteration 76 completed (6325.844 ms) ======
====== finagle-chirper (web) [default], iteration 77 started ======
Resetting master, feed map size: 5000
GC before operation: completed in 721.663 ms, heap usage 1.975 GB -> 414.000 MB.
WARNING: This benchmark provides no result that can be validated.
There is no way to check that no silent failure occurred.
====== finagle-chirper (web) [default], iteration 77 completed (9846.013 ms) ======
====== finagle-chirper (web) [default], iteration 78 started ======
Resetting master, feed map size: 5000
GC before operation: completed in 708.926 ms, heap usage 1.963 GB -> 430.000 MB.
WARNING: This benchmark provides no result that can be validated.
There is no way to check that no silent failure occurred.
====== finagle-chirper (web) [default], iteration 78 completed (7423.860 ms) ======
====== finagle-chirper (web) [default], iteration 79 started ======
Resetting master, feed map size: 5000
GC before operation: completed in 733.822 ms, heap usage 1.971 GB -> 408.000 MB.
WARNING: This benchmark provides no result that can be validated.
There is no way to check that no silent failure occurred.
====== finagle-chirper (web) [default], iteration 79 completed (8962.226 ms) ======
====== finagle-chirper (web) [default], iteration 80 started ======
Resetting master, feed map size: 5000
GC before operation: completed in 871.542 ms, heap usage 1.959 GB -> 412.000 MB.
WARNING: This benchmark provides no result that can be validated.
There is no way to check that no silent failure occurred.
====== finagle-chirper (web) [default], iteration 80 completed (6678.942 ms) ======
====== finagle-chirper (web) [default], iteration 81 started ======
Resetting master, feed map size: 5000
GC before operation: completed in 712.835 ms, heap usage 1.973 GB -> 416.000 MB.
WARNING: This benchmark provides no result that can be validated.
There is no way to check that no silent failure occurred.
====== finagle-chirper (web) [default], iteration 81 completed (6954.945 ms) ======
====== finagle-chirper (web) [default], iteration 82 started ======
Resetting master, feed map size: 5000
GC before operation: completed in 698.218 ms, heap usage 1.967 GB -> 412.000 MB.
WARNING: This benchmark provides no result that can be validated.
There is no way to check that no silent failure occurred.
====== finagle-chirper (web) [default], iteration 82 completed (6594.810 ms) ======
====== finagle-chirper (web) [default], iteration 83 started ======
Resetting master, feed map size: 5000
GC before operation: completed in 696.367 ms, heap usage 1.973 GB -> 418.000 MB.
WARNING: This benchmark provides no result that can be validated.
There is no way to check that no silent failure occurred.
====== finagle-chirper (web) [default], iteration 83 completed (6278.232 ms) ======
====== finagle-chirper (web) [default], iteration 84 started ======
Resetting master, feed map size: 5000
GC before operation: completed in 697.517 ms, heap usage 1.979 GB -> 418.000 MB.
WARNING: This benchmark provides no result that can be validated.
There is no way to check that no silent failure occurred.
====== finagle-chirper (web) [default], iteration 84 completed (6487.543 ms) ======
====== finagle-chirper (web) [default], iteration 85 started ======
Resetting master, feed map size: 5000
GC before operation: completed in 925.791 ms, heap usage 1.982 GB -> 414.000 MB.
WARNING: This benchmark provides no result that can be validated.
There is no way to check that no silent failure occurred.
====== finagle-chirper (web) [default], iteration 85 completed (7896.722 ms) ======
====== finagle-chirper (web) [default], iteration 86 started ======
Resetting master, feed map size: 5000
GC before operation: completed in 726.076 ms, heap usage 1.967 GB -> 410.000 MB.
WARNING: This benchmark provides no result that can be validated.
There is no way to check that no silent failure occurred.
====== finagle-chirper (web) [default], iteration 86 completed (12642.525 ms) ======
====== finagle-chirper (web) [default], iteration 87 started ======
Resetting master, feed map size: 5000
GC before operation: completed in 875.696 ms, heap usage 1.949 GB -> 410.000 MB.
WARNING: This benchmark provides no result that can be validated.
There is no way to check that no silent failure occurred.
====== finagle-chirper (web) [default], iteration 87 completed (12110.721 ms) ======
====== finagle-chirper (web) [default], iteration 88 started ======
Resetting master, feed map size: 5000
GC before operation: completed in 906.497 ms, heap usage 1.947 GB -> 414.000 MB.
WARNING: This benchmark provides no result that can be validated.
There is no way to check that no silent failure occurred.
====== finagle-chirper (web) [default], iteration 88 completed (6309.483 ms) ======
====== finagle-chirper (web) [default], iteration 89 started ======
Resetting master, feed map size: 5000
GC before operation: completed in 709.440 ms, heap usage 1.967 GB -> 410.000 MB.
WARNING: This benchmark provides no result that can be validated.
There is no way to check that no silent failure occurred.
====== finagle-chirper (web) [default], iteration 89 completed (6595.764 ms) ======
====== finagle-chirper (web) [default], iteration 90 started ======
Resetting master, feed map size: 5000
GC before operation: completed in 698.809 ms, heap usage 1.975 GB -> 412.000 MB.
WARNING: This benchmark provides no result that can be validated.
There is no way to check that no silent failure occurred.
====== finagle-chirper (web) [default], iteration 90 completed (7623.344 ms) ======
====== finagle-chirper (web) [default], iteration 91 started ======
Resetting master, feed map size: 5000
GC before operation: completed in 747.369 ms, heap usage 1.969 GB -> 416.000 MB.
WARNING: This benchmark provides no result that can be validated.
There is no way to check that no silent failure occurred.
====== finagle-chirper (web) [default], iteration 91 completed (6570.456 ms) ======
====== finagle-chirper (web) [default], iteration 92 started ======
Resetting master, feed map size: 5000
GC before operation: completed in 773.027 ms, heap usage 1.979 GB -> 414.000 MB.
WARNING: This benchmark provides no result that can be validated.
There is no way to check that no silent failure occurred.
====== finagle-chirper (web) [default], iteration 92 completed (7082.490 ms) ======
====== finagle-chirper (web) [default], iteration 93 started ======
Resetting master, feed map size: 5000
GC before operation: completed in 760.915 ms, heap usage 1.969 GB -> 412.000 MB.
WARNING: This benchmark provides no result that can be validated.
There is no way to check that no silent failure occurred.
====== finagle-chirper (web) [default], iteration 93 completed (6902.151 ms) ======
====== finagle-chirper (web) [default], iteration 94 started ======
Resetting master, feed map size: 5000
GC before operation: completed in 870.988 ms, heap usage 1.973 GB -> 418.000 MB.
WARNING: This benchmark provides no result that can be validated.
There is no way to check that no silent failure occurred.
====== finagle-chirper (web) [default], iteration 94 completed (9894.464 ms) ======
====== finagle-chirper (web) [default], iteration 95 started ======
Resetting master, feed map size: 5000
GC before operation: completed in 876.968 ms, heap usage 1.965 GB -> 426.000 MB.
WARNING: This benchmark provides no result that can be validated.
There is no way to check that no silent failure occurred.
====== finagle-chirper (web) [default], iteration 95 completed (12089.459 ms) ======
====== finagle-chirper (web) [default], iteration 96 started ======
Resetting master, feed map size: 5000
GC before operation: completed in 878.532 ms, heap usage 1.967 GB -> 406.000 MB.
WARNING: This benchmark provides no result that can be validated.
There is no way to check that no silent failure occurred.
====== finagle-chirper (web) [default], iteration 96 completed (10598.495 ms) ======
====== finagle-chirper (web) [default], iteration 97 started ======
Resetting master, feed map size: 5000
GC before operation: completed in 711.870 ms, heap usage 1.949 GB -> 422.000 MB.
WARNING: This benchmark provides no result that can be validated.
There is no way to check that no silent failure occurred.
====== finagle-chirper (web) [default], iteration 97 completed (6411.298 ms) ======
====== finagle-chirper (web) [default], iteration 98 started ======
Resetting master, feed map size: 5000
GC before operation: completed in 691.366 ms, heap usage 1.969 GB -> 412.000 MB.
WARNING: This benchmark provides no result that can be validated.
There is no way to check that no silent failure occurred.
====== finagle-chirper (web) [default], iteration 98 completed (6299.138 ms) ======
====== finagle-chirper (web) [default], iteration 99 started ======
Resetting master, feed map size: 5000
GC before operation: completed in 691.863 ms, heap usage 1.967 GB -> 412.000 MB.
WARNING: This benchmark provides no result that can be validated.
There is no way to check that no silent failure occurred.
====== finagle-chirper (web) [default], iteration 99 completed (7238.325 ms) ======
