Benchmark 'dummy-setup-failing' failed with exception:
java.lang.AssertionError: Intentionally failing
	at org.renaissance.dummy.DummySetupFailing.setUpBeforeAll(DummySetupFailing.java:18)
	at org.renaissance.harness.ExecutionDriver.executeBenchmark(ExecutionDriver.java:82)
	at org.renaissance.harness.RenaissanceSuite$.$anonfun$runBenchmarks$1(RenaissanceSuite.scala:163)
	at org.renaissance.harness.RenaissanceSuite$.$anonfun$runBenchmarks$1$adapted(RenaissanceSuite.scala:159)
	at scala.collection.immutable.List.foreach(List.scala:333)
	at org.renaissance.harness.RenaissanceSuite$.runBenchmarks(RenaissanceSuite.scala:159)
	at org.renaissance.harness.RenaissanceSuite$.main(RenaissanceSuite.scala:132)
	at org.renaissance.harness.RenaissanceSuite.main(RenaissanceSuite.scala)
	at java.base/jdk.internal.reflect.NativeMethodAccessorImpl.invoke0(Native Method)
	at java.base/jdk.internal.reflect.NativeMethodAccessorImpl.invoke(NativeMethodAccessorImpl.java:77)
	at java.base/jdk.internal.reflect.DelegatingMethodAccessorImpl.invoke(DelegatingMethodAccessorImpl.java:43)
	at java.base/java.lang.reflect.Method.invoke(Method.java:568)
	at org.renaissance.core.Launcher.loadAndInvokeHarnessClass(Launcher.java:129)
	at org.renaissance.core.Launcher.launchHarnessClass(Launcher.java:78)
	at org.renaissance.core.Launcher.main(Launcher.java:43)
====== dummy-teardown-failing (dummy) [default], iteration 0 started ======
GC before operation: completed in 265.602 ms, heap usage 270.000 MB -> 258.000 MB.
====== dummy-teardown-failing (dummy) [default], iteration 0 completed (21.661 ms) ======
====== dummy-teardown-failing (dummy) [default], iteration 1 started ======
GC before operation: completed in 268.333 ms, heap usage 260.000 MB -> 262.000 MB.
====== dummy-teardown-failing (dummy) [default], iteration 1 completed (0.064 ms) ======
====== dummy-teardown-failing (dummy) [default], iteration 2 started ======
GC before operation: completed in 243.903 ms, heap usage 264.000 MB -> 258.000 MB.
====== dummy-teardown-failing (dummy) [default], iteration 2 completed (0.042 ms) ======
====== dummy-teardown-failing (dummy) [default], iteration 3 started ======
GC before operation: completed in 237.404 ms, heap usage 260.000 MB -> 256.000 MB.
====== dummy-teardown-failing (dummy) [default], iteration 3 completed (0.043 ms) ======
====== dummy-teardown-failing (dummy) [default], iteration 4 started ======
GC before operation: completed in 232.089 ms, heap usage 258.000 MB -> 256.000 MB.
====== dummy-teardown-failing (dummy) [default], iteration 4 completed (0.042 ms) ======
====== dummy-teardown-failing (dummy) [default], iteration 5 started ======
GC before operation: completed in 234.922 ms, heap usage 258.000 MB -> 254.000 MB.
====== dummy-teardown-failing (dummy) [default], iteration 5 completed (0.043 ms) ======
====== dummy-teardown-failing (dummy) [default], iteration 6 started ======
GC before operation: completed in 235.392 ms, heap usage 258.000 MB -> 254.000 MB.
====== dummy-teardown-failing (dummy) [default], iteration 6 completed (0.043 ms) ======
====== dummy-teardown-failing (dummy) [default], iteration 7 started ======
GC before operation: completed in 243.583 ms, heap usage 256.000 MB -> 254.000 MB.
====== dummy-teardown-failing (dummy) [default], iteration 7 completed (0.042 ms) ======
====== dummy-teardown-failing (dummy) [default], iteration 8 started ======
GC before operation: completed in 244.631 ms, heap usage 258.000 MB -> 254.000 MB.
====== dummy-teardown-failing (dummy) [default], iteration 8 completed (0.042 ms) ======
====== dummy-teardown-failing (dummy) [default], iteration 9 started ======
GC before operation: completed in 238.798 ms, heap usage 256.000 MB -> 256.000 MB.
====== dummy-teardown-failing (dummy) [default], iteration 9 completed (0.041 ms) ======
====== dummy-teardown-failing (dummy) [default], iteration 10 started ======
GC before operation: completed in 224.459 ms, heap usage 258.000 MB -> 254.000 MB.
====== dummy-teardown-failing (dummy) [default], iteration 10 completed (0.038 ms) ======
====== dummy-teardown-failing (dummy) [default], iteration 11 started ======
GC before operation: completed in 223.396 ms, heap usage 260.000 MB -> 254.000 MB.
====== dummy-teardown-failing (dummy) [default], iteration 11 completed (0.041 ms) ======
====== dummy-teardown-failing (dummy) [default], iteration 12 started ======
GC before operation: completed in 223.047 ms, heap usage 256.000 MB -> 254.000 MB.
====== dummy-teardown-failing (dummy) [default], iteration 12 completed (0.040 ms) ======
====== dummy-teardown-failing (dummy) [default], iteration 13 started ======
GC before operation: completed in 227.837 ms, heap usage 256.000 MB -> 254.000 MB.
====== dummy-teardown-failing (dummy) [default], iteration 13 completed (0.042 ms) ======
====== dummy-teardown-failing (dummy) [default], iteration 14 started ======
GC before operation: completed in 220.922 ms, heap usage 258.000 MB -> 254.000 MB.
====== dummy-teardown-failing (dummy) [default], iteration 14 completed (0.038 ms) ======
====== dummy-teardown-failing (dummy) [default], iteration 15 started ======
GC before operation: completed in 223.898 ms, heap usage 258.000 MB -> 254.000 MB.
====== dummy-teardown-failing (dummy) [default], iteration 15 completed (0.037 ms) ======
====== dummy-teardown-failing (dummy) [default], iteration 16 started ======
GC before operation: completed in 223.451 ms, heap usage 256.000 MB -> 254.000 MB.
====== dummy-teardown-failing (dummy) [default], iteration 16 completed (0.041 ms) ======
====== dummy-teardown-failing (dummy) [default], iteration 17 started ======
GC before operation: completed in 223.714 ms, heap usage 258.000 MB -> 254.000 MB.
====== dummy-teardown-failing (dummy) [default], iteration 17 completed (0.038 ms) ======
====== dummy-teardown-failing (dummy) [default], iteration 18 started ======
GC before operation: completed in 223.277 ms, heap usage 258.000 MB -> 256.000 MB.
====== dummy-teardown-failing (dummy) [default], iteration 18 completed (0.042 ms) ======
====== dummy-teardown-failing (dummy) [default], iteration 19 started ======
GC before operation: completed in 224.297 ms, heap usage 260.000 MB -> 254.000 MB.
====== dummy-teardown-failing (dummy) [default], iteration 19 completed (0.041 ms) ======
====== dummy-teardown-failing (dummy) [default], iteration 20 started ======
GC before operation: completed in 229.213 ms, heap usage 258.000 MB -> 256.000 MB.
====== dummy-teardown-failing (dummy) [default], iteration 20 completed (0.041 ms) ======
====== dummy-teardown-failing (dummy) [default], iteration 21 started ======
GC before operation: completed in 227.361 ms, heap usage 258.000 MB -> 254.000 MB.
====== dummy-teardown-failing (dummy) [default], iteration 21 completed (0.040 ms) ======
====== dummy-teardown-failing (dummy) [default], iteration 22 started ======
GC before operation: completed in 225.168 ms, heap usage 258.000 MB -> 254.000 MB.
====== dummy-teardown-failing (dummy) [default], iteration 22 completed (0.041 ms) ======
====== dummy-teardown-failing (dummy) [default], iteration 23 started ======
GC before operation: completed in 220.620 ms, heap usage 260.000 MB -> 254.000 MB.
====== dummy-teardown-failing (dummy) [default], iteration 23 completed (0.041 ms) ======
====== dummy-teardown-failing (dummy) [default], iteration 24 started ======
GC before operation: completed in 227.537 ms, heap usage 256.000 MB -> 254.000 MB.
====== dummy-teardown-failing (dummy) [default], iteration 24 completed (0.041 ms) ======
====== dummy-teardown-failing (dummy) [default], iteration 25 started ======
GC before operation: completed in 224.781 ms, heap usage 258.000 MB -> 254.000 MB.
====== dummy-teardown-failing (dummy) [default], iteration 25 completed (0.043 ms) ======
====== dummy-teardown-failing (dummy) [default], iteration 26 started ======
GC before operation: completed in 221.856 ms, heap usage 258.000 MB -> 254.000 MB.
====== dummy-teardown-failing (dummy) [default], iteration 26 completed (0.041 ms) ======
====== dummy-teardown-failing (dummy) [default], iteration 27 started ======
GC before operation: completed in 226.981 ms, heap usage 258.000 MB -> 256.000 MB.
====== dummy-teardown-failing (dummy) [default], iteration 27 completed (0.041 ms) ======
====== dummy-teardown-failing (dummy) [default], iteration 28 started ======
GC before operation: completed in 223.792 ms, heap usage 260.000 MB -> 254.000 MB.
====== dummy-teardown-failing (dummy) [default], iteration 28 completed (0.041 ms) ======
====== dummy-teardown-failing (dummy) [default], iteration 29 started ======
GC before operation: completed in 226.263 ms, heap usage 260.000 MB -> 254.000 MB.
====== dummy-teardown-failing (dummy) [default], iteration 29 completed (0.048 ms) ======
====== dummy-teardown-failing (dummy) [default], iteration 30 started ======
GC before operation: completed in 234.119 ms, heap usage 258.000 MB -> 254.000 MB.
====== dummy-teardown-failing (dummy) [default], iteration 30 completed (0.050 ms) ======
====== dummy-teardown-failing (dummy) [default], iteration 31 started ======
GC before operation: completed in 230.897 ms, heap usage 256.000 MB -> 254.000 MB.
====== dummy-teardown-failing (dummy) [default], iteration 31 completed (0.049 ms) ======
====== dummy-teardown-failing (dummy) [default], iteration 32 started ======
GC before operation: completed in 228.139 ms, heap usage 256.000 MB -> 254.000 MB.
====== dummy-teardown-failing (dummy) [default], iteration 32 completed (0.049 ms) ======
====== dummy-teardown-failing (dummy) [default], iteration 33 started ======
GC before operation: completed in 234.055 ms, heap usage 256.000 MB -> 256.000 MB.
====== dummy-teardown-failing (dummy) [default], iteration 33 completed (0.046 ms) ======
====== dummy-teardown-failing (dummy) [default], iteration 34 started ======
GC before operation: completed in 230.171 ms, heap usage 258.000 MB -> 256.000 MB.
====== dummy-teardown-failing (dummy) [default], iteration 34 completed (0.040 ms) ======
====== dummy-teardown-failing (dummy) [default], iteration 35 started ======
GC before operation: completed in 221.531 ms, heap usage 258.000 MB -> 256.000 MB.
====== dummy-teardown-failing (dummy) [default], iteration 35 completed (0.041 ms) ======
====== dummy-teardown-failing (dummy) [default], iteration 36 started ======
GC before operation: completed in 226.569 ms, heap usage 258.000 MB -> 256.000 MB.
====== dummy-teardown-failing (dummy) [default], iteration 36 completed (0.040 ms) ======
====== dummy-teardown-failing (dummy) [default], iteration 37 started ======
GC before operation: completed in 236.575 ms, heap usage 260.000 MB -> 256.000 MB.
====== dummy-teardown-failing (dummy) [default], iteration 37 completed (0.039 ms) ======
====== dummy-teardown-failing (dummy) [default], iteration 38 started ======
GC before operation: completed in 230.732 ms, heap usage 258.000 MB -> 254.000 MB.
====== dummy-teardown-failing (dummy) [default], iteration 38 completed (0.039 ms) ======
====== dummy-teardown-failing (dummy) [default], iteration 39 started ======
GC before operation: completed in 228.295 ms, heap usage 256.000 MB -> 254.000 MB.
====== dummy-teardown-failing (dummy) [default], iteration 39 completed (0.040 ms) ======
====== dummy-teardown-failing (dummy) [default], iteration 40 started ======
GC before operation: completed in 225.455 ms, heap usage 258.000 MB -> 254.000 MB.
====== dummy-teardown-failing (dummy) [default], iteration 40 completed (0.040 ms) ======
====== dummy-teardown-failing (dummy) [default], iteration 41 started ======
GC before operation: completed in 226.180 ms, heap usage 256.000 MB -> 254.000 MB.
====== dummy-teardown-failing (dummy) [default], iteration 41 completed (0.040 ms) ======
====== dummy-teardown-failing (dummy) [default], iteration 42 started ======
GC before operation: completed in 230.109 ms, heap usage 258.000 MB -> 254.000 MB.
====== dummy-teardown-failing (dummy) [default], iteration 42 completed (0.039 ms) ======
====== dummy-teardown-failing (dummy) [default], iteration 43 started ======
GC before operation: completed in 230.501 ms, heap usage 258.000 MB -> 254.000 MB.
====== dummy-teardown-failing (dummy) [default], iteration 43 completed (0.040 ms) ======
====== dummy-teardown-failing (dummy) [default], iteration 44 started ======
GC before operation: completed in 230.674 ms, heap usage 256.000 MB -> 252.000 MB.
====== dummy-teardown-failing (dummy) [default], iteration 44 completed (0.040 ms) ======
====== dummy-teardown-failing (dummy) [default], iteration 45 started ======
GC before operation: completed in 227.897 ms, heap usage 256.000 MB -> 256.000 MB.
====== dummy-teardown-failing (dummy) [default], iteration 45 completed (0.040 ms) ======
====== dummy-teardown-failing (dummy) [default], iteration 46 started ======
GC before operation: completed in 229.783 ms, heap usage 260.000 MB -> 252.000 MB.
====== dummy-teardown-failing (dummy) [default], iteration 46 completed (0.039 ms) ======
====== dummy-teardown-failing (dummy) [default], iteration 47 started ======
GC before operation: completed in 228.775 ms, heap usage 256.000 MB -> 254.000 MB.
====== dummy-teardown-failing (dummy) [default], iteration 47 completed (0.040 ms) ======
====== dummy-teardown-failing (dummy) [default], iteration 48 started ======
GC before operation: completed in 229.465 ms, heap usage 258.000 MB -> 254.000 MB.
====== dummy-teardown-failing (dummy) [default], iteration 48 completed (0.040 ms) ======
====== dummy-teardown-failing (dummy) [default], iteration 49 started ======
GC before operation: completed in 200.345 ms, heap usage 258.000 MB -> 252.000 MB.
====== dummy-teardown-failing (dummy) [default], iteration 49 completed (0.032 ms) ======
====== dummy-teardown-failing (dummy) [default], iteration 50 started ======
GC before operation: completed in 221.339 ms, heap usage 256.000 MB -> 256.000 MB.
====== dummy-teardown-failing (dummy) [default], iteration 50 completed (0.033 ms) ======
====== dummy-teardown-failing (dummy) [default], iteration 51 started ======
GC before operation: completed in 181.550 ms, heap usage 258.000 MB -> 252.000 MB.
====== dummy-teardown-failing (dummy) [default], iteration 51 completed (0.033 ms) ======
====== dummy-teardown-failing (dummy) [default], iteration 52 started ======
GC before operation: completed in 186.034 ms, heap usage 256.000 MB -> 252.000 MB.
====== dummy-teardown-failing (dummy) [default], iteration 52 completed (0.034 ms) ======
====== dummy-teardown-failing (dummy) [default], iteration 53 started ======
GC before operation: completed in 187.605 ms, heap usage 256.000 MB -> 254.000 MB.
====== dummy-teardown-failing (dummy) [default], iteration 53 completed (0.033 ms) ======
====== dummy-teardown-failing (dummy) [default], iteration 54 started ======
GC before operation: completed in 185.720 ms, heap usage 256.000 MB -> 254.000 MB.
====== dummy-teardown-failing (dummy) [default], iteration 54 completed (0.033 ms) ======
====== dummy-teardown-failing (dummy) [default], iteration 55 started ======
GC before operation: completed in 188.728 ms, heap usage 258.000 MB -> 256.000 MB.
====== dummy-teardown-failing (dummy) [default], iteration 55 completed (0.033 ms) ======
====== dummy-teardown-failing (dummy) [default], iteration 56 started ======
GC before operation: completed in 187.267 ms, heap usage 260.000 MB -> 256.000 MB.
====== dummy-teardown-failing (dummy) [default], iteration 56 completed (0.032 ms) ======
====== dummy-teardown-failing (dummy) [default], iteration 57 started ======
GC before operation: completed in 229.497 ms, heap usage 258.000 MB -> 254.000 MB.
====== dummy-teardown-failing (dummy) [default], iteration 57 completed (0.067 ms) ======
====== dummy-teardown-failing (dummy) [default], iteration 58 started ======
GC before operation: completed in 247.925 ms, heap usage 258.000 MB -> 256.000 MB.
====== dummy-teardown-failing (dummy) [default], iteration 58 completed (0.041 ms) ======
====== dummy-teardown-failing (dummy) [default], iteration 59 started ======
GC before operation: completed in 228.508 ms, heap usage 258.000 MB -> 256.000 MB.
====== dummy-teardown-failing (dummy) [default], iteration 59 completed (0.033 ms) ======
====== dummy-teardown-failing (dummy) [default], iteration 60 started ======
GC before operation: completed in 186.140 ms, heap usage 258.000 MB -> 252.000 MB.
====== dummy-teardown-failing (dummy) [default], iteration 60 completed (0.034 ms) ======
====== dummy-teardown-failing (dummy) [default], iteration 61 started ======
GC before operation: completed in 189.657 ms, heap usage 254.000 MB -> 252.000 MB.
====== dummy-teardown-failing (dummy) [default], iteration 61 completed (0.034 ms) ======
====== dummy-teardown-failing (dummy) [default], iteration 62 started ======
GC before operation: completed in 184.760 ms, heap usage 254.000 MB -> 252.000 MB.
====== dummy-teardown-failing (dummy) [default], iteration 62 completed (0.034 ms) ======
====== dummy-teardown-failing (dummy) [default], iteration 63 started ======
GC before operation: completed in 190.007 ms, heap usage 254.000 MB -> 252.000 MB.
====== dummy-teardown-failing (dummy) [default], iteration 63 completed (0.034 ms) ======
====== dummy-teardown-failing (dummy) [default], iteration 64 started ======
GC before operation: completed in 187.696 ms, heap usage 254.000 MB -> 252.000 MB.
====== dummy-teardown-failing (dummy) [default], iteration 64 completed (0.034 ms) ======
====== dummy-teardown-failing (dummy) [default], iteration 65 started ======
GC before operation: completed in 187.266 ms, heap usage 254.000 MB -> 256.000 MB.
====== dummy-teardown-failing (dummy) [default], iteration 65 completed (0.031 ms) ======
====== dummy-teardown-failing (dummy) [default], iteration 66 started ======
GC before operation: completed in 185.389 ms, heap usage 258.000 MB -> 252.000 MB.
====== dummy-teardown-failing (dummy) [default], iteration 66 completed (0.033 ms) ======
====== dummy-teardown-failing (dummy) [default], iteration 67 started ======
GC before operation: completed in 196.610 ms, heap usage 254.000 MB -> 254.000 MB.
====== dummy-teardown-failing (dummy) [default], iteration 67 completed (0.035 ms) ======
====== dummy-teardown-failing (dummy) [default], iteration 68 started ======
GC before operation: completed in 190.466 ms, heap usage 258.000 MB -> 252.000 MB.
====== dummy-teardown-failing (dummy) [default], iteration 68 completed (0.035 ms) ======
====== dummy-teardown-failing (dummy) [default], iteration 69 started ======
GC before operation: completed in 188.116 ms, heap usage 254.000 MB -> 252.000 MB.
====== dummy-teardown-failing (dummy) [default], iteration 69 completed (0.030 ms) ======
====== dummy-teardown-failing (dummy) [default], iteration 70 started ======
GC before operation: completed in 183.274 ms, heap usage 254.000 MB -> 252.000 MB.
====== dummy-teardown-failing (dummy) [default], iteration 70 completed (0.033 ms) ======
====== dummy-teardown-failing (dummy) [default], iteration 71 started ======
GC before operation: completed in 181.266 ms, heap usage 254.000 MB -> 252.000 MB.
====== dummy-teardown-failing (dummy) [default], iteration 71 completed (0.034 ms) ======
====== dummy-teardown-failing (dummy) [default], iteration 72 started ======
GC before operation: completed in 185.737 ms, heap usage 254.000 MB -> 252.000 MB.
====== dummy-teardown-failing (dummy) [default], iteration 72 completed (0.034 ms) ======
====== dummy-teardown-failing (dummy) [default], iteration 73 started ======
GC before operation: completed in 185.698 ms, heap usage 254.000 MB -> 252.000 MB.
====== dummy-teardown-failing (dummy) [default], iteration 73 completed (0.033 ms) ======
====== dummy-teardown-failing (dummy) [default], iteration 74 started ======
GC before operation: completed in 184.165 ms, heap usage 254.000 MB -> 252.000 MB.
====== dummy-teardown-failing (dummy) [default], iteration 74 completed (0.031 ms) ======
====== dummy-teardown-failing (dummy) [default], iteration 75 started ======
GC before operation: completed in 182.244 ms, heap usage 254.000 MB -> 252.000 MB.
====== dummy-teardown-failing (dummy) [default], iteration 75 completed (0.033 ms) ======
====== dummy-teardown-failing (dummy) [default], iteration 76 started ======
GC before operation: completed in 182.039 ms, heap usage 254.000 MB -> 256.000 MB.
====== dummy-teardown-failing (dummy) [default], iteration 76 completed (0.034 ms) ======
====== dummy-teardown-failing (dummy) [default], iteration 77 started ======
GC before operation: completed in 186.700 ms, heap usage 258.000 MB -> 252.000 MB.
====== dummy-teardown-failing (dummy) [default], iteration 77 completed (0.033 ms) ======
====== dummy-teardown-failing (dummy) [default], iteration 78 started ======
GC before operation: completed in 186.585 ms, heap usage 254.000 MB -> 252.000 MB.
====== dummy-teardown-failing (dummy) [default], iteration 78 completed (0.033 ms) ======
====== dummy-teardown-failing (dummy) [default], iteration 79 started ======
GC before operation: completed in 187.206 ms, heap usage 254.000 MB -> 252.000 MB.
====== dummy-teardown-failing (dummy) [default], iteration 79 completed (0.033 ms) ======
====== dummy-teardown-failing (dummy) [default], iteration 80 started ======
GC before operation: completed in 188.343 ms, heap usage 254.000 MB -> 252.000 MB.
====== dummy-teardown-failing (dummy) [default], iteration 80 completed (0.034 ms) ======
====== dummy-teardown-failing (dummy) [default], iteration 81 started ======
GC before operation: completed in 184.852 ms, heap usage 254.000 MB -> 252.000 MB.
====== dummy-teardown-failing (dummy) [default], iteration 81 completed (0.030 ms) ======
====== dummy-teardown-failing (dummy) [default], iteration 82 started ======
GC before operation: completed in 185.198 ms, heap usage 254.000 MB -> 252.000 MB.
====== dummy-teardown-failing (dummy) [default], iteration 82 completed (0.033 ms) ======
====== dummy-teardown-failing (dummy) [default], iteration 83 started ======
GC before operation: completed in 185.213 ms, heap usage 254.000 MB -> 252.000 MB.
====== dummy-teardown-failing (dummy) [default], iteration 83 completed (0.034 ms) ======
====== dummy-teardown-failing (dummy) [default], iteration 84 started ======
GC before operation: completed in 190.834 ms, heap usage 256.000 MB -> 254.000 MB.
====== dummy-teardown-failing (dummy) [default], iteration 84 completed (0.033 ms) ======
====== dummy-teardown-failing (dummy) [default], iteration 85 started ======
GC before operation: completed in 189.673 ms, heap usage 256.000 MB -> 252.000 MB.
====== dummy-teardown-failing (dummy) [default], iteration 85 completed (0.031 ms) ======
====== dummy-teardown-failing (dummy) [default], iteration 86 started ======
GC before operation: completed in 183.616 ms, heap usage 254.000 MB -> 252.000 MB.
====== dummy-teardown-failing (dummy) [default], iteration 86 completed (0.031 ms) ======
====== dummy-teardown-failing (dummy) [default], iteration 87 started ======
GC before operation: completed in 184.171 ms, heap usage 254.000 MB -> 254.000 MB.
====== dummy-teardown-failing (dummy) [default], iteration 87 completed (0.033 ms) ======
====== dummy-teardown-failing (dummy) [default], iteration 88 started ======
GC before operation: completed in 184.749 ms, heap usage 256.000 MB -> 252.000 MB.
====== dummy-teardown-failing (dummy) [default], iteration 88 completed (0.033 ms) ======
====== dummy-teardown-failing (dummy) [default], iteration 89 started ======
GC before operation: completed in 183.603 ms, heap usage 254.000 MB -> 252.000 MB.
====== dummy-teardown-failing (dummy) [default], iteration 89 completed (0.031 ms) ======
====== dummy-teardown-failing (dummy) [default], iteration 90 started ======
GC before operation: completed in 187.385 ms, heap usage 256.000 MB -> 252.000 MB.
====== dummy-teardown-failing (dummy) [default], iteration 90 completed (0.033 ms) ======
====== dummy-teardown-failing (dummy) [default], iteration 91 started ======
GC before operation: completed in 185.119 ms, heap usage 254.000 MB -> 252.000 MB.
====== dummy-teardown-failing (dummy) [default], iteration 91 completed (0.033 ms) ======
====== dummy-teardown-failing (dummy) [default], iteration 92 started ======
GC before operation: completed in 185.739 ms, heap usage 254.000 MB -> 252.000 MB.
====== dummy-teardown-failing (dummy) [default], iteration 92 completed (0.033 ms) ======
====== dummy-teardown-failing (dummy) [default], iteration 93 started ======
GC before operation: completed in 191.771 ms, heap usage 254.000 MB -> 254.000 MB.
====== dummy-teardown-failing (dummy) [default], iteration 93 completed (0.037 ms) ======
====== dummy-teardown-failing (dummy) [default], iteration 94 started ======
GC before operation: completed in 199.193 ms, heap usage 256.000 MB -> 252.000 MB.
====== dummy-teardown-failing (dummy) [default], iteration 94 completed (0.033 ms) ======
====== dummy-teardown-failing (dummy) [default], iteration 95 started ======
GC before operation: completed in 231.595 ms, heap usage 254.000 MB -> 256.000 MB.
====== dummy-teardown-failing (dummy) [default], iteration 95 completed (0.036 ms) ======
====== dummy-teardown-failing (dummy) [default], iteration 96 started ======
GC before operation: completed in 186.884 ms, heap usage 258.000 MB -> 254.000 MB.
====== dummy-teardown-failing (dummy) [default], iteration 96 completed (0.034 ms) ======
====== dummy-teardown-failing (dummy) [default], iteration 97 started ======
GC before operation: completed in 184.361 ms, heap usage 256.000 MB -> 252.000 MB.
====== dummy-teardown-failing (dummy) [default], iteration 97 completed (0.034 ms) ======
====== dummy-teardown-failing (dummy) [default], iteration 98 started ======
GC before operation: completed in 186.991 ms, heap usage 254.000 MB -> 254.000 MB.
====== dummy-teardown-failing (dummy) [default], iteration 98 completed (0.033 ms) ======
====== dummy-teardown-failing (dummy) [default], iteration 99 started ======
GC before operation: completed in 183.883 ms, heap usage 256.000 MB -> 254.000 MB.
====== dummy-teardown-failing (dummy) [default], iteration 99 completed (0.033 ms) ======
Benchmark 'dummy-teardown-failing' failed with exception:
java.lang.AssertionError: Intentionally failing
	at org.renaissance.dummy.DummyTeardownFailing.tearDownAfterAll(DummyTeardownFailing.java:18)
	at org.renaissance.harness.ExecutionDriver.executeBenchmark(ExecutionDriver.java:111)
	at org.renaissance.harness.RenaissanceSuite$.$anonfun$runBenchmarks$1(RenaissanceSuite.scala:163)
	at org.renaissance.harness.RenaissanceSuite$.$anonfun$runBenchmarks$1$adapted(RenaissanceSuite.scala:159)
	at scala.collection.immutable.List.foreach(List.scala:333)
	at org.renaissance.harness.RenaissanceSuite$.runBenchmarks(RenaissanceSuite.scala:159)
	at org.renaissance.harness.RenaissanceSuite$.main(RenaissanceSuite.scala:132)
	at org.renaissance.harness.RenaissanceSuite.main(RenaissanceSuite.scala)
	at java.base/jdk.internal.reflect.NativeMethodAccessorImpl.invoke0(Native Method)
	at java.base/jdk.internal.reflect.NativeMethodAccessorImpl.invoke(NativeMethodAccessorImpl.java:77)
	at java.base/jdk.internal.reflect.DelegatingMethodAccessorImpl.invoke(DelegatingMethodAccessorImpl.java:43)
	at java.base/java.lang.reflect.Method.invoke(Method.java:568)
	at org.renaissance.core.Launcher.loadAndInvokeHarnessClass(Launcher.java:129)
	at org.renaissance.core.Launcher.launchHarnessClass(Launcher.java:78)
	at org.renaissance.core.Launcher.main(Launcher.java:43)
====== dummy-empty (dummy) [default], iteration 0 started ======
GC before operation: completed in 198.902 ms, heap usage 258.000 MB -> 256.000 MB.
====== dummy-empty (dummy) [default], iteration 0 completed (0.222 ms) ======
====== dummy-empty (dummy) [default], iteration 1 started ======
GC before operation: completed in 185.813 ms, heap usage 258.000 MB -> 256.000 MB.
====== dummy-empty (dummy) [default], iteration 1 completed (0.032 ms) ======
====== dummy-empty (dummy) [default], iteration 2 started ======
GC before operation: completed in 185.697 ms, heap usage 258.000 MB -> 254.000 MB.
====== dummy-empty (dummy) [default], iteration 2 completed (0.035 ms) ======
====== dummy-empty (dummy) [default], iteration 3 started ======
GC before operation: completed in 182.791 ms, heap usage 256.000 MB -> 254.000 MB.
====== dummy-empty (dummy) [default], iteration 3 completed (0.034 ms) ======
====== dummy-empty (dummy) [default], iteration 4 started ======
GC before operation: completed in 183.165 ms, heap usage 256.000 MB -> 254.000 MB.
====== dummy-empty (dummy) [default], iteration 4 completed (0.033 ms) ======
====== dummy-empty (dummy) [default], iteration 5 started ======
GC before operation: completed in 183.704 ms, heap usage 256.000 MB -> 254.000 MB.
====== dummy-empty (dummy) [default], iteration 5 completed (0.035 ms) ======
====== dummy-empty (dummy) [default], iteration 6 started ======
GC before operation: completed in 190.134 ms, heap usage 256.000 MB -> 252.000 MB.
====== dummy-empty (dummy) [default], iteration 6 completed (0.035 ms) ======
====== dummy-empty (dummy) [default], iteration 7 started ======
GC before operation: completed in 188.141 ms, heap usage 254.000 MB -> 254.000 MB.
====== dummy-empty (dummy) [default], iteration 7 completed (0.036 ms) ======
====== dummy-empty (dummy) [default], iteration 8 started ======
GC before operation: completed in 185.634 ms, heap usage 256.000 MB -> 256.000 MB.
====== dummy-empty (dummy) [default], iteration 8 completed (0.034 ms) ======
====== dummy-empty (dummy) [default], iteration 9 started ======
GC before operation: completed in 187.410 ms, heap usage 258.000 MB -> 256.000 MB.
====== dummy-empty (dummy) [default], iteration 9 completed (0.036 ms) ======
====== dummy-empty (dummy) [default], iteration 10 started ======
GC before operation: completed in 188.640 ms, heap usage 258.000 MB -> 252.000 MB.
====== dummy-empty (dummy) [default], iteration 10 completed (0.035 ms) ======
====== dummy-empty (dummy) [default], iteration 11 started ======
GC before operation: completed in 187.181 ms, heap usage 254.000 MB -> 252.000 MB.
====== dummy-empty (dummy) [default], iteration 11 completed (0.033 ms) ======
====== dummy-empty (dummy) [default], iteration 12 started ======
GC before operation: completed in 184.328 ms, heap usage 254.000 MB -> 252.000 MB.
====== dummy-empty (dummy) [default], iteration 12 completed (0.033 ms) ======
====== dummy-empty (dummy) [default], iteration 13 started ======
GC before operation: completed in 184.122 ms, heap usage 254.000 MB -> 252.000 MB.
====== dummy-empty (dummy) [default], iteration 13 completed (0.031 ms) ======
====== dummy-empty (dummy) [default], iteration 14 started ======
GC before operation: completed in 185.160 ms, heap usage 254.000 MB -> 252.000 MB.
====== dummy-empty (dummy) [default], iteration 14 completed (0.033 ms) ======
====== dummy-empty (dummy) [default], iteration 15 started ======
GC before operation: completed in 183.247 ms, heap usage 254.000 MB -> 254.000 MB.
====== dummy-empty (dummy) [default], iteration 15 completed (0.034 ms) ======
====== dummy-empty (dummy) [default], iteration 16 started ======
GC before operation: completed in 186.543 ms, heap usage 256.000 MB -> 254.000 MB.
====== dummy-empty (dummy) [default], iteration 16 completed (0.034 ms) ======
====== dummy-empty (dummy) [default], iteration 17 started ======
GC before operation: completed in 189.117 ms, heap usage 256.000 MB -> 252.000 MB.
====== dummy-empty (dummy) [default], iteration 17 completed (0.034 ms) ======
====== dummy-empty (dummy) [default], iteration 18 started ======
GC before operation: completed in 184.956 ms, heap usage 254.000 MB -> 252.000 MB.
====== dummy-empty (dummy) [default], iteration 18 completed (0.033 ms) ======
====== dummy-empty (dummy) [default], iteration 19 started ======
GC before operation: completed in 186.954 ms, heap usage 254.000 MB -> 252.000 MB.
====== dummy-empty (dummy) [default], iteration 19 completed (0.034 ms) ======
====== dummy-empty (dummy) [default], iteration 20 started ======
GC before operation: completed in 187.142 ms, heap usage 254.000 MB -> 256.000 MB.
====== dummy-empty (dummy) [default], iteration 20 completed (0.034 ms) ======
====== dummy-empty (dummy) [default], iteration 21 started ======
GC before operation: completed in 182.833 ms, heap usage 258.000 MB -> 252.000 MB.
====== dummy-empty (dummy) [default], iteration 21 completed (0.034 ms) ======
====== dummy-empty (dummy) [default], iteration 22 started ======
GC before operation: completed in 192.934 ms, heap usage 256.000 MB -> 256.000 MB.
====== dummy-empty (dummy) [default], iteration 22 completed (0.035 ms) ======
====== dummy-empty (dummy) [default], iteration 23 started ======
GC before operation: completed in 187.487 ms, heap usage 258.000 MB -> 252.000 MB.
====== dummy-empty (dummy) [default], iteration 23 completed (0.033 ms) ======
====== dummy-empty (dummy) [default], iteration 24 started ======
GC before operation: completed in 185.862 ms, heap usage 254.000 MB -> 252.000 MB.
====== dummy-empty (dummy) [default], iteration 24 completed (0.034 ms) ======
====== dummy-empty (dummy) [default], iteration 25 started ======
GC before operation: completed in 183.049 ms, heap usage 254.000 MB -> 252.000 MB.
====== dummy-empty (dummy) [default], iteration 25 completed (0.034 ms) ======
====== dummy-empty (dummy) [default], iteration 26 started ======
GC before operation: completed in 226.160 ms, heap usage 254.000 MB -> 256.000 MB.
====== dummy-empty (dummy) [default], iteration 26 completed (0.034 ms) ======
====== dummy-empty (dummy) [default], iteration 27 started ======
GC before operation: completed in 188.210 ms, heap usage 258.000 MB -> 254.000 MB.
====== dummy-empty (dummy) [default], iteration 27 completed (0.035 ms) ======
====== dummy-empty (dummy) [default], iteration 28 started ======
GC before operation: completed in 183.417 ms, heap usage 256.000 MB -> 254.000 MB.
====== dummy-empty (dummy) [default], iteration 28 completed (0.033 ms) ======
====== dummy-empty (dummy) [default], iteration 29 started ======
GC before operation: completed in 182.772 ms, heap usage 256.000 MB -> 254.000 MB.
====== dummy-empty (dummy) [default], iteration 29 completed (0.030 ms) ======
====== dummy-empty (dummy) [default], iteration 30 started ======
GC before operation: completed in 183.160 ms, heap usage 256.000 MB -> 252.000 MB.
====== dummy-empty (dummy) [default], iteration 30 completed (0.035 ms) ======
====== dummy-empty (dummy) [default], iteration 31 started ======
GC before operation: completed in 186.279 ms, heap usage 254.000 MB -> 254.000 MB.
====== dummy-empty (dummy) [default], iteration 31 completed (0.031 ms) ======
====== dummy-empty (dummy) [default], iteration 32 started ======
GC before operation: completed in 185.044 ms, heap usage 256.000 MB -> 252.000 MB.
====== dummy-empty (dummy) [default], iteration 32 completed (0.035 ms) ======
====== dummy-empty (dummy) [default], iteration 33 started ======
GC before operation: completed in 183.609 ms, heap usage 254.000 MB -> 252.000 MB.
====== dummy-empty (dummy) [default], iteration 33 completed (0.034 ms) ======
====== dummy-empty (dummy) [default], iteration 34 started ======
GC before operation: completed in 184.103 ms, heap usage 254.000 MB -> 252.000 MB.
====== dummy-empty (dummy) [default], iteration 34 completed (0.033 ms) ======
====== dummy-empty (dummy) [default], iteration 35 started ======
GC before operation: completed in 185.962 ms, heap usage 254.000 MB -> 252.000 MB.
====== dummy-empty (dummy) [default], iteration 35 completed (0.034 ms) ======
====== dummy-empty (dummy) [default], iteration 36 started ======
GC before operation: completed in 185.684 ms, heap usage 254.000 MB -> 252.000 MB.
====== dummy-empty (dummy) [default], iteration 36 completed (0.034 ms) ======
====== dummy-empty (dummy) [default], iteration 37 started ======
GC before operation: completed in 188.844 ms, heap usage 254.000 MB -> 252.000 MB.
====== dummy-empty (dummy) [default], iteration 37 completed (0.033 ms) ======
====== dummy-empty (dummy) [default], iteration 38 started ======
GC before operation: completed in 187.491 ms, heap usage 254.000 MB -> 252.000 MB.
====== dummy-empty (dummy) [default], iteration 38 completed (0.034 ms) ======
====== dummy-empty (dummy) [default], iteration 39 started ======
GC before operation: completed in 186.793 ms, heap usage 254.000 MB -> 252.000 MB.
====== dummy-empty (dummy) [default], iteration 39 completed (0.034 ms) ======
====== dummy-empty (dummy) [default], iteration 40 started ======
GC before operation: completed in 186.438 ms, heap usage 254.000 MB -> 252.000 MB.
====== dummy-empty (dummy) [default], iteration 40 completed (0.034 ms) ======
====== dummy-empty (dummy) [default], iteration 41 started ======
GC before operation: completed in 185.348 ms, heap usage 254.000 MB -> 254.000 MB.
====== dummy-empty (dummy) [default], iteration 41 completed (0.034 ms) ======
====== dummy-empty (dummy) [default], iteration 42 started ======
GC before operation: completed in 183.924 ms, heap usage 256.000 MB -> 254.000 MB.
====== dummy-empty (dummy) [default], iteration 42 completed (0.050 ms) ======
====== dummy-empty (dummy) [default], iteration 43 started ======
GC before operation: completed in 184.448 ms, heap usage 256.000 MB -> 252.000 MB.
====== dummy-empty (dummy) [default], iteration 43 completed (0.033 ms) ======
====== dummy-empty (dummy) [default], iteration 44 started ======
GC before operation: completed in 184.429 ms, heap usage 254.000 MB -> 252.000 MB.
====== dummy-empty (dummy) [default], iteration 44 completed (0.031 ms) ======
====== dummy-empty (dummy) [default], iteration 45 started ======
GC before operation: completed in 184.013 ms, heap usage 254.000 MB -> 252.000 MB.
====== dummy-empty (dummy) [default], iteration 45 completed (0.031 ms) ======
====== dummy-empty (dummy) [default], iteration 46 started ======
GC before operation: completed in 183.103 ms, heap usage 254.000 MB -> 252.000 MB.
====== dummy-empty (dummy) [default], iteration 46 completed (0.050 ms) ======
====== dummy-empty (dummy) [default], iteration 47 started ======
GC before operation: completed in 189.298 ms, heap usage 254.000 MB -> 252.000 MB.
====== dummy-empty (dummy) [default], iteration 47 completed (0.035 ms) ======
====== dummy-empty (dummy) [default], iteration 48 started ======
GC before operation: completed in 185.994 ms, heap usage 254.000 MB -> 252.000 MB.
====== dummy-empty (dummy) [default], iteration 48 completed (0.034 ms) ======
====== dummy-empty (dummy) [default], iteration 49 started ======
GC before operation: completed in 182.953 ms, heap usage 254.000 MB -> 252.000 MB.
====== dummy-empty (dummy) [default], iteration 49 completed (0.037 ms) ======
====== dummy-empty (dummy) [default], iteration 50 started ======
GC before operation: completed in 184.854 ms, heap usage 254.000 MB -> 252.000 MB.
====== dummy-empty (dummy) [default], iteration 50 completed (0.034 ms) ======
====== dummy-empty (dummy) [default], iteration 51 started ======
GC before operation: completed in 189.113 ms, heap usage 254.000 MB -> 252.000 MB.
====== dummy-empty (dummy) [default], iteration 51 completed (0.031 ms) ======
====== dummy-empty (dummy) [default], iteration 52 started ======
GC before operation: completed in 182.315 ms, heap usage 254.000 MB -> 254.000 MB.
====== dummy-empty (dummy) [default], iteration 52 completed (0.034 ms) ======
====== dummy-empty (dummy) [default], iteration 53 started ======
GC before operation: completed in 182.773 ms, heap usage 256.000 MB -> 254.000 MB.
====== dummy-empty (dummy) [default], iteration 53 completed (0.034 ms) ======
====== dummy-empty (dummy) [default], iteration 54 started ======
GC before operation: completed in 187.279 ms, heap usage 256.000 MB -> 252.000 MB.
====== dummy-empty (dummy) [default], iteration 54 completed (0.034 ms) ======
====== dummy-empty (dummy) [default], iteration 55 started ======
GC before operation: completed in 183.212 ms, heap usage 254.000 MB -> 252.000 MB.
====== dummy-empty (dummy) [default], iteration 55 completed (0.033 ms) ======
====== dummy-empty (dummy) [default], iteration 56 started ======
GC before operation: completed in 187.196 ms, heap usage 254.000 MB -> 252.000 MB.
====== dummy-empty (dummy) [default], iteration 56 completed (0.033 ms) ======
====== dummy-empty (dummy) [default], iteration 57 started ======
GC before operation: completed in 185.419 ms, heap usage 254.000 MB -> 252.000 MB.
====== dummy-empty (dummy) [default], iteration 57 completed (0.034 ms) ======
====== dummy-empty (dummy) [default], iteration 58 started ======
GC before operation: completed in 183.661 ms, heap usage 254.000 MB -> 252.000 MB.
====== dummy-empty (dummy) [default], iteration 58 completed (0.033 ms) ======
====== dummy-empty (dummy) [default], iteration 59 started ======
GC before operation: completed in 187.117 ms, heap usage 254.000 MB -> 252.000 MB.
====== dummy-empty (dummy) [default], iteration 59 completed (0.031 ms) ======
====== dummy-empty (dummy) [default], iteration 60 started ======
GC before operation: completed in 183.662 ms, heap usage 254.000 MB -> 252.000 MB.
====== dummy-empty (dummy) [default], iteration 60 completed (0.034 ms) ======
====== dummy-empty (dummy) [default], iteration 61 started ======
GC before operation: completed in 184.999 ms, heap usage 254.000 MB -> 252.000 MB.
====== dummy-empty (dummy) [default], iteration 61 completed (0.034 ms) ======
====== dummy-empty (dummy) [default], iteration 62 started ======
GC before operation: completed in 191.473 ms, heap usage 254.000 MB -> 252.000 MB.
====== dummy-empty (dummy) [default], iteration 62 completed (0.037 ms) ======
====== dummy-empty (dummy) [default], iteration 63 started ======
GC before operation: completed in 186.692 ms, heap usage 254.000 MB -> 252.000 MB.
====== dummy-empty (dummy) [default], iteration 63 completed (0.033 ms) ======
====== dummy-empty (dummy) [default], iteration 64 started ======
GC before operation: completed in 184.212 ms, heap usage 254.000 MB -> 254.000 MB.
====== dummy-empty (dummy) [default], iteration 64 completed (0.034 ms) ======
====== dummy-empty (dummy) [default], iteration 65 started ======
GC before operation: completed in 184.039 ms, heap usage 258.000 MB -> 254.000 MB.
====== dummy-empty (dummy) [default], iteration 65 completed (0.034 ms) ======
====== dummy-empty (dummy) [default], iteration 66 started ======
GC before operation: completed in 187.997 ms, heap usage 258.000 MB -> 252.000 MB.
====== dummy-empty (dummy) [default], iteration 66 completed (0.031 ms) ======
====== dummy-empty (dummy) [default], iteration 67 started ======
GC before operation: completed in 199.603 ms, heap usage 256.000 MB -> 258.000 MB.
====== dummy-empty (dummy) [default], iteration 67 completed (0.033 ms) ======
====== dummy-empty (dummy) [default], iteration 68 started ======
GC before operation: completed in 185.085 ms, heap usage 260.000 MB -> 252.000 MB.
====== dummy-empty (dummy) [default], iteration 68 completed (0.031 ms) ======
====== dummy-empty (dummy) [default], iteration 69 started ======
GC before operation: completed in 186.841 ms, heap usage 256.000 MB -> 252.000 MB.
====== dummy-empty (dummy) [default], iteration 69 completed (0.035 ms) ======
====== dummy-empty (dummy) [default], iteration 70 started ======
GC before operation: completed in 188.462 ms, heap usage 254.000 MB -> 254.000 MB.
====== dummy-empty (dummy) [default], iteration 70 completed (0.034 ms) ======
====== dummy-empty (dummy) [default], iteration 71 started ======
GC before operation: completed in 183.884 ms, heap usage 256.000 MB -> 252.000 MB.
====== dummy-empty (dummy) [default], iteration 71 completed (0.035 ms) ======
====== dummy-empty (dummy) [default], iteration 72 started ======
GC before operation: completed in 186.208 ms, heap usage 254.000 MB -> 252.000 MB.
====== dummy-empty (dummy) [default], iteration 72 completed (0.034 ms) ======
====== dummy-empty (dummy) [default], iteration 73 started ======
GC before operation: completed in 186.351 ms, heap usage 254.000 MB -> 252.000 MB.
====== dummy-empty (dummy) [default], iteration 73 completed (0.034 ms) ======
====== dummy-empty (dummy) [default], iteration 74 started ======
GC before operation: completed in 187.009 ms, heap usage 254.000 MB -> 252.000 MB.
====== dummy-empty (dummy) [default], iteration 74 completed (0.034 ms) ======
====== dummy-empty (dummy) [default], iteration 75 started ======
GC before operation: completed in 187.050 ms, heap usage 254.000 MB -> 254.000 MB.
====== dummy-empty (dummy) [default], iteration 75 completed (0.034 ms) ======
====== dummy-empty (dummy) [default], iteration 76 started ======
GC before operation: completed in 187.817 ms, heap usage 256.000 MB -> 252.000 MB.
====== dummy-empty (dummy) [default], iteration 76 completed (0.035 ms) ======
====== dummy-empty (dummy) [default], iteration 77 started ======
GC before operation: completed in 187.809 ms, heap usage 254.000 MB -> 254.000 MB.
====== dummy-empty (dummy) [default], iteration 77 completed (0.034 ms) ======
====== dummy-empty (dummy) [default], iteration 78 started ======
GC before operation: completed in 189.218 ms, heap usage 256.000 MB -> 252.000 MB.
====== dummy-empty (dummy) [default], iteration 78 completed (0.034 ms) ======
====== dummy-empty (dummy) [default], iteration 79 started ======
GC before operation: completed in 186.408 ms, heap usage 254.000 MB -> 252.000 MB.
====== dummy-empty (dummy) [default], iteration 79 completed (0.034 ms) ======
====== dummy-empty (dummy) [default], iteration 80 started ======
GC before operation: completed in 190.095 ms, heap usage 254.000 MB -> 252.000 MB.
====== dummy-empty (dummy) [default], iteration 80 completed (0.035 ms) ======
====== dummy-empty (dummy) [default], iteration 81 started ======
GC before operation: completed in 184.264 ms, heap usage 254.000 MB -> 256.000 MB.
====== dummy-empty (dummy) [default], iteration 81 completed (0.033 ms) ======
====== dummy-empty (dummy) [default], iteration 82 started ======
GC before operation: completed in 186.002 ms, heap usage 258.000 MB -> 252.000 MB.
====== dummy-empty (dummy) [default], iteration 82 completed (0.032 ms) ======
====== dummy-empty (dummy) [default], iteration 83 started ======
GC before operation: completed in 185.094 ms, heap usage 254.000 MB -> 252.000 MB.
====== dummy-empty (dummy) [default], iteration 83 completed (0.032 ms) ======
====== dummy-empty (dummy) [default], iteration 84 started ======
GC before operation: completed in 187.606 ms, heap usage 254.000 MB -> 254.000 MB.
====== dummy-empty (dummy) [default], iteration 84 completed (0.034 ms) ======
====== dummy-empty (dummy) [default], iteration 85 started ======
GC before operation: completed in 186.176 ms, heap usage 256.000 MB -> 252.000 MB.
====== dummy-empty (dummy) [default], iteration 85 completed (0.035 ms) ======
====== dummy-empty (dummy) [default], iteration 86 started ======
GC before operation: completed in 187.366 ms, heap usage 254.000 MB -> 254.000 MB.
====== dummy-empty (dummy) [default], iteration 86 completed (0.035 ms) ======
====== dummy-empty (dummy) [default], iteration 87 started ======
GC before operation: completed in 190.155 ms, heap usage 256.000 MB -> 252.000 MB.
====== dummy-empty (dummy) [default], iteration 87 completed (0.035 ms) ======
====== dummy-empty (dummy) [default], iteration 88 started ======
GC before operation: completed in 185.297 ms, heap usage 254.000 MB -> 252.000 MB.
====== dummy-empty (dummy) [default], iteration 88 completed (0.032 ms) ======
====== dummy-empty (dummy) [default], iteration 89 started ======
GC before operation: completed in 184.568 ms, heap usage 254.000 MB -> 252.000 MB.
====== dummy-empty (dummy) [default], iteration 89 completed (0.032 ms) ======
====== dummy-empty (dummy) [default], iteration 90 started ======
GC before operation: completed in 184.191 ms, heap usage 254.000 MB -> 252.000 MB.
====== dummy-empty (dummy) [default], iteration 90 completed (0.036 ms) ======
====== dummy-empty (dummy) [default], iteration 91 started ======
GC before operation: completed in 180.863 ms, heap usage 254.000 MB -> 252.000 MB.
====== dummy-empty (dummy) [default], iteration 91 completed (0.031 ms) ======
====== dummy-empty (dummy) [default], iteration 92 started ======
GC before operation: completed in 197.426 ms, heap usage 254.000 MB -> 254.000 MB.
====== dummy-empty (dummy) [default], iteration 92 completed (0.034 ms) ======
====== dummy-empty (dummy) [default], iteration 93 started ======
GC before operation: completed in 188.843 ms, heap usage 256.000 MB -> 254.000 MB.
====== dummy-empty (dummy) [default], iteration 93 completed (0.034 ms) ======
====== dummy-empty (dummy) [default], iteration 94 started ======
GC before operation: completed in 184.600 ms, heap usage 256.000 MB -> 252.000 MB.
====== dummy-empty (dummy) [default], iteration 94 completed (0.034 ms) ======
====== dummy-empty (dummy) [default], iteration 95 started ======
GC before operation: completed in 185.395 ms, heap usage 254.000 MB -> 252.000 MB.
====== dummy-empty (dummy) [default], iteration 95 completed (0.034 ms) ======
====== dummy-empty (dummy) [default], iteration 96 started ======
GC before operation: completed in 191.866 ms, heap usage 254.000 MB -> 254.000 MB.
====== dummy-empty (dummy) [default], iteration 96 completed (0.034 ms) ======
====== dummy-empty (dummy) [default], iteration 97 started ======
GC before operation: completed in 185.938 ms, heap usage 256.000 MB -> 254.000 MB.
====== dummy-empty (dummy) [default], iteration 97 completed (0.031 ms) ======
====== dummy-empty (dummy) [default], iteration 98 started ======
GC before operation: completed in 185.817 ms, heap usage 256.000 MB -> 254.000 MB.
====== dummy-empty (dummy) [default], iteration 98 completed (0.034 ms) ======
====== dummy-empty (dummy) [default], iteration 99 started ======
GC before operation: completed in 185.823 ms, heap usage 256.000 MB -> 252.000 MB.
====== dummy-empty (dummy) [default], iteration 99 completed (0.034 ms) ======
====== dummy-validation-failing (dummy) [default], iteration 0 started ======
GC before operation: completed in 194.263 ms, heap usage 256.000 MB -> 254.000 MB.
====== dummy-validation-failing (dummy) [default], iteration 0 completed (0.210 ms) ======
====== dummy-validation-failing (dummy) [default], iteration 1 started ======
GC before operation: completed in 190.059 ms, heap usage 258.000 MB -> 256.000 MB.
====== dummy-validation-failing (dummy) [default], iteration 1 failed (ValidationException) ======
Benchmark 'dummy-validation-failing' failed result validation:
intentional failure: expected 1 but got -1
====== dummy-failing (dummy) [default], iteration 0 started ======
GC before operation: completed in 187.632 ms, heap usage 260.000 MB -> 254.000 MB.
====== dummy-failing (dummy) [default], iteration 0 completed (0.173 ms) ======
====== dummy-failing (dummy) [default], iteration 1 started ======
GC before operation: completed in 190.759 ms, heap usage 256.000 MB -> 256.000 MB.
====== dummy-failing (dummy) [default], iteration 1 failed (AssertionError) ======
Benchmark 'dummy-failing' failed with exception:
java.lang.AssertionError: Intentionally failing
	at org.renaissance.dummy.DummyFailing.run(DummyFailing.java:22)
	at org.renaissance.harness.ExecutionDriver.executeOperation(ExecutionDriver.java:137)
	at org.renaissance.harness.ExecutionDriver.executeBenchmark(ExecutionDriver.java:93)
	at org.renaissance.harness.RenaissanceSuite$.$anonfun$runBenchmarks$1(RenaissanceSuite.scala:163)
	at org.renaissance.harness.RenaissanceSuite$.$anonfun$runBenchmarks$1$adapted(RenaissanceSuite.scala:159)
	at scala.collection.immutable.List.foreach(List.scala:333)
	at org.renaissance.harness.RenaissanceSuite$.runBenchmarks(RenaissanceSuite.scala:159)
	at org.renaissance.harness.RenaissanceSuite$.main(RenaissanceSuite.scala:132)
	at org.renaissance.harness.RenaissanceSuite.main(RenaissanceSuite.scala)
	at java.base/jdk.internal.reflect.NativeMethodAccessorImpl.invoke0(Native Method)
	at java.base/jdk.internal.reflect.NativeMethodAccessorImpl.invoke(NativeMethodAccessorImpl.java:77)
	at java.base/jdk.internal.reflect.DelegatingMethodAccessorImpl.invoke(DelegatingMethodAccessorImpl.java:43)
	at java.base/java.lang.reflect.Method.invoke(Method.java:568)
	at org.renaissance.core.Launcher.loadAndInvokeHarnessClass(Launcher.java:129)
	at org.renaissance.core.Launcher.launchHarnessClass(Launcher.java:78)
	at org.renaissance.core.Launcher.main(Launcher.java:43)
====== dummy-param (dummy) [default], iteration 0 started ======
GC before operation: completed in 187.565 ms, heap usage 258.000 MB -> 256.000 MB.
thread_count: 4
meaning_of_life: 42
beyond_reason: PI
reality_check: 3.141593
the_sky_is_blue: true
tough_choice: to be,not to be
====== dummy-param (dummy) [default], iteration 0 completed (22.183 ms) ======
====== dummy-param (dummy) [default], iteration 1 started ======
GC before operation: completed in 189.804 ms, heap usage 260.000 MB -> 256.000 MB.
thread_count: 4
meaning_of_life: 42
beyond_reason: PI
reality_check: 3.141593
the_sky_is_blue: true
tough_choice: to be,not to be
====== dummy-param (dummy) [default], iteration 1 completed (1.674 ms) ======
====== dummy-param (dummy) [default], iteration 2 started ======
GC before operation: completed in 188.352 ms, heap usage 262.000 MB -> 254.000 MB.
thread_count: 4
meaning_of_life: 42
beyond_reason: PI
reality_check: 3.141593
the_sky_is_blue: true
tough_choice: to be,not to be
====== dummy-param (dummy) [default], iteration 2 completed (1.599 ms) ======
====== dummy-param (dummy) [default], iteration 3 started ======
GC before operation: completed in 187.632 ms, heap usage 258.000 MB -> 254.000 MB.
thread_count: 4
meaning_of_life: 42
beyond_reason: PI
reality_check: 3.141593
the_sky_is_blue: true
tough_choice: to be,not to be
====== dummy-param (dummy) [default], iteration 3 completed (1.572 ms) ======
====== dummy-param (dummy) [default], iteration 4 started ======
GC before operation: completed in 186.668 ms, heap usage 256.000 MB -> 256.000 MB.
thread_count: 4
meaning_of_life: 42
beyond_reason: PI
reality_check: 3.141593
the_sky_is_blue: true
tough_choice: to be,not to be
====== dummy-param (dummy) [default], iteration 4 completed (1.569 ms) ======
====== dummy-param (dummy) [default], iteration 5 started ======
GC before operation: completed in 200.282 ms, heap usage 260.000 MB -> 256.000 MB.
thread_count: 4
meaning_of_life: 42
beyond_reason: PI
reality_check: 3.141593
the_sky_is_blue: true
tough_choice: to be,not to be
====== dummy-param (dummy) [default], iteration 5 completed (1.533 ms) ======
====== dummy-param (dummy) [default], iteration 6 started ======
GC before operation: completed in 198.541 ms, heap usage 258.000 MB -> 258.000 MB.
thread_count: 4
meaning_of_life: 42
beyond_reason: PI
reality_check: 3.141593
the_sky_is_blue: true
tough_choice: to be,not to be
====== dummy-param (dummy) [default], iteration 6 completed (1.533 ms) ======
====== dummy-param (dummy) [default], iteration 7 started ======
GC before operation: completed in 187.362 ms, heap usage 260.000 MB -> 254.000 MB.
thread_count: 4
meaning_of_life: 42
beyond_reason: PI
reality_check: 3.141593
the_sky_is_blue: true
tough_choice: to be,not to be
====== dummy-param (dummy) [default], iteration 7 completed (1.463 ms) ======
====== dummy-param (dummy) [default], iteration 8 started ======
GC before operation: completed in 189.682 ms, heap usage 256.000 MB -> 254.000 MB.
thread_count: 4
meaning_of_life: 42
beyond_reason: PI
reality_check: 3.141593
the_sky_is_blue: true
tough_choice: to be,not to be
====== dummy-param (dummy) [default], iteration 8 completed (1.411 ms) ======
====== dummy-param (dummy) [default], iteration 9 started ======
GC before operation: completed in 187.204 ms, heap usage 256.000 MB -> 254.000 MB.
thread_count: 4
meaning_of_life: 42
beyond_reason: PI
reality_check: 3.141593
the_sky_is_blue: true
tough_choice: to be,not to be
====== dummy-param (dummy) [default], iteration 9 completed (1.410 ms) ======
====== dummy-param (dummy) [default], iteration 10 started ======
GC before operation: completed in 189.435 ms, heap usage 256.000 MB -> 254.000 MB.
thread_count: 4
meaning_of_life: 42
beyond_reason: PI
reality_check: 3.141593
the_sky_is_blue: true
tough_choice: to be,not to be
====== dummy-param (dummy) [default], iteration 10 completed (1.557 ms) ======
====== dummy-param (dummy) [default], iteration 11 started ======
GC before operation: completed in 226.937 ms, heap usage 256.000 MB -> 258.000 MB.
thread_count: 4
meaning_of_life: 42
beyond_reason: PI
reality_check: 3.141593
the_sky_is_blue: true
tough_choice: to be,not to be
====== dummy-param (dummy) [default], iteration 11 completed (1.754 ms) ======
====== dummy-param (dummy) [default], iteration 12 started ======
GC before operation: completed in 191.137 ms, heap usage 260.000 MB -> 254.000 MB.
thread_count: 4
meaning_of_life: 42
beyond_reason: PI
reality_check: 3.141593
the_sky_is_blue: true
tough_choice: to be,not to be
====== dummy-param (dummy) [default], iteration 12 completed (1.437 ms) ======
====== dummy-param (dummy) [default], iteration 13 started ======
GC before operation: completed in 189.436 ms, heap usage 256.000 MB -> 252.000 MB.
thread_count: 4
meaning_of_life: 42
beyond_reason: PI
reality_check: 3.141593
the_sky_is_blue: true
tough_choice: to be,not to be
====== dummy-param (dummy) [default], iteration 13 completed (1.557 ms) ======
====== dummy-param (dummy) [default], iteration 14 started ======
GC before operation: completed in 230.408 ms, heap usage 256.000 MB -> 254.000 MB.
thread_count: 4
meaning_of_life: 42
beyond_reason: PI
reality_check: 3.141593
the_sky_is_blue: true
tough_choice: to be,not to be
====== dummy-param (dummy) [default], iteration 14 completed (1.908 ms) ======
====== dummy-param (dummy) [default], iteration 15 started ======
GC before operation: completed in 235.248 ms, heap usage 256.000 MB -> 256.000 MB.
thread_count: 4
meaning_of_life: 42
beyond_reason: PI
reality_check: 3.141593
the_sky_is_blue: true
tough_choice: to be,not to be
====== dummy-param (dummy) [default], iteration 15 completed (1.897 ms) ======
====== dummy-param (dummy) [default], iteration 16 started ======
GC before operation: completed in 234.536 ms, heap usage 258.000 MB -> 252.000 MB.
thread_count: 4
meaning_of_life: 42
beyond_reason: PI
reality_check: 3.141593
the_sky_is_blue: true
tough_choice: to be,not to be
====== dummy-param (dummy) [default], iteration 16 completed (1.870 ms) ======
====== dummy-param (dummy) [default], iteration 17 started ======
GC before operation: completed in 236.315 ms, heap usage 254.000 MB -> 254.000 MB.
thread_count: 4
meaning_of_life: 42
beyond_reason: PI
reality_check: 3.141593
the_sky_is_blue: true
tough_choice: to be,not to be
====== dummy-param (dummy) [default], iteration 17 completed (1.932 ms) ======
====== dummy-param (dummy) [default], iteration 18 started ======
GC before operation: completed in 233.672 ms, heap usage 258.000 MB -> 254.000 MB.
thread_count: 4
meaning_of_life: 42
beyond_reason: PI
reality_check: 3.141593
the_sky_is_blue: true
tough_choice: to be,not to be
====== dummy-param (dummy) [default], iteration 18 completed (1.858 ms) ======
====== dummy-param (dummy) [default], iteration 19 started ======
GC before operation: completed in 233.757 ms, heap usage 256.000 MB -> 254.000 MB.
thread_count: 4
meaning_of_life: 42
beyond_reason: PI
reality_check: 3.141593
the_sky_is_blue: true
tough_choice: to be,not to be
====== dummy-param (dummy) [default], iteration 19 completed (1.880 ms) ======
====== dummy-param (dummy) [default], iteration 20 started ======
GC before operation: completed in 231.558 ms, heap usage 256.000 MB -> 252.000 MB.
thread_count: 4
meaning_of_life: 42
beyond_reason: PI
reality_check: 3.141593
the_sky_is_blue: true
tough_choice: to be,not to be
====== dummy-param (dummy) [default], iteration 20 completed (1.908 ms) ======
====== dummy-param (dummy) [default], iteration 21 started ======
GC before operation: completed in 239.949 ms, heap usage 254.000 MB -> 256.000 MB.
thread_count: 4
meaning_of_life: 42
beyond_reason: PI
reality_check: 3.141593
the_sky_is_blue: true
tough_choice: to be,not to be
====== dummy-param (dummy) [default], iteration 21 completed (1.846 ms) ======
====== dummy-param (dummy) [default], iteration 22 started ======
GC before operation: completed in 233.410 ms, heap usage 258.000 MB -> 254.000 MB.
thread_count: 4
meaning_of_life: 42
beyond_reason: PI
reality_check: 3.141593
the_sky_is_blue: true
tough_choice: to be,not to be
====== dummy-param (dummy) [default], iteration 22 completed (1.906 ms) ======
====== dummy-param (dummy) [default], iteration 23 started ======
GC before operation: completed in 199.269 ms, heap usage 256.000 MB -> 252.000 MB.
thread_count: 4
meaning_of_life: 42
beyond_reason: PI
reality_check: 3.141593
the_sky_is_blue: true
tough_choice: to be,not to be
====== dummy-param (dummy) [default], iteration 23 completed (1.682 ms) ======
====== dummy-param (dummy) [default], iteration 24 started ======
GC before operation: completed in 188.455 ms, heap usage 254.000 MB -> 254.000 MB.
thread_count: 4
meaning_of_life: 42
beyond_reason: PI
reality_check: 3.141593
the_sky_is_blue: true
tough_choice: to be,not to be
====== dummy-param (dummy) [default], iteration 24 completed (1.496 ms) ======
====== dummy-param (dummy) [default], iteration 25 started ======
GC before operation: completed in 185.097 ms, heap usage 256.000 MB -> 252.000 MB.
thread_count: 4
meaning_of_life: 42
beyond_reason: PI
reality_check: 3.141593
the_sky_is_blue: true
tough_choice: to be,not to be
====== dummy-param (dummy) [default], iteration 25 completed (1.494 ms) ======
====== dummy-param (dummy) [default], iteration 26 started ======
GC before operation: completed in 190.010 ms, heap usage 254.000 MB -> 252.000 MB.
thread_count: 4
meaning_of_life: 42
beyond_reason: PI
reality_check: 3.141593
the_sky_is_blue: true
tough_choice: to be,not to be
====== dummy-param (dummy) [default], iteration 26 completed (1.529 ms) ======
====== dummy-param (dummy) [default], iteration 27 started ======
GC before operation: completed in 228.751 ms, heap usage 256.000 MB -> 254.000 MB.
thread_count: 4
meaning_of_life: 42
beyond_reason: PI
reality_check: 3.141593
the_sky_is_blue: true
tough_choice: to be,not to be
====== dummy-param (dummy) [default], iteration 27 completed (1.823 ms) ======
====== dummy-param (dummy) [default], iteration 28 started ======
GC before operation: completed in 235.960 ms, heap usage 256.000 MB -> 254.000 MB.
thread_count: 4
meaning_of_life: 42
beyond_reason: PI
reality_check: 3.141593
the_sky_is_blue: true
tough_choice: to be,not to be
====== dummy-param (dummy) [default], iteration 28 completed (1.833 ms) ======
====== dummy-param (dummy) [default], iteration 29 started ======
GC before operation: completed in 234.298 ms, heap usage 256.000 MB -> 254.000 MB.
thread_count: 4
meaning_of_life: 42
beyond_reason: PI
reality_check: 3.141593
the_sky_is_blue: true
tough_choice: to be,not to be
====== dummy-param (dummy) [default], iteration 29 completed (1.862 ms) ======
====== dummy-param (dummy) [default], iteration 30 started ======
GC before operation: completed in 235.105 ms, heap usage 256.000 MB -> 254.000 MB.
thread_count: 4
meaning_of_life: 42
beyond_reason: PI
reality_check: 3.141593
the_sky_is_blue: true
tough_choice: to be,not to be
====== dummy-param (dummy) [default], iteration 30 completed (1.913 ms) ======
====== dummy-param (dummy) [default], iteration 31 started ======
GC before operation: completed in 231.351 ms, heap usage 260.000 MB -> 256.000 MB.
thread_count: 4
meaning_of_life: 42
beyond_reason: PI
reality_check: 3.141593
the_sky_is_blue: true
tough_choice: to be,not to be
====== dummy-param (dummy) [default], iteration 31 completed (1.833 ms) ======
====== dummy-param (dummy) [default], iteration 32 started ======
GC before operation: completed in 196.688 ms, heap usage 258.000 MB -> 254.000 MB.
thread_count: 4
meaning_of_life: 42
beyond_reason: PI
reality_check: 3.141593
the_sky_is_blue: true
tough_choice: to be,not to be
====== dummy-param (dummy) [default], iteration 32 completed (1.397 ms) ======
====== dummy-param (dummy) [default], iteration 33 started ======
GC before operation: completed in 190.020 ms, heap usage 256.000 MB -> 252.000 MB.
thread_count: 4
meaning_of_life: 42
beyond_reason: PI
reality_check: 3.141593
the_sky_is_blue: true
tough_choice: to be,not to be
====== dummy-param (dummy) [default], iteration 33 completed (1.417 ms) ======
====== dummy-param (dummy) [default], iteration 34 started ======
GC before operation: completed in 188.587 ms, heap usage 256.000 MB -> 254.000 MB.
thread_count: 4
meaning_of_life: 42
beyond_reason: PI
reality_check: 3.141593
the_sky_is_blue: true
tough_choice: to be,not to be
====== dummy-param (dummy) [default], iteration 34 completed (1.480 ms) ======
====== dummy-param (dummy) [default], iteration 35 started ======
GC before operation: completed in 199.240 ms, heap usage 258.000 MB -> 254.000 MB.
thread_count: 4
meaning_of_life: 42
beyond_reason: PI
reality_check: 3.141593
the_sky_is_blue: true
tough_choice: to be,not to be
====== dummy-param (dummy) [default], iteration 35 completed (1.445 ms) ======
====== dummy-param (dummy) [default], iteration 36 started ======
GC before operation: completed in 189.363 ms, heap usage 256.000 MB -> 252.000 MB.
thread_count: 4
meaning_of_life: 42
beyond_reason: PI
reality_check: 3.141593
the_sky_is_blue: true
tough_choice: to be,not to be
====== dummy-param (dummy) [default], iteration 36 completed (1.438 ms) ======
====== dummy-param (dummy) [default], iteration 37 started ======
GC before operation: completed in 189.834 ms, heap usage 254.000 MB -> 254.000 MB.
thread_count: 4
meaning_of_life: 42
beyond_reason: PI
reality_check: 3.141593
the_sky_is_blue: true
tough_choice: to be,not to be
====== dummy-param (dummy) [default], iteration 37 completed (1.467 ms) ======
====== dummy-param (dummy) [default], iteration 38 started ======
GC before operation: completed in 200.572 ms, heap usage 260.000 MB -> 254.000 MB.
thread_count: 4
meaning_of_life: 42
beyond_reason: PI
reality_check: 3.141593
the_sky_is_blue: true
tough_choice: to be,not to be
====== dummy-param (dummy) [default], iteration 38 completed (1.414 ms) ======
====== dummy-param (dummy) [default], iteration 39 started ======
GC before operation: completed in 189.449 ms, heap usage 256.000 MB -> 254.000 MB.
thread_count: 4
meaning_of_life: 42
beyond_reason: PI
reality_check: 3.141593
the_sky_is_blue: true
tough_choice: to be,not to be
====== dummy-param (dummy) [default], iteration 39 completed (1.430 ms) ======
====== dummy-param (dummy) [default], iteration 40 started ======
GC before operation: completed in 186.363 ms, heap usage 256.000 MB -> 252.000 MB.
thread_count: 4
meaning_of_life: 42
beyond_reason: PI
reality_check: 3.141593
the_sky_is_blue: true
tough_choice: to be,not to be
====== dummy-param (dummy) [default], iteration 40 completed (1.399 ms) ======
====== dummy-param (dummy) [default], iteration 41 started ======
GC before operation: completed in 186.925 ms, heap usage 254.000 MB -> 252.000 MB.
thread_count: 4
meaning_of_life: 42
beyond_reason: PI
reality_check: 3.141593
the_sky_is_blue: true
tough_choice: to be,not to be
====== dummy-param (dummy) [default], iteration 41 completed (1.406 ms) ======
====== dummy-param (dummy) [default], iteration 42 started ======
GC before operation: completed in 189.524 ms, heap usage 256.000 MB -> 252.000 MB.
thread_count: 4
meaning_of_life: 42
beyond_reason: PI
reality_check: 3.141593
the_sky_is_blue: true
tough_choice: to be,not to be
====== dummy-param (dummy) [default], iteration 42 completed (1.308 ms) ======
====== dummy-param (dummy) [default], iteration 43 started ======
GC before operation: completed in 185.755 ms, heap usage 256.000 MB -> 254.000 MB.
thread_count: 4
meaning_of_life: 42
beyond_reason: PI
reality_check: 3.141593
the_sky_is_blue: true
tough_choice: to be,not to be
====== dummy-param (dummy) [default], iteration 43 completed (1.413 ms) ======
====== dummy-param (dummy) [default], iteration 44 started ======
GC before operation: completed in 188.613 ms, heap usage 258.000 MB -> 252.000 MB.
thread_count: 4
meaning_of_life: 42
beyond_reason: PI
reality_check: 3.141593
the_sky_is_blue: true
tough_choice: to be,not to be
====== dummy-param (dummy) [default], iteration 44 completed (1.396 ms) ======
====== dummy-param (dummy) [default], iteration 45 started ======
GC before operation: completed in 189.606 ms, heap usage 258.000 MB -> 258.000 MB.
thread_count: 4
meaning_of_life: 42
beyond_reason: PI
reality_check: 3.141593
the_sky_is_blue: true
tough_choice: to be,not to be
====== dummy-param (dummy) [default], iteration 45 completed (1.394 ms) ======
====== dummy-param (dummy) [default], iteration 46 started ======
GC before operation: completed in 187.222 ms, heap usage 260.000 MB -> 252.000 MB.
thread_count: 4
meaning_of_life: 42
beyond_reason: PI
reality_check: 3.141593
the_sky_is_blue: true
tough_choice: to be,not to be
====== dummy-param (dummy) [default], iteration 46 completed (1.421 ms) ======
====== dummy-param (dummy) [default], iteration 47 started ======
GC before operation: completed in 187.636 ms, heap usage 258.000 MB -> 254.000 MB.
thread_count: 4
meaning_of_life: 42
beyond_reason: PI
reality_check: 3.141593
the_sky_is_blue: true
tough_choice: to be,not to be
====== dummy-param (dummy) [default], iteration 47 completed (1.266 ms) ======
====== dummy-param (dummy) [default], iteration 48 started ======
GC before operation: completed in 190.421 ms, heap usage 256.000 MB -> 252.000 MB.
thread_count: 4
meaning_of_life: 42
beyond_reason: PI
reality_check: 3.141593
the_sky_is_blue: true
tough_choice: to be,not to be
====== dummy-param (dummy) [default], iteration 48 completed (1.439 ms) ======
====== dummy-param (dummy) [default], iteration 49 started ======
GC before operation: completed in 187.622 ms, heap usage 256.000 MB -> 252.000 MB.
thread_count: 4
meaning_of_life: 42
beyond_reason: PI
reality_check: 3.141593
the_sky_is_blue: true
tough_choice: to be,not to be
====== dummy-param (dummy) [default], iteration 49 completed (1.393 ms) ======
====== dummy-param (dummy) [default], iteration 50 started ======
GC before operation: completed in 188.749 ms, heap usage 254.000 MB -> 252.000 MB.
thread_count: 4
meaning_of_life: 42
beyond_reason: PI
reality_check: 3.141593
the_sky_is_blue: true
tough_choice: to be,not to be
====== dummy-param (dummy) [default], iteration 50 completed (1.388 ms) ======
====== dummy-param (dummy) [default], iteration 51 started ======
GC before operation: completed in 190.841 ms, heap usage 254.000 MB -> 254.000 MB.
thread_count: 4
meaning_of_life: 42
beyond_reason: PI
reality_check: 3.141593
the_sky_is_blue: true
tough_choice: to be,not to be
====== dummy-param (dummy) [default], iteration 51 completed (1.386 ms) ======
====== dummy-param (dummy) [default], iteration 52 started ======
GC before operation: completed in 188.994 ms, heap usage 256.000 MB -> 252.000 MB.
thread_count: 4
meaning_of_life: 42
beyond_reason: PI
reality_check: 3.141593
the_sky_is_blue: true
tough_choice: to be,not to be
====== dummy-param (dummy) [default], iteration 52 completed (1.389 ms) ======
====== dummy-param (dummy) [default], iteration 53 started ======
GC before operation: completed in 186.354 ms, heap usage 254.000 MB -> 252.000 MB.
thread_count: 4
meaning_of_life: 42
beyond_reason: PI
reality_check: 3.141593
the_sky_is_blue: true
tough_choice: to be,not to be
====== dummy-param (dummy) [default], iteration 53 completed (1.282 ms) ======
====== dummy-param (dummy) [default], iteration 54 started ======
GC before operation: completed in 184.825 ms, heap usage 254.000 MB -> 252.000 MB.
thread_count: 4
meaning_of_life: 42
beyond_reason: PI
reality_check: 3.141593
the_sky_is_blue: true
tough_choice: to be,not to be
====== dummy-param (dummy) [default], iteration 54 completed (1.395 ms) ======
====== dummy-param (dummy) [default], iteration 55 started ======
GC before operation: completed in 188.916 ms, heap usage 254.000 MB -> 252.000 MB.
thread_count: 4
meaning_of_life: 42
beyond_reason: PI
reality_check: 3.141593
the_sky_is_blue: true
tough_choice: to be,not to be
====== dummy-param (dummy) [default], iteration 55 completed (1.420 ms) ======
====== dummy-param (dummy) [default], iteration 56 started ======
GC before operation: completed in 221.592 ms, heap usage 256.000 MB -> 258.000 MB.
thread_count: 4
meaning_of_life: 42
beyond_reason: PI
reality_check: 3.141593
the_sky_is_blue: true
tough_choice: to be,not to be
====== dummy-param (dummy) [default], iteration 56 completed (1.372 ms) ======
====== dummy-param (dummy) [default], iteration 57 started ======
GC before operation: completed in 191.379 ms, heap usage 260.000 MB -> 252.000 MB.
thread_count: 4
meaning_of_life: 42
beyond_reason: PI
reality_check: 3.141593
the_sky_is_blue: true
tough_choice: to be,not to be
====== dummy-param (dummy) [default], iteration 57 completed (1.280 ms) ======
====== dummy-param (dummy) [default], iteration 58 started ======
GC before operation: completed in 186.219 ms, heap usage 254.000 MB -> 252.000 MB.
thread_count: 4
meaning_of_life: 42
beyond_reason: PI
reality_check: 3.141593
the_sky_is_blue: true
tough_choice: to be,not to be
====== dummy-param (dummy) [default], iteration 58 completed (1.271 ms) ======
====== dummy-param (dummy) [default], iteration 59 started ======
GC before operation: completed in 187.142 ms, heap usage 254.000 MB -> 252.000 MB.
thread_count: 4
meaning_of_life: 42
beyond_reason: PI
reality_check: 3.141593
the_sky_is_blue: true
tough_choice: to be,not to be
====== dummy-param (dummy) [default], iteration 59 completed (1.383 ms) ======
====== dummy-param (dummy) [default], iteration 60 started ======
GC before operation: completed in 184.482 ms, heap usage 254.000 MB -> 252.000 MB.
thread_count: 4
meaning_of_life: 42
beyond_reason: PI
reality_check: 3.141593
the_sky_is_blue: true
tough_choice: to be,not to be
====== dummy-param (dummy) [default], iteration 60 completed (1.418 ms) ======
====== dummy-param (dummy) [default], iteration 61 started ======
GC before operation: completed in 188.876 ms, heap usage 254.000 MB -> 252.000 MB.
thread_count: 4
meaning_of_life: 42
beyond_reason: PI
reality_check: 3.141593
the_sky_is_blue: true
tough_choice: to be,not to be
====== dummy-param (dummy) [default], iteration 61 completed (1.381 ms) ======
====== dummy-param (dummy) [default], iteration 62 started ======
GC before operation: completed in 188.879 ms, heap usage 254.000 MB -> 254.000 MB.
thread_count: 4
meaning_of_life: 42
beyond_reason: PI
reality_check: 3.141593
the_sky_is_blue: true
tough_choice: to be,not to be
====== dummy-param (dummy) [default], iteration 62 completed (1.282 ms) ======
====== dummy-param (dummy) [default], iteration 63 started ======
GC before operation: completed in 188.572 ms, heap usage 256.000 MB -> 252.000 MB.
thread_count: 4
meaning_of_life: 42
beyond_reason: PI
reality_check: 3.141593
the_sky_is_blue: true
tough_choice: to be,not to be
====== dummy-param (dummy) [default], iteration 63 completed (1.382 ms) ======
====== dummy-param (dummy) [default], iteration 64 started ======
GC before operation: completed in 211.916 ms, heap usage 254.000 MB -> 254.000 MB.
thread_count: 4
meaning_of_life: 42
beyond_reason: PI
reality_check: 3.141593
the_sky_is_blue: true
tough_choice: to be,not to be
====== dummy-param (dummy) [default], iteration 64 completed (1.567 ms) ======
====== dummy-param (dummy) [default], iteration 65 started ======
GC before operation: completed in 206.367 ms, heap usage 256.000 MB -> 254.000 MB.
thread_count: 4
meaning_of_life: 42
beyond_reason: PI
reality_check: 3.141593
the_sky_is_blue: true
tough_choice: to be,not to be
====== dummy-param (dummy) [default], iteration 65 completed (1.531 ms) ======
====== dummy-param (dummy) [default], iteration 66 started ======
GC before operation: completed in 195.302 ms, heap usage 256.000 MB -> 252.000 MB.
thread_count: 4
meaning_of_life: 42
beyond_reason: PI
reality_check: 3.141593
the_sky_is_blue: true
tough_choice: to be,not to be
====== dummy-param (dummy) [default], iteration 66 completed (1.394 ms) ======
====== dummy-param (dummy) [default], iteration 67 started ======
GC before operation: completed in 182.906 ms, heap usage 254.000 MB -> 254.000 MB.
thread_count: 4
meaning_of_life: 42
beyond_reason: PI
reality_check: 3.141593
the_sky_is_blue: true
tough_choice: to be,not to be
====== dummy-param (dummy) [default], iteration 67 completed (1.432 ms) ======
====== dummy-param (dummy) [default], iteration 68 started ======
GC before operation: completed in 186.115 ms, heap usage 256.000 MB -> 252.000 MB.
thread_count: 4
meaning_of_life: 42
beyond_reason: PI
reality_check: 3.141593
the_sky_is_blue: true
tough_choice: to be,not to be
====== dummy-param (dummy) [default], iteration 68 completed (1.419 ms) ======
====== dummy-param (dummy) [default], iteration 69 started ======
GC before operation: completed in 188.737 ms, heap usage 254.000 MB -> 252.000 MB.
thread_count: 4
meaning_of_life: 42
beyond_reason: PI
reality_check: 3.141593
the_sky_is_blue: true
tough_choice: to be,not to be
====== dummy-param (dummy) [default], iteration 69 completed (1.458 ms) ======
====== dummy-param (dummy) [default], iteration 70 started ======
GC before operation: completed in 208.106 ms, heap usage 254.000 MB -> 254.000 MB.
thread_count: 4
meaning_of_life: 42
beyond_reason: PI
reality_check: 3.141593
the_sky_is_blue: true
tough_choice: to be,not to be
====== dummy-param (dummy) [default], iteration 70 completed (1.438 ms) ======
====== dummy-param (dummy) [default], iteration 71 started ======
GC before operation: completed in 191.890 ms, heap usage 256.000 MB -> 252.000 MB.
thread_count: 4
meaning_of_life: 42
beyond_reason: PI
reality_check: 3.141593
the_sky_is_blue: true
tough_choice: to be,not to be
====== dummy-param (dummy) [default], iteration 71 completed (1.472 ms) ======
====== dummy-param (dummy) [default], iteration 72 started ======
GC before operation: completed in 224.745 ms, heap usage 254.000 MB -> 256.000 MB.
thread_count: 4
meaning_of_life: 42
beyond_reason: PI
reality_check: 3.141593
the_sky_is_blue: true
tough_choice: to be,not to be
====== dummy-param (dummy) [default], iteration 72 completed (1.385 ms) ======
====== dummy-param (dummy) [default], iteration 73 started ======
GC before operation: completed in 190.096 ms, heap usage 258.000 MB -> 252.000 MB.
thread_count: 4
meaning_of_life: 42
beyond_reason: PI
reality_check: 3.141593
the_sky_is_blue: true
tough_choice: to be,not to be
====== dummy-param (dummy) [default], iteration 73 completed (1.391 ms) ======
====== dummy-param (dummy) [default], iteration 74 started ======
GC before operation: completed in 185.942 ms, heap usage 254.000 MB -> 252.000 MB.
thread_count: 4
meaning_of_life: 42
beyond_reason: PI
reality_check: 3.141593
the_sky_is_blue: true
tough_choice: to be,not to be
====== dummy-param (dummy) [default], iteration 74 completed (1.316 ms) ======
====== dummy-param (dummy) [default], iteration 75 started ======
GC before operation: completed in 187.372 ms, heap usage 256.000 MB -> 254.000 MB.
thread_count: 4
meaning_of_life: 42
beyond_reason: PI
reality_check: 3.141593
the_sky_is_blue: true
tough_choice: to be,not to be
====== dummy-param (dummy) [default], iteration 75 completed (1.254 ms) ======
====== dummy-param (dummy) [default], iteration 76 started ======
GC before operation: completed in 189.289 ms, heap usage 256.000 MB -> 252.000 MB.
thread_count: 4
meaning_of_life: 42
beyond_reason: PI
reality_check: 3.141593
the_sky_is_blue: true
tough_choice: to be,not to be
====== dummy-param (dummy) [default], iteration 76 completed (1.409 ms) ======
====== dummy-param (dummy) [default], iteration 77 started ======
GC before operation: completed in 192.291 ms, heap usage 256.000 MB -> 252.000 MB.
thread_count: 4
meaning_of_life: 42
beyond_reason: PI
reality_check: 3.141593
the_sky_is_blue: true
tough_choice: to be,not to be
====== dummy-param (dummy) [default], iteration 77 completed (1.369 ms) ======
====== dummy-param (dummy) [default], iteration 78 started ======
GC before operation: completed in 188.964 ms, heap usage 254.000 MB -> 254.000 MB.
thread_count: 4
meaning_of_life: 42
beyond_reason: PI
reality_check: 3.141593
the_sky_is_blue: true
tough_choice: to be,not to be
====== dummy-param (dummy) [default], iteration 78 completed (1.396 ms) ======
====== dummy-param (dummy) [default], iteration 79 started ======
GC before operation: completed in 187.276 ms, heap usage 256.000 MB -> 252.000 MB.
thread_count: 4
meaning_of_life: 42
beyond_reason: PI
reality_check: 3.141593
the_sky_is_blue: true
tough_choice: to be,not to be
====== dummy-param (dummy) [default], iteration 79 completed (1.369 ms) ======
====== dummy-param (dummy) [default], iteration 80 started ======
GC before operation: completed in 186.833 ms, heap usage 254.000 MB -> 252.000 MB.
thread_count: 4
meaning_of_life: 42
beyond_reason: PI
reality_check: 3.141593
the_sky_is_blue: true
tough_choice: to be,not to be
====== dummy-param (dummy) [default], iteration 80 completed (1.421 ms) ======
====== dummy-param (dummy) [default], iteration 81 started ======
GC before operation: completed in 189.374 ms, heap usage 256.000 MB -> 254.000 MB.
thread_count: 4
meaning_of_life: 42
beyond_reason: PI
reality_check: 3.141593
the_sky_is_blue: true
tough_choice: to be,not to be
====== dummy-param (dummy) [default], iteration 81 completed (1.383 ms) ======
====== dummy-param (dummy) [default], iteration 82 started ======
GC before operation: completed in 187.889 ms, heap usage 256.000 MB -> 252.000 MB.
thread_count: 4
meaning_of_life: 42
beyond_reason: PI
reality_check: 3.141593
the_sky_is_blue: true
tough_choice: to be,not to be
====== dummy-param (dummy) [default], iteration 82 completed (1.357 ms) ======
====== dummy-param (dummy) [default], iteration 83 started ======
GC before operation: completed in 185.098 ms, heap usage 254.000 MB -> 252.000 MB.
thread_count: 4
meaning_of_life: 42
beyond_reason: PI
reality_check: 3.141593
the_sky_is_blue: true
tough_choice: to be,not to be
====== dummy-param (dummy) [default], iteration 83 completed (1.347 ms) ======
====== dummy-param (dummy) [default], iteration 84 started ======
GC before operation: completed in 188.490 ms, heap usage 258.000 MB -> 252.000 MB.
thread_count: 4
meaning_of_life: 42
beyond_reason: PI
reality_check: 3.141593
the_sky_is_blue: true
tough_choice: to be,not to be
====== dummy-param (dummy) [default], iteration 84 completed (1.314 ms) ======
====== dummy-param (dummy) [default], iteration 85 started ======
GC before operation: completed in 188.644 ms, heap usage 254.000 MB -> 254.000 MB.
thread_count: 4
meaning_of_life: 42
beyond_reason: PI
reality_check: 3.141593
the_sky_is_blue: true
tough_choice: to be,not to be
====== dummy-param (dummy) [default], iteration 85 completed (1.362 ms) ======
====== dummy-param (dummy) [default], iteration 86 started ======
GC before operation: completed in 229.424 ms, heap usage 256.000 MB -> 252.000 MB.
thread_count: 4
meaning_of_life: 42
beyond_reason: PI
reality_check: 3.141593
the_sky_is_blue: true
tough_choice: to be,not to be
====== dummy-param (dummy) [default], iteration 86 completed (1.689 ms) ======
====== dummy-param (dummy) [default], iteration 87 started ======
GC before operation: completed in 248.208 ms, heap usage 254.000 MB -> 254.000 MB.
thread_count: 4
meaning_of_life: 42
beyond_reason: PI
reality_check: 3.141593
the_sky_is_blue: true
tough_choice: to be,not to be
====== dummy-param (dummy) [default], iteration 87 completed (1.648 ms) ======
====== dummy-param (dummy) [default], iteration 88 started ======
GC before operation: completed in 232.987 ms, heap usage 258.000 MB -> 258.000 MB.
thread_count: 4
meaning_of_life: 42
beyond_reason: PI
reality_check: 3.141593
the_sky_is_blue: true
tough_choice: to be,not to be
====== dummy-param (dummy) [default], iteration 88 completed (1.333 ms) ======
====== dummy-param (dummy) [default], iteration 89 started ======
GC before operation: completed in 232.175 ms, heap usage 260.000 MB -> 254.000 MB.
thread_count: 4
meaning_of_life: 42
beyond_reason: PI
reality_check: 3.141593
the_sky_is_blue: true
tough_choice: to be,not to be
====== dummy-param (dummy) [default], iteration 89 completed (1.685 ms) ======
====== dummy-param (dummy) [default], iteration 90 started ======
GC before operation: completed in 235.427 ms, heap usage 256.000 MB -> 254.000 MB.
thread_count: 4
meaning_of_life: 42
beyond_reason: PI
reality_check: 3.141593
the_sky_is_blue: true
tough_choice: to be,not to be
====== dummy-param (dummy) [default], iteration 90 completed (1.623 ms) ======
====== dummy-param (dummy) [default], iteration 91 started ======
GC before operation: completed in 235.942 ms, heap usage 256.000 MB -> 252.000 MB.
thread_count: 4
meaning_of_life: 42
beyond_reason: PI
reality_check: 3.141593
the_sky_is_blue: true
tough_choice: to be,not to be
====== dummy-param (dummy) [default], iteration 91 completed (1.618 ms) ======
====== dummy-param (dummy) [default], iteration 92 started ======
GC before operation: completed in 233.429 ms, heap usage 254.000 MB -> 254.000 MB.
thread_count: 4
meaning_of_life: 42
beyond_reason: PI
reality_check: 3.141593
the_sky_is_blue: true
tough_choice: to be,not to be
====== dummy-param (dummy) [default], iteration 92 completed (1.654 ms) ======
====== dummy-param (dummy) [default], iteration 93 started ======
GC before operation: completed in 234.796 ms, heap usage 256.000 MB -> 252.000 MB.
thread_count: 4
meaning_of_life: 42
beyond_reason: PI
reality_check: 3.141593
the_sky_is_blue: true
tough_choice: to be,not to be
====== dummy-param (dummy) [default], iteration 93 completed (1.639 ms) ======
====== dummy-param (dummy) [default], iteration 94 started ======
GC before operation: completed in 233.820 ms, heap usage 254.000 MB -> 254.000 MB.
thread_count: 4
meaning_of_life: 42
beyond_reason: PI
reality_check: 3.141593
the_sky_is_blue: true
tough_choice: to be,not to be
====== dummy-param (dummy) [default], iteration 94 completed (1.655 ms) ======
====== dummy-param (dummy) [default], iteration 95 started ======
GC before operation: completed in 238.787 ms, heap usage 256.000 MB -> 254.000 MB.
thread_count: 4
meaning_of_life: 42
beyond_reason: PI
reality_check: 3.141593
the_sky_is_blue: true
tough_choice: to be,not to be
====== dummy-param (dummy) [default], iteration 95 completed (1.625 ms) ======
====== dummy-param (dummy) [default], iteration 96 started ======
GC before operation: completed in 231.919 ms, heap usage 256.000 MB -> 254.000 MB.
thread_count: 4
meaning_of_life: 42
beyond_reason: PI
reality_check: 3.141593
the_sky_is_blue: true
tough_choice: to be,not to be
====== dummy-param (dummy) [default], iteration 96 completed (1.669 ms) ======
====== dummy-param (dummy) [default], iteration 97 started ======
GC before operation: completed in 199.601 ms, heap usage 256.000 MB -> 256.000 MB.
thread_count: 4
meaning_of_life: 42
beyond_reason: PI
reality_check: 3.141593
the_sky_is_blue: true
tough_choice: to be,not to be
====== dummy-param (dummy) [default], iteration 97 completed (1.289 ms) ======
====== dummy-param (dummy) [default], iteration 98 started ======
GC before operation: completed in 187.412 ms, heap usage 258.000 MB -> 252.000 MB.
thread_count: 4
meaning_of_life: 42
beyond_reason: PI
reality_check: 3.141593
the_sky_is_blue: true
tough_choice: to be,not to be
====== dummy-param (dummy) [default], iteration 98 completed (1.220 ms) ======
====== dummy-param (dummy) [default], iteration 99 started ======
GC before operation: completed in 188.503 ms, heap usage 254.000 MB -> 252.000 MB.
thread_count: 4
meaning_of_life: 42
beyond_reason: PI
reality_check: 3.141593
the_sky_is_blue: true
tough_choice: to be,not to be
====== dummy-param (dummy) [default], iteration 99 completed (1.336 ms) ======
The following benchmarks failed: dummy-setup-failing, dummy-teardown-failing, dummy-validation-failing, dummy-failing
