[INFO] Scanning for projects...
[INFO] ------------------------------------------------------------------------
[INFO] Reactor Build Order:
[INFO] 
[INFO] JVM Energy Consumption                                             [pom]
[INFO] JVM Energy Consumption Java Samples                                [jar]
[INFO] JVM Energy Consumption RAPL Reports                                [jar]
[INFO] 
[INFO] -----------< jvm.energy.consumption:jvm-energy-consumption >------------
[INFO] Building JVM Energy Consumption 1.0.0-SNAPSHOT                     [1/3]
[INFO] --------------------------------[ pom ]---------------------------------
[INFO] 
[INFO] --- maven-clean-plugin:2.5:clean (default-clean) @ jvm-energy-consumption ---
[INFO] Deleting /home/ionutbalosin/Workspace/jvm-energy-consumption/target
[INFO] 
[INFO] --- spotless-maven-plugin:2.37.0:apply (default) @ jvm-energy-consumption ---
[INFO] Index file does not exist. Fallback to an empty index
[INFO] 
[INFO] ----------------< jvm.energy.consumption:java-samples >-----------------
[INFO] Building JVM Energy Consumption Java Samples 1.0.0-SNAPSHOT        [2/3]
[INFO] --------------------------------[ jar ]---------------------------------
[INFO] 
[INFO] --- maven-clean-plugin:2.5:clean (default-clean) @ java-samples ---
[INFO] Deleting /home/ionutbalosin/Workspace/jvm-energy-consumption/java-samples/target
[INFO] 
[INFO] --- maven-resources-plugin:2.6:resources (default-resources) @ java-samples ---
[INFO] Using 'UTF-8' encoding to copy filtered resources.
[INFO] skip non existing resourceDirectory /home/ionutbalosin/Workspace/jvm-energy-consumption/java-samples/src/main/resources
[INFO] 
[INFO] --- maven-compiler-plugin:3.1:compile (default-compile) @ java-samples ---
[INFO] Changes detected - recompiling the module!
[INFO] Compiling 5 source files to /home/ionutbalosin/Workspace/jvm-energy-consumption/java-samples/target/classes
[INFO] 
[INFO] --- spotless-maven-plugin:2.37.0:apply (default) @ java-samples ---
[INFO] Index file does not exist. Fallback to an empty index
[INFO] Spotless.Java is keeping 5 files clean - 0 were changed to be clean, 5 were already clean, 0 were skipped because caching determined they were already clean
[INFO] 
[INFO] --- maven-resources-plugin:2.6:testResources (default-testResources) @ java-samples ---
[INFO] Using 'UTF-8' encoding to copy filtered resources.
[INFO] skip non existing resourceDirectory /home/ionutbalosin/Workspace/jvm-energy-consumption/java-samples/src/test/resources
[INFO] 
[INFO] --- maven-compiler-plugin:3.1:testCompile (default-testCompile) @ java-samples ---
[INFO] No sources to compile
[INFO] 
[INFO] --- maven-surefire-plugin:2.12.4:test (default-test) @ java-samples ---
[INFO] No tests to run.
[INFO] 
[INFO] --- maven-jar-plugin:3.3.0:jar (default-jar) @ java-samples ---
[INFO] Building jar: /home/ionutbalosin/Workspace/jvm-energy-consumption/java-samples/target/java-samples-1.0.0-SNAPSHOT.jar
[INFO] 
[INFO] ----------------< jvm.energy.consumption:rapl-reports >-----------------
[INFO] Building JVM Energy Consumption RAPL Reports 1.0.0-SNAPSHOT        [3/3]
[INFO] --------------------------------[ jar ]---------------------------------
[INFO] 
[INFO] --- maven-clean-plugin:2.5:clean (default-clean) @ rapl-reports ---
[INFO] Deleting /home/ionutbalosin/Workspace/jvm-energy-consumption/rapl-reports/target
[INFO] 
[INFO] --- maven-resources-plugin:2.6:resources (default-resources) @ rapl-reports ---
[INFO] Using 'UTF-8' encoding to copy filtered resources.
[INFO] skip non existing resourceDirectory /home/ionutbalosin/Workspace/jvm-energy-consumption/rapl-reports/src/main/resources
[INFO] 
[INFO] --- maven-compiler-plugin:3.1:compile (default-compile) @ rapl-reports ---
[INFO] Changes detected - recompiling the module!
[INFO] Compiling 14 source files to /home/ionutbalosin/Workspace/jvm-energy-consumption/rapl-reports/target/classes
[WARNING] /home/ionutbalosin/Workspace/jvm-energy-consumption/rapl-reports/src/main/java/com/ionutbalosin/jvm/energy/consumption/EnergyReportCalculator.java: /home/ionutbalosin/Workspace/jvm-energy-consumption/rapl-reports/src/main/java/com/ionutbalosin/jvm/energy/consumption/EnergyReportCalculator.java uses unchecked or unsafe operations.
[WARNING] /home/ionutbalosin/Workspace/jvm-energy-consumption/rapl-reports/src/main/java/com/ionutbalosin/jvm/energy/consumption/EnergyReportCalculator.java: Recompile with -Xlint:unchecked for details.
[INFO] 
[INFO] --- spotless-maven-plugin:2.37.0:apply (default) @ rapl-reports ---
[INFO] Index file does not exist. Fallback to an empty index
[INFO] Spotless.Java is keeping 14 files clean - 0 were changed to be clean, 14 were already clean, 0 were skipped because caching determined they were already clean
[INFO] 
[INFO] --- maven-resources-plugin:2.6:testResources (default-testResources) @ rapl-reports ---
[INFO] Using 'UTF-8' encoding to copy filtered resources.
[INFO] skip non existing resourceDirectory /home/ionutbalosin/Workspace/jvm-energy-consumption/rapl-reports/src/test/resources
[INFO] 
[INFO] --- maven-compiler-plugin:3.1:testCompile (default-testCompile) @ rapl-reports ---
[INFO] No sources to compile
[INFO] 
[INFO] --- maven-surefire-plugin:2.12.4:test (default-test) @ rapl-reports ---
[INFO] No tests to run.
[INFO] 
[INFO] --- maven-jar-plugin:3.3.0:jar (default-jar) @ rapl-reports ---
[INFO] Building jar: /home/ionutbalosin/Workspace/jvm-energy-consumption/rapl-reports/target/rapl-reports-1.0.0-SNAPSHOT.jar
[INFO] ------------------------------------------------------------------------
[INFO] Reactor Summary for JVM Energy Consumption 1.0.0-SNAPSHOT:
[INFO] 
[INFO] JVM Energy Consumption ............................. SUCCESS [  2.882 s]
[INFO] JVM Energy Consumption Java Samples ................ SUCCESS [  7.810 s]
[INFO] JVM Energy Consumption RAPL Reports ................ SUCCESS [  3.523 s]
[INFO] ------------------------------------------------------------------------
[INFO] BUILD SUCCESS
[INFO] ------------------------------------------------------------------------
[INFO] Total time:  14.518 s
[INFO] Finished at: 2023-07-19T09:46:33+02:00
[INFO] ------------------------------------------------------------------------
