[INFO] Scanning for projects...
[INFO] 
[INFO] ------------< org.springframework.samples:spring-petclinic >------------
[INFO] Building petclinic 3.0.0-SNAPSHOT
[INFO] --------------------------------[ jar ]---------------------------------
[INFO] 
[INFO] --- maven-clean-plugin:3.2.0:clean (default-clean) @ spring-petclinic ---
[INFO] Deleting /home/ionutbalosin/Workspace/spring-petclinic/target
[INFO] 
[INFO] --- spring-javaformat-maven-plugin:0.0.38:validate (default) @ spring-petclinic ---
[INFO] 
[INFO] --- maven-enforcer-plugin:3.1.0:enforce (enforce-java) @ spring-petclinic ---
[INFO] 
[INFO] --- maven-checkstyle-plugin:3.2.1:check (nohttp-checkstyle-validation) @ spring-petclinic ---
[INFO] You have 0 Checkstyle violations.
[INFO] 
[INFO] --- jacoco-maven-plugin:0.8.8:prepare-agent (default) @ spring-petclinic ---
[INFO] argLine set to -javaagent:/root/.m2/repository/org/jacoco/org.jacoco.agent/0.8.8/org.jacoco.agent-0.8.8-runtime.jar=destfile=/home/ionutbalosin/Workspace/spring-petclinic/target/jacoco.exec
[INFO] 
[INFO] --- git-commit-id-maven-plugin:5.0.0:revision (default) @ spring-petclinic ---
[INFO] dotGitDirectory /home/ionutbalosin/Workspace/spring-petclinic/.git
[INFO] Collected git.build.user.name with value 
[INFO] Collected git.build.user.email with value 
[INFO] Collected git.branch with value main
[INFO] --always = true
[INFO] --dirty = -dirty
[INFO] --abbrev = 7
[INFO] Tag refs [[Ref[refs/tags/1.5.x=c36452a2c34443ae26b4ecbba4f149906af14717(-1)]]]
[INFO] Created map: [{}]
[INFO] evalCommit is [2692c5bb434fd1d2ffa375bdea86475b64d6bad9]
[INFO] Collected git.commit.id.describe with value 2692c5b-dirty
[INFO] Collected git.commit.id.describe-short with value 2692c5b-dirty
[INFO] Collected git.commit.id with value 2692c5bb434fd1d2ffa375bdea86475b64d6bad9
[INFO] Collected git.commit.id.abbrev with value 2692c5b
[INFO] Collected git.dirty with value true
[INFO] Collected git.commit.user.name with value Dave Syer
[INFO] Collected git.commit.user.email with value dsyer@vmware.com
[INFO] Collected git.commit.message.full with value Update to Boot 3.0.6
[INFO] Collected git.commit.message.short with value Update to Boot 3.0.6
[INFO] Collected git.commit.time with value 2023-05-10T09:44:50+0200
[INFO] Collected git.commit.author.time with value 2023-05-10T09:44:50+0200
[INFO] Collected git.commit.committer.time with value 2023-05-10T09:44:50+0200
[INFO] Collected git.remote.origin.url with value https://github.com/spring-projects/spring-petclinic.git
[INFO] Collected git.tags with value 
[INFO] evalCommit is [2692c5bb434fd1d2ffa375bdea86475b64d6bad9]
[INFO] Tag refs [[Ref[refs/tags/1.5.x=c36452a2c34443ae26b4ecbba4f149906af14717(-1)]]]
[INFO] Created map: [{}]
[INFO] Collected git.closest.tag.name with value 
[INFO] evalCommit is [2692c5bb434fd1d2ffa375bdea86475b64d6bad9]
[INFO] Tag refs [[Ref[refs/tags/1.5.x=c36452a2c34443ae26b4ecbba4f149906af14717(-1)]]]
[INFO] Created map: [{}]
[INFO] Collected git.closest.tag.commit.count with value 
[INFO] Collected git.total.commit.count with value 855
[INFO] Collected git.local.branch.ahead with value 0
[INFO] Collected git.local.branch.behind with value 3
[INFO] Collected git.build.time with value 2023-05-10T09:42:50+0200
[INFO] Collected git.build.version with value 3.0.0-SNAPSHOT
[INFO] Collected git.build.host with value ubuntu
[INFO] including property git.tags in results
[INFO] including property git.build.version in results
[INFO] including property git.branch in results
[INFO] including property git.build.host in results
[INFO] including property git.commit.id in results
[INFO] including property git.commit.user.email in results
[INFO] including property git.local.branch.behind in results
[INFO] including property git.commit.author.time in results
[INFO] including property git.build.user.name in results
[INFO] including property git.dirty in results
[INFO] including property git.closest.tag.commit.count in results
[INFO] including property git.commit.user.name in results
[INFO] including property git.commit.id.abbrev in results
[INFO] including property git.commit.id.describe-short in results
[INFO] including property git.total.commit.count in results
[INFO] including property git.commit.id.describe in results
[INFO] including property git.build.user.email in results
[INFO] including property git.commit.message.short in results
[INFO] including property git.commit.committer.time in results
[INFO] including property git.closest.tag.name in results
[INFO] including property git.local.branch.ahead in results
[INFO] including property git.commit.time in results
[INFO] including property git.build.time in results
[INFO] including property git.commit.message.full in results
[INFO] including property git.remote.origin.url in results
[INFO] Writing properties file to [/home/ionutbalosin/Workspace/spring-petclinic/target/classes/git.properties] (for module petclinic)...
[INFO] 
[INFO] --- spring-boot-maven-plugin:3.0.6:build-info (default) @ spring-petclinic ---
[INFO] 
[INFO] --- maven-resources-plugin:3.3.1:resources (default-resources) @ spring-petclinic ---
[INFO] Copying 3 resources from src/main/resources to target/classes
[INFO] Copying 43 resources from src/main/resources to target/classes
[INFO] 
[INFO] --- maven-compiler-plugin:3.10.1:compile (default-compile) @ spring-petclinic ---
[INFO] Changes detected - recompiling the module!
[INFO] Compiling 24 source files to /home/ionutbalosin/Workspace/spring-petclinic/target/classes
[INFO] 
[INFO] --- maven-resources-plugin:3.3.1:testResources (default-testResources) @ spring-petclinic ---
[INFO] Not copying test resources
[INFO] 
[INFO] --- maven-compiler-plugin:3.10.1:testCompile (default-testCompile) @ spring-petclinic ---
[INFO] Not compiling test sources
[INFO] 
[INFO] --- maven-surefire-plugin:2.22.2:test (default-test) @ spring-petclinic ---
[INFO] Tests are skipped.
[INFO] 
[INFO] --- jacoco-maven-plugin:0.8.8:report (report) @ spring-petclinic ---
[INFO] Skipping JaCoCo execution due to missing execution data file.
[INFO] 
[INFO] --- maven-jar-plugin:3.3.0:jar (default-jar) @ spring-petclinic ---
[INFO] Building jar: /home/ionutbalosin/Workspace/spring-petclinic/target/spring-petclinic-3.0.0-SNAPSHOT.jar
[INFO] 
[INFO] --- spring-boot-maven-plugin:3.0.6:repackage (repackage) @ spring-petclinic ---
[INFO] Replacing main artifact with repackaged archive
[INFO] ------------------------------------------------------------------------
[INFO] BUILD SUCCESS
[INFO] ------------------------------------------------------------------------
[INFO] Total time:  37.807 s
[INFO] Finished at: 2023-07-18T12:38:17+02:00
[INFO] ------------------------------------------------------------------------
