[INFO] Scanning for projects...
[INFO] 
[INFO] ------------< org.springframework.samples:spring-petclinic >------------
[INFO] Building petclinic 3.0.0-SNAPSHOT
[INFO] --------------------------------[ jar ]---------------------------------
[INFO] 
[INFO] --- maven-clean-plugin:3.2.0:clean (default-clean) @ spring-petclinic ---
[INFO] Deleting /home/ionutbalosin/Workspace/spring-petclinic/target
[INFO] 
[INFO] >>> native-maven-plugin:0.9.21:compile (default-cli) > package @ spring-petclinic >>>
[INFO] 
[INFO] --- spring-javaformat-maven-plugin:0.0.38:validate (default) @ spring-petclinic ---
[INFO] 
[INFO] --- maven-enforcer-plugin:3.1.0:enforce (enforce-java) @ spring-petclinic ---
[INFO] 
[INFO] --- maven-checkstyle-plugin:3.2.1:check (nohttp-checkstyle-validation) @ spring-petclinic ---
[INFO] You have 0 Checkstyle violations.
[INFO] 
[INFO] --- jacoco-maven-plugin:0.8.8:prepare-agent (default) @ spring-petclinic ---
[INFO] argLine set to -javaagent:/root/.m2/repository/org/jacoco/org.jacoco.agent/0.8.8/org.jacoco.agent-0.8.8-runtime.jar=destfile=/home/ionutbalosin/Workspace/spring-petclinic/target/jacoco.exec
[INFO] 
[INFO] --- git-commit-id-maven-plugin:5.0.0:revision (default) @ spring-petclinic ---
[INFO] dotGitDirectory /home/ionutbalosin/Workspace/spring-petclinic/.git
[INFO] Collected git.build.user.name with value 
[INFO] Collected git.build.user.email with value 
[INFO] Collected git.branch with value main
[INFO] --always = true
[INFO] --dirty = -dirty
[INFO] --abbrev = 7
[INFO] Tag refs [[Ref[refs/tags/1.5.x=c36452a2c34443ae26b4ecbba4f149906af14717(-1)]]]
[INFO] Created map: [{}]
[INFO] evalCommit is [2692c5bb434fd1d2ffa375bdea86475b64d6bad9]
[INFO] Collected git.commit.id.describe with value 2692c5b-dirty
[INFO] Collected git.commit.id.describe-short with value 2692c5b-dirty
[INFO] Collected git.commit.id with value 2692c5bb434fd1d2ffa375bdea86475b64d6bad9
[INFO] Collected git.commit.id.abbrev with value 2692c5b
[INFO] Collected git.dirty with value true
[INFO] Collected git.commit.user.name with value Dave Syer
[INFO] Collected git.commit.user.email with value dsyer@vmware.com
[INFO] Collected git.commit.message.full with value Update to Boot 3.0.6
[INFO] Collected git.commit.message.short with value Update to Boot 3.0.6
[INFO] Collected git.commit.time with value 2023-05-10T09:44:50+0200
[INFO] Collected git.commit.author.time with value 2023-05-10T09:44:50+0200
[INFO] Collected git.commit.committer.time with value 2023-05-10T09:44:50+0200
[INFO] Collected git.remote.origin.url with value https://github.com/spring-projects/spring-petclinic.git
[INFO] Collected git.tags with value 
[INFO] evalCommit is [2692c5bb434fd1d2ffa375bdea86475b64d6bad9]
[INFO] Tag refs [[Ref[refs/tags/1.5.x=c36452a2c34443ae26b4ecbba4f149906af14717(-1)]]]
[INFO] Created map: [{}]
[INFO] Collected git.closest.tag.name with value 
[INFO] evalCommit is [2692c5bb434fd1d2ffa375bdea86475b64d6bad9]
[INFO] Tag refs [[Ref[refs/tags/1.5.x=c36452a2c34443ae26b4ecbba4f149906af14717(-1)]]]
[INFO] Created map: [{}]
[INFO] Collected git.closest.tag.commit.count with value 
[INFO] Collected git.total.commit.count with value 855
[INFO] Collected git.local.branch.ahead with value 0
[INFO] Collected git.local.branch.behind with value 3
[INFO] Collected git.build.time with value 2023-05-10T09:42:50+0200
[INFO] Collected git.build.version with value 3.0.0-SNAPSHOT
[INFO] Collected git.build.host with value ubuntu
[INFO] including property git.tags in results
[INFO] including property git.build.version in results
[INFO] including property git.branch in results
[INFO] including property git.build.host in results
[INFO] including property git.commit.id in results
[INFO] including property git.commit.user.email in results
[INFO] including property git.local.branch.behind in results
[INFO] including property git.commit.author.time in results
[INFO] including property git.build.user.name in results
[INFO] including property git.dirty in results
[INFO] including property git.closest.tag.commit.count in results
[INFO] including property git.commit.user.name in results
[INFO] including property git.commit.id.abbrev in results
[INFO] including property git.commit.id.describe-short in results
[INFO] including property git.total.commit.count in results
[INFO] including property git.commit.id.describe in results
[INFO] including property git.build.user.email in results
[INFO] including property git.commit.message.short in results
[INFO] including property git.commit.committer.time in results
[INFO] including property git.closest.tag.name in results
[INFO] including property git.local.branch.ahead in results
[INFO] including property git.commit.time in results
[INFO] including property git.build.time in results
[INFO] including property git.commit.message.full in results
[INFO] including property git.remote.origin.url in results
[INFO] Writing properties file to [/home/ionutbalosin/Workspace/spring-petclinic/target/classes/git.properties] (for module petclinic)...
[INFO] 
[INFO] --- native-maven-plugin:0.9.21:add-reachability-metadata (add-reachability-metadata) @ spring-petclinic ---
[INFO] Downloaded GraalVM reachability metadata repository from file:/root/.m2/repository/org/graalvm/buildtools/graalvm-reachability-metadata/0.9.21/graalvm-reachability-metadata-0.9.21-repository.zip
[INFO] [graalvm reachability metadata repository for ch.qos.logback:logback-classic:1.4.7]: Configuration directory not found. Trying latest version.
[INFO] [graalvm reachability metadata repository for ch.qos.logback:logback-classic:1.4.7]: Configuration directory is ch.qos.logback/logback-classic/1.4.1
[INFO] [graalvm reachability metadata repository for org.hdrhistogram:HdrHistogram:2.1.12]: Configuration directory is org.hdrhistogram/HdrHistogram/2.1.12
[INFO] [graalvm reachability metadata repository for com.zaxxer:HikariCP:5.0.1]: Configuration directory is com.zaxxer/HikariCP/5.0.1
[INFO] [graalvm reachability metadata repository for org.hibernate.orm:hibernate-core:6.1.7.Final]: Configuration is forced to version 6.1.1.Final
[INFO] [graalvm reachability metadata repository for org.jboss.logging:jboss-logging:3.5.0.Final]: Configuration directory is org.jboss.logging/jboss-logging/3.5.0.Final
[INFO] [graalvm reachability metadata repository for org.glassfish.jaxb:jaxb-runtime:4.0.2]: Configuration directory not found. Trying latest version.
[INFO] [graalvm reachability metadata repository for org.glassfish.jaxb:jaxb-runtime:4.0.2]: Configuration directory is org.glassfish.jaxb/jaxb-runtime/3.0.2
[INFO] [graalvm reachability metadata repository for org.apache.tomcat.embed:tomcat-embed-core:10.1.8]: Configuration directory not found. Trying latest version.
[INFO] [graalvm reachability metadata repository for org.apache.tomcat.embed:tomcat-embed-core:10.1.8]: Configuration directory is org.apache.tomcat.embed/tomcat-embed-core/10.0.20
[INFO] [graalvm reachability metadata repository for org.hibernate.validator:hibernate-validator:8.0.0.Final]: Configuration directory not found. Trying latest version.
[INFO] [graalvm reachability metadata repository for org.hibernate.validator:hibernate-validator:8.0.0.Final]: Latest version not found!
[INFO] [graalvm reachability metadata repository for org.hibernate.validator:hibernate-validator:8.0.0.Final]: missing.
[INFO] [graalvm reachability metadata repository for org.hibernate.validator:hibernate-validator:8.0.0.Final]: Configuration directory not found. Trying latest version.
[INFO] [graalvm reachability metadata repository for org.hibernate.validator:hibernate-validator:8.0.0.Final]: Configuration directory is org.hibernate.validator/hibernate-validator/7.0.4.Final
[INFO] [graalvm reachability metadata repository for org.thymeleaf:thymeleaf-spring6:3.1.1.RELEASE]: Configuration directory not found. Trying latest version.
[INFO] [graalvm reachability metadata repository for org.thymeleaf:thymeleaf-spring6:3.1.1.RELEASE]: Configuration directory is org.thymeleaf/thymeleaf-spring6/3.1.0.M2
[INFO] [graalvm reachability metadata repository for org.thymeleaf:thymeleaf:3.1.1.RELEASE]: Configuration directory not found. Trying latest version.
[INFO] [graalvm reachability metadata repository for org.thymeleaf:thymeleaf:3.1.1.RELEASE]: Configuration directory is org.thymeleaf/thymeleaf/3.1.0.RC1
[INFO] [graalvm reachability metadata repository for com.h2database:h2:2.1.214]: Configuration directory not found. Trying latest version.
[INFO] [graalvm reachability metadata repository for com.h2database:h2:2.1.214]: Configuration directory is com.h2database/h2/2.1.210
[INFO] [graalvm reachability metadata repository for com.mysql:mysql-connector-j:8.0.33]: Configuration directory not found. Trying latest version.
[INFO] [graalvm reachability metadata repository for com.mysql:mysql-connector-j:8.0.33]: Configuration directory is com.mysql/mysql-connector-j/8.0.31
[INFO] [graalvm reachability metadata repository for org.postgresql:postgresql:42.5.4]: Configuration directory not found. Trying latest version.
[INFO] [graalvm reachability metadata repository for org.postgresql:postgresql:42.5.4]: Configuration directory is org.postgresql/postgresql/42.3.4
[INFO] [graalvm reachability metadata repository for javax.cache:cache-api:1.1.1]: Configuration directory is javax.cache/cache-api/1.1.1
[INFO] [graalvm reachability metadata repository for com.github.ben-manes.caffeine:caffeine:3.1.6]: Configuration directory not found. Trying latest version.
[INFO] [graalvm reachability metadata repository for com.github.ben-manes.caffeine:caffeine:3.1.6]: Configuration directory is com.github.ben-manes.caffeine/caffeine/3.1.2
[INFO] 
[INFO] --- spring-boot-maven-plugin:3.0.6:build-info (default) @ spring-petclinic ---
[INFO] 
[INFO] --- maven-resources-plugin:3.3.1:resources (default-resources) @ spring-petclinic ---
[INFO] Copying 3 resources from src/main/resources to target/classes
[INFO] Copying 43 resources from src/main/resources to target/classes
[INFO] 
[INFO] --- maven-compiler-plugin:3.10.1:compile (default-compile) @ spring-petclinic ---
[INFO] Changes detected - recompiling the module!
[INFO] Compiling 24 source files to /home/ionutbalosin/Workspace/spring-petclinic/target/classes
[INFO] 
[INFO] --- maven-resources-plugin:3.3.1:testResources (default-testResources) @ spring-petclinic ---
[INFO] Not copying test resources
[INFO] 
[INFO] --- maven-compiler-plugin:3.10.1:testCompile (default-testCompile) @ spring-petclinic ---
[INFO] Not compiling test sources
[INFO] 
[INFO] --- maven-surefire-plugin:2.22.2:test (default-test) @ spring-petclinic ---
[INFO] Tests are skipped.
[INFO] 
[INFO] --- spring-boot-maven-plugin:3.0.6:process-aot (process-aot) @ spring-petclinic ---


              |\      _,,,--,,_
             /,`.-'`'   ._  \-;;,_
  _______ __|,4-  ) )_   .;.(__`'-'__     ___ __    _ ___ _______
 |       | '---''(_/._)-'(_\_)   |   |   |   |  |  | |   |       |
 |    _  |    ___|_     _|       |   |   |   |   |_| |   |       | __ _ _
 |   |_| |   |___  |   | |       |   |   |   |       |   |       | \ \ \ \
 |    ___|    ___| |   | |      _|   |___|   |  _    |   |      _|  \ \ \ \
 |   |   |   |___  |   | |     |_|       |   | | |   |   |     |_    ) ) ) )
 |___|   |_______| |___| |_______|_______|___|_|  |__|___|_______|  / / / /
 ==================================================================/_/_/_/

:: Built with Spring Boot :: 3.0.6


2023-07-18T12:41:37.364+02:00  INFO 5327 --- [           main] o.s.s.petclinic.PetClinicApplication     : Starting PetClinicApplication using Java 17.0.7 with PID 5327 (/home/ionutbalosin/Workspace/spring-petclinic/target/classes started by root in /home/ionutbalosin/Workspace/spring-petclinic)
2023-07-18T12:41:37.381+02:00  INFO 5327 --- [           main] o.s.s.petclinic.PetClinicApplication     : No active profile set, falling back to 1 default profile: "default"
2023-07-18T12:41:40.751+02:00  INFO 5327 --- [           main] .s.d.r.c.RepositoryConfigurationDelegate : Bootstrapping Spring Data JPA repositories in DEFAULT mode.
2023-07-18T12:41:40.959+02:00  INFO 5327 --- [           main] .s.d.r.c.RepositoryConfigurationDelegate : Finished Spring Data repository scanning in 183 ms. Found 2 JPA repository interfaces.
[INFO] 
[INFO] --- jacoco-maven-plugin:0.8.8:report (report) @ spring-petclinic ---
[INFO] Skipping JaCoCo execution due to missing execution data file.
[INFO] 
[INFO] --- maven-jar-plugin:3.3.0:jar (default-jar) @ spring-petclinic ---
[INFO] Building jar: /home/ionutbalosin/Workspace/spring-petclinic/target/spring-petclinic-3.0.0-SNAPSHOT.jar
[INFO] 
[INFO] --- spring-boot-maven-plugin:3.0.6:repackage (repackage) @ spring-petclinic ---
[INFO] Replacing main artifact with repackaged archive
[INFO] 
[INFO] <<< native-maven-plugin:0.9.21:compile (default-cli) < package @ spring-petclinic <<<
[INFO] 
[INFO] 
[INFO] --- native-maven-plugin:0.9.21:compile (default-cli) @ spring-petclinic ---
[INFO] Found GraalVM installation from JAVA_HOME variable.
[INFO] [graalvm reachability metadata repository for com.mysql:mysql-connector-j:8.0.33]: Configuration directory not found. Trying latest version.
[INFO] [graalvm reachability metadata repository for com.mysql:mysql-connector-j:8.0.33]: Configuration directory is com.mysql/mysql-connector-j/8.0.31
[INFO] [graalvm reachability metadata repository for org.hibernate.orm:hibernate-core:6.1.7.Final]: Configuration is forced to version 6.1.1.Final
[INFO] [graalvm reachability metadata repository for org.postgresql:postgresql:42.5.4]: Configuration directory not found. Trying latest version.
[INFO] [graalvm reachability metadata repository for org.postgresql:postgresql:42.5.4]: Configuration directory is org.postgresql/postgresql/42.3.4
[INFO] [graalvm reachability metadata repository for org.hibernate.validator:hibernate-validator:8.0.0.Final]: Configuration directory not found. Trying latest version.
[INFO] [graalvm reachability metadata repository for org.hibernate.validator:hibernate-validator:8.0.0.Final]: Latest version not found!
[INFO] [graalvm reachability metadata repository for org.hibernate.validator:hibernate-validator:8.0.0.Final]: missing.
[INFO] [graalvm reachability metadata repository for org.hibernate.validator:hibernate-validator:8.0.0.Final]: Configuration directory not found. Trying latest version.
[INFO] [graalvm reachability metadata repository for org.hibernate.validator:hibernate-validator:8.0.0.Final]: Configuration directory is org.hibernate.validator/hibernate-validator/7.0.4.Final
[INFO] [graalvm reachability metadata repository for org.thymeleaf:thymeleaf:3.1.1.RELEASE]: Configuration directory not found. Trying latest version.
[INFO] [graalvm reachability metadata repository for org.thymeleaf:thymeleaf:3.1.1.RELEASE]: Configuration directory is org.thymeleaf/thymeleaf/3.1.0.RC1
[INFO] [graalvm reachability metadata repository for org.apache.tomcat.embed:tomcat-embed-core:10.1.8]: Configuration directory not found. Trying latest version.
[INFO] [graalvm reachability metadata repository for org.apache.tomcat.embed:tomcat-embed-core:10.1.8]: Configuration directory is org.apache.tomcat.embed/tomcat-embed-core/10.0.20
[INFO] [graalvm reachability metadata repository for javax.cache:cache-api:1.1.1]: Configuration directory is javax.cache/cache-api/1.1.1
[INFO] [graalvm reachability metadata repository for com.zaxxer:HikariCP:5.0.1]: Configuration directory is com.zaxxer/HikariCP/5.0.1
[INFO] [graalvm reachability metadata repository for ch.qos.logback:logback-classic:1.4.7]: Configuration directory not found. Trying latest version.
[INFO] [graalvm reachability metadata repository for ch.qos.logback:logback-classic:1.4.7]: Configuration directory is ch.qos.logback/logback-classic/1.4.1
[INFO] [graalvm reachability metadata repository for com.h2database:h2:2.1.214]: Configuration directory not found. Trying latest version.
[INFO] [graalvm reachability metadata repository for com.h2database:h2:2.1.214]: Configuration directory is com.h2database/h2/2.1.210
[INFO] [graalvm reachability metadata repository for org.glassfish.jaxb:jaxb-runtime:4.0.2]: Configuration directory not found. Trying latest version.
[INFO] [graalvm reachability metadata repository for org.glassfish.jaxb:jaxb-runtime:4.0.2]: Configuration directory is org.glassfish.jaxb/jaxb-runtime/3.0.2
[INFO] [graalvm reachability metadata repository for org.jboss.logging:jboss-logging:3.5.0.Final]: Configuration directory is org.jboss.logging/jboss-logging/3.5.0.Final
[INFO] [graalvm reachability metadata repository for com.github.ben-manes.caffeine:caffeine:3.1.6]: Configuration directory not found. Trying latest version.
[INFO] [graalvm reachability metadata repository for com.github.ben-manes.caffeine:caffeine:3.1.6]: Configuration directory is com.github.ben-manes.caffeine/caffeine/3.1.2
[INFO] [graalvm reachability metadata repository for org.hdrhistogram:HdrHistogram:2.1.12]: Configuration directory is org.hdrhistogram/HdrHistogram/2.1.12
[INFO] [graalvm reachability metadata repository for org.thymeleaf:thymeleaf-spring6:3.1.1.RELEASE]: Configuration directory not found. Trying latest version.
[INFO] [graalvm reachability metadata repository for org.thymeleaf:thymeleaf-spring6:3.1.1.RELEASE]: Configuration directory is org.thymeleaf/thymeleaf-spring6/3.1.0.M2
[INFO] Executing: /usr/lib/jvm/graalvm-ee-jdk-17.0.7+8-LTS-jvmci-23.0-b12/bin/native-image -cp /home/ionutbalosin/Workspace/spring-petclinic/target/classes:/root/.m2/repository/org/springframework/boot/spring-boot-starter-data-jpa/3.0.6/spring-boot-starter-data-jpa-3.0.6.jar:/root/.m2/repository/org/springframework/boot/spring-boot-starter/3.0.6/spring-boot-starter-3.0.6.jar:/root/.m2/repository/ch/qos/logback/logback-core/1.4.7/logback-core-1.4.7.jar:/root/.m2/repository/org/springframework/spring-webmvc/6.0.8/spring-webmvc-6.0.8.jar:/root/.m2/repository/org/springframework/boot/spring-boot-starter-jdbc/3.0.6/spring-boot-starter-jdbc-3.0.6.jar:/root/.m2/repository/org/springframework/boot/spring-boot-starter-aop/3.0.6/spring-boot-starter-aop-3.0.6.jar:/root/.m2/repository/com/mysql/mysql-connector-j/8.0.33/mysql-connector-j-8.0.33.jar:/root/.m2/repository/org/springframework/boot/spring-boot-starter-logging/3.0.6/spring-boot-starter-logging-3.0.6.jar:/root/.m2/repository/com/fasterxml/jackson/datatype/jackson-datatype-jsr310/2.14.2/jackson-datatype-jsr310-2.14.2.jar:/root/.m2/repository/org/springframework/spring-context/6.0.8/spring-context-6.0.8.jar:/root/.m2/repository/org/hibernate/common/hibernate-commons-annotations/6.0.6.Final/hibernate-commons-annotations-6.0.6.Final.jar:/root/.m2/repository/org/springframework/spring-aspects/6.0.8/spring-aspects-6.0.8.jar:/root/.m2/repository/org/glassfish/jaxb/jaxb-core/4.0.2/jaxb-core-4.0.2.jar:/root/.m2/repository/org/slf4j/jul-to-slf4j/2.0.7/jul-to-slf4j-2.0.7.jar:/root/.m2/repository/com/fasterxml/jackson/core/jackson-databind/2.14.2/jackson-databind-2.14.2.jar:/root/.m2/repository/org/antlr/antlr4-runtime/4.10.1/antlr4-runtime-4.10.1.jar:/root/.m2/repository/org/springframework/spring-context-support/6.0.8/spring-context-support-6.0.8.jar:/root/.m2/repository/org/hibernate/orm/hibernate-core/6.1.7.Final/hibernate-core-6.1.7.Final.jar:/root/.m2/repository/org/postgresql/postgresql/42.5.4/postgresql-42.5.4.jar:/root/.m2/repository/org/apache/tomcat/embed/tomcat-embed-el/10.1.8/tomcat-embed-el-10.1.8.jar:/root/.m2/repository/org/hibernate/validator/hibernate-validator/8.0.0.Final/hibernate-validator-8.0.0.Final.jar:/root/.m2/repository/org/thymeleaf/thymeleaf/3.1.1.RELEASE/thymeleaf-3.1.1.RELEASE.jar:/root/.m2/repository/org/apache/logging/log4j/log4j-api/2.19.0/log4j-api-2.19.0.jar:/root/.m2/repository/org/springframework/data/spring-data-jpa/3.0.5/spring-data-jpa-3.0.5.jar:/root/.m2/repository/org/springframework/spring-web/6.0.8/spring-web-6.0.8.jar:/root/.m2/repository/jakarta/persistence/jakarta.persistence-api/3.1.0/jakarta.persistence-api-3.1.0.jar:/root/.m2/repository/org/apache/tomcat/embed/tomcat-embed-core/10.1.8/tomcat-embed-core-10.1.8.jar:/root/.m2/repository/javax/cache/cache-api/1.1.1/cache-api-1.1.1.jar:/root/.m2/repository/org/attoparser/attoparser/2.0.6.RELEASE/attoparser-2.0.6.RELEASE.jar:/root/.m2/repository/org/springframework/spring-core/6.0.8/spring-core-6.0.8.jar:/root/.m2/repository/com/fasterxml/jackson/core/jackson-annotations/2.14.2/jackson-annotations-2.14.2.jar:/root/.m2/repository/jakarta/transaction/jakarta.transaction-api/2.0.1/jakarta.transaction-api-2.0.1.jar:/root/.m2/repository/org/springframework/boot/spring-boot-starter-tomcat/3.0.6/spring-boot-starter-tomcat-3.0.6.jar:/root/.m2/repository/org/springframework/boot/spring-boot-starter-actuator/3.0.6/spring-boot-starter-actuator-3.0.6.jar:/root/.m2/repository/org/springframework/boot/spring-boot-actuator/3.0.6/spring-boot-actuator-3.0.6.jar:/root/.m2/repository/org/springframework/spring-tx/6.0.8/spring-tx-6.0.8.jar:/root/.m2/repository/org/springframework/spring-beans/6.0.8/spring-beans-6.0.8.jar:/root/.m2/repository/org/aspectj/aspectjweaver/1.9.19/aspectjweaver-1.9.19.jar:/root/.m2/repository/jakarta/validation/jakarta.validation-api/3.0.2/jakarta.validation-api-3.0.2.jar:/root/.m2/repository/org/springframework/data/spring-data-commons/3.0.5/spring-data-commons-3.0.5.jar:/root/.m2/repository/org/springframework/spring-orm/6.0.8/spring-orm-6.0.8.jar:/root/.m2/repository/org/eclipse/angus/angus-activation/2.0.0/angus-activation-2.0.0.jar:/root/.m2/repository/com/zaxxer/HikariCP/5.0.1/HikariCP-5.0.1.jar:/root/.m2/repository/ch/qos/logback/logback-classic/1.4.7/logback-classic-1.4.7.jar:/root/.m2/repository/io/micrometer/micrometer-observation/1.10.6/micrometer-observation-1.10.6.jar:/root/.m2/repository/org/slf4j/slf4j-api/2.0.7/slf4j-api-2.0.7.jar:/root/.m2/repository/org/springframework/spring-expression/6.0.8/spring-expression-6.0.8.jar:/root/.m2/repository/com/h2database/h2/2.1.214/h2-2.1.214.jar:/root/.m2/repository/org/springframework/boot/spring-boot/3.0.6/spring-boot-3.0.6.jar:/root/.m2/repository/org/springframework/spring-aop/6.0.8/spring-aop-6.0.8.jar:/root/.m2/repository/org/springframework/boot/spring-boot-starter-json/3.0.6/spring-boot-starter-json-3.0.6.jar:/root/.m2/repository/jakarta/annotation/jakarta.annotation-api/2.1.1/jakarta.annotation-api-2.1.1.jar:/root/.m2/repository/org/glassfish/jaxb/jaxb-runtime/4.0.2/jaxb-runtime-4.0.2.jar:/root/.m2/repository/org/apache/tomcat/embed/tomcat-embed-websocket/10.1.8/tomcat-embed-websocket-10.1.8.jar:/root/.m2/repository/org/springframework/boot/spring-boot-actuator-autoconfigure/3.0.6/spring-boot-actuator-autoconfigure-3.0.6.jar:/root/.m2/repository/org/springframework/spring-jdbc/6.0.8/spring-jdbc-6.0.8.jar:/root/.m2/repository/net/bytebuddy/byte-buddy/1.12.23/byte-buddy-1.12.23.jar:/root/.m2/repository/org/checkerframework/checker-qual/3.5.0/checker-qual-3.5.0.jar:/root/.m2/repository/org/springframework/boot/spring-boot-starter-cache/3.0.6/spring-boot-starter-cache-3.0.6.jar:/root/.m2/repository/org/unbescape/unbescape/1.1.6.RELEASE/unbescape-1.1.6.RELEASE.jar:/root/.m2/repository/org/springframework/boot/spring-boot-devtools/3.0.6/spring-boot-devtools-3.0.6.jar:/root/.m2/repository/io/micrometer/micrometer-core/1.10.6/micrometer-core-1.10.6.jar:/root/.m2/repository/org/glassfish/jaxb/txw2/4.0.2/txw2-4.0.2.jar:/root/.m2/repository/com/fasterxml/jackson/datatype/jackson-datatype-jdk8/2.14.2/jackson-datatype-jdk8-2.14.2.jar:/root/.m2/repository/io/micrometer/micrometer-commons/1.10.6/micrometer-commons-1.10.6.jar:/root/.m2/repository/org/springframework/boot/spring-boot-autoconfigure/3.0.6/spring-boot-autoconfigure-3.0.6.jar:/root/.m2/repository/com/fasterxml/jackson/module/jackson-module-parameter-names/2.14.2/jackson-module-parameter-names-2.14.2.jar:/root/.m2/repository/org/jboss/jandex/2.4.2.Final/jandex-2.4.2.Final.jar:/root/.m2/repository/com/sun/istack/istack-commons-runtime/4.1.1/istack-commons-runtime-4.1.1.jar:/root/.m2/repository/org/apache/logging/log4j/log4j-to-slf4j/2.19.0/log4j-to-slf4j-2.19.0.jar:/root/.m2/repository/org/jboss/logging/jboss-logging/3.5.0.Final/jboss-logging-3.5.0.Final.jar:/root/.m2/repository/com/github/ben-manes/caffeine/caffeine/3.1.6/caffeine-3.1.6.jar:/root/.m2/repository/org/latencyutils/LatencyUtils/2.0.3/LatencyUtils-2.0.3.jar:/root/.m2/repository/org/hdrhistogram/HdrHistogram/2.1.12/HdrHistogram-2.1.12.jar:/root/.m2/repository/org/springframework/boot/spring-boot-starter-thymeleaf/3.0.6/spring-boot-starter-thymeleaf-3.0.6.jar:/root/.m2/repository/com/google/errorprone/error_prone_annotations/2.18.0/error_prone_annotations-2.18.0.jar:/root/.m2/repository/org/springframework/boot/spring-boot-starter-validation/3.0.6/spring-boot-starter-validation-3.0.6.jar:/root/.m2/repository/org/thymeleaf/thymeleaf-spring6/3.1.1.RELEASE/thymeleaf-spring6-3.1.1.RELEASE.jar:/root/.m2/repository/org/yaml/snakeyaml/1.33/snakeyaml-1.33.jar:/root/.m2/repository/com/fasterxml/jackson/core/jackson-core/2.14.2/jackson-core-2.14.2.jar:/root/.m2/repository/org/springframework/boot/spring-boot-starter-web/3.0.6/spring-boot-starter-web-3.0.6.jar:/root/.m2/repository/org/webjars/npm/font-awesome/4.7.0/font-awesome-4.7.0.jar:/root/.m2/repository/org/springframework/spring-jcl/6.0.8/spring-jcl-6.0.8.jar:/root/.m2/repository/com/fasterxml/classmate/1.5.1/classmate-1.5.1.jar:/root/.m2/repository/jakarta/inject/jakarta.inject-api/2.0.0/jakarta.inject-api-2.0.0.jar:/root/.m2/repository/jakarta/activation/jakarta.activation-api/2.1.1/jakarta.activation-api-2.1.1.jar:/root/.m2/repository/jakarta/xml/bind/jakarta.xml.bind-api/4.0.0/jakarta.xml.bind-api-4.0.0.jar:/root/.m2/repository/org/webjars/npm/bootstrap/5.2.3/bootstrap-5.2.3.jar --no-fallback -H:Path=/home/ionutbalosin/Workspace/spring-petclinic/target -H:Name=spring-petclinic -H:ConfigurationFileDirectories=/home/ionutbalosin/Workspace/spring-petclinic/target/graalvm-reachability-metadata/674faf506fb0c15ad8164e547fb4d86bee18be6e/javax.cache/cache-api/1.1.1,/home/ionutbalosin/Workspace/spring-petclinic/target/graalvm-reachability-metadata/674faf506fb0c15ad8164e547fb4d86bee18be6e/com.github.ben-manes.caffeine/caffeine/3.1.2,/home/ionutbalosin/Workspace/spring-petclinic/target/graalvm-reachability-metadata/674faf506fb0c15ad8164e547fb4d86bee18be6e/ch.qos.logback/logback-classic/1.4.1,/home/ionutbalosin/Workspace/spring-petclinic/target/graalvm-reachability-metadata/674faf506fb0c15ad8164e547fb4d86bee18be6e/org.postgresql/postgresql/42.3.4,/home/ionutbalosin/Workspace/spring-petclinic/target/graalvm-reachability-metadata/674faf506fb0c15ad8164e547fb4d86bee18be6e/org.glassfish.jaxb/jaxb-runtime/3.0.2,/home/ionutbalosin/Workspace/spring-petclinic/target/graalvm-reachability-metadata/674faf506fb0c15ad8164e547fb4d86bee18be6e/com.mysql/mysql-connector-j/8.0.31,/home/ionutbalosin/Workspace/spring-petclinic/target/graalvm-reachability-metadata/674faf506fb0c15ad8164e547fb4d86bee18be6e/com.zaxxer/HikariCP/5.0.1,/home/ionutbalosin/Workspace/spring-petclinic/target/graalvm-reachability-metadata/674faf506fb0c15ad8164e547fb4d86bee18be6e/org.thymeleaf/thymeleaf/3.1.0.RC1,/home/ionutbalosin/Workspace/spring-petclinic/target/graalvm-reachability-metadata/674faf506fb0c15ad8164e547fb4d86bee18be6e/com.h2database/h2/2.1.210,/home/ionutbalosin/Workspace/spring-petclinic/target/graalvm-reachability-metadata/674faf506fb0c15ad8164e547fb4d86bee18be6e/org.hdrhistogram/HdrHistogram/2.1.12,/home/ionutbalosin/Workspace/spring-petclinic/target/graalvm-reachability-metadata/674faf506fb0c15ad8164e547fb4d86bee18be6e/org.hibernate.orm/hibernate-core/6.1.1.Final,/home/ionutbalosin/Workspace/spring-petclinic/target/graalvm-reachability-metadata/674faf506fb0c15ad8164e547fb4d86bee18be6e/org.hibernate.validator/hibernate-validator/7.0.4.Final,/home/ionutbalosin/Workspace/spring-petclinic/target/graalvm-reachability-metadata/674faf506fb0c15ad8164e547fb4d86bee18be6e/org.apache.tomcat.embed/tomcat-embed-core/10.0.20,/home/ionutbalosin/Workspace/spring-petclinic/target/graalvm-reachability-metadata/674faf506fb0c15ad8164e547fb4d86bee18be6e/org.thymeleaf/thymeleaf-spring6/3.1.0.M2,/home/ionutbalosin/Workspace/spring-petclinic/target/graalvm-reachability-metadata/674faf506fb0c15ad8164e547fb4d86bee18be6e/org.jboss.logging/jboss-logging/3.5.0.Final
========================================================================================================================
GraalVM Native Image: Generating 'spring-petclinic' (executable)...
========================================================================================================================
Warning: Method com.zaxxer.hikari.HikariConfig.getScheduledExecutorService() not found.
Warning: Method com.zaxxer.hikari.HikariConfig.isInitializationFailFast() not found.
Warning: Method com.zaxxer.hikari.HikariConfig.isJdbc4ConnectionTest() not found.
Warning: Method com.zaxxer.hikari.HikariConfig.setInitializationFailFast(boolean) not found.
Warning: Method com.zaxxer.hikari.HikariConfig.setJdbc4ConnectionTest(boolean) not found.
Warning: Method com.zaxxer.hikari.HikariConfig.setScheduledExecutorService(ScheduledThreadPoolExecutor) not found.
Warning: Could not resolve class [Lorg.apache.logging.log4j.core.Appender; for reflection configuration. Reason: java.lang.ClassNotFoundException: org.apache.logging.log4j.core.Appender.
Warning: Could not resolve class [Lorg.apache.logging.log4j.core.config.AppenderControl; for reflection configuration. Reason: java.lang.ClassNotFoundException: org.apache.logging.log4j.core.config.AppenderControl.
Warning: Could not resolve class [Lorg.apache.logging.log4j.core.config.AppenderRef; for reflection configuration. Reason: java.lang.ClassNotFoundException: org.apache.logging.log4j.core.config.AppenderRef.
Warning: Could not resolve class [Lorg.apache.logging.log4j.core.config.LoggerConfig; for reflection configuration. Reason: java.lang.ClassNotFoundException: org.apache.logging.log4j.core.config.LoggerConfig.
Warning: Could not resolve class [Lorg.apache.logging.log4j.core.config.Property; for reflection configuration. Reason: java.lang.ClassNotFoundException: org.apache.logging.log4j.core.config.Property.
Warning: Could not resolve class [Lorg.apache.logging.log4j.core.pattern.PatternFormatter; for reflection configuration. Reason: java.lang.ClassNotFoundException: org.apache.logging.log4j.core.pattern.PatternFormatter.
Warning: Could not resolve class jakarta.enterprise.inject.spi.BeanManager for reflection configuration. Reason: java.lang.ClassNotFoundException: jakarta.enterprise.inject.spi.BeanManager.
Warning: Could not resolve class org.springframework.boot.orm.jpa.hibernate.SpringPhysicalNamingStrategy for reflection configuration. Reason: java.lang.ClassNotFoundException: org.springframework.boot.orm.jpa.hibernate.SpringPhysicalNamingStrategy.
Warning: Could not resolve class org.wildfly.transaction.client.ContextTransactionManager for reflection configuration. Reason: java.lang.ClassNotFoundException: org.wildfly.transaction.client.ContextTransactionManager.
Warning: Could not resolve class org.wildfly.transaction.client.ContextTransactionManager for reflection configuration. Reason: java.lang.ClassNotFoundException: org.wildfly.transaction.client.ContextTransactionManager.
Warning: Could not resolve class org.wildfly.transaction.client.LocalUserTransaction for reflection configuration. Reason: java.lang.ClassNotFoundException: org.wildfly.transaction.client.LocalUserTransaction.
Warning: Method com.mysql.cj.log.StandardLogger.<init>() not found.
Warning: Could not resolve class com.sun.el.ExpressionFactoryImpl for reflection configuration. Reason: java.lang.ClassNotFoundException: com.sun.el.ExpressionFactoryImpl.
Warning: Could not resolve class groovy.grape.GrabAnnotationTransformation for reflection configuration. Reason: java.lang.ClassNotFoundException: groovy.grape.GrabAnnotationTransformation.
Warning: Could not resolve class groovy.lang.Script for reflection configuration. Reason: java.lang.ClassNotFoundException: groovy.lang.Script.
Warning: Could not resolve class groovy.lang.Script for reflection configuration. Reason: java.lang.ClassNotFoundException: groovy.lang.Script.
Warning: Could not resolve class groovyjarjarantlr.CommonToken for reflection configuration. Reason: java.lang.ClassNotFoundException: groovyjarjarantlr.CommonToken.
Warning: Could not resolve class javafx.beans.value.ObservableValue for reflection configuration. Reason: java.lang.ClassNotFoundException: javafx.beans.value.ObservableValue.
Warning: Could not resolve class javax.money.MonetaryAmount for reflection configuration. Reason: java.lang.ClassNotFoundException: javax.money.MonetaryAmount.
Warning: Could not resolve class org.codehaus.groovy.antlr.GroovySourceAST for reflection configuration. Reason: java.lang.ClassNotFoundException: org.codehaus.groovy.antlr.GroovySourceAST.
Warning: Could not resolve class org.codehaus.groovy.ast.builder.AstBuilderTransformation for reflection configuration. Reason: java.lang.ClassNotFoundException: org.codehaus.groovy.ast.builder.AstBuilderTransformation.
Warning: Could not resolve class org.codehaus.groovy.runtime.ScriptBytecodeAdapter for reflection configuration. Reason: java.lang.ClassNotFoundException: org.codehaus.groovy.runtime.ScriptBytecodeAdapter.
Warning: Could not resolve class org.glassfish.expressly.ValueExpressionImpl for reflection configuration. Reason: java.lang.ClassNotFoundException: org.glassfish.expressly.ValueExpressionImpl.
Warning: Could not resolve class org.glassfish.expressly.parser.AstValue for reflection configuration. Reason: java.lang.ClassNotFoundException: org.glassfish.expressly.parser.AstValue.
Warning: Could not resolve class org.joda.time.ReadableInstant for reflection configuration. Reason: java.lang.ClassNotFoundException: org.joda.time.ReadableInstant.
Warning: Could not register method org.hibernate.validator.internal.constraintvalidators.bv.time.future.FutureValidatorForReadablePartial.<init>() for reflection. Reason: java.lang.NoClassDefFoundError: org/joda/time/ReadableInstant.
Warning: Could not register method org.hibernate.validator.internal.constraintvalidators.bv.time.futureorpresent.FutureOrPresentValidatorForReadablePartial.<init>() for reflection. Reason: java.lang.NoClassDefFoundError: org/joda/time/ReadableInstant.
Warning: Could not register method org.hibernate.validator.internal.constraintvalidators.bv.time.past.PastValidatorForReadablePartial.<init>() for reflection. Reason: java.lang.NoClassDefFoundError: org/joda/time/ReadableInstant.
Warning: Could not register method org.hibernate.validator.internal.constraintvalidators.bv.time.pastorpresent.PastOrPresentValidatorForReadablePartial.<init>() for reflection. Reason: java.lang.NoClassDefFoundError: org/joda/time/ReadableInstant.
Warning: Could not resolve class org.jboss.logmanager.LogManager for reflection configuration. Reason: java.lang.ClassNotFoundException: org.jboss.logmanager.LogManager.
Warning: Could not resolve class com.sun.el.ExpressionFactoryImpl for reflection configuration. Reason: java.lang.ClassNotFoundException: com.sun.el.ExpressionFactoryImpl.
Warning: Could not resolve class groovy.grape.GrabAnnotationTransformation for reflection configuration. Reason: java.lang.ClassNotFoundException: groovy.grape.GrabAnnotationTransformation.
Warning: Could not resolve class groovy.lang.Script for reflection configuration. Reason: java.lang.ClassNotFoundException: groovy.lang.Script.
Warning: Could not resolve class groovy.lang.Script for reflection configuration. Reason: java.lang.ClassNotFoundException: groovy.lang.Script.
Warning: Could not resolve class groovyjarjarantlr.CommonToken for reflection configuration. Reason: java.lang.ClassNotFoundException: groovyjarjarantlr.CommonToken.
Warning: Could not resolve class javafx.beans.value.ObservableValue for reflection configuration. Reason: java.lang.ClassNotFoundException: javafx.beans.value.ObservableValue.
Warning: Could not resolve class javax.money.MonetaryAmount for reflection configuration. Reason: java.lang.ClassNotFoundException: javax.money.MonetaryAmount.
Warning: Could not resolve class org.codehaus.groovy.antlr.GroovySourceAST for reflection configuration. Reason: java.lang.ClassNotFoundException: org.codehaus.groovy.antlr.GroovySourceAST.
Warning: Could not resolve class org.codehaus.groovy.ast.builder.AstBuilderTransformation for reflection configuration. Reason: java.lang.ClassNotFoundException: org.codehaus.groovy.ast.builder.AstBuilderTransformation.
Warning: Could not resolve class org.codehaus.groovy.runtime.ScriptBytecodeAdapter for reflection configuration. Reason: java.lang.ClassNotFoundException: org.codehaus.groovy.runtime.ScriptBytecodeAdapter.
Warning: Could not resolve class org.glassfish.expressly.ValueExpressionImpl for reflection configuration. Reason: java.lang.ClassNotFoundException: org.glassfish.expressly.ValueExpressionImpl.
Warning: Could not resolve class org.glassfish.expressly.parser.AstValue for reflection configuration. Reason: java.lang.ClassNotFoundException: org.glassfish.expressly.parser.AstValue.
Warning: Could not resolve class org.joda.time.ReadableInstant for reflection configuration. Reason: java.lang.ClassNotFoundException: org.joda.time.ReadableInstant.
Warning: Could not register method org.hibernate.validator.internal.constraintvalidators.bv.time.future.FutureValidatorForReadablePartial.<init>() for reflection. Reason: java.lang.NoClassDefFoundError: org/joda/time/ReadableInstant.
Warning: Could not register method org.hibernate.validator.internal.constraintvalidators.bv.time.futureorpresent.FutureOrPresentValidatorForReadablePartial.<init>() for reflection. Reason: java.lang.NoClassDefFoundError: org/joda/time/ReadableInstant.
Warning: Could not register method org.hibernate.validator.internal.constraintvalidators.bv.time.past.PastValidatorForReadablePartial.<init>() for reflection. Reason: java.lang.NoClassDefFoundError: org/joda/time/ReadableInstant.
Warning: Could not register method org.hibernate.validator.internal.constraintvalidators.bv.time.pastorpresent.PastOrPresentValidatorForReadablePartial.<init>() for reflection. Reason: java.lang.NoClassDefFoundError: org/joda/time/ReadableInstant.
Warning: Could not resolve class [Lorg.apache.logging.log4j.core.Appender; for reflection configuration. Reason: java.lang.ClassNotFoundException: org.apache.logging.log4j.core.Appender.
Warning: Could not resolve class [Lorg.apache.logging.log4j.core.config.AppenderControl; for reflection configuration. Reason: java.lang.ClassNotFoundException: org.apache.logging.log4j.core.config.AppenderControl.
Warning: Could not resolve class [Lorg.apache.logging.log4j.core.config.AppenderRef; for reflection configuration. Reason: java.lang.ClassNotFoundException: org.apache.logging.log4j.core.config.AppenderRef.
Warning: Could not resolve class [Lorg.apache.logging.log4j.core.config.LoggerConfig; for reflection configuration. Reason: java.lang.ClassNotFoundException: org.apache.logging.log4j.core.config.LoggerConfig.
Warning: Could not resolve class [Lorg.apache.logging.log4j.core.config.Property; for reflection configuration. Reason: java.lang.ClassNotFoundException: org.apache.logging.log4j.core.config.Property.
Warning: Could not resolve class [Lorg.apache.logging.log4j.core.pattern.PatternFormatter; for reflection configuration. Reason: java.lang.ClassNotFoundException: org.apache.logging.log4j.core.pattern.PatternFormatter.
Warning: Could not resolve class jakarta.enterprise.inject.spi.BeanManager for reflection configuration. Reason: java.lang.ClassNotFoundException: jakarta.enterprise.inject.spi.BeanManager.
Warning: Could not resolve class org.springframework.boot.orm.jpa.hibernate.SpringPhysicalNamingStrategy for reflection configuration. Reason: java.lang.ClassNotFoundException: org.springframework.boot.orm.jpa.hibernate.SpringPhysicalNamingStrategy.
Warning: Could not resolve class org.wildfly.transaction.client.ContextTransactionManager for reflection configuration. Reason: java.lang.ClassNotFoundException: org.wildfly.transaction.client.ContextTransactionManager.
Warning: Could not resolve class org.wildfly.transaction.client.ContextTransactionManager for reflection configuration. Reason: java.lang.ClassNotFoundException: org.wildfly.transaction.client.ContextTransactionManager.
Warning: Could not resolve class org.wildfly.transaction.client.LocalUserTransaction for reflection configuration. Reason: java.lang.ClassNotFoundException: org.wildfly.transaction.client.LocalUserTransaction.
Warning: Method com.mysql.cj.log.StandardLogger.<init>() not found.
Warning: Could not resolve class org.jboss.logmanager.LogManager for reflection configuration. Reason: java.lang.ClassNotFoundException: org.jboss.logmanager.LogManager.
Warning: Method com.zaxxer.hikari.HikariConfig.getScheduledExecutorService() not found.
Warning: Method com.zaxxer.hikari.HikariConfig.isInitializationFailFast() not found.
Warning: Method com.zaxxer.hikari.HikariConfig.isJdbc4ConnectionTest() not found.
Warning: Method com.zaxxer.hikari.HikariConfig.setInitializationFailFast(boolean) not found.
Warning: Method com.zaxxer.hikari.HikariConfig.setJdbc4ConnectionTest(boolean) not found.
Warning: Method com.zaxxer.hikari.HikariConfig.setScheduledExecutorService(ScheduledThreadPoolExecutor) not found.
[1/8] Initializing...                                                                                   (38.7s @ 0.30GB)
 Java version: 17.0.7+8-LTS, vendor version: Oracle GraalVM 17.0.7+8.1
 Graal compiler: optimization level: 2, target machine: x86-64-v3, PGO: ML-inferred
 C compiler: gcc (linux, x86_64, 11.3.0)
 Garbage collector: Serial GC (max heap size: 80% of RAM)
 2 user-specific feature(s)
 - org.eclipse.angus.activation.nativeimage.AngusActivationFeature
 - org.springframework.aot.nativex.feature.PreComputeFieldFeature
Field org.apache.commons.logging.LogAdapter#log4jSpiPresent set to true at build time
Field org.apache.commons.logging.LogAdapter#log4jSlf4jProviderPresent set to true at build time
Field org.apache.commons.logging.LogAdapter#slf4jSpiPresent set to true at build time
Field org.apache.commons.logging.LogAdapter#slf4jApiPresent set to true at build time
Field org.springframework.core.NativeDetector#imageCode set to true at build time
Field org.springframework.boot.logging.log4j2.Log4J2LoggingSystem$Factory#PRESENT set to false at build time
Field org.springframework.cache.annotation.CachingConfigurationSelector#jsr107Present set to true at build time
Field org.springframework.cache.annotation.CachingConfigurationSelector#jcacheImplPresent set to true at build time
Field org.springframework.boot.logging.java.JavaLoggingSystem$Factory#PRESENT set to true at build time
Field org.springframework.transaction.interceptor.TransactionAspectSupport#vavrPresent set to false at build time
Field org.springframework.transaction.interceptor.TransactionAspectSupport#reactiveStreamsPresent set to false at build time
Field org.springframework.data.util.NullableWrapperConverters#GUAVA_PRESENT set to false at build time
Field org.springframework.data.util.NullableWrapperConverters#SCALA_PRESENT set to false at build time
Field org.springframework.data.util.NullableWrapperConverters#VAVR_PRESENT set to false at build time
SLF4J: No SLF4J providers were found.
SLF4J: Defaulting to no-operation (NOP) logger implementation
SLF4J: See https://www.slf4j.org/codes.html#noProviders for further details.
Field org.springframework.data.repository.util.QueryExecutionConverters#VAVR_PRESENT set to false at build time
Field org.springframework.core.KotlinDetector#kotlinPresent set to false at build time
Field org.springframework.core.KotlinDetector#kotlinReflectPresent set to false at build time
Field org.springframework.web.client.RestTemplate#romePresent set to false at build time
Field org.springframework.web.client.RestTemplate#jaxb2Present set to true at build time
Field org.springframework.web.client.RestTemplate#jackson2Present set to true at build time
Field org.springframework.web.client.RestTemplate#jackson2XmlPresent set to false at build time
Field org.springframework.web.client.RestTemplate#jackson2SmilePresent set to false at build time
Field org.springframework.web.client.RestTemplate#jackson2CborPresent set to false at build time
Field org.springframework.web.client.RestTemplate#gsonPresent set to false at build time
Field org.springframework.web.client.RestTemplate#jsonbPresent set to false at build time
Field org.springframework.web.client.RestTemplate#kotlinSerializationCborPresent set to false at build time
Field org.springframework.web.client.RestTemplate#kotlinSerializationJsonPresent set to false at build time
Field org.springframework.web.client.RestTemplate#kotlinSerializationProtobufPresent set to false at build time
Field org.springframework.http.converter.json.Jackson2ObjectMapperBuilder#jackson2XmlPresent set to false at build time
Field org.springframework.web.servlet.view.InternalResourceViewResolver#jstlPresent set to false at build time
Field org.springframework.web.servlet.config.annotation.WebMvcConfigurationSupport#romePresent set to false at build time
Field org.springframework.web.servlet.config.annotation.WebMvcConfigurationSupport#jaxb2Present set to true at build time
Field org.springframework.web.servlet.config.annotation.WebMvcConfigurationSupport#jackson2Present set to true at build time
Field org.springframework.web.servlet.config.annotation.WebMvcConfigurationSupport#jackson2XmlPresent set to false at build time
Field org.springframework.web.servlet.config.annotation.WebMvcConfigurationSupport#jackson2SmilePresent set to false at build time
Field org.springframework.web.servlet.config.annotation.WebMvcConfigurationSupport#jackson2CborPresent set to false at build time
Field org.springframework.web.servlet.config.annotation.WebMvcConfigurationSupport#gsonPresent set to false at build time
Field org.springframework.web.servlet.config.annotation.WebMvcConfigurationSupport#jsonbPresent set to false at build time
Field org.springframework.web.servlet.config.annotation.WebMvcConfigurationSupport#kotlinSerializationCborPresent set to false at build time
Field org.springframework.web.servlet.config.annotation.WebMvcConfigurationSupport#kotlinSerializationJsonPresent set to false at build time
Field org.springframework.web.servlet.config.annotation.WebMvcConfigurationSupport#kotlinSerializationProtobufPresent set to false at build time
Field org.springframework.boot.logging.logback.LogbackLoggingSystem$Factory#PRESENT set to true at build time
Field org.springframework.cglib.core.AbstractClassGenerator#imageCode set to true at build time
Field org.springframework.format.support.DefaultFormattingConversionService#jsr354Present set to false at build time
Field org.springframework.web.context.support.StandardServletEnvironment#jndiPresent set to true at build time
Field org.springframework.transaction.annotation.AnnotationTransactionAttributeSource#jta12Present set to true at build time
Field org.springframework.transaction.annotation.AnnotationTransactionAttributeSource#ejb3Present set to false at build time
Field org.springframework.data.repository.util.ReactiveWrapperConverters#RXJAVA3_PRESENT set to false at build time
Field org.springframework.data.repository.util.ReactiveWrapperConverters#REACTOR_PRESENT set to false at build time
Field org.springframework.data.repository.util.ReactiveWrapperConverters#KOTLIN_COROUTNES_PRESENT set to false at build time
Field org.springframework.data.repository.util.ReactiveWrapperConverters#MUTINY_PRESENT set to false at build time
Field org.springframework.data.util.ReactiveWrappers#PROJECT_REACTOR_PRESENT set to false at build time
Field org.springframework.data.util.ReactiveWrappers#RXJAVA3_PRESENT set to false at build time
Field org.springframework.data.util.ReactiveWrappers#KOTLIN_COROUTINES_PRESENT set to false at build time
Field org.springframework.data.util.ReactiveWrappers#MUTINY_PRESENT set to false at build time
Field org.springframework.boot.autoconfigure.web.format.WebConversionService#JSR_354_PRESENT set to false at build time
Field org.springframework.core.ReactiveAdapterRegistry#reactorPresent set to false at build time
Field org.springframework.core.ReactiveAdapterRegistry#rxjava3Present set to false at build time
Field org.springframework.core.ReactiveAdapterRegistry#kotlinCoroutinesPresent set to false at build time
Field org.springframework.core.ReactiveAdapterRegistry#mutinyPresent set to false at build time
Field org.springframework.web.context.support.WebApplicationContextUtils#jsfPresent set to false at build time
Field org.springframework.web.context.request.RequestContextHolder#jsfPresent set to false at build time
Field org.springframework.jdbc.support.SQLErrorCodeSQLExceptionTranslator#USER_PROVIDED_ERROR_CODES_FILE_PRESENT set to false at build time
Field org.springframework.http.converter.support.AllEncompassingFormHttpMessageConverter#jaxb2Present set to true at build time
Field org.springframework.http.converter.support.AllEncompassingFormHttpMessageConverter#jackson2Present set to true at build time
Field org.springframework.http.converter.support.AllEncompassingFormHttpMessageConverter#jackson2XmlPresent set to false at build time
Field org.springframework.http.converter.support.AllEncompassingFormHttpMessageConverter#jackson2SmilePresent set to false at build time
Field org.springframework.http.converter.support.AllEncompassingFormHttpMessageConverter#gsonPresent set to false at build time
Field org.springframework.http.converter.support.AllEncompassingFormHttpMessageConverter#jsonbPresent set to false at build time
Field org.springframework.http.converter.support.AllEncompassingFormHttpMessageConverter#kotlinSerializationCborPresent set to false at build time
Field org.springframework.http.converter.support.AllEncompassingFormHttpMessageConverter#kotlinSerializationJsonPresent set to false at build time
Field org.springframework.http.converter.support.AllEncompassingFormHttpMessageConverter#kotlinSerializationProtobufPresent set to false at build time
Field org.springframework.data.querydsl.QuerydslUtils#QUERY_DSL_PRESENT set to false at build time
Field org.springframework.boot.jdbc.DataSourceUnwrapper#DELEGATING_DATA_SOURCE_PRESENT set to true at build time
Field org.springframework.boot.actuate.endpoint.invoke.reflect.OperationMethodParameter#jsr305Present set to false at build time
Field org.springframework.boot.logging.logback.LogbackLoggingSystemProperties#JBOSS_LOGGING_PRESENT set to true at build time
Field org.springframework.instrument.classloading.InstrumentationLoadTimeWeaver#AGENT_CLASS_PRESENT set to false at build time
Field org.springframework.web.servlet.mvc.method.annotation.ReactiveTypeHandler#isContextPropagationPresent set to false at build time
Field org.springframework.boot.actuate.endpoint.web.annotation.DiscoveredWebOperation#REACTIVE_STREAMS_PRESENT set to false at build time
Field org.springframework.boot.actuate.endpoint.invoker.cache.CachingOperationInvoker#IS_REACTOR_PRESENT set to false at build time
Field org.springframework.context.event.ApplicationListenerMethodAdapter#reactiveStreamsPresent set to false at build time
Field org.springframework.web.servlet.support.RequestContext#jstlPresent set to false at build time
[2/8] Performing analysis...  [******]                                                                 (572.3s @ 4.74GB)
  38,335 (93.48%) of 41,008 types reachable
  65,729 (69.71%) of 94,294 fields reachable
 206,821 (66.34%) of 311,754 methods reachable
  12,109 types, 2,160 fields, and 15,306 methods registered for reflection
      67 types,    74 fields, and    57 methods registered for JNI access
       4 native libraries: dl, pthread, rt, z
[3/8] Building universe...                                                                              (64.6s @ 4.27GB)
[4/8] Parsing methods...      [***************]                                                        (224.2s @ 5.76GB)
[5/8] Inlining methods...     [****]                                                                    (22.6s @ 5.59GB)
[6/8] Compiling methods...    [********************************]                                      (1084.0s @ 8.14GB)
[7/8] Layouting methods...    [********]                                                               (62.6s @ 11.56GB)
[8/8] Creating image...       [********]                                                                (61.4s @ 5.15GB)
 115.65MB (56.82%) for code area:   120,450 compilation units
  79.93MB (39.27%) for image heap:  822,672 objects and 544 resources
   7.96MB ( 3.91%) for other data
 203.54MB in total
------------------------------------------------------------------------------------------------------------------------
Top 10 origins of code area:                                Top 10 object types in image heap:
  18.91MB java.base                                           25.24MB byte[] for code metadata
  17.95MB hibernate-core-6.1.7.Final.jar                      13.91MB byte[] for embedded resources
   7.94MB h2-2.1.214.jar                                       8.96MB byte[] for java.lang.String
   7.88MB svm.jar (Native Image)                               7.37MB java.lang.Class
   5.36MB tomcat-embed-core-10.1.8.jar                         6.18MB java.lang.String
   4.77MB java.xml                                             4.84MB byte[] for general heap data
   4.41MB java.desktop                                         2.82MB byte[] for reflection metadata
   4.21MB byte-buddy-1.12.23.jar                               1.75MB com.oracle.svm.core.hub.DynamicHubCompanion
   3.44MB mysql-connector-j-8.0.33.jar                         1.07MB c.o.svm.core.hub.DynamicHub$ReflectionMetadata
   2.53MB jackson-databind-2.14.2.jar                        836.70kB java.lang.String[]
  37.39MB for 177 more packages                                6.68MB for 6470 more object types
------------------------------------------------------------------------------------------------------------------------
Recommendations:
 G1GC: Use the G1 GC ('--gc=G1') for improved latency and throughput.
 PGO:  Use Profile-Guided Optimizations ('--pgo') for improved throughput.
 AWT:  Use the tracing agent to collect metadata for AWT.
 HEAP: Set max heap for improved and more predictable memory usage.
 CPU:  Enable more CPU features with '-march=native' for improved performance.
------------------------------------------------------------------------------------------------------------------------
                      156.0s (7.3% of total time) in 178 GCs | Peak RSS: 14.11GB | CPU load: 3.71
------------------------------------------------------------------------------------------------------------------------
Produced artifacts:
 /home/ionutbalosin/Workspace/spring-petclinic/target/libawt.so (jdk_library)
 /home/ionutbalosin/Workspace/spring-petclinic/target/libawt_headless.so (jdk_library)
 /home/ionutbalosin/Workspace/spring-petclinic/target/libawt_xawt.so (jdk_library)
 /home/ionutbalosin/Workspace/spring-petclinic/target/libfontmanager.so (jdk_library)
 /home/ionutbalosin/Workspace/spring-petclinic/target/libjava.so (jdk_library_shim)
 /home/ionutbalosin/Workspace/spring-petclinic/target/libjavajpeg.so (jdk_library)
 /home/ionutbalosin/Workspace/spring-petclinic/target/libjvm.so (jdk_library_shim)
 /home/ionutbalosin/Workspace/spring-petclinic/target/liblcms.so (jdk_library)
 /home/ionutbalosin/Workspace/spring-petclinic/target/spring-petclinic (executable)
========================================================================================================================
Finished generating 'spring-petclinic' in 35m 38s.
[INFO] ------------------------------------------------------------------------
[INFO] BUILD SUCCESS
[INFO] ------------------------------------------------------------------------
[INFO] Total time:  36:50 min
[INFO] Finished at: 2023-07-18T13:17:47+02:00
[INFO] ------------------------------------------------------------------------
