

              |\      _,,,--,,_
             /,`.-'`'   ._  \-;;,_
  _______ __|,4-  ) )_   .;.(__`'-'__     ___ __    _ ___ _______
 |       | '---''(_/._)-'(_\_)   |   |   |   |  |  | |   |       |
 |    _  |    ___|_     _|       |   |   |   |   |_| |   |       | __ _ _
 |   |_| |   |___  |   | |       |   |   |   |       |   |       | \ \ \ \
 |    ___|    ___| |   | |      _|   |___|   |  _    |   |      _|  \ \ \ \
 |   |   |   |___  |   | |     |_|       |   | | |   |   |     |_    ) ) ) )
 |___|   |_______| |___| |_______|_______|___|_|  |__|___|_______|  / / / /
 ==================================================================/_/_/_/

:: Built with Spring Boot :: 3.0.6


2023-06-18T06:50:58.682+02:00  INFO 6519 --- [           main] o.s.s.petclinic.PetClinicApplication     : Starting AOT-processed PetClinicApplication using Java 17.0.7 with PID 6519 (/home/ionutbalosin/Workspace/spring-petclinic/target/spring-petclinic started by root in /home/ionutbalosin/Workspace/jvm-energy-consumption/spring-petclinic)
2023-06-18T06:50:58.682+02:00  INFO 6519 --- [           main] o.s.s.petclinic.PetClinicApplication     : No active profile set, falling back to 1 default profile: "default"
2023-06-18T06:50:58.823+02:00  INFO 6519 --- [           main] o.s.b.w.embedded.tomcat.TomcatWebServer  : Tomcat initialized with port(s): 8080 (http)
2023-06-18T06:50:58.825+02:00  INFO 6519 --- [           main] o.apache.catalina.core.StandardService   : Starting service [Tomcat]
2023-06-18T06:50:58.825+02:00  INFO 6519 --- [           main] o.apache.catalina.core.StandardEngine    : Starting Servlet engine: [Apache Tomcat/10.1.8]
2023-06-18T06:50:58.845+02:00  INFO 6519 --- [           main] o.a.c.c.C.[Tomcat].[localhost].[/]       : Initializing Spring embedded WebApplicationContext
2023-06-18T06:50:58.845+02:00  INFO 6519 --- [           main] w.s.c.ServletWebServerApplicationContext : Root WebApplicationContext: initialization completed in 162 ms
2023-06-18T06:50:58.985+02:00  WARN 6519 --- [           main] com.zaxxer.hikari.HikariConfig           : HikariPool-1 - idleTimeout has been set but has no effect because the pool is operating as a fixed size pool.
2023-06-18T06:50:58.985+02:00  INFO 6519 --- [           main] com.zaxxer.hikari.HikariDataSource       : HikariPool-1 - Starting...
2023-06-18T06:50:58.992+02:00  INFO 6519 --- [           main] com.zaxxer.hikari.pool.HikariPool        : HikariPool-1 - Added connection conn0: url=jdbc:h2:mem:b100aefb-e25b-48e9-82ef-82262ac2aa66 user=SA
2023-06-18T06:50:58.992+02:00  INFO 6519 --- [           main] com.zaxxer.hikari.HikariDataSource       : HikariPool-1 - Start completed.
2023-06-18T06:50:59.027+02:00  INFO 6519 --- [           main] o.hibernate.jpa.internal.util.LogHelper  : HHH000204: Processing PersistenceUnitInfo [name: default]
2023-06-18T06:50:59.032+02:00  INFO 6519 --- [           main] org.hibernate.Version                    : HHH000412: Hibernate ORM core version 6.1.7.Final
2023-06-18T06:50:59.047+02:00  INFO 6519 --- [           main] SQL dialect                              : HHH000400: Using dialect: org.hibernate.dialect.H2Dialect
2023-06-18T06:50:59.108+02:00  INFO 6519 --- [           main] o.h.e.t.j.p.i.JtaPlatformInitiator       : HHH000490: Using JtaPlatform implementation: [org.hibernate.engine.transaction.jta.platform.internal.NoJtaPlatform]
2023-06-18T06:50:59.109+02:00  INFO 6519 --- [           main] j.LocalContainerEntityManagerFactoryBean : Initialized JPA EntityManagerFactory for persistence unit 'default'
2023-06-18T06:50:59.615+02:00  INFO 6519 --- [           main] o.s.b.a.e.web.EndpointLinksResolver      : Exposing 13 endpoint(s) beneath base path '/actuator'
2023-06-18T06:50:59.681+02:00  INFO 6519 --- [           main] o.s.b.w.embedded.tomcat.TomcatWebServer  : Tomcat started on port(s): 8080 (http) with context path ''
2023-06-18T06:50:59.682+02:00  INFO 6519 --- [           main] o.s.s.petclinic.PetClinicApplication     : Started PetClinicApplication in 1.039 seconds (process running for 1.052)
2023-06-18T06:50:59.683+02:00  INFO 6519 --- [nio-8080-exec-1] o.a.c.c.C.[Tomcat].[localhost].[/]       : Initializing Spring DispatcherServlet 'dispatcherServlet'
2023-06-18T06:50:59.683+02:00  INFO 6519 --- [nio-8080-exec-1] o.s.web.servlet.DispatcherServlet        : Initializing Servlet 'dispatcherServlet'
2023-06-18T06:50:59.685+02:00  INFO 6519 --- [nio-8080-exec-1] o.s.web.servlet.DispatcherServlet        : Completed initialization in 2 ms
2023-06-18T07:05:59.862+02:00  INFO 6519 --- [ionShutdownHook] j.LocalContainerEntityManagerFactoryBean : Closing JPA EntityManagerFactory for persistence unit 'default'
2023-06-18T07:05:59.863+02:00  INFO 6519 --- [ionShutdownHook] com.zaxxer.hikari.HikariDataSource       : HikariPool-1 - Shutdown initiated...
2023-06-18T07:05:59.866+02:00  INFO 6519 --- [ionShutdownHook] com.zaxxer.hikari.HikariDataSource       : HikariPool-1 - Shutdown completed.
