

              |\      _,,,--,,_
             /,`.-'`'   ._  \-;;,_
  _______ __|,4-  ) )_   .;.(__`'-'__     ___ __    _ ___ _______
 |       | '---''(_/._)-'(_\_)   |   |   |   |  |  | |   |       |
 |    _  |    ___|_     _|       |   |   |   |   |_| |   |       | __ _ _
 |   |_| |   |___  |   | |       |   |   |   |       |   |       | \ \ \ \
 |    ___|    ___| |   | |      _|   |___|   |  _    |   |      _|  \ \ \ \
 |   |   |   |___  |   | |     |_|       |   | | |   |   |     |_    ) ) ) )
 |___|   |_______| |___| |_______|_______|___|_|  |__|___|_______|  / / / /
 ==================================================================/_/_/_/

:: Built with Spring Boot :: 3.2.1


2024-03-07T20:07:10.540+01:00  INFO 6161 --- [           main] o.s.s.petclinic.PetClinicApplication     : Starting PetClinicApplication using Java 21.0.2 with PID 6161 (/Users/<username>/work/git/jvm-energy-consumption/off-the-shelf-applications/spring-petclinic/spring-petclinic/target/spring-petclinic-3.2.0-SNAPSHOT.jar started by <username> in /Users/<username>/work/git/jvm-energy-consumption/off-the-shelf-applications/spring-petclinic)
2024-03-07T20:07:10.547+01:00  INFO 6161 --- [           main] o.s.s.petclinic.PetClinicApplication     : No active profile set, falling back to 1 default profile: "default"
2024-03-07T20:07:12.138+01:00  INFO 6161 --- [           main] .s.d.r.c.RepositoryConfigurationDelegate : Bootstrapping Spring Data JPA repositories in DEFAULT mode.
2024-03-07T20:07:12.214+01:00  INFO 6161 --- [           main] .s.d.r.c.RepositoryConfigurationDelegate : Finished Spring Data repository scanning in 66 ms. Found 2 JPA repository interfaces.
2024-03-07T20:07:13.667+01:00  INFO 6161 --- [           main] o.s.b.w.embedded.tomcat.TomcatWebServer  : Tomcat initialized with port 8080 (http)
2024-03-07T20:07:13.688+01:00  INFO 6161 --- [           main] o.apache.catalina.core.StandardService   : Starting service [Tomcat]
2024-03-07T20:07:13.688+01:00  INFO 6161 --- [           main] o.apache.catalina.core.StandardEngine    : Starting Servlet engine: [Apache Tomcat/10.1.17]
2024-03-07T20:07:13.736+01:00  INFO 6161 --- [           main] o.a.c.c.C.[Tomcat].[localhost].[/]       : Initializing Spring embedded WebApplicationContext
2024-03-07T20:07:13.738+01:00  INFO 6161 --- [           main] w.s.c.ServletWebServerApplicationContext : Root WebApplicationContext: initialization completed in 3070 ms
2024-03-07T20:07:14.234+01:00  WARN 6161 --- [           main] com.zaxxer.hikari.HikariConfig           : HikariPool-1 - idleTimeout has been set but has no effect because the pool is operating as a fixed size pool.
2024-03-07T20:07:14.236+01:00  INFO 6161 --- [           main] com.zaxxer.hikari.HikariDataSource       : HikariPool-1 - Starting...
2024-03-07T20:07:14.541+01:00  INFO 6161 --- [           main] com.zaxxer.hikari.pool.HikariPool        : HikariPool-1 - Added connection conn0: url=jdbc:h2:mem:7508431b-a52c-4ac8-9e63-21632ebc5156 user=SA
2024-03-07T20:07:14.543+01:00  INFO 6161 --- [           main] com.zaxxer.hikari.HikariDataSource       : HikariPool-1 - Start completed.
2024-03-07T20:07:14.807+01:00  INFO 6161 --- [           main] o.hibernate.jpa.internal.util.LogHelper  : HHH000204: Processing PersistenceUnitInfo [name: default]
2024-03-07T20:07:14.907+01:00  INFO 6161 --- [           main] org.hibernate.Version                    : HHH000412: Hibernate ORM core version 6.4.1.Final
2024-03-07T20:07:14.960+01:00  INFO 6161 --- [           main] o.h.c.internal.RegionFactoryInitiator    : HHH000026: Second-level cache disabled
2024-03-07T20:07:15.304+01:00  INFO 6161 --- [           main] o.s.o.j.p.SpringPersistenceUnitInfo      : No LoadTimeWeaver setup: ignoring JPA class transformer
2024-03-07T20:07:16.837+01:00  INFO 6161 --- [           main] o.h.e.t.j.p.i.JtaPlatformInitiator       : HHH000489: No JTA platform available (set 'hibernate.transaction.jta.platform' to enable JTA platform integration)
2024-03-07T20:07:16.840+01:00  INFO 6161 --- [           main] j.LocalContainerEntityManagerFactoryBean : Initialized JPA EntityManagerFactory for persistence unit 'default'
2024-03-07T20:07:17.364+01:00  INFO 6161 --- [           main] o.s.d.j.r.query.QueryEnhancerFactory     : Hibernate is in classpath; If applicable, HQL parser will be used.
2024-03-07T20:07:19.870+01:00  INFO 6161 --- [           main] o.s.b.a.e.web.EndpointLinksResolver      : Exposing 13 endpoint(s) beneath base path '/actuator'
2024-03-07T20:07:20.034+01:00  INFO 6161 --- [           main] o.s.b.w.embedded.tomcat.TomcatWebServer  : Tomcat started on port 8080 (http) with context path ''
2024-03-07T20:07:20.056+01:00  INFO 6161 --- [           main] o.s.s.petclinic.PetClinicApplication     : Started PetClinicApplication in 10.073 seconds (process running for 10.795)
2024-03-07T20:07:20.123+01:00  INFO 6161 --- [nio-8080-exec-1] o.a.c.c.C.[Tomcat].[localhost].[/]       : Initializing Spring DispatcherServlet 'dispatcherServlet'
2024-03-07T20:07:20.124+01:00  INFO 6161 --- [nio-8080-exec-1] o.s.web.servlet.DispatcherServlet        : Initializing Servlet 'dispatcherServlet'
2024-03-07T20:07:20.125+01:00  INFO 6161 --- [nio-8080-exec-1] o.s.web.servlet.DispatcherServlet        : Completed initialization in 1 ms
2024-03-07T22:07:23.889+01:00  INFO 6161 --- [ionShutdownHook] j.LocalContainerEntityManagerFactoryBean : Closing JPA EntityManagerFactory for persistence unit 'default'
2024-03-07T22:07:23.892+01:00  INFO 6161 --- [ionShutdownHook] com.zaxxer.hikari.HikariDataSource       : HikariPool-1 - Shutdown initiated...
2024-03-07T22:07:23.913+01:00  INFO 6161 --- [ionShutdownHook] com.zaxxer.hikari.HikariDataSource       : HikariPool-1 - Shutdown completed.
