[INFO] Scanning for projects...
[INFO] 
[INFO] -------------< org.acme:hibernate-orm-panache-quickstart >--------------
[INFO] Building hibernate-orm-panache-quickstart 1.0.0-SNAPSHOT
[INFO] --------------------------------[ jar ]---------------------------------
[INFO] 
[INFO] --- maven-clean-plugin:2.5:clean (default-clean) @ hibernate-orm-panache-quickstart ---
[INFO] Deleting /home/ionutbalosin/Workspace/quarkus-quickstarts/hibernate-orm-panache-quickstart/target
[INFO] 
[INFO] --- maven-resources-plugin:2.6:resources (default-resources) @ hibernate-orm-panache-quickstart ---
[INFO] Using 'UTF-8' encoding to copy filtered resources.
[INFO] Copying 3 resources
[INFO] 
[INFO] --- maven-compiler-plugin:3.11.0:compile (default-compile) @ hibernate-orm-panache-quickstart ---
[INFO] Changes detected - recompiling the module! :source
[INFO] Compiling 5 source files with javac [debug target 11] to target/classes
[WARNING] system modules path not set in conjunction with -source 11
[INFO] Annotation processing is enabled because one or more processors were found
  on the class path. A future release of javac may disable annotation processing
  unless at least one processor is specified by name (-processor), or a search
  path is specified (--processor-path, --processor-module-path), or annotation
  processing is enabled explicitly (-proc:only, -proc:full).
  Use -Xlint:-options to suppress this message.
  Use -proc:none to disable annotation processing.
[INFO] 
[INFO] --- maven-resources-plugin:2.6:testResources (default-testResources) @ hibernate-orm-panache-quickstart ---
[INFO] Not copying test resources
[INFO] 
[INFO] --- maven-compiler-plugin:3.11.0:testCompile (default-testCompile) @ hibernate-orm-panache-quickstart ---
[INFO] Not compiling test sources
[INFO] 
[INFO] --- maven-surefire-plugin:3.1.2:test (default-test) @ hibernate-orm-panache-quickstart ---
[INFO] Tests are skipped.
[INFO] 
[INFO] --- maven-jar-plugin:2.4:jar (default-jar) @ hibernate-orm-panache-quickstart ---
[INFO] Building jar: /home/ionutbalosin/Workspace/quarkus-quickstarts/hibernate-orm-panache-quickstart/target/hibernate-orm-panache-quickstart-1.0.0-SNAPSHOT.jar
[INFO] 
[INFO] --- quarkus-maven-plugin:3.6.6:build (default) @ hibernate-orm-panache-quickstart ---
[INFO] [io.quarkus.deployment.QuarkusAugmentor] Quarkus augmentation completed in 3664ms
[INFO] ------------------------------------------------------------------------
[INFO] BUILD SUCCESS
[INFO] ------------------------------------------------------------------------
[INFO] Total time:  9.755 s
[INFO] Finished at: 2024-02-20T17:17:11+01:00
[INFO] ------------------------------------------------------------------------
