

              |\      _,,,--,,_
             /,`.-'`'   ._  \-;;,_
  _______ __|,4-  ) )_   .;.(__`'-'__     ___ __    _ ___ _______
 |       | '---''(_/._)-'(_\_)   |   |   |   |  |  | |   |       |
 |    _  |    ___|_     _|       |   |   |   |   |_| |   |       | __ _ _
 |   |_| |   |___  |   | |       |   |   |   |       |   |       | \ \ \ \
 |    ___|    ___| |   | |      _|   |___|   |  _    |   |      _|  \ \ \ \
 |   |   |   |___  |   | |     |_|       |   | | |   |   |     |_    ) ) ) )
 |___|   |_______| |___| |_______|_______|___|_|  |__|___|_______|  / / / /
 ==================================================================/_/_/_/

:: Built with Spring Boot :: 3.0.6


2023-06-18T10:04:48.645+02:00  INFO 26299 --- [           main] o.s.s.petclinic.PetClinicApplication     : Starting PetClinicApplication v3.0.0-SNAPSHOT using Java 17.0.7 with PID 26299 (/home/ionutbalosin/Workspace/spring-petclinic/target/spring-petclinic-3.0.0-SNAPSHOT.jar started by root in /home/ionutbalosin/Workspace/jvm-energy-consumption/spring-petclinic)
2023-06-18T10:04:48.668+02:00  INFO 26299 --- [           main] o.s.s.petclinic.PetClinicApplication     : No active profile set, falling back to 1 default profile: "default"
2023-06-18T10:04:53.415+02:00  INFO 26299 --- [           main] .s.d.r.c.RepositoryConfigurationDelegate : Bootstrapping Spring Data JPA repositories in DEFAULT mode.
2023-06-18T10:04:53.686+02:00  INFO 26299 --- [           main] .s.d.r.c.RepositoryConfigurationDelegate : Finished Spring Data repository scanning in 217 ms. Found 2 JPA repository interfaces.
2023-06-18T10:04:56.338+02:00  INFO 26299 --- [           main] o.s.b.w.embedded.tomcat.TomcatWebServer  : Tomcat initialized with port(s): 8080 (http)
2023-06-18T10:04:56.380+02:00  INFO 26299 --- [           main] o.apache.catalina.core.StandardService   : Starting service [Tomcat]
2023-06-18T10:04:56.382+02:00  INFO 26299 --- [           main] o.apache.catalina.core.StandardEngine    : Starting Servlet engine: [Apache Tomcat/10.1.8]
2023-06-18T10:04:56.691+02:00  INFO 26299 --- [           main] o.a.c.c.C.[Tomcat].[localhost].[/]       : Initializing Spring embedded WebApplicationContext
2023-06-18T10:04:56.698+02:00  INFO 26299 --- [           main] w.s.c.ServletWebServerApplicationContext : Root WebApplicationContext: initialization completed in 7753 ms
2023-06-18T10:04:57.629+02:00  WARN 26299 --- [           main] com.zaxxer.hikari.HikariConfig           : HikariPool-1 - idleTimeout has been set but has no effect because the pool is operating as a fixed size pool.
2023-06-18T10:04:57.634+02:00  INFO 26299 --- [           main] com.zaxxer.hikari.HikariDataSource       : HikariPool-1 - Starting...
2023-06-18T10:04:58.450+02:00  INFO 26299 --- [           main] com.zaxxer.hikari.pool.HikariPool        : HikariPool-1 - Added connection conn0: url=jdbc:h2:mem:789bea84-22b1-4004-92d2-4b6a957c8662 user=SA
2023-06-18T10:04:58.457+02:00  INFO 26299 --- [           main] com.zaxxer.hikari.HikariDataSource       : HikariPool-1 - Start completed.
2023-06-18T10:04:59.134+02:00  INFO 26299 --- [           main] o.hibernate.jpa.internal.util.LogHelper  : HHH000204: Processing PersistenceUnitInfo [name: default]
2023-06-18T10:04:59.349+02:00  INFO 26299 --- [           main] org.hibernate.Version                    : HHH000412: Hibernate ORM core version 6.1.7.Final
2023-06-18T10:05:00.603+02:00  INFO 26299 --- [           main] SQL dialect                              : HHH000400: Using dialect: org.hibernate.dialect.H2Dialect
2023-06-18T10:05:04.392+02:00  INFO 26299 --- [           main] o.h.e.t.j.p.i.JtaPlatformInitiator       : HHH000490: Using JtaPlatform implementation: [org.hibernate.engine.transaction.jta.platform.internal.NoJtaPlatform]
2023-06-18T10:05:04.427+02:00  INFO 26299 --- [           main] j.LocalContainerEntityManagerFactoryBean : Initialized JPA EntityManagerFactory for persistence unit 'default'
2023-06-18T10:05:09.918+02:00  INFO 26299 --- [           main] o.s.b.a.e.web.EndpointLinksResolver      : Exposing 13 endpoint(s) beneath base path '/actuator'
2023-06-18T10:05:10.246+02:00  INFO 26299 --- [           main] o.s.b.w.embedded.tomcat.TomcatWebServer  : Tomcat started on port(s): 8080 (http) with context path ''
2023-06-18T10:05:10.334+02:00  INFO 26299 --- [           main] o.s.s.petclinic.PetClinicApplication     : Started PetClinicApplication in 23.736 seconds (process running for 26.178)
2023-06-18T10:05:10.484+02:00  INFO 26299 --- [nio-8080-exec-1] o.a.c.c.C.[Tomcat].[localhost].[/]       : Initializing Spring DispatcherServlet 'dispatcherServlet'
2023-06-18T10:05:10.496+02:00  INFO 26299 --- [nio-8080-exec-1] o.s.web.servlet.DispatcherServlet        : Initializing Servlet 'dispatcherServlet'
2023-06-18T10:05:10.502+02:00  INFO 26299 --- [nio-8080-exec-1] o.s.web.servlet.DispatcherServlet        : Completed initialization in 5 ms
2023-06-18T10:20:13.164+02:00  INFO 26299 --- [ionShutdownHook] j.LocalContainerEntityManagerFactoryBean : Closing JPA EntityManagerFactory for persistence unit 'default'
2023-06-18T10:20:13.175+02:00  INFO 26299 --- [ionShutdownHook] com.zaxxer.hikari.HikariDataSource       : HikariPool-1 - Shutdown initiated...
2023-06-18T10:20:13.200+02:00  INFO 26299 --- [ionShutdownHook] com.zaxxer.hikari.HikariDataSource       : HikariPool-1 - Shutdown completed.
