[2023-07-02T00:09:44.368+0200] com.twitter.jvm.Jvm$ (com.twitter.jvm.Jvm$ liftedTree2$1)
WARNING: failed to create Hotspot JVM interface, using NilJvm instead
finagle-http on :44235 spawning 4 client and default number of server workers.
====== finagle-http (web) [default], iteration 0 started ======
GC before operation: completed in 556.715 ms, heap usage 11.676 MB -> 10.258 MB.
====== finagle-http (web) [default], iteration 0 completed (82453.766 ms) ======
====== finagle-http (web) [default], iteration 1 started ======
GC before operation: completed in 265.113 ms, heap usage 15.900 MB -> 14.325 MB.
====== finagle-http (web) [default], iteration 1 completed (27950.764 ms) ======
====== finagle-http (web) [default], iteration 2 started ======
GC before operation: completed in 69.671 ms, heap usage 16.433 MB -> 15.384 MB.
====== finagle-http (web) [default], iteration 2 completed (17839.915 ms) ======
====== finagle-http (web) [default], iteration 3 started ======
GC before operation: completed in 247.161 ms, heap usage 16.315 MB -> 15.121 MB.
====== finagle-http (web) [default], iteration 3 completed (17226.810 ms) ======
====== finagle-http (web) [default], iteration 4 started ======
GC before operation: completed in 43.689 ms, heap usage 22.985 MB -> 15.196 MB.
====== finagle-http (web) [default], iteration 4 completed (17510.727 ms) ======
====== finagle-http (web) [default], iteration 5 started ======
GC before operation: completed in 211.480 ms, heap usage 24.749 MB -> 14.398 MB.
====== finagle-http (web) [default], iteration 5 completed (17331.375 ms) ======
====== finagle-http (web) [default], iteration 6 started ======
GC before operation: completed in 63.700 ms, heap usage 20.832 MB -> 15.623 MB.
====== finagle-http (web) [default], iteration 6 completed (16939.289 ms) ======
====== finagle-http (web) [default], iteration 7 started ======
GC before operation: completed in 207.599 ms, heap usage 18.531 MB -> 14.373 MB.
====== finagle-http (web) [default], iteration 7 completed (17399.596 ms) ======
====== finagle-http (web) [default], iteration 8 started ======
GC before operation: completed in 40.814 ms, heap usage 16.089 MB -> 14.455 MB.
====== finagle-http (web) [default], iteration 8 completed (17788.787 ms) ======
====== finagle-http (web) [default], iteration 9 started ======
GC before operation: completed in 218.399 ms, heap usage 15.758 MB -> 14.713 MB.
====== finagle-http (web) [default], iteration 9 completed (17538.104 ms) ======
====== finagle-http (web) [default], iteration 10 started ======
GC before operation: completed in 54.105 ms, heap usage 25.516 MB -> 14.462 MB.
====== finagle-http (web) [default], iteration 10 completed (17707.206 ms) ======
====== finagle-http (web) [default], iteration 11 started ======
GC before operation: completed in 237.429 ms, heap usage 22.274 MB -> 14.855 MB.
====== finagle-http (web) [default], iteration 11 completed (17842.918 ms) ======
====== finagle-http (web) [default], iteration 12 started ======
GC before operation: completed in 47.497 ms, heap usage 26.451 MB -> 14.278 MB.
====== finagle-http (web) [default], iteration 12 completed (17805.001 ms) ======
====== finagle-http (web) [default], iteration 13 started ======
GC before operation: completed in 204.291 ms, heap usage 23.265 MB -> 13.250 MB.
====== finagle-http (web) [default], iteration 13 completed (17474.259 ms) ======
====== finagle-http (web) [default], iteration 14 started ======
GC before operation: completed in 54.644 ms, heap usage 23.117 MB -> 14.549 MB.
====== finagle-http (web) [default], iteration 14 completed (17428.950 ms) ======
====== finagle-http (web) [default], iteration 15 started ======
GC before operation: completed in 164.098 ms, heap usage 24.536 MB -> 13.635 MB.
====== finagle-http (web) [default], iteration 15 completed (17388.395 ms) ======
====== finagle-http (web) [default], iteration 16 started ======
GC before operation: completed in 41.258 ms, heap usage 25.439 MB -> 13.368 MB.
====== finagle-http (web) [default], iteration 16 completed (18102.765 ms) ======
====== finagle-http (web) [default], iteration 17 started ======
GC before operation: completed in 183.730 ms, heap usage 19.799 MB -> 13.965 MB.
====== finagle-http (web) [default], iteration 17 completed (17111.405 ms) ======
====== finagle-http (web) [default], iteration 18 started ======
GC before operation: completed in 61.592 ms, heap usage 24.692 MB -> 15.402 MB.
====== finagle-http (web) [default], iteration 18 completed (17182.972 ms) ======
====== finagle-http (web) [default], iteration 19 started ======
GC before operation: completed in 158.513 ms, heap usage 19.445 MB -> 14.070 MB.
====== finagle-http (web) [default], iteration 19 completed (17219.985 ms) ======
====== finagle-http (web) [default], iteration 20 started ======
GC before operation: completed in 43.931 ms, heap usage 19.847 MB -> 14.728 MB.
====== finagle-http (web) [default], iteration 20 completed (17248.144 ms) ======
====== finagle-http (web) [default], iteration 21 started ======
GC before operation: completed in 132.172 ms, heap usage 18.258 MB -> 14.027 MB.
====== finagle-http (web) [default], iteration 21 completed (17241.292 ms) ======
====== finagle-http (web) [default], iteration 22 started ======
GC before operation: completed in 51.063 ms, heap usage 20.759 MB -> 15.121 MB.
====== finagle-http (web) [default], iteration 22 completed (16927.414 ms) ======
====== finagle-http (web) [default], iteration 23 started ======
GC before operation: completed in 111.092 ms, heap usage 21.411 MB -> 14.028 MB.
====== finagle-http (web) [default], iteration 23 completed (16952.762 ms) ======
====== finagle-http (web) [default], iteration 24 started ======
GC before operation: completed in 41.647 ms, heap usage 21.991 MB -> 14.154 MB.
====== finagle-http (web) [default], iteration 24 completed (16877.833 ms) ======
====== finagle-http (web) [default], iteration 25 started ======
GC before operation: completed in 119.061 ms, heap usage 24.026 MB -> 14.030 MB.
====== finagle-http (web) [default], iteration 25 completed (16943.409 ms) ======
====== finagle-http (web) [default], iteration 26 started ======
GC before operation: completed in 46.339 ms, heap usage 20.911 MB -> 15.454 MB.
====== finagle-http (web) [default], iteration 26 completed (16973.496 ms) ======
====== finagle-http (web) [default], iteration 27 started ======
GC before operation: completed in 122.723 ms, heap usage 20.656 MB -> 14.597 MB.
====== finagle-http (web) [default], iteration 27 completed (17014.572 ms) ======
====== finagle-http (web) [default], iteration 28 started ======
GC before operation: completed in 46.965 ms, heap usage 22.211 MB -> 14.994 MB.
====== finagle-http (web) [default], iteration 28 completed (17028.919 ms) ======
====== finagle-http (web) [default], iteration 29 started ======
GC before operation: completed in 148.900 ms, heap usage 19.122 MB -> 13.586 MB.
====== finagle-http (web) [default], iteration 29 completed (16945.654 ms) ======
====== finagle-http (web) [default], iteration 30 started ======
GC before operation: completed in 36.005 ms, heap usage 18.132 MB -> 13.414 MB.
====== finagle-http (web) [default], iteration 30 completed (16949.870 ms) ======
====== finagle-http (web) [default], iteration 31 started ======
GC before operation: completed in 104.421 ms, heap usage 19.881 MB -> 13.325 MB.
====== finagle-http (web) [default], iteration 31 completed (17354.118 ms) ======
====== finagle-http (web) [default], iteration 32 started ======
GC before operation: completed in 46.562 ms, heap usage 26.470 MB -> 14.224 MB.
====== finagle-http (web) [default], iteration 32 completed (16848.601 ms) ======
====== finagle-http (web) [default], iteration 33 started ======
GC before operation: completed in 97.300 ms, heap usage 16.529 MB -> 13.380 MB.
====== finagle-http (web) [default], iteration 33 completed (16817.013 ms) ======
====== finagle-http (web) [default], iteration 34 started ======
GC before operation: completed in 39.538 ms, heap usage 26.485 MB -> 13.515 MB.
====== finagle-http (web) [default], iteration 34 completed (16620.182 ms) ======
====== finagle-http (web) [default], iteration 35 started ======
GC before operation: completed in 115.802 ms, heap usage 23.725 MB -> 14.413 MB.
====== finagle-http (web) [default], iteration 35 completed (16791.182 ms) ======
====== finagle-http (web) [default], iteration 36 started ======
GC before operation: completed in 46.358 ms, heap usage 26.048 MB -> 14.536 MB.
====== finagle-http (web) [default], iteration 36 completed (16560.179 ms) ======
====== finagle-http (web) [default], iteration 37 started ======
GC before operation: completed in 140.533 ms, heap usage 22.342 MB -> 14.429 MB.
====== finagle-http (web) [default], iteration 37 completed (16859.253 ms) ======
====== finagle-http (web) [default], iteration 38 started ======
GC before operation: completed in 40.063 ms, heap usage 16.135 MB -> 13.698 MB.
====== finagle-http (web) [default], iteration 38 completed (16874.594 ms) ======
====== finagle-http (web) [default], iteration 39 started ======
GC before operation: completed in 112.068 ms, heap usage 26.290 MB -> 14.491 MB.
====== finagle-http (web) [default], iteration 39 completed (16826.614 ms) ======
====== finagle-http (web) [default], iteration 40 started ======
GC before operation: completed in 45.389 ms, heap usage 26.067 MB -> 14.888 MB.
====== finagle-http (web) [default], iteration 40 completed (16848.858 ms) ======
====== finagle-http (web) [default], iteration 41 started ======
GC before operation: completed in 99.509 ms, heap usage 26.547 MB -> 13.388 MB.
====== finagle-http (web) [default], iteration 41 completed (16951.913 ms) ======
====== finagle-http (web) [default], iteration 42 started ======
GC before operation: completed in 45.829 ms, heap usage 26.112 MB -> 13.608 MB.
====== finagle-http (web) [default], iteration 42 completed (16754.046 ms) ======
====== finagle-http (web) [default], iteration 43 started ======
GC before operation: completed in 141.029 ms, heap usage 26.633 MB -> 14.337 MB.
====== finagle-http (web) [default], iteration 43 completed (16873.487 ms) ======
====== finagle-http (web) [default], iteration 44 started ======
GC before operation: completed in 38.926 ms, heap usage 21.949 MB -> 13.509 MB.
====== finagle-http (web) [default], iteration 44 completed (16720.611 ms) ======
====== finagle-http (web) [default], iteration 45 started ======
GC before operation: completed in 103.709 ms, heap usage 21.367 MB -> 13.386 MB.
====== finagle-http (web) [default], iteration 45 completed (16880.536 ms) ======
====== finagle-http (web) [default], iteration 46 started ======
GC before operation: completed in 38.238 ms, heap usage 22.528 MB -> 13.637 MB.
====== finagle-http (web) [default], iteration 46 completed (17195.835 ms) ======
====== finagle-http (web) [default], iteration 47 started ======
GC before operation: completed in 102.516 ms, heap usage 26.661 MB -> 13.388 MB.
====== finagle-http (web) [default], iteration 47 completed (17453.734 ms) ======
====== finagle-http (web) [default], iteration 48 started ======
GC before operation: completed in 44.454 ms, heap usage 27.358 MB -> 14.782 MB.
====== finagle-http (web) [default], iteration 48 completed (17064.704 ms) ======
====== finagle-http (web) [default], iteration 49 started ======
GC before operation: completed in 105.734 ms, heap usage 26.334 MB -> 14.348 MB.
====== finagle-http (web) [default], iteration 49 completed (17111.082 ms) ======
====== finagle-http (web) [default], iteration 50 started ======
GC before operation: completed in 41.432 ms, heap usage 27.170 MB -> 13.525 MB.
====== finagle-http (web) [default], iteration 50 completed (17466.501 ms) ======
====== finagle-http (web) [default], iteration 51 started ======
GC before operation: completed in 103.651 ms, heap usage 15.491 MB -> 13.405 MB.
====== finagle-http (web) [default], iteration 51 completed (17190.761 ms) ======
====== finagle-http (web) [default], iteration 52 started ======
GC before operation: completed in 36.214 ms, heap usage 24.961 MB -> 13.530 MB.
====== finagle-http (web) [default], iteration 52 completed (17156.539 ms) ======
====== finagle-http (web) [default], iteration 53 started ======
GC before operation: completed in 103.591 ms, heap usage 24.423 MB -> 14.633 MB.
====== finagle-http (web) [default], iteration 53 completed (17115.410 ms) ======
====== finagle-http (web) [default], iteration 54 started ======
GC before operation: completed in 47.322 ms, heap usage 23.675 MB -> 13.779 MB.
====== finagle-http (web) [default], iteration 54 completed (17361.394 ms) ======
====== finagle-http (web) [default], iteration 55 started ======
GC before operation: completed in 103.346 ms, heap usage 21.892 MB -> 13.451 MB.
====== finagle-http (web) [default], iteration 55 completed (17272.773 ms) ======
====== finagle-http (web) [default], iteration 56 started ======
GC before operation: completed in 38.342 ms, heap usage 27.217 MB -> 13.527 MB.
====== finagle-http (web) [default], iteration 56 completed (17140.715 ms) ======
====== finagle-http (web) [default], iteration 57 started ======
GC before operation: completed in 101.090 ms, heap usage 26.749 MB -> 13.389 MB.
====== finagle-http (web) [default], iteration 57 completed (17078.144 ms) ======
====== finagle-http (web) [default], iteration 58 started ======
GC before operation: completed in 39.088 ms, heap usage 16.038 MB -> 13.495 MB.
====== finagle-http (web) [default], iteration 58 completed (17327.227 ms) ======
====== finagle-http (web) [default], iteration 59 started ======
GC before operation: completed in 110.223 ms, heap usage 14.851 MB -> 13.762 MB.
====== finagle-http (web) [default], iteration 59 completed (17129.434 ms) ======
====== finagle-http (web) [default], iteration 60 started ======
GC before operation: completed in 44.898 ms, heap usage 14.727 MB -> 14.567 MB.
====== finagle-http (web) [default], iteration 60 completed (16919.003 ms) ======
====== finagle-http (web) [default], iteration 61 started ======
GC before operation: completed in 95.896 ms, heap usage 24.307 MB -> 13.450 MB.
====== finagle-http (web) [default], iteration 61 completed (16882.681 ms) ======
====== finagle-http (web) [default], iteration 62 started ======
GC before operation: completed in 48.080 ms, heap usage 23.723 MB -> 14.626 MB.
====== finagle-http (web) [default], iteration 62 completed (17499.792 ms) ======
====== finagle-http (web) [default], iteration 63 started ======
GC before operation: completed in 103.512 ms, heap usage 26.050 MB -> 13.569 MB.
====== finagle-http (web) [default], iteration 63 completed (17091.343 ms) ======
====== finagle-http (web) [default], iteration 64 started ======
GC before operation: completed in 42.939 ms, heap usage 15.963 MB -> 14.478 MB.
====== finagle-http (web) [default], iteration 64 completed (16701.755 ms) ======
====== finagle-http (web) [default], iteration 65 started ======
GC before operation: completed in 101.984 ms, heap usage 25.588 MB -> 13.465 MB.
====== finagle-http (web) [default], iteration 65 completed (16715.651 ms) ======
====== finagle-http (web) [default], iteration 66 started ======
GC before operation: completed in 43.443 ms, heap usage 14.922 MB -> 14.691 MB.
====== finagle-http (web) [default], iteration 66 completed (16622.590 ms) ======
====== finagle-http (web) [default], iteration 67 started ======
GC before operation: completed in 103.238 ms, heap usage 23.955 MB -> 13.459 MB.
====== finagle-http (web) [default], iteration 67 completed (16639.314 ms) ======
====== finagle-http (web) [default], iteration 68 started ======
GC before operation: completed in 44.507 ms, heap usage 23.342 MB -> 14.538 MB.
====== finagle-http (web) [default], iteration 68 completed (16633.160 ms) ======
====== finagle-http (web) [default], iteration 69 started ======
GC before operation: completed in 107.833 ms, heap usage 15.695 MB -> 14.364 MB.
====== finagle-http (web) [default], iteration 69 completed (16690.355 ms) ======
====== finagle-http (web) [default], iteration 70 started ======
GC before operation: completed in 38.755 ms, heap usage 23.061 MB -> 13.519 MB.
====== finagle-http (web) [default], iteration 70 completed (16738.996 ms) ======
====== finagle-http (web) [default], iteration 71 started ======
GC before operation: completed in 103.111 ms, heap usage 14.667 MB -> 13.425 MB.
====== finagle-http (web) [default], iteration 71 completed (16644.857 ms) ======
====== finagle-http (web) [default], iteration 72 started ======
GC before operation: completed in 39.418 ms, heap usage 16.165 MB -> 13.589 MB.
====== finagle-http (web) [default], iteration 72 completed (16757.544 ms) ======
====== finagle-http (web) [default], iteration 73 started ======
GC before operation: completed in 109.654 ms, heap usage 16.846 MB -> 13.400 MB.
====== finagle-http (web) [default], iteration 73 completed (16946.027 ms) ======
====== finagle-http (web) [default], iteration 74 started ======
GC before operation: completed in 39.729 ms, heap usage 16.221 MB -> 13.548 MB.
====== finagle-http (web) [default], iteration 74 completed (16901.620 ms) ======
====== finagle-http (web) [default], iteration 75 started ======
GC before operation: completed in 101.984 ms, heap usage 17.268 MB -> 13.396 MB.
====== finagle-http (web) [default], iteration 75 completed (17092.013 ms) ======
====== finagle-http (web) [default], iteration 76 started ======
GC before operation: completed in 38.466 ms, heap usage 18.652 MB -> 13.529 MB.
====== finagle-http (web) [default], iteration 76 completed (17087.697 ms) ======
====== finagle-http (web) [default], iteration 77 started ======
GC before operation: completed in 103.014 ms, heap usage 16.110 MB -> 13.396 MB.
====== finagle-http (web) [default], iteration 77 completed (17159.303 ms) ======
====== finagle-http (web) [default], iteration 78 started ======
GC before operation: completed in 41.078 ms, heap usage 25.511 MB -> 13.645 MB.
====== finagle-http (web) [default], iteration 78 completed (17149.436 ms) ======
====== finagle-http (web) [default], iteration 79 started ======
GC before operation: completed in 107.916 ms, heap usage 21.019 MB -> 14.661 MB.
====== finagle-http (web) [default], iteration 79 completed (17008.457 ms) ======
====== finagle-http (web) [default], iteration 80 started ======
GC before operation: completed in 39.024 ms, heap usage 23.822 MB -> 13.539 MB.
====== finagle-http (web) [default], iteration 80 completed (17017.809 ms) ======
====== finagle-http (web) [default], iteration 81 started ======
GC before operation: completed in 101.376 ms, heap usage 24.852 MB -> 13.398 MB.
====== finagle-http (web) [default], iteration 81 completed (16866.395 ms) ======
====== finagle-http (web) [default], iteration 82 started ======
GC before operation: completed in 40.164 ms, heap usage 25.151 MB -> 13.552 MB.
====== finagle-http (web) [default], iteration 82 completed (16963.852 ms) ======
====== finagle-http (web) [default], iteration 83 started ======
GC before operation: completed in 100.106 ms, heap usage 17.632 MB -> 13.479 MB.
====== finagle-http (web) [default], iteration 83 completed (17155.392 ms) ======
====== finagle-http (web) [default], iteration 84 started ======
GC before operation: completed in 38.266 ms, heap usage 24.121 MB -> 13.546 MB.
====== finagle-http (web) [default], iteration 84 completed (17239.875 ms) ======
====== finagle-http (web) [default], iteration 85 started ======
GC before operation: completed in 102.111 ms, heap usage 16.424 MB -> 14.613 MB.
====== finagle-http (web) [default], iteration 85 completed (16911.932 ms) ======
====== finagle-http (web) [default], iteration 86 started ======
GC before operation: completed in 36.923 ms, heap usage 15.082 MB -> 13.488 MB.
====== finagle-http (web) [default], iteration 86 completed (16855.837 ms) ======
====== finagle-http (web) [default], iteration 87 started ======
GC before operation: completed in 107.528 ms, heap usage 15.413 MB -> 13.400 MB.
====== finagle-http (web) [default], iteration 87 completed (17012.505 ms) ======
====== finagle-http (web) [default], iteration 88 started ======
GC before operation: completed in 39.106 ms, heap usage 22.540 MB -> 13.560 MB.
====== finagle-http (web) [default], iteration 88 completed (16856.154 ms) ======
====== finagle-http (web) [default], iteration 89 started ======
GC before operation: completed in 102.137 ms, heap usage 25.117 MB -> 13.504 MB.
====== finagle-http (web) [default], iteration 89 completed (16841.022 ms) ======
====== finagle-http (web) [default], iteration 90 started ======
GC before operation: completed in 46.491 ms, heap usage 23.718 MB -> 13.790 MB.
====== finagle-http (web) [default], iteration 90 completed (16831.508 ms) ======
====== finagle-http (web) [default], iteration 91 started ======
GC before operation: completed in 100.275 ms, heap usage 22.156 MB -> 13.404 MB.
====== finagle-http (web) [default], iteration 91 completed (16933.572 ms) ======
====== finagle-http (web) [default], iteration 92 started ======
GC before operation: completed in 38.873 ms, heap usage 14.630 MB -> 13.487 MB.
====== finagle-http (web) [default], iteration 92 completed (16793.406 ms) ======
====== finagle-http (web) [default], iteration 93 started ======
GC before operation: completed in 141.848 ms, heap usage 24.379 MB -> 13.397 MB.
====== finagle-http (web) [default], iteration 93 completed (16886.923 ms) ======
====== finagle-http (web) [default], iteration 94 started ======
GC before operation: completed in 38.737 ms, heap usage 24.329 MB -> 13.524 MB.
====== finagle-http (web) [default], iteration 94 completed (16946.434 ms) ======
====== finagle-http (web) [default], iteration 95 started ======
GC before operation: completed in 107.105 ms, heap usage 26.497 MB -> 14.347 MB.
====== finagle-http (web) [default], iteration 95 completed (16891.483 ms) ======
====== finagle-http (web) [default], iteration 96 started ======
GC before operation: completed in 39.067 ms, heap usage 15.492 MB -> 13.611 MB.
====== finagle-http (web) [default], iteration 96 completed (16847.787 ms) ======
====== finagle-http (web) [default], iteration 97 started ======
GC before operation: completed in 100.897 ms, heap usage 24.437 MB -> 13.400 MB.
====== finagle-http (web) [default], iteration 97 completed (17095.482 ms) ======
====== finagle-http (web) [default], iteration 98 started ======
GC before operation: completed in 44.196 ms, heap usage 16.604 MB -> 14.454 MB.
====== finagle-http (web) [default], iteration 98 completed (17227.260 ms) ======
====== finagle-http (web) [default], iteration 99 started ======
GC before operation: completed in 109.515 ms, heap usage 25.085 MB -> 13.700 MB.
====== finagle-http (web) [default], iteration 99 completed (17005.243 ms) ======
[2023-07-02T00:39:40.454+0200] com.twitter.jvm.Jvm$ (com.twitter.jvm.Jvm$ liftedTree2$1)
WARNING: failed to create Hotspot JVM interface, using NilJvm instead
Master port: 46285
Cache ports: 44683, 39485, 37083, 44547
====== finagle-chirper (web) [default], iteration 0 started ======
Resetting master, feed map size: 5000
GC before operation: completed in 47.565 ms, heap usage 29.861 MB -> 26.917 MB.
WARNING: This benchmark provides no result that can be validated.
There is no way to check that no silent failure occurred.
====== finagle-chirper (web) [default], iteration 0 completed (101178.409 ms) ======
====== finagle-chirper (web) [default], iteration 1 started ======
Resetting master, feed map size: 5000
GC before operation: completed in 399.415 ms, heap usage 40.598 MB -> 25.745 MB.
WARNING: This benchmark provides no result that can be validated.
There is no way to check that no silent failure occurred.
====== finagle-chirper (web) [default], iteration 1 completed (28247.273 ms) ======
====== finagle-chirper (web) [default], iteration 2 started ======
Resetting master, feed map size: 5000
GC before operation: completed in 50.273 ms, heap usage 37.504 MB -> 28.676 MB.
WARNING: This benchmark provides no result that can be validated.
There is no way to check that no silent failure occurred.
====== finagle-chirper (web) [default], iteration 2 completed (20794.852 ms) ======
====== finagle-chirper (web) [default], iteration 3 started ======
Resetting master, feed map size: 5000
GC before operation: completed in 270.184 ms, heap usage 47.884 MB -> 26.681 MB.
WARNING: This benchmark provides no result that can be validated.
There is no way to check that no silent failure occurred.
====== finagle-chirper (web) [default], iteration 3 completed (21159.642 ms) ======
====== finagle-chirper (web) [default], iteration 4 started ======
Resetting master, feed map size: 5000
GC before operation: completed in 50.949 ms, heap usage 38.204 MB -> 30.001 MB.
WARNING: This benchmark provides no result that can be validated.
There is no way to check that no silent failure occurred.
====== finagle-chirper (web) [default], iteration 4 completed (19819.825 ms) ======
====== finagle-chirper (web) [default], iteration 5 started ======
Resetting master, feed map size: 5000
GC before operation: completed in 209.189 ms, heap usage 41.648 MB -> 27.675 MB.
WARNING: This benchmark provides no result that can be validated.
There is no way to check that no silent failure occurred.
====== finagle-chirper (web) [default], iteration 5 completed (20291.482 ms) ======
====== finagle-chirper (web) [default], iteration 6 started ======
Resetting master, feed map size: 5000
GC before operation: completed in 47.343 ms, heap usage 42.389 MB -> 30.274 MB.
WARNING: This benchmark provides no result that can be validated.
There is no way to check that no silent failure occurred.
====== finagle-chirper (web) [default], iteration 6 completed (20498.396 ms) ======
====== finagle-chirper (web) [default], iteration 7 started ======
Resetting master, feed map size: 5000
GC before operation: completed in 194.084 ms, heap usage 49.192 MB -> 27.850 MB.
WARNING: This benchmark provides no result that can be validated.
There is no way to check that no silent failure occurred.
====== finagle-chirper (web) [default], iteration 7 completed (19421.877 ms) ======
====== finagle-chirper (web) [default], iteration 8 started ======
Resetting master, feed map size: 5000
GC before operation: completed in 47.592 ms, heap usage 56.566 MB -> 30.864 MB.
WARNING: This benchmark provides no result that can be validated.
There is no way to check that no silent failure occurred.
====== finagle-chirper (web) [default], iteration 8 completed (20938.488 ms) ======
====== finagle-chirper (web) [default], iteration 9 started ======
Resetting master, feed map size: 5000
GC before operation: completed in 278.914 ms, heap usage 41.119 MB -> 27.934 MB.
WARNING: This benchmark provides no result that can be validated.
There is no way to check that no silent failure occurred.
====== finagle-chirper (web) [default], iteration 9 completed (18310.371 ms) ======
====== finagle-chirper (web) [default], iteration 10 started ======
Resetting master, feed map size: 5000
GC before operation: completed in 47.510 ms, heap usage 34.053 MB -> 29.492 MB.
WARNING: This benchmark provides no result that can be validated.
There is no way to check that no silent failure occurred.
====== finagle-chirper (web) [default], iteration 10 completed (18014.361 ms) ======
====== finagle-chirper (web) [default], iteration 11 started ======
Resetting master, feed map size: 5000
GC before operation: completed in 319.267 ms, heap usage 66.614 MB -> 27.496 MB.
WARNING: This benchmark provides no result that can be validated.
There is no way to check that no silent failure occurred.
====== finagle-chirper (web) [default], iteration 11 completed (18328.622 ms) ======
====== finagle-chirper (web) [default], iteration 12 started ======
Resetting master, feed map size: 5000
GC before operation: completed in 50.664 ms, heap usage 50.842 MB -> 30.172 MB.
WARNING: This benchmark provides no result that can be validated.
There is no way to check that no silent failure occurred.
====== finagle-chirper (web) [default], iteration 12 completed (18837.986 ms) ======
====== finagle-chirper (web) [default], iteration 13 started ======
Resetting master, feed map size: 5000
GC before operation: completed in 294.834 ms, heap usage 40.080 MB -> 27.164 MB.
WARNING: This benchmark provides no result that can be validated.
There is no way to check that no silent failure occurred.
====== finagle-chirper (web) [default], iteration 13 completed (18203.151 ms) ======
====== finagle-chirper (web) [default], iteration 14 started ======
Resetting master, feed map size: 5000
GC before operation: completed in 46.624 ms, heap usage 59.292 MB -> 30.016 MB.
WARNING: This benchmark provides no result that can be validated.
There is no way to check that no silent failure occurred.
====== finagle-chirper (web) [default], iteration 14 completed (18555.671 ms) ======
====== finagle-chirper (web) [default], iteration 15 started ======
Resetting master, feed map size: 5000
GC before operation: completed in 270.712 ms, heap usage 49.750 MB -> 26.496 MB.
WARNING: This benchmark provides no result that can be validated.
There is no way to check that no silent failure occurred.
====== finagle-chirper (web) [default], iteration 15 completed (17388.677 ms) ======
====== finagle-chirper (web) [default], iteration 16 started ======
Resetting master, feed map size: 5000
GC before operation: completed in 45.940 ms, heap usage 32.389 MB -> 27.282 MB.
WARNING: This benchmark provides no result that can be validated.
There is no way to check that no silent failure occurred.
====== finagle-chirper (web) [default], iteration 16 completed (19747.947 ms) ======
====== finagle-chirper (web) [default], iteration 17 started ======
Resetting master, feed map size: 5000
GC before operation: completed in 197.349 ms, heap usage 55.176 MB -> 26.806 MB.
WARNING: This benchmark provides no result that can be validated.
There is no way to check that no silent failure occurred.
====== finagle-chirper (web) [default], iteration 17 completed (17501.237 ms) ======
====== finagle-chirper (web) [default], iteration 18 started ======
Resetting master, feed map size: 5000
GC before operation: completed in 46.878 ms, heap usage 35.690 MB -> 29.465 MB.
WARNING: This benchmark provides no result that can be validated.
There is no way to check that no silent failure occurred.
====== finagle-chirper (web) [default], iteration 18 completed (17091.916 ms) ======
====== finagle-chirper (web) [default], iteration 19 started ======
Resetting master, feed map size: 5000
GC before operation: completed in 161.116 ms, heap usage 54.196 MB -> 26.996 MB.
WARNING: This benchmark provides no result that can be validated.
There is no way to check that no silent failure occurred.
====== finagle-chirper (web) [default], iteration 19 completed (16895.513 ms) ======
====== finagle-chirper (web) [default], iteration 20 started ======
Resetting master, feed map size: 5000
GC before operation: completed in 49.044 ms, heap usage 70.320 MB -> 30.021 MB.
WARNING: This benchmark provides no result that can be validated.
There is no way to check that no silent failure occurred.
====== finagle-chirper (web) [default], iteration 20 completed (17266.784 ms) ======
====== finagle-chirper (web) [default], iteration 21 started ======
Resetting master, feed map size: 5000
GC before operation: completed in 160.061 ms, heap usage 55.334 MB -> 27.369 MB.
WARNING: This benchmark provides no result that can be validated.
There is no way to check that no silent failure occurred.
====== finagle-chirper (web) [default], iteration 21 completed (16839.742 ms) ======
====== finagle-chirper (web) [default], iteration 22 started ======
Resetting master, feed map size: 5000
GC before operation: completed in 45.675 ms, heap usage 53.135 MB -> 30.169 MB.
WARNING: This benchmark provides no result that can be validated.
There is no way to check that no silent failure occurred.
====== finagle-chirper (web) [default], iteration 22 completed (16859.398 ms) ======
====== finagle-chirper (web) [default], iteration 23 started ======
Resetting master, feed map size: 5000
GC before operation: completed in 169.771 ms, heap usage 33.897 MB -> 27.561 MB.
WARNING: This benchmark provides no result that can be validated.
There is no way to check that no silent failure occurred.
====== finagle-chirper (web) [default], iteration 23 completed (16728.139 ms) ======
====== finagle-chirper (web) [default], iteration 24 started ======
Resetting master, feed map size: 5000
GC before operation: completed in 45.337 ms, heap usage 70.901 MB -> 30.408 MB.
WARNING: This benchmark provides no result that can be validated.
There is no way to check that no silent failure occurred.
====== finagle-chirper (web) [default], iteration 24 completed (17423.860 ms) ======
====== finagle-chirper (web) [default], iteration 25 started ======
Resetting master, feed map size: 5000
GC before operation: completed in 174.401 ms, heap usage 33.407 MB -> 27.562 MB.
WARNING: This benchmark provides no result that can be validated.
There is no way to check that no silent failure occurred.
====== finagle-chirper (web) [default], iteration 25 completed (16770.347 ms) ======
====== finagle-chirper (web) [default], iteration 26 started ======
Resetting master, feed map size: 5000
GC before operation: completed in 44.810 ms, heap usage 58.736 MB -> 30.359 MB.
WARNING: This benchmark provides no result that can be validated.
There is no way to check that no silent failure occurred.
====== finagle-chirper (web) [default], iteration 26 completed (16842.948 ms) ======
====== finagle-chirper (web) [default], iteration 27 started ======
Resetting master, feed map size: 5000
GC before operation: completed in 170.404 ms, heap usage 70.633 MB -> 27.565 MB.
WARNING: This benchmark provides no result that can be validated.
There is no way to check that no silent failure occurred.
====== finagle-chirper (web) [default], iteration 27 completed (16824.436 ms) ======
====== finagle-chirper (web) [default], iteration 28 started ======
Resetting master, feed map size: 5000
GC before operation: completed in 44.666 ms, heap usage 41.598 MB -> 30.274 MB.
WARNING: This benchmark provides no result that can be validated.
There is no way to check that no silent failure occurred.
====== finagle-chirper (web) [default], iteration 28 completed (16504.365 ms) ======
====== finagle-chirper (web) [default], iteration 29 started ======
Resetting master, feed map size: 5000
GC before operation: completed in 161.712 ms, heap usage 41.811 MB -> 27.568 MB.
WARNING: This benchmark provides no result that can be validated.
There is no way to check that no silent failure occurred.
====== finagle-chirper (web) [default], iteration 29 completed (16771.586 ms) ======
====== finagle-chirper (web) [default], iteration 30 started ======
Resetting master, feed map size: 5000
GC before operation: completed in 45.037 ms, heap usage 59.812 MB -> 30.333 MB.
WARNING: This benchmark provides no result that can be validated.
There is no way to check that no silent failure occurred.
====== finagle-chirper (web) [default], iteration 30 completed (16168.477 ms) ======
====== finagle-chirper (web) [default], iteration 31 started ======
Resetting master, feed map size: 5000
GC before operation: completed in 170.201 ms, heap usage 56.148 MB -> 27.571 MB.
WARNING: This benchmark provides no result that can be validated.
There is no way to check that no silent failure occurred.
====== finagle-chirper (web) [default], iteration 31 completed (16397.993 ms) ======
====== finagle-chirper (web) [default], iteration 32 started ======
Resetting master, feed map size: 5000
GC before operation: completed in 45.864 ms, heap usage 57.911 MB -> 30.206 MB.
WARNING: This benchmark provides no result that can be validated.
There is no way to check that no silent failure occurred.
====== finagle-chirper (web) [default], iteration 32 completed (16468.604 ms) ======
====== finagle-chirper (web) [default], iteration 33 started ======
Resetting master, feed map size: 5000
GC before operation: completed in 154.019 ms, heap usage 64.476 MB -> 27.435 MB.
WARNING: This benchmark provides no result that can be validated.
There is no way to check that no silent failure occurred.
====== finagle-chirper (web) [default], iteration 33 completed (16478.532 ms) ======
====== finagle-chirper (web) [default], iteration 34 started ======
Resetting master, feed map size: 5000
GC before operation: completed in 45.826 ms, heap usage 43.829 MB -> 30.178 MB.
WARNING: This benchmark provides no result that can be validated.
There is no way to check that no silent failure occurred.
====== finagle-chirper (web) [default], iteration 34 completed (16612.292 ms) ======
====== finagle-chirper (web) [default], iteration 35 started ======
Resetting master, feed map size: 5000
GC before operation: completed in 160.096 ms, heap usage 48.409 MB -> 27.454 MB.
WARNING: This benchmark provides no result that can be validated.
There is no way to check that no silent failure occurred.
====== finagle-chirper (web) [default], iteration 35 completed (16727.072 ms) ======
====== finagle-chirper (web) [default], iteration 36 started ======
Resetting master, feed map size: 5000
GC before operation: completed in 46.520 ms, heap usage 69.693 MB -> 30.216 MB.
WARNING: This benchmark provides no result that can be validated.
There is no way to check that no silent failure occurred.
====== finagle-chirper (web) [default], iteration 36 completed (16303.707 ms) ======
====== finagle-chirper (web) [default], iteration 37 started ======
Resetting master, feed map size: 5000
GC before operation: completed in 179.227 ms, heap usage 41.926 MB -> 27.574 MB.
WARNING: This benchmark provides no result that can be validated.
There is no way to check that no silent failure occurred.
====== finagle-chirper (web) [default], iteration 37 completed (16776.657 ms) ======
====== finagle-chirper (web) [default], iteration 38 started ======
Resetting master, feed map size: 5000
GC before operation: completed in 46.086 ms, heap usage 45.793 MB -> 30.157 MB.
WARNING: This benchmark provides no result that can be validated.
There is no way to check that no silent failure occurred.
====== finagle-chirper (web) [default], iteration 38 completed (16827.379 ms) ======
====== finagle-chirper (web) [default], iteration 39 started ======
Resetting master, feed map size: 5000
GC before operation: completed in 159.951 ms, heap usage 38.743 MB -> 27.572 MB.
WARNING: This benchmark provides no result that can be validated.
There is no way to check that no silent failure occurred.
====== finagle-chirper (web) [default], iteration 39 completed (16797.231 ms) ======
====== finagle-chirper (web) [default], iteration 40 started ======
Resetting master, feed map size: 5000
GC before operation: completed in 47.660 ms, heap usage 55.388 MB -> 30.332 MB.
WARNING: This benchmark provides no result that can be validated.
There is no way to check that no silent failure occurred.
====== finagle-chirper (web) [default], iteration 40 completed (16357.803 ms) ======
====== finagle-chirper (web) [default], iteration 41 started ======
Resetting master, feed map size: 5000
GC before operation: completed in 162.334 ms, heap usage 50.510 MB -> 27.536 MB.
WARNING: This benchmark provides no result that can be validated.
There is no way to check that no silent failure occurred.
====== finagle-chirper (web) [default], iteration 41 completed (16371.249 ms) ======
====== finagle-chirper (web) [default], iteration 42 started ======
Resetting master, feed map size: 5000
GC before operation: completed in 44.967 ms, heap usage 34.959 MB -> 30.211 MB.
WARNING: This benchmark provides no result that can be validated.
There is no way to check that no silent failure occurred.
====== finagle-chirper (web) [default], iteration 42 completed (16355.323 ms) ======
====== finagle-chirper (web) [default], iteration 43 started ======
Resetting master, feed map size: 5000
GC before operation: completed in 164.620 ms, heap usage 58.162 MB -> 27.584 MB.
WARNING: This benchmark provides no result that can be validated.
There is no way to check that no silent failure occurred.
====== finagle-chirper (web) [default], iteration 43 completed (16586.734 ms) ======
====== finagle-chirper (web) [default], iteration 44 started ======
Resetting master, feed map size: 5000
GC before operation: completed in 45.349 ms, heap usage 38.951 MB -> 30.104 MB.
WARNING: This benchmark provides no result that can be validated.
There is no way to check that no silent failure occurred.
====== finagle-chirper (web) [default], iteration 44 completed (16464.702 ms) ======
====== finagle-chirper (web) [default], iteration 45 started ======
Resetting master, feed map size: 5000
GC before operation: completed in 156.330 ms, heap usage 47.592 MB -> 27.399 MB.
WARNING: This benchmark provides no result that can be validated.
There is no way to check that no silent failure occurred.
====== finagle-chirper (web) [default], iteration 45 completed (16365.901 ms) ======
====== finagle-chirper (web) [default], iteration 46 started ======
Resetting master, feed map size: 5000
GC before operation: completed in 45.846 ms, heap usage 33.880 MB -> 28.996 MB.
WARNING: This benchmark provides no result that can be validated.
There is no way to check that no silent failure occurred.
====== finagle-chirper (web) [default], iteration 46 completed (16244.931 ms) ======
====== finagle-chirper (web) [default], iteration 47 started ======
Resetting master, feed map size: 5000
GC before operation: completed in 274.135 ms, heap usage 47.584 MB -> 27.595 MB.
WARNING: This benchmark provides no result that can be validated.
There is no way to check that no silent failure occurred.
====== finagle-chirper (web) [default], iteration 47 completed (15980.336 ms) ======
====== finagle-chirper (web) [default], iteration 48 started ======
Resetting master, feed map size: 5000
GC before operation: completed in 45.205 ms, heap usage 47.690 MB -> 30.380 MB.
WARNING: This benchmark provides no result that can be validated.
There is no way to check that no silent failure occurred.
====== finagle-chirper (web) [default], iteration 48 completed (16261.754 ms) ======
====== finagle-chirper (web) [default], iteration 49 started ======
Resetting master, feed map size: 5000
GC before operation: completed in 176.229 ms, heap usage 46.943 MB -> 27.456 MB.
WARNING: This benchmark provides no result that can be validated.
There is no way to check that no silent failure occurred.
====== finagle-chirper (web) [default], iteration 49 completed (17885.196 ms) ======
====== finagle-chirper (web) [default], iteration 50 started ======
Resetting master, feed map size: 5000
GC before operation: completed in 45.359 ms, heap usage 76.110 MB -> 30.402 MB.
WARNING: This benchmark provides no result that can be validated.
There is no way to check that no silent failure occurred.
====== finagle-chirper (web) [default], iteration 50 completed (17254.857 ms) ======
====== finagle-chirper (web) [default], iteration 51 started ======
Resetting master, feed map size: 5000
GC before operation: completed in 157.291 ms, heap usage 50.736 MB -> 27.689 MB.
WARNING: This benchmark provides no result that can be validated.
There is no way to check that no silent failure occurred.
====== finagle-chirper (web) [default], iteration 51 completed (16186.988 ms) ======
====== finagle-chirper (web) [default], iteration 52 started ======
Resetting master, feed map size: 5000
GC before operation: completed in 44.871 ms, heap usage 74.708 MB -> 30.518 MB.
WARNING: This benchmark provides no result that can be validated.
There is no way to check that no silent failure occurred.
====== finagle-chirper (web) [default], iteration 52 completed (16122.092 ms) ======
====== finagle-chirper (web) [default], iteration 53 started ======
Resetting master, feed map size: 5000
GC before operation: completed in 157.612 ms, heap usage 34.784 MB -> 27.684 MB.
WARNING: This benchmark provides no result that can be validated.
There is no way to check that no silent failure occurred.
====== finagle-chirper (web) [default], iteration 53 completed (16543.999 ms) ======
====== finagle-chirper (web) [default], iteration 54 started ======
Resetting master, feed map size: 5000
GC before operation: completed in 44.794 ms, heap usage 33.428 MB -> 28.867 MB.
WARNING: This benchmark provides no result that can be validated.
There is no way to check that no silent failure occurred.
====== finagle-chirper (web) [default], iteration 54 completed (16121.487 ms) ======
====== finagle-chirper (web) [default], iteration 55 started ======
Resetting master, feed map size: 5000
GC before operation: completed in 160.600 ms, heap usage 41.426 MB -> 27.824 MB.
WARNING: This benchmark provides no result that can be validated.
There is no way to check that no silent failure occurred.
====== finagle-chirper (web) [default], iteration 55 completed (16391.492 ms) ======
====== finagle-chirper (web) [default], iteration 56 started ======
Resetting master, feed map size: 5000
GC before operation: completed in 44.632 ms, heap usage 69.695 MB -> 30.352 MB.
WARNING: This benchmark provides no result that can be validated.
There is no way to check that no silent failure occurred.
====== finagle-chirper (web) [default], iteration 56 completed (15981.215 ms) ======
====== finagle-chirper (web) [default], iteration 57 started ======
Resetting master, feed map size: 5000
GC before operation: completed in 157.302 ms, heap usage 68.742 MB -> 27.880 MB.
WARNING: This benchmark provides no result that can be validated.
There is no way to check that no silent failure occurred.
====== finagle-chirper (web) [default], iteration 57 completed (16018.450 ms) ======
====== finagle-chirper (web) [default], iteration 58 started ======
Resetting master, feed map size: 5000
GC before operation: completed in 44.339 ms, heap usage 41.216 MB -> 30.412 MB.
WARNING: This benchmark provides no result that can be validated.
There is no way to check that no silent failure occurred.
====== finagle-chirper (web) [default], iteration 58 completed (15864.839 ms) ======
====== finagle-chirper (web) [default], iteration 59 started ======
Resetting master, feed map size: 5000
GC before operation: completed in 156.984 ms, heap usage 34.518 MB -> 27.869 MB.
WARNING: This benchmark provides no result that can be validated.
There is no way to check that no silent failure occurred.
====== finagle-chirper (web) [default], iteration 59 completed (15938.779 ms) ======
====== finagle-chirper (web) [default], iteration 60 started ======
Resetting master, feed map size: 5000
GC before operation: completed in 43.945 ms, heap usage 38.257 MB -> 30.357 MB.
WARNING: This benchmark provides no result that can be validated.
There is no way to check that no silent failure occurred.
====== finagle-chirper (web) [default], iteration 60 completed (15921.222 ms) ======
====== finagle-chirper (web) [default], iteration 61 started ======
Resetting master, feed map size: 5000
GC before operation: completed in 154.462 ms, heap usage 37.417 MB -> 27.725 MB.
WARNING: This benchmark provides no result that can be validated.
There is no way to check that no silent failure occurred.
====== finagle-chirper (web) [default], iteration 61 completed (15641.532 ms) ======
====== finagle-chirper (web) [default], iteration 62 started ======
Resetting master, feed map size: 5000
GC before operation: completed in 45.366 ms, heap usage 33.910 MB -> 29.102 MB.
WARNING: This benchmark provides no result that can be validated.
There is no way to check that no silent failure occurred.
====== finagle-chirper (web) [default], iteration 62 completed (15881.116 ms) ======
====== finagle-chirper (web) [default], iteration 63 started ======
Resetting master, feed map size: 5000
GC before operation: completed in 154.362 ms, heap usage 76.158 MB -> 27.730 MB.
WARNING: This benchmark provides no result that can be validated.
There is no way to check that no silent failure occurred.
====== finagle-chirper (web) [default], iteration 63 completed (15854.352 ms) ======
====== finagle-chirper (web) [default], iteration 64 started ======
Resetting master, feed map size: 5000
GC before operation: completed in 45.227 ms, heap usage 41.705 MB -> 30.712 MB.
WARNING: This benchmark provides no result that can be validated.
There is no way to check that no silent failure occurred.
====== finagle-chirper (web) [default], iteration 64 completed (15701.506 ms) ======
====== finagle-chirper (web) [default], iteration 65 started ======
Resetting master, feed map size: 5000
GC before operation: completed in 158.377 ms, heap usage 34.481 MB -> 27.875 MB.
WARNING: This benchmark provides no result that can be validated.
There is no way to check that no silent failure occurred.
====== finagle-chirper (web) [default], iteration 65 completed (15905.357 ms) ======
====== finagle-chirper (web) [default], iteration 66 started ======
Resetting master, feed map size: 5000
GC before operation: completed in 46.580 ms, heap usage 36.070 MB -> 30.498 MB.
WARNING: This benchmark provides no result that can be validated.
There is no way to check that no silent failure occurred.
====== finagle-chirper (web) [default], iteration 66 completed (15829.061 ms) ======
====== finagle-chirper (web) [default], iteration 67 started ======
Resetting master, feed map size: 5000
GC before operation: completed in 157.582 ms, heap usage 40.611 MB -> 27.878 MB.
WARNING: This benchmark provides no result that can be validated.
There is no way to check that no silent failure occurred.
====== finagle-chirper (web) [default], iteration 67 completed (15813.553 ms) ======
====== finagle-chirper (web) [default], iteration 68 started ======
Resetting master, feed map size: 5000
GC before operation: completed in 45.344 ms, heap usage 52.308 MB -> 30.794 MB.
WARNING: This benchmark provides no result that can be validated.
There is no way to check that no silent failure occurred.
====== finagle-chirper (web) [default], iteration 68 completed (15904.772 ms) ======
====== finagle-chirper (web) [default], iteration 69 started ======
Resetting master, feed map size: 5000
GC before operation: completed in 156.007 ms, heap usage 43.860 MB -> 28.081 MB.
WARNING: This benchmark provides no result that can be validated.
There is no way to check that no silent failure occurred.
====== finagle-chirper (web) [default], iteration 69 completed (16108.540 ms) ======
====== finagle-chirper (web) [default], iteration 70 started ======
Resetting master, feed map size: 5000
GC before operation: completed in 43.495 ms, heap usage 39.140 MB -> 30.521 MB.
WARNING: This benchmark provides no result that can be validated.
There is no way to check that no silent failure occurred.
====== finagle-chirper (web) [default], iteration 70 completed (15975.934 ms) ======
====== finagle-chirper (web) [default], iteration 71 started ======
Resetting master, feed map size: 5000
GC before operation: completed in 153.568 ms, heap usage 77.289 MB -> 27.916 MB.
WARNING: This benchmark provides no result that can be validated.
There is no way to check that no silent failure occurred.
====== finagle-chirper (web) [default], iteration 71 completed (15840.443 ms) ======
====== finagle-chirper (web) [default], iteration 72 started ======
Resetting master, feed map size: 5000
GC before operation: completed in 45.131 ms, heap usage 81.088 MB -> 30.638 MB.
WARNING: This benchmark provides no result that can be validated.
There is no way to check that no silent failure occurred.
====== finagle-chirper (web) [default], iteration 72 completed (15762.986 ms) ======
====== finagle-chirper (web) [default], iteration 73 started ======
Resetting master, feed map size: 5000
GC before operation: completed in 156.039 ms, heap usage 78.223 MB -> 28.057 MB.
WARNING: This benchmark provides no result that can be validated.
There is no way to check that no silent failure occurred.
====== finagle-chirper (web) [default], iteration 73 completed (15735.299 ms) ======
====== finagle-chirper (web) [default], iteration 74 started ======
Resetting master, feed map size: 5000
GC before operation: completed in 48.424 ms, heap usage 69.101 MB -> 30.666 MB.
WARNING: This benchmark provides no result that can be validated.
There is no way to check that no silent failure occurred.
====== finagle-chirper (web) [default], iteration 74 completed (15675.620 ms) ======
====== finagle-chirper (web) [default], iteration 75 started ======
Resetting master, feed map size: 5000
GC before operation: completed in 154.293 ms, heap usage 38.293 MB -> 28.000 MB.
WARNING: This benchmark provides no result that can be validated.
There is no way to check that no silent failure occurred.
====== finagle-chirper (web) [default], iteration 75 completed (15820.095 ms) ======
====== finagle-chirper (web) [default], iteration 76 started ======
Resetting master, feed map size: 5000
GC before operation: completed in 44.631 ms, heap usage 78.947 MB -> 30.819 MB.
WARNING: This benchmark provides no result that can be validated.
There is no way to check that no silent failure occurred.
====== finagle-chirper (web) [default], iteration 76 completed (16130.148 ms) ======
====== finagle-chirper (web) [default], iteration 77 started ======
Resetting master, feed map size: 5000
GC before operation: completed in 171.495 ms, heap usage 78.385 MB -> 28.061 MB.
WARNING: This benchmark provides no result that can be validated.
There is no way to check that no silent failure occurred.
====== finagle-chirper (web) [default], iteration 77 completed (16052.736 ms) ======
====== finagle-chirper (web) [default], iteration 78 started ======
Resetting master, feed map size: 5000
GC before operation: completed in 46.235 ms, heap usage 81.236 MB -> 30.595 MB.
WARNING: This benchmark provides no result that can be validated.
There is no way to check that no silent failure occurred.
====== finagle-chirper (web) [default], iteration 78 completed (16033.828 ms) ======
====== finagle-chirper (web) [default], iteration 79 started ======
Resetting master, feed map size: 5000
GC before operation: completed in 154.272 ms, heap usage 73.445 MB -> 27.916 MB.
WARNING: This benchmark provides no result that can be validated.
There is no way to check that no silent failure occurred.
====== finagle-chirper (web) [default], iteration 79 completed (15968.916 ms) ======
====== finagle-chirper (web) [default], iteration 80 started ======
Resetting master, feed map size: 5000
GC before operation: completed in 43.933 ms, heap usage 65.909 MB -> 30.548 MB.
WARNING: This benchmark provides no result that can be validated.
There is no way to check that no silent failure occurred.
====== finagle-chirper (web) [default], iteration 80 completed (15910.650 ms) ======
====== finagle-chirper (web) [default], iteration 81 started ======
Resetting master, feed map size: 5000
GC before operation: completed in 156.568 ms, heap usage 77.369 MB -> 28.058 MB.
WARNING: This benchmark provides no result that can be validated.
There is no way to check that no silent failure occurred.
====== finagle-chirper (web) [default], iteration 81 completed (15640.449 ms) ======
====== finagle-chirper (web) [default], iteration 82 started ======
Resetting master, feed map size: 5000
GC before operation: completed in 44.417 ms, heap usage 80.750 MB -> 30.624 MB.
WARNING: This benchmark provides no result that can be validated.
There is no way to check that no silent failure occurred.
====== finagle-chirper (web) [default], iteration 82 completed (15975.360 ms) ======
====== finagle-chirper (web) [default], iteration 83 started ======
Resetting master, feed map size: 5000
GC before operation: completed in 152.100 ms, heap usage 75.185 MB -> 27.947 MB.
WARNING: This benchmark provides no result that can be validated.
There is no way to check that no silent failure occurred.
====== finagle-chirper (web) [default], iteration 83 completed (15609.456 ms) ======
====== finagle-chirper (web) [default], iteration 84 started ======
Resetting master, feed map size: 5000
GC before operation: completed in 48.309 ms, heap usage 73.949 MB -> 30.653 MB.
WARNING: This benchmark provides no result that can be validated.
There is no way to check that no silent failure occurred.
====== finagle-chirper (web) [default], iteration 84 completed (15624.818 ms) ======
====== finagle-chirper (web) [default], iteration 85 started ======
Resetting master, feed map size: 5000
GC before operation: completed in 154.371 ms, heap usage 74.907 MB -> 27.926 MB.
WARNING: This benchmark provides no result that can be validated.
There is no way to check that no silent failure occurred.
====== finagle-chirper (web) [default], iteration 85 completed (15676.012 ms) ======
====== finagle-chirper (web) [default], iteration 86 started ======
Resetting master, feed map size: 5000
GC before operation: completed in 47.170 ms, heap usage 73.570 MB -> 30.759 MB.
WARNING: This benchmark provides no result that can be validated.
There is no way to check that no silent failure occurred.
====== finagle-chirper (web) [default], iteration 86 completed (15615.230 ms) ======
====== finagle-chirper (web) [default], iteration 87 started ======
Resetting master, feed map size: 5000
GC before operation: completed in 154.274 ms, heap usage 77.528 MB -> 27.929 MB.
WARNING: This benchmark provides no result that can be validated.
There is no way to check that no silent failure occurred.
====== finagle-chirper (web) [default], iteration 87 completed (15802.011 ms) ======
====== finagle-chirper (web) [default], iteration 88 started ======
Resetting master, feed map size: 5000
GC before operation: completed in 45.528 ms, heap usage 81.025 MB -> 30.661 MB.
WARNING: This benchmark provides no result that can be validated.
There is no way to check that no silent failure occurred.
====== finagle-chirper (web) [default], iteration 88 completed (15546.183 ms) ======
====== finagle-chirper (web) [default], iteration 89 started ======
Resetting master, feed map size: 5000
GC before operation: completed in 154.191 ms, heap usage 74.800 MB -> 27.923 MB.
WARNING: This benchmark provides no result that can be validated.
There is no way to check that no silent failure occurred.
====== finagle-chirper (web) [default], iteration 89 completed (15744.211 ms) ======
====== finagle-chirper (web) [default], iteration 90 started ======
Resetting master, feed map size: 5000
GC before operation: completed in 46.854 ms, heap usage 77.947 MB -> 30.652 MB.
WARNING: This benchmark provides no result that can be validated.
There is no way to check that no silent failure occurred.
====== finagle-chirper (web) [default], iteration 90 completed (15847.883 ms) ======
====== finagle-chirper (web) [default], iteration 91 started ======
Resetting master, feed map size: 5000
GC before operation: completed in 154.425 ms, heap usage 72.263 MB -> 27.931 MB.
WARNING: This benchmark provides no result that can be validated.
There is no way to check that no silent failure occurred.
====== finagle-chirper (web) [default], iteration 91 completed (15658.522 ms) ======
====== finagle-chirper (web) [default], iteration 92 started ======
Resetting master, feed map size: 5000
GC before operation: completed in 44.820 ms, heap usage 67.046 MB -> 30.628 MB.
WARNING: This benchmark provides no result that can be validated.
There is no way to check that no silent failure occurred.
====== finagle-chirper (web) [default], iteration 92 completed (15711.906 ms) ======
====== finagle-chirper (web) [default], iteration 93 started ======
Resetting master, feed map size: 5000
GC before operation: completed in 150.822 ms, heap usage 66.821 MB -> 27.785 MB.
WARNING: This benchmark provides no result that can be validated.
There is no way to check that no silent failure occurred.
====== finagle-chirper (web) [default], iteration 93 completed (15673.204 ms) ======
====== finagle-chirper (web) [default], iteration 94 started ======
Resetting master, feed map size: 5000
GC before operation: completed in 44.859 ms, heap usage 69.919 MB -> 30.785 MB.
WARNING: This benchmark provides no result that can be validated.
There is no way to check that no silent failure occurred.
====== finagle-chirper (web) [default], iteration 94 completed (15758.667 ms) ======
====== finagle-chirper (web) [default], iteration 95 started ======
Resetting master, feed map size: 5000
GC before operation: completed in 157.005 ms, heap usage 80.470 MB -> 28.014 MB.
WARNING: This benchmark provides no result that can be validated.
There is no way to check that no silent failure occurred.
====== finagle-chirper (web) [default], iteration 95 completed (15803.231 ms) ======
====== finagle-chirper (web) [default], iteration 96 started ======
Resetting master, feed map size: 5000
GC before operation: completed in 43.784 ms, heap usage 72.572 MB -> 30.640 MB.
WARNING: This benchmark provides no result that can be validated.
There is no way to check that no silent failure occurred.
====== finagle-chirper (web) [default], iteration 96 completed (15730.748 ms) ======
====== finagle-chirper (web) [default], iteration 97 started ======
Resetting master, feed map size: 5000
GC before operation: completed in 154.097 ms, heap usage 74.499 MB -> 28.003 MB.
WARNING: This benchmark provides no result that can be validated.
There is no way to check that no silent failure occurred.
====== finagle-chirper (web) [default], iteration 97 completed (15649.229 ms) ======
====== finagle-chirper (web) [default], iteration 98 started ======
Resetting master, feed map size: 5000
GC before operation: completed in 45.535 ms, heap usage 71.132 MB -> 30.714 MB.
WARNING: This benchmark provides no result that can be validated.
There is no way to check that no silent failure occurred.
====== finagle-chirper (web) [default], iteration 98 completed (15777.203 ms) ======
====== finagle-chirper (web) [default], iteration 99 started ======
Resetting master, feed map size: 5000
GC before operation: completed in 155.531 ms, heap usage 76.498 MB -> 28.059 MB.
WARNING: This benchmark provides no result that can be validated.
There is no way to check that no silent failure occurred.
====== finagle-chirper (web) [default], iteration 99 completed (15602.648 ms) ======
