finagle-http on :35155 spawning 4 client and default number of server workers.
====== finagle-http (web) [default], iteration 0 started ======
GC before operation: completed in 66.868 ms, heap usage 11.825 MB -> 10.257 MB.
====== finagle-http (web) [default], iteration 0 completed (48234.304 ms) ======
====== finagle-http (web) [default], iteration 1 started ======
GC before operation: completed in 121.875 ms, heap usage 49.012 MB -> 14.069 MB.
====== finagle-http (web) [default], iteration 1 completed (31780.447 ms) ======
====== finagle-http (web) [default], iteration 2 started ======
GC before operation: completed in 103.100 ms, heap usage 16.811 MB -> 14.221 MB.
====== finagle-http (web) [default], iteration 2 completed (21732.048 ms) ======
====== finagle-http (web) [default], iteration 3 started ======
GC before operation: completed in 111.566 ms, heap usage 29.727 MB -> 14.290 MB.
====== finagle-http (web) [default], iteration 3 completed (16788.774 ms) ======
====== finagle-http (web) [default], iteration 4 started ======
GC before operation: completed in 100.855 ms, heap usage 39.627 MB -> 14.178 MB.
====== finagle-http (web) [default], iteration 4 completed (14462.493 ms) ======
====== finagle-http (web) [default], iteration 5 started ======
GC before operation: completed in 113.783 ms, heap usage 28.390 MB -> 14.236 MB.
====== finagle-http (web) [default], iteration 5 completed (12165.239 ms) ======
====== finagle-http (web) [default], iteration 6 started ======
GC before operation: completed in 114.822 ms, heap usage 37.116 MB -> 14.276 MB.
====== finagle-http (web) [default], iteration 6 completed (11764.305 ms) ======
====== finagle-http (web) [default], iteration 7 started ======
GC before operation: completed in 115.660 ms, heap usage 50.332 MB -> 14.282 MB.
====== finagle-http (web) [default], iteration 7 completed (11709.742 ms) ======
====== finagle-http (web) [default], iteration 8 started ======
GC before operation: completed in 122.213 ms, heap usage 33.184 MB -> 14.283 MB.
====== finagle-http (web) [default], iteration 8 completed (11716.437 ms) ======
====== finagle-http (web) [default], iteration 9 started ======
GC before operation: completed in 117.198 ms, heap usage 54.593 MB -> 14.289 MB.
====== finagle-http (web) [default], iteration 9 completed (11601.586 ms) ======
====== finagle-http (web) [default], iteration 10 started ======
GC before operation: completed in 112.369 ms, heap usage 16.389 MB -> 14.331 MB.
====== finagle-http (web) [default], iteration 10 completed (11657.833 ms) ======
====== finagle-http (web) [default], iteration 11 started ======
GC before operation: completed in 106.839 ms, heap usage 46.346 MB -> 14.430 MB.
====== finagle-http (web) [default], iteration 11 completed (11711.152 ms) ======
====== finagle-http (web) [default], iteration 12 started ======
GC before operation: completed in 121.408 ms, heap usage 78.414 MB -> 14.284 MB.
====== finagle-http (web) [default], iteration 12 completed (11774.789 ms) ======
====== finagle-http (web) [default], iteration 13 started ======
GC before operation: completed in 117.171 ms, heap usage 27.063 MB -> 14.293 MB.
====== finagle-http (web) [default], iteration 13 completed (11763.159 ms) ======
====== finagle-http (web) [default], iteration 14 started ======
GC before operation: completed in 116.220 ms, heap usage 53.398 MB -> 14.271 MB.
====== finagle-http (web) [default], iteration 14 completed (11612.595 ms) ======
====== finagle-http (web) [default], iteration 15 started ======
GC before operation: completed in 116.513 ms, heap usage 75.724 MB -> 14.296 MB.
====== finagle-http (web) [default], iteration 15 completed (11789.203 ms) ======
====== finagle-http (web) [default], iteration 16 started ======
GC before operation: completed in 119.555 ms, heap usage 35.718 MB -> 14.295 MB.
====== finagle-http (web) [default], iteration 16 completed (11740.581 ms) ======
====== finagle-http (web) [default], iteration 17 started ======
GC before operation: completed in 116.876 ms, heap usage 54.236 MB -> 14.315 MB.
====== finagle-http (web) [default], iteration 17 completed (11658.153 ms) ======
====== finagle-http (web) [default], iteration 18 started ======
GC before operation: completed in 118.583 ms, heap usage 51.108 MB -> 14.346 MB.
====== finagle-http (web) [default], iteration 18 completed (11820.411 ms) ======
====== finagle-http (web) [default], iteration 19 started ======
GC before operation: completed in 113.900 ms, heap usage 78.952 MB -> 14.262 MB.
====== finagle-http (web) [default], iteration 19 completed (11917.259 ms) ======
====== finagle-http (web) [default], iteration 20 started ======
GC before operation: completed in 111.879 ms, heap usage 61.043 MB -> 14.279 MB.
====== finagle-http (web) [default], iteration 20 completed (11869.042 ms) ======
====== finagle-http (web) [default], iteration 21 started ======
GC before operation: completed in 113.227 ms, heap usage 71.745 MB -> 14.287 MB.
====== finagle-http (web) [default], iteration 21 completed (11948.402 ms) ======
====== finagle-http (web) [default], iteration 22 started ======
GC before operation: completed in 114.998 ms, heap usage 16.392 MB -> 14.309 MB.
====== finagle-http (web) [default], iteration 22 completed (11968.149 ms) ======
====== finagle-http (web) [default], iteration 23 started ======
GC before operation: completed in 119.904 ms, heap usage 25.992 MB -> 14.297 MB.
====== finagle-http (web) [default], iteration 23 completed (11855.472 ms) ======
====== finagle-http (web) [default], iteration 24 started ======
GC before operation: completed in 119.002 ms, heap usage 54.128 MB -> 14.325 MB.
====== finagle-http (web) [default], iteration 24 completed (11940.751 ms) ======
====== finagle-http (web) [default], iteration 25 started ======
GC before operation: completed in 122.163 ms, heap usage 37.016 MB -> 14.306 MB.
====== finagle-http (web) [default], iteration 25 completed (11761.764 ms) ======
====== finagle-http (web) [default], iteration 26 started ======
GC before operation: completed in 123.060 ms, heap usage 56.452 MB -> 14.302 MB.
====== finagle-http (web) [default], iteration 26 completed (11868.785 ms) ======
====== finagle-http (web) [default], iteration 27 started ======
GC before operation: completed in 120.691 ms, heap usage 57.931 MB -> 14.291 MB.
====== finagle-http (web) [default], iteration 27 completed (11920.129 ms) ======
====== finagle-http (web) [default], iteration 28 started ======
GC before operation: completed in 120.647 ms, heap usage 51.521 MB -> 14.291 MB.
====== finagle-http (web) [default], iteration 28 completed (11790.919 ms) ======
====== finagle-http (web) [default], iteration 29 started ======
GC before operation: completed in 135.520 ms, heap usage 43.626 MB -> 14.306 MB.
====== finagle-http (web) [default], iteration 29 completed (11820.955 ms) ======
====== finagle-http (web) [default], iteration 30 started ======
GC before operation: completed in 126.486 ms, heap usage 78.242 MB -> 14.306 MB.
====== finagle-http (web) [default], iteration 30 completed (11921.167 ms) ======
====== finagle-http (web) [default], iteration 31 started ======
GC before operation: completed in 121.516 ms, heap usage 65.633 MB -> 14.239 MB.
====== finagle-http (web) [default], iteration 31 completed (11982.004 ms) ======
====== finagle-http (web) [default], iteration 32 started ======
GC before operation: completed in 123.332 ms, heap usage 41.111 MB -> 14.300 MB.
====== finagle-http (web) [default], iteration 32 completed (11941.343 ms) ======
====== finagle-http (web) [default], iteration 33 started ======
GC before operation: completed in 125.172 ms, heap usage 77.510 MB -> 14.371 MB.
====== finagle-http (web) [default], iteration 33 completed (11969.763 ms) ======
====== finagle-http (web) [default], iteration 34 started ======
GC before operation: completed in 120.373 ms, heap usage 40.374 MB -> 14.309 MB.
====== finagle-http (web) [default], iteration 34 completed (11933.815 ms) ======
====== finagle-http (web) [default], iteration 35 started ======
GC before operation: completed in 122.937 ms, heap usage 17.452 MB -> 14.312 MB.
====== finagle-http (web) [default], iteration 35 completed (11946.461 ms) ======
====== finagle-http (web) [default], iteration 36 started ======
GC before operation: completed in 118.511 ms, heap usage 44.734 MB -> 14.300 MB.
====== finagle-http (web) [default], iteration 36 completed (11934.059 ms) ======
====== finagle-http (web) [default], iteration 37 started ======
GC before operation: completed in 116.861 ms, heap usage 28.204 MB -> 14.298 MB.
====== finagle-http (web) [default], iteration 37 completed (11849.299 ms) ======
====== finagle-http (web) [default], iteration 38 started ======
GC before operation: completed in 131.534 ms, heap usage 74.732 MB -> 14.309 MB.
====== finagle-http (web) [default], iteration 38 completed (11866.669 ms) ======
====== finagle-http (web) [default], iteration 39 started ======
GC before operation: completed in 119.402 ms, heap usage 39.989 MB -> 14.299 MB.
====== finagle-http (web) [default], iteration 39 completed (11831.183 ms) ======
====== finagle-http (web) [default], iteration 40 started ======
GC before operation: completed in 127.161 ms, heap usage 19.573 MB -> 14.313 MB.
====== finagle-http (web) [default], iteration 40 completed (11829.897 ms) ======
====== finagle-http (web) [default], iteration 41 started ======
GC before operation: completed in 121.611 ms, heap usage 43.634 MB -> 14.294 MB.
====== finagle-http (web) [default], iteration 41 completed (11772.043 ms) ======
====== finagle-http (web) [default], iteration 42 started ======
GC before operation: completed in 131.999 ms, heap usage 55.349 MB -> 14.313 MB.
====== finagle-http (web) [default], iteration 42 completed (11771.262 ms) ======
====== finagle-http (web) [default], iteration 43 started ======
GC before operation: completed in 121.493 ms, heap usage 24.750 MB -> 14.282 MB.
====== finagle-http (web) [default], iteration 43 completed (11677.898 ms) ======
====== finagle-http (web) [default], iteration 44 started ======
GC before operation: completed in 123.971 ms, heap usage 28.604 MB -> 14.361 MB.
====== finagle-http (web) [default], iteration 44 completed (11411.377 ms) ======
====== finagle-http (web) [default], iteration 45 started ======
GC before operation: completed in 123.760 ms, heap usage 53.643 MB -> 14.343 MB.
====== finagle-http (web) [default], iteration 45 completed (11489.367 ms) ======
====== finagle-http (web) [default], iteration 46 started ======
GC before operation: completed in 123.538 ms, heap usage 24.955 MB -> 14.308 MB.
====== finagle-http (web) [default], iteration 46 completed (11414.964 ms) ======
====== finagle-http (web) [default], iteration 47 started ======
GC before operation: completed in 130.466 ms, heap usage 29.357 MB -> 14.314 MB.
====== finagle-http (web) [default], iteration 47 completed (11407.632 ms) ======
====== finagle-http (web) [default], iteration 48 started ======
GC before operation: completed in 116.318 ms, heap usage 74.739 MB -> 14.309 MB.
====== finagle-http (web) [default], iteration 48 completed (11373.826 ms) ======
====== finagle-http (web) [default], iteration 49 started ======
GC before operation: completed in 118.135 ms, heap usage 66.907 MB -> 14.314 MB.
====== finagle-http (web) [default], iteration 49 completed (11404.572 ms) ======
====== finagle-http (web) [default], iteration 50 started ======
GC before operation: completed in 119.109 ms, heap usage 39.593 MB -> 14.308 MB.
====== finagle-http (web) [default], iteration 50 completed (11212.748 ms) ======
====== finagle-http (web) [default], iteration 51 started ======
GC before operation: completed in 117.872 ms, heap usage 53.948 MB -> 14.322 MB.
====== finagle-http (web) [default], iteration 51 completed (11369.988 ms) ======
====== finagle-http (web) [default], iteration 52 started ======
GC before operation: completed in 118.233 ms, heap usage 24.648 MB -> 14.352 MB.
====== finagle-http (web) [default], iteration 52 completed (11469.905 ms) ======
====== finagle-http (web) [default], iteration 53 started ======
GC before operation: completed in 120.666 ms, heap usage 74.736 MB -> 14.323 MB.
====== finagle-http (web) [default], iteration 53 completed (11314.606 ms) ======
====== finagle-http (web) [default], iteration 54 started ======
GC before operation: completed in 119.188 ms, heap usage 50.645 MB -> 14.332 MB.
====== finagle-http (web) [default], iteration 54 completed (11463.258 ms) ======
====== finagle-http (web) [default], iteration 55 started ======
GC before operation: completed in 118.838 ms, heap usage 20.057 MB -> 14.319 MB.
====== finagle-http (web) [default], iteration 55 completed (11353.317 ms) ======
====== finagle-http (web) [default], iteration 56 started ======
GC before operation: completed in 135.299 ms, heap usage 37.089 MB -> 14.317 MB.
====== finagle-http (web) [default], iteration 56 completed (11488.144 ms) ======
====== finagle-http (web) [default], iteration 57 started ======
GC before operation: completed in 118.512 ms, heap usage 63.584 MB -> 14.307 MB.
====== finagle-http (web) [default], iteration 57 completed (11733.343 ms) ======
====== finagle-http (web) [default], iteration 58 started ======
GC before operation: completed in 120.148 ms, heap usage 53.048 MB -> 14.322 MB.
====== finagle-http (web) [default], iteration 58 completed (11686.782 ms) ======
====== finagle-http (web) [default], iteration 59 started ======
GC before operation: completed in 126.690 ms, heap usage 62.750 MB -> 14.327 MB.
====== finagle-http (web) [default], iteration 59 completed (11847.692 ms) ======
====== finagle-http (web) [default], iteration 60 started ======
GC before operation: completed in 136.601 ms, heap usage 65.841 MB -> 14.314 MB.
====== finagle-http (web) [default], iteration 60 completed (11726.376 ms) ======
====== finagle-http (web) [default], iteration 61 started ======
GC before operation: completed in 116.944 ms, heap usage 49.474 MB -> 14.290 MB.
====== finagle-http (web) [default], iteration 61 completed (11921.967 ms) ======
====== finagle-http (web) [default], iteration 62 started ======
GC before operation: completed in 116.602 ms, heap usage 42.523 MB -> 14.370 MB.
====== finagle-http (web) [default], iteration 62 completed (11789.555 ms) ======
====== finagle-http (web) [default], iteration 63 started ======
GC before operation: completed in 121.171 ms, heap usage 64.371 MB -> 14.354 MB.
====== finagle-http (web) [default], iteration 63 completed (11893.965 ms) ======
====== finagle-http (web) [default], iteration 64 started ======
GC before operation: completed in 134.383 ms, heap usage 39.097 MB -> 14.325 MB.
====== finagle-http (web) [default], iteration 64 completed (11939.954 ms) ======
====== finagle-http (web) [default], iteration 65 started ======
GC before operation: completed in 120.871 ms, heap usage 63.436 MB -> 14.322 MB.
====== finagle-http (web) [default], iteration 65 completed (11824.169 ms) ======
====== finagle-http (web) [default], iteration 66 started ======
GC before operation: completed in 125.765 ms, heap usage 52.337 MB -> 14.331 MB.
====== finagle-http (web) [default], iteration 66 completed (12273.427 ms) ======
====== finagle-http (web) [default], iteration 67 started ======
GC before operation: completed in 117.841 ms, heap usage 66.645 MB -> 14.362 MB.
====== finagle-http (web) [default], iteration 67 completed (11910.404 ms) ======
====== finagle-http (web) [default], iteration 68 started ======
GC before operation: completed in 117.467 ms, heap usage 40.101 MB -> 14.323 MB.
====== finagle-http (web) [default], iteration 68 completed (11835.975 ms) ======
====== finagle-http (web) [default], iteration 69 started ======
GC before operation: completed in 122.446 ms, heap usage 63.335 MB -> 14.319 MB.
====== finagle-http (web) [default], iteration 69 completed (11928.660 ms) ======
====== finagle-http (web) [default], iteration 70 started ======
GC before operation: completed in 120.873 ms, heap usage 57.142 MB -> 14.321 MB.
====== finagle-http (web) [default], iteration 70 completed (11868.445 ms) ======
====== finagle-http (web) [default], iteration 71 started ======
GC before operation: completed in 122.428 ms, heap usage 72.629 MB -> 14.329 MB.
====== finagle-http (web) [default], iteration 71 completed (11896.314 ms) ======
====== finagle-http (web) [default], iteration 72 started ======
GC before operation: completed in 118.106 ms, heap usage 23.455 MB -> 14.373 MB.
====== finagle-http (web) [default], iteration 72 completed (11899.891 ms) ======
====== finagle-http (web) [default], iteration 73 started ======
GC before operation: completed in 122.567 ms, heap usage 86.340 MB -> 14.316 MB.
====== finagle-http (web) [default], iteration 73 completed (11880.922 ms) ======
====== finagle-http (web) [default], iteration 74 started ======
GC before operation: completed in 121.821 ms, heap usage 51.448 MB -> 14.324 MB.
====== finagle-http (web) [default], iteration 74 completed (11911.937 ms) ======
====== finagle-http (web) [default], iteration 75 started ======
GC before operation: completed in 119.751 ms, heap usage 20.956 MB -> 14.358 MB.
====== finagle-http (web) [default], iteration 75 completed (11957.237 ms) ======
====== finagle-http (web) [default], iteration 76 started ======
GC before operation: completed in 121.835 ms, heap usage 37.282 MB -> 14.326 MB.
====== finagle-http (web) [default], iteration 76 completed (11800.251 ms) ======
====== finagle-http (web) [default], iteration 77 started ======
GC before operation: completed in 121.647 ms, heap usage 27.782 MB -> 14.337 MB.
====== finagle-http (web) [default], iteration 77 completed (11878.164 ms) ======
====== finagle-http (web) [default], iteration 78 started ======
GC before operation: completed in 123.484 ms, heap usage 69.603 MB -> 14.332 MB.
====== finagle-http (web) [default], iteration 78 completed (12021.740 ms) ======
====== finagle-http (web) [default], iteration 79 started ======
GC before operation: completed in 125.806 ms, heap usage 51.674 MB -> 14.328 MB.
====== finagle-http (web) [default], iteration 79 completed (11682.695 ms) ======
====== finagle-http (web) [default], iteration 80 started ======
GC before operation: completed in 123.058 ms, heap usage 63.379 MB -> 14.363 MB.
====== finagle-http (web) [default], iteration 80 completed (11689.775 ms) ======
====== finagle-http (web) [default], iteration 81 started ======
GC before operation: completed in 125.004 ms, heap usage 33.168 MB -> 14.320 MB.
====== finagle-http (web) [default], iteration 81 completed (11744.743 ms) ======
====== finagle-http (web) [default], iteration 82 started ======
GC before operation: completed in 128.207 ms, heap usage 68.918 MB -> 14.335 MB.
====== finagle-http (web) [default], iteration 82 completed (11767.004 ms) ======
====== finagle-http (web) [default], iteration 83 started ======
GC before operation: completed in 124.110 ms, heap usage 64.846 MB -> 14.359 MB.
====== finagle-http (web) [default], iteration 83 completed (11826.604 ms) ======
====== finagle-http (web) [default], iteration 84 started ======
GC before operation: completed in 120.392 ms, heap usage 29.657 MB -> 14.318 MB.
====== finagle-http (web) [default], iteration 84 completed (11760.131 ms) ======
====== finagle-http (web) [default], iteration 85 started ======
GC before operation: completed in 125.382 ms, heap usage 24.781 MB -> 14.333 MB.
====== finagle-http (web) [default], iteration 85 completed (11838.114 ms) ======
====== finagle-http (web) [default], iteration 86 started ======
GC before operation: completed in 127.462 ms, heap usage 39.125 MB -> 14.330 MB.
====== finagle-http (web) [default], iteration 86 completed (11891.905 ms) ======
====== finagle-http (web) [default], iteration 87 started ======
GC before operation: completed in 129.928 ms, heap usage 63.431 MB -> 14.336 MB.
====== finagle-http (web) [default], iteration 87 completed (11848.449 ms) ======
====== finagle-http (web) [default], iteration 88 started ======
GC before operation: completed in 123.096 ms, heap usage 29.127 MB -> 14.326 MB.
====== finagle-http (web) [default], iteration 88 completed (11896.758 ms) ======
====== finagle-http (web) [default], iteration 89 started ======
GC before operation: completed in 129.478 ms, heap usage 38.756 MB -> 14.336 MB.
====== finagle-http (web) [default], iteration 89 completed (11930.632 ms) ======
====== finagle-http (web) [default], iteration 90 started ======
GC before operation: completed in 124.323 ms, heap usage 62.953 MB -> 14.440 MB.
====== finagle-http (web) [default], iteration 90 completed (11860.881 ms) ======
====== finagle-http (web) [default], iteration 91 started ======
GC before operation: completed in 127.188 ms, heap usage 66.660 MB -> 14.329 MB.
====== finagle-http (web) [default], iteration 91 completed (11898.496 ms) ======
====== finagle-http (web) [default], iteration 92 started ======
GC before operation: completed in 124.238 ms, heap usage 24.300 MB -> 14.314 MB.
====== finagle-http (web) [default], iteration 92 completed (11918.437 ms) ======
====== finagle-http (web) [default], iteration 93 started ======
GC before operation: completed in 126.728 ms, heap usage 59.779 MB -> 14.346 MB.
====== finagle-http (web) [default], iteration 93 completed (11892.296 ms) ======
====== finagle-http (web) [default], iteration 94 started ======
GC before operation: completed in 126.540 ms, heap usage 49.895 MB -> 14.379 MB.
====== finagle-http (web) [default], iteration 94 completed (11941.958 ms) ======
====== finagle-http (web) [default], iteration 95 started ======
GC before operation: completed in 125.808 ms, heap usage 63.649 MB -> 14.324 MB.
====== finagle-http (web) [default], iteration 95 completed (11953.418 ms) ======
====== finagle-http (web) [default], iteration 96 started ======
GC before operation: completed in 129.781 ms, heap usage 45.558 MB -> 14.353 MB.
====== finagle-http (web) [default], iteration 96 completed (11771.625 ms) ======
====== finagle-http (web) [default], iteration 97 started ======
GC before operation: completed in 129.099 ms, heap usage 59.514 MB -> 14.338 MB.
====== finagle-http (web) [default], iteration 97 completed (11833.352 ms) ======
====== finagle-http (web) [default], iteration 98 started ======
GC before operation: completed in 130.238 ms, heap usage 58.098 MB -> 14.338 MB.
====== finagle-http (web) [default], iteration 98 completed (11754.299 ms) ======
====== finagle-http (web) [default], iteration 99 started ======
GC before operation: completed in 127.606 ms, heap usage 71.556 MB -> 14.409 MB.
====== finagle-http (web) [default], iteration 99 completed (11566.165 ms) ======
Master port: 44307
Cache ports: 32999, 45737, 35289, 38503
====== finagle-chirper (web) [default], iteration 0 started ======
Resetting master, feed map size: 5000
GC before operation: completed in 209.266 ms, heap usage 54.300 MB -> 22.014 MB.
WARNING: This benchmark provides no result that can be validated.
There is no way to check that no silent failure occurred.
====== finagle-chirper (web) [default], iteration 0 completed (44814.678 ms) ======
====== finagle-chirper (web) [default], iteration 1 started ======
Resetting master, feed map size: 5000
GC before operation: completed in 231.211 ms, heap usage 74.128 MB -> 24.801 MB.
WARNING: This benchmark provides no result that can be validated.
There is no way to check that no silent failure occurred.
====== finagle-chirper (web) [default], iteration 1 completed (27556.920 ms) ======
====== finagle-chirper (web) [default], iteration 2 started ======
Resetting master, feed map size: 5000
GC before operation: completed in 212.225 ms, heap usage 77.350 MB -> 24.829 MB.
WARNING: This benchmark provides no result that can be validated.
There is no way to check that no silent failure occurred.
====== finagle-chirper (web) [default], iteration 2 completed (20625.297 ms) ======
====== finagle-chirper (web) [default], iteration 3 started ======
Resetting master, feed map size: 5000
GC before operation: completed in 209.796 ms, heap usage 29.462 MB -> 24.573 MB.
WARNING: This benchmark provides no result that can be validated.
There is no way to check that no silent failure occurred.
====== finagle-chirper (web) [default], iteration 3 completed (17098.463 ms) ======
====== finagle-chirper (web) [default], iteration 4 started ======
Resetting master, feed map size: 5000
GC before operation: completed in 214.620 ms, heap usage 140.567 MB -> 24.857 MB.
WARNING: This benchmark provides no result that can be validated.
There is no way to check that no silent failure occurred.
====== finagle-chirper (web) [default], iteration 4 completed (13173.994 ms) ======
====== finagle-chirper (web) [default], iteration 5 started ======
Resetting master, feed map size: 5000
GC before operation: completed in 210.461 ms, heap usage 72.696 MB -> 24.869 MB.
WARNING: This benchmark provides no result that can be validated.
There is no way to check that no silent failure occurred.
====== finagle-chirper (web) [default], iteration 5 completed (11008.286 ms) ======
====== finagle-chirper (web) [default], iteration 6 started ======
Resetting master, feed map size: 5000
GC before operation: completed in 202.271 ms, heap usage 115.902 MB -> 25.006 MB.
WARNING: This benchmark provides no result that can be validated.
There is no way to check that no silent failure occurred.
====== finagle-chirper (web) [default], iteration 6 completed (10035.678 ms) ======
====== finagle-chirper (web) [default], iteration 7 started ======
Resetting master, feed map size: 5000
GC before operation: completed in 209.257 ms, heap usage 60.315 MB -> 24.885 MB.
WARNING: This benchmark provides no result that can be validated.
There is no way to check that no silent failure occurred.
====== finagle-chirper (web) [default], iteration 7 completed (10415.424 ms) ======
====== finagle-chirper (web) [default], iteration 8 started ======
Resetting master, feed map size: 5000
GC before operation: completed in 219.660 ms, heap usage 146.154 MB -> 24.702 MB.
WARNING: This benchmark provides no result that can be validated.
There is no way to check that no silent failure occurred.
====== finagle-chirper (web) [default], iteration 8 completed (10776.049 ms) ======
====== finagle-chirper (web) [default], iteration 9 started ======
Resetting master, feed map size: 5000
GC before operation: completed in 214.998 ms, heap usage 122.489 MB -> 24.893 MB.
WARNING: This benchmark provides no result that can be validated.
There is no way to check that no silent failure occurred.
====== finagle-chirper (web) [default], iteration 9 completed (9591.272 ms) ======
====== finagle-chirper (web) [default], iteration 10 started ======
Resetting master, feed map size: 5000
GC before operation: completed in 214.828 ms, heap usage 100.711 MB -> 24.898 MB.
WARNING: This benchmark provides no result that can be validated.
There is no way to check that no silent failure occurred.
====== finagle-chirper (web) [default], iteration 10 completed (9406.745 ms) ======
====== finagle-chirper (web) [default], iteration 11 started ======
Resetting master, feed map size: 5000
GC before operation: completed in 208.961 ms, heap usage 109.782 MB -> 24.900 MB.
WARNING: This benchmark provides no result that can be validated.
There is no way to check that no silent failure occurred.
====== finagle-chirper (web) [default], iteration 11 completed (9526.600 ms) ======
====== finagle-chirper (web) [default], iteration 12 started ======
Resetting master, feed map size: 5000
GC before operation: completed in 210.581 ms, heap usage 62.796 MB -> 24.975 MB.
WARNING: This benchmark provides no result that can be validated.
There is no way to check that no silent failure occurred.
====== finagle-chirper (web) [default], iteration 12 completed (9443.650 ms) ======
====== finagle-chirper (web) [default], iteration 13 started ======
Resetting master, feed map size: 5000
GC before operation: completed in 215.545 ms, heap usage 68.576 MB -> 24.950 MB.
WARNING: This benchmark provides no result that can be validated.
There is no way to check that no silent failure occurred.
====== finagle-chirper (web) [default], iteration 13 completed (8979.137 ms) ======
====== finagle-chirper (web) [default], iteration 14 started ======
Resetting master, feed map size: 5000
GC before operation: completed in 220.792 ms, heap usage 141.395 MB -> 24.952 MB.
WARNING: This benchmark provides no result that can be validated.
There is no way to check that no silent failure occurred.
====== finagle-chirper (web) [default], iteration 14 completed (9031.138 ms) ======
====== finagle-chirper (web) [default], iteration 15 started ======
Resetting master, feed map size: 5000
GC before operation: completed in 210.562 ms, heap usage 86.222 MB -> 24.956 MB.
WARNING: This benchmark provides no result that can be validated.
There is no way to check that no silent failure occurred.
====== finagle-chirper (web) [default], iteration 15 completed (8816.175 ms) ======
====== finagle-chirper (web) [default], iteration 16 started ======
Resetting master, feed map size: 5000
GC before operation: completed in 213.249 ms, heap usage 81.295 MB -> 24.963 MB.
WARNING: This benchmark provides no result that can be validated.
There is no way to check that no silent failure occurred.
====== finagle-chirper (web) [default], iteration 16 completed (9215.564 ms) ======
====== finagle-chirper (web) [default], iteration 17 started ======
Resetting master, feed map size: 5000
GC before operation: completed in 215.590 ms, heap usage 154.051 MB -> 24.959 MB.
WARNING: This benchmark provides no result that can be validated.
There is no way to check that no silent failure occurred.
====== finagle-chirper (web) [default], iteration 17 completed (8935.757 ms) ======
====== finagle-chirper (web) [default], iteration 18 started ======
Resetting master, feed map size: 5000
GC before operation: completed in 209.399 ms, heap usage 148.344 MB -> 24.964 MB.
WARNING: This benchmark provides no result that can be validated.
There is no way to check that no silent failure occurred.
====== finagle-chirper (web) [default], iteration 18 completed (8527.642 ms) ======
====== finagle-chirper (web) [default], iteration 19 started ======
Resetting master, feed map size: 5000
GC before operation: completed in 210.160 ms, heap usage 64.188 MB -> 24.964 MB.
WARNING: This benchmark provides no result that can be validated.
There is no way to check that no silent failure occurred.
====== finagle-chirper (web) [default], iteration 19 completed (9027.896 ms) ======
====== finagle-chirper (web) [default], iteration 20 started ======
Resetting master, feed map size: 5000
GC before operation: completed in 209.279 ms, heap usage 132.159 MB -> 24.964 MB.
WARNING: This benchmark provides no result that can be validated.
There is no way to check that no silent failure occurred.
====== finagle-chirper (web) [default], iteration 20 completed (8875.353 ms) ======
====== finagle-chirper (web) [default], iteration 21 started ======
Resetting master, feed map size: 5000
GC before operation: completed in 210.970 ms, heap usage 117.367 MB -> 24.970 MB.
WARNING: This benchmark provides no result that can be validated.
There is no way to check that no silent failure occurred.
====== finagle-chirper (web) [default], iteration 21 completed (8900.676 ms) ======
====== finagle-chirper (web) [default], iteration 22 started ======
Resetting master, feed map size: 5000
GC before operation: completed in 213.850 ms, heap usage 38.530 MB -> 24.969 MB.
WARNING: This benchmark provides no result that can be validated.
There is no way to check that no silent failure occurred.
====== finagle-chirper (web) [default], iteration 22 completed (9165.030 ms) ======
====== finagle-chirper (web) [default], iteration 23 started ======
Resetting master, feed map size: 5000
GC before operation: completed in 213.342 ms, heap usage 43.992 MB -> 24.975 MB.
WARNING: This benchmark provides no result that can be validated.
There is no way to check that no silent failure occurred.
====== finagle-chirper (web) [default], iteration 23 completed (9385.042 ms) ======
====== finagle-chirper (web) [default], iteration 24 started ======
Resetting master, feed map size: 5000
GC before operation: completed in 221.183 ms, heap usage 139.705 MB -> 24.982 MB.
WARNING: This benchmark provides no result that can be validated.
There is no way to check that no silent failure occurred.
====== finagle-chirper (web) [default], iteration 24 completed (8741.848 ms) ======
====== finagle-chirper (web) [default], iteration 25 started ======
Resetting master, feed map size: 5000
GC before operation: completed in 210.008 ms, heap usage 46.575 MB -> 24.977 MB.
WARNING: This benchmark provides no result that can be validated.
There is no way to check that no silent failure occurred.
====== finagle-chirper (web) [default], iteration 25 completed (8536.853 ms) ======
====== finagle-chirper (web) [default], iteration 26 started ======
Resetting master, feed map size: 5000
GC before operation: completed in 213.950 ms, heap usage 29.174 MB -> 24.979 MB.
WARNING: This benchmark provides no result that can be validated.
There is no way to check that no silent failure occurred.
====== finagle-chirper (web) [default], iteration 26 completed (8613.661 ms) ======
====== finagle-chirper (web) [default], iteration 27 started ======
Resetting master, feed map size: 5000
GC before operation: completed in 222.876 ms, heap usage 65.967 MB -> 25.010 MB.
WARNING: This benchmark provides no result that can be validated.
There is no way to check that no silent failure occurred.
====== finagle-chirper (web) [default], iteration 27 completed (8540.592 ms) ======
====== finagle-chirper (web) [default], iteration 28 started ======
Resetting master, feed map size: 5000
GC before operation: completed in 217.406 ms, heap usage 113.007 MB -> 24.984 MB.
WARNING: This benchmark provides no result that can be validated.
There is no way to check that no silent failure occurred.
====== finagle-chirper (web) [default], iteration 28 completed (8334.446 ms) ======
====== finagle-chirper (web) [default], iteration 29 started ======
Resetting master, feed map size: 5000
GC before operation: completed in 218.539 ms, heap usage 68.982 MB -> 24.985 MB.
WARNING: This benchmark provides no result that can be validated.
There is no way to check that no silent failure occurred.
====== finagle-chirper (web) [default], iteration 29 completed (7968.803 ms) ======
====== finagle-chirper (web) [default], iteration 30 started ======
Resetting master, feed map size: 5000
GC before operation: completed in 225.758 ms, heap usage 150.930 MB -> 24.983 MB.
WARNING: This benchmark provides no result that can be validated.
There is no way to check that no silent failure occurred.
====== finagle-chirper (web) [default], iteration 30 completed (8368.214 ms) ======
====== finagle-chirper (web) [default], iteration 31 started ======
Resetting master, feed map size: 5000
GC before operation: completed in 223.258 ms, heap usage 59.041 MB -> 24.991 MB.
WARNING: This benchmark provides no result that can be validated.
There is no way to check that no silent failure occurred.
====== finagle-chirper (web) [default], iteration 31 completed (8057.710 ms) ======
====== finagle-chirper (web) [default], iteration 32 started ======
Resetting master, feed map size: 5000
GC before operation: completed in 218.663 ms, heap usage 34.193 MB -> 24.990 MB.
WARNING: This benchmark provides no result that can be validated.
There is no way to check that no silent failure occurred.
====== finagle-chirper (web) [default], iteration 32 completed (8459.901 ms) ======
====== finagle-chirper (web) [default], iteration 33 started ======
Resetting master, feed map size: 5000
GC before operation: completed in 219.378 ms, heap usage 44.806 MB -> 24.993 MB.
WARNING: This benchmark provides no result that can be validated.
There is no way to check that no silent failure occurred.
====== finagle-chirper (web) [default], iteration 33 completed (9201.751 ms) ======
====== finagle-chirper (web) [default], iteration 34 started ======
Resetting master, feed map size: 5000
GC before operation: completed in 228.273 ms, heap usage 126.117 MB -> 24.995 MB.
WARNING: This benchmark provides no result that can be validated.
There is no way to check that no silent failure occurred.
====== finagle-chirper (web) [default], iteration 34 completed (8058.407 ms) ======
====== finagle-chirper (web) [default], iteration 35 started ======
Resetting master, feed map size: 5000
GC before operation: completed in 219.459 ms, heap usage 76.445 MB -> 24.994 MB.
WARNING: This benchmark provides no result that can be validated.
There is no way to check that no silent failure occurred.
====== finagle-chirper (web) [default], iteration 35 completed (9017.863 ms) ======
====== finagle-chirper (web) [default], iteration 36 started ======
Resetting master, feed map size: 5000
GC before operation: completed in 221.695 ms, heap usage 71.260 MB -> 24.995 MB.
WARNING: This benchmark provides no result that can be validated.
There is no way to check that no silent failure occurred.
====== finagle-chirper (web) [default], iteration 36 completed (8009.974 ms) ======
====== finagle-chirper (web) [default], iteration 37 started ======
Resetting master, feed map size: 5000
GC before operation: completed in 221.308 ms, heap usage 39.560 MB -> 24.996 MB.
WARNING: This benchmark provides no result that can be validated.
There is no way to check that no silent failure occurred.
====== finagle-chirper (web) [default], iteration 37 completed (7968.520 ms) ======
====== finagle-chirper (web) [default], iteration 38 started ======
Resetting master, feed map size: 5000
GC before operation: completed in 216.520 ms, heap usage 58.338 MB -> 25.000 MB.
WARNING: This benchmark provides no result that can be validated.
There is no way to check that no silent failure occurred.
====== finagle-chirper (web) [default], iteration 38 completed (8027.657 ms) ======
====== finagle-chirper (web) [default], iteration 39 started ======
Resetting master, feed map size: 5000
GC before operation: completed in 223.168 ms, heap usage 138.932 MB -> 24.998 MB.
WARNING: This benchmark provides no result that can be validated.
There is no way to check that no silent failure occurred.
====== finagle-chirper (web) [default], iteration 39 completed (7891.277 ms) ======
====== finagle-chirper (web) [default], iteration 40 started ======
Resetting master, feed map size: 5000
GC before operation: completed in 219.985 ms, heap usage 102.378 MB -> 24.998 MB.
WARNING: This benchmark provides no result that can be validated.
There is no way to check that no silent failure occurred.
====== finagle-chirper (web) [default], iteration 40 completed (7839.165 ms) ======
====== finagle-chirper (web) [default], iteration 41 started ======
Resetting master, feed map size: 5000
GC before operation: completed in 213.937 ms, heap usage 59.393 MB -> 25.004 MB.
WARNING: This benchmark provides no result that can be validated.
There is no way to check that no silent failure occurred.
====== finagle-chirper (web) [default], iteration 41 completed (7871.522 ms) ======
====== finagle-chirper (web) [default], iteration 42 started ======
Resetting master, feed map size: 5000
GC before operation: completed in 223.383 ms, heap usage 99.882 MB -> 24.954 MB.
WARNING: This benchmark provides no result that can be validated.
There is no way to check that no silent failure occurred.
====== finagle-chirper (web) [default], iteration 42 completed (8147.769 ms) ======
====== finagle-chirper (web) [default], iteration 43 started ======
Resetting master, feed map size: 5000
GC before operation: completed in 228.928 ms, heap usage 153.301 MB -> 24.980 MB.
WARNING: This benchmark provides no result that can be validated.
There is no way to check that no silent failure occurred.
====== finagle-chirper (web) [default], iteration 43 completed (7747.060 ms) ======
====== finagle-chirper (web) [default], iteration 44 started ======
Resetting master, feed map size: 5000
GC before operation: completed in 225.757 ms, heap usage 121.822 MB -> 24.984 MB.
WARNING: This benchmark provides no result that can be validated.
There is no way to check that no silent failure occurred.
====== finagle-chirper (web) [default], iteration 44 completed (8024.173 ms) ======
====== finagle-chirper (web) [default], iteration 45 started ======
Resetting master, feed map size: 5000
GC before operation: completed in 226.538 ms, heap usage 115.114 MB -> 24.988 MB.
WARNING: This benchmark provides no result that can be validated.
There is no way to check that no silent failure occurred.
====== finagle-chirper (web) [default], iteration 45 completed (8047.822 ms) ======
====== finagle-chirper (web) [default], iteration 46 started ======
Resetting master, feed map size: 5000
GC before operation: completed in 219.743 ms, heap usage 45.739 MB -> 24.994 MB.
WARNING: This benchmark provides no result that can be validated.
There is no way to check that no silent failure occurred.
====== finagle-chirper (web) [default], iteration 46 completed (8258.197 ms) ======
====== finagle-chirper (web) [default], iteration 47 started ======
Resetting master, feed map size: 5000
GC before operation: completed in 226.855 ms, heap usage 143.730 MB -> 24.986 MB.
WARNING: This benchmark provides no result that can be validated.
There is no way to check that no silent failure occurred.
====== finagle-chirper (web) [default], iteration 47 completed (8106.155 ms) ======
====== finagle-chirper (web) [default], iteration 48 started ======
Resetting master, feed map size: 5000
GC before operation: completed in 219.718 ms, heap usage 30.168 MB -> 24.989 MB.
WARNING: This benchmark provides no result that can be validated.
There is no way to check that no silent failure occurred.
====== finagle-chirper (web) [default], iteration 48 completed (8324.878 ms) ======
====== finagle-chirper (web) [default], iteration 49 started ======
Resetting master, feed map size: 5000
GC before operation: completed in 225.736 ms, heap usage 46.867 MB -> 24.992 MB.
WARNING: This benchmark provides no result that can be validated.
There is no way to check that no silent failure occurred.
====== finagle-chirper (web) [default], iteration 49 completed (7953.421 ms) ======
====== finagle-chirper (web) [default], iteration 50 started ======
Resetting master, feed map size: 5000
GC before operation: completed in 223.351 ms, heap usage 28.324 MB -> 25.039 MB.
WARNING: This benchmark provides no result that can be validated.
There is no way to check that no silent failure occurred.
====== finagle-chirper (web) [default], iteration 50 completed (8253.106 ms) ======
====== finagle-chirper (web) [default], iteration 51 started ======
Resetting master, feed map size: 5000
GC before operation: completed in 219.989 ms, heap usage 68.701 MB -> 24.991 MB.
WARNING: This benchmark provides no result that can be validated.
There is no way to check that no silent failure occurred.
====== finagle-chirper (web) [default], iteration 51 completed (8195.261 ms) ======
====== finagle-chirper (web) [default], iteration 52 started ======
Resetting master, feed map size: 5000
GC before operation: completed in 224.268 ms, heap usage 126.909 MB -> 24.993 MB.
WARNING: This benchmark provides no result that can be validated.
There is no way to check that no silent failure occurred.
====== finagle-chirper (web) [default], iteration 52 completed (8359.835 ms) ======
====== finagle-chirper (web) [default], iteration 53 started ======
Resetting master, feed map size: 5000
GC before operation: completed in 223.118 ms, heap usage 85.102 MB -> 24.991 MB.
WARNING: This benchmark provides no result that can be validated.
There is no way to check that no silent failure occurred.
====== finagle-chirper (web) [default], iteration 53 completed (7936.098 ms) ======
====== finagle-chirper (web) [default], iteration 54 started ======
Resetting master, feed map size: 5000
GC before operation: completed in 220.142 ms, heap usage 50.703 MB -> 24.993 MB.
WARNING: This benchmark provides no result that can be validated.
There is no way to check that no silent failure occurred.
====== finagle-chirper (web) [default], iteration 54 completed (7977.984 ms) ======
====== finagle-chirper (web) [default], iteration 55 started ======
Resetting master, feed map size: 5000
GC before operation: completed in 231.207 ms, heap usage 118.249 MB -> 25.000 MB.
WARNING: This benchmark provides no result that can be validated.
There is no way to check that no silent failure occurred.
====== finagle-chirper (web) [default], iteration 55 completed (8138.174 ms) ======
====== finagle-chirper (web) [default], iteration 56 started ======
Resetting master, feed map size: 5000
GC before operation: completed in 224.179 ms, heap usage 110.818 MB -> 24.999 MB.
WARNING: This benchmark provides no result that can be validated.
There is no way to check that no silent failure occurred.
====== finagle-chirper (web) [default], iteration 56 completed (7646.454 ms) ======
====== finagle-chirper (web) [default], iteration 57 started ======
Resetting master, feed map size: 5000
GC before operation: completed in 222.777 ms, heap usage 96.617 MB -> 25.001 MB.
WARNING: This benchmark provides no result that can be validated.
There is no way to check that no silent failure occurred.
====== finagle-chirper (web) [default], iteration 57 completed (7519.662 ms) ======
====== finagle-chirper (web) [default], iteration 58 started ======
Resetting master, feed map size: 5000
GC before operation: completed in 227.680 ms, heap usage 134.532 MB -> 25.000 MB.
WARNING: This benchmark provides no result that can be validated.
There is no way to check that no silent failure occurred.
====== finagle-chirper (web) [default], iteration 58 completed (7363.068 ms) ======
====== finagle-chirper (web) [default], iteration 59 started ======
Resetting master, feed map size: 5000
GC before operation: completed in 230.570 ms, heap usage 55.916 MB -> 25.001 MB.
WARNING: This benchmark provides no result that can be validated.
There is no way to check that no silent failure occurred.
====== finagle-chirper (web) [default], iteration 59 completed (7416.397 ms) ======
====== finagle-chirper (web) [default], iteration 60 started ======
Resetting master, feed map size: 5000
GC before operation: completed in 223.758 ms, heap usage 88.423 MB -> 25.001 MB.
WARNING: This benchmark provides no result that can be validated.
There is no way to check that no silent failure occurred.
====== finagle-chirper (web) [default], iteration 60 completed (7959.437 ms) ======
====== finagle-chirper (web) [default], iteration 61 started ======
Resetting master, feed map size: 5000
GC before operation: completed in 219.711 ms, heap usage 29.240 MB -> 25.043 MB.
WARNING: This benchmark provides no result that can be validated.
There is no way to check that no silent failure occurred.
====== finagle-chirper (web) [default], iteration 61 completed (7685.832 ms) ======
====== finagle-chirper (web) [default], iteration 62 started ======
Resetting master, feed map size: 5000
GC before operation: completed in 232.152 ms, heap usage 29.403 MB -> 25.010 MB.
WARNING: This benchmark provides no result that can be validated.
There is no way to check that no silent failure occurred.
====== finagle-chirper (web) [default], iteration 62 completed (7590.488 ms) ======
====== finagle-chirper (web) [default], iteration 63 started ======
Resetting master, feed map size: 5000
GC before operation: completed in 230.110 ms, heap usage 44.156 MB -> 25.001 MB.
WARNING: This benchmark provides no result that can be validated.
There is no way to check that no silent failure occurred.
====== finagle-chirper (web) [default], iteration 63 completed (7367.296 ms) ======
====== finagle-chirper (web) [default], iteration 64 started ======
Resetting master, feed map size: 5000
GC before operation: completed in 235.333 ms, heap usage 125.008 MB -> 25.001 MB.
WARNING: This benchmark provides no result that can be validated.
There is no way to check that no silent failure occurred.
====== finagle-chirper (web) [default], iteration 64 completed (7499.703 ms) ======
====== finagle-chirper (web) [default], iteration 65 started ======
Resetting master, feed map size: 5000
GC before operation: completed in 227.466 ms, heap usage 96.755 MB -> 25.006 MB.
WARNING: This benchmark provides no result that can be validated.
There is no way to check that no silent failure occurred.
====== finagle-chirper (web) [default], iteration 65 completed (7625.158 ms) ======
====== finagle-chirper (web) [default], iteration 66 started ======
Resetting master, feed map size: 5000
GC before operation: completed in 236.644 ms, heap usage 87.236 MB -> 25.006 MB.
WARNING: This benchmark provides no result that can be validated.
There is no way to check that no silent failure occurred.
====== finagle-chirper (web) [default], iteration 66 completed (7455.366 ms) ======
====== finagle-chirper (web) [default], iteration 67 started ======
Resetting master, feed map size: 5000
GC before operation: completed in 228.967 ms, heap usage 34.323 MB -> 25.009 MB.
WARNING: This benchmark provides no result that can be validated.
There is no way to check that no silent failure occurred.
====== finagle-chirper (web) [default], iteration 67 completed (7425.949 ms) ======
====== finagle-chirper (web) [default], iteration 68 started ======
Resetting master, feed map size: 5000
GC before operation: completed in 236.972 ms, heap usage 82.570 MB -> 25.012 MB.
WARNING: This benchmark provides no result that can be validated.
There is no way to check that no silent failure occurred.
====== finagle-chirper (web) [default], iteration 68 completed (7414.856 ms) ======
====== finagle-chirper (web) [default], iteration 69 started ======
Resetting master, feed map size: 5000
GC before operation: completed in 237.251 ms, heap usage 140.644 MB -> 25.012 MB.
WARNING: This benchmark provides no result that can be validated.
There is no way to check that no silent failure occurred.
====== finagle-chirper (web) [default], iteration 69 completed (7653.974 ms) ======
====== finagle-chirper (web) [default], iteration 70 started ======
Resetting master, feed map size: 5000
GC before operation: completed in 231.591 ms, heap usage 58.849 MB -> 25.012 MB.
WARNING: This benchmark provides no result that can be validated.
There is no way to check that no silent failure occurred.
====== finagle-chirper (web) [default], iteration 70 completed (7864.514 ms) ======
====== finagle-chirper (web) [default], iteration 71 started ======
Resetting master, feed map size: 5000
GC before operation: completed in 227.731 ms, heap usage 121.053 MB -> 25.013 MB.
WARNING: This benchmark provides no result that can be validated.
There is no way to check that no silent failure occurred.
====== finagle-chirper (web) [default], iteration 71 completed (7537.492 ms) ======
====== finagle-chirper (web) [default], iteration 72 started ======
Resetting master, feed map size: 5000
GC before operation: completed in 227.645 ms, heap usage 41.711 MB -> 25.017 MB.
WARNING: This benchmark provides no result that can be validated.
There is no way to check that no silent failure occurred.
====== finagle-chirper (web) [default], iteration 72 completed (7371.242 ms) ======
====== finagle-chirper (web) [default], iteration 73 started ======
Resetting master, feed map size: 5000
GC before operation: completed in 228.066 ms, heap usage 36.188 MB -> 25.050 MB.
WARNING: This benchmark provides no result that can be validated.
There is no way to check that no silent failure occurred.
====== finagle-chirper (web) [default], iteration 73 completed (7626.410 ms) ======
====== finagle-chirper (web) [default], iteration 74 started ======
Resetting master, feed map size: 5000
GC before operation: completed in 237.692 ms, heap usage 123.491 MB -> 25.021 MB.
WARNING: This benchmark provides no result that can be validated.
There is no way to check that no silent failure occurred.
====== finagle-chirper (web) [default], iteration 74 completed (7356.705 ms) ======
====== finagle-chirper (web) [default], iteration 75 started ======
Resetting master, feed map size: 5000
GC before operation: completed in 234.147 ms, heap usage 85.296 MB -> 25.023 MB.
WARNING: This benchmark provides no result that can be validated.
There is no way to check that no silent failure occurred.
====== finagle-chirper (web) [default], iteration 75 completed (7203.876 ms) ======
====== finagle-chirper (web) [default], iteration 76 started ======
Resetting master, feed map size: 5000
GC before operation: completed in 232.614 ms, heap usage 73.576 MB -> 25.021 MB.
WARNING: This benchmark provides no result that can be validated.
There is no way to check that no silent failure occurred.
====== finagle-chirper (web) [default], iteration 76 completed (7507.237 ms) ======
====== finagle-chirper (web) [default], iteration 77 started ======
Resetting master, feed map size: 5000
GC before operation: completed in 232.177 ms, heap usage 65.035 MB -> 25.028 MB.
WARNING: This benchmark provides no result that can be validated.
There is no way to check that no silent failure occurred.
====== finagle-chirper (web) [default], iteration 77 completed (7266.354 ms) ======
====== finagle-chirper (web) [default], iteration 78 started ======
Resetting master, feed map size: 5000
GC before operation: completed in 257.765 ms, heap usage 98.404 MB -> 24.825 MB.
WARNING: This benchmark provides no result that can be validated.
There is no way to check that no silent failure occurred.
====== finagle-chirper (web) [default], iteration 78 completed (7288.046 ms) ======
====== finagle-chirper (web) [default], iteration 79 started ======
Resetting master, feed map size: 5000
GC before operation: completed in 254.001 ms, heap usage 96.766 MB -> 24.559 MB.
WARNING: This benchmark provides no result that can be validated.
There is no way to check that no silent failure occurred.
====== finagle-chirper (web) [default], iteration 79 completed (7269.216 ms) ======
====== finagle-chirper (web) [default], iteration 80 started ======
Resetting master, feed map size: 5000
GC before operation: completed in 231.612 ms, heap usage 95.700 MB -> 24.562 MB.
WARNING: This benchmark provides no result that can be validated.
There is no way to check that no silent failure occurred.
====== finagle-chirper (web) [default], iteration 80 completed (7268.755 ms) ======
====== finagle-chirper (web) [default], iteration 81 started ======
Resetting master, feed map size: 5000
GC before operation: completed in 229.111 ms, heap usage 97.118 MB -> 24.565 MB.
WARNING: This benchmark provides no result that can be validated.
There is no way to check that no silent failure occurred.
====== finagle-chirper (web) [default], iteration 81 completed (7636.646 ms) ======
====== finagle-chirper (web) [default], iteration 82 started ======
Resetting master, feed map size: 5000
GC before operation: completed in 238.506 ms, heap usage 93.850 MB -> 24.560 MB.
WARNING: This benchmark provides no result that can be validated.
There is no way to check that no silent failure occurred.
====== finagle-chirper (web) [default], iteration 82 completed (7437.813 ms) ======
====== finagle-chirper (web) [default], iteration 83 started ======
Resetting master, feed map size: 5000
GC before operation: completed in 226.156 ms, heap usage 50.417 MB -> 24.563 MB.
WARNING: This benchmark provides no result that can be validated.
There is no way to check that no silent failure occurred.
====== finagle-chirper (web) [default], iteration 83 completed (7937.139 ms) ======
====== finagle-chirper (web) [default], iteration 84 started ======
Resetting master, feed map size: 5000
GC before operation: completed in 226.199 ms, heap usage 88.581 MB -> 24.563 MB.
WARNING: This benchmark provides no result that can be validated.
There is no way to check that no silent failure occurred.
====== finagle-chirper (web) [default], iteration 84 completed (7271.434 ms) ======
====== finagle-chirper (web) [default], iteration 85 started ======
Resetting master, feed map size: 5000
GC before operation: completed in 224.777 ms, heap usage 48.671 MB -> 24.559 MB.
WARNING: This benchmark provides no result that can be validated.
There is no way to check that no silent failure occurred.
====== finagle-chirper (web) [default], iteration 85 completed (7383.858 ms) ======
====== finagle-chirper (web) [default], iteration 86 started ======
Resetting master, feed map size: 5000
GC before operation: completed in 227.494 ms, heap usage 120.859 MB -> 24.562 MB.
WARNING: This benchmark provides no result that can be validated.
There is no way to check that no silent failure occurred.
====== finagle-chirper (web) [default], iteration 86 completed (7216.312 ms) ======
====== finagle-chirper (web) [default], iteration 87 started ======
Resetting master, feed map size: 5000
GC before operation: completed in 229.239 ms, heap usage 59.712 MB -> 24.566 MB.
WARNING: This benchmark provides no result that can be validated.
There is no way to check that no silent failure occurred.
====== finagle-chirper (web) [default], iteration 87 completed (7367.057 ms) ======
====== finagle-chirper (web) [default], iteration 88 started ======
Resetting master, feed map size: 5000
GC before operation: completed in 221.961 ms, heap usage 57.741 MB -> 24.565 MB.
WARNING: This benchmark provides no result that can be validated.
There is no way to check that no silent failure occurred.
====== finagle-chirper (web) [default], iteration 88 completed (7557.477 ms) ======
====== finagle-chirper (web) [default], iteration 89 started ======
Resetting master, feed map size: 5000
GC before operation: completed in 217.700 ms, heap usage 58.096 MB -> 24.568 MB.
WARNING: This benchmark provides no result that can be validated.
There is no way to check that no silent failure occurred.
====== finagle-chirper (web) [default], iteration 89 completed (7457.473 ms) ======
====== finagle-chirper (web) [default], iteration 90 started ======
Resetting master, feed map size: 5000
GC before operation: completed in 230.828 ms, heap usage 104.466 MB -> 24.573 MB.
WARNING: This benchmark provides no result that can be validated.
There is no way to check that no silent failure occurred.
====== finagle-chirper (web) [default], iteration 90 completed (7495.733 ms) ======
====== finagle-chirper (web) [default], iteration 91 started ======
Resetting master, feed map size: 5000
GC before operation: completed in 236.997 ms, heap usage 126.789 MB -> 24.568 MB.
WARNING: This benchmark provides no result that can be validated.
There is no way to check that no silent failure occurred.
====== finagle-chirper (web) [default], iteration 91 completed (7336.242 ms) ======
====== finagle-chirper (web) [default], iteration 92 started ======
Resetting master, feed map size: 5000
GC before operation: completed in 230.178 ms, heap usage 75.510 MB -> 24.570 MB.
WARNING: This benchmark provides no result that can be validated.
There is no way to check that no silent failure occurred.
====== finagle-chirper (web) [default], iteration 92 completed (7249.365 ms) ======
====== finagle-chirper (web) [default], iteration 93 started ======
Resetting master, feed map size: 5000
GC before operation: completed in 233.014 ms, heap usage 115.757 MB -> 24.617 MB.
WARNING: This benchmark provides no result that can be validated.
There is no way to check that no silent failure occurred.
====== finagle-chirper (web) [default], iteration 93 completed (8149.405 ms) ======
====== finagle-chirper (web) [default], iteration 94 started ======
Resetting master, feed map size: 5000
GC before operation: completed in 228.670 ms, heap usage 125.351 MB -> 24.566 MB.
WARNING: This benchmark provides no result that can be validated.
There is no way to check that no silent failure occurred.
====== finagle-chirper (web) [default], iteration 94 completed (7508.267 ms) ======
====== finagle-chirper (web) [default], iteration 95 started ======
Resetting master, feed map size: 5000
GC before operation: completed in 227.448 ms, heap usage 46.208 MB -> 24.614 MB.
WARNING: This benchmark provides no result that can be validated.
There is no way to check that no silent failure occurred.
====== finagle-chirper (web) [default], iteration 95 completed (7421.401 ms) ======
====== finagle-chirper (web) [default], iteration 96 started ======
Resetting master, feed map size: 5000
GC before operation: completed in 240.707 ms, heap usage 168.057 MB -> 24.522 MB.
WARNING: This benchmark provides no result that can be validated.
There is no way to check that no silent failure occurred.
====== finagle-chirper (web) [default], iteration 96 completed (7529.393 ms) ======
====== finagle-chirper (web) [default], iteration 97 started ======
Resetting master, feed map size: 5000
GC before operation: completed in 223.730 ms, heap usage 116.485 MB -> 24.518 MB.
WARNING: This benchmark provides no result that can be validated.
There is no way to check that no silent failure occurred.
====== finagle-chirper (web) [default], iteration 97 completed (7539.312 ms) ======
====== finagle-chirper (web) [default], iteration 98 started ======
Resetting master, feed map size: 5000
GC before operation: completed in 227.961 ms, heap usage 128.026 MB -> 24.524 MB.
WARNING: This benchmark provides no result that can be validated.
There is no way to check that no silent failure occurred.
====== finagle-chirper (web) [default], iteration 98 completed (8238.743 ms) ======
====== finagle-chirper (web) [default], iteration 99 started ======
Resetting master, feed map size: 5000
GC before operation: completed in 227.911 ms, heap usage 37.155 MB -> 24.515 MB.
WARNING: This benchmark provides no result that can be validated.
There is no way to check that no silent failure occurred.
====== finagle-chirper (web) [default], iteration 99 completed (7402.644 ms) ======
