finagle-http on :39163 spawning 4 client and default number of server workers.
====== finagle-http (web) [default], iteration 0 started ======
GC before operation: completed in 1.745 ms, heap usage 15.854 MB -> 15.908 MB.
====== finagle-http (web) [default], iteration 0 completed (47242.030 ms) ======
====== finagle-http (web) [default], iteration 1 started ======
GC before operation: completed in 168.438 ms, heap usage 19.181 MB -> 13.446 MB.
====== finagle-http (web) [default], iteration 1 completed (25730.719 ms) ======
====== finagle-http (web) [default], iteration 2 started ======
GC before operation: completed in 123.671 ms, heap usage 75.676 MB -> 13.537 MB.
====== finagle-http (web) [default], iteration 2 completed (16116.814 ms) ======
====== finagle-http (web) [default], iteration 3 started ======
GC before operation: completed in 117.986 ms, heap usage 30.506 MB -> 13.696 MB.
====== finagle-http (web) [default], iteration 3 completed (14394.175 ms) ======
====== finagle-http (web) [default], iteration 4 started ======
GC before operation: completed in 111.220 ms, heap usage 15.456 MB -> 13.646 MB.
====== finagle-http (web) [default], iteration 4 completed (14466.573 ms) ======
====== finagle-http (web) [default], iteration 5 started ======
GC before operation: completed in 99.916 ms, heap usage 68.934 MB -> 13.649 MB.
====== finagle-http (web) [default], iteration 5 completed (14351.450 ms) ======
====== finagle-http (web) [default], iteration 6 started ======
GC before operation: completed in 101.235 ms, heap usage 49.006 MB -> 13.639 MB.
====== finagle-http (web) [default], iteration 6 completed (14561.910 ms) ======
====== finagle-http (web) [default], iteration 7 started ======
GC before operation: completed in 110.231 ms, heap usage 35.716 MB -> 13.659 MB.
====== finagle-http (web) [default], iteration 7 completed (14260.792 ms) ======
====== finagle-http (web) [default], iteration 8 started ======
GC before operation: completed in 106.439 ms, heap usage 69.371 MB -> 13.651 MB.
====== finagle-http (web) [default], iteration 8 completed (14315.903 ms) ======
====== finagle-http (web) [default], iteration 9 started ======
GC before operation: completed in 106.563 ms, heap usage 24.040 MB -> 13.661 MB.
====== finagle-http (web) [default], iteration 9 completed (14738.227 ms) ======
====== finagle-http (web) [default], iteration 10 started ======
GC before operation: completed in 101.719 ms, heap usage 53.851 MB -> 13.674 MB.
====== finagle-http (web) [default], iteration 10 completed (14333.172 ms) ======
====== finagle-http (web) [default], iteration 11 started ======
GC before operation: completed in 109.253 ms, heap usage 63.793 MB -> 13.708 MB.
====== finagle-http (web) [default], iteration 11 completed (14295.576 ms) ======
====== finagle-http (web) [default], iteration 12 started ======
GC before operation: completed in 108.243 ms, heap usage 21.369 MB -> 13.654 MB.
====== finagle-http (web) [default], iteration 12 completed (14264.728 ms) ======
====== finagle-http (web) [default], iteration 13 started ======
GC before operation: completed in 107.222 ms, heap usage 31.916 MB -> 13.669 MB.
====== finagle-http (web) [default], iteration 13 completed (14565.718 ms) ======
====== finagle-http (web) [default], iteration 14 started ======
GC before operation: completed in 96.764 ms, heap usage 23.409 MB -> 13.669 MB.
====== finagle-http (web) [default], iteration 14 completed (14791.217 ms) ======
====== finagle-http (web) [default], iteration 15 started ======
GC before operation: completed in 103.522 ms, heap usage 57.788 MB -> 13.671 MB.
====== finagle-http (web) [default], iteration 15 completed (14525.355 ms) ======
====== finagle-http (web) [default], iteration 16 started ======
GC before operation: completed in 103.294 ms, heap usage 54.267 MB -> 13.669 MB.
====== finagle-http (web) [default], iteration 16 completed (14361.653 ms) ======
====== finagle-http (web) [default], iteration 17 started ======
GC before operation: completed in 98.452 ms, heap usage 20.005 MB -> 13.915 MB.
====== finagle-http (web) [default], iteration 17 completed (14294.606 ms) ======
====== finagle-http (web) [default], iteration 18 started ======
GC before operation: completed in 100.767 ms, heap usage 31.267 MB -> 13.672 MB.
====== finagle-http (web) [default], iteration 18 completed (14222.464 ms) ======
====== finagle-http (web) [default], iteration 19 started ======
GC before operation: completed in 101.994 ms, heap usage 24.561 MB -> 13.671 MB.
====== finagle-http (web) [default], iteration 19 completed (14298.620 ms) ======
====== finagle-http (web) [default], iteration 20 started ======
GC before operation: completed in 101.644 ms, heap usage 22.994 MB -> 13.652 MB.
====== finagle-http (web) [default], iteration 20 completed (14084.459 ms) ======
====== finagle-http (web) [default], iteration 21 started ======
GC before operation: completed in 104.284 ms, heap usage 39.154 MB -> 13.677 MB.
====== finagle-http (web) [default], iteration 21 completed (14139.033 ms) ======
====== finagle-http (web) [default], iteration 22 started ======
GC before operation: completed in 98.913 ms, heap usage 70.197 MB -> 13.654 MB.
====== finagle-http (web) [default], iteration 22 completed (14238.617 ms) ======
====== finagle-http (web) [default], iteration 23 started ======
GC before operation: completed in 104.470 ms, heap usage 32.520 MB -> 13.669 MB.
====== finagle-http (web) [default], iteration 23 completed (14300.002 ms) ======
====== finagle-http (web) [default], iteration 24 started ======
GC before operation: completed in 100.874 ms, heap usage 23.797 MB -> 13.673 MB.
====== finagle-http (web) [default], iteration 24 completed (14247.355 ms) ======
====== finagle-http (web) [default], iteration 25 started ======
GC before operation: completed in 105.687 ms, heap usage 14.203 MB -> 13.673 MB.
====== finagle-http (web) [default], iteration 25 completed (14285.041 ms) ======
====== finagle-http (web) [default], iteration 26 started ======
GC before operation: completed in 103.644 ms, heap usage 30.002 MB -> 13.816 MB.
====== finagle-http (web) [default], iteration 26 completed (14313.156 ms) ======
====== finagle-http (web) [default], iteration 27 started ======
GC before operation: completed in 99.324 ms, heap usage 22.891 MB -> 13.676 MB.
====== finagle-http (web) [default], iteration 27 completed (14167.466 ms) ======
====== finagle-http (web) [default], iteration 28 started ======
GC before operation: completed in 103.686 ms, heap usage 82.011 MB -> 13.690 MB.
====== finagle-http (web) [default], iteration 28 completed (14481.819 ms) ======
====== finagle-http (web) [default], iteration 29 started ======
GC before operation: completed in 107.273 ms, heap usage 23.762 MB -> 13.716 MB.
====== finagle-http (web) [default], iteration 29 completed (14376.021 ms) ======
====== finagle-http (web) [default], iteration 30 started ======
GC before operation: completed in 102.672 ms, heap usage 23.049 MB -> 13.661 MB.
====== finagle-http (web) [default], iteration 30 completed (14343.610 ms) ======
====== finagle-http (web) [default], iteration 31 started ======
GC before operation: completed in 100.889 ms, heap usage 59.150 MB -> 13.675 MB.
====== finagle-http (web) [default], iteration 31 completed (14414.503 ms) ======
====== finagle-http (web) [default], iteration 32 started ======
GC before operation: completed in 108.351 ms, heap usage 53.938 MB -> 13.690 MB.
====== finagle-http (web) [default], iteration 32 completed (14492.625 ms) ======
====== finagle-http (web) [default], iteration 33 started ======
GC before operation: completed in 102.839 ms, heap usage 64.021 MB -> 13.687 MB.
====== finagle-http (web) [default], iteration 33 completed (14482.376 ms) ======
====== finagle-http (web) [default], iteration 34 started ======
GC before operation: completed in 109.716 ms, heap usage 20.595 MB -> 13.843 MB.
====== finagle-http (web) [default], iteration 34 completed (14487.665 ms) ======
====== finagle-http (web) [default], iteration 35 started ======
GC before operation: completed in 104.436 ms, heap usage 58.749 MB -> 13.676 MB.
====== finagle-http (web) [default], iteration 35 completed (14461.407 ms) ======
====== finagle-http (web) [default], iteration 36 started ======
GC before operation: completed in 111.256 ms, heap usage 65.936 MB -> 13.677 MB.
====== finagle-http (web) [default], iteration 36 completed (14537.023 ms) ======
====== finagle-http (web) [default], iteration 37 started ======
GC before operation: completed in 114.553 ms, heap usage 46.526 MB -> 13.692 MB.
====== finagle-http (web) [default], iteration 37 completed (14340.467 ms) ======
====== finagle-http (web) [default], iteration 38 started ======
GC before operation: completed in 109.330 ms, heap usage 68.417 MB -> 13.752 MB.
====== finagle-http (web) [default], iteration 38 completed (14282.607 ms) ======
====== finagle-http (web) [default], iteration 39 started ======
GC before operation: completed in 108.120 ms, heap usage 67.736 MB -> 13.737 MB.
====== finagle-http (web) [default], iteration 39 completed (14101.257 ms) ======
====== finagle-http (web) [default], iteration 40 started ======
GC before operation: completed in 111.195 ms, heap usage 19.967 MB -> 13.695 MB.
====== finagle-http (web) [default], iteration 40 completed (14085.996 ms) ======
====== finagle-http (web) [default], iteration 41 started ======
GC before operation: completed in 106.705 ms, heap usage 79.480 MB -> 13.696 MB.
====== finagle-http (web) [default], iteration 41 completed (14271.347 ms) ======
====== finagle-http (web) [default], iteration 42 started ======
GC before operation: completed in 112.701 ms, heap usage 48.117 MB -> 13.701 MB.
====== finagle-http (web) [default], iteration 42 completed (14336.302 ms) ======
====== finagle-http (web) [default], iteration 43 started ======
GC before operation: completed in 118.132 ms, heap usage 71.421 MB -> 13.699 MB.
====== finagle-http (web) [default], iteration 43 completed (14260.510 ms) ======
====== finagle-http (web) [default], iteration 44 started ======
GC before operation: completed in 112.716 ms, heap usage 23.115 MB -> 13.696 MB.
====== finagle-http (web) [default], iteration 44 completed (14283.269 ms) ======
====== finagle-http (web) [default], iteration 45 started ======
GC before operation: completed in 105.725 ms, heap usage 58.481 MB -> 13.733 MB.
====== finagle-http (web) [default], iteration 45 completed (14197.241 ms) ======
====== finagle-http (web) [default], iteration 46 started ======
GC before operation: completed in 115.098 ms, heap usage 32.466 MB -> 13.695 MB.
====== finagle-http (web) [default], iteration 46 completed (14023.966 ms) ======
====== finagle-http (web) [default], iteration 47 started ======
GC before operation: completed in 113.840 ms, heap usage 67.789 MB -> 13.677 MB.
====== finagle-http (web) [default], iteration 47 completed (14014.557 ms) ======
====== finagle-http (web) [default], iteration 48 started ======
GC before operation: completed in 107.962 ms, heap usage 42.297 MB -> 13.670 MB.
====== finagle-http (web) [default], iteration 48 completed (13748.189 ms) ======
====== finagle-http (web) [default], iteration 49 started ======
GC before operation: completed in 110.071 ms, heap usage 22.868 MB -> 13.759 MB.
====== finagle-http (web) [default], iteration 49 completed (13534.485 ms) ======
====== finagle-http (web) [default], iteration 50 started ======
GC before operation: completed in 112.363 ms, heap usage 70.823 MB -> 13.695 MB.
====== finagle-http (web) [default], iteration 50 completed (13792.469 ms) ======
====== finagle-http (web) [default], iteration 51 started ======
GC before operation: completed in 111.887 ms, heap usage 30.208 MB -> 13.748 MB.
====== finagle-http (web) [default], iteration 51 completed (13531.180 ms) ======
====== finagle-http (web) [default], iteration 52 started ======
GC before operation: completed in 107.783 ms, heap usage 22.879 MB -> 13.671 MB.
====== finagle-http (web) [default], iteration 52 completed (14179.781 ms) ======
====== finagle-http (web) [default], iteration 53 started ======
GC before operation: completed in 112.588 ms, heap usage 29.830 MB -> 13.700 MB.
====== finagle-http (web) [default], iteration 53 completed (14250.165 ms) ======
====== finagle-http (web) [default], iteration 54 started ======
GC before operation: completed in 112.907 ms, heap usage 23.166 MB -> 13.700 MB.
====== finagle-http (web) [default], iteration 54 completed (14035.466 ms) ======
====== finagle-http (web) [default], iteration 55 started ======
GC before operation: completed in 114.984 ms, heap usage 58.133 MB -> 13.734 MB.
====== finagle-http (web) [default], iteration 55 completed (14277.917 ms) ======
====== finagle-http (web) [default], iteration 56 started ======
GC before operation: completed in 108.864 ms, heap usage 67.215 MB -> 13.645 MB.
====== finagle-http (web) [default], iteration 56 completed (14180.418 ms) ======
====== finagle-http (web) [default], iteration 57 started ======
GC before operation: completed in 120.298 ms, heap usage 68.147 MB -> 13.689 MB.
====== finagle-http (web) [default], iteration 57 completed (14224.671 ms) ======
====== finagle-http (web) [default], iteration 58 started ======
GC before operation: completed in 107.035 ms, heap usage 44.411 MB -> 13.688 MB.
====== finagle-http (web) [default], iteration 58 completed (14231.372 ms) ======
====== finagle-http (web) [default], iteration 59 started ======
GC before operation: completed in 115.940 ms, heap usage 39.722 MB -> 13.692 MB.
====== finagle-http (web) [default], iteration 59 completed (14160.731 ms) ======
====== finagle-http (web) [default], iteration 60 started ======
GC before operation: completed in 112.219 ms, heap usage 44.468 MB -> 13.694 MB.
====== finagle-http (web) [default], iteration 60 completed (14062.376 ms) ======
====== finagle-http (web) [default], iteration 61 started ======
GC before operation: completed in 111.691 ms, heap usage 34.246 MB -> 13.738 MB.
====== finagle-http (web) [default], iteration 61 completed (14309.229 ms) ======
====== finagle-http (web) [default], iteration 62 started ======
GC before operation: completed in 111.884 ms, heap usage 24.389 MB -> 13.686 MB.
====== finagle-http (web) [default], iteration 62 completed (14305.867 ms) ======
====== finagle-http (web) [default], iteration 63 started ======
GC before operation: completed in 105.337 ms, heap usage 14.184 MB -> 13.685 MB.
====== finagle-http (web) [default], iteration 63 completed (14299.762 ms) ======
====== finagle-http (web) [default], iteration 64 started ======
GC before operation: completed in 115.702 ms, heap usage 89.353 MB -> 13.668 MB.
====== finagle-http (web) [default], iteration 64 completed (14320.553 ms) ======
====== finagle-http (web) [default], iteration 65 started ======
GC before operation: completed in 130.347 ms, heap usage 47.464 MB -> 13.702 MB.
====== finagle-http (web) [default], iteration 65 completed (14228.888 ms) ======
====== finagle-http (web) [default], iteration 66 started ======
GC before operation: completed in 115.128 ms, heap usage 47.343 MB -> 13.688 MB.
====== finagle-http (web) [default], iteration 66 completed (14293.909 ms) ======
====== finagle-http (web) [default], iteration 67 started ======
GC before operation: completed in 116.963 ms, heap usage 50.405 MB -> 13.704 MB.
====== finagle-http (web) [default], iteration 67 completed (14227.345 ms) ======
====== finagle-http (web) [default], iteration 68 started ======
GC before operation: completed in 113.615 ms, heap usage 72.569 MB -> 13.697 MB.
====== finagle-http (web) [default], iteration 68 completed (14181.941 ms) ======
====== finagle-http (web) [default], iteration 69 started ======
GC before operation: completed in 111.387 ms, heap usage 56.388 MB -> 13.705 MB.
====== finagle-http (web) [default], iteration 69 completed (14179.163 ms) ======
====== finagle-http (web) [default], iteration 70 started ======
GC before operation: completed in 114.807 ms, heap usage 50.035 MB -> 13.707 MB.
====== finagle-http (web) [default], iteration 70 completed (14399.512 ms) ======
====== finagle-http (web) [default], iteration 71 started ======
GC before operation: completed in 126.347 ms, heap usage 17.814 MB -> 13.694 MB.
====== finagle-http (web) [default], iteration 71 completed (14395.172 ms) ======
====== finagle-http (web) [default], iteration 72 started ======
GC before operation: completed in 110.202 ms, heap usage 28.897 MB -> 13.698 MB.
====== finagle-http (web) [default], iteration 72 completed (14304.295 ms) ======
====== finagle-http (web) [default], iteration 73 started ======
GC before operation: completed in 114.540 ms, heap usage 14.127 MB -> 13.709 MB.
====== finagle-http (web) [default], iteration 73 completed (14250.813 ms) ======
====== finagle-http (web) [default], iteration 74 started ======
GC before operation: completed in 114.420 ms, heap usage 38.026 MB -> 13.705 MB.
====== finagle-http (web) [default], iteration 74 completed (15049.693 ms) ======
====== finagle-http (web) [default], iteration 75 started ======
GC before operation: completed in 108.823 ms, heap usage 24.279 MB -> 13.646 MB.
====== finagle-http (web) [default], iteration 75 completed (14428.642 ms) ======
====== finagle-http (web) [default], iteration 76 started ======
GC before operation: completed in 114.384 ms, heap usage 76.382 MB -> 13.676 MB.
====== finagle-http (web) [default], iteration 76 completed (14419.316 ms) ======
====== finagle-http (web) [default], iteration 77 started ======
GC before operation: completed in 118.361 ms, heap usage 88.676 MB -> 13.701 MB.
====== finagle-http (web) [default], iteration 77 completed (14343.347 ms) ======
====== finagle-http (web) [default], iteration 78 started ======
GC before operation: completed in 122.322 ms, heap usage 46.383 MB -> 13.708 MB.
====== finagle-http (web) [default], iteration 78 completed (14457.625 ms) ======
====== finagle-http (web) [default], iteration 79 started ======
GC before operation: completed in 119.375 ms, heap usage 75.817 MB -> 13.704 MB.
====== finagle-http (web) [default], iteration 79 completed (14479.112 ms) ======
====== finagle-http (web) [default], iteration 80 started ======
GC before operation: completed in 113.571 ms, heap usage 17.269 MB -> 13.705 MB.
====== finagle-http (web) [default], iteration 80 completed (14436.298 ms) ======
====== finagle-http (web) [default], iteration 81 started ======
GC before operation: completed in 116.596 ms, heap usage 56.169 MB -> 13.734 MB.
====== finagle-http (web) [default], iteration 81 completed (14400.988 ms) ======
====== finagle-http (web) [default], iteration 82 started ======
GC before operation: completed in 116.266 ms, heap usage 71.585 MB -> 13.711 MB.
====== finagle-http (web) [default], iteration 82 completed (14428.567 ms) ======
====== finagle-http (web) [default], iteration 83 started ======
GC before operation: completed in 114.511 ms, heap usage 40.488 MB -> 13.705 MB.
====== finagle-http (web) [default], iteration 83 completed (14441.302 ms) ======
====== finagle-http (web) [default], iteration 84 started ======
GC before operation: completed in 110.812 ms, heap usage 23.570 MB -> 13.702 MB.
====== finagle-http (web) [default], iteration 84 completed (14459.660 ms) ======
====== finagle-http (web) [default], iteration 85 started ======
GC before operation: completed in 117.309 ms, heap usage 75.686 MB -> 13.702 MB.
====== finagle-http (web) [default], iteration 85 completed (14340.965 ms) ======
====== finagle-http (web) [default], iteration 86 started ======
GC before operation: completed in 114.271 ms, heap usage 54.935 MB -> 13.699 MB.
====== finagle-http (web) [default], iteration 86 completed (14435.978 ms) ======
====== finagle-http (web) [default], iteration 87 started ======
GC before operation: completed in 121.749 ms, heap usage 44.809 MB -> 13.672 MB.
====== finagle-http (web) [default], iteration 87 completed (14358.643 ms) ======
====== finagle-http (web) [default], iteration 88 started ======
GC before operation: completed in 115.140 ms, heap usage 50.063 MB -> 13.679 MB.
====== finagle-http (web) [default], iteration 88 completed (14313.139 ms) ======
====== finagle-http (web) [default], iteration 89 started ======
GC before operation: completed in 117.975 ms, heap usage 77.063 MB -> 13.713 MB.
====== finagle-http (web) [default], iteration 89 completed (14378.387 ms) ======
====== finagle-http (web) [default], iteration 90 started ======
GC before operation: completed in 115.417 ms, heap usage 55.921 MB -> 13.714 MB.
====== finagle-http (web) [default], iteration 90 completed (14488.100 ms) ======
====== finagle-http (web) [default], iteration 91 started ======
GC before operation: completed in 115.804 ms, heap usage 19.956 MB -> 13.707 MB.
====== finagle-http (web) [default], iteration 91 completed (14378.325 ms) ======
====== finagle-http (web) [default], iteration 92 started ======
GC before operation: completed in 116.154 ms, heap usage 17.932 MB -> 13.719 MB.
====== finagle-http (web) [default], iteration 92 completed (14490.617 ms) ======
====== finagle-http (web) [default], iteration 93 started ======
GC before operation: completed in 113.623 ms, heap usage 50.029 MB -> 13.710 MB.
====== finagle-http (web) [default], iteration 93 completed (14404.403 ms) ======
====== finagle-http (web) [default], iteration 94 started ======
GC before operation: completed in 119.733 ms, heap usage 73.013 MB -> 13.716 MB.
====== finagle-http (web) [default], iteration 94 completed (14463.263 ms) ======
====== finagle-http (web) [default], iteration 95 started ======
GC before operation: completed in 113.138 ms, heap usage 38.448 MB -> 13.747 MB.
====== finagle-http (web) [default], iteration 95 completed (14489.617 ms) ======
====== finagle-http (web) [default], iteration 96 started ======
GC before operation: completed in 113.999 ms, heap usage 14.167 MB -> 13.701 MB.
====== finagle-http (web) [default], iteration 96 completed (14487.446 ms) ======
====== finagle-http (web) [default], iteration 97 started ======
GC before operation: completed in 126.824 ms, heap usage 88.558 MB -> 13.711 MB.
====== finagle-http (web) [default], iteration 97 completed (14504.367 ms) ======
====== finagle-http (web) [default], iteration 98 started ======
GC before operation: completed in 117.622 ms, heap usage 31.456 MB -> 13.762 MB.
====== finagle-http (web) [default], iteration 98 completed (14340.505 ms) ======
====== finagle-http (web) [default], iteration 99 started ======
GC before operation: completed in 111.864 ms, heap usage 22.979 MB -> 13.719 MB.
====== finagle-http (web) [default], iteration 99 completed (14393.090 ms) ======
Master port: 41233
Cache ports: 33703, 41449, 44073, 38999
====== finagle-chirper (web) [default], iteration 0 started ======
Resetting master, feed map size: 5000
GC before operation: completed in 207.683 ms, heap usage 75.212 MB -> 21.273 MB.
WARNING: This benchmark provides no result that can be validated.
There is no way to check that no silent failure occurred.
====== finagle-chirper (web) [default], iteration 0 completed (42676.032 ms) ======
====== finagle-chirper (web) [default], iteration 1 started ======
Resetting master, feed map size: 5000
GC before operation: completed in 298.956 ms, heap usage 88.286 MB -> 24.022 MB.
WARNING: This benchmark provides no result that can be validated.
There is no way to check that no silent failure occurred.
====== finagle-chirper (web) [default], iteration 1 completed (16617.348 ms) ======
====== finagle-chirper (web) [default], iteration 2 started ======
Resetting master, feed map size: 5000
GC before operation: completed in 201.750 ms, heap usage 81.242 MB -> 24.150 MB.
WARNING: This benchmark provides no result that can be validated.
There is no way to check that no silent failure occurred.
====== finagle-chirper (web) [default], iteration 2 completed (13732.896 ms) ======
====== finagle-chirper (web) [default], iteration 3 started ======
Resetting master, feed map size: 5000
GC before operation: completed in 174.661 ms, heap usage 52.809 MB -> 24.167 MB.
WARNING: This benchmark provides no result that can be validated.
There is no way to check that no silent failure occurred.
====== finagle-chirper (web) [default], iteration 3 completed (13129.592 ms) ======
====== finagle-chirper (web) [default], iteration 4 started ======
Resetting master, feed map size: 5000
GC before operation: completed in 182.152 ms, heap usage 58.784 MB -> 24.182 MB.
WARNING: This benchmark provides no result that can be validated.
There is no way to check that no silent failure occurred.
====== finagle-chirper (web) [default], iteration 4 completed (12892.349 ms) ======
====== finagle-chirper (web) [default], iteration 5 started ======
Resetting master, feed map size: 5000
GC before operation: completed in 191.066 ms, heap usage 134.201 MB -> 24.189 MB.
WARNING: This benchmark provides no result that can be validated.
There is no way to check that no silent failure occurred.
====== finagle-chirper (web) [default], iteration 5 completed (12376.457 ms) ======
====== finagle-chirper (web) [default], iteration 6 started ======
Resetting master, feed map size: 5000
GC before operation: completed in 175.756 ms, heap usage 99.713 MB -> 24.195 MB.
WARNING: This benchmark provides no result that can be validated.
There is no way to check that no silent failure occurred.
====== finagle-chirper (web) [default], iteration 6 completed (12696.212 ms) ======
====== finagle-chirper (web) [default], iteration 7 started ======
Resetting master, feed map size: 5000
GC before operation: completed in 192.012 ms, heap usage 128.814 MB -> 24.199 MB.
WARNING: This benchmark provides no result that can be validated.
There is no way to check that no silent failure occurred.
====== finagle-chirper (web) [default], iteration 7 completed (11949.042 ms) ======
====== finagle-chirper (web) [default], iteration 8 started ======
Resetting master, feed map size: 5000
GC before operation: completed in 185.496 ms, heap usage 95.805 MB -> 24.203 MB.
WARNING: This benchmark provides no result that can be validated.
There is no way to check that no silent failure occurred.
====== finagle-chirper (web) [default], iteration 8 completed (12394.240 ms) ======
====== finagle-chirper (web) [default], iteration 9 started ======
Resetting master, feed map size: 5000
GC before operation: completed in 179.607 ms, heap usage 55.235 MB -> 24.207 MB.
WARNING: This benchmark provides no result that can be validated.
There is no way to check that no silent failure occurred.
====== finagle-chirper (web) [default], iteration 9 completed (12021.882 ms) ======
====== finagle-chirper (web) [default], iteration 10 started ======
Resetting master, feed map size: 5000
GC before operation: completed in 186.625 ms, heap usage 122.248 MB -> 24.211 MB.
WARNING: This benchmark provides no result that can be validated.
There is no way to check that no silent failure occurred.
====== finagle-chirper (web) [default], iteration 10 completed (11893.747 ms) ======
====== finagle-chirper (web) [default], iteration 11 started ======
Resetting master, feed map size: 5000
GC before operation: completed in 185.345 ms, heap usage 118.635 MB -> 24.215 MB.
WARNING: This benchmark provides no result that can be validated.
There is no way to check that no silent failure occurred.
====== finagle-chirper (web) [default], iteration 11 completed (11855.748 ms) ======
====== finagle-chirper (web) [default], iteration 12 started ======
Resetting master, feed map size: 5000
GC before operation: completed in 185.911 ms, heap usage 31.081 MB -> 24.218 MB.
WARNING: This benchmark provides no result that can be validated.
There is no way to check that no silent failure occurred.
====== finagle-chirper (web) [default], iteration 12 completed (12083.990 ms) ======
====== finagle-chirper (web) [default], iteration 13 started ======
Resetting master, feed map size: 5000
GC before operation: completed in 195.013 ms, heap usage 116.537 MB -> 24.221 MB.
WARNING: This benchmark provides no result that can be validated.
There is no way to check that no silent failure occurred.
====== finagle-chirper (web) [default], iteration 13 completed (11781.336 ms) ======
====== finagle-chirper (web) [default], iteration 14 started ======
Resetting master, feed map size: 5000
GC before operation: completed in 194.840 ms, heap usage 135.441 MB -> 24.226 MB.
WARNING: This benchmark provides no result that can be validated.
There is no way to check that no silent failure occurred.
====== finagle-chirper (web) [default], iteration 14 completed (11476.761 ms) ======
====== finagle-chirper (web) [default], iteration 15 started ======
Resetting master, feed map size: 5000
GC before operation: completed in 201.785 ms, heap usage 61.773 MB -> 24.226 MB.
WARNING: This benchmark provides no result that can be validated.
There is no way to check that no silent failure occurred.
====== finagle-chirper (web) [default], iteration 15 completed (11498.912 ms) ======
====== finagle-chirper (web) [default], iteration 16 started ======
Resetting master, feed map size: 5000
GC before operation: completed in 194.268 ms, heap usage 104.118 MB -> 24.231 MB.
WARNING: This benchmark provides no result that can be validated.
There is no way to check that no silent failure occurred.
====== finagle-chirper (web) [default], iteration 16 completed (11382.241 ms) ======
====== finagle-chirper (web) [default], iteration 17 started ======
Resetting master, feed map size: 5000
GC before operation: completed in 193.104 ms, heap usage 32.007 MB -> 24.236 MB.
WARNING: This benchmark provides no result that can be validated.
There is no way to check that no silent failure occurred.
====== finagle-chirper (web) [default], iteration 17 completed (11184.778 ms) ======
====== finagle-chirper (web) [default], iteration 18 started ======
Resetting master, feed map size: 5000
GC before operation: completed in 201.821 ms, heap usage 158.428 MB -> 24.235 MB.
WARNING: This benchmark provides no result that can be validated.
There is no way to check that no silent failure occurred.
====== finagle-chirper (web) [default], iteration 18 completed (11386.180 ms) ======
====== finagle-chirper (web) [default], iteration 19 started ======
Resetting master, feed map size: 5000
GC before operation: completed in 212.790 ms, heap usage 29.953 MB -> 24.237 MB.
WARNING: This benchmark provides no result that can be validated.
There is no way to check that no silent failure occurred.
====== finagle-chirper (web) [default], iteration 19 completed (11097.226 ms) ======
====== finagle-chirper (web) [default], iteration 20 started ======
Resetting master, feed map size: 5000
GC before operation: completed in 196.743 ms, heap usage 113.625 MB -> 24.236 MB.
WARNING: This benchmark provides no result that can be validated.
There is no way to check that no silent failure occurred.
====== finagle-chirper (web) [default], iteration 20 completed (11109.248 ms) ======
====== finagle-chirper (web) [default], iteration 21 started ======
Resetting master, feed map size: 5000
GC before operation: completed in 199.851 ms, heap usage 67.604 MB -> 24.247 MB.
WARNING: This benchmark provides no result that can be validated.
There is no way to check that no silent failure occurred.
====== finagle-chirper (web) [default], iteration 21 completed (11194.263 ms) ======
====== finagle-chirper (web) [default], iteration 22 started ======
Resetting master, feed map size: 5000
GC before operation: completed in 197.405 ms, heap usage 119.126 MB -> 24.240 MB.
WARNING: This benchmark provides no result that can be validated.
There is no way to check that no silent failure occurred.
====== finagle-chirper (web) [default], iteration 22 completed (10909.629 ms) ======
====== finagle-chirper (web) [default], iteration 23 started ======
Resetting master, feed map size: 5000
GC before operation: completed in 196.169 ms, heap usage 82.647 MB -> 24.245 MB.
WARNING: This benchmark provides no result that can be validated.
There is no way to check that no silent failure occurred.
====== finagle-chirper (web) [default], iteration 23 completed (11099.813 ms) ======
====== finagle-chirper (web) [default], iteration 24 started ======
Resetting master, feed map size: 5000
GC before operation: completed in 198.465 ms, heap usage 80.895 MB -> 24.247 MB.
WARNING: This benchmark provides no result that can be validated.
There is no way to check that no silent failure occurred.
====== finagle-chirper (web) [default], iteration 24 completed (11049.242 ms) ======
====== finagle-chirper (web) [default], iteration 25 started ======
Resetting master, feed map size: 5000
GC before operation: completed in 197.921 ms, heap usage 65.927 MB -> 24.250 MB.
WARNING: This benchmark provides no result that can be validated.
There is no way to check that no silent failure occurred.
====== finagle-chirper (web) [default], iteration 25 completed (11010.810 ms) ======
====== finagle-chirper (web) [default], iteration 26 started ======
Resetting master, feed map size: 5000
GC before operation: completed in 202.015 ms, heap usage 61.426 MB -> 24.252 MB.
WARNING: This benchmark provides no result that can be validated.
There is no way to check that no silent failure occurred.
====== finagle-chirper (web) [default], iteration 26 completed (11180.677 ms) ======
====== finagle-chirper (web) [default], iteration 27 started ======
Resetting master, feed map size: 5000
GC before operation: completed in 199.725 ms, heap usage 74.100 MB -> 24.258 MB.
WARNING: This benchmark provides no result that can be validated.
There is no way to check that no silent failure occurred.
====== finagle-chirper (web) [default], iteration 27 completed (10929.043 ms) ======
====== finagle-chirper (web) [default], iteration 28 started ======
Resetting master, feed map size: 5000
GC before operation: completed in 203.118 ms, heap usage 100.160 MB -> 24.257 MB.
WARNING: This benchmark provides no result that can be validated.
There is no way to check that no silent failure occurred.
====== finagle-chirper (web) [default], iteration 28 completed (10750.288 ms) ======
====== finagle-chirper (web) [default], iteration 29 started ======
Resetting master, feed map size: 5000
GC before operation: completed in 187.800 ms, heap usage 33.594 MB -> 24.263 MB.
WARNING: This benchmark provides no result that can be validated.
There is no way to check that no silent failure occurred.
====== finagle-chirper (web) [default], iteration 29 completed (10632.638 ms) ======
====== finagle-chirper (web) [default], iteration 30 started ======
Resetting master, feed map size: 5000
GC before operation: completed in 198.148 ms, heap usage 121.625 MB -> 24.260 MB.
WARNING: This benchmark provides no result that can be validated.
There is no way to check that no silent failure occurred.
====== finagle-chirper (web) [default], iteration 30 completed (10678.956 ms) ======
====== finagle-chirper (web) [default], iteration 31 started ======
Resetting master, feed map size: 5000
GC before operation: completed in 189.845 ms, heap usage 62.575 MB -> 24.262 MB.
WARNING: This benchmark provides no result that can be validated.
There is no way to check that no silent failure occurred.
====== finagle-chirper (web) [default], iteration 31 completed (10671.652 ms) ======
====== finagle-chirper (web) [default], iteration 32 started ======
Resetting master, feed map size: 5000
GC before operation: completed in 210.389 ms, heap usage 86.183 MB -> 24.265 MB.
WARNING: This benchmark provides no result that can be validated.
There is no way to check that no silent failure occurred.
====== finagle-chirper (web) [default], iteration 32 completed (10801.026 ms) ======
====== finagle-chirper (web) [default], iteration 33 started ======
Resetting master, feed map size: 5000
GC before operation: completed in 192.827 ms, heap usage 42.917 MB -> 24.267 MB.
WARNING: This benchmark provides no result that can be validated.
There is no way to check that no silent failure occurred.
====== finagle-chirper (web) [default], iteration 33 completed (10502.846 ms) ======
====== finagle-chirper (web) [default], iteration 34 started ======
Resetting master, feed map size: 5000
GC before operation: completed in 197.508 ms, heap usage 121.389 MB -> 24.123 MB.
WARNING: This benchmark provides no result that can be validated.
There is no way to check that no silent failure occurred.
====== finagle-chirper (web) [default], iteration 34 completed (10585.675 ms) ======
====== finagle-chirper (web) [default], iteration 35 started ======
Resetting master, feed map size: 5000
GC before operation: completed in 190.098 ms, heap usage 46.244 MB -> 24.131 MB.
WARNING: This benchmark provides no result that can be validated.
There is no way to check that no silent failure occurred.
====== finagle-chirper (web) [default], iteration 35 completed (10649.997 ms) ======
====== finagle-chirper (web) [default], iteration 36 started ======
Resetting master, feed map size: 5000
GC before operation: completed in 201.560 ms, heap usage 139.914 MB -> 24.266 MB.
WARNING: This benchmark provides no result that can be validated.
There is no way to check that no silent failure occurred.
====== finagle-chirper (web) [default], iteration 36 completed (10611.230 ms) ======
====== finagle-chirper (web) [default], iteration 37 started ======
Resetting master, feed map size: 5000
GC before operation: completed in 193.018 ms, heap usage 50.590 MB -> 24.133 MB.
WARNING: This benchmark provides no result that can be validated.
There is no way to check that no silent failure occurred.
====== finagle-chirper (web) [default], iteration 37 completed (10236.950 ms) ======
====== finagle-chirper (web) [default], iteration 38 started ======
Resetting master, feed map size: 5000
GC before operation: completed in 193.933 ms, heap usage 64.885 MB -> 24.065 MB.
WARNING: This benchmark provides no result that can be validated.
There is no way to check that no silent failure occurred.
====== finagle-chirper (web) [default], iteration 38 completed (10439.748 ms) ======
====== finagle-chirper (web) [default], iteration 39 started ======
Resetting master, feed map size: 5000
GC before operation: completed in 202.648 ms, heap usage 129.431 MB -> 24.119 MB.
WARNING: This benchmark provides no result that can be validated.
There is no way to check that no silent failure occurred.
====== finagle-chirper (web) [default], iteration 39 completed (10173.881 ms) ======
====== finagle-chirper (web) [default], iteration 40 started ======
Resetting master, feed map size: 5000
GC before operation: completed in 192.810 ms, heap usage 53.432 MB -> 24.007 MB.
WARNING: This benchmark provides no result that can be validated.
There is no way to check that no silent failure occurred.
====== finagle-chirper (web) [default], iteration 40 completed (10567.948 ms) ======
====== finagle-chirper (web) [default], iteration 41 started ======
Resetting master, feed map size: 5000
GC before operation: completed in 194.999 ms, heap usage 46.201 MB -> 24.122 MB.
WARNING: This benchmark provides no result that can be validated.
There is no way to check that no silent failure occurred.
====== finagle-chirper (web) [default], iteration 41 completed (10325.344 ms) ======
====== finagle-chirper (web) [default], iteration 42 started ======
Resetting master, feed map size: 5000
GC before operation: completed in 194.757 ms, heap usage 31.078 MB -> 24.015 MB.
WARNING: This benchmark provides no result that can be validated.
There is no way to check that no silent failure occurred.
====== finagle-chirper (web) [default], iteration 42 completed (10420.850 ms) ======
====== finagle-chirper (web) [default], iteration 43 started ======
Resetting master, feed map size: 5000
GC before operation: completed in 227.776 ms, heap usage 161.865 MB -> 23.975 MB.
WARNING: This benchmark provides no result that can be validated.
There is no way to check that no silent failure occurred.
====== finagle-chirper (web) [default], iteration 43 completed (10410.479 ms) ======
====== finagle-chirper (web) [default], iteration 44 started ======
Resetting master, feed map size: 5000
GC before operation: completed in 201.086 ms, heap usage 29.396 MB -> 23.895 MB.
WARNING: This benchmark provides no result that can be validated.
There is no way to check that no silent failure occurred.
====== finagle-chirper (web) [default], iteration 44 completed (10689.283 ms) ======
====== finagle-chirper (web) [default], iteration 45 started ======
Resetting master, feed map size: 5000
GC before operation: completed in 205.793 ms, heap usage 107.895 MB -> 23.831 MB.
WARNING: This benchmark provides no result that can be validated.
There is no way to check that no silent failure occurred.
====== finagle-chirper (web) [default], iteration 45 completed (10531.934 ms) ======
====== finagle-chirper (web) [default], iteration 46 started ======
Resetting master, feed map size: 5000
GC before operation: completed in 199.232 ms, heap usage 40.422 MB -> 23.894 MB.
WARNING: This benchmark provides no result that can be validated.
There is no way to check that no silent failure occurred.
====== finagle-chirper (web) [default], iteration 46 completed (10653.826 ms) ======
====== finagle-chirper (web) [default], iteration 47 started ======
Resetting master, feed map size: 5000
GC before operation: completed in 198.273 ms, heap usage 59.529 MB -> 23.871 MB.
WARNING: This benchmark provides no result that can be validated.
There is no way to check that no silent failure occurred.
====== finagle-chirper (web) [default], iteration 47 completed (10379.620 ms) ======
====== finagle-chirper (web) [default], iteration 48 started ======
Resetting master, feed map size: 5000
GC before operation: completed in 195.920 ms, heap usage 28.269 MB -> 23.906 MB.
WARNING: This benchmark provides no result that can be validated.
There is no way to check that no silent failure occurred.
====== finagle-chirper (web) [default], iteration 48 completed (10797.899 ms) ======
====== finagle-chirper (web) [default], iteration 49 started ======
Resetting master, feed map size: 5000
GC before operation: completed in 199.019 ms, heap usage 102.151 MB -> 23.941 MB.
WARNING: This benchmark provides no result that can be validated.
There is no way to check that no silent failure occurred.
====== finagle-chirper (web) [default], iteration 49 completed (10364.934 ms) ======
====== finagle-chirper (web) [default], iteration 50 started ======
Resetting master, feed map size: 5000
GC before operation: completed in 205.781 ms, heap usage 67.936 MB -> 23.903 MB.
WARNING: This benchmark provides no result that can be validated.
There is no way to check that no silent failure occurred.
====== finagle-chirper (web) [default], iteration 50 completed (11147.309 ms) ======
====== finagle-chirper (web) [default], iteration 51 started ======
Resetting master, feed map size: 5000
GC before operation: completed in 206.399 ms, heap usage 72.963 MB -> 24.053 MB.
WARNING: This benchmark provides no result that can be validated.
There is no way to check that no silent failure occurred.
====== finagle-chirper (web) [default], iteration 51 completed (10555.824 ms) ======
====== finagle-chirper (web) [default], iteration 52 started ======
Resetting master, feed map size: 5000
GC before operation: completed in 199.683 ms, heap usage 71.606 MB -> 23.941 MB.
WARNING: This benchmark provides no result that can be validated.
There is no way to check that no silent failure occurred.
====== finagle-chirper (web) [default], iteration 52 completed (10420.600 ms) ======
====== finagle-chirper (web) [default], iteration 53 started ======
Resetting master, feed map size: 5000
GC before operation: completed in 203.649 ms, heap usage 131.428 MB -> 23.958 MB.
WARNING: This benchmark provides no result that can be validated.
There is no way to check that no silent failure occurred.
====== finagle-chirper (web) [default], iteration 53 completed (10500.620 ms) ======
====== finagle-chirper (web) [default], iteration 54 started ======
Resetting master, feed map size: 5000
GC before operation: completed in 201.564 ms, heap usage 39.564 MB -> 24.048 MB.
WARNING: This benchmark provides no result that can be validated.
There is no way to check that no silent failure occurred.
====== finagle-chirper (web) [default], iteration 54 completed (10533.230 ms) ======
====== finagle-chirper (web) [default], iteration 55 started ======
Resetting master, feed map size: 5000
GC before operation: completed in 203.857 ms, heap usage 89.366 MB -> 24.050 MB.
WARNING: This benchmark provides no result that can be validated.
There is no way to check that no silent failure occurred.
====== finagle-chirper (web) [default], iteration 55 completed (10419.217 ms) ======
====== finagle-chirper (web) [default], iteration 56 started ======
Resetting master, feed map size: 5000
GC before operation: completed in 199.441 ms, heap usage 116.774 MB -> 23.818 MB.
WARNING: This benchmark provides no result that can be validated.
There is no way to check that no silent failure occurred.
====== finagle-chirper (web) [default], iteration 56 completed (10340.506 ms) ======
====== finagle-chirper (web) [default], iteration 57 started ======
Resetting master, feed map size: 5000
GC before operation: completed in 215.598 ms, heap usage 117.912 MB -> 23.705 MB.
WARNING: This benchmark provides no result that can be validated.
There is no way to check that no silent failure occurred.
====== finagle-chirper (web) [default], iteration 57 completed (10229.103 ms) ======
====== finagle-chirper (web) [default], iteration 58 started ======
Resetting master, feed map size: 5000
GC before operation: completed in 199.128 ms, heap usage 87.053 MB -> 23.729 MB.
WARNING: This benchmark provides no result that can be validated.
There is no way to check that no silent failure occurred.
====== finagle-chirper (web) [default], iteration 58 completed (10400.890 ms) ======
====== finagle-chirper (web) [default], iteration 59 started ======
Resetting master, feed map size: 5000
GC before operation: completed in 201.925 ms, heap usage 120.211 MB -> 23.909 MB.
WARNING: This benchmark provides no result that can be validated.
There is no way to check that no silent failure occurred.
====== finagle-chirper (web) [default], iteration 59 completed (10207.545 ms) ======
====== finagle-chirper (web) [default], iteration 60 started ======
Resetting master, feed map size: 5000
GC before operation: completed in 197.723 ms, heap usage 88.713 MB -> 23.789 MB.
WARNING: This benchmark provides no result that can be validated.
There is no way to check that no silent failure occurred.
====== finagle-chirper (web) [default], iteration 60 completed (10172.272 ms) ======
====== finagle-chirper (web) [default], iteration 61 started ======
Resetting master, feed map size: 5000
GC before operation: completed in 202.984 ms, heap usage 114.942 MB -> 23.652 MB.
WARNING: This benchmark provides no result that can be validated.
There is no way to check that no silent failure occurred.
====== finagle-chirper (web) [default], iteration 61 completed (10407.654 ms) ======
====== finagle-chirper (web) [default], iteration 62 started ======
Resetting master, feed map size: 5000
GC before operation: completed in 201.076 ms, heap usage 81.040 MB -> 23.764 MB.
WARNING: This benchmark provides no result that can be validated.
There is no way to check that no silent failure occurred.
====== finagle-chirper (web) [default], iteration 62 completed (10387.276 ms) ======
====== finagle-chirper (web) [default], iteration 63 started ======
Resetting master, feed map size: 5000
GC before operation: completed in 200.379 ms, heap usage 61.336 MB -> 23.625 MB.
WARNING: This benchmark provides no result that can be validated.
There is no way to check that no silent failure occurred.
====== finagle-chirper (web) [default], iteration 63 completed (10118.654 ms) ======
====== finagle-chirper (web) [default], iteration 64 started ======
Resetting master, feed map size: 5000
GC before operation: completed in 202.195 ms, heap usage 72.358 MB -> 23.829 MB.
WARNING: This benchmark provides no result that can be validated.
There is no way to check that no silent failure occurred.
====== finagle-chirper (web) [default], iteration 64 completed (10131.649 ms) ======
====== finagle-chirper (web) [default], iteration 65 started ======
Resetting master, feed map size: 5000
GC before operation: completed in 198.617 ms, heap usage 28.483 MB -> 23.931 MB.
WARNING: This benchmark provides no result that can be validated.
There is no way to check that no silent failure occurred.
====== finagle-chirper (web) [default], iteration 65 completed (9915.035 ms) ======
====== finagle-chirper (web) [default], iteration 66 started ======
Resetting master, feed map size: 5000
GC before operation: completed in 204.413 ms, heap usage 47.887 MB -> 24.050 MB.
WARNING: This benchmark provides no result that can be validated.
There is no way to check that no silent failure occurred.
====== finagle-chirper (web) [default], iteration 66 completed (9912.171 ms) ======
====== finagle-chirper (web) [default], iteration 67 started ======
Resetting master, feed map size: 5000
GC before operation: completed in 201.098 ms, heap usage 87.417 MB -> 24.055 MB.
WARNING: This benchmark provides no result that can be validated.
There is no way to check that no silent failure occurred.
====== finagle-chirper (web) [default], iteration 67 completed (9875.777 ms) ======
====== finagle-chirper (web) [default], iteration 68 started ======
Resetting master, feed map size: 5000
GC before operation: completed in 207.377 ms, heap usage 105.097 MB -> 24.053 MB.
WARNING: This benchmark provides no result that can be validated.
There is no way to check that no silent failure occurred.
====== finagle-chirper (web) [default], iteration 68 completed (9894.660 ms) ======
====== finagle-chirper (web) [default], iteration 69 started ======
Resetting master, feed map size: 5000
GC before operation: completed in 198.721 ms, heap usage 38.732 MB -> 24.056 MB.
WARNING: This benchmark provides no result that can be validated.
There is no way to check that no silent failure occurred.
====== finagle-chirper (web) [default], iteration 69 completed (10016.179 ms) ======
====== finagle-chirper (web) [default], iteration 70 started ======
Resetting master, feed map size: 5000
GC before operation: completed in 199.766 ms, heap usage 28.231 MB -> 23.975 MB.
WARNING: This benchmark provides no result that can be validated.
There is no way to check that no silent failure occurred.
====== finagle-chirper (web) [default], iteration 70 completed (9942.697 ms) ======
====== finagle-chirper (web) [default], iteration 71 started ======
Resetting master, feed map size: 5000
GC before operation: completed in 202.310 ms, heap usage 27.693 MB -> 24.203 MB.
WARNING: This benchmark provides no result that can be validated.
There is no way to check that no silent failure occurred.
====== finagle-chirper (web) [default], iteration 71 completed (10142.151 ms) ======
====== finagle-chirper (web) [default], iteration 72 started ======
Resetting master, feed map size: 5000
GC before operation: completed in 200.461 ms, heap usage 49.807 MB -> 22.953 MB.
WARNING: This benchmark provides no result that can be validated.
There is no way to check that no silent failure occurred.
====== finagle-chirper (web) [default], iteration 72 completed (9964.987 ms) ======
====== finagle-chirper (web) [default], iteration 73 started ======
Resetting master, feed map size: 5000
GC before operation: completed in 223.123 ms, heap usage 117.262 MB -> 23.622 MB.
WARNING: This benchmark provides no result that can be validated.
There is no way to check that no silent failure occurred.
====== finagle-chirper (web) [default], iteration 73 completed (10314.457 ms) ======
====== finagle-chirper (web) [default], iteration 74 started ======
Resetting master, feed map size: 5000
GC before operation: completed in 202.405 ms, heap usage 93.146 MB -> 23.320 MB.
WARNING: This benchmark provides no result that can be validated.
There is no way to check that no silent failure occurred.
====== finagle-chirper (web) [default], iteration 74 completed (9714.454 ms) ======
====== finagle-chirper (web) [default], iteration 75 started ======
Resetting master, feed map size: 5000
GC before operation: completed in 208.309 ms, heap usage 93.753 MB -> 23.466 MB.
WARNING: This benchmark provides no result that can be validated.
There is no way to check that no silent failure occurred.
====== finagle-chirper (web) [default], iteration 75 completed (9874.373 ms) ======
====== finagle-chirper (web) [default], iteration 76 started ======
Resetting master, feed map size: 5000
GC before operation: completed in 223.031 ms, heap usage 49.989 MB -> 23.467 MB.
WARNING: This benchmark provides no result that can be validated.
There is no way to check that no silent failure occurred.
====== finagle-chirper (web) [default], iteration 76 completed (9804.753 ms) ======
====== finagle-chirper (web) [default], iteration 77 started ======
Resetting master, feed map size: 5000
GC before operation: completed in 201.183 ms, heap usage 31.036 MB -> 23.467 MB.
WARNING: This benchmark provides no result that can be validated.
There is no way to check that no silent failure occurred.
====== finagle-chirper (web) [default], iteration 77 completed (9929.334 ms) ======
====== finagle-chirper (web) [default], iteration 78 started ======
Resetting master, feed map size: 5000
GC before operation: completed in 210.486 ms, heap usage 93.664 MB -> 23.470 MB.
WARNING: This benchmark provides no result that can be validated.
There is no way to check that no silent failure occurred.
====== finagle-chirper (web) [default], iteration 78 completed (10017.191 ms) ======
====== finagle-chirper (web) [default], iteration 79 started ======
Resetting master, feed map size: 5000
GC before operation: completed in 205.086 ms, heap usage 100.065 MB -> 23.348 MB.
WARNING: This benchmark provides no result that can be validated.
There is no way to check that no silent failure occurred.
====== finagle-chirper (web) [default], iteration 79 completed (9609.449 ms) ======
====== finagle-chirper (web) [default], iteration 80 started ======
Resetting master, feed map size: 5000
GC before operation: completed in 202.045 ms, heap usage 31.097 MB -> 23.481 MB.
WARNING: This benchmark provides no result that can be validated.
There is no way to check that no silent failure occurred.
====== finagle-chirper (web) [default], iteration 80 completed (9530.245 ms) ======
====== finagle-chirper (web) [default], iteration 81 started ======
Resetting master, feed map size: 5000
GC before operation: completed in 207.050 ms, heap usage 146.829 MB -> 23.474 MB.
WARNING: This benchmark provides no result that can be validated.
There is no way to check that no silent failure occurred.
====== finagle-chirper (web) [default], iteration 81 completed (10092.371 ms) ======
====== finagle-chirper (web) [default], iteration 82 started ======
Resetting master, feed map size: 5000
GC before operation: completed in 201.488 ms, heap usage 72.311 MB -> 23.107 MB.
WARNING: This benchmark provides no result that can be validated.
There is no way to check that no silent failure occurred.
====== finagle-chirper (web) [default], iteration 82 completed (9608.503 ms) ======
====== finagle-chirper (web) [default], iteration 83 started ======
Resetting master, feed map size: 5000
GC before operation: completed in 206.149 ms, heap usage 119.189 MB -> 23.476 MB.
WARNING: This benchmark provides no result that can be validated.
There is no way to check that no silent failure occurred.
====== finagle-chirper (web) [default], iteration 83 completed (9675.470 ms) ======
====== finagle-chirper (web) [default], iteration 84 started ======
Resetting master, feed map size: 5000
GC before operation: completed in 205.180 ms, heap usage 90.837 MB -> 23.481 MB.
WARNING: This benchmark provides no result that can be validated.
There is no way to check that no silent failure occurred.
====== finagle-chirper (web) [default], iteration 84 completed (9625.390 ms) ======
====== finagle-chirper (web) [default], iteration 85 started ======
Resetting master, feed map size: 5000
GC before operation: completed in 203.520 ms, heap usage 34.418 MB -> 23.481 MB.
WARNING: This benchmark provides no result that can be validated.
There is no way to check that no silent failure occurred.
====== finagle-chirper (web) [default], iteration 85 completed (9569.235 ms) ======
====== finagle-chirper (web) [default], iteration 86 started ======
Resetting master, feed map size: 5000
GC before operation: completed in 204.589 ms, heap usage 105.163 MB -> 23.485 MB.
WARNING: This benchmark provides no result that can be validated.
There is no way to check that no silent failure occurred.
====== finagle-chirper (web) [default], iteration 86 completed (9467.780 ms) ======
====== finagle-chirper (web) [default], iteration 87 started ======
Resetting master, feed map size: 5000
GC before operation: completed in 202.765 ms, heap usage 81.106 MB -> 23.488 MB.
WARNING: This benchmark provides no result that can be validated.
There is no way to check that no silent failure occurred.
====== finagle-chirper (web) [default], iteration 87 completed (9479.760 ms) ======
====== finagle-chirper (web) [default], iteration 88 started ======
Resetting master, feed map size: 5000
GC before operation: completed in 205.363 ms, heap usage 67.330 MB -> 23.495 MB.
WARNING: This benchmark provides no result that can be validated.
There is no way to check that no silent failure occurred.
====== finagle-chirper (web) [default], iteration 88 completed (9509.837 ms) ======
====== finagle-chirper (web) [default], iteration 89 started ======
Resetting master, feed map size: 5000
GC before operation: completed in 205.028 ms, heap usage 60.214 MB -> 23.498 MB.
WARNING: This benchmark provides no result that can be validated.
There is no way to check that no silent failure occurred.
====== finagle-chirper (web) [default], iteration 89 completed (9598.761 ms) ======
====== finagle-chirper (web) [default], iteration 90 started ======
Resetting master, feed map size: 5000
GC before operation: completed in 204.212 ms, heap usage 71.654 MB -> 23.488 MB.
WARNING: This benchmark provides no result that can be validated.
There is no way to check that no silent failure occurred.
====== finagle-chirper (web) [default], iteration 90 completed (9388.542 ms) ======
====== finagle-chirper (web) [default], iteration 91 started ======
Resetting master, feed map size: 5000
GC before operation: completed in 207.393 ms, heap usage 29.926 MB -> 23.494 MB.
WARNING: This benchmark provides no result that can be validated.
There is no way to check that no silent failure occurred.
====== finagle-chirper (web) [default], iteration 91 completed (9530.769 ms) ======
====== finagle-chirper (web) [default], iteration 92 started ======
Resetting master, feed map size: 5000
GC before operation: completed in 206.000 ms, heap usage 72.849 MB -> 23.500 MB.
WARNING: This benchmark provides no result that can be validated.
There is no way to check that no silent failure occurred.
====== finagle-chirper (web) [default], iteration 92 completed (9547.761 ms) ======
====== finagle-chirper (web) [default], iteration 93 started ======
Resetting master, feed map size: 5000
GC before operation: completed in 207.321 ms, heap usage 32.192 MB -> 23.489 MB.
WARNING: This benchmark provides no result that can be validated.
There is no way to check that no silent failure occurred.
====== finagle-chirper (web) [default], iteration 93 completed (9926.902 ms) ======
====== finagle-chirper (web) [default], iteration 94 started ======
Resetting master, feed map size: 5000
GC before operation: completed in 206.556 ms, heap usage 60.851 MB -> 23.491 MB.
WARNING: This benchmark provides no result that can be validated.
There is no way to check that no silent failure occurred.
====== finagle-chirper (web) [default], iteration 94 completed (9416.176 ms) ======
====== finagle-chirper (web) [default], iteration 95 started ======
Resetting master, feed map size: 5000
GC before operation: completed in 206.430 ms, heap usage 126.806 MB -> 23.491 MB.
WARNING: This benchmark provides no result that can be validated.
There is no way to check that no silent failure occurred.
====== finagle-chirper (web) [default], iteration 95 completed (9483.042 ms) ======
====== finagle-chirper (web) [default], iteration 96 started ======
Resetting master, feed map size: 5000
GC before operation: completed in 205.940 ms, heap usage 52.129 MB -> 23.491 MB.
WARNING: This benchmark provides no result that can be validated.
There is no way to check that no silent failure occurred.
====== finagle-chirper (web) [default], iteration 96 completed (9618.163 ms) ======
====== finagle-chirper (web) [default], iteration 97 started ======
Resetting master, feed map size: 5000
GC before operation: completed in 205.139 ms, heap usage 45.161 MB -> 23.493 MB.
WARNING: This benchmark provides no result that can be validated.
There is no way to check that no silent failure occurred.
====== finagle-chirper (web) [default], iteration 97 completed (9672.900 ms) ======
====== finagle-chirper (web) [default], iteration 98 started ======
Resetting master, feed map size: 5000
GC before operation: completed in 216.511 ms, heap usage 144.779 MB -> 23.493 MB.
WARNING: This benchmark provides no result that can be validated.
There is no way to check that no silent failure occurred.
====== finagle-chirper (web) [default], iteration 98 completed (9949.560 ms) ======
====== finagle-chirper (web) [default], iteration 99 started ======
Resetting master, feed map size: 5000
GC before operation: completed in 206.423 ms, heap usage 112.773 MB -> 24.240 MB.
WARNING: This benchmark provides no result that can be validated.
There is no way to check that no silent failure occurred.
====== finagle-chirper (web) [default], iteration 99 completed (10082.694 ms) ======
