[INFO] Scanning for projects...
[INFO] Found GraalVM installation from JAVA_HOME variable.
[INFO] 
[INFO] ----------------< jvm.energy.consumption:java-samples >-----------------
[INFO] Building JVM Energy Consumption Java Samples 1.0.0-SNAPSHOT
[INFO] --------------------------------[ jar ]---------------------------------
[INFO] 
[INFO] --- maven-clean-plugin:2.5:clean (default-clean) @ java-samples ---
[INFO] Deleting /home/ionutbalosin/Workspace/jvm-energy-consumption/java-samples/target
[INFO] 
[INFO] --- maven-resources-plugin:2.6:resources (default-resources) @ java-samples ---
[INFO] Using 'UTF-8' encoding to copy filtered resources.
[INFO] skip non existing resourceDirectory /home/ionutbalosin/Workspace/jvm-energy-consumption/java-samples/src/main/resources
[INFO] 
[INFO] --- maven-compiler-plugin:3.12.1:compile (default-compile) @ java-samples ---
[INFO] Recompiling the module because of changed source code.
[INFO] Compiling 7 source files with javac [debug target 21] to target/classes
[INFO] /home/ionutbalosin/Workspace/jvm-energy-consumption/java-samples/src/main/java/com/ionutbalosin/jvm/energy/consumption/StringConcatenationPatterns.java: /home/ionutbalosin/Workspace/jvm-energy-consumption/java-samples/src/main/java/com/ionutbalosin/jvm/energy/consumption/StringConcatenationPatterns.java uses preview features of Java SE 21.
[INFO] /home/ionutbalosin/Workspace/jvm-energy-consumption/java-samples/src/main/java/com/ionutbalosin/jvm/energy/consumption/StringConcatenationPatterns.java: Recompile with -Xlint:preview for details.
[INFO] 
[INFO] --- spotless-maven-plugin:2.42.0:apply (default) @ java-samples ---
[INFO] Index file does not exist. Fallback to an empty index
[INFO] Spotless.Java is keeping 7 files clean - 0 were changed to be clean, 7 were already clean, 0 were skipped because caching determined they were already clean
[INFO] 
[INFO] --- maven-resources-plugin:2.6:testResources (default-testResources) @ java-samples ---
[INFO] Using 'UTF-8' encoding to copy filtered resources.
[INFO] skip non existing resourceDirectory /home/ionutbalosin/Workspace/jvm-energy-consumption/java-samples/src/test/resources
[INFO] 
[INFO] --- maven-compiler-plugin:3.12.1:testCompile (default-testCompile) @ java-samples ---
[INFO] No sources to compile
[INFO] 
[INFO] --- maven-surefire-plugin:2.12.4:test (default-test) @ java-samples ---
[INFO] No tests to run.
[INFO] 
[INFO] --- native-maven-plugin:0.10.1:merge-agent-files (test-native) @ java-samples ---
[INFO] 
[INFO] --- native-maven-plugin:0.10.1:test (test-native) @ java-samples ---
[INFO] Skipped native-image tests since there are no test classes.
[INFO] 
[INFO] --- maven-jar-plugin:3.3.0:jar (default-jar) @ java-samples ---
[INFO] Building jar: /home/ionutbalosin/Workspace/jvm-energy-consumption/java-samples/target/undefined.jar
[INFO] 
[INFO] --- native-maven-plugin:0.10.1:merge-agent-files (build-native) @ java-samples ---
[INFO] 
[INFO] --- native-maven-plugin:0.10.1:build (build-native) @ java-samples ---
[WARNING] 'native:build' goal is deprecated. Use 'native:compile-no-fork' instead.
[INFO] Downloaded GraalVM reachability metadata repository from file:/home/ionutbalosin/.m2/repository/org/graalvm/buildtools/graalvm-reachability-metadata/0.10.1/graalvm-reachability-metadata-0.10.1-repository.zip
[INFO] Executing: /usr/lib/jvm/graalvm-jdk-21.0.1+12.1/bin/native-image -cp /home/ionutbalosin/Workspace/jvm-energy-consumption/java-samples/target/undefined.jar --no-fallback -o /home/ionutbalosin/Workspace/jvm-energy-consumption/java-samples/target/VPThreadQueueThroughput-platform --enable-preview --pgo=/home/ionutbalosin/Workspace/jvm-energy-consumption/java-samples/pgo/native-image/VPThreadQueueThroughput-platform.iprof --gc=G1 com.ionutbalosin.jvm.energy.consumption.VPThreadQueueThroughput
========================================================================================================================
GraalVM Native Image: Generating 'VPThreadQueueThroughput-platform' (executable)...
========================================================================================================================
For detailed information and explanations on the build output, visit:
https://github.com/oracle/graal/blob/master/docs/reference-manual/native-image/BuildOutput.md
------------------------------------------------------------------------------------------------------------------------
[1/8] Initializing...                                                                                    (2.2s @ 0.18GB)
 Java version: 21.0.1+12, vendor version: Oracle GraalVM 21.0.1+12.1
 Graal compiler: optimization level: 3, target machine: x86-64-v3, PGO: user-provided
 C compiler: gcc (linux, x86_64, 13.2.0)
 Garbage collector: G1 GC (max heap size: 25.0% of RAM)
 1 user-specific feature(s):
 - com.oracle.svm.thirdparty.gson.GsonFeature
------------------------------------------------------------------------------------------------------------------------
Build resources:
 - 26.49GB of memory (42.4% of 62.50GB system memory, determined at start)
 - 24 thread(s) (100.0% of 24 available processor(s), determined at start)
Info: The percentage of matched entries from profile file(s): 83.76%.
[2/8] Performing analysis...  [*****]                                                                    (5.9s @ 0.37GB)
    3,378 reachable types   (72.5% of    4,657 total)
    4,022 reachable fields  (50.3% of    7,993 total)
   17,078 reachable methods (46.8% of   36,475 total)
    1,082 types,   112 fields, and   676 methods registered for reflection
       57 types,    55 fields, and    52 methods registered for JNI access
       0 foreign downcalls registered
        9 native libraries: dl, g1gc-cr, m, pthread, rt, stdc++, z
[3/8] Building universe...                                                                               (1.0s @ 0.46GB)
[4/8] Parsing methods...      [*]                                                                        (1.4s @ 0.45GB)
[5/8] Inlining methods...     [***]                                                                      (0.4s @ 0.48GB)
[6/8] Compiling methods...    [***]                                                                     (10.3s @ 0.46GB)
[7/8] Layouting methods...    [*]                                                                        (1.3s @ 0.48GB)
[8/8] Creating image...       [*]                                                                        (1.8s @ 0.53GB)
   5.76MB (38.54%) for code area:    10,195 compilation units
   6.93MB (46.31%) for image heap:  107,309 objects and 47 resources
   2.27MB (15.15%) for other data
  14.96MB in total
------------------------------------------------------------------------------------------------------------------------
Top 10 origins of code area:                                Top 10 object types in image heap:
   3.85MB java.base                                            1.42MB byte[] for code metadata
   1.48MB svm.jar (Native Image)                               1.32MB byte[] for java.lang.String
 117.52kB com.oracle.svm.svm_enterprise                      804.42kB heap alignment
 102.54kB java.logging                                       785.51kB java.lang.String
  51.71kB undefined.jar                                      572.79kB java.lang.Class
  20.82kB org.graalvm.collections                            276.05kB byte[] for general heap data
  18.71kB org.graalvm.nativeimage.base                       180.21kB java.util.HashMap$Node
  18.69kB jdk.internal.vm.ci                                 170.63kB byte[] for reflection metadata
  15.81kB jdk.proxy1                                         158.34kB com.oracle.svm.core.hub.DynamicHubCompanion
  15.04kB jdk.proxy3                                         154.34kB byte[] for embedded resources
  13.58kB for 5 more packages                                  1.16MB for 925 more object types
                              Use '-H:+BuildReport' to create a report with more details.
------------------------------------------------------------------------------------------------------------------------
Security report:
 - Binary includes Java deserialization.
 - Use '--enable-sbom' to embed a Software Bill of Materials (SBOM) in the binary.
------------------------------------------------------------------------------------------------------------------------
Recommendations:
 INIT: Adopt '--strict-image-heap' to prepare for the next GraalVM release.
 HEAP: Set max heap for improved and more predictable memory usage.
 CPU:  Enable more CPU features with '-march=native' for improved performance.
 QBM:  Use the quick build mode ('-Ob') to speed up builds during development.
------------------------------------------------------------------------------------------------------------------------
                       1.5s (6.1% of total time) in 211 GCs | Peak RSS: 1.21GB | CPU load: 14.88
------------------------------------------------------------------------------------------------------------------------
Produced artifacts:
 /home/ionutbalosin/Workspace/jvm-energy-consumption/java-samples/target/VPThreadQueueThroughput-platform (executable)
========================================================================================================================
Finished generating 'VPThreadQueueThroughput-platform' in 24.7s.
[INFO] ------------------------------------------------------------------------
[INFO] BUILD SUCCESS
[INFO] ------------------------------------------------------------------------
[INFO] Total time:  28.020 s
[INFO] Finished at: 2024-03-17T00:38:08+01:00
[INFO] ------------------------------------------------------------------------
