finagle-http on :39021 spawning 4 client and default number of server workers.
====== finagle-http (web) [default], iteration 0 started ======
GC before operation: completed in 454.281 ms, heap usage 108.000 MB -> 80.000 MB.
====== finagle-http (web) [default], iteration 0 completed (84944.296 ms) ======
====== finagle-http (web) [default], iteration 1 started ======
GC before operation: completed in 624.094 ms, heap usage 302.000 MB -> 110.000 MB.
====== finagle-http (web) [default], iteration 1 completed (64541.955 ms) ======
====== finagle-http (web) [default], iteration 2 started ======
GC before operation: completed in 592.905 ms, heap usage 210.000 MB -> 106.000 MB.
====== finagle-http (web) [default], iteration 2 completed (47084.401 ms) ======
====== finagle-http (web) [default], iteration 3 started ======
GC before operation: completed in 565.664 ms, heap usage 206.000 MB -> 108.000 MB.
====== finagle-http (web) [default], iteration 3 completed (42584.179 ms) ======
====== finagle-http (web) [default], iteration 4 started ======
GC before operation: completed in 556.531 ms, heap usage 204.000 MB -> 112.000 MB.
====== finagle-http (web) [default], iteration 4 completed (36589.811 ms) ======
====== finagle-http (web) [default], iteration 5 started ======
GC before operation: completed in 580.418 ms, heap usage 142.000 MB -> 104.000 MB.
====== finagle-http (web) [default], iteration 5 completed (33854.957 ms) ======
====== finagle-http (web) [default], iteration 6 started ======
GC before operation: completed in 570.918 ms, heap usage 376.000 MB -> 106.000 MB.
====== finagle-http (web) [default], iteration 6 completed (32715.221 ms) ======
====== finagle-http (web) [default], iteration 7 started ======
GC before operation: completed in 559.527 ms, heap usage 150.000 MB -> 108.000 MB.
====== finagle-http (web) [default], iteration 7 completed (30060.532 ms) ======
====== finagle-http (web) [default], iteration 8 started ======
GC before operation: completed in 610.403 ms, heap usage 398.000 MB -> 100.000 MB.
====== finagle-http (web) [default], iteration 8 completed (29885.491 ms) ======
====== finagle-http (web) [default], iteration 9 started ======
GC before operation: completed in 569.640 ms, heap usage 374.000 MB -> 118.000 MB.
====== finagle-http (web) [default], iteration 9 completed (27459.869 ms) ======
====== finagle-http (web) [default], iteration 10 started ======
GC before operation: completed in 580.481 ms, heap usage 396.000 MB -> 108.000 MB.
====== finagle-http (web) [default], iteration 10 completed (26510.676 ms) ======
====== finagle-http (web) [default], iteration 11 started ======
GC before operation: completed in 554.893 ms, heap usage 328.000 MB -> 108.000 MB.
====== finagle-http (web) [default], iteration 11 completed (23863.893 ms) ======
====== finagle-http (web) [default], iteration 12 started ======
GC before operation: completed in 551.410 ms, heap usage 356.000 MB -> 112.000 MB.
====== finagle-http (web) [default], iteration 12 completed (23085.592 ms) ======
====== finagle-http (web) [default], iteration 13 started ======
GC before operation: completed in 562.780 ms, heap usage 366.000 MB -> 114.000 MB.
====== finagle-http (web) [default], iteration 13 completed (23865.994 ms) ======
====== finagle-http (web) [default], iteration 14 started ======
GC before operation: completed in 559.367 ms, heap usage 350.000 MB -> 112.000 MB.
====== finagle-http (web) [default], iteration 14 completed (22113.772 ms) ======
====== finagle-http (web) [default], iteration 15 started ======
GC before operation: completed in 572.617 ms, heap usage 324.000 MB -> 114.000 MB.
====== finagle-http (web) [default], iteration 15 completed (21576.084 ms) ======
====== finagle-http (web) [default], iteration 16 started ======
GC before operation: completed in 570.536 ms, heap usage 302.000 MB -> 108.000 MB.
====== finagle-http (web) [default], iteration 16 completed (19442.647 ms) ======
====== finagle-http (web) [default], iteration 17 started ======
GC before operation: completed in 600.542 ms, heap usage 288.000 MB -> 118.000 MB.
====== finagle-http (web) [default], iteration 17 completed (18720.093 ms) ======
====== finagle-http (web) [default], iteration 18 started ======
GC before operation: completed in 599.268 ms, heap usage 288.000 MB -> 110.000 MB.
====== finagle-http (web) [default], iteration 18 completed (18600.227 ms) ======
====== finagle-http (web) [default], iteration 19 started ======
GC before operation: completed in 566.274 ms, heap usage 270.000 MB -> 106.000 MB.
====== finagle-http (web) [default], iteration 19 completed (16867.259 ms) ======
====== finagle-http (web) [default], iteration 20 started ======
GC before operation: completed in 551.258 ms, heap usage 232.000 MB -> 108.000 MB.
====== finagle-http (web) [default], iteration 20 completed (16840.204 ms) ======
====== finagle-http (web) [default], iteration 21 started ======
GC before operation: completed in 578.773 ms, heap usage 252.000 MB -> 110.000 MB.
====== finagle-http (web) [default], iteration 21 completed (16030.744 ms) ======
====== finagle-http (web) [default], iteration 22 started ======
GC before operation: completed in 567.216 ms, heap usage 270.000 MB -> 110.000 MB.
====== finagle-http (web) [default], iteration 22 completed (15185.117 ms) ======
====== finagle-http (web) [default], iteration 23 started ======
GC before operation: completed in 563.618 ms, heap usage 272.000 MB -> 108.000 MB.
====== finagle-http (web) [default], iteration 23 completed (14881.478 ms) ======
====== finagle-http (web) [default], iteration 24 started ======
GC before operation: completed in 579.746 ms, heap usage 262.000 MB -> 114.000 MB.
====== finagle-http (web) [default], iteration 24 completed (14291.688 ms) ======
====== finagle-http (web) [default], iteration 25 started ======
GC before operation: completed in 563.631 ms, heap usage 238.000 MB -> 110.000 MB.
====== finagle-http (web) [default], iteration 25 completed (13589.977 ms) ======
====== finagle-http (web) [default], iteration 26 started ======
GC before operation: completed in 578.534 ms, heap usage 274.000 MB -> 112.000 MB.
====== finagle-http (web) [default], iteration 26 completed (14066.468 ms) ======
====== finagle-http (web) [default], iteration 27 started ======
GC before operation: completed in 544.010 ms, heap usage 264.000 MB -> 114.000 MB.
====== finagle-http (web) [default], iteration 27 completed (13391.660 ms) ======
====== finagle-http (web) [default], iteration 28 started ======
GC before operation: completed in 583.120 ms, heap usage 282.000 MB -> 106.000 MB.
====== finagle-http (web) [default], iteration 28 completed (13625.074 ms) ======
====== finagle-http (web) [default], iteration 29 started ======
GC before operation: completed in 563.225 ms, heap usage 232.000 MB -> 110.000 MB.
====== finagle-http (web) [default], iteration 29 completed (14023.676 ms) ======
====== finagle-http (web) [default], iteration 30 started ======
GC before operation: completed in 576.022 ms, heap usage 202.000 MB -> 108.000 MB.
====== finagle-http (web) [default], iteration 30 completed (13781.374 ms) ======
====== finagle-http (web) [default], iteration 31 started ======
GC before operation: completed in 562.521 ms, heap usage 244.000 MB -> 114.000 MB.
====== finagle-http (web) [default], iteration 31 completed (12233.627 ms) ======
====== finagle-http (web) [default], iteration 32 started ======
GC before operation: completed in 571.528 ms, heap usage 280.000 MB -> 108.000 MB.
====== finagle-http (web) [default], iteration 32 completed (12529.700 ms) ======
====== finagle-http (web) [default], iteration 33 started ======
GC before operation: completed in 553.821 ms, heap usage 302.000 MB -> 110.000 MB.
====== finagle-http (web) [default], iteration 33 completed (14099.751 ms) ======
====== finagle-http (web) [default], iteration 34 started ======
GC before operation: completed in 574.444 ms, heap usage 278.000 MB -> 114.000 MB.
====== finagle-http (web) [default], iteration 34 completed (11477.019 ms) ======
====== finagle-http (web) [default], iteration 35 started ======
GC before operation: completed in 562.456 ms, heap usage 286.000 MB -> 100.000 MB.
====== finagle-http (web) [default], iteration 35 completed (12859.746 ms) ======
====== finagle-http (web) [default], iteration 36 started ======
GC before operation: completed in 575.665 ms, heap usage 236.000 MB -> 104.000 MB.
====== finagle-http (web) [default], iteration 36 completed (11456.765 ms) ======
====== finagle-http (web) [default], iteration 37 started ======
GC before operation: completed in 552.263 ms, heap usage 248.000 MB -> 110.000 MB.
====== finagle-http (web) [default], iteration 37 completed (11500.116 ms) ======
====== finagle-http (web) [default], iteration 38 started ======
GC before operation: completed in 504.994 ms, heap usage 254.000 MB -> 110.000 MB.
====== finagle-http (web) [default], iteration 38 completed (11143.637 ms) ======
====== finagle-http (web) [default], iteration 39 started ======
GC before operation: completed in 545.719 ms, heap usage 258.000 MB -> 98.000 MB.
====== finagle-http (web) [default], iteration 39 completed (12675.030 ms) ======
====== finagle-http (web) [default], iteration 40 started ======
GC before operation: completed in 426.177 ms, heap usage 254.000 MB -> 108.000 MB.
====== finagle-http (web) [default], iteration 40 completed (11350.404 ms) ======
====== finagle-http (web) [default], iteration 41 started ======
GC before operation: completed in 443.482 ms, heap usage 250.000 MB -> 112.000 MB.
====== finagle-http (web) [default], iteration 41 completed (11267.117 ms) ======
====== finagle-http (web) [default], iteration 42 started ======
GC before operation: completed in 436.375 ms, heap usage 282.000 MB -> 108.000 MB.
====== finagle-http (web) [default], iteration 42 completed (11378.093 ms) ======
====== finagle-http (web) [default], iteration 43 started ======
GC before operation: completed in 538.823 ms, heap usage 246.000 MB -> 104.000 MB.
====== finagle-http (web) [default], iteration 43 completed (11514.797 ms) ======
====== finagle-http (web) [default], iteration 44 started ======
GC before operation: completed in 434.784 ms, heap usage 228.000 MB -> 106.000 MB.
====== finagle-http (web) [default], iteration 44 completed (12373.882 ms) ======
====== finagle-http (web) [default], iteration 45 started ======
GC before operation: completed in 554.315 ms, heap usage 250.000 MB -> 106.000 MB.
====== finagle-http (web) [default], iteration 45 completed (11228.866 ms) ======
====== finagle-http (web) [default], iteration 46 started ======
GC before operation: completed in 439.998 ms, heap usage 250.000 MB -> 114.000 MB.
====== finagle-http (web) [default], iteration 46 completed (11213.796 ms) ======
====== finagle-http (web) [default], iteration 47 started ======
GC before operation: completed in 446.256 ms, heap usage 288.000 MB -> 106.000 MB.
====== finagle-http (web) [default], iteration 47 completed (11312.026 ms) ======
====== finagle-http (web) [default], iteration 48 started ======
GC before operation: completed in 513.587 ms, heap usage 274.000 MB -> 112.000 MB.
====== finagle-http (web) [default], iteration 48 completed (11535.760 ms) ======
====== finagle-http (web) [default], iteration 49 started ======
GC before operation: completed in 537.080 ms, heap usage 244.000 MB -> 106.000 MB.
====== finagle-http (web) [default], iteration 49 completed (11467.455 ms) ======
====== finagle-http (web) [default], iteration 50 started ======
GC before operation: completed in 436.100 ms, heap usage 270.000 MB -> 110.000 MB.
====== finagle-http (web) [default], iteration 50 completed (11192.381 ms) ======
====== finagle-http (web) [default], iteration 51 started ======
GC before operation: completed in 442.715 ms, heap usage 242.000 MB -> 108.000 MB.
====== finagle-http (web) [default], iteration 51 completed (11120.911 ms) ======
====== finagle-http (web) [default], iteration 52 started ======
GC before operation: completed in 533.839 ms, heap usage 278.000 MB -> 112.000 MB.
====== finagle-http (web) [default], iteration 52 completed (11430.779 ms) ======
====== finagle-http (web) [default], iteration 53 started ======
GC before operation: completed in 540.571 ms, heap usage 314.000 MB -> 110.000 MB.
====== finagle-http (web) [default], iteration 53 completed (11599.787 ms) ======
====== finagle-http (web) [default], iteration 54 started ======
GC before operation: completed in 532.985 ms, heap usage 292.000 MB -> 114.000 MB.
====== finagle-http (web) [default], iteration 54 completed (11397.494 ms) ======
====== finagle-http (web) [default], iteration 55 started ======
GC before operation: completed in 516.928 ms, heap usage 282.000 MB -> 102.000 MB.
====== finagle-http (web) [default], iteration 55 completed (11083.989 ms) ======
====== finagle-http (web) [default], iteration 56 started ======
GC before operation: completed in 437.321 ms, heap usage 290.000 MB -> 116.000 MB.
====== finagle-http (web) [default], iteration 56 completed (11162.979 ms) ======
====== finagle-http (web) [default], iteration 57 started ======
GC before operation: completed in 541.275 ms, heap usage 290.000 MB -> 110.000 MB.
====== finagle-http (web) [default], iteration 57 completed (11151.209 ms) ======
====== finagle-http (web) [default], iteration 58 started ======
GC before operation: completed in 426.275 ms, heap usage 254.000 MB -> 108.000 MB.
====== finagle-http (web) [default], iteration 58 completed (11178.171 ms) ======
====== finagle-http (web) [default], iteration 59 started ======
GC before operation: completed in 441.151 ms, heap usage 264.000 MB -> 104.000 MB.
====== finagle-http (web) [default], iteration 59 completed (11169.748 ms) ======
====== finagle-http (web) [default], iteration 60 started ======
GC before operation: completed in 433.506 ms, heap usage 290.000 MB -> 114.000 MB.
====== finagle-http (web) [default], iteration 60 completed (11175.173 ms) ======
====== finagle-http (web) [default], iteration 61 started ======
GC before operation: completed in 430.365 ms, heap usage 302.000 MB -> 106.000 MB.
====== finagle-http (web) [default], iteration 61 completed (11136.100 ms) ======
====== finagle-http (web) [default], iteration 62 started ======
GC before operation: completed in 508.947 ms, heap usage 286.000 MB -> 106.000 MB.
====== finagle-http (web) [default], iteration 62 completed (11284.601 ms) ======
====== finagle-http (web) [default], iteration 63 started ======
GC before operation: completed in 486.639 ms, heap usage 258.000 MB -> 112.000 MB.
====== finagle-http (web) [default], iteration 63 completed (11884.009 ms) ======
====== finagle-http (web) [default], iteration 64 started ======
GC before operation: completed in 556.273 ms, heap usage 282.000 MB -> 110.000 MB.
====== finagle-http (web) [default], iteration 64 completed (11229.820 ms) ======
====== finagle-http (web) [default], iteration 65 started ======
GC before operation: completed in 426.939 ms, heap usage 256.000 MB -> 116.000 MB.
====== finagle-http (web) [default], iteration 65 completed (11329.796 ms) ======
====== finagle-http (web) [default], iteration 66 started ======
GC before operation: completed in 524.418 ms, heap usage 302.000 MB -> 112.000 MB.
====== finagle-http (web) [default], iteration 66 completed (11442.935 ms) ======
====== finagle-http (web) [default], iteration 67 started ======
GC before operation: completed in 453.150 ms, heap usage 268.000 MB -> 110.000 MB.
====== finagle-http (web) [default], iteration 67 completed (11871.914 ms) ======
====== finagle-http (web) [default], iteration 68 started ======
GC before operation: completed in 422.769 ms, heap usage 270.000 MB -> 110.000 MB.
====== finagle-http (web) [default], iteration 68 completed (11379.636 ms) ======
====== finagle-http (web) [default], iteration 69 started ======
GC before operation: completed in 426.747 ms, heap usage 262.000 MB -> 112.000 MB.
====== finagle-http (web) [default], iteration 69 completed (11390.833 ms) ======
====== finagle-http (web) [default], iteration 70 started ======
GC before operation: completed in 474.128 ms, heap usage 276.000 MB -> 102.000 MB.
====== finagle-http (web) [default], iteration 70 completed (11533.213 ms) ======
====== finagle-http (web) [default], iteration 71 started ======
GC before operation: completed in 508.267 ms, heap usage 286.000 MB -> 112.000 MB.
====== finagle-http (web) [default], iteration 71 completed (11385.915 ms) ======
====== finagle-http (web) [default], iteration 72 started ======
GC before operation: completed in 438.258 ms, heap usage 268.000 MB -> 102.000 MB.
====== finagle-http (web) [default], iteration 72 completed (11318.332 ms) ======
====== finagle-http (web) [default], iteration 73 started ======
GC before operation: completed in 540.665 ms, heap usage 280.000 MB -> 98.000 MB.
====== finagle-http (web) [default], iteration 73 completed (11429.376 ms) ======
====== finagle-http (web) [default], iteration 74 started ======
GC before operation: completed in 427.335 ms, heap usage 254.000 MB -> 110.000 MB.
====== finagle-http (web) [default], iteration 74 completed (11341.882 ms) ======
====== finagle-http (web) [default], iteration 75 started ======
GC before operation: completed in 437.171 ms, heap usage 282.000 MB -> 106.000 MB.
====== finagle-http (web) [default], iteration 75 completed (11429.793 ms) ======
====== finagle-http (web) [default], iteration 76 started ======
GC before operation: completed in 511.139 ms, heap usage 264.000 MB -> 108.000 MB.
====== finagle-http (web) [default], iteration 76 completed (11355.604 ms) ======
====== finagle-http (web) [default], iteration 77 started ======
GC before operation: completed in 430.332 ms, heap usage 242.000 MB -> 110.000 MB.
====== finagle-http (web) [default], iteration 77 completed (11351.658 ms) ======
====== finagle-http (web) [default], iteration 78 started ======
GC before operation: completed in 433.257 ms, heap usage 264.000 MB -> 112.000 MB.
====== finagle-http (web) [default], iteration 78 completed (11349.879 ms) ======
====== finagle-http (web) [default], iteration 79 started ======
GC before operation: completed in 425.158 ms, heap usage 296.000 MB -> 110.000 MB.
====== finagle-http (web) [default], iteration 79 completed (11326.662 ms) ======
====== finagle-http (web) [default], iteration 80 started ======
GC before operation: completed in 429.652 ms, heap usage 246.000 MB -> 114.000 MB.
====== finagle-http (web) [default], iteration 80 completed (11329.988 ms) ======
====== finagle-http (web) [default], iteration 81 started ======
GC before operation: completed in 500.704 ms, heap usage 264.000 MB -> 102.000 MB.
====== finagle-http (web) [default], iteration 81 completed (11310.119 ms) ======
====== finagle-http (web) [default], iteration 82 started ======
GC before operation: completed in 430.526 ms, heap usage 258.000 MB -> 116.000 MB.
====== finagle-http (web) [default], iteration 82 completed (11292.890 ms) ======
====== finagle-http (web) [default], iteration 83 started ======
GC before operation: completed in 439.364 ms, heap usage 286.000 MB -> 104.000 MB.
====== finagle-http (web) [default], iteration 83 completed (11168.212 ms) ======
====== finagle-http (web) [default], iteration 84 started ======
GC before operation: completed in 427.732 ms, heap usage 250.000 MB -> 114.000 MB.
====== finagle-http (web) [default], iteration 84 completed (11323.103 ms) ======
====== finagle-http (web) [default], iteration 85 started ======
GC before operation: completed in 460.976 ms, heap usage 274.000 MB -> 116.000 MB.
====== finagle-http (web) [default], iteration 85 completed (11240.392 ms) ======
====== finagle-http (web) [default], iteration 86 started ======
GC before operation: completed in 530.608 ms, heap usage 272.000 MB -> 108.000 MB.
====== finagle-http (web) [default], iteration 86 completed (11341.975 ms) ======
====== finagle-http (web) [default], iteration 87 started ======
GC before operation: completed in 433.800 ms, heap usage 250.000 MB -> 110.000 MB.
====== finagle-http (web) [default], iteration 87 completed (11583.435 ms) ======
====== finagle-http (web) [default], iteration 88 started ======
GC before operation: completed in 424.330 ms, heap usage 234.000 MB -> 104.000 MB.
====== finagle-http (web) [default], iteration 88 completed (11291.200 ms) ======
====== finagle-http (web) [default], iteration 89 started ======
GC before operation: completed in 433.504 ms, heap usage 234.000 MB -> 108.000 MB.
====== finagle-http (web) [default], iteration 89 completed (11712.711 ms) ======
====== finagle-http (web) [default], iteration 90 started ======
GC before operation: completed in 513.004 ms, heap usage 230.000 MB -> 108.000 MB.
====== finagle-http (web) [default], iteration 90 completed (11526.765 ms) ======
====== finagle-http (web) [default], iteration 91 started ======
GC before operation: completed in 425.895 ms, heap usage 242.000 MB -> 108.000 MB.
====== finagle-http (web) [default], iteration 91 completed (11304.757 ms) ======
====== finagle-http (web) [default], iteration 92 started ======
GC before operation: completed in 566.806 ms, heap usage 250.000 MB -> 100.000 MB.
====== finagle-http (web) [default], iteration 92 completed (11690.922 ms) ======
====== finagle-http (web) [default], iteration 93 started ======
GC before operation: completed in 442.265 ms, heap usage 272.000 MB -> 116.000 MB.
====== finagle-http (web) [default], iteration 93 completed (11544.374 ms) ======
====== finagle-http (web) [default], iteration 94 started ======
GC before operation: completed in 475.407 ms, heap usage 274.000 MB -> 102.000 MB.
====== finagle-http (web) [default], iteration 94 completed (11326.094 ms) ======
====== finagle-http (web) [default], iteration 95 started ======
GC before operation: completed in 434.417 ms, heap usage 266.000 MB -> 112.000 MB.
====== finagle-http (web) [default], iteration 95 completed (11407.149 ms) ======
====== finagle-http (web) [default], iteration 96 started ======
GC before operation: completed in 423.646 ms, heap usage 260.000 MB -> 108.000 MB.
====== finagle-http (web) [default], iteration 96 completed (11323.839 ms) ======
====== finagle-http (web) [default], iteration 97 started ======
GC before operation: completed in 438.447 ms, heap usage 250.000 MB -> 108.000 MB.
====== finagle-http (web) [default], iteration 97 completed (11374.253 ms) ======
====== finagle-http (web) [default], iteration 98 started ======
GC before operation: completed in 450.112 ms, heap usage 270.000 MB -> 98.000 MB.
====== finagle-http (web) [default], iteration 98 completed (11338.162 ms) ======
====== finagle-http (web) [default], iteration 99 started ======
GC before operation: completed in 431.590 ms, heap usage 232.000 MB -> 106.000 MB.
====== finagle-http (web) [default], iteration 99 completed (11504.307 ms) ======
Master port: 35237
Cache ports: 41905, 35557, 37675, 46107
====== finagle-chirper (web) [default], iteration 0 started ======
Resetting master, feed map size: 5000
GC before operation: completed in 756.093 ms, heap usage 192.000 MB -> 156.000 MB.
WARNING: This benchmark provides no result that can be validated.
There is no way to check that no silent failure occurred.
====== finagle-chirper (web) [default], iteration 0 completed (87940.112 ms) ======
====== finagle-chirper (web) [default], iteration 1 started ======
Resetting master, feed map size: 5000
GC before operation: completed in 937.190 ms, heap usage 350.000 MB -> 178.000 MB.
WARNING: This benchmark provides no result that can be validated.
There is no way to check that no silent failure occurred.
====== finagle-chirper (web) [default], iteration 1 completed (53870.349 ms) ======
====== finagle-chirper (web) [default], iteration 2 started ======
Resetting master, feed map size: 5000
GC before operation: completed in 947.453 ms, heap usage 262.000 MB -> 174.000 MB.
WARNING: This benchmark provides no result that can be validated.
There is no way to check that no silent failure occurred.
====== finagle-chirper (web) [default], iteration 2 completed (42033.202 ms) ======
====== finagle-chirper (web) [default], iteration 3 started ======
Resetting master, feed map size: 5000
GC before operation: completed in 923.010 ms, heap usage 292.000 MB -> 172.000 MB.
WARNING: This benchmark provides no result that can be validated.
There is no way to check that no silent failure occurred.
====== finagle-chirper (web) [default], iteration 3 completed (35958.924 ms) ======
====== finagle-chirper (web) [default], iteration 4 started ======
Resetting master, feed map size: 5000
GC before operation: completed in 944.237 ms, heap usage 266.000 MB -> 162.000 MB.
WARNING: This benchmark provides no result that can be validated.
There is no way to check that no silent failure occurred.
====== finagle-chirper (web) [default], iteration 4 completed (32222.592 ms) ======
====== finagle-chirper (web) [default], iteration 5 started ======
Resetting master, feed map size: 5000
GC before operation: completed in 914.999 ms, heap usage 274.000 MB -> 172.000 MB.
WARNING: This benchmark provides no result that can be validated.
There is no way to check that no silent failure occurred.
====== finagle-chirper (web) [default], iteration 5 completed (28205.153 ms) ======
====== finagle-chirper (web) [default], iteration 6 started ======
Resetting master, feed map size: 5000
GC before operation: completed in 952.110 ms, heap usage 244.000 MB -> 168.000 MB.
WARNING: This benchmark provides no result that can be validated.
There is no way to check that no silent failure occurred.
====== finagle-chirper (web) [default], iteration 6 completed (26980.607 ms) ======
====== finagle-chirper (web) [default], iteration 7 started ======
Resetting master, feed map size: 5000
GC before operation: completed in 886.924 ms, heap usage 340.000 MB -> 176.000 MB.
WARNING: This benchmark provides no result that can be validated.
There is no way to check that no silent failure occurred.
====== finagle-chirper (web) [default], iteration 7 completed (24663.609 ms) ======
====== finagle-chirper (web) [default], iteration 8 started ======
Resetting master, feed map size: 5000
GC before operation: completed in 851.846 ms, heap usage 244.000 MB -> 178.000 MB.
WARNING: This benchmark provides no result that can be validated.
There is no way to check that no silent failure occurred.
====== finagle-chirper (web) [default], iteration 8 completed (23632.366 ms) ======
====== finagle-chirper (web) [default], iteration 9 started ======
Resetting master, feed map size: 5000
GC before operation: completed in 954.717 ms, heap usage 292.000 MB -> 176.000 MB.
WARNING: This benchmark provides no result that can be validated.
There is no way to check that no silent failure occurred.
====== finagle-chirper (web) [default], iteration 9 completed (21892.136 ms) ======
====== finagle-chirper (web) [default], iteration 10 started ======
Resetting master, feed map size: 5000
GC before operation: completed in 971.246 ms, heap usage 444.000 MB -> 174.000 MB.
WARNING: This benchmark provides no result that can be validated.
There is no way to check that no silent failure occurred.
====== finagle-chirper (web) [default], iteration 10 completed (19696.686 ms) ======
====== finagle-chirper (web) [default], iteration 11 started ======
Resetting master, feed map size: 5000
GC before operation: completed in 854.908 ms, heap usage 428.000 MB -> 176.000 MB.
WARNING: This benchmark provides no result that can be validated.
There is no way to check that no silent failure occurred.
====== finagle-chirper (web) [default], iteration 11 completed (18869.064 ms) ======
====== finagle-chirper (web) [default], iteration 12 started ======
Resetting master, feed map size: 5000
GC before operation: completed in 896.574 ms, heap usage 382.000 MB -> 180.000 MB.
WARNING: This benchmark provides no result that can be validated.
There is no way to check that no silent failure occurred.
====== finagle-chirper (web) [default], iteration 12 completed (17828.439 ms) ======
====== finagle-chirper (web) [default], iteration 13 started ======
Resetting master, feed map size: 5000
GC before operation: completed in 864.643 ms, heap usage 254.000 MB -> 164.000 MB.
WARNING: This benchmark provides no result that can be validated.
There is no way to check that no silent failure occurred.
====== finagle-chirper (web) [default], iteration 13 completed (17211.933 ms) ======
====== finagle-chirper (web) [default], iteration 14 started ======
Resetting master, feed map size: 5000
GC before operation: completed in 835.297 ms, heap usage 364.000 MB -> 168.000 MB.
WARNING: This benchmark provides no result that can be validated.
There is no way to check that no silent failure occurred.
====== finagle-chirper (web) [default], iteration 14 completed (16838.702 ms) ======
====== finagle-chirper (web) [default], iteration 15 started ======
Resetting master, feed map size: 5000
GC before operation: completed in 846.071 ms, heap usage 364.000 MB -> 174.000 MB.
WARNING: This benchmark provides no result that can be validated.
There is no way to check that no silent failure occurred.
====== finagle-chirper (web) [default], iteration 15 completed (16352.636 ms) ======
====== finagle-chirper (web) [default], iteration 16 started ======
Resetting master, feed map size: 5000
GC before operation: completed in 902.863 ms, heap usage 312.000 MB -> 176.000 MB.
WARNING: This benchmark provides no result that can be validated.
There is no way to check that no silent failure occurred.
====== finagle-chirper (web) [default], iteration 16 completed (15788.770 ms) ======
====== finagle-chirper (web) [default], iteration 17 started ======
Resetting master, feed map size: 5000
GC before operation: completed in 893.094 ms, heap usage 370.000 MB -> 168.000 MB.
WARNING: This benchmark provides no result that can be validated.
There is no way to check that no silent failure occurred.
====== finagle-chirper (web) [default], iteration 17 completed (15553.334 ms) ======
====== finagle-chirper (web) [default], iteration 18 started ======
Resetting master, feed map size: 5000
GC before operation: completed in 889.132 ms, heap usage 340.000 MB -> 174.000 MB.
WARNING: This benchmark provides no result that can be validated.
There is no way to check that no silent failure occurred.
====== finagle-chirper (web) [default], iteration 18 completed (14962.570 ms) ======
====== finagle-chirper (web) [default], iteration 19 started ======
Resetting master, feed map size: 5000
GC before operation: completed in 874.232 ms, heap usage 312.000 MB -> 184.000 MB.
WARNING: This benchmark provides no result that can be validated.
There is no way to check that no silent failure occurred.
====== finagle-chirper (web) [default], iteration 19 completed (14883.426 ms) ======
====== finagle-chirper (web) [default], iteration 20 started ======
Resetting master, feed map size: 5000
GC before operation: completed in 903.788 ms, heap usage 338.000 MB -> 188.000 MB.
WARNING: This benchmark provides no result that can be validated.
There is no way to check that no silent failure occurred.
====== finagle-chirper (web) [default], iteration 20 completed (14944.396 ms) ======
====== finagle-chirper (web) [default], iteration 21 started ======
Resetting master, feed map size: 5000
GC before operation: completed in 863.699 ms, heap usage 382.000 MB -> 188.000 MB.
WARNING: This benchmark provides no result that can be validated.
There is no way to check that no silent failure occurred.
====== finagle-chirper (web) [default], iteration 21 completed (14991.379 ms) ======
====== finagle-chirper (web) [default], iteration 22 started ======
Resetting master, feed map size: 5000
GC before operation: completed in 851.774 ms, heap usage 392.000 MB -> 180.000 MB.
WARNING: This benchmark provides no result that can be validated.
There is no way to check that no silent failure occurred.
====== finagle-chirper (web) [default], iteration 22 completed (14708.274 ms) ======
====== finagle-chirper (web) [default], iteration 23 started ======
Resetting master, feed map size: 5000
GC before operation: completed in 895.704 ms, heap usage 336.000 MB -> 174.000 MB.
WARNING: This benchmark provides no result that can be validated.
There is no way to check that no silent failure occurred.
====== finagle-chirper (web) [default], iteration 23 completed (14935.065 ms) ======
====== finagle-chirper (web) [default], iteration 24 started ======
Resetting master, feed map size: 5000
GC before operation: completed in 892.366 ms, heap usage 312.000 MB -> 186.000 MB.
WARNING: This benchmark provides no result that can be validated.
There is no way to check that no silent failure occurred.
====== finagle-chirper (web) [default], iteration 24 completed (14622.472 ms) ======
====== finagle-chirper (web) [default], iteration 25 started ======
Resetting master, feed map size: 5000
GC before operation: completed in 868.399 ms, heap usage 326.000 MB -> 186.000 MB.
WARNING: This benchmark provides no result that can be validated.
There is no way to check that no silent failure occurred.
====== finagle-chirper (web) [default], iteration 25 completed (14746.020 ms) ======
====== finagle-chirper (web) [default], iteration 26 started ======
Resetting master, feed map size: 5000
GC before operation: completed in 879.669 ms, heap usage 386.000 MB -> 186.000 MB.
WARNING: This benchmark provides no result that can be validated.
There is no way to check that no silent failure occurred.
====== finagle-chirper (web) [default], iteration 26 completed (14500.523 ms) ======
====== finagle-chirper (web) [default], iteration 27 started ======
Resetting master, feed map size: 5000
GC before operation: completed in 867.608 ms, heap usage 352.000 MB -> 184.000 MB.
WARNING: This benchmark provides no result that can be validated.
There is no way to check that no silent failure occurred.
====== finagle-chirper (web) [default], iteration 27 completed (14302.797 ms) ======
====== finagle-chirper (web) [default], iteration 28 started ======
Resetting master, feed map size: 5000
GC before operation: completed in 850.249 ms, heap usage 316.000 MB -> 176.000 MB.
WARNING: This benchmark provides no result that can be validated.
There is no way to check that no silent failure occurred.
====== finagle-chirper (web) [default], iteration 28 completed (13890.300 ms) ======
====== finagle-chirper (web) [default], iteration 29 started ======
Resetting master, feed map size: 5000
GC before operation: completed in 835.173 ms, heap usage 280.000 MB -> 166.000 MB.
WARNING: This benchmark provides no result that can be validated.
There is no way to check that no silent failure occurred.
====== finagle-chirper (web) [default], iteration 29 completed (13392.655 ms) ======
====== finagle-chirper (web) [default], iteration 30 started ======
Resetting master, feed map size: 5000
GC before operation: completed in 817.046 ms, heap usage 258.000 MB -> 168.000 MB.
WARNING: This benchmark provides no result that can be validated.
There is no way to check that no silent failure occurred.
====== finagle-chirper (web) [default], iteration 30 completed (10038.061 ms) ======
====== finagle-chirper (web) [default], iteration 31 started ======
Resetting master, feed map size: 5000
GC before operation: completed in 663.920 ms, heap usage 298.000 MB -> 178.000 MB.
WARNING: This benchmark provides no result that can be validated.
There is no way to check that no silent failure occurred.
====== finagle-chirper (web) [default], iteration 31 completed (12179.234 ms) ======
====== finagle-chirper (web) [default], iteration 32 started ======
Resetting master, feed map size: 5000
GC before operation: completed in 830.695 ms, heap usage 318.000 MB -> 172.000 MB.
WARNING: This benchmark provides no result that can be validated.
There is no way to check that no silent failure occurred.
====== finagle-chirper (web) [default], iteration 32 completed (12380.140 ms) ======
====== finagle-chirper (web) [default], iteration 33 started ======
Resetting master, feed map size: 5000
GC before operation: completed in 884.786 ms, heap usage 330.000 MB -> 172.000 MB.
WARNING: This benchmark provides no result that can be validated.
There is no way to check that no silent failure occurred.
====== finagle-chirper (web) [default], iteration 33 completed (13262.352 ms) ======
====== finagle-chirper (web) [default], iteration 34 started ======
Resetting master, feed map size: 5000
GC before operation: completed in 867.238 ms, heap usage 344.000 MB -> 168.000 MB.
WARNING: This benchmark provides no result that can be validated.
There is no way to check that no silent failure occurred.
====== finagle-chirper (web) [default], iteration 34 completed (13471.289 ms) ======
====== finagle-chirper (web) [default], iteration 35 started ======
Resetting master, feed map size: 5000
GC before operation: completed in 856.284 ms, heap usage 326.000 MB -> 170.000 MB.
WARNING: This benchmark provides no result that can be validated.
There is no way to check that no silent failure occurred.
====== finagle-chirper (web) [default], iteration 35 completed (12721.433 ms) ======
====== finagle-chirper (web) [default], iteration 36 started ======
Resetting master, feed map size: 5000
GC before operation: completed in 841.445 ms, heap usage 296.000 MB -> 176.000 MB.
WARNING: This benchmark provides no result that can be validated.
There is no way to check that no silent failure occurred.
====== finagle-chirper (web) [default], iteration 36 completed (12628.491 ms) ======
====== finagle-chirper (web) [default], iteration 37 started ======
Resetting master, feed map size: 5000
GC before operation: completed in 792.233 ms, heap usage 348.000 MB -> 166.000 MB.
WARNING: This benchmark provides no result that can be validated.
There is no way to check that no silent failure occurred.
====== finagle-chirper (web) [default], iteration 37 completed (9595.975 ms) ======
====== finagle-chirper (web) [default], iteration 38 started ======
Resetting master, feed map size: 5000
GC before operation: completed in 864.214 ms, heap usage 332.000 MB -> 174.000 MB.
WARNING: This benchmark provides no result that can be validated.
There is no way to check that no silent failure occurred.
====== finagle-chirper (web) [default], iteration 38 completed (13141.360 ms) ======
====== finagle-chirper (web) [default], iteration 39 started ======
Resetting master, feed map size: 5000
GC before operation: completed in 832.356 ms, heap usage 326.000 MB -> 172.000 MB.
WARNING: This benchmark provides no result that can be validated.
There is no way to check that no silent failure occurred.
====== finagle-chirper (web) [default], iteration 39 completed (11258.084 ms) ======
====== finagle-chirper (web) [default], iteration 40 started ======
Resetting master, feed map size: 5000
GC before operation: completed in 831.017 ms, heap usage 348.000 MB -> 168.000 MB.
WARNING: This benchmark provides no result that can be validated.
There is no way to check that no silent failure occurred.
====== finagle-chirper (web) [default], iteration 40 completed (12153.654 ms) ======
====== finagle-chirper (web) [default], iteration 41 started ======
Resetting master, feed map size: 5000
GC before operation: completed in 852.093 ms, heap usage 342.000 MB -> 174.000 MB.
WARNING: This benchmark provides no result that can be validated.
There is no way to check that no silent failure occurred.
====== finagle-chirper (web) [default], iteration 41 completed (11421.085 ms) ======
====== finagle-chirper (web) [default], iteration 42 started ======
Resetting master, feed map size: 5000
GC before operation: completed in 861.997 ms, heap usage 366.000 MB -> 176.000 MB.
WARNING: This benchmark provides no result that can be validated.
There is no way to check that no silent failure occurred.
====== finagle-chirper (web) [default], iteration 42 completed (12971.755 ms) ======
====== finagle-chirper (web) [default], iteration 43 started ======
Resetting master, feed map size: 5000
GC before operation: completed in 843.802 ms, heap usage 342.000 MB -> 168.000 MB.
WARNING: This benchmark provides no result that can be validated.
There is no way to check that no silent failure occurred.
====== finagle-chirper (web) [default], iteration 43 completed (12460.899 ms) ======
====== finagle-chirper (web) [default], iteration 44 started ======
Resetting master, feed map size: 5000
GC before operation: completed in 679.937 ms, heap usage 306.000 MB -> 166.000 MB.
WARNING: This benchmark provides no result that can be validated.
There is no way to check that no silent failure occurred.
====== finagle-chirper (web) [default], iteration 44 completed (8010.055 ms) ======
====== finagle-chirper (web) [default], iteration 45 started ======
Resetting master, feed map size: 5000
GC before operation: completed in 824.203 ms, heap usage 432.000 MB -> 164.000 MB.
WARNING: This benchmark provides no result that can be validated.
There is no way to check that no silent failure occurred.
====== finagle-chirper (web) [default], iteration 45 completed (8806.892 ms) ======
====== finagle-chirper (web) [default], iteration 46 started ======
Resetting master, feed map size: 5000
GC before operation: completed in 668.011 ms, heap usage 374.000 MB -> 174.000 MB.
WARNING: This benchmark provides no result that can be validated.
There is no way to check that no silent failure occurred.
====== finagle-chirper (web) [default], iteration 46 completed (7140.934 ms) ======
====== finagle-chirper (web) [default], iteration 47 started ======
Resetting master, feed map size: 5000
GC before operation: completed in 755.624 ms, heap usage 246.000 MB -> 168.000 MB.
WARNING: This benchmark provides no result that can be validated.
There is no way to check that no silent failure occurred.
====== finagle-chirper (web) [default], iteration 47 completed (7424.810 ms) ======
====== finagle-chirper (web) [default], iteration 48 started ======
Resetting master, feed map size: 5000
GC before operation: completed in 665.572 ms, heap usage 406.000 MB -> 172.000 MB.
WARNING: This benchmark provides no result that can be validated.
There is no way to check that no silent failure occurred.
====== finagle-chirper (web) [default], iteration 48 completed (7054.758 ms) ======
====== finagle-chirper (web) [default], iteration 49 started ======
Resetting master, feed map size: 5000
GC before operation: completed in 741.881 ms, heap usage 276.000 MB -> 162.000 MB.
WARNING: This benchmark provides no result that can be validated.
There is no way to check that no silent failure occurred.
====== finagle-chirper (web) [default], iteration 49 completed (7941.636 ms) ======
====== finagle-chirper (web) [default], iteration 50 started ======
Resetting master, feed map size: 5000
GC before operation: completed in 735.612 ms, heap usage 334.000 MB -> 178.000 MB.
WARNING: This benchmark provides no result that can be validated.
There is no way to check that no silent failure occurred.
====== finagle-chirper (web) [default], iteration 50 completed (7635.387 ms) ======
====== finagle-chirper (web) [default], iteration 51 started ======
Resetting master, feed map size: 5000
GC before operation: completed in 714.091 ms, heap usage 274.000 MB -> 166.000 MB.
WARNING: This benchmark provides no result that can be validated.
There is no way to check that no silent failure occurred.
====== finagle-chirper (web) [default], iteration 51 completed (7011.296 ms) ======
====== finagle-chirper (web) [default], iteration 52 started ======
Resetting master, feed map size: 5000
GC before operation: completed in 668.962 ms, heap usage 364.000 MB -> 170.000 MB.
WARNING: This benchmark provides no result that can be validated.
There is no way to check that no silent failure occurred.
====== finagle-chirper (web) [default], iteration 52 completed (6999.224 ms) ======
====== finagle-chirper (web) [default], iteration 53 started ======
Resetting master, feed map size: 5000
GC before operation: completed in 818.328 ms, heap usage 390.000 MB -> 172.000 MB.
WARNING: This benchmark provides no result that can be validated.
There is no way to check that no silent failure occurred.
====== finagle-chirper (web) [default], iteration 53 completed (8077.235 ms) ======
====== finagle-chirper (web) [default], iteration 54 started ======
Resetting master, feed map size: 5000
GC before operation: completed in 670.670 ms, heap usage 382.000 MB -> 174.000 MB.
WARNING: This benchmark provides no result that can be validated.
There is no way to check that no silent failure occurred.
====== finagle-chirper (web) [default], iteration 54 completed (11479.689 ms) ======
====== finagle-chirper (web) [default], iteration 55 started ======
Resetting master, feed map size: 5000
GC before operation: completed in 687.623 ms, heap usage 346.000 MB -> 170.000 MB.
WARNING: This benchmark provides no result that can be validated.
There is no way to check that no silent failure occurred.
====== finagle-chirper (web) [default], iteration 55 completed (10599.852 ms) ======
====== finagle-chirper (web) [default], iteration 56 started ======
Resetting master, feed map size: 5000
GC before operation: completed in 801.719 ms, heap usage 356.000 MB -> 172.000 MB.
WARNING: This benchmark provides no result that can be validated.
There is no way to check that no silent failure occurred.
====== finagle-chirper (web) [default], iteration 56 completed (7555.778 ms) ======
====== finagle-chirper (web) [default], iteration 57 started ======
Resetting master, feed map size: 5000
GC before operation: completed in 681.868 ms, heap usage 378.000 MB -> 172.000 MB.
WARNING: This benchmark provides no result that can be validated.
There is no way to check that no silent failure occurred.
====== finagle-chirper (web) [default], iteration 57 completed (11465.811 ms) ======
====== finagle-chirper (web) [default], iteration 58 started ======
Resetting master, feed map size: 5000
GC before operation: completed in 841.698 ms, heap usage 396.000 MB -> 172.000 MB.
WARNING: This benchmark provides no result that can be validated.
There is no way to check that no silent failure occurred.
====== finagle-chirper (web) [default], iteration 58 completed (9821.837 ms) ======
====== finagle-chirper (web) [default], iteration 59 started ======
Resetting master, feed map size: 5000
GC before operation: completed in 845.575 ms, heap usage 352.000 MB -> 176.000 MB.
WARNING: This benchmark provides no result that can be validated.
There is no way to check that no silent failure occurred.
====== finagle-chirper (web) [default], iteration 59 completed (9828.838 ms) ======
====== finagle-chirper (web) [default], iteration 60 started ======
Resetting master, feed map size: 5000
GC before operation: completed in 859.981 ms, heap usage 330.000 MB -> 178.000 MB.
WARNING: This benchmark provides no result that can be validated.
There is no way to check that no silent failure occurred.
====== finagle-chirper (web) [default], iteration 60 completed (11634.846 ms) ======
====== finagle-chirper (web) [default], iteration 61 started ======
Resetting master, feed map size: 5000
GC before operation: completed in 857.222 ms, heap usage 312.000 MB -> 172.000 MB.
WARNING: This benchmark provides no result that can be validated.
There is no way to check that no silent failure occurred.
====== finagle-chirper (web) [default], iteration 61 completed (10039.759 ms) ======
====== finagle-chirper (web) [default], iteration 62 started ======
Resetting master, feed map size: 5000
GC before operation: completed in 672.064 ms, heap usage 380.000 MB -> 176.000 MB.
WARNING: This benchmark provides no result that can be validated.
There is no way to check that no silent failure occurred.
====== finagle-chirper (web) [default], iteration 62 completed (6551.014 ms) ======
====== finagle-chirper (web) [default], iteration 63 started ======
Resetting master, feed map size: 5000
GC before operation: completed in 691.254 ms, heap usage 312.000 MB -> 170.000 MB.
WARNING: This benchmark provides no result that can be validated.
There is no way to check that no silent failure occurred.
====== finagle-chirper (web) [default], iteration 63 completed (6918.767 ms) ======
====== finagle-chirper (web) [default], iteration 64 started ======
Resetting master, feed map size: 5000
GC before operation: completed in 669.263 ms, heap usage 290.000 MB -> 168.000 MB.
WARNING: This benchmark provides no result that can be validated.
There is no way to check that no silent failure occurred.
====== finagle-chirper (web) [default], iteration 64 completed (6879.839 ms) ======
====== finagle-chirper (web) [default], iteration 65 started ======
Resetting master, feed map size: 5000
GC before operation: completed in 674.373 ms, heap usage 286.000 MB -> 168.000 MB.
WARNING: This benchmark provides no result that can be validated.
There is no way to check that no silent failure occurred.
====== finagle-chirper (web) [default], iteration 65 completed (7243.899 ms) ======
====== finagle-chirper (web) [default], iteration 66 started ======
Resetting master, feed map size: 5000
GC before operation: completed in 668.404 ms, heap usage 268.000 MB -> 172.000 MB.
WARNING: This benchmark provides no result that can be validated.
There is no way to check that no silent failure occurred.
====== finagle-chirper (web) [default], iteration 66 completed (6675.561 ms) ======
====== finagle-chirper (web) [default], iteration 67 started ======
Resetting master, feed map size: 5000
GC before operation: completed in 673.727 ms, heap usage 268.000 MB -> 166.000 MB.
WARNING: This benchmark provides no result that can be validated.
There is no way to check that no silent failure occurred.
====== finagle-chirper (web) [default], iteration 67 completed (6854.646 ms) ======
====== finagle-chirper (web) [default], iteration 68 started ======
Resetting master, feed map size: 5000
GC before operation: completed in 662.904 ms, heap usage 266.000 MB -> 168.000 MB.
WARNING: This benchmark provides no result that can be validated.
There is no way to check that no silent failure occurred.
====== finagle-chirper (web) [default], iteration 68 completed (12131.881 ms) ======
====== finagle-chirper (web) [default], iteration 69 started ======
Resetting master, feed map size: 5000
GC before operation: completed in 878.089 ms, heap usage 410.000 MB -> 172.000 MB.
WARNING: This benchmark provides no result that can be validated.
There is no way to check that no silent failure occurred.
====== finagle-chirper (web) [default], iteration 69 completed (12409.142 ms) ======
====== finagle-chirper (web) [default], iteration 70 started ======
Resetting master, feed map size: 5000
GC before operation: completed in 939.616 ms, heap usage 436.000 MB -> 162.000 MB.
WARNING: This benchmark provides no result that can be validated.
There is no way to check that no silent failure occurred.
====== finagle-chirper (web) [default], iteration 70 completed (9888.737 ms) ======
====== finagle-chirper (web) [default], iteration 71 started ======
Resetting master, feed map size: 5000
GC before operation: completed in 807.171 ms, heap usage 400.000 MB -> 178.000 MB.
WARNING: This benchmark provides no result that can be validated.
There is no way to check that no silent failure occurred.
====== finagle-chirper (web) [default], iteration 71 completed (9886.354 ms) ======
====== finagle-chirper (web) [default], iteration 72 started ======
Resetting master, feed map size: 5000
GC before operation: completed in 875.739 ms, heap usage 424.000 MB -> 182.000 MB.
WARNING: This benchmark provides no result that can be validated.
There is no way to check that no silent failure occurred.
====== finagle-chirper (web) [default], iteration 72 completed (9511.620 ms) ======
====== finagle-chirper (web) [default], iteration 73 started ======
Resetting master, feed map size: 5000
GC before operation: completed in 833.121 ms, heap usage 410.000 MB -> 180.000 MB.
WARNING: This benchmark provides no result that can be validated.
There is no way to check that no silent failure occurred.
====== finagle-chirper (web) [default], iteration 73 completed (8115.810 ms) ======
====== finagle-chirper (web) [default], iteration 74 started ======
Resetting master, feed map size: 5000
GC before operation: completed in 672.864 ms, heap usage 406.000 MB -> 170.000 MB.
WARNING: This benchmark provides no result that can be validated.
There is no way to check that no silent failure occurred.
====== finagle-chirper (web) [default], iteration 74 completed (6526.283 ms) ======
====== finagle-chirper (web) [default], iteration 75 started ======
Resetting master, feed map size: 5000
GC before operation: completed in 669.864 ms, heap usage 260.000 MB -> 168.000 MB.
WARNING: This benchmark provides no result that can be validated.
There is no way to check that no silent failure occurred.
====== finagle-chirper (web) [default], iteration 75 completed (6909.183 ms) ======
====== finagle-chirper (web) [default], iteration 76 started ======
Resetting master, feed map size: 5000
GC before operation: completed in 687.674 ms, heap usage 246.000 MB -> 170.000 MB.
WARNING: This benchmark provides no result that can be validated.
There is no way to check that no silent failure occurred.
====== finagle-chirper (web) [default], iteration 76 completed (6878.263 ms) ======
====== finagle-chirper (web) [default], iteration 77 started ======
Resetting master, feed map size: 5000
GC before operation: completed in 678.983 ms, heap usage 414.000 MB -> 168.000 MB.
WARNING: This benchmark provides no result that can be validated.
There is no way to check that no silent failure occurred.
====== finagle-chirper (web) [default], iteration 77 completed (9380.546 ms) ======
====== finagle-chirper (web) [default], iteration 78 started ======
Resetting master, feed map size: 5000
GC before operation: completed in 678.946 ms, heap usage 428.000 MB -> 180.000 MB.
WARNING: This benchmark provides no result that can be validated.
There is no way to check that no silent failure occurred.
====== finagle-chirper (web) [default], iteration 78 completed (7200.529 ms) ======
====== finagle-chirper (web) [default], iteration 79 started ======
Resetting master, feed map size: 5000
GC before operation: completed in 673.665 ms, heap usage 262.000 MB -> 166.000 MB.
WARNING: This benchmark provides no result that can be validated.
There is no way to check that no silent failure occurred.
====== finagle-chirper (web) [default], iteration 79 completed (7108.528 ms) ======
====== finagle-chirper (web) [default], iteration 80 started ======
Resetting master, feed map size: 5000
GC before operation: completed in 759.171 ms, heap usage 418.000 MB -> 178.000 MB.
WARNING: This benchmark provides no result that can be validated.
There is no way to check that no silent failure occurred.
====== finagle-chirper (web) [default], iteration 80 completed (7060.977 ms) ======
====== finagle-chirper (web) [default], iteration 81 started ======
Resetting master, feed map size: 5000
GC before operation: completed in 690.933 ms, heap usage 256.000 MB -> 164.000 MB.
WARNING: This benchmark provides no result that can be validated.
There is no way to check that no silent failure occurred.
====== finagle-chirper (web) [default], iteration 81 completed (6750.708 ms) ======
====== finagle-chirper (web) [default], iteration 82 started ======
Resetting master, feed map size: 5000
GC before operation: completed in 710.483 ms, heap usage 398.000 MB -> 182.000 MB.
WARNING: This benchmark provides no result that can be validated.
There is no way to check that no silent failure occurred.
====== finagle-chirper (web) [default], iteration 82 completed (6564.297 ms) ======
====== finagle-chirper (web) [default], iteration 83 started ======
Resetting master, feed map size: 5000
GC before operation: completed in 677.015 ms, heap usage 264.000 MB -> 164.000 MB.
WARNING: This benchmark provides no result that can be validated.
There is no way to check that no silent failure occurred.
====== finagle-chirper (web) [default], iteration 83 completed (6601.562 ms) ======
====== finagle-chirper (web) [default], iteration 84 started ======
Resetting master, feed map size: 5000
GC before operation: completed in 698.732 ms, heap usage 394.000 MB -> 172.000 MB.
WARNING: This benchmark provides no result that can be validated.
There is no way to check that no silent failure occurred.
====== finagle-chirper (web) [default], iteration 84 completed (9155.157 ms) ======
====== finagle-chirper (web) [default], iteration 85 started ======
Resetting master, feed map size: 5000
GC before operation: completed in 930.597 ms, heap usage 400.000 MB -> 182.000 MB.
WARNING: This benchmark provides no result that can be validated.
There is no way to check that no silent failure occurred.
====== finagle-chirper (web) [default], iteration 85 completed (12484.301 ms) ======
====== finagle-chirper (web) [default], iteration 86 started ======
Resetting master, feed map size: 5000
GC before operation: completed in 889.326 ms, heap usage 414.000 MB -> 174.000 MB.
WARNING: This benchmark provides no result that can be validated.
There is no way to check that no silent failure occurred.
====== finagle-chirper (web) [default], iteration 86 completed (9965.286 ms) ======
====== finagle-chirper (web) [default], iteration 87 started ======
Resetting master, feed map size: 5000
GC before operation: completed in 689.942 ms, heap usage 234.000 MB -> 176.000 MB.
WARNING: This benchmark provides no result that can be validated.
There is no way to check that no silent failure occurred.
====== finagle-chirper (web) [default], iteration 87 completed (6429.624 ms) ======
====== finagle-chirper (web) [default], iteration 88 started ======
Resetting master, feed map size: 5000
GC before operation: completed in 691.922 ms, heap usage 286.000 MB -> 168.000 MB.
WARNING: This benchmark provides no result that can be validated.
There is no way to check that no silent failure occurred.
====== finagle-chirper (web) [default], iteration 88 completed (6909.580 ms) ======
====== finagle-chirper (web) [default], iteration 89 started ======
Resetting master, feed map size: 5000
GC before operation: completed in 675.398 ms, heap usage 268.000 MB -> 170.000 MB.
WARNING: This benchmark provides no result that can be validated.
There is no way to check that no silent failure occurred.
====== finagle-chirper (web) [default], iteration 89 completed (6673.926 ms) ======
====== finagle-chirper (web) [default], iteration 90 started ======
Resetting master, feed map size: 5000
GC before operation: completed in 689.025 ms, heap usage 264.000 MB -> 170.000 MB.
WARNING: This benchmark provides no result that can be validated.
There is no way to check that no silent failure occurred.
====== finagle-chirper (web) [default], iteration 90 completed (7091.258 ms) ======
====== finagle-chirper (web) [default], iteration 91 started ======
Resetting master, feed map size: 5000
GC before operation: completed in 701.764 ms, heap usage 434.000 MB -> 164.000 MB.
WARNING: This benchmark provides no result that can be validated.
There is no way to check that no silent failure occurred.
====== finagle-chirper (web) [default], iteration 91 completed (6617.034 ms) ======
====== finagle-chirper (web) [default], iteration 92 started ======
Resetting master, feed map size: 5000
GC before operation: completed in 901.485 ms, heap usage 432.000 MB -> 166.000 MB.
WARNING: This benchmark provides no result that can be validated.
There is no way to check that no silent failure occurred.
====== finagle-chirper (web) [default], iteration 92 completed (7849.908 ms) ======
====== finagle-chirper (web) [default], iteration 93 started ======
Resetting master, feed map size: 5000
GC before operation: completed in 700.430 ms, heap usage 412.000 MB -> 176.000 MB.
WARNING: This benchmark provides no result that can be validated.
There is no way to check that no silent failure occurred.
====== finagle-chirper (web) [default], iteration 93 completed (8990.733 ms) ======
====== finagle-chirper (web) [default], iteration 94 started ======
Resetting master, feed map size: 5000
GC before operation: completed in 848.151 ms, heap usage 256.000 MB -> 170.000 MB.
WARNING: This benchmark provides no result that can be validated.
There is no way to check that no silent failure occurred.
====== finagle-chirper (web) [default], iteration 94 completed (10261.835 ms) ======
====== finagle-chirper (web) [default], iteration 95 started ======
Resetting master, feed map size: 5000
GC before operation: completed in 894.132 ms, heap usage 404.000 MB -> 180.000 MB.
WARNING: This benchmark provides no result that can be validated.
There is no way to check that no silent failure occurred.
====== finagle-chirper (web) [default], iteration 95 completed (11131.269 ms) ======
====== finagle-chirper (web) [default], iteration 96 started ======
Resetting master, feed map size: 5000
GC before operation: completed in 934.299 ms, heap usage 432.000 MB -> 170.000 MB.
WARNING: This benchmark provides no result that can be validated.
There is no way to check that no silent failure occurred.
====== finagle-chirper (web) [default], iteration 96 completed (9101.755 ms) ======
====== finagle-chirper (web) [default], iteration 97 started ======
Resetting master, feed map size: 5000
GC before operation: completed in 847.659 ms, heap usage 378.000 MB -> 170.000 MB.
WARNING: This benchmark provides no result that can be validated.
There is no way to check that no silent failure occurred.
====== finagle-chirper (web) [default], iteration 97 completed (7245.755 ms) ======
====== finagle-chirper (web) [default], iteration 98 started ======
Resetting master, feed map size: 5000
GC before operation: completed in 718.472 ms, heap usage 430.000 MB -> 164.000 MB.
WARNING: This benchmark provides no result that can be validated.
There is no way to check that no silent failure occurred.
====== finagle-chirper (web) [default], iteration 98 completed (6688.906 ms) ======
====== finagle-chirper (web) [default], iteration 99 started ======
Resetting master, feed map size: 5000
GC before operation: completed in 682.869 ms, heap usage 418.000 MB -> 170.000 MB.
WARNING: This benchmark provides no result that can be validated.
There is no way to check that no silent failure occurred.
====== finagle-chirper (web) [default], iteration 99 completed (6384.293 ms) ======
