[2023-07-11T02:57:20.086+0200] com.twitter.jvm.Jvm$ (com.twitter.jvm.Jvm$ liftedTree2$1)
WARNING: failed to create Hotspot JVM interface, using NilJvm instead
finagle-http on :40237 spawning 4 client and default number of server workers.
====== finagle-http (web) [default], iteration 0 started ======
GC before operation: completed in 198.530 ms, heap usage 11.824 MB -> 9.795 MB.
====== finagle-http (web) [default], iteration 0 completed (83687.499 ms) ======
====== finagle-http (web) [default], iteration 1 started ======
GC before operation: completed in 264.051 ms, heap usage 19.822 MB -> 14.440 MB.
====== finagle-http (web) [default], iteration 1 completed (27809.267 ms) ======
====== finagle-http (web) [default], iteration 2 started ======
GC before operation: completed in 62.044 ms, heap usage 18.171 MB -> 15.139 MB.
====== finagle-http (web) [default], iteration 2 completed (17490.556 ms) ======
====== finagle-http (web) [default], iteration 3 started ======
GC before operation: completed in 259.582 ms, heap usage 16.456 MB -> 14.841 MB.
====== finagle-http (web) [default], iteration 3 completed (17785.708 ms) ======
====== finagle-http (web) [default], iteration 4 started ======
GC before operation: completed in 48.867 ms, heap usage 25.153 MB -> 15.514 MB.
====== finagle-http (web) [default], iteration 4 completed (17271.561 ms) ======
====== finagle-http (web) [default], iteration 5 started ======
GC before operation: completed in 232.236 ms, heap usage 19.518 MB -> 15.245 MB.
====== finagle-http (web) [default], iteration 5 completed (17331.100 ms) ======
====== finagle-http (web) [default], iteration 6 started ======
GC before operation: completed in 63.196 ms, heap usage 27.015 MB -> 15.882 MB.
====== finagle-http (web) [default], iteration 6 completed (16989.667 ms) ======
====== finagle-http (web) [default], iteration 7 started ======
GC before operation: completed in 205.078 ms, heap usage 22.623 MB -> 14.417 MB.
====== finagle-http (web) [default], iteration 7 completed (17167.948 ms) ======
====== finagle-http (web) [default], iteration 8 started ======
GC before operation: completed in 42.006 ms, heap usage 25.493 MB -> 14.538 MB.
====== finagle-http (web) [default], iteration 8 completed (17814.252 ms) ======
====== finagle-http (web) [default], iteration 9 started ======
GC before operation: completed in 203.549 ms, heap usage 27.423 MB -> 14.416 MB.
====== finagle-http (web) [default], iteration 9 completed (17281.789 ms) ======
====== finagle-http (web) [default], iteration 10 started ======
GC before operation: completed in 66.315 ms, heap usage 21.648 MB -> 15.380 MB.
====== finagle-http (web) [default], iteration 10 completed (17312.415 ms) ======
====== finagle-http (web) [default], iteration 11 started ======
GC before operation: completed in 239.561 ms, heap usage 22.366 MB -> 15.522 MB.
====== finagle-http (web) [default], iteration 11 completed (17554.780 ms) ======
====== finagle-http (web) [default], iteration 12 started ======
GC before operation: completed in 55.988 ms, heap usage 21.698 MB -> 15.126 MB.
====== finagle-http (web) [default], iteration 12 completed (17605.239 ms) ======
====== finagle-http (web) [default], iteration 13 started ======
GC before operation: completed in 215.454 ms, heap usage 18.008 MB -> 14.215 MB.
====== finagle-http (web) [default], iteration 13 completed (17435.951 ms) ======
====== finagle-http (web) [default], iteration 14 started ======
GC before operation: completed in 40.918 ms, heap usage 20.517 MB -> 13.484 MB.
====== finagle-http (web) [default], iteration 14 completed (17170.163 ms) ======
====== finagle-http (web) [default], iteration 15 started ======
GC before operation: completed in 167.827 ms, heap usage 18.455 MB -> 13.291 MB.
====== finagle-http (web) [default], iteration 15 completed (17528.467 ms) ======
====== finagle-http (web) [default], iteration 16 started ======
GC before operation: completed in 48.722 ms, heap usage 23.256 MB -> 14.181 MB.
====== finagle-http (web) [default], iteration 16 completed (17954.502 ms) ======
====== finagle-http (web) [default], iteration 17 started ======
GC before operation: completed in 187.220 ms, heap usage 21.974 MB -> 14.028 MB.
====== finagle-http (web) [default], iteration 17 completed (17046.105 ms) ======
====== finagle-http (web) [default], iteration 18 started ======
GC before operation: completed in 54.574 ms, heap usage 27.862 MB -> 15.312 MB.
====== finagle-http (web) [default], iteration 18 completed (16837.888 ms) ======
====== finagle-http (web) [default], iteration 19 started ======
GC before operation: completed in 147.208 ms, heap usage 23.836 MB -> 14.572 MB.
====== finagle-http (web) [default], iteration 19 completed (16732.111 ms) ======
====== finagle-http (web) [default], iteration 20 started ======
GC before operation: completed in 39.660 ms, heap usage 25.451 MB -> 14.282 MB.
====== finagle-http (web) [default], iteration 20 completed (16613.694 ms) ======
====== finagle-http (web) [default], iteration 21 started ======
GC before operation: completed in 120.960 ms, heap usage 23.172 MB -> 14.145 MB.
====== finagle-http (web) [default], iteration 21 completed (16563.431 ms) ======
====== finagle-http (web) [default], iteration 22 started ======
GC before operation: completed in 48.415 ms, heap usage 25.068 MB -> 15.433 MB.
====== finagle-http (web) [default], iteration 22 completed (16553.521 ms) ======
====== finagle-http (web) [default], iteration 23 started ======
GC before operation: completed in 115.202 ms, heap usage 25.157 MB -> 14.188 MB.
====== finagle-http (web) [default], iteration 23 completed (16792.072 ms) ======
====== finagle-http (web) [default], iteration 24 started ======
GC before operation: completed in 41.699 ms, heap usage 22.035 MB -> 14.348 MB.
====== finagle-http (web) [default], iteration 24 completed (16693.615 ms) ======
====== finagle-http (web) [default], iteration 25 started ======
GC before operation: completed in 131.895 ms, heap usage 25.713 MB -> 14.146 MB.
====== finagle-http (web) [default], iteration 25 completed (16878.821 ms) ======
====== finagle-http (web) [default], iteration 26 started ======
GC before operation: completed in 38.413 ms, heap usage 26.564 MB -> 14.272 MB.
====== finagle-http (web) [default], iteration 26 completed (16614.706 ms) ======
====== finagle-http (web) [default], iteration 27 started ======
GC before operation: completed in 110.279 ms, heap usage 26.522 MB -> 14.174 MB.
====== finagle-http (web) [default], iteration 27 completed (16703.917 ms) ======
====== finagle-http (web) [default], iteration 28 started ======
GC before operation: completed in 50.672 ms, heap usage 25.618 MB -> 15.529 MB.
====== finagle-http (web) [default], iteration 28 completed (16579.386 ms) ======
====== finagle-http (web) [default], iteration 29 started ======
GC before operation: completed in 118.327 ms, heap usage 25.200 MB -> 14.506 MB.
====== finagle-http (web) [default], iteration 29 completed (16680.527 ms) ======
====== finagle-http (web) [default], iteration 30 started ======
GC before operation: completed in 37.954 ms, heap usage 26.145 MB -> 13.624 MB.
====== finagle-http (web) [default], iteration 30 completed (16715.016 ms) ======
====== finagle-http (web) [default], iteration 31 started ======
GC before operation: completed in 119.357 ms, heap usage 24.575 MB -> 13.493 MB.
====== finagle-http (web) [default], iteration 31 completed (17023.594 ms) ======
====== finagle-http (web) [default], iteration 32 started ======
GC before operation: completed in 44.511 ms, heap usage 19.418 MB -> 13.695 MB.
====== finagle-http (web) [default], iteration 32 completed (16770.762 ms) ======
====== finagle-http (web) [default], iteration 33 started ======
GC before operation: completed in 104.778 ms, heap usage 19.010 MB -> 13.560 MB.
====== finagle-http (web) [default], iteration 33 completed (16877.931 ms) ======
====== finagle-http (web) [default], iteration 34 started ======
GC before operation: completed in 41.777 ms, heap usage 17.904 MB -> 13.660 MB.
====== finagle-http (web) [default], iteration 34 completed (16809.991 ms) ======
====== finagle-http (web) [default], iteration 35 started ======
GC before operation: completed in 104.460 ms, heap usage 22.618 MB -> 13.576 MB.
====== finagle-http (web) [default], iteration 35 completed (16767.824 ms) ======
====== finagle-http (web) [default], iteration 36 started ======
GC before operation: completed in 62.134 ms, heap usage 21.776 MB -> 15.036 MB.
====== finagle-http (web) [default], iteration 36 completed (16727.807 ms) ======
====== finagle-http (web) [default], iteration 37 started ======
GC before operation: completed in 118.611 ms, heap usage 18.913 MB -> 13.558 MB.
====== finagle-http (web) [default], iteration 37 completed (16687.955 ms) ======
====== finagle-http (web) [default], iteration 38 started ======
GC before operation: completed in 51.625 ms, heap usage 21.849 MB -> 14.964 MB.
====== finagle-http (web) [default], iteration 38 completed (17031.710 ms) ======
====== finagle-http (web) [default], iteration 39 started ======
GC before operation: completed in 115.420 ms, heap usage 19.796 MB -> 14.529 MB.
====== finagle-http (web) [default], iteration 39 completed (17467.438 ms) ======
====== finagle-http (web) [default], iteration 40 started ======
GC before operation: completed in 54.384 ms, heap usage 18.620 MB -> 14.350 MB.
====== finagle-http (web) [default], iteration 40 completed (17118.616 ms) ======
====== finagle-http (web) [default], iteration 41 started ======
GC before operation: completed in 98.708 ms, heap usage 19.021 MB -> 13.583 MB.
====== finagle-http (web) [default], iteration 41 completed (17191.965 ms) ======
====== finagle-http (web) [default], iteration 42 started ======
GC before operation: completed in 92.253 ms, heap usage 20.994 MB -> 14.993 MB.
====== finagle-http (web) [default], iteration 42 completed (17100.078 ms) ======
====== finagle-http (web) [default], iteration 43 started ======
GC before operation: completed in 152.452 ms, heap usage 23.519 MB -> 13.900 MB.
====== finagle-http (web) [default], iteration 43 completed (17147.468 ms) ======
====== finagle-http (web) [default], iteration 44 started ======
GC before operation: completed in 59.422 ms, heap usage 16.076 MB -> 14.990 MB.
====== finagle-http (web) [default], iteration 44 completed (17017.149 ms) ======
====== finagle-http (web) [default], iteration 45 started ======
GC before operation: completed in 101.811 ms, heap usage 17.823 MB -> 13.573 MB.
====== finagle-http (web) [default], iteration 45 completed (16941.424 ms) ======
====== finagle-http (web) [default], iteration 46 started ======
GC before operation: completed in 44.231 ms, heap usage 20.808 MB -> 13.846 MB.
====== finagle-http (web) [default], iteration 46 completed (17039.234 ms) ======
====== finagle-http (web) [default], iteration 47 started ======
GC before operation: completed in 102.795 ms, heap usage 20.685 MB -> 13.588 MB.
====== finagle-http (web) [default], iteration 47 completed (17211.904 ms) ======
====== finagle-http (web) [default], iteration 48 started ======
GC before operation: completed in 36.478 ms, heap usage 20.781 MB -> 13.645 MB.
====== finagle-http (web) [default], iteration 48 completed (16959.260 ms) ======
====== finagle-http (web) [default], iteration 49 started ======
GC before operation: completed in 103.845 ms, heap usage 22.566 MB -> 13.588 MB.
====== finagle-http (web) [default], iteration 49 completed (17141.443 ms) ======
====== finagle-http (web) [default], iteration 50 started ======
GC before operation: completed in 61.726 ms, heap usage 20.337 MB -> 15.062 MB.
====== finagle-http (web) [default], iteration 50 completed (17157.127 ms) ======
====== finagle-http (web) [default], iteration 51 started ======
GC before operation: completed in 110.579 ms, heap usage 21.309 MB -> 14.549 MB.
====== finagle-http (web) [default], iteration 51 completed (16970.187 ms) ======
====== finagle-http (web) [default], iteration 52 started ======
GC before operation: completed in 45.294 ms, heap usage 20.816 MB -> 14.534 MB.
====== finagle-http (web) [default], iteration 52 completed (16765.602 ms) ======
====== finagle-http (web) [default], iteration 53 started ======
GC before operation: completed in 105.599 ms, heap usage 22.572 MB -> 13.553 MB.
====== finagle-http (web) [default], iteration 53 completed (16674.387 ms) ======
====== finagle-http (web) [default], iteration 54 started ======
GC before operation: completed in 40.029 ms, heap usage 21.508 MB -> 13.683 MB.
====== finagle-http (web) [default], iteration 54 completed (17527.979 ms) ======
====== finagle-http (web) [default], iteration 55 started ======
GC before operation: completed in 99.396 ms, heap usage 20.248 MB -> 13.753 MB.
====== finagle-http (web) [default], iteration 55 completed (16577.805 ms) ======
====== finagle-http (web) [default], iteration 56 started ======
GC before operation: completed in 48.366 ms, heap usage 22.761 MB -> 14.524 MB.
====== finagle-http (web) [default], iteration 56 completed (16576.460 ms) ======
====== finagle-http (web) [default], iteration 57 started ======
GC before operation: completed in 103.236 ms, heap usage 23.485 MB -> 13.548 MB.
====== finagle-http (web) [default], iteration 57 completed (16691.283 ms) ======
====== finagle-http (web) [default], iteration 58 started ======
GC before operation: completed in 46.916 ms, heap usage 19.223 MB -> 14.358 MB.
====== finagle-http (web) [default], iteration 58 completed (17066.057 ms) ======
====== finagle-http (web) [default], iteration 59 started ======
GC before operation: completed in 107.032 ms, heap usage 18.204 MB -> 13.646 MB.
====== finagle-http (web) [default], iteration 59 completed (16965.934 ms) ======
====== finagle-http (web) [default], iteration 60 started ======
GC before operation: completed in 45.582 ms, heap usage 19.637 MB -> 14.593 MB.
====== finagle-http (web) [default], iteration 60 completed (16735.439 ms) ======
====== finagle-http (web) [default], iteration 61 started ======
GC before operation: completed in 101.244 ms, heap usage 20.346 MB -> 13.569 MB.
====== finagle-http (web) [default], iteration 61 completed (16931.852 ms) ======
====== finagle-http (web) [default], iteration 62 started ======
GC before operation: completed in 39.262 ms, heap usage 19.717 MB -> 13.704 MB.
====== finagle-http (web) [default], iteration 62 completed (17004.944 ms) ======
====== finagle-http (web) [default], iteration 63 started ======
GC before operation: completed in 116.480 ms, heap usage 21.079 MB -> 14.316 MB.
====== finagle-http (web) [default], iteration 63 completed (17299.837 ms) ======
====== finagle-http (web) [default], iteration 64 started ======
GC before operation: completed in 48.732 ms, heap usage 21.919 MB -> 14.096 MB.
====== finagle-http (web) [default], iteration 64 completed (17011.153 ms) ======
====== finagle-http (web) [default], iteration 65 started ======
GC before operation: completed in 99.946 ms, heap usage 21.624 MB -> 13.565 MB.
====== finagle-http (web) [default], iteration 65 completed (16945.165 ms) ======
====== finagle-http (web) [default], iteration 66 started ======
GC before operation: completed in 48.338 ms, heap usage 21.805 MB -> 14.837 MB.
====== finagle-http (web) [default], iteration 66 completed (17020.037 ms) ======
====== finagle-http (web) [default], iteration 67 started ======
GC before operation: completed in 104.244 ms, heap usage 19.654 MB -> 13.573 MB.
====== finagle-http (web) [default], iteration 67 completed (17169.279 ms) ======
====== finagle-http (web) [default], iteration 68 started ======
GC before operation: completed in 36.564 ms, heap usage 20.533 MB -> 13.679 MB.
====== finagle-http (web) [default], iteration 68 completed (16989.924 ms) ======
====== finagle-http (web) [default], iteration 69 started ======
GC before operation: completed in 99.303 ms, heap usage 20.039 MB -> 13.570 MB.
====== finagle-http (web) [default], iteration 69 completed (17068.861 ms) ======
====== finagle-http (web) [default], iteration 70 started ======
GC before operation: completed in 40.482 ms, heap usage 20.808 MB -> 13.692 MB.
====== finagle-http (web) [default], iteration 70 completed (17019.998 ms) ======
====== finagle-http (web) [default], iteration 71 started ======
GC before operation: completed in 106.810 ms, heap usage 20.743 MB -> 14.651 MB.
====== finagle-http (web) [default], iteration 71 completed (16916.960 ms) ======
====== finagle-http (web) [default], iteration 72 started ======
GC before operation: completed in 40.927 ms, heap usage 21.611 MB -> 13.823 MB.
====== finagle-http (web) [default], iteration 72 completed (16928.632 ms) ======
====== finagle-http (web) [default], iteration 73 started ======
GC before operation: completed in 101.434 ms, heap usage 23.599 MB -> 13.568 MB.
====== finagle-http (web) [default], iteration 73 completed (16806.354 ms) ======
====== finagle-http (web) [default], iteration 74 started ======
GC before operation: completed in 37.441 ms, heap usage 19.011 MB -> 13.683 MB.
====== finagle-http (web) [default], iteration 74 completed (16796.875 ms) ======
====== finagle-http (web) [default], iteration 75 started ======
GC before operation: completed in 108.083 ms, heap usage 20.223 MB -> 14.768 MB.
====== finagle-http (web) [default], iteration 75 completed (16773.101 ms) ======
====== finagle-http (web) [default], iteration 76 started ======
GC before operation: completed in 41.381 ms, heap usage 24.178 MB -> 13.851 MB.
====== finagle-http (web) [default], iteration 76 completed (16651.703 ms) ======
====== finagle-http (web) [default], iteration 77 started ======
GC before operation: completed in 101.812 ms, heap usage 21.751 MB -> 13.565 MB.
====== finagle-http (web) [default], iteration 77 completed (16633.158 ms) ======
====== finagle-http (web) [default], iteration 78 started ======
GC before operation: completed in 38.896 ms, heap usage 21.581 MB -> 13.733 MB.
====== finagle-http (web) [default], iteration 78 completed (16829.804 ms) ======
====== finagle-http (web) [default], iteration 79 started ======
GC before operation: completed in 105.465 ms, heap usage 21.037 MB -> 14.786 MB.
====== finagle-http (web) [default], iteration 79 completed (16345.732 ms) ======
====== finagle-http (web) [default], iteration 80 started ======
GC before operation: completed in 45.607 ms, heap usage 20.740 MB -> 14.895 MB.
====== finagle-http (web) [default], iteration 80 completed (16436.223 ms) ======
====== finagle-http (web) [default], iteration 81 started ======
GC before operation: completed in 101.397 ms, heap usage 22.422 MB -> 13.644 MB.
====== finagle-http (web) [default], iteration 81 completed (16473.062 ms) ======
====== finagle-http (web) [default], iteration 82 started ======
GC before operation: completed in 38.834 ms, heap usage 23.256 MB -> 13.712 MB.
====== finagle-http (web) [default], iteration 82 completed (16365.570 ms) ======
====== finagle-http (web) [default], iteration 83 started ======
GC before operation: completed in 101.578 ms, heap usage 19.491 MB -> 13.573 MB.
====== finagle-http (web) [default], iteration 83 completed (17160.051 ms) ======
====== finagle-http (web) [default], iteration 84 started ======
GC before operation: completed in 37.967 ms, heap usage 18.933 MB -> 13.680 MB.
====== finagle-http (web) [default], iteration 84 completed (17366.318 ms) ======
====== finagle-http (web) [default], iteration 85 started ======
GC before operation: completed in 136.684 ms, heap usage 22.300 MB -> 13.573 MB.
====== finagle-http (web) [default], iteration 85 completed (16843.869 ms) ======
====== finagle-http (web) [default], iteration 86 started ======
GC before operation: completed in 38.670 ms, heap usage 23.880 MB -> 13.702 MB.
====== finagle-http (web) [default], iteration 86 completed (16739.759 ms) ======
====== finagle-http (web) [default], iteration 87 started ======
GC before operation: completed in 98.708 ms, heap usage 20.747 MB -> 13.589 MB.
====== finagle-http (web) [default], iteration 87 completed (17167.312 ms) ======
====== finagle-http (web) [default], iteration 88 started ======
GC before operation: completed in 48.324 ms, heap usage 21.547 MB -> 15.040 MB.
====== finagle-http (web) [default], iteration 88 completed (17147.352 ms) ======
====== finagle-http (web) [default], iteration 89 started ======
GC before operation: completed in 99.212 ms, heap usage 20.581 MB -> 13.744 MB.
====== finagle-http (web) [default], iteration 89 completed (17081.513 ms) ======
====== finagle-http (web) [default], iteration 90 started ======
GC before operation: completed in 37.133 ms, heap usage 21.790 MB -> 13.711 MB.
====== finagle-http (web) [default], iteration 90 completed (17060.552 ms) ======
====== finagle-http (web) [default], iteration 91 started ======
GC before operation: completed in 102.579 ms, heap usage 22.096 MB -> 13.652 MB.
====== finagle-http (web) [default], iteration 91 completed (16999.689 ms) ======
====== finagle-http (web) [default], iteration 92 started ======
GC before operation: completed in 49.153 ms, heap usage 19.014 MB -> 14.151 MB.
====== finagle-http (web) [default], iteration 92 completed (16877.274 ms) ======
====== finagle-http (web) [default], iteration 93 started ======
GC before operation: completed in 103.031 ms, heap usage 21.375 MB -> 13.572 MB.
====== finagle-http (web) [default], iteration 93 completed (16753.709 ms) ======
====== finagle-http (web) [default], iteration 94 started ======
GC before operation: completed in 44.759 ms, heap usage 19.761 MB -> 14.332 MB.
====== finagle-http (web) [default], iteration 94 completed (16766.809 ms) ======
====== finagle-http (web) [default], iteration 95 started ======
GC before operation: completed in 100.619 ms, heap usage 21.996 MB -> 13.689 MB.
====== finagle-http (web) [default], iteration 95 completed (17031.614 ms) ======
====== finagle-http (web) [default], iteration 96 started ======
GC before operation: completed in 37.674 ms, heap usage 26.474 MB -> 13.706 MB.
====== finagle-http (web) [default], iteration 96 completed (16934.208 ms) ======
====== finagle-http (web) [default], iteration 97 started ======
GC before operation: completed in 110.627 ms, heap usage 23.441 MB -> 14.726 MB.
====== finagle-http (web) [default], iteration 97 completed (16921.618 ms) ======
====== finagle-http (web) [default], iteration 98 started ======
GC before operation: completed in 37.282 ms, heap usage 24.283 MB -> 13.706 MB.
====== finagle-http (web) [default], iteration 98 completed (16628.809 ms) ======
====== finagle-http (web) [default], iteration 99 started ======
GC before operation: completed in 136.730 ms, heap usage 22.642 MB -> 13.575 MB.
====== finagle-http (web) [default], iteration 99 completed (16589.741 ms) ======
[2023-07-11T03:27:08.138+0200] com.twitter.jvm.Jvm$ (com.twitter.jvm.Jvm$ liftedTree2$1)
WARNING: failed to create Hotspot JVM interface, using NilJvm instead
Master port: 39541
Cache ports: 41669, 40011, 35169, 33065
====== finagle-chirper (web) [default], iteration 0 started ======
Resetting master, feed map size: 5000
GC before operation: completed in 46.873 ms, heap usage 30.424 MB -> 27.706 MB.
WARNING: This benchmark provides no result that can be validated.
There is no way to check that no silent failure occurred.
====== finagle-chirper (web) [default], iteration 0 completed (95255.709 ms) ======
====== finagle-chirper (web) [default], iteration 1 started ======
Resetting master, feed map size: 5000
GC before operation: completed in 428.020 ms, heap usage 44.316 MB -> 26.394 MB.
WARNING: This benchmark provides no result that can be validated.
There is no way to check that no silent failure occurred.
====== finagle-chirper (web) [default], iteration 1 completed (28531.024 ms) ======
====== finagle-chirper (web) [default], iteration 2 started ======
Resetting master, feed map size: 5000
GC before operation: completed in 46.010 ms, heap usage 39.501 MB -> 29.816 MB.
WARNING: This benchmark provides no result that can be validated.
There is no way to check that no silent failure occurred.
====== finagle-chirper (web) [default], iteration 2 completed (21520.592 ms) ======
====== finagle-chirper (web) [default], iteration 3 started ======
Resetting master, feed map size: 5000
GC before operation: completed in 299.875 ms, heap usage 53.256 MB -> 27.220 MB.
WARNING: This benchmark provides no result that can be validated.
There is no way to check that no silent failure occurred.
====== finagle-chirper (web) [default], iteration 3 completed (20788.651 ms) ======
====== finagle-chirper (web) [default], iteration 4 started ======
Resetting master, feed map size: 5000
GC before operation: completed in 47.472 ms, heap usage 48.808 MB -> 30.003 MB.
WARNING: This benchmark provides no result that can be validated.
There is no way to check that no silent failure occurred.
====== finagle-chirper (web) [default], iteration 4 completed (19744.369 ms) ======
====== finagle-chirper (web) [default], iteration 5 started ======
Resetting master, feed map size: 5000
GC before operation: completed in 286.280 ms, heap usage 62.924 MB -> 28.013 MB.
WARNING: This benchmark provides no result that can be validated.
There is no way to check that no silent failure occurred.
====== finagle-chirper (web) [default], iteration 5 completed (19598.736 ms) ======
====== finagle-chirper (web) [default], iteration 6 started ======
Resetting master, feed map size: 5000
GC before operation: completed in 46.015 ms, heap usage 50.666 MB -> 30.793 MB.
WARNING: This benchmark provides no result that can be validated.
There is no way to check that no silent failure occurred.
====== finagle-chirper (web) [default], iteration 6 completed (20799.199 ms) ======
====== finagle-chirper (web) [default], iteration 7 started ======
Resetting master, feed map size: 5000
GC before operation: completed in 279.122 ms, heap usage 44.946 MB -> 27.925 MB.
WARNING: This benchmark provides no result that can be validated.
There is no way to check that no silent failure occurred.
====== finagle-chirper (web) [default], iteration 7 completed (19705.937 ms) ======
====== finagle-chirper (web) [default], iteration 8 started ======
Resetting master, feed map size: 5000
GC before operation: completed in 47.901 ms, heap usage 57.328 MB -> 31.082 MB.
WARNING: This benchmark provides no result that can be validated.
There is no way to check that no silent failure occurred.
====== finagle-chirper (web) [default], iteration 8 completed (19947.175 ms) ======
====== finagle-chirper (web) [default], iteration 9 started ======
Resetting master, feed map size: 5000
GC before operation: completed in 290.443 ms, heap usage 66.180 MB -> 28.209 MB.
WARNING: This benchmark provides no result that can be validated.
There is no way to check that no silent failure occurred.
====== finagle-chirper (web) [default], iteration 9 completed (18563.220 ms) ======
====== finagle-chirper (web) [default], iteration 10 started ======
Resetting master, feed map size: 5000
GC before operation: completed in 86.519 ms, heap usage 40.327 MB -> 30.221 MB.
WARNING: This benchmark provides no result that can be validated.
There is no way to check that no silent failure occurred.
====== finagle-chirper (web) [default], iteration 10 completed (18021.136 ms) ======
====== finagle-chirper (web) [default], iteration 11 started ======
Resetting master, feed map size: 5000
GC before operation: completed in 294.737 ms, heap usage 33.672 MB -> 27.161 MB.
WARNING: This benchmark provides no result that can be validated.
There is no way to check that no silent failure occurred.
====== finagle-chirper (web) [default], iteration 11 completed (18299.566 ms) ======
====== finagle-chirper (web) [default], iteration 12 started ======
Resetting master, feed map size: 5000
GC before operation: completed in 47.572 ms, heap usage 39.635 MB -> 29.907 MB.
WARNING: This benchmark provides no result that can be validated.
There is no way to check that no silent failure occurred.
====== finagle-chirper (web) [default], iteration 12 completed (18995.996 ms) ======
====== finagle-chirper (web) [default], iteration 13 started ======
Resetting master, feed map size: 5000
GC before operation: completed in 265.930 ms, heap usage 63.312 MB -> 26.409 MB.
WARNING: This benchmark provides no result that can be validated.
There is no way to check that no silent failure occurred.
====== finagle-chirper (web) [default], iteration 13 completed (17973.919 ms) ======
====== finagle-chirper (web) [default], iteration 14 started ======
Resetting master, feed map size: 5000
GC before operation: completed in 45.878 ms, heap usage 58.897 MB -> 29.200 MB.
WARNING: This benchmark provides no result that can be validated.
There is no way to check that no silent failure occurred.
====== finagle-chirper (web) [default], iteration 14 completed (17795.829 ms) ======
====== finagle-chirper (web) [default], iteration 15 started ======
Resetting master, feed map size: 5000
GC before operation: completed in 254.294 ms, heap usage 37.616 MB -> 26.568 MB.
WARNING: This benchmark provides no result that can be validated.
There is no way to check that no silent failure occurred.
====== finagle-chirper (web) [default], iteration 15 completed (17875.599 ms) ======
====== finagle-chirper (web) [default], iteration 16 started ======
Resetting master, feed map size: 5000
GC before operation: completed in 44.969 ms, heap usage 59.290 MB -> 29.425 MB.
WARNING: This benchmark provides no result that can be validated.
There is no way to check that no silent failure occurred.
====== finagle-chirper (web) [default], iteration 16 completed (17678.027 ms) ======
====== finagle-chirper (web) [default], iteration 17 started ======
Resetting master, feed map size: 5000
GC before operation: completed in 164.181 ms, heap usage 42.090 MB -> 26.697 MB.
WARNING: This benchmark provides no result that can be validated.
There is no way to check that no silent failure occurred.
====== finagle-chirper (web) [default], iteration 17 completed (18963.995 ms) ======
====== finagle-chirper (web) [default], iteration 18 started ======
Resetting master, feed map size: 5000
GC before operation: completed in 44.547 ms, heap usage 67.170 MB -> 29.525 MB.
WARNING: This benchmark provides no result that can be validated.
There is no way to check that no silent failure occurred.
====== finagle-chirper (web) [default], iteration 18 completed (16862.301 ms) ======
====== finagle-chirper (web) [default], iteration 19 started ======
Resetting master, feed map size: 5000
GC before operation: completed in 172.999 ms, heap usage 42.284 MB -> 26.885 MB.
WARNING: This benchmark provides no result that can be validated.
There is no way to check that no silent failure occurred.
====== finagle-chirper (web) [default], iteration 19 completed (17414.800 ms) ======
====== finagle-chirper (web) [default], iteration 20 started ======
Resetting master, feed map size: 5000
GC before operation: completed in 45.661 ms, heap usage 33.862 MB -> 28.753 MB.
WARNING: This benchmark provides no result that can be validated.
There is no way to check that no silent failure occurred.
====== finagle-chirper (web) [default], iteration 20 completed (17019.616 ms) ======
====== finagle-chirper (web) [default], iteration 21 started ======
Resetting master, feed map size: 5000
GC before operation: completed in 173.194 ms, heap usage 68.020 MB -> 26.889 MB.
WARNING: This benchmark provides no result that can be validated.
There is no way to check that no silent failure occurred.
====== finagle-chirper (web) [default], iteration 21 completed (16894.607 ms) ======
====== finagle-chirper (web) [default], iteration 22 started ======
Resetting master, feed map size: 5000
GC before operation: completed in 45.293 ms, heap usage 34.820 MB -> 29.702 MB.
WARNING: This benchmark provides no result that can be validated.
There is no way to check that no silent failure occurred.
====== finagle-chirper (web) [default], iteration 22 completed (16918.180 ms) ======
====== finagle-chirper (web) [default], iteration 23 started ======
Resetting master, feed map size: 5000
GC before operation: completed in 198.080 ms, heap usage 69.329 MB -> 27.078 MB.
WARNING: This benchmark provides no result that can be validated.
There is no way to check that no silent failure occurred.
====== finagle-chirper (web) [default], iteration 23 completed (17071.542 ms) ======
====== finagle-chirper (web) [default], iteration 24 started ======
Resetting master, feed map size: 5000
GC before operation: completed in 48.506 ms, heap usage 68.308 MB -> 30.116 MB.
WARNING: This benchmark provides no result that can be validated.
There is no way to check that no silent failure occurred.
====== finagle-chirper (web) [default], iteration 24 completed (17438.064 ms) ======
====== finagle-chirper (web) [default], iteration 25 started ======
Resetting master, feed map size: 5000
GC before operation: completed in 198.926 ms, heap usage 59.218 MB -> 27.347 MB.
WARNING: This benchmark provides no result that can be validated.
There is no way to check that no silent failure occurred.
====== finagle-chirper (web) [default], iteration 25 completed (17069.826 ms) ======
====== finagle-chirper (web) [default], iteration 26 started ======
Resetting master, feed map size: 5000
GC before operation: completed in 53.240 ms, heap usage 72.595 MB -> 30.046 MB.
WARNING: This benchmark provides no result that can be validated.
There is no way to check that no silent failure occurred.
====== finagle-chirper (web) [default], iteration 26 completed (16979.046 ms) ======
====== finagle-chirper (web) [default], iteration 27 started ======
Resetting master, feed map size: 5000
GC before operation: completed in 157.500 ms, heap usage 70.726 MB -> 27.275 MB.
WARNING: This benchmark provides no result that can be validated.
There is no way to check that no silent failure occurred.
====== finagle-chirper (web) [default], iteration 27 completed (16955.350 ms) ======
====== finagle-chirper (web) [default], iteration 28 started ======
Resetting master, feed map size: 5000
GC before operation: completed in 44.526 ms, heap usage 44.486 MB -> 30.033 MB.
WARNING: This benchmark provides no result that can be validated.
There is no way to check that no silent failure occurred.
====== finagle-chirper (web) [default], iteration 28 completed (16841.082 ms) ======
====== finagle-chirper (web) [default], iteration 29 started ======
Resetting master, feed map size: 5000
GC before operation: completed in 163.032 ms, heap usage 57.715 MB -> 27.272 MB.
WARNING: This benchmark provides no result that can be validated.
There is no way to check that no silent failure occurred.
====== finagle-chirper (web) [default], iteration 29 completed (16624.856 ms) ======
====== finagle-chirper (web) [default], iteration 30 started ======
Resetting master, feed map size: 5000
GC before operation: completed in 45.366 ms, heap usage 68.850 MB -> 30.080 MB.
WARNING: This benchmark provides no result that can be validated.
There is no way to check that no silent failure occurred.
====== finagle-chirper (web) [default], iteration 30 completed (16254.609 ms) ======
====== finagle-chirper (web) [default], iteration 31 started ======
Resetting master, feed map size: 5000
GC before operation: completed in 159.508 ms, heap usage 57.427 MB -> 27.274 MB.
WARNING: This benchmark provides no result that can be validated.
There is no way to check that no silent failure occurred.
====== finagle-chirper (web) [default], iteration 31 completed (16258.435 ms) ======
====== finagle-chirper (web) [default], iteration 32 started ======
Resetting master, feed map size: 5000
GC before operation: completed in 44.552 ms, heap usage 56.114 MB -> 30.007 MB.
WARNING: This benchmark provides no result that can be validated.
There is no way to check that no silent failure occurred.
====== finagle-chirper (web) [default], iteration 32 completed (16381.646 ms) ======
====== finagle-chirper (web) [default], iteration 33 started ======
Resetting master, feed map size: 5000
GC before operation: completed in 158.093 ms, heap usage 57.300 MB -> 27.297 MB.
WARNING: This benchmark provides no result that can be validated.
There is no way to check that no silent failure occurred.
====== finagle-chirper (web) [default], iteration 33 completed (16338.852 ms) ======
====== finagle-chirper (web) [default], iteration 34 started ======
Resetting master, feed map size: 5000
GC before operation: completed in 44.742 ms, heap usage 38.398 MB -> 29.950 MB.
WARNING: This benchmark provides no result that can be validated.
There is no way to check that no silent failure occurred.
====== finagle-chirper (web) [default], iteration 34 completed (16310.574 ms) ======
====== finagle-chirper (web) [default], iteration 35 started ======
Resetting master, feed map size: 5000
GC before operation: completed in 169.388 ms, heap usage 75.053 MB -> 27.393 MB.
WARNING: This benchmark provides no result that can be validated.
There is no way to check that no silent failure occurred.
====== finagle-chirper (web) [default], iteration 35 completed (16617.171 ms) ======
====== finagle-chirper (web) [default], iteration 36 started ======
Resetting master, feed map size: 5000
GC before operation: completed in 46.776 ms, heap usage 61.726 MB -> 30.329 MB.
WARNING: This benchmark provides no result that can be validated.
There is no way to check that no silent failure occurred.
====== finagle-chirper (web) [default], iteration 36 completed (16529.960 ms) ======
====== finagle-chirper (web) [default], iteration 37 started ======
Resetting master, feed map size: 5000
GC before operation: completed in 159.291 ms, heap usage 72.337 MB -> 27.534 MB.
WARNING: This benchmark provides no result that can be validated.
There is no way to check that no silent failure occurred.
====== finagle-chirper (web) [default], iteration 37 completed (16401.042 ms) ======
====== finagle-chirper (web) [default], iteration 38 started ======
Resetting master, feed map size: 5000
GC before operation: completed in 44.906 ms, heap usage 52.321 MB -> 30.453 MB.
WARNING: This benchmark provides no result that can be validated.
There is no way to check that no silent failure occurred.
====== finagle-chirper (web) [default], iteration 38 completed (16193.663 ms) ======
====== finagle-chirper (web) [default], iteration 39 started ======
Resetting master, feed map size: 5000
GC before operation: completed in 167.862 ms, heap usage 36.696 MB -> 27.712 MB.
WARNING: This benchmark provides no result that can be validated.
There is no way to check that no silent failure occurred.
====== finagle-chirper (web) [default], iteration 39 completed (16584.948 ms) ======
====== finagle-chirper (web) [default], iteration 40 started ======
Resetting master, feed map size: 5000
GC before operation: completed in 44.801 ms, heap usage 46.230 MB -> 30.431 MB.
WARNING: This benchmark provides no result that can be validated.
There is no way to check that no silent failure occurred.
====== finagle-chirper (web) [default], iteration 40 completed (16304.621 ms) ======
====== finagle-chirper (web) [default], iteration 41 started ======
Resetting master, feed map size: 5000
GC before operation: completed in 168.129 ms, heap usage 41.392 MB -> 27.716 MB.
WARNING: This benchmark provides no result that can be validated.
There is no way to check that no silent failure occurred.
====== finagle-chirper (web) [default], iteration 41 completed (16585.859 ms) ======
====== finagle-chirper (web) [default], iteration 42 started ======
Resetting master, feed map size: 5000
GC before operation: completed in 44.545 ms, heap usage 48.648 MB -> 30.386 MB.
WARNING: This benchmark provides no result that can be validated.
There is no way to check that no silent failure occurred.
====== finagle-chirper (web) [default], iteration 42 completed (16221.635 ms) ======
====== finagle-chirper (web) [default], iteration 43 started ======
Resetting master, feed map size: 5000
GC before operation: completed in 172.644 ms, heap usage 34.336 MB -> 27.716 MB.
WARNING: This benchmark provides no result that can be validated.
There is no way to check that no silent failure occurred.
====== finagle-chirper (web) [default], iteration 43 completed (16266.098 ms) ======
====== finagle-chirper (web) [default], iteration 44 started ======
Resetting master, feed map size: 5000
GC before operation: completed in 44.945 ms, heap usage 39.756 MB -> 30.268 MB.
WARNING: This benchmark provides no result that can be validated.
There is no way to check that no silent failure occurred.
====== finagle-chirper (web) [default], iteration 44 completed (16325.954 ms) ======
====== finagle-chirper (web) [default], iteration 45 started ======
Resetting master, feed map size: 5000
GC before operation: completed in 156.356 ms, heap usage 33.282 MB -> 27.581 MB.
WARNING: This benchmark provides no result that can be validated.
There is no way to check that no silent failure occurred.
====== finagle-chirper (web) [default], iteration 45 completed (16103.449 ms) ======
====== finagle-chirper (web) [default], iteration 46 started ======
Resetting master, feed map size: 5000
GC before operation: completed in 45.110 ms, heap usage 77.504 MB -> 30.394 MB.
WARNING: This benchmark provides no result that can be validated.
There is no way to check that no silent failure occurred.
====== finagle-chirper (web) [default], iteration 46 completed (16328.180 ms) ======
====== finagle-chirper (web) [default], iteration 47 started ======
Resetting master, feed map size: 5000
GC before operation: completed in 196.250 ms, heap usage 64.783 MB -> 27.715 MB.
WARNING: This benchmark provides no result that can be validated.
There is no way to check that no silent failure occurred.
====== finagle-chirper (web) [default], iteration 47 completed (16181.746 ms) ======
====== finagle-chirper (web) [default], iteration 48 started ======
Resetting master, feed map size: 5000
GC before operation: completed in 47.630 ms, heap usage 36.499 MB -> 30.347 MB.
WARNING: This benchmark provides no result that can be validated.
There is no way to check that no silent failure occurred.
====== finagle-chirper (web) [default], iteration 48 completed (16305.636 ms) ======
====== finagle-chirper (web) [default], iteration 49 started ======
Resetting master, feed map size: 5000
GC before operation: completed in 161.699 ms, heap usage 44.307 MB -> 27.718 MB.
WARNING: This benchmark provides no result that can be validated.
There is no way to check that no silent failure occurred.
====== finagle-chirper (web) [default], iteration 49 completed (18565.396 ms) ======
====== finagle-chirper (web) [default], iteration 50 started ======
Resetting master, feed map size: 5000
GC before operation: completed in 46.342 ms, heap usage 56.239 MB -> 30.488 MB.
WARNING: This benchmark provides no result that can be validated.
There is no way to check that no silent failure occurred.
====== finagle-chirper (web) [default], iteration 50 completed (16872.326 ms) ======
====== finagle-chirper (web) [default], iteration 51 started ======
Resetting master, feed map size: 5000
GC before operation: completed in 159.411 ms, heap usage 33.035 MB -> 27.689 MB.
WARNING: This benchmark provides no result that can be validated.
There is no way to check that no silent failure occurred.
====== finagle-chirper (web) [default], iteration 51 completed (16462.041 ms) ======
====== finagle-chirper (web) [default], iteration 52 started ======
Resetting master, feed map size: 5000
GC before operation: completed in 45.011 ms, heap usage 33.289 MB -> 28.354 MB.
WARNING: This benchmark provides no result that can be validated.
There is no way to check that no silent failure occurred.
====== finagle-chirper (web) [default], iteration 52 completed (16160.457 ms) ======
====== finagle-chirper (web) [default], iteration 53 started ======
Resetting master, feed map size: 5000
GC before operation: completed in 174.458 ms, heap usage 37.529 MB -> 27.726 MB.
WARNING: This benchmark provides no result that can be validated.
There is no way to check that no silent failure occurred.
====== finagle-chirper (web) [default], iteration 53 completed (16214.070 ms) ======
====== finagle-chirper (web) [default], iteration 54 started ======
Resetting master, feed map size: 5000
GC before operation: completed in 45.054 ms, heap usage 42.672 MB -> 30.478 MB.
WARNING: This benchmark provides no result that can be validated.
There is no way to check that no silent failure occurred.
====== finagle-chirper (web) [default], iteration 54 completed (16359.653 ms) ======
====== finagle-chirper (web) [default], iteration 55 started ======
Resetting master, feed map size: 5000
GC before operation: completed in 159.609 ms, heap usage 39.726 MB -> 27.670 MB.
WARNING: This benchmark provides no result that can be validated.
There is no way to check that no silent failure occurred.
====== finagle-chirper (web) [default], iteration 55 completed (16277.854 ms) ======
====== finagle-chirper (web) [default], iteration 56 started ======
Resetting master, feed map size: 5000
GC before operation: completed in 46.655 ms, heap usage 71.267 MB -> 30.151 MB.
WARNING: This benchmark provides no result that can be validated.
There is no way to check that no silent failure occurred.
====== finagle-chirper (web) [default], iteration 56 completed (15974.244 ms) ======
====== finagle-chirper (web) [default], iteration 57 started ======
Resetting master, feed map size: 5000
GC before operation: completed in 158.940 ms, heap usage 58.802 MB -> 27.718 MB.
WARNING: This benchmark provides no result that can be validated.
There is no way to check that no silent failure occurred.
====== finagle-chirper (web) [default], iteration 57 completed (15908.650 ms) ======
====== finagle-chirper (web) [default], iteration 58 started ======
Resetting master, feed map size: 5000
GC before operation: completed in 44.380 ms, heap usage 46.757 MB -> 30.294 MB.
WARNING: This benchmark provides no result that can be validated.
There is no way to check that no silent failure occurred.
====== finagle-chirper (web) [default], iteration 58 completed (15804.841 ms) ======
====== finagle-chirper (web) [default], iteration 59 started ======
Resetting master, feed map size: 5000
GC before operation: completed in 156.172 ms, heap usage 44.526 MB -> 27.582 MB.
WARNING: This benchmark provides no result that can be validated.
There is no way to check that no silent failure occurred.
====== finagle-chirper (web) [default], iteration 59 completed (15916.692 ms) ======
====== finagle-chirper (web) [default], iteration 60 started ======
Resetting master, feed map size: 5000
GC before operation: completed in 44.199 ms, heap usage 58.749 MB -> 30.482 MB.
WARNING: This benchmark provides no result that can be validated.
There is no way to check that no silent failure occurred.
====== finagle-chirper (web) [default], iteration 60 completed (15889.164 ms) ======
====== finagle-chirper (web) [default], iteration 61 started ======
Resetting master, feed map size: 5000
GC before operation: completed in 154.873 ms, heap usage 41.451 MB -> 27.710 MB.
WARNING: This benchmark provides no result that can be validated.
There is no way to check that no silent failure occurred.
====== finagle-chirper (web) [default], iteration 61 completed (15951.497 ms) ======
====== finagle-chirper (web) [default], iteration 62 started ======
Resetting master, feed map size: 5000
GC before operation: completed in 44.017 ms, heap usage 45.648 MB -> 30.666 MB.
WARNING: This benchmark provides no result that can be validated.
There is no way to check that no silent failure occurred.
====== finagle-chirper (web) [default], iteration 62 completed (15857.282 ms) ======
====== finagle-chirper (web) [default], iteration 63 started ======
Resetting master, feed map size: 5000
GC before operation: completed in 153.616 ms, heap usage 44.238 MB -> 27.643 MB.
WARNING: This benchmark provides no result that can be validated.
There is no way to check that no silent failure occurred.
====== finagle-chirper (web) [default], iteration 63 completed (15717.546 ms) ======
====== finagle-chirper (web) [default], iteration 64 started ======
Resetting master, feed map size: 5000
GC before operation: completed in 43.787 ms, heap usage 33.538 MB -> 28.843 MB.
WARNING: This benchmark provides no result that can be validated.
There is no way to check that no silent failure occurred.
====== finagle-chirper (web) [default], iteration 64 completed (15847.392 ms) ======
====== finagle-chirper (web) [default], iteration 65 started ======
Resetting master, feed map size: 5000
GC before operation: completed in 159.330 ms, heap usage 34.361 MB -> 27.713 MB.
WARNING: This benchmark provides no result that can be validated.
There is no way to check that no silent failure occurred.
====== finagle-chirper (web) [default], iteration 65 completed (16147.682 ms) ======
====== finagle-chirper (web) [default], iteration 66 started ======
Resetting master, feed map size: 5000
GC before operation: completed in 43.653 ms, heap usage 53.759 MB -> 30.556 MB.
WARNING: This benchmark provides no result that can be validated.
There is no way to check that no silent failure occurred.
====== finagle-chirper (web) [default], iteration 66 completed (15836.037 ms) ======
====== finagle-chirper (web) [default], iteration 67 started ======
Resetting master, feed map size: 5000
GC before operation: completed in 159.838 ms, heap usage 76.471 MB -> 28.180 MB.
WARNING: This benchmark provides no result that can be validated.
There is no way to check that no silent failure occurred.
====== finagle-chirper (web) [default], iteration 67 completed (15821.862 ms) ======
====== finagle-chirper (web) [default], iteration 68 started ======
Resetting master, feed map size: 5000
GC before operation: completed in 44.258 ms, heap usage 75.986 MB -> 30.809 MB.
WARNING: This benchmark provides no result that can be validated.
There is no way to check that no silent failure occurred.
====== finagle-chirper (web) [default], iteration 68 completed (16086.715 ms) ======
====== finagle-chirper (web) [default], iteration 69 started ======
Resetting master, feed map size: 5000
GC before operation: completed in 158.919 ms, heap usage 33.369 MB -> 28.016 MB.
WARNING: This benchmark provides no result that can be validated.
There is no way to check that no silent failure occurred.
====== finagle-chirper (web) [default], iteration 69 completed (15904.186 ms) ======
====== finagle-chirper (web) [default], iteration 70 started ======
Resetting master, feed map size: 5000
GC before operation: completed in 45.373 ms, heap usage 80.371 MB -> 30.980 MB.
WARNING: This benchmark provides no result that can be validated.
There is no way to check that no silent failure occurred.
====== finagle-chirper (web) [default], iteration 70 completed (15694.320 ms) ======
====== finagle-chirper (web) [default], iteration 71 started ======
Resetting master, feed map size: 5000
GC before operation: completed in 155.651 ms, heap usage 80.002 MB -> 28.017 MB.
WARNING: This benchmark provides no result that can be validated.
There is no way to check that no silent failure occurred.
====== finagle-chirper (web) [default], iteration 71 completed (15991.902 ms) ======
====== finagle-chirper (web) [default], iteration 72 started ======
Resetting master, feed map size: 5000
GC before operation: completed in 46.930 ms, heap usage 81.960 MB -> 30.602 MB.
WARNING: This benchmark provides no result that can be validated.
There is no way to check that no silent failure occurred.
====== finagle-chirper (web) [default], iteration 72 completed (15701.395 ms) ======
====== finagle-chirper (web) [default], iteration 73 started ======
Resetting master, feed map size: 5000
GC before operation: completed in 155.598 ms, heap usage 79.075 MB -> 27.976 MB.
WARNING: This benchmark provides no result that can be validated.
There is no way to check that no silent failure occurred.
====== finagle-chirper (web) [default], iteration 73 completed (15691.687 ms) ======
====== finagle-chirper (web) [default], iteration 74 started ======
Resetting master, feed map size: 5000
GC before operation: completed in 44.956 ms, heap usage 78.379 MB -> 30.643 MB.
WARNING: This benchmark provides no result that can be validated.
There is no way to check that no silent failure occurred.
====== finagle-chirper (web) [default], iteration 74 completed (15912.691 ms) ======
====== finagle-chirper (web) [default], iteration 75 started ======
Resetting master, feed map size: 5000
GC before operation: completed in 157.086 ms, heap usage 81.768 MB -> 28.105 MB.
WARNING: This benchmark provides no result that can be validated.
There is no way to check that no silent failure occurred.
====== finagle-chirper (web) [default], iteration 75 completed (15752.409 ms) ======
====== finagle-chirper (web) [default], iteration 76 started ======
Resetting master, feed map size: 5000
GC before operation: completed in 45.157 ms, heap usage 67.892 MB -> 30.597 MB.
WARNING: This benchmark provides no result that can be validated.
There is no way to check that no silent failure occurred.
====== finagle-chirper (web) [default], iteration 76 completed (15729.940 ms) ======
====== finagle-chirper (web) [default], iteration 77 started ======
Resetting master, feed map size: 5000
GC before operation: completed in 154.902 ms, heap usage 76.945 MB -> 27.894 MB.
WARNING: This benchmark provides no result that can be validated.
There is no way to check that no silent failure occurred.
====== finagle-chirper (web) [default], iteration 77 completed (15990.374 ms) ======
====== finagle-chirper (web) [default], iteration 78 started ======
Resetting master, feed map size: 5000
GC before operation: completed in 45.899 ms, heap usage 76.011 MB -> 30.561 MB.
WARNING: This benchmark provides no result that can be validated.
There is no way to check that no silent failure occurred.
====== finagle-chirper (web) [default], iteration 78 completed (15840.240 ms) ======
====== finagle-chirper (web) [default], iteration 79 started ======
Resetting master, feed map size: 5000
GC before operation: completed in 154.035 ms, heap usage 36.215 MB -> 27.873 MB.
WARNING: This benchmark provides no result that can be validated.
There is no way to check that no silent failure occurred.
====== finagle-chirper (web) [default], iteration 79 completed (15781.358 ms) ======
====== finagle-chirper (web) [default], iteration 80 started ======
Resetting master, feed map size: 5000
GC before operation: completed in 44.441 ms, heap usage 65.250 MB -> 30.598 MB.
WARNING: This benchmark provides no result that can be validated.
There is no way to check that no silent failure occurred.
====== finagle-chirper (web) [default], iteration 80 completed (16015.966 ms) ======
====== finagle-chirper (web) [default], iteration 81 started ======
Resetting master, feed map size: 5000
GC before operation: completed in 155.888 ms, heap usage 32.907 MB -> 28.002 MB.
WARNING: This benchmark provides no result that can be validated.
There is no way to check that no silent failure occurred.
====== finagle-chirper (web) [default], iteration 81 completed (15944.295 ms) ======
====== finagle-chirper (web) [default], iteration 82 started ======
Resetting master, feed map size: 5000
GC before operation: completed in 44.719 ms, heap usage 65.983 MB -> 30.594 MB.
WARNING: This benchmark provides no result that can be validated.
There is no way to check that no silent failure occurred.
====== finagle-chirper (web) [default], iteration 82 completed (16005.973 ms) ======
====== finagle-chirper (web) [default], iteration 83 started ======
Resetting master, feed map size: 5000
GC before operation: completed in 157.013 ms, heap usage 69.982 MB -> 28.019 MB.
WARNING: This benchmark provides no result that can be validated.
There is no way to check that no silent failure occurred.
====== finagle-chirper (web) [default], iteration 83 completed (16071.780 ms) ======
====== finagle-chirper (web) [default], iteration 84 started ======
Resetting master, feed map size: 5000
GC before operation: completed in 44.997 ms, heap usage 69.098 MB -> 30.752 MB.
WARNING: This benchmark provides no result that can be validated.
There is no way to check that no silent failure occurred.
====== finagle-chirper (web) [default], iteration 84 completed (16218.980 ms) ======
====== finagle-chirper (web) [default], iteration 85 started ======
Resetting master, feed map size: 5000
GC before operation: completed in 156.793 ms, heap usage 78.456 MB -> 28.034 MB.
WARNING: This benchmark provides no result that can be validated.
There is no way to check that no silent failure occurred.
====== finagle-chirper (web) [default], iteration 85 completed (16097.850 ms) ======
====== finagle-chirper (web) [default], iteration 86 started ======
Resetting master, feed map size: 5000
GC before operation: completed in 44.607 ms, heap usage 76.242 MB -> 30.718 MB.
WARNING: This benchmark provides no result that can be validated.
There is no way to check that no silent failure occurred.
====== finagle-chirper (web) [default], iteration 86 completed (16146.957 ms) ======
====== finagle-chirper (web) [default], iteration 87 started ======
Resetting master, feed map size: 5000
GC before operation: completed in 155.366 ms, heap usage 34.743 MB -> 28.067 MB.
WARNING: This benchmark provides no result that can be validated.
There is no way to check that no silent failure occurred.
====== finagle-chirper (web) [default], iteration 87 completed (15707.695 ms) ======
====== finagle-chirper (web) [default], iteration 88 started ======
Resetting master, feed map size: 5000
GC before operation: completed in 44.916 ms, heap usage 69.970 MB -> 30.750 MB.
WARNING: This benchmark provides no result that can be validated.
There is no way to check that no silent failure occurred.
====== finagle-chirper (web) [default], iteration 88 completed (15921.940 ms) ======
====== finagle-chirper (web) [default], iteration 89 started ======
Resetting master, feed map size: 5000
GC before operation: completed in 155.100 ms, heap usage 76.578 MB -> 28.019 MB.
WARNING: This benchmark provides no result that can be validated.
There is no way to check that no silent failure occurred.
====== finagle-chirper (web) [default], iteration 89 completed (15771.717 ms) ======
====== finagle-chirper (web) [default], iteration 90 started ======
Resetting master, feed map size: 5000
GC before operation: completed in 44.288 ms, heap usage 69.013 MB -> 30.865 MB.
WARNING: This benchmark provides no result that can be validated.
There is no way to check that no silent failure occurred.
====== finagle-chirper (web) [default], iteration 90 completed (15861.613 ms) ======
====== finagle-chirper (web) [default], iteration 91 started ======
Resetting master, feed map size: 5000
GC before operation: completed in 276.754 ms, heap usage 79.056 MB -> 27.985 MB.
WARNING: This benchmark provides no result that can be validated.
There is no way to check that no silent failure occurred.
====== finagle-chirper (web) [default], iteration 91 completed (16017.429 ms) ======
====== finagle-chirper (web) [default], iteration 92 started ======
Resetting master, feed map size: 5000
GC before operation: completed in 45.070 ms, heap usage 71.335 MB -> 30.596 MB.
WARNING: This benchmark provides no result that can be validated.
There is no way to check that no silent failure occurred.
====== finagle-chirper (web) [default], iteration 92 completed (15992.385 ms) ======
====== finagle-chirper (web) [default], iteration 93 started ======
Resetting master, feed map size: 5000
GC before operation: completed in 154.879 ms, heap usage 79.280 MB -> 28.036 MB.
WARNING: This benchmark provides no result that can be validated.
There is no way to check that no silent failure occurred.
====== finagle-chirper (web) [default], iteration 93 completed (15979.581 ms) ======
====== finagle-chirper (web) [default], iteration 94 started ======
Resetting master, feed map size: 5000
GC before operation: completed in 43.982 ms, heap usage 74.522 MB -> 30.575 MB.
WARNING: This benchmark provides no result that can be validated.
There is no way to check that no silent failure occurred.
====== finagle-chirper (web) [default], iteration 94 completed (15965.334 ms) ======
====== finagle-chirper (web) [default], iteration 95 started ======
Resetting master, feed map size: 5000
GC before operation: completed in 154.914 ms, heap usage 78.809 MB -> 27.880 MB.
WARNING: This benchmark provides no result that can be validated.
There is no way to check that no silent failure occurred.
====== finagle-chirper (web) [default], iteration 95 completed (15776.506 ms) ======
====== finagle-chirper (web) [default], iteration 96 started ======
Resetting master, feed map size: 5000
GC before operation: completed in 46.062 ms, heap usage 70.160 MB -> 30.780 MB.
WARNING: This benchmark provides no result that can be validated.
There is no way to check that no silent failure occurred.
====== finagle-chirper (web) [default], iteration 96 completed (15803.369 ms) ======
====== finagle-chirper (web) [default], iteration 97 started ======
Resetting master, feed map size: 5000
GC before operation: completed in 154.740 ms, heap usage 75.209 MB -> 27.960 MB.
WARNING: This benchmark provides no result that can be validated.
There is no way to check that no silent failure occurred.
====== finagle-chirper (web) [default], iteration 97 completed (15819.485 ms) ======
====== finagle-chirper (web) [default], iteration 98 started ======
Resetting master, feed map size: 5000
GC before operation: completed in 43.781 ms, heap usage 72.333 MB -> 30.612 MB.
WARNING: This benchmark provides no result that can be validated.
There is no way to check that no silent failure occurred.
====== finagle-chirper (web) [default], iteration 98 completed (15720.874 ms) ======
====== finagle-chirper (web) [default], iteration 99 started ======
Resetting master, feed map size: 5000
GC before operation: completed in 158.630 ms, heap usage 68.265 MB -> 28.158 MB.
WARNING: This benchmark provides no result that can be validated.
There is no way to check that no silent failure occurred.
====== finagle-chirper (web) [default], iteration 99 completed (15908.790 ms) ======
