finagle-http on :36945 spawning 4 client and default number of server workers.
====== finagle-http (web) [default], iteration 0 started ======
GC before operation: completed in 67.419 ms, heap usage 16.260 MB -> 10.196 MB.
====== finagle-http (web) [default], iteration 0 completed (51073.764 ms) ======
====== finagle-http (web) [default], iteration 1 started ======
GC before operation: completed in 120.180 ms, heap usage 49.766 MB -> 14.033 MB.
====== finagle-http (web) [default], iteration 1 completed (29087.795 ms) ======
====== finagle-http (web) [default], iteration 2 started ======
GC before operation: completed in 128.311 ms, heap usage 15.871 MB -> 14.071 MB.
====== finagle-http (web) [default], iteration 2 completed (16663.954 ms) ======
====== finagle-http (web) [default], iteration 3 started ======
GC before operation: completed in 86.619 ms, heap usage 24.084 MB -> 14.486 MB.
====== finagle-http (web) [default], iteration 3 completed (12240.459 ms) ======
====== finagle-http (web) [default], iteration 4 started ======
GC before operation: completed in 97.573 ms, heap usage 46.860 MB -> 14.176 MB.
====== finagle-http (web) [default], iteration 4 completed (13165.865 ms) ======
====== finagle-http (web) [default], iteration 5 started ======
GC before operation: completed in 96.786 ms, heap usage 32.350 MB -> 14.183 MB.
====== finagle-http (web) [default], iteration 5 completed (13538.764 ms) ======
====== finagle-http (web) [default], iteration 6 started ======
GC before operation: completed in 100.920 ms, heap usage 73.312 MB -> 14.201 MB.
====== finagle-http (web) [default], iteration 6 completed (13321.112 ms) ======
====== finagle-http (web) [default], iteration 7 started ======
GC before operation: completed in 96.425 ms, heap usage 54.534 MB -> 14.206 MB.
====== finagle-http (web) [default], iteration 7 completed (13340.103 ms) ======
====== finagle-http (web) [default], iteration 8 started ======
GC before operation: completed in 90.788 ms, heap usage 55.382 MB -> 14.183 MB.
====== finagle-http (web) [default], iteration 8 completed (13049.696 ms) ======
====== finagle-http (web) [default], iteration 9 started ======
GC before operation: completed in 96.707 ms, heap usage 56.568 MB -> 14.160 MB.
====== finagle-http (web) [default], iteration 9 completed (12989.068 ms) ======
====== finagle-http (web) [default], iteration 10 started ======
GC before operation: completed in 102.972 ms, heap usage 50.909 MB -> 14.152 MB.
====== finagle-http (web) [default], iteration 10 completed (12882.088 ms) ======
====== finagle-http (web) [default], iteration 11 started ======
GC before operation: completed in 93.203 ms, heap usage 40.363 MB -> 14.137 MB.
====== finagle-http (web) [default], iteration 11 completed (13007.816 ms) ======
====== finagle-http (web) [default], iteration 12 started ======
GC before operation: completed in 104.485 ms, heap usage 73.022 MB -> 14.165 MB.
====== finagle-http (web) [default], iteration 12 completed (12811.115 ms) ======
====== finagle-http (web) [default], iteration 13 started ======
GC before operation: completed in 99.191 ms, heap usage 23.130 MB -> 14.165 MB.
====== finagle-http (web) [default], iteration 13 completed (12807.335 ms) ======
====== finagle-http (web) [default], iteration 14 started ======
GC before operation: completed in 100.114 ms, heap usage 46.701 MB -> 14.214 MB.
====== finagle-http (web) [default], iteration 14 completed (13393.690 ms) ======
====== finagle-http (web) [default], iteration 15 started ======
GC before operation: completed in 100.269 ms, heap usage 20.867 MB -> 14.166 MB.
====== finagle-http (web) [default], iteration 15 completed (13550.193 ms) ======
====== finagle-http (web) [default], iteration 16 started ======
GC before operation: completed in 99.134 ms, heap usage 39.497 MB -> 14.206 MB.
====== finagle-http (web) [default], iteration 16 completed (13394.610 ms) ======
====== finagle-http (web) [default], iteration 17 started ======
GC before operation: completed in 105.649 ms, heap usage 48.037 MB -> 14.175 MB.
====== finagle-http (web) [default], iteration 17 completed (13418.837 ms) ======
====== finagle-http (web) [default], iteration 18 started ======
GC before operation: completed in 97.639 ms, heap usage 50.499 MB -> 14.192 MB.
====== finagle-http (web) [default], iteration 18 completed (13100.993 ms) ======
====== finagle-http (web) [default], iteration 19 started ======
GC before operation: completed in 103.762 ms, heap usage 56.131 MB -> 14.192 MB.
====== finagle-http (web) [default], iteration 19 completed (12954.572 ms) ======
====== finagle-http (web) [default], iteration 20 started ======
GC before operation: completed in 101.728 ms, heap usage 54.796 MB -> 14.175 MB.
====== finagle-http (web) [default], iteration 20 completed (12562.813 ms) ======
====== finagle-http (web) [default], iteration 21 started ======
GC before operation: completed in 101.465 ms, heap usage 23.116 MB -> 14.175 MB.
====== finagle-http (web) [default], iteration 21 completed (12323.497 ms) ======
====== finagle-http (web) [default], iteration 22 started ======
GC before operation: completed in 105.167 ms, heap usage 52.713 MB -> 14.159 MB.
====== finagle-http (web) [default], iteration 22 completed (12182.021 ms) ======
====== finagle-http (web) [default], iteration 23 started ======
GC before operation: completed in 101.837 ms, heap usage 16.363 MB -> 14.194 MB.
====== finagle-http (web) [default], iteration 23 completed (12082.157 ms) ======
====== finagle-http (web) [default], iteration 24 started ======
GC before operation: completed in 98.944 ms, heap usage 48.174 MB -> 14.295 MB.
====== finagle-http (web) [default], iteration 24 completed (11959.476 ms) ======
====== finagle-http (web) [default], iteration 25 started ======
GC before operation: completed in 104.552 ms, heap usage 30.937 MB -> 14.161 MB.
====== finagle-http (web) [default], iteration 25 completed (12395.128 ms) ======
====== finagle-http (web) [default], iteration 26 started ======
GC before operation: completed in 104.301 ms, heap usage 47.349 MB -> 14.178 MB.
====== finagle-http (web) [default], iteration 26 completed (13049.143 ms) ======
====== finagle-http (web) [default], iteration 27 started ======
GC before operation: completed in 100.748 ms, heap usage 25.505 MB -> 14.157 MB.
====== finagle-http (web) [default], iteration 27 completed (13080.062 ms) ======
====== finagle-http (web) [default], iteration 28 started ======
GC before operation: completed in 115.862 ms, heap usage 47.404 MB -> 14.181 MB.
====== finagle-http (web) [default], iteration 28 completed (13151.802 ms) ======
====== finagle-http (web) [default], iteration 29 started ======
GC before operation: completed in 106.462 ms, heap usage 54.662 MB -> 14.157 MB.
====== finagle-http (web) [default], iteration 29 completed (13173.436 ms) ======
====== finagle-http (web) [default], iteration 30 started ======
GC before operation: completed in 117.406 ms, heap usage 23.925 MB -> 14.179 MB.
====== finagle-http (web) [default], iteration 30 completed (12512.767 ms) ======
====== finagle-http (web) [default], iteration 31 started ======
GC before operation: completed in 101.771 ms, heap usage 47.791 MB -> 14.483 MB.
====== finagle-http (web) [default], iteration 31 completed (12815.055 ms) ======
====== finagle-http (web) [default], iteration 32 started ======
GC before operation: completed in 129.179 ms, heap usage 49.724 MB -> 14.186 MB.
====== finagle-http (web) [default], iteration 32 completed (12891.945 ms) ======
====== finagle-http (web) [default], iteration 33 started ======
GC before operation: completed in 108.125 ms, heap usage 55.477 MB -> 14.182 MB.
====== finagle-http (web) [default], iteration 33 completed (12652.033 ms) ======
====== finagle-http (web) [default], iteration 34 started ======
GC before operation: completed in 107.197 ms, heap usage 49.609 MB -> 14.207 MB.
====== finagle-http (web) [default], iteration 34 completed (12532.805 ms) ======
====== finagle-http (web) [default], iteration 35 started ======
GC before operation: completed in 107.613 ms, heap usage 50.894 MB -> 14.204 MB.
====== finagle-http (web) [default], iteration 35 completed (13615.919 ms) ======
====== finagle-http (web) [default], iteration 36 started ======
GC before operation: completed in 106.201 ms, heap usage 19.481 MB -> 14.181 MB.
====== finagle-http (web) [default], iteration 36 completed (13026.307 ms) ======
====== finagle-http (web) [default], iteration 37 started ======
GC before operation: completed in 104.559 ms, heap usage 20.855 MB -> 14.177 MB.
====== finagle-http (web) [default], iteration 37 completed (12697.430 ms) ======
====== finagle-http (web) [default], iteration 38 started ======
GC before operation: completed in 104.287 ms, heap usage 85.440 MB -> 14.155 MB.
====== finagle-http (web) [default], iteration 38 completed (12759.519 ms) ======
====== finagle-http (web) [default], iteration 39 started ======
GC before operation: completed in 108.302 ms, heap usage 20.560 MB -> 14.186 MB.
====== finagle-http (web) [default], iteration 39 completed (14283.609 ms) ======
====== finagle-http (web) [default], iteration 40 started ======
GC before operation: completed in 101.830 ms, heap usage 15.596 MB -> 14.141 MB.
====== finagle-http (web) [default], iteration 40 completed (12723.562 ms) ======
====== finagle-http (web) [default], iteration 41 started ======
GC before operation: completed in 102.652 ms, heap usage 31.493 MB -> 14.162 MB.
====== finagle-http (web) [default], iteration 41 completed (12506.770 ms) ======
====== finagle-http (web) [default], iteration 42 started ======
GC before operation: completed in 113.270 ms, heap usage 47.072 MB -> 14.188 MB.
====== finagle-http (web) [default], iteration 42 completed (12374.344 ms) ======
====== finagle-http (web) [default], iteration 43 started ======
GC before operation: completed in 111.502 ms, heap usage 52.298 MB -> 14.192 MB.
====== finagle-http (web) [default], iteration 43 completed (12030.495 ms) ======
====== finagle-http (web) [default], iteration 44 started ======
GC before operation: completed in 110.342 ms, heap usage 23.251 MB -> 14.184 MB.
====== finagle-http (web) [default], iteration 44 completed (12030.424 ms) ======
====== finagle-http (web) [default], iteration 45 started ======
GC before operation: completed in 104.949 ms, heap usage 34.892 MB -> 14.271 MB.
====== finagle-http (web) [default], iteration 45 completed (12478.817 ms) ======
====== finagle-http (web) [default], iteration 46 started ======
GC before operation: completed in 108.905 ms, heap usage 21.245 MB -> 14.166 MB.
====== finagle-http (web) [default], iteration 46 completed (12618.258 ms) ======
====== finagle-http (web) [default], iteration 47 started ======
GC before operation: completed in 118.785 ms, heap usage 61.773 MB -> 14.192 MB.
====== finagle-http (web) [default], iteration 47 completed (12645.510 ms) ======
====== finagle-http (web) [default], iteration 48 started ======
GC before operation: completed in 105.748 ms, heap usage 24.148 MB -> 14.165 MB.
====== finagle-http (web) [default], iteration 48 completed (12718.090 ms) ======
====== finagle-http (web) [default], iteration 49 started ======
GC before operation: completed in 110.652 ms, heap usage 20.963 MB -> 14.189 MB.
====== finagle-http (web) [default], iteration 49 completed (13273.653 ms) ======
====== finagle-http (web) [default], iteration 50 started ======
GC before operation: completed in 115.847 ms, heap usage 83.288 MB -> 14.230 MB.
====== finagle-http (web) [default], iteration 50 completed (13406.657 ms) ======
====== finagle-http (web) [default], iteration 51 started ======
GC before operation: completed in 115.539 ms, heap usage 18.914 MB -> 14.190 MB.
====== finagle-http (web) [default], iteration 51 completed (13454.183 ms) ======
====== finagle-http (web) [default], iteration 52 started ======
GC before operation: completed in 107.529 ms, heap usage 85.737 MB -> 14.182 MB.
====== finagle-http (web) [default], iteration 52 completed (13427.800 ms) ======
====== finagle-http (web) [default], iteration 53 started ======
GC before operation: completed in 112.506 ms, heap usage 55.457 MB -> 14.162 MB.
====== finagle-http (web) [default], iteration 53 completed (13255.345 ms) ======
====== finagle-http (web) [default], iteration 54 started ======
GC before operation: completed in 106.058 ms, heap usage 64.209 MB -> 14.316 MB.
====== finagle-http (web) [default], iteration 54 completed (13395.223 ms) ======
====== finagle-http (web) [default], iteration 55 started ======
GC before operation: completed in 109.673 ms, heap usage 33.140 MB -> 14.185 MB.
====== finagle-http (web) [default], iteration 55 completed (13206.235 ms) ======
====== finagle-http (web) [default], iteration 56 started ======
GC before operation: completed in 109.775 ms, heap usage 42.634 MB -> 14.191 MB.
====== finagle-http (web) [default], iteration 56 completed (13258.175 ms) ======
====== finagle-http (web) [default], iteration 57 started ======
GC before operation: completed in 111.288 ms, heap usage 26.301 MB -> 14.196 MB.
====== finagle-http (web) [default], iteration 57 completed (13144.154 ms) ======
====== finagle-http (web) [default], iteration 58 started ======
GC before operation: completed in 110.773 ms, heap usage 46.977 MB -> 14.212 MB.
====== finagle-http (web) [default], iteration 58 completed (12893.749 ms) ======
====== finagle-http (web) [default], iteration 59 started ======
GC before operation: completed in 112.565 ms, heap usage 53.721 MB -> 14.189 MB.
====== finagle-http (web) [default], iteration 59 completed (13163.985 ms) ======
====== finagle-http (web) [default], iteration 60 started ======
GC before operation: completed in 112.714 ms, heap usage 20.477 MB -> 14.197 MB.
====== finagle-http (web) [default], iteration 60 completed (13211.453 ms) ======
====== finagle-http (web) [default], iteration 61 started ======
GC before operation: completed in 110.808 ms, heap usage 38.498 MB -> 14.163 MB.
====== finagle-http (web) [default], iteration 61 completed (12850.577 ms) ======
====== finagle-http (web) [default], iteration 62 started ======
GC before operation: completed in 108.840 ms, heap usage 46.377 MB -> 14.503 MB.
====== finagle-http (web) [default], iteration 62 completed (12864.675 ms) ======
====== finagle-http (web) [default], iteration 63 started ======
GC before operation: completed in 117.025 ms, heap usage 55.491 MB -> 14.198 MB.
====== finagle-http (web) [default], iteration 63 completed (13754.201 ms) ======
====== finagle-http (web) [default], iteration 64 started ======
GC before operation: completed in 133.424 ms, heap usage 49.894 MB -> 14.189 MB.
====== finagle-http (web) [default], iteration 64 completed (12686.285 ms) ======
====== finagle-http (web) [default], iteration 65 started ======
GC before operation: completed in 108.056 ms, heap usage 63.897 MB -> 14.187 MB.
====== finagle-http (web) [default], iteration 65 completed (12960.985 ms) ======
====== finagle-http (web) [default], iteration 66 started ======
GC before operation: completed in 109.485 ms, heap usage 51.895 MB -> 14.185 MB.
====== finagle-http (web) [default], iteration 66 completed (12852.429 ms) ======
====== finagle-http (web) [default], iteration 67 started ======
GC before operation: completed in 114.241 ms, heap usage 20.123 MB -> 14.185 MB.
====== finagle-http (web) [default], iteration 67 completed (14070.876 ms) ======
====== finagle-http (web) [default], iteration 68 started ======
GC before operation: completed in 112.123 ms, heap usage 84.175 MB -> 14.182 MB.
====== finagle-http (web) [default], iteration 68 completed (13407.906 ms) ======
====== finagle-http (web) [default], iteration 69 started ======
GC before operation: completed in 121.652 ms, heap usage 55.961 MB -> 14.202 MB.
====== finagle-http (web) [default], iteration 69 completed (13377.600 ms) ======
====== finagle-http (web) [default], iteration 70 started ======
GC before operation: completed in 115.699 ms, heap usage 42.246 MB -> 14.197 MB.
====== finagle-http (web) [default], iteration 70 completed (13305.174 ms) ======
====== finagle-http (web) [default], iteration 71 started ======
GC before operation: completed in 108.255 ms, heap usage 65.450 MB -> 14.192 MB.
====== finagle-http (web) [default], iteration 71 completed (12936.183 ms) ======
====== finagle-http (web) [default], iteration 72 started ======
GC before operation: completed in 120.394 ms, heap usage 63.470 MB -> 14.194 MB.
====== finagle-http (web) [default], iteration 72 completed (12882.542 ms) ======
====== finagle-http (web) [default], iteration 73 started ======
GC before operation: completed in 115.220 ms, heap usage 22.727 MB -> 14.258 MB.
====== finagle-http (web) [default], iteration 73 completed (12524.022 ms) ======
====== finagle-http (web) [default], iteration 74 started ======
GC before operation: completed in 113.516 ms, heap usage 46.529 MB -> 14.200 MB.
====== finagle-http (web) [default], iteration 74 completed (12298.615 ms) ======
====== finagle-http (web) [default], iteration 75 started ======
GC before operation: completed in 114.784 ms, heap usage 48.996 MB -> 14.194 MB.
====== finagle-http (web) [default], iteration 75 completed (12090.336 ms) ======
====== finagle-http (web) [default], iteration 76 started ======
GC before operation: completed in 110.656 ms, heap usage 48.287 MB -> 14.185 MB.
====== finagle-http (web) [default], iteration 76 completed (12487.210 ms) ======
====== finagle-http (web) [default], iteration 77 started ======
GC before operation: completed in 112.348 ms, heap usage 53.780 MB -> 14.215 MB.
====== finagle-http (web) [default], iteration 77 completed (13179.503 ms) ======
====== finagle-http (web) [default], iteration 78 started ======
GC before operation: completed in 113.917 ms, heap usage 22.459 MB -> 14.238 MB.
====== finagle-http (web) [default], iteration 78 completed (13102.397 ms) ======
====== finagle-http (web) [default], iteration 79 started ======
GC before operation: completed in 118.299 ms, heap usage 62.757 MB -> 14.189 MB.
====== finagle-http (web) [default], iteration 79 completed (13272.185 ms) ======
====== finagle-http (web) [default], iteration 80 started ======
GC before operation: completed in 111.707 ms, heap usage 23.418 MB -> 14.241 MB.
====== finagle-http (web) [default], iteration 80 completed (13432.154 ms) ======
====== finagle-http (web) [default], iteration 81 started ======
GC before operation: completed in 115.724 ms, heap usage 35.552 MB -> 14.179 MB.
====== finagle-http (web) [default], iteration 81 completed (13055.042 ms) ======
====== finagle-http (web) [default], iteration 82 started ======
GC before operation: completed in 109.836 ms, heap usage 46.651 MB -> 14.189 MB.
====== finagle-http (web) [default], iteration 82 completed (12983.010 ms) ======
====== finagle-http (web) [default], iteration 83 started ======
GC before operation: completed in 121.483 ms, heap usage 23.405 MB -> 14.193 MB.
====== finagle-http (web) [default], iteration 83 completed (12592.774 ms) ======
====== finagle-http (web) [default], iteration 84 started ======
GC before operation: completed in 111.488 ms, heap usage 84.295 MB -> 14.197 MB.
====== finagle-http (web) [default], iteration 84 completed (12671.620 ms) ======
====== finagle-http (web) [default], iteration 85 started ======
GC before operation: completed in 118.016 ms, heap usage 47.530 MB -> 14.201 MB.
====== finagle-http (web) [default], iteration 85 completed (12214.852 ms) ======
====== finagle-http (web) [default], iteration 86 started ======
GC before operation: completed in 111.452 ms, heap usage 45.410 MB -> 14.208 MB.
====== finagle-http (web) [default], iteration 86 completed (12178.381 ms) ======
====== finagle-http (web) [default], iteration 87 started ======
GC before operation: completed in 107.703 ms, heap usage 23.117 MB -> 14.211 MB.
====== finagle-http (web) [default], iteration 87 completed (12390.945 ms) ======
====== finagle-http (web) [default], iteration 88 started ======
GC before operation: completed in 113.511 ms, heap usage 47.578 MB -> 14.209 MB.
====== finagle-http (web) [default], iteration 88 completed (12531.187 ms) ======
====== finagle-http (web) [default], iteration 89 started ======
GC before operation: completed in 106.870 ms, heap usage 43.915 MB -> 14.211 MB.
====== finagle-http (web) [default], iteration 89 completed (12289.179 ms) ======
====== finagle-http (web) [default], iteration 90 started ======
GC before operation: completed in 103.010 ms, heap usage 47.807 MB -> 14.267 MB.
====== finagle-http (web) [default], iteration 90 completed (12138.472 ms) ======
====== finagle-http (web) [default], iteration 91 started ======
GC before operation: completed in 114.904 ms, heap usage 17.167 MB -> 14.203 MB.
====== finagle-http (web) [default], iteration 91 completed (12845.630 ms) ======
====== finagle-http (web) [default], iteration 92 started ======
GC before operation: completed in 106.097 ms, heap usage 72.325 MB -> 14.402 MB.
====== finagle-http (web) [default], iteration 92 completed (13179.928 ms) ======
====== finagle-http (web) [default], iteration 93 started ======
GC before operation: completed in 103.808 ms, heap usage 48.897 MB -> 14.206 MB.
====== finagle-http (web) [default], iteration 93 completed (13363.624 ms) ======
====== finagle-http (web) [default], iteration 94 started ======
GC before operation: completed in 106.939 ms, heap usage 56.653 MB -> 14.217 MB.
====== finagle-http (web) [default], iteration 94 completed (13196.204 ms) ======
====== finagle-http (web) [default], iteration 95 started ======
GC before operation: completed in 112.240 ms, heap usage 62.491 MB -> 14.213 MB.
====== finagle-http (web) [default], iteration 95 completed (13274.613 ms) ======
====== finagle-http (web) [default], iteration 96 started ======
GC before operation: completed in 113.292 ms, heap usage 45.643 MB -> 14.221 MB.
====== finagle-http (web) [default], iteration 96 completed (13254.299 ms) ======
====== finagle-http (web) [default], iteration 97 started ======
GC before operation: completed in 110.590 ms, heap usage 26.543 MB -> 14.219 MB.
====== finagle-http (web) [default], iteration 97 completed (13187.078 ms) ======
====== finagle-http (web) [default], iteration 98 started ======
GC before operation: completed in 105.710 ms, heap usage 75.747 MB -> 14.221 MB.
====== finagle-http (web) [default], iteration 98 completed (13341.101 ms) ======
====== finagle-http (web) [default], iteration 99 started ======
GC before operation: completed in 108.519 ms, heap usage 41.576 MB -> 14.373 MB.
====== finagle-http (web) [default], iteration 99 completed (13184.489 ms) ======
Master port: 35693
Cache ports: 46629, 40541, 45827, 40421
====== finagle-chirper (web) [default], iteration 0 started ======
Resetting master, feed map size: 5000
GC before operation: completed in 191.725 ms, heap usage 40.041 MB -> 21.795 MB.
WARNING: This benchmark provides no result that can be validated.
There is no way to check that no silent failure occurred.
====== finagle-chirper (web) [default], iteration 0 completed (51297.469 ms) ======
====== finagle-chirper (web) [default], iteration 1 started ======
Resetting master, feed map size: 5000
GC before operation: completed in 204.768 ms, heap usage 33.218 MB -> 24.333 MB.
WARNING: This benchmark provides no result that can be validated.
There is no way to check that no silent failure occurred.
====== finagle-chirper (web) [default], iteration 1 completed (29865.585 ms) ======
====== finagle-chirper (web) [default], iteration 2 started ======
Resetting master, feed map size: 5000
GC before operation: completed in 185.963 ms, heap usage 107.033 MB -> 25.033 MB.
WARNING: This benchmark provides no result that can be validated.
There is no way to check that no silent failure occurred.
====== finagle-chirper (web) [default], iteration 2 completed (20211.964 ms) ======
====== finagle-chirper (web) [default], iteration 3 started ======
Resetting master, feed map size: 5000
GC before operation: completed in 183.070 ms, heap usage 108.841 MB -> 24.914 MB.
WARNING: This benchmark provides no result that can be validated.
There is no way to check that no silent failure occurred.
====== finagle-chirper (web) [default], iteration 3 completed (13903.723 ms) ======
====== finagle-chirper (web) [default], iteration 4 started ======
Resetting master, feed map size: 5000
GC before operation: completed in 170.974 ms, heap usage 41.959 MB -> 24.729 MB.
WARNING: This benchmark provides no result that can be validated.
There is no way to check that no silent failure occurred.
====== finagle-chirper (web) [default], iteration 4 completed (12548.283 ms) ======
====== finagle-chirper (web) [default], iteration 5 started ======
Resetting master, feed map size: 5000
GC before operation: completed in 176.005 ms, heap usage 114.236 MB -> 24.742 MB.
WARNING: This benchmark provides no result that can be validated.
There is no way to check that no silent failure occurred.
====== finagle-chirper (web) [default], iteration 5 completed (12652.606 ms) ======
====== finagle-chirper (web) [default], iteration 6 started ======
Resetting master, feed map size: 5000
GC before operation: completed in 181.965 ms, heap usage 108.048 MB -> 24.749 MB.
WARNING: This benchmark provides no result that can be validated.
There is no way to check that no silent failure occurred.
====== finagle-chirper (web) [default], iteration 6 completed (12435.048 ms) ======
====== finagle-chirper (web) [default], iteration 7 started ======
Resetting master, feed map size: 5000
GC before operation: completed in 192.186 ms, heap usage 76.300 MB -> 24.753 MB.
WARNING: This benchmark provides no result that can be validated.
There is no way to check that no silent failure occurred.
====== finagle-chirper (web) [default], iteration 7 completed (11958.481 ms) ======
====== finagle-chirper (web) [default], iteration 8 started ======
Resetting master, feed map size: 5000
GC before operation: completed in 190.349 ms, heap usage 97.370 MB -> 24.755 MB.
WARNING: This benchmark provides no result that can be validated.
There is no way to check that no silent failure occurred.
====== finagle-chirper (web) [default], iteration 8 completed (11863.689 ms) ======
====== finagle-chirper (web) [default], iteration 9 started ======
Resetting master, feed map size: 5000
GC before operation: completed in 180.837 ms, heap usage 130.860 MB -> 24.760 MB.
WARNING: This benchmark provides no result that can be validated.
There is no way to check that no silent failure occurred.
====== finagle-chirper (web) [default], iteration 9 completed (14085.962 ms) ======
====== finagle-chirper (web) [default], iteration 10 started ======
Resetting master, feed map size: 5000
GC before operation: completed in 173.533 ms, heap usage 49.983 MB -> 24.763 MB.
WARNING: This benchmark provides no result that can be validated.
There is no way to check that no silent failure occurred.
====== finagle-chirper (web) [default], iteration 10 completed (11459.654 ms) ======
====== finagle-chirper (web) [default], iteration 11 started ======
Resetting master, feed map size: 5000
GC before operation: completed in 178.672 ms, heap usage 103.178 MB -> 24.766 MB.
WARNING: This benchmark provides no result that can be validated.
There is no way to check that no silent failure occurred.
====== finagle-chirper (web) [default], iteration 11 completed (11534.723 ms) ======
====== finagle-chirper (web) [default], iteration 12 started ======
Resetting master, feed map size: 5000
GC before operation: completed in 178.241 ms, heap usage 42.293 MB -> 24.769 MB.
WARNING: This benchmark provides no result that can be validated.
There is no way to check that no silent failure occurred.
====== finagle-chirper (web) [default], iteration 12 completed (11418.520 ms) ======
====== finagle-chirper (web) [default], iteration 13 started ======
Resetting master, feed map size: 5000
GC before operation: completed in 179.393 ms, heap usage 59.193 MB -> 24.809 MB.
WARNING: This benchmark provides no result that can be validated.
There is no way to check that no silent failure occurred.
====== finagle-chirper (web) [default], iteration 13 completed (11267.293 ms) ======
====== finagle-chirper (web) [default], iteration 14 started ======
Resetting master, feed map size: 5000
GC before operation: completed in 184.480 ms, heap usage 147.188 MB -> 24.772 MB.
WARNING: This benchmark provides no result that can be validated.
There is no way to check that no silent failure occurred.
====== finagle-chirper (web) [default], iteration 14 completed (11250.817 ms) ======
====== finagle-chirper (web) [default], iteration 15 started ======
Resetting master, feed map size: 5000
GC before operation: completed in 184.737 ms, heap usage 45.665 MB -> 25.053 MB.
WARNING: This benchmark provides no result that can be validated.
There is no way to check that no silent failure occurred.
====== finagle-chirper (web) [default], iteration 15 completed (11053.390 ms) ======
====== finagle-chirper (web) [default], iteration 16 started ======
Resetting master, feed map size: 5000
GC before operation: completed in 188.893 ms, heap usage 121.105 MB -> 24.782 MB.
WARNING: This benchmark provides no result that can be validated.
There is no way to check that no silent failure occurred.
====== finagle-chirper (web) [default], iteration 16 completed (11031.291 ms) ======
====== finagle-chirper (web) [default], iteration 17 started ======
Resetting master, feed map size: 5000
GC before operation: completed in 184.227 ms, heap usage 116.397 MB -> 24.721 MB.
WARNING: This benchmark provides no result that can be validated.
There is no way to check that no silent failure occurred.
====== finagle-chirper (web) [default], iteration 17 completed (11320.624 ms) ======
====== finagle-chirper (web) [default], iteration 18 started ======
Resetting master, feed map size: 5000
GC before operation: completed in 184.428 ms, heap usage 105.699 MB -> 24.782 MB.
WARNING: This benchmark provides no result that can be validated.
There is no way to check that no silent failure occurred.
====== finagle-chirper (web) [default], iteration 18 completed (12152.982 ms) ======
====== finagle-chirper (web) [default], iteration 19 started ======
Resetting master, feed map size: 5000
GC before operation: completed in 190.438 ms, heap usage 145.342 MB -> 24.823 MB.
WARNING: This benchmark provides no result that can be validated.
There is no way to check that no silent failure occurred.
====== finagle-chirper (web) [default], iteration 19 completed (10794.060 ms) ======
====== finagle-chirper (web) [default], iteration 20 started ======
Resetting master, feed map size: 5000
GC before operation: completed in 187.175 ms, heap usage 52.896 MB -> 24.790 MB.
WARNING: This benchmark provides no result that can be validated.
There is no way to check that no silent failure occurred.
====== finagle-chirper (web) [default], iteration 20 completed (11689.370 ms) ======
====== finagle-chirper (web) [default], iteration 21 started ======
Resetting master, feed map size: 5000
GC before operation: completed in 185.675 ms, heap usage 70.980 MB -> 24.787 MB.
WARNING: This benchmark provides no result that can be validated.
There is no way to check that no silent failure occurred.
====== finagle-chirper (web) [default], iteration 21 completed (11108.724 ms) ======
====== finagle-chirper (web) [default], iteration 22 started ======
Resetting master, feed map size: 5000
GC before operation: completed in 206.708 ms, heap usage 134.389 MB -> 24.791 MB.
WARNING: This benchmark provides no result that can be validated.
There is no way to check that no silent failure occurred.
====== finagle-chirper (web) [default], iteration 22 completed (11677.394 ms) ======
====== finagle-chirper (web) [default], iteration 23 started ======
Resetting master, feed map size: 5000
GC before operation: completed in 187.456 ms, heap usage 59.528 MB -> 24.795 MB.
WARNING: This benchmark provides no result that can be validated.
There is no way to check that no silent failure occurred.
====== finagle-chirper (web) [default], iteration 23 completed (10836.029 ms) ======
====== finagle-chirper (web) [default], iteration 24 started ======
Resetting master, feed map size: 5000
GC before operation: completed in 184.674 ms, heap usage 30.501 MB -> 24.796 MB.
WARNING: This benchmark provides no result that can be validated.
There is no way to check that no silent failure occurred.
====== finagle-chirper (web) [default], iteration 24 completed (10843.459 ms) ======
====== finagle-chirper (web) [default], iteration 25 started ======
Resetting master, feed map size: 5000
GC before operation: completed in 190.843 ms, heap usage 174.662 MB -> 24.595 MB.
WARNING: This benchmark provides no result that can be validated.
There is no way to check that no silent failure occurred.
====== finagle-chirper (web) [default], iteration 25 completed (11597.315 ms) ======
====== finagle-chirper (web) [default], iteration 26 started ======
Resetting master, feed map size: 5000
GC before operation: completed in 186.710 ms, heap usage 46.409 MB -> 24.797 MB.
WARNING: This benchmark provides no result that can be validated.
There is no way to check that no silent failure occurred.
====== finagle-chirper (web) [default], iteration 26 completed (10797.946 ms) ======
====== finagle-chirper (web) [default], iteration 27 started ======
Resetting master, feed map size: 5000
GC before operation: completed in 190.681 ms, heap usage 65.757 MB -> 24.810 MB.
WARNING: This benchmark provides no result that can be validated.
There is no way to check that no silent failure occurred.
====== finagle-chirper (web) [default], iteration 27 completed (10781.463 ms) ======
====== finagle-chirper (web) [default], iteration 28 started ======
Resetting master, feed map size: 5000
GC before operation: completed in 192.594 ms, heap usage 97.506 MB -> 24.751 MB.
WARNING: This benchmark provides no result that can be validated.
There is no way to check that no silent failure occurred.
====== finagle-chirper (web) [default], iteration 28 completed (10451.662 ms) ======
====== finagle-chirper (web) [default], iteration 29 started ======
Resetting master, feed map size: 5000
GC before operation: completed in 196.078 ms, heap usage 84.632 MB -> 24.552 MB.
WARNING: This benchmark provides no result that can be validated.
There is no way to check that no silent failure occurred.
====== finagle-chirper (web) [default], iteration 29 completed (11004.666 ms) ======
====== finagle-chirper (web) [default], iteration 30 started ======
Resetting master, feed map size: 5000
GC before operation: completed in 189.048 ms, heap usage 126.377 MB -> 24.800 MB.
WARNING: This benchmark provides no result that can be validated.
There is no way to check that no silent failure occurred.
====== finagle-chirper (web) [default], iteration 30 completed (10328.967 ms) ======
====== finagle-chirper (web) [default], iteration 31 started ======
Resetting master, feed map size: 5000
GC before operation: completed in 183.861 ms, heap usage 133.664 MB -> 24.582 MB.
WARNING: This benchmark provides no result that can be validated.
There is no way to check that no silent failure occurred.
====== finagle-chirper (web) [default], iteration 31 completed (10468.589 ms) ======
====== finagle-chirper (web) [default], iteration 32 started ======
Resetting master, feed map size: 5000
GC before operation: completed in 182.861 ms, heap usage 47.399 MB -> 24.809 MB.
WARNING: This benchmark provides no result that can be validated.
There is no way to check that no silent failure occurred.
====== finagle-chirper (web) [default], iteration 32 completed (11073.241 ms) ======
====== finagle-chirper (web) [default], iteration 33 started ======
Resetting master, feed map size: 5000
GC before operation: completed in 194.581 ms, heap usage 134.401 MB -> 24.813 MB.
WARNING: This benchmark provides no result that can be validated.
There is no way to check that no silent failure occurred.
====== finagle-chirper (web) [default], iteration 33 completed (10127.982 ms) ======
====== finagle-chirper (web) [default], iteration 34 started ======
Resetting master, feed map size: 5000
GC before operation: completed in 185.404 ms, heap usage 137.524 MB -> 24.572 MB.
WARNING: This benchmark provides no result that can be validated.
There is no way to check that no silent failure occurred.
====== finagle-chirper (web) [default], iteration 34 completed (10286.467 ms) ======
====== finagle-chirper (web) [default], iteration 35 started ======
Resetting master, feed map size: 5000
GC before operation: completed in 182.806 ms, heap usage 110.699 MB -> 24.527 MB.
WARNING: This benchmark provides no result that can be validated.
There is no way to check that no silent failure occurred.
====== finagle-chirper (web) [default], iteration 35 completed (10067.643 ms) ======
====== finagle-chirper (web) [default], iteration 36 started ======
Resetting master, feed map size: 5000
GC before operation: completed in 186.551 ms, heap usage 104.376 MB -> 24.589 MB.
WARNING: This benchmark provides no result that can be validated.
There is no way to check that no silent failure occurred.
====== finagle-chirper (web) [default], iteration 36 completed (10871.959 ms) ======
====== finagle-chirper (web) [default], iteration 37 started ======
Resetting master, feed map size: 5000
GC before operation: completed in 189.900 ms, heap usage 53.388 MB -> 24.791 MB.
WARNING: This benchmark provides no result that can be validated.
There is no way to check that no silent failure occurred.
====== finagle-chirper (web) [default], iteration 37 completed (10070.195 ms) ======
====== finagle-chirper (web) [default], iteration 38 started ======
Resetting master, feed map size: 5000
GC before operation: completed in 192.710 ms, heap usage 101.595 MB -> 24.531 MB.
WARNING: This benchmark provides no result that can be validated.
There is no way to check that no silent failure occurred.
====== finagle-chirper (web) [default], iteration 38 completed (10300.167 ms) ======
====== finagle-chirper (web) [default], iteration 39 started ======
Resetting master, feed map size: 5000
GC before operation: completed in 184.407 ms, heap usage 106.429 MB -> 24.384 MB.
WARNING: This benchmark provides no result that can be validated.
There is no way to check that no silent failure occurred.
====== finagle-chirper (web) [default], iteration 39 completed (10091.707 ms) ======
====== finagle-chirper (web) [default], iteration 40 started ======
Resetting master, feed map size: 5000
GC before operation: completed in 183.865 ms, heap usage 94.302 MB -> 24.535 MB.
WARNING: This benchmark provides no result that can be validated.
There is no way to check that no silent failure occurred.
====== finagle-chirper (web) [default], iteration 40 completed (10159.031 ms) ======
====== finagle-chirper (web) [default], iteration 41 started ======
Resetting master, feed map size: 5000
GC before operation: completed in 186.312 ms, heap usage 75.391 MB -> 24.321 MB.
WARNING: This benchmark provides no result that can be validated.
There is no way to check that no silent failure occurred.
====== finagle-chirper (web) [default], iteration 41 completed (10183.801 ms) ======
====== finagle-chirper (web) [default], iteration 42 started ======
Resetting master, feed map size: 5000
GC before operation: completed in 182.568 ms, heap usage 44.924 MB -> 24.355 MB.
WARNING: This benchmark provides no result that can be validated.
There is no way to check that no silent failure occurred.
====== finagle-chirper (web) [default], iteration 42 completed (10328.035 ms) ======
====== finagle-chirper (web) [default], iteration 43 started ======
Resetting master, feed map size: 5000
GC before operation: completed in 181.982 ms, heap usage 68.730 MB -> 24.386 MB.
WARNING: This benchmark provides no result that can be validated.
There is no way to check that no silent failure occurred.
====== finagle-chirper (web) [default], iteration 43 completed (10203.761 ms) ======
====== finagle-chirper (web) [default], iteration 44 started ======
Resetting master, feed map size: 5000
GC before operation: completed in 186.761 ms, heap usage 66.908 MB -> 24.588 MB.
WARNING: This benchmark provides no result that can be validated.
There is no way to check that no silent failure occurred.
====== finagle-chirper (web) [default], iteration 44 completed (10252.685 ms) ======
====== finagle-chirper (web) [default], iteration 45 started ======
Resetting master, feed map size: 5000
GC before operation: completed in 183.144 ms, heap usage 91.493 MB -> 24.562 MB.
WARNING: This benchmark provides no result that can be validated.
There is no way to check that no silent failure occurred.
====== finagle-chirper (web) [default], iteration 45 completed (9984.816 ms) ======
====== finagle-chirper (web) [default], iteration 46 started ======
Resetting master, feed map size: 5000
GC before operation: completed in 187.254 ms, heap usage 36.633 MB -> 25.295 MB.
WARNING: This benchmark provides no result that can be validated.
There is no way to check that no silent failure occurred.
====== finagle-chirper (web) [default], iteration 46 completed (10019.321 ms) ======
====== finagle-chirper (web) [default], iteration 47 started ======
Resetting master, feed map size: 5000
GC before operation: completed in 189.080 ms, heap usage 140.659 MB -> 24.675 MB.
WARNING: This benchmark provides no result that can be validated.
There is no way to check that no silent failure occurred.
====== finagle-chirper (web) [default], iteration 47 completed (10064.806 ms) ======
====== finagle-chirper (web) [default], iteration 48 started ======
Resetting master, feed map size: 5000
GC before operation: completed in 189.356 ms, heap usage 94.791 MB -> 24.640 MB.
WARNING: This benchmark provides no result that can be validated.
There is no way to check that no silent failure occurred.
====== finagle-chirper (web) [default], iteration 48 completed (10390.944 ms) ======
====== finagle-chirper (web) [default], iteration 49 started ======
Resetting master, feed map size: 5000
GC before operation: completed in 188.015 ms, heap usage 47.233 MB -> 24.626 MB.
WARNING: This benchmark provides no result that can be validated.
There is no way to check that no silent failure occurred.
====== finagle-chirper (web) [default], iteration 49 completed (9942.311 ms) ======
====== finagle-chirper (web) [default], iteration 50 started ======
Resetting master, feed map size: 5000
GC before operation: completed in 190.973 ms, heap usage 56.986 MB -> 24.828 MB.
WARNING: This benchmark provides no result that can be validated.
There is no way to check that no silent failure occurred.
====== finagle-chirper (web) [default], iteration 50 completed (10043.872 ms) ======
====== finagle-chirper (web) [default], iteration 51 started ======
Resetting master, feed map size: 5000
GC before operation: completed in 186.189 ms, heap usage 49.282 MB -> 24.704 MB.
WARNING: This benchmark provides no result that can be validated.
There is no way to check that no silent failure occurred.
====== finagle-chirper (web) [default], iteration 51 completed (10277.491 ms) ======
====== finagle-chirper (web) [default], iteration 52 started ======
Resetting master, feed map size: 5000
GC before operation: completed in 208.595 ms, heap usage 82.080 MB -> 24.223 MB.
WARNING: This benchmark provides no result that can be validated.
There is no way to check that no silent failure occurred.
====== finagle-chirper (web) [default], iteration 52 completed (10230.526 ms) ======
====== finagle-chirper (web) [default], iteration 53 started ======
Resetting master, feed map size: 5000
GC before operation: completed in 206.536 ms, heap usage 94.539 MB -> 24.027 MB.
WARNING: This benchmark provides no result that can be validated.
There is no way to check that no silent failure occurred.
====== finagle-chirper (web) [default], iteration 53 completed (9948.411 ms) ======
====== finagle-chirper (web) [default], iteration 54 started ======
Resetting master, feed map size: 5000
GC before operation: completed in 190.822 ms, heap usage 140.222 MB -> 24.429 MB.
WARNING: This benchmark provides no result that can be validated.
There is no way to check that no silent failure occurred.
====== finagle-chirper (web) [default], iteration 54 completed (10271.863 ms) ======
====== finagle-chirper (web) [default], iteration 55 started ======
Resetting master, feed map size: 5000
GC before operation: completed in 184.673 ms, heap usage 76.720 MB -> 24.009 MB.
WARNING: This benchmark provides no result that can be validated.
There is no way to check that no silent failure occurred.
====== finagle-chirper (web) [default], iteration 55 completed (10110.668 ms) ======
====== finagle-chirper (web) [default], iteration 56 started ======
Resetting master, feed map size: 5000
GC before operation: completed in 188.709 ms, heap usage 115.763 MB -> 24.231 MB.
WARNING: This benchmark provides no result that can be validated.
There is no way to check that no silent failure occurred.
====== finagle-chirper (web) [default], iteration 56 completed (10148.151 ms) ======
====== finagle-chirper (web) [default], iteration 57 started ======
Resetting master, feed map size: 5000
GC before operation: completed in 186.121 ms, heap usage 44.445 MB -> 24.080 MB.
WARNING: This benchmark provides no result that can be validated.
There is no way to check that no silent failure occurred.
====== finagle-chirper (web) [default], iteration 57 completed (9854.994 ms) ======
====== finagle-chirper (web) [default], iteration 58 started ======
Resetting master, feed map size: 5000
GC before operation: completed in 190.051 ms, heap usage 55.151 MB -> 24.430 MB.
WARNING: This benchmark provides no result that can be validated.
There is no way to check that no silent failure occurred.
====== finagle-chirper (web) [default], iteration 58 completed (10071.299 ms) ======
====== finagle-chirper (web) [default], iteration 59 started ======
Resetting master, feed map size: 5000
GC before operation: completed in 194.968 ms, heap usage 124.822 MB -> 24.216 MB.
WARNING: This benchmark provides no result that can be validated.
There is no way to check that no silent failure occurred.
====== finagle-chirper (web) [default], iteration 59 completed (10163.704 ms) ======
====== finagle-chirper (web) [default], iteration 60 started ======
Resetting master, feed map size: 5000
GC before operation: completed in 190.321 ms, heap usage 91.144 MB -> 24.056 MB.
WARNING: This benchmark provides no result that can be validated.
There is no way to check that no silent failure occurred.
====== finagle-chirper (web) [default], iteration 60 completed (9935.078 ms) ======
====== finagle-chirper (web) [default], iteration 61 started ======
Resetting master, feed map size: 5000
GC before operation: completed in 189.655 ms, heap usage 33.440 MB -> 24.431 MB.
WARNING: This benchmark provides no result that can be validated.
There is no way to check that no silent failure occurred.
====== finagle-chirper (web) [default], iteration 61 completed (9797.550 ms) ======
====== finagle-chirper (web) [default], iteration 62 started ======
Resetting master, feed map size: 5000
GC before operation: completed in 190.247 ms, heap usage 59.032 MB -> 24.440 MB.
WARNING: This benchmark provides no result that can be validated.
There is no way to check that no silent failure occurred.
====== finagle-chirper (web) [default], iteration 62 completed (10140.158 ms) ======
====== finagle-chirper (web) [default], iteration 63 started ======
Resetting master, feed map size: 5000
GC before operation: completed in 187.901 ms, heap usage 87.333 MB -> 24.110 MB.
WARNING: This benchmark provides no result that can be validated.
There is no way to check that no silent failure occurred.
====== finagle-chirper (web) [default], iteration 63 completed (10818.532 ms) ======
====== finagle-chirper (web) [default], iteration 64 started ======
Resetting master, feed map size: 5000
GC before operation: completed in 189.270 ms, heap usage 42.674 MB -> 24.432 MB.
WARNING: This benchmark provides no result that can be validated.
There is no way to check that no silent failure occurred.
====== finagle-chirper (web) [default], iteration 64 completed (9770.067 ms) ======
====== finagle-chirper (web) [default], iteration 65 started ======
Resetting master, feed map size: 5000
GC before operation: completed in 189.050 ms, heap usage 94.390 MB -> 24.439 MB.
WARNING: This benchmark provides no result that can be validated.
There is no way to check that no silent failure occurred.
====== finagle-chirper (web) [default], iteration 65 completed (9734.318 ms) ======
====== finagle-chirper (web) [default], iteration 66 started ======
Resetting master, feed map size: 5000
GC before operation: completed in 193.566 ms, heap usage 113.885 MB -> 24.442 MB.
WARNING: This benchmark provides no result that can be validated.
There is no way to check that no silent failure occurred.
====== finagle-chirper (web) [default], iteration 66 completed (9883.186 ms) ======
====== finagle-chirper (web) [default], iteration 67 started ======
Resetting master, feed map size: 5000
GC before operation: completed in 187.803 ms, heap usage 100.806 MB -> 24.424 MB.
WARNING: This benchmark provides no result that can be validated.
There is no way to check that no silent failure occurred.
====== finagle-chirper (web) [default], iteration 67 completed (9800.538 ms) ======
====== finagle-chirper (web) [default], iteration 68 started ======
Resetting master, feed map size: 5000
GC before operation: completed in 192.085 ms, heap usage 134.234 MB -> 24.423 MB.
WARNING: This benchmark provides no result that can be validated.
There is no way to check that no silent failure occurred.
====== finagle-chirper (web) [default], iteration 68 completed (9624.225 ms) ======
====== finagle-chirper (web) [default], iteration 69 started ======
Resetting master, feed map size: 5000
GC before operation: completed in 197.330 ms, heap usage 97.197 MB -> 24.426 MB.
WARNING: This benchmark provides no result that can be validated.
There is no way to check that no silent failure occurred.
====== finagle-chirper (web) [default], iteration 69 completed (9690.994 ms) ======
====== finagle-chirper (web) [default], iteration 70 started ======
Resetting master, feed map size: 5000
GC before operation: completed in 193.198 ms, heap usage 87.489 MB -> 24.424 MB.
WARNING: This benchmark provides no result that can be validated.
There is no way to check that no silent failure occurred.
====== finagle-chirper (web) [default], iteration 70 completed (9805.123 ms) ======
====== finagle-chirper (web) [default], iteration 71 started ======
Resetting master, feed map size: 5000
GC before operation: completed in 190.839 ms, heap usage 99.860 MB -> 24.426 MB.
WARNING: This benchmark provides no result that can be validated.
There is no way to check that no silent failure occurred.
====== finagle-chirper (web) [default], iteration 71 completed (10317.536 ms) ======
====== finagle-chirper (web) [default], iteration 72 started ======
Resetting master, feed map size: 5000
GC before operation: completed in 185.449 ms, heap usage 45.811 MB -> 23.996 MB.
WARNING: This benchmark provides no result that can be validated.
There is no way to check that no silent failure occurred.
====== finagle-chirper (web) [default], iteration 72 completed (9995.310 ms) ======
====== finagle-chirper (web) [default], iteration 73 started ======
Resetting master, feed map size: 5000
GC before operation: completed in 192.226 ms, heap usage 97.347 MB -> 24.320 MB.
WARNING: This benchmark provides no result that can be validated.
There is no way to check that no silent failure occurred.
====== finagle-chirper (web) [default], iteration 73 completed (10479.802 ms) ======
====== finagle-chirper (web) [default], iteration 74 started ======
Resetting master, feed map size: 5000
GC before operation: completed in 186.119 ms, heap usage 42.730 MB -> 24.082 MB.
WARNING: This benchmark provides no result that can be validated.
There is no way to check that no silent failure occurred.
====== finagle-chirper (web) [default], iteration 74 completed (10007.340 ms) ======
====== finagle-chirper (web) [default], iteration 75 started ======
Resetting master, feed map size: 5000
GC before operation: completed in 189.713 ms, heap usage 101.754 MB -> 24.296 MB.
WARNING: This benchmark provides no result that can be validated.
There is no way to check that no silent failure occurred.
====== finagle-chirper (web) [default], iteration 75 completed (9570.376 ms) ======
====== finagle-chirper (web) [default], iteration 76 started ======
Resetting master, feed map size: 5000
GC before operation: completed in 193.650 ms, heap usage 137.310 MB -> 24.754 MB.
WARNING: This benchmark provides no result that can be validated.
There is no way to check that no silent failure occurred.
====== finagle-chirper (web) [default], iteration 76 completed (9547.200 ms) ======
====== finagle-chirper (web) [default], iteration 77 started ======
Resetting master, feed map size: 5000
GC before operation: completed in 189.624 ms, heap usage 29.209 MB -> 24.429 MB.
WARNING: This benchmark provides no result that can be validated.
There is no way to check that no silent failure occurred.
====== finagle-chirper (web) [default], iteration 77 completed (9849.478 ms) ======
====== finagle-chirper (web) [default], iteration 78 started ======
Resetting master, feed map size: 5000
GC before operation: completed in 194.217 ms, heap usage 156.361 MB -> 24.440 MB.
WARNING: This benchmark provides no result that can be validated.
There is no way to check that no silent failure occurred.
====== finagle-chirper (web) [default], iteration 78 completed (9811.901 ms) ======
====== finagle-chirper (web) [default], iteration 79 started ======
Resetting master, feed map size: 5000
GC before operation: completed in 195.136 ms, heap usage 64.721 MB -> 24.431 MB.
WARNING: This benchmark provides no result that can be validated.
There is no way to check that no silent failure occurred.
====== finagle-chirper (web) [default], iteration 79 completed (9830.396 ms) ======
====== finagle-chirper (web) [default], iteration 80 started ======
Resetting master, feed map size: 5000
GC before operation: completed in 193.641 ms, heap usage 111.959 MB -> 23.879 MB.
WARNING: This benchmark provides no result that can be validated.
There is no way to check that no silent failure occurred.
====== finagle-chirper (web) [default], iteration 80 completed (10463.725 ms) ======
====== finagle-chirper (web) [default], iteration 81 started ======
Resetting master, feed map size: 5000
GC before operation: completed in 199.925 ms, heap usage 145.169 MB -> 23.483 MB.
WARNING: This benchmark provides no result that can be validated.
There is no way to check that no silent failure occurred.
====== finagle-chirper (web) [default], iteration 81 completed (9934.039 ms) ======
====== finagle-chirper (web) [default], iteration 82 started ======
Resetting master, feed map size: 5000
GC before operation: completed in 192.891 ms, heap usage 95.122 MB -> 23.878 MB.
WARNING: This benchmark provides no result that can be validated.
There is no way to check that no silent failure occurred.
====== finagle-chirper (web) [default], iteration 82 completed (9668.385 ms) ======
====== finagle-chirper (web) [default], iteration 83 started ======
Resetting master, feed map size: 5000
GC before operation: completed in 190.122 ms, heap usage 114.426 MB -> 23.886 MB.
WARNING: This benchmark provides no result that can be validated.
There is no way to check that no silent failure occurred.
====== finagle-chirper (web) [default], iteration 83 completed (9692.492 ms) ======
====== finagle-chirper (web) [default], iteration 84 started ======
Resetting master, feed map size: 5000
GC before operation: completed in 191.668 ms, heap usage 138.456 MB -> 23.900 MB.
WARNING: This benchmark provides no result that can be validated.
There is no way to check that no silent failure occurred.
====== finagle-chirper (web) [default], iteration 84 completed (9954.974 ms) ======
====== finagle-chirper (web) [default], iteration 85 started ======
Resetting master, feed map size: 5000
GC before operation: completed in 193.607 ms, heap usage 69.530 MB -> 23.896 MB.
WARNING: This benchmark provides no result that can be validated.
There is no way to check that no silent failure occurred.
====== finagle-chirper (web) [default], iteration 85 completed (9893.982 ms) ======
====== finagle-chirper (web) [default], iteration 86 started ======
Resetting master, feed map size: 5000
GC before operation: completed in 188.045 ms, heap usage 46.667 MB -> 23.896 MB.
WARNING: This benchmark provides no result that can be validated.
There is no way to check that no silent failure occurred.
====== finagle-chirper (web) [default], iteration 86 completed (9778.750 ms) ======
====== finagle-chirper (web) [default], iteration 87 started ======
Resetting master, feed map size: 5000
GC before operation: completed in 187.933 ms, heap usage 54.759 MB -> 23.903 MB.
WARNING: This benchmark provides no result that can be validated.
There is no way to check that no silent failure occurred.
====== finagle-chirper (web) [default], iteration 87 completed (9857.078 ms) ======
====== finagle-chirper (web) [default], iteration 88 started ======
Resetting master, feed map size: 5000
GC before operation: completed in 184.658 ms, heap usage 41.328 MB -> 23.899 MB.
WARNING: This benchmark provides no result that can be validated.
There is no way to check that no silent failure occurred.
====== finagle-chirper (web) [default], iteration 88 completed (9534.337 ms) ======
====== finagle-chirper (web) [default], iteration 89 started ======
Resetting master, feed map size: 5000
GC before operation: completed in 187.205 ms, heap usage 64.360 MB -> 23.900 MB.
WARNING: This benchmark provides no result that can be validated.
There is no way to check that no silent failure occurred.
====== finagle-chirper (web) [default], iteration 89 completed (9781.810 ms) ======
====== finagle-chirper (web) [default], iteration 90 started ======
Resetting master, feed map size: 5000
GC before operation: completed in 186.416 ms, heap usage 59.548 MB -> 23.906 MB.
WARNING: This benchmark provides no result that can be validated.
There is no way to check that no silent failure occurred.
====== finagle-chirper (web) [default], iteration 90 completed (9856.086 ms) ======
====== finagle-chirper (web) [default], iteration 91 started ======
Resetting master, feed map size: 5000
GC before operation: completed in 186.562 ms, heap usage 49.326 MB -> 23.905 MB.
WARNING: This benchmark provides no result that can be validated.
There is no way to check that no silent failure occurred.
====== finagle-chirper (web) [default], iteration 91 completed (9906.434 ms) ======
====== finagle-chirper (web) [default], iteration 92 started ======
Resetting master, feed map size: 5000
GC before operation: completed in 195.454 ms, heap usage 148.879 MB -> 23.904 MB.
WARNING: This benchmark provides no result that can be validated.
There is no way to check that no silent failure occurred.
====== finagle-chirper (web) [default], iteration 92 completed (9539.673 ms) ======
====== finagle-chirper (web) [default], iteration 93 started ======
Resetting master, feed map size: 5000
GC before operation: completed in 185.380 ms, heap usage 71.762 MB -> 23.908 MB.
WARNING: This benchmark provides no result that can be validated.
There is no way to check that no silent failure occurred.
====== finagle-chirper (web) [default], iteration 93 completed (9830.751 ms) ======
====== finagle-chirper (web) [default], iteration 94 started ======
Resetting master, feed map size: 5000
GC before operation: completed in 183.677 ms, heap usage 42.657 MB -> 23.910 MB.
WARNING: This benchmark provides no result that can be validated.
There is no way to check that no silent failure occurred.
====== finagle-chirper (web) [default], iteration 94 completed (9434.167 ms) ======
====== finagle-chirper (web) [default], iteration 95 started ======
Resetting master, feed map size: 5000
GC before operation: completed in 189.408 ms, heap usage 122.649 MB -> 23.916 MB.
WARNING: This benchmark provides no result that can be validated.
There is no way to check that no silent failure occurred.
====== finagle-chirper (web) [default], iteration 95 completed (9640.364 ms) ======
====== finagle-chirper (web) [default], iteration 96 started ======
Resetting master, feed map size: 5000
GC before operation: completed in 191.033 ms, heap usage 134.975 MB -> 23.912 MB.
WARNING: This benchmark provides no result that can be validated.
There is no way to check that no silent failure occurred.
====== finagle-chirper (web) [default], iteration 96 completed (9600.494 ms) ======
====== finagle-chirper (web) [default], iteration 97 started ======
Resetting master, feed map size: 5000
GC before operation: completed in 207.829 ms, heap usage 85.570 MB -> 23.915 MB.
WARNING: This benchmark provides no result that can be validated.
There is no way to check that no silent failure occurred.
====== finagle-chirper (web) [default], iteration 97 completed (9777.577 ms) ======
====== finagle-chirper (web) [default], iteration 98 started ======
Resetting master, feed map size: 5000
GC before operation: completed in 188.262 ms, heap usage 54.933 MB -> 23.915 MB.
WARNING: This benchmark provides no result that can be validated.
There is no way to check that no silent failure occurred.
====== finagle-chirper (web) [default], iteration 98 completed (9770.495 ms) ======
====== finagle-chirper (web) [default], iteration 99 started ======
Resetting master, feed map size: 5000
GC before operation: completed in 190.732 ms, heap usage 81.354 MB -> 23.918 MB.
WARNING: This benchmark provides no result that can be validated.
There is no way to check that no silent failure occurred.
====== finagle-chirper (web) [default], iteration 99 completed (9845.694 ms) ======
