finagle-http on :46181 spawning 4 client and default number of server workers.
====== finagle-http (web) [default], iteration 0 started ======
GC before operation: completed in 66.651 ms, heap usage 12.817 MB -> 10.250 MB.
====== finagle-http (web) [default], iteration 0 completed (52638.268 ms) ======
====== finagle-http (web) [default], iteration 1 started ======
GC before operation: completed in 120.947 ms, heap usage 34.809 MB -> 14.020 MB.
====== finagle-http (web) [default], iteration 1 completed (29103.382 ms) ======
====== finagle-http (web) [default], iteration 2 started ======
GC before operation: completed in 106.900 ms, heap usage 40.075 MB -> 14.164 MB.
====== finagle-http (web) [default], iteration 2 completed (17199.304 ms) ======
====== finagle-http (web) [default], iteration 3 started ======
GC before operation: completed in 110.504 ms, heap usage 41.434 MB -> 14.240 MB.
====== finagle-http (web) [default], iteration 3 completed (12956.046 ms) ======
====== finagle-http (web) [default], iteration 4 started ======
GC before operation: completed in 95.337 ms, heap usage 23.661 MB -> 14.197 MB.
====== finagle-http (web) [default], iteration 4 completed (12690.938 ms) ======
====== finagle-http (web) [default], iteration 5 started ======
GC before operation: completed in 98.696 ms, heap usage 61.796 MB -> 14.247 MB.
====== finagle-http (web) [default], iteration 5 completed (13075.351 ms) ======
====== finagle-http (web) [default], iteration 6 started ======
GC before operation: completed in 121.974 ms, heap usage 57.927 MB -> 14.252 MB.
====== finagle-http (web) [default], iteration 6 completed (13252.092 ms) ======
====== finagle-http (web) [default], iteration 7 started ======
GC before operation: completed in 98.586 ms, heap usage 45.946 MB -> 14.246 MB.
====== finagle-http (web) [default], iteration 7 completed (13474.307 ms) ======
====== finagle-http (web) [default], iteration 8 started ======
GC before operation: completed in 89.162 ms, heap usage 52.311 MB -> 14.265 MB.
====== finagle-http (web) [default], iteration 8 completed (13512.577 ms) ======
====== finagle-http (web) [default], iteration 9 started ======
GC before operation: completed in 98.236 ms, heap usage 37.950 MB -> 14.246 MB.
====== finagle-http (web) [default], iteration 9 completed (13420.637 ms) ======
====== finagle-http (web) [default], iteration 10 started ======
GC before operation: completed in 104.139 ms, heap usage 48.773 MB -> 14.250 MB.
====== finagle-http (web) [default], iteration 10 completed (13415.178 ms) ======
====== finagle-http (web) [default], iteration 11 started ======
GC before operation: completed in 99.445 ms, heap usage 56.928 MB -> 14.254 MB.
====== finagle-http (web) [default], iteration 11 completed (13499.988 ms) ======
====== finagle-http (web) [default], iteration 12 started ======
GC before operation: completed in 98.302 ms, heap usage 36.427 MB -> 14.252 MB.
====== finagle-http (web) [default], iteration 12 completed (13532.662 ms) ======
====== finagle-http (web) [default], iteration 13 started ======
GC before operation: completed in 94.350 ms, heap usage 34.380 MB -> 14.239 MB.
====== finagle-http (web) [default], iteration 13 completed (14234.226 ms) ======
====== finagle-http (web) [default], iteration 14 started ======
GC before operation: completed in 99.354 ms, heap usage 24.246 MB -> 14.244 MB.
====== finagle-http (web) [default], iteration 14 completed (13763.161 ms) ======
====== finagle-http (web) [default], iteration 15 started ======
GC before operation: completed in 101.337 ms, heap usage 42.339 MB -> 14.302 MB.
====== finagle-http (web) [default], iteration 15 completed (13525.060 ms) ======
====== finagle-http (web) [default], iteration 16 started ======
GC before operation: completed in 96.396 ms, heap usage 26.191 MB -> 14.238 MB.
====== finagle-http (web) [default], iteration 16 completed (13448.699 ms) ======
====== finagle-http (web) [default], iteration 17 started ======
GC before operation: completed in 105.684 ms, heap usage 74.920 MB -> 14.261 MB.
====== finagle-http (web) [default], iteration 17 completed (13374.550 ms) ======
====== finagle-http (web) [default], iteration 18 started ======
GC before operation: completed in 99.017 ms, heap usage 67.574 MB -> 14.234 MB.
====== finagle-http (web) [default], iteration 18 completed (13269.871 ms) ======
====== finagle-http (web) [default], iteration 19 started ======
GC before operation: completed in 98.182 ms, heap usage 16.583 MB -> 14.262 MB.
====== finagle-http (web) [default], iteration 19 completed (13436.597 ms) ======
====== finagle-http (web) [default], iteration 20 started ======
GC before operation: completed in 100.012 ms, heap usage 50.868 MB -> 14.241 MB.
====== finagle-http (web) [default], iteration 20 completed (13341.755 ms) ======
====== finagle-http (web) [default], iteration 21 started ======
GC before operation: completed in 100.813 ms, heap usage 73.799 MB -> 14.264 MB.
====== finagle-http (web) [default], iteration 21 completed (13491.493 ms) ======
====== finagle-http (web) [default], iteration 22 started ======
GC before operation: completed in 99.625 ms, heap usage 18.559 MB -> 14.302 MB.
====== finagle-http (web) [default], iteration 22 completed (13358.657 ms) ======
====== finagle-http (web) [default], iteration 23 started ======
GC before operation: completed in 102.743 ms, heap usage 20.369 MB -> 14.260 MB.
====== finagle-http (web) [default], iteration 23 completed (13500.781 ms) ======
====== finagle-http (web) [default], iteration 24 started ======
GC before operation: completed in 116.197 ms, heap usage 43.040 MB -> 14.270 MB.
====== finagle-http (web) [default], iteration 24 completed (13301.451 ms) ======
====== finagle-http (web) [default], iteration 25 started ======
GC before operation: completed in 100.376 ms, heap usage 33.313 MB -> 14.274 MB.
====== finagle-http (web) [default], iteration 25 completed (13215.883 ms) ======
====== finagle-http (web) [default], iteration 26 started ======
GC before operation: completed in 105.839 ms, heap usage 73.618 MB -> 14.274 MB.
====== finagle-http (web) [default], iteration 26 completed (13015.358 ms) ======
====== finagle-http (web) [default], iteration 27 started ======
GC before operation: completed in 101.927 ms, heap usage 23.609 MB -> 14.564 MB.
====== finagle-http (web) [default], iteration 27 completed (13476.213 ms) ======
====== finagle-http (web) [default], iteration 28 started ======
GC before operation: completed in 102.057 ms, heap usage 85.508 MB -> 14.270 MB.
====== finagle-http (web) [default], iteration 28 completed (13208.879 ms) ======
====== finagle-http (web) [default], iteration 29 started ======
GC before operation: completed in 105.016 ms, heap usage 60.156 MB -> 14.258 MB.
====== finagle-http (web) [default], iteration 29 completed (13243.720 ms) ======
====== finagle-http (web) [default], iteration 30 started ======
GC before operation: completed in 100.621 ms, heap usage 59.709 MB -> 14.213 MB.
====== finagle-http (web) [default], iteration 30 completed (13400.778 ms) ======
====== finagle-http (web) [default], iteration 31 started ======
GC before operation: completed in 110.811 ms, heap usage 40.055 MB -> 14.225 MB.
====== finagle-http (web) [default], iteration 31 completed (13374.962 ms) ======
====== finagle-http (web) [default], iteration 32 started ======
GC before operation: completed in 103.204 ms, heap usage 69.094 MB -> 14.205 MB.
====== finagle-http (web) [default], iteration 32 completed (13543.551 ms) ======
====== finagle-http (web) [default], iteration 33 started ======
GC before operation: completed in 110.429 ms, heap usage 19.602 MB -> 14.275 MB.
====== finagle-http (web) [default], iteration 33 completed (13480.910 ms) ======
====== finagle-http (web) [default], iteration 34 started ======
GC before operation: completed in 101.024 ms, heap usage 88.841 MB -> 14.246 MB.
====== finagle-http (web) [default], iteration 34 completed (13544.124 ms) ======
====== finagle-http (web) [default], iteration 35 started ======
GC before operation: completed in 102.423 ms, heap usage 23.961 MB -> 14.307 MB.
====== finagle-http (web) [default], iteration 35 completed (13374.016 ms) ======
====== finagle-http (web) [default], iteration 36 started ======
GC before operation: completed in 103.076 ms, heap usage 74.141 MB -> 14.273 MB.
====== finagle-http (web) [default], iteration 36 completed (13513.561 ms) ======
====== finagle-http (web) [default], iteration 37 started ======
GC before operation: completed in 107.506 ms, heap usage 37.137 MB -> 14.279 MB.
====== finagle-http (web) [default], iteration 37 completed (13321.842 ms) ======
====== finagle-http (web) [default], iteration 38 started ======
GC before operation: completed in 110.851 ms, heap usage 21.414 MB -> 14.282 MB.
====== finagle-http (web) [default], iteration 38 completed (13403.751 ms) ======
====== finagle-http (web) [default], iteration 39 started ======
GC before operation: completed in 106.946 ms, heap usage 22.608 MB -> 14.274 MB.
====== finagle-http (web) [default], iteration 39 completed (14741.744 ms) ======
====== finagle-http (web) [default], iteration 40 started ======
GC before operation: completed in 108.056 ms, heap usage 39.196 MB -> 14.285 MB.
====== finagle-http (web) [default], iteration 40 completed (13334.059 ms) ======
====== finagle-http (web) [default], iteration 41 started ======
GC before operation: completed in 104.077 ms, heap usage 74.220 MB -> 14.281 MB.
====== finagle-http (web) [default], iteration 41 completed (13123.242 ms) ======
====== finagle-http (web) [default], iteration 42 started ======
GC before operation: completed in 102.381 ms, heap usage 15.443 MB -> 14.259 MB.
====== finagle-http (web) [default], iteration 42 completed (13286.509 ms) ======
====== finagle-http (web) [default], iteration 43 started ======
GC before operation: completed in 106.136 ms, heap usage 101.600 MB -> 14.274 MB.
====== finagle-http (web) [default], iteration 43 completed (13072.019 ms) ======
====== finagle-http (web) [default], iteration 44 started ======
GC before operation: completed in 106.949 ms, heap usage 60.889 MB -> 14.307 MB.
====== finagle-http (web) [default], iteration 44 completed (13079.843 ms) ======
====== finagle-http (web) [default], iteration 45 started ======
GC before operation: completed in 105.249 ms, heap usage 39.644 MB -> 14.246 MB.
====== finagle-http (web) [default], iteration 45 completed (12878.177 ms) ======
====== finagle-http (web) [default], iteration 46 started ======
GC before operation: completed in 111.085 ms, heap usage 73.240 MB -> 14.286 MB.
====== finagle-http (web) [default], iteration 46 completed (13399.577 ms) ======
====== finagle-http (web) [default], iteration 47 started ======
GC before operation: completed in 103.646 ms, heap usage 37.289 MB -> 14.303 MB.
====== finagle-http (web) [default], iteration 47 completed (13460.158 ms) ======
====== finagle-http (web) [default], iteration 48 started ======
GC before operation: completed in 110.539 ms, heap usage 74.468 MB -> 14.284 MB.
====== finagle-http (web) [default], iteration 48 completed (13487.031 ms) ======
====== finagle-http (web) [default], iteration 49 started ======
GC before operation: completed in 109.207 ms, heap usage 37.131 MB -> 14.385 MB.
====== finagle-http (web) [default], iteration 49 completed (13672.926 ms) ======
====== finagle-http (web) [default], iteration 50 started ======
GC before operation: completed in 117.942 ms, heap usage 59.492 MB -> 14.281 MB.
====== finagle-http (web) [default], iteration 50 completed (13476.826 ms) ======
====== finagle-http (web) [default], iteration 51 started ======
GC before operation: completed in 108.544 ms, heap usage 32.710 MB -> 14.286 MB.
====== finagle-http (web) [default], iteration 51 completed (13612.659 ms) ======
====== finagle-http (web) [default], iteration 52 started ======
GC before operation: completed in 104.119 ms, heap usage 73.545 MB -> 14.274 MB.
====== finagle-http (web) [default], iteration 52 completed (13677.199 ms) ======
====== finagle-http (web) [default], iteration 53 started ======
GC before operation: completed in 112.420 ms, heap usage 70.172 MB -> 14.276 MB.
====== finagle-http (web) [default], iteration 53 completed (13602.711 ms) ======
====== finagle-http (web) [default], iteration 54 started ======
GC before operation: completed in 111.071 ms, heap usage 71.218 MB -> 14.264 MB.
====== finagle-http (web) [default], iteration 54 completed (13599.876 ms) ======
====== finagle-http (web) [default], iteration 55 started ======
GC before operation: completed in 108.303 ms, heap usage 61.478 MB -> 14.276 MB.
====== finagle-http (web) [default], iteration 55 completed (13569.318 ms) ======
====== finagle-http (web) [default], iteration 56 started ======
GC before operation: completed in 106.488 ms, heap usage 72.617 MB -> 14.286 MB.
====== finagle-http (web) [default], iteration 56 completed (13567.306 ms) ======
====== finagle-http (web) [default], iteration 57 started ======
GC before operation: completed in 112.328 ms, heap usage 64.076 MB -> 14.284 MB.
====== finagle-http (web) [default], iteration 57 completed (13583.141 ms) ======
====== finagle-http (web) [default], iteration 58 started ======
GC before operation: completed in 111.157 ms, heap usage 67.877 MB -> 14.290 MB.
====== finagle-http (web) [default], iteration 58 completed (13733.418 ms) ======
====== finagle-http (web) [default], iteration 59 started ======
GC before operation: completed in 115.742 ms, heap usage 59.417 MB -> 14.293 MB.
====== finagle-http (web) [default], iteration 59 completed (13609.154 ms) ======
====== finagle-http (web) [default], iteration 60 started ======
GC before operation: completed in 111.487 ms, heap usage 50.517 MB -> 14.204 MB.
====== finagle-http (web) [default], iteration 60 completed (13613.775 ms) ======
====== finagle-http (web) [default], iteration 61 started ======
GC before operation: completed in 111.325 ms, heap usage 61.172 MB -> 14.277 MB.
====== finagle-http (web) [default], iteration 61 completed (14248.634 ms) ======
====== finagle-http (web) [default], iteration 62 started ======
GC before operation: completed in 109.899 ms, heap usage 26.491 MB -> 14.264 MB.
====== finagle-http (web) [default], iteration 62 completed (13585.962 ms) ======
====== finagle-http (web) [default], iteration 63 started ======
GC before operation: completed in 114.673 ms, heap usage 40.157 MB -> 14.278 MB.
====== finagle-http (web) [default], iteration 63 completed (14304.247 ms) ======
====== finagle-http (web) [default], iteration 64 started ======
GC before operation: completed in 121.719 ms, heap usage 73.035 MB -> 14.278 MB.
====== finagle-http (web) [default], iteration 64 completed (13222.899 ms) ======
====== finagle-http (web) [default], iteration 65 started ======
GC before operation: completed in 112.530 ms, heap usage 66.647 MB -> 14.312 MB.
====== finagle-http (web) [default], iteration 65 completed (12785.833 ms) ======
====== finagle-http (web) [default], iteration 66 started ======
GC before operation: completed in 109.265 ms, heap usage 26.264 MB -> 14.274 MB.
====== finagle-http (web) [default], iteration 66 completed (13307.860 ms) ======
====== finagle-http (web) [default], iteration 67 started ======
GC before operation: completed in 106.892 ms, heap usage 73.150 MB -> 14.253 MB.
====== finagle-http (web) [default], iteration 67 completed (13298.127 ms) ======
====== finagle-http (web) [default], iteration 68 started ======
GC before operation: completed in 109.283 ms, heap usage 15.112 MB -> 14.255 MB.
====== finagle-http (web) [default], iteration 68 completed (13456.803 ms) ======
====== finagle-http (web) [default], iteration 69 started ======
GC before operation: completed in 108.114 ms, heap usage 48.607 MB -> 14.247 MB.
====== finagle-http (web) [default], iteration 69 completed (13425.828 ms) ======
====== finagle-http (web) [default], iteration 70 started ======
GC before operation: completed in 113.347 ms, heap usage 75.181 MB -> 14.253 MB.
====== finagle-http (web) [default], iteration 70 completed (13548.257 ms) ======
====== finagle-http (web) [default], iteration 71 started ======
GC before operation: completed in 125.757 ms, heap usage 37.457 MB -> 14.287 MB.
====== finagle-http (web) [default], iteration 71 completed (13393.219 ms) ======
====== finagle-http (web) [default], iteration 72 started ======
GC before operation: completed in 116.239 ms, heap usage 71.972 MB -> 14.283 MB.
====== finagle-http (web) [default], iteration 72 completed (13372.586 ms) ======
====== finagle-http (web) [default], iteration 73 started ======
GC before operation: completed in 108.170 ms, heap usage 60.371 MB -> 14.501 MB.
====== finagle-http (web) [default], iteration 73 completed (13379.242 ms) ======
====== finagle-http (web) [default], iteration 74 started ======
GC before operation: completed in 114.509 ms, heap usage 44.632 MB -> 14.291 MB.
====== finagle-http (web) [default], iteration 74 completed (13580.016 ms) ======
====== finagle-http (web) [default], iteration 75 started ======
GC before operation: completed in 113.033 ms, heap usage 32.740 MB -> 14.320 MB.
====== finagle-http (web) [default], iteration 75 completed (13476.479 ms) ======
====== finagle-http (web) [default], iteration 76 started ======
GC before operation: completed in 112.246 ms, heap usage 47.982 MB -> 14.289 MB.
====== finagle-http (web) [default], iteration 76 completed (13434.186 ms) ======
====== finagle-http (web) [default], iteration 77 started ======
GC before operation: completed in 112.193 ms, heap usage 62.130 MB -> 14.267 MB.
====== finagle-http (web) [default], iteration 77 completed (13394.823 ms) ======
====== finagle-http (web) [default], iteration 78 started ======
GC before operation: completed in 113.672 ms, heap usage 45.280 MB -> 14.291 MB.
====== finagle-http (web) [default], iteration 78 completed (13316.328 ms) ======
====== finagle-http (web) [default], iteration 79 started ======
GC before operation: completed in 118.278 ms, heap usage 65.076 MB -> 14.287 MB.
====== finagle-http (web) [default], iteration 79 completed (13344.191 ms) ======
====== finagle-http (web) [default], iteration 80 started ======
GC before operation: completed in 113.011 ms, heap usage 49.735 MB -> 14.274 MB.
====== finagle-http (web) [default], iteration 80 completed (13460.196 ms) ======
====== finagle-http (web) [default], iteration 81 started ======
GC before operation: completed in 115.391 ms, heap usage 18.912 MB -> 14.293 MB.
====== finagle-http (web) [default], iteration 81 completed (13304.072 ms) ======
====== finagle-http (web) [default], iteration 82 started ======
GC before operation: completed in 108.960 ms, heap usage 47.490 MB -> 14.266 MB.
====== finagle-http (web) [default], iteration 82 completed (13284.814 ms) ======
====== finagle-http (web) [default], iteration 83 started ======
GC before operation: completed in 117.131 ms, heap usage 34.840 MB -> 14.286 MB.
====== finagle-http (web) [default], iteration 83 completed (13185.227 ms) ======
====== finagle-http (web) [default], iteration 84 started ======
GC before operation: completed in 116.871 ms, heap usage 73.318 MB -> 14.297 MB.
====== finagle-http (web) [default], iteration 84 completed (13192.660 ms) ======
====== finagle-http (web) [default], iteration 85 started ======
GC before operation: completed in 119.784 ms, heap usage 15.525 MB -> 14.291 MB.
====== finagle-http (web) [default], iteration 85 completed (12860.299 ms) ======
====== finagle-http (web) [default], iteration 86 started ======
GC before operation: completed in 110.765 ms, heap usage 74.885 MB -> 14.258 MB.
====== finagle-http (web) [default], iteration 86 completed (12433.484 ms) ======
====== finagle-http (web) [default], iteration 87 started ======
GC before operation: completed in 114.000 ms, heap usage 17.946 MB -> 14.284 MB.
====== finagle-http (web) [default], iteration 87 completed (12503.798 ms) ======
====== finagle-http (web) [default], iteration 88 started ======
GC before operation: completed in 112.010 ms, heap usage 65.381 MB -> 14.312 MB.
====== finagle-http (web) [default], iteration 88 completed (13062.227 ms) ======
====== finagle-http (web) [default], iteration 89 started ======
GC before operation: completed in 107.747 ms, heap usage 41.621 MB -> 14.297 MB.
====== finagle-http (web) [default], iteration 89 completed (13448.496 ms) ======
====== finagle-http (web) [default], iteration 90 started ======
GC before operation: completed in 103.520 ms, heap usage 47.624 MB -> 14.296 MB.
====== finagle-http (web) [default], iteration 90 completed (13223.333 ms) ======
====== finagle-http (web) [default], iteration 91 started ======
GC before operation: completed in 109.875 ms, heap usage 44.713 MB -> 14.295 MB.
====== finagle-http (web) [default], iteration 91 completed (13463.868 ms) ======
====== finagle-http (web) [default], iteration 92 started ======
GC before operation: completed in 102.153 ms, heap usage 19.648 MB -> 14.314 MB.
====== finagle-http (web) [default], iteration 92 completed (13539.183 ms) ======
====== finagle-http (web) [default], iteration 93 started ======
GC before operation: completed in 107.612 ms, heap usage 40.472 MB -> 14.342 MB.
====== finagle-http (web) [default], iteration 93 completed (13435.544 ms) ======
====== finagle-http (web) [default], iteration 94 started ======
GC before operation: completed in 101.214 ms, heap usage 24.728 MB -> 14.316 MB.
====== finagle-http (web) [default], iteration 94 completed (13378.797 ms) ======
====== finagle-http (web) [default], iteration 95 started ======
GC before operation: completed in 106.482 ms, heap usage 75.063 MB -> 14.286 MB.
====== finagle-http (web) [default], iteration 95 completed (13511.456 ms) ======
====== finagle-http (web) [default], iteration 96 started ======
GC before operation: completed in 112.846 ms, heap usage 68.584 MB -> 14.273 MB.
====== finagle-http (web) [default], iteration 96 completed (14008.848 ms) ======
====== finagle-http (web) [default], iteration 97 started ======
GC before operation: completed in 113.300 ms, heap usage 71.080 MB -> 14.300 MB.
====== finagle-http (web) [default], iteration 97 completed (13469.413 ms) ======
====== finagle-http (web) [default], iteration 98 started ======
GC before operation: completed in 110.542 ms, heap usage 35.436 MB -> 14.302 MB.
====== finagle-http (web) [default], iteration 98 completed (13445.719 ms) ======
====== finagle-http (web) [default], iteration 99 started ======
GC before operation: completed in 104.743 ms, heap usage 27.453 MB -> 14.264 MB.
====== finagle-http (web) [default], iteration 99 completed (13474.279 ms) ======
Master port: 40763
Cache ports: 46399, 38891, 35167, 35023
====== finagle-chirper (web) [default], iteration 0 started ======
Resetting master, feed map size: 5000
GC before operation: completed in 184.274 ms, heap usage 24.776 MB -> 21.900 MB.
WARNING: This benchmark provides no result that can be validated.
There is no way to check that no silent failure occurred.
====== finagle-chirper (web) [default], iteration 0 completed (50701.971 ms) ======
====== finagle-chirper (web) [default], iteration 1 started ======
Resetting master, feed map size: 5000
GC before operation: completed in 234.637 ms, heap usage 52.800 MB -> 24.557 MB.
WARNING: This benchmark provides no result that can be validated.
There is no way to check that no silent failure occurred.
====== finagle-chirper (web) [default], iteration 1 completed (33753.095 ms) ======
====== finagle-chirper (web) [default], iteration 2 started ======
Resetting master, feed map size: 5000
GC before operation: completed in 193.946 ms, heap usage 37.951 MB -> 24.718 MB.
WARNING: This benchmark provides no result that can be validated.
There is no way to check that no silent failure occurred.
====== finagle-chirper (web) [default], iteration 2 completed (27416.500 ms) ======
====== finagle-chirper (web) [default], iteration 3 started ======
Resetting master, feed map size: 5000
GC before operation: completed in 188.324 ms, heap usage 116.870 MB -> 24.759 MB.
WARNING: This benchmark provides no result that can be validated.
There is no way to check that no silent failure occurred.
====== finagle-chirper (web) [default], iteration 3 completed (23953.512 ms) ======
====== finagle-chirper (web) [default], iteration 4 started ======
Resetting master, feed map size: 5000
GC before operation: completed in 194.446 ms, heap usage 98.616 MB -> 24.775 MB.
WARNING: This benchmark provides no result that can be validated.
There is no way to check that no silent failure occurred.
====== finagle-chirper (web) [default], iteration 4 completed (19084.252 ms) ======
====== finagle-chirper (web) [default], iteration 5 started ======
Resetting master, feed map size: 5000
GC before operation: completed in 189.482 ms, heap usage 69.355 MB -> 24.783 MB.
WARNING: This benchmark provides no result that can be validated.
There is no way to check that no silent failure occurred.
====== finagle-chirper (web) [default], iteration 5 completed (14106.992 ms) ======
====== finagle-chirper (web) [default], iteration 6 started ======
Resetting master, feed map size: 5000
GC before operation: completed in 171.695 ms, heap usage 53.716 MB -> 24.803 MB.
WARNING: This benchmark provides no result that can be validated.
There is no way to check that no silent failure occurred.
====== finagle-chirper (web) [default], iteration 6 completed (14148.800 ms) ======
====== finagle-chirper (web) [default], iteration 7 started ======
Resetting master, feed map size: 5000
GC before operation: completed in 171.149 ms, heap usage 44.779 MB -> 24.807 MB.
WARNING: This benchmark provides no result that can be validated.
There is no way to check that no silent failure occurred.
====== finagle-chirper (web) [default], iteration 7 completed (12204.131 ms) ======
====== finagle-chirper (web) [default], iteration 8 started ======
Resetting master, feed map size: 5000
GC before operation: completed in 181.918 ms, heap usage 47.024 MB -> 24.813 MB.
WARNING: This benchmark provides no result that can be validated.
There is no way to check that no silent failure occurred.
====== finagle-chirper (web) [default], iteration 8 completed (12179.327 ms) ======
====== finagle-chirper (web) [default], iteration 9 started ======
Resetting master, feed map size: 5000
GC before operation: completed in 180.509 ms, heap usage 68.909 MB -> 24.816 MB.
WARNING: This benchmark provides no result that can be validated.
There is no way to check that no silent failure occurred.
====== finagle-chirper (web) [default], iteration 9 completed (11794.562 ms) ======
====== finagle-chirper (web) [default], iteration 10 started ======
Resetting master, feed map size: 5000
GC before operation: completed in 180.012 ms, heap usage 90.169 MB -> 24.823 MB.
WARNING: This benchmark provides no result that can be validated.
There is no way to check that no silent failure occurred.
====== finagle-chirper (web) [default], iteration 10 completed (12584.717 ms) ======
====== finagle-chirper (web) [default], iteration 11 started ======
Resetting master, feed map size: 5000
GC before operation: completed in 172.799 ms, heap usage 147.754 MB -> 24.830 MB.
WARNING: This benchmark provides no result that can be validated.
There is no way to check that no silent failure occurred.
====== finagle-chirper (web) [default], iteration 11 completed (11947.544 ms) ======
====== finagle-chirper (web) [default], iteration 12 started ======
Resetting master, feed map size: 5000
GC before operation: completed in 170.648 ms, heap usage 112.620 MB -> 24.833 MB.
WARNING: This benchmark provides no result that can be validated.
There is no way to check that no silent failure occurred.
====== finagle-chirper (web) [default], iteration 12 completed (12121.637 ms) ======
====== finagle-chirper (web) [default], iteration 13 started ======
Resetting master, feed map size: 5000
GC before operation: completed in 170.490 ms, heap usage 97.970 MB -> 24.833 MB.
WARNING: This benchmark provides no result that can be validated.
There is no way to check that no silent failure occurred.
====== finagle-chirper (web) [default], iteration 13 completed (11711.720 ms) ======
====== finagle-chirper (web) [default], iteration 14 started ======
Resetting master, feed map size: 5000
GC before operation: completed in 188.791 ms, heap usage 30.993 MB -> 24.836 MB.
WARNING: This benchmark provides no result that can be validated.
There is no way to check that no silent failure occurred.
====== finagle-chirper (web) [default], iteration 14 completed (12534.280 ms) ======
====== finagle-chirper (web) [default], iteration 15 started ======
Resetting master, feed map size: 5000
GC before operation: completed in 173.798 ms, heap usage 73.127 MB -> 24.837 MB.
WARNING: This benchmark provides no result that can be validated.
There is no way to check that no silent failure occurred.
====== finagle-chirper (web) [default], iteration 15 completed (11315.309 ms) ======
====== finagle-chirper (web) [default], iteration 16 started ======
Resetting master, feed map size: 5000
GC before operation: completed in 175.869 ms, heap usage 95.955 MB -> 24.841 MB.
WARNING: This benchmark provides no result that can be validated.
There is no way to check that no silent failure occurred.
====== finagle-chirper (web) [default], iteration 16 completed (11178.444 ms) ======
====== finagle-chirper (web) [default], iteration 17 started ======
Resetting master, feed map size: 5000
GC before operation: completed in 173.642 ms, heap usage 40.537 MB -> 24.880 MB.
WARNING: This benchmark provides no result that can be validated.
There is no way to check that no silent failure occurred.
====== finagle-chirper (web) [default], iteration 17 completed (11180.789 ms) ======
====== finagle-chirper (web) [default], iteration 18 started ======
Resetting master, feed map size: 5000
GC before operation: completed in 185.158 ms, heap usage 70.800 MB -> 24.844 MB.
WARNING: This benchmark provides no result that can be validated.
There is no way to check that no silent failure occurred.
====== finagle-chirper (web) [default], iteration 18 completed (11577.895 ms) ======
====== finagle-chirper (web) [default], iteration 19 started ======
Resetting master, feed map size: 5000
GC before operation: completed in 183.750 ms, heap usage 80.448 MB -> 24.845 MB.
WARNING: This benchmark provides no result that can be validated.
There is no way to check that no silent failure occurred.
====== finagle-chirper (web) [default], iteration 19 completed (11138.191 ms) ======
====== finagle-chirper (web) [default], iteration 20 started ======
Resetting master, feed map size: 5000
GC before operation: completed in 185.592 ms, heap usage 132.513 MB -> 24.848 MB.
WARNING: This benchmark provides no result that can be validated.
There is no way to check that no silent failure occurred.
====== finagle-chirper (web) [default], iteration 20 completed (12211.166 ms) ======
====== finagle-chirper (web) [default], iteration 21 started ======
Resetting master, feed map size: 5000
GC before operation: completed in 185.741 ms, heap usage 139.365 MB -> 24.849 MB.
WARNING: This benchmark provides no result that can be validated.
There is no way to check that no silent failure occurred.
====== finagle-chirper (web) [default], iteration 21 completed (11280.820 ms) ======
====== finagle-chirper (web) [default], iteration 22 started ======
Resetting master, feed map size: 5000
GC before operation: completed in 183.420 ms, heap usage 77.601 MB -> 24.852 MB.
WARNING: This benchmark provides no result that can be validated.
There is no way to check that no silent failure occurred.
====== finagle-chirper (web) [default], iteration 22 completed (11093.281 ms) ======
====== finagle-chirper (web) [default], iteration 23 started ======
Resetting master, feed map size: 5000
GC before operation: completed in 195.601 ms, heap usage 102.353 MB -> 24.854 MB.
WARNING: This benchmark provides no result that can be validated.
There is no way to check that no silent failure occurred.
====== finagle-chirper (web) [default], iteration 23 completed (11416.782 ms) ======
====== finagle-chirper (web) [default], iteration 24 started ======
Resetting master, feed map size: 5000
GC before operation: completed in 202.810 ms, heap usage 133.024 MB -> 24.855 MB.
WARNING: This benchmark provides no result that can be validated.
There is no way to check that no silent failure occurred.
====== finagle-chirper (web) [default], iteration 24 completed (11399.548 ms) ======
====== finagle-chirper (web) [default], iteration 25 started ======
Resetting master, feed map size: 5000
GC before operation: completed in 189.542 ms, heap usage 90.039 MB -> 24.856 MB.
WARNING: This benchmark provides no result that can be validated.
There is no way to check that no silent failure occurred.
====== finagle-chirper (web) [default], iteration 25 completed (10869.686 ms) ======
====== finagle-chirper (web) [default], iteration 26 started ======
Resetting master, feed map size: 5000
GC before operation: completed in 187.052 ms, heap usage 81.166 MB -> 24.858 MB.
WARNING: This benchmark provides no result that can be validated.
There is no way to check that no silent failure occurred.
====== finagle-chirper (web) [default], iteration 26 completed (11109.749 ms) ======
====== finagle-chirper (web) [default], iteration 27 started ======
Resetting master, feed map size: 5000
GC before operation: completed in 185.269 ms, heap usage 132.732 MB -> 24.870 MB.
WARNING: This benchmark provides no result that can be validated.
There is no way to check that no silent failure occurred.
====== finagle-chirper (web) [default], iteration 27 completed (13562.443 ms) ======
====== finagle-chirper (web) [default], iteration 28 started ======
Resetting master, feed map size: 5000
GC before operation: completed in 191.917 ms, heap usage 132.915 MB -> 24.862 MB.
WARNING: This benchmark provides no result that can be validated.
There is no way to check that no silent failure occurred.
====== finagle-chirper (web) [default], iteration 28 completed (11940.835 ms) ======
====== finagle-chirper (web) [default], iteration 29 started ======
Resetting master, feed map size: 5000
GC before operation: completed in 189.610 ms, heap usage 38.373 MB -> 24.865 MB.
WARNING: This benchmark provides no result that can be validated.
There is no way to check that no silent failure occurred.
====== finagle-chirper (web) [default], iteration 29 completed (10355.287 ms) ======
====== finagle-chirper (web) [default], iteration 30 started ======
Resetting master, feed map size: 5000
GC before operation: completed in 188.570 ms, heap usage 113.789 MB -> 24.728 MB.
WARNING: This benchmark provides no result that can be validated.
There is no way to check that no silent failure occurred.
====== finagle-chirper (web) [default], iteration 30 completed (10518.448 ms) ======
====== finagle-chirper (web) [default], iteration 31 started ======
Resetting master, feed map size: 5000
GC before operation: completed in 184.847 ms, heap usage 83.708 MB -> 24.807 MB.
WARNING: This benchmark provides no result that can be validated.
There is no way to check that no silent failure occurred.
====== finagle-chirper (web) [default], iteration 31 completed (12232.464 ms) ======
====== finagle-chirper (web) [default], iteration 32 started ======
Resetting master, feed map size: 5000
GC before operation: completed in 182.432 ms, heap usage 60.287 MB -> 24.874 MB.
WARNING: This benchmark provides no result that can be validated.
There is no way to check that no silent failure occurred.
====== finagle-chirper (web) [default], iteration 32 completed (10348.634 ms) ======
====== finagle-chirper (web) [default], iteration 33 started ======
Resetting master, feed map size: 5000
GC before operation: completed in 178.942 ms, heap usage 64.854 MB -> 24.670 MB.
WARNING: This benchmark provides no result that can be validated.
There is no way to check that no silent failure occurred.
====== finagle-chirper (web) [default], iteration 33 completed (10361.540 ms) ======
====== finagle-chirper (web) [default], iteration 34 started ======
Resetting master, feed map size: 5000
GC before operation: completed in 187.647 ms, heap usage 106.811 MB -> 24.646 MB.
WARNING: This benchmark provides no result that can be validated.
There is no way to check that no silent failure occurred.
====== finagle-chirper (web) [default], iteration 34 completed (10469.410 ms) ======
====== finagle-chirper (web) [default], iteration 35 started ======
Resetting master, feed map size: 5000
GC before operation: completed in 190.621 ms, heap usage 130.183 MB -> 24.884 MB.
WARNING: This benchmark provides no result that can be validated.
There is no way to check that no silent failure occurred.
====== finagle-chirper (web) [default], iteration 35 completed (10419.527 ms) ======
====== finagle-chirper (web) [default], iteration 36 started ======
Resetting master, feed map size: 5000
GC before operation: completed in 187.515 ms, heap usage 45.422 MB -> 24.832 MB.
WARNING: This benchmark provides no result that can be validated.
There is no way to check that no silent failure occurred.
====== finagle-chirper (web) [default], iteration 36 completed (11291.647 ms) ======
====== finagle-chirper (web) [default], iteration 37 started ======
Resetting master, feed map size: 5000
GC before operation: completed in 187.873 ms, heap usage 128.755 MB -> 24.887 MB.
WARNING: This benchmark provides no result that can be validated.
There is no way to check that no silent failure occurred.
====== finagle-chirper (web) [default], iteration 37 completed (10792.148 ms) ======
====== finagle-chirper (web) [default], iteration 38 started ======
Resetting master, feed map size: 5000
GC before operation: completed in 184.643 ms, heap usage 87.731 MB -> 24.859 MB.
WARNING: This benchmark provides no result that can be validated.
There is no way to check that no silent failure occurred.
====== finagle-chirper (web) [default], iteration 38 completed (10105.810 ms) ======
====== finagle-chirper (web) [default], iteration 39 started ======
Resetting master, feed map size: 5000
GC before operation: completed in 182.744 ms, heap usage 102.145 MB -> 24.454 MB.
WARNING: This benchmark provides no result that can be validated.
There is no way to check that no silent failure occurred.
====== finagle-chirper (web) [default], iteration 39 completed (10228.109 ms) ======
====== finagle-chirper (web) [default], iteration 40 started ======
Resetting master, feed map size: 5000
GC before operation: completed in 179.795 ms, heap usage 44.634 MB -> 24.481 MB.
WARNING: This benchmark provides no result that can be validated.
There is no way to check that no silent failure occurred.
====== finagle-chirper (web) [default], iteration 40 completed (10718.233 ms) ======
====== finagle-chirper (web) [default], iteration 41 started ======
Resetting master, feed map size: 5000
GC before operation: completed in 187.738 ms, heap usage 145.111 MB -> 24.890 MB.
WARNING: This benchmark provides no result that can be validated.
There is no way to check that no silent failure occurred.
====== finagle-chirper (web) [default], iteration 41 completed (10074.048 ms) ======
====== finagle-chirper (web) [default], iteration 42 started ======
Resetting master, feed map size: 5000
GC before operation: completed in 186.308 ms, heap usage 99.456 MB -> 24.646 MB.
WARNING: This benchmark provides no result that can be validated.
There is no way to check that no silent failure occurred.
====== finagle-chirper (web) [default], iteration 42 completed (10236.717 ms) ======
====== finagle-chirper (web) [default], iteration 43 started ======
Resetting master, feed map size: 5000
GC before operation: completed in 187.071 ms, heap usage 113.338 MB -> 24.427 MB.
WARNING: This benchmark provides no result that can be validated.
There is no way to check that no silent failure occurred.
====== finagle-chirper (web) [default], iteration 43 completed (10510.826 ms) ======
====== finagle-chirper (web) [default], iteration 44 started ======
Resetting master, feed map size: 5000
GC before operation: completed in 203.032 ms, heap usage 82.273 MB -> 24.099 MB.
WARNING: This benchmark provides no result that can be validated.
There is no way to check that no silent failure occurred.
====== finagle-chirper (web) [default], iteration 44 completed (10533.313 ms) ======
====== finagle-chirper (web) [default], iteration 45 started ======
Resetting master, feed map size: 5000
GC before operation: completed in 206.752 ms, heap usage 42.618 MB -> 24.089 MB.
WARNING: This benchmark provides no result that can be validated.
There is no way to check that no silent failure occurred.
====== finagle-chirper (web) [default], iteration 45 completed (10321.715 ms) ======
====== finagle-chirper (web) [default], iteration 46 started ======
Resetting master, feed map size: 5000
GC before operation: completed in 189.565 ms, heap usage 133.149 MB -> 24.176 MB.
WARNING: This benchmark provides no result that can be validated.
There is no way to check that no silent failure occurred.
====== finagle-chirper (web) [default], iteration 46 completed (10446.636 ms) ======
====== finagle-chirper (web) [default], iteration 47 started ======
Resetting master, feed map size: 5000
GC before operation: completed in 188.236 ms, heap usage 42.066 MB -> 24.146 MB.
WARNING: This benchmark provides no result that can be validated.
There is no way to check that no silent failure occurred.
====== finagle-chirper (web) [default], iteration 47 completed (10199.420 ms) ======
====== finagle-chirper (web) [default], iteration 48 started ======
Resetting master, feed map size: 5000
GC before operation: completed in 179.527 ms, heap usage 29.712 MB -> 24.055 MB.
WARNING: This benchmark provides no result that can be validated.
There is no way to check that no silent failure occurred.
====== finagle-chirper (web) [default], iteration 48 completed (10312.230 ms) ======
====== finagle-chirper (web) [default], iteration 49 started ======
Resetting master, feed map size: 5000
GC before operation: completed in 185.244 ms, heap usage 115.557 MB -> 24.007 MB.
WARNING: This benchmark provides no result that can be validated.
There is no way to check that no silent failure occurred.
====== finagle-chirper (web) [default], iteration 49 completed (11091.544 ms) ======
====== finagle-chirper (web) [default], iteration 50 started ======
Resetting master, feed map size: 5000
GC before operation: completed in 183.334 ms, heap usage 42.881 MB -> 24.352 MB.
WARNING: This benchmark provides no result that can be validated.
There is no way to check that no silent failure occurred.
====== finagle-chirper (web) [default], iteration 50 completed (10163.836 ms) ======
====== finagle-chirper (web) [default], iteration 51 started ======
Resetting master, feed map size: 5000
GC before operation: completed in 199.728 ms, heap usage 131.413 MB -> 24.123 MB.
WARNING: This benchmark provides no result that can be validated.
There is no way to check that no silent failure occurred.
====== finagle-chirper (web) [default], iteration 51 completed (10814.830 ms) ======
====== finagle-chirper (web) [default], iteration 52 started ======
Resetting master, feed map size: 5000
GC before operation: completed in 188.675 ms, heap usage 82.414 MB -> 24.365 MB.
WARNING: This benchmark provides no result that can be validated.
There is no way to check that no silent failure occurred.
====== finagle-chirper (web) [default], iteration 52 completed (10195.801 ms) ======
====== finagle-chirper (web) [default], iteration 53 started ======
Resetting master, feed map size: 5000
GC before operation: completed in 189.516 ms, heap usage 97.539 MB -> 24.039 MB.
WARNING: This benchmark provides no result that can be validated.
There is no way to check that no silent failure occurred.
====== finagle-chirper (web) [default], iteration 53 completed (10578.279 ms) ======
====== finagle-chirper (web) [default], iteration 54 started ======
Resetting master, feed map size: 5000
GC before operation: completed in 187.843 ms, heap usage 40.498 MB -> 24.566 MB.
WARNING: This benchmark provides no result that can be validated.
There is no way to check that no silent failure occurred.
====== finagle-chirper (web) [default], iteration 54 completed (10506.727 ms) ======
====== finagle-chirper (web) [default], iteration 55 started ======
Resetting master, feed map size: 5000
GC before operation: completed in 189.407 ms, heap usage 141.350 MB -> 24.301 MB.
WARNING: This benchmark provides no result that can be validated.
There is no way to check that no silent failure occurred.
====== finagle-chirper (web) [default], iteration 55 completed (10354.239 ms) ======
====== finagle-chirper (web) [default], iteration 56 started ======
Resetting master, feed map size: 5000
GC before operation: completed in 185.621 ms, heap usage 84.840 MB -> 24.131 MB.
WARNING: This benchmark provides no result that can be validated.
There is no way to check that no silent failure occurred.
====== finagle-chirper (web) [default], iteration 56 completed (10421.406 ms) ======
====== finagle-chirper (web) [default], iteration 57 started ======
Resetting master, feed map size: 5000
GC before operation: completed in 188.653 ms, heap usage 59.784 MB -> 23.928 MB.
WARNING: This benchmark provides no result that can be validated.
There is no way to check that no silent failure occurred.
====== finagle-chirper (web) [default], iteration 57 completed (10595.388 ms) ======
====== finagle-chirper (web) [default], iteration 58 started ======
Resetting master, feed map size: 5000
GC before operation: completed in 193.585 ms, heap usage 103.351 MB -> 24.360 MB.
WARNING: This benchmark provides no result that can be validated.
There is no way to check that no silent failure occurred.
====== finagle-chirper (web) [default], iteration 58 completed (10124.301 ms) ======
====== finagle-chirper (web) [default], iteration 59 started ======
Resetting master, feed map size: 5000
GC before operation: completed in 182.244 ms, heap usage 82.110 MB -> 23.805 MB.
WARNING: This benchmark provides no result that can be validated.
There is no way to check that no silent failure occurred.
====== finagle-chirper (web) [default], iteration 59 completed (10120.910 ms) ======
====== finagle-chirper (web) [default], iteration 60 started ======
Resetting master, feed map size: 5000
GC before operation: completed in 185.167 ms, heap usage 78.385 MB -> 23.849 MB.
WARNING: This benchmark provides no result that can be validated.
There is no way to check that no silent failure occurred.
====== finagle-chirper (web) [default], iteration 60 completed (9823.691 ms) ======
====== finagle-chirper (web) [default], iteration 61 started ======
Resetting master, feed map size: 5000
GC before operation: completed in 190.805 ms, heap usage 57.363 MB -> 24.374 MB.
WARNING: This benchmark provides no result that can be validated.
There is no way to check that no silent failure occurred.
====== finagle-chirper (web) [default], iteration 61 completed (9990.933 ms) ======
====== finagle-chirper (web) [default], iteration 62 started ======
Resetting master, feed map size: 5000
GC before operation: completed in 186.004 ms, heap usage 135.339 MB -> 24.046 MB.
WARNING: This benchmark provides no result that can be validated.
There is no way to check that no silent failure occurred.
====== finagle-chirper (web) [default], iteration 62 completed (10146.314 ms) ======
====== finagle-chirper (web) [default], iteration 63 started ======
Resetting master, feed map size: 5000
GC before operation: completed in 187.450 ms, heap usage 72.130 MB -> 23.899 MB.
WARNING: This benchmark provides no result that can be validated.
There is no way to check that no silent failure occurred.
====== finagle-chirper (web) [default], iteration 63 completed (10054.496 ms) ======
====== finagle-chirper (web) [default], iteration 64 started ======
Resetting master, feed map size: 5000
GC before operation: completed in 192.530 ms, heap usage 28.274 MB -> 24.067 MB.
WARNING: This benchmark provides no result that can be validated.
There is no way to check that no silent failure occurred.
====== finagle-chirper (web) [default], iteration 64 completed (10426.807 ms) ======
====== finagle-chirper (web) [default], iteration 65 started ======
Resetting master, feed map size: 5000
GC before operation: completed in 191.753 ms, heap usage 146.877 MB -> 24.205 MB.
WARNING: This benchmark provides no result that can be validated.
There is no way to check that no silent failure occurred.
====== finagle-chirper (web) [default], iteration 65 completed (10064.593 ms) ======
====== finagle-chirper (web) [default], iteration 66 started ======
Resetting master, feed map size: 5000
GC before operation: completed in 191.525 ms, heap usage 131.074 MB -> 23.887 MB.
WARNING: This benchmark provides no result that can be validated.
There is no way to check that no silent failure occurred.
====== finagle-chirper (web) [default], iteration 66 completed (9974.602 ms) ======
====== finagle-chirper (web) [default], iteration 67 started ======
Resetting master, feed map size: 5000
GC before operation: completed in 194.497 ms, heap usage 138.500 MB -> 24.167 MB.
WARNING: This benchmark provides no result that can be validated.
There is no way to check that no silent failure occurred.
====== finagle-chirper (web) [default], iteration 67 completed (9947.429 ms) ======
====== finagle-chirper (web) [default], iteration 68 started ======
Resetting master, feed map size: 5000
GC before operation: completed in 195.659 ms, heap usage 85.016 MB -> 24.231 MB.
WARNING: This benchmark provides no result that can be validated.
There is no way to check that no silent failure occurred.
====== finagle-chirper (web) [default], iteration 68 completed (10026.468 ms) ======
====== finagle-chirper (web) [default], iteration 69 started ======
Resetting master, feed map size: 5000
GC before operation: completed in 184.967 ms, heap usage 108.639 MB -> 24.027 MB.
WARNING: This benchmark provides no result that can be validated.
There is no way to check that no silent failure occurred.
====== finagle-chirper (web) [default], iteration 69 completed (10868.384 ms) ======
====== finagle-chirper (web) [default], iteration 70 started ======
Resetting master, feed map size: 5000
GC before operation: completed in 190.218 ms, heap usage 76.876 MB -> 24.386 MB.
WARNING: This benchmark provides no result that can be validated.
There is no way to check that no silent failure occurred.
====== finagle-chirper (web) [default], iteration 70 completed (10027.810 ms) ======
====== finagle-chirper (web) [default], iteration 71 started ======
Resetting master, feed map size: 5000
GC before operation: completed in 194.629 ms, heap usage 120.514 MB -> 23.524 MB.
WARNING: This benchmark provides no result that can be validated.
There is no way to check that no silent failure occurred.
====== finagle-chirper (web) [default], iteration 71 completed (10055.637 ms) ======
====== finagle-chirper (web) [default], iteration 72 started ======
Resetting master, feed map size: 5000
GC before operation: completed in 186.883 ms, heap usage 87.517 MB -> 23.413 MB.
WARNING: This benchmark provides no result that can be validated.
There is no way to check that no silent failure occurred.
====== finagle-chirper (web) [default], iteration 72 completed (9936.221 ms) ======
====== finagle-chirper (web) [default], iteration 73 started ======
Resetting master, feed map size: 5000
GC before operation: completed in 190.060 ms, heap usage 102.281 MB -> 23.778 MB.
WARNING: This benchmark provides no result that can be validated.
There is no way to check that no silent failure occurred.
====== finagle-chirper (web) [default], iteration 73 completed (10007.047 ms) ======
====== finagle-chirper (web) [default], iteration 74 started ======
Resetting master, feed map size: 5000
GC before operation: completed in 190.783 ms, heap usage 147.676 MB -> 23.497 MB.
WARNING: This benchmark provides no result that can be validated.
There is no way to check that no silent failure occurred.
====== finagle-chirper (web) [default], iteration 74 completed (9668.738 ms) ======
====== finagle-chirper (web) [default], iteration 75 started ======
Resetting master, feed map size: 5000
GC before operation: completed in 195.485 ms, heap usage 123.600 MB -> 23.797 MB.
WARNING: This benchmark provides no result that can be validated.
There is no way to check that no silent failure occurred.
====== finagle-chirper (web) [default], iteration 75 completed (9737.904 ms) ======
====== finagle-chirper (web) [default], iteration 76 started ======
Resetting master, feed map size: 5000
GC before operation: completed in 187.284 ms, heap usage 36.333 MB -> 23.800 MB.
WARNING: This benchmark provides no result that can be validated.
There is no way to check that no silent failure occurred.
====== finagle-chirper (web) [default], iteration 76 completed (10300.996 ms) ======
====== finagle-chirper (web) [default], iteration 77 started ======
Resetting master, feed map size: 5000
GC before operation: completed in 185.333 ms, heap usage 112.978 MB -> 23.378 MB.
WARNING: This benchmark provides no result that can be validated.
There is no way to check that no silent failure occurred.
====== finagle-chirper (web) [default], iteration 77 completed (9770.464 ms) ======
====== finagle-chirper (web) [default], iteration 78 started ======
Resetting master, feed map size: 5000
GC before operation: completed in 192.134 ms, heap usage 111.719 MB -> 23.799 MB.
WARNING: This benchmark provides no result that can be validated.
There is no way to check that no silent failure occurred.
====== finagle-chirper (web) [default], iteration 78 completed (10958.042 ms) ======
====== finagle-chirper (web) [default], iteration 79 started ======
Resetting master, feed map size: 5000
GC before operation: completed in 191.830 ms, heap usage 112.799 MB -> 23.802 MB.
WARNING: This benchmark provides no result that can be validated.
There is no way to check that no silent failure occurred.
====== finagle-chirper (web) [default], iteration 79 completed (10596.586 ms) ======
====== finagle-chirper (web) [default], iteration 80 started ======
Resetting master, feed map size: 5000
GC before operation: completed in 190.705 ms, heap usage 54.525 MB -> 23.745 MB.
WARNING: This benchmark provides no result that can be validated.
There is no way to check that no silent failure occurred.
====== finagle-chirper (web) [default], iteration 80 completed (11190.522 ms) ======
====== finagle-chirper (web) [default], iteration 81 started ======
Resetting master, feed map size: 5000
GC before operation: completed in 194.282 ms, heap usage 44.919 MB -> 23.802 MB.
WARNING: This benchmark provides no result that can be validated.
There is no way to check that no silent failure occurred.
====== finagle-chirper (web) [default], iteration 81 completed (10207.264 ms) ======
====== finagle-chirper (web) [default], iteration 82 started ======
Resetting master, feed map size: 5000
GC before operation: completed in 192.240 ms, heap usage 78.179 MB -> 23.587 MB.
WARNING: This benchmark provides no result that can be validated.
There is no way to check that no silent failure occurred.
====== finagle-chirper (web) [default], iteration 82 completed (10012.943 ms) ======
====== finagle-chirper (web) [default], iteration 83 started ======
Resetting master, feed map size: 5000
GC before operation: completed in 179.392 ms, heap usage 29.967 MB -> 23.471 MB.
WARNING: This benchmark provides no result that can be validated.
There is no way to check that no silent failure occurred.
====== finagle-chirper (web) [default], iteration 83 completed (10054.728 ms) ======
====== finagle-chirper (web) [default], iteration 84 started ======
Resetting master, feed map size: 5000
GC before operation: completed in 181.688 ms, heap usage 74.279 MB -> 23.465 MB.
WARNING: This benchmark provides no result that can be validated.
There is no way to check that no silent failure occurred.
====== finagle-chirper (web) [default], iteration 84 completed (9892.793 ms) ======
====== finagle-chirper (web) [default], iteration 85 started ======
Resetting master, feed map size: 5000
GC before operation: completed in 187.022 ms, heap usage 120.266 MB -> 23.801 MB.
WARNING: This benchmark provides no result that can be validated.
There is no way to check that no silent failure occurred.
====== finagle-chirper (web) [default], iteration 85 completed (9965.634 ms) ======
====== finagle-chirper (web) [default], iteration 86 started ======
Resetting master, feed map size: 5000
GC before operation: completed in 185.006 ms, heap usage 41.554 MB -> 23.623 MB.
WARNING: This benchmark provides no result that can be validated.
There is no way to check that no silent failure occurred.
====== finagle-chirper (web) [default], iteration 86 completed (9850.284 ms) ======
====== finagle-chirper (web) [default], iteration 87 started ======
Resetting master, feed map size: 5000
GC before operation: completed in 188.958 ms, heap usage 140.300 MB -> 23.803 MB.
WARNING: This benchmark provides no result that can be validated.
There is no way to check that no silent failure occurred.
====== finagle-chirper (web) [default], iteration 87 completed (10002.521 ms) ======
====== finagle-chirper (web) [default], iteration 88 started ======
Resetting master, feed map size: 5000
GC before operation: completed in 187.190 ms, heap usage 46.004 MB -> 23.451 MB.
WARNING: This benchmark provides no result that can be validated.
There is no way to check that no silent failure occurred.
====== finagle-chirper (web) [default], iteration 88 completed (9760.831 ms) ======
====== finagle-chirper (web) [default], iteration 89 started ======
Resetting master, feed map size: 5000
GC before operation: completed in 184.302 ms, heap usage 142.203 MB -> 23.806 MB.
WARNING: This benchmark provides no result that can be validated.
There is no way to check that no silent failure occurred.
====== finagle-chirper (web) [default], iteration 89 completed (9865.568 ms) ======
====== finagle-chirper (web) [default], iteration 90 started ======
Resetting master, feed map size: 5000
GC before operation: completed in 183.285 ms, heap usage 28.302 MB -> 23.813 MB.
WARNING: This benchmark provides no result that can be validated.
There is no way to check that no silent failure occurred.
====== finagle-chirper (web) [default], iteration 90 completed (10013.994 ms) ======
====== finagle-chirper (web) [default], iteration 91 started ======
Resetting master, feed map size: 5000
GC before operation: completed in 182.314 ms, heap usage 113.845 MB -> 23.545 MB.
WARNING: This benchmark provides no result that can be validated.
There is no way to check that no silent failure occurred.
====== finagle-chirper (web) [default], iteration 91 completed (10991.738 ms) ======
====== finagle-chirper (web) [default], iteration 92 started ======
Resetting master, feed map size: 5000
GC before operation: completed in 182.126 ms, heap usage 28.192 MB -> 23.847 MB.
WARNING: This benchmark provides no result that can be validated.
There is no way to check that no silent failure occurred.
====== finagle-chirper (web) [default], iteration 92 completed (9802.269 ms) ======
====== finagle-chirper (web) [default], iteration 93 started ======
Resetting master, feed map size: 5000
GC before operation: completed in 190.103 ms, heap usage 84.073 MB -> 23.820 MB.
WARNING: This benchmark provides no result that can be validated.
There is no way to check that no silent failure occurred.
====== finagle-chirper (web) [default], iteration 93 completed (10090.925 ms) ======
====== finagle-chirper (web) [default], iteration 94 started ======
Resetting master, feed map size: 5000
GC before operation: completed in 191.598 ms, heap usage 129.201 MB -> 23.393 MB.
WARNING: This benchmark provides no result that can be validated.
There is no way to check that no silent failure occurred.
====== finagle-chirper (web) [default], iteration 94 completed (9832.591 ms) ======
====== finagle-chirper (web) [default], iteration 95 started ======
Resetting master, feed map size: 5000
GC before operation: completed in 182.207 ms, heap usage 69.022 MB -> 23.827 MB.
WARNING: This benchmark provides no result that can be validated.
There is no way to check that no silent failure occurred.
====== finagle-chirper (web) [default], iteration 95 completed (9789.222 ms) ======
====== finagle-chirper (web) [default], iteration 96 started ======
Resetting master, feed map size: 5000
GC before operation: completed in 178.127 ms, heap usage 28.404 MB -> 23.822 MB.
WARNING: This benchmark provides no result that can be validated.
There is no way to check that no silent failure occurred.
====== finagle-chirper (web) [default], iteration 96 completed (9877.156 ms) ======
====== finagle-chirper (web) [default], iteration 97 started ======
Resetting master, feed map size: 5000
GC before operation: completed in 182.955 ms, heap usage 27.758 MB -> 23.849 MB.
WARNING: This benchmark provides no result that can be validated.
There is no way to check that no silent failure occurred.
====== finagle-chirper (web) [default], iteration 97 completed (9768.817 ms) ======
====== finagle-chirper (web) [default], iteration 98 started ======
Resetting master, feed map size: 5000
GC before operation: completed in 202.460 ms, heap usage 88.590 MB -> 23.826 MB.
WARNING: This benchmark provides no result that can be validated.
There is no way to check that no silent failure occurred.
====== finagle-chirper (web) [default], iteration 98 completed (9960.912 ms) ======
====== finagle-chirper (web) [default], iteration 99 started ======
Resetting master, feed map size: 5000
GC before operation: completed in 183.760 ms, heap usage 69.659 MB -> 23.613 MB.
WARNING: This benchmark provides no result that can be validated.
There is no way to check that no silent failure occurred.
====== finagle-chirper (web) [default], iteration 99 completed (9935.147 ms) ======
