finagle-http on :45531 spawning 4 client and default number of server workers.
====== finagle-http (web) [default], iteration 0 started ======
GC before operation: completed in 72.076 ms, heap usage 16.380 MB -> 10.099 MB.
====== finagle-http (web) [default], iteration 0 completed (51471.833 ms) ======
====== finagle-http (web) [default], iteration 1 started ======
GC before operation: completed in 117.608 ms, heap usage 22.008 MB -> 14.058 MB.
====== finagle-http (web) [default], iteration 1 completed (28709.332 ms) ======
====== finagle-http (web) [default], iteration 2 started ======
GC before operation: completed in 122.032 ms, heap usage 16.320 MB -> 14.096 MB.
====== finagle-http (web) [default], iteration 2 completed (16281.415 ms) ======
====== finagle-http (web) [default], iteration 3 started ======
GC before operation: completed in 90.812 ms, heap usage 69.953 MB -> 14.099 MB.
====== finagle-http (web) [default], iteration 3 completed (13177.647 ms) ======
====== finagle-http (web) [default], iteration 4 started ======
GC before operation: completed in 95.213 ms, heap usage 31.242 MB -> 14.140 MB.
====== finagle-http (web) [default], iteration 4 completed (12905.803 ms) ======
====== finagle-http (web) [default], iteration 5 started ======
GC before operation: completed in 99.368 ms, heap usage 60.122 MB -> 14.194 MB.
====== finagle-http (web) [default], iteration 5 completed (13265.483 ms) ======
====== finagle-http (web) [default], iteration 6 started ======
GC before operation: completed in 98.073 ms, heap usage 37.603 MB -> 14.149 MB.
====== finagle-http (web) [default], iteration 6 completed (13332.348 ms) ======
====== finagle-http (web) [default], iteration 7 started ======
GC before operation: completed in 95.057 ms, heap usage 65.947 MB -> 14.170 MB.
====== finagle-http (web) [default], iteration 7 completed (13596.767 ms) ======
====== finagle-http (web) [default], iteration 8 started ======
GC before operation: completed in 99.664 ms, heap usage 37.260 MB -> 14.180 MB.
====== finagle-http (web) [default], iteration 8 completed (13039.106 ms) ======
====== finagle-http (web) [default], iteration 9 started ======
GC before operation: completed in 99.679 ms, heap usage 39.743 MB -> 14.282 MB.
====== finagle-http (web) [default], iteration 9 completed (13097.746 ms) ======
====== finagle-http (web) [default], iteration 10 started ======
GC before operation: completed in 101.472 ms, heap usage 52.698 MB -> 14.186 MB.
====== finagle-http (web) [default], iteration 10 completed (13252.833 ms) ======
====== finagle-http (web) [default], iteration 11 started ======
GC before operation: completed in 98.465 ms, heap usage 54.270 MB -> 14.196 MB.
====== finagle-http (web) [default], iteration 11 completed (13400.912 ms) ======
====== finagle-http (web) [default], iteration 12 started ======
GC before operation: completed in 100.908 ms, heap usage 53.792 MB -> 14.196 MB.
====== finagle-http (web) [default], iteration 12 completed (13596.991 ms) ======
====== finagle-http (web) [default], iteration 13 started ======
GC before operation: completed in 98.731 ms, heap usage 49.111 MB -> 14.201 MB.
====== finagle-http (web) [default], iteration 13 completed (14176.459 ms) ======
====== finagle-http (web) [default], iteration 14 started ======
GC before operation: completed in 113.650 ms, heap usage 73.126 MB -> 14.195 MB.
====== finagle-http (web) [default], iteration 14 completed (13469.969 ms) ======
====== finagle-http (web) [default], iteration 15 started ======
GC before operation: completed in 98.981 ms, heap usage 34.197 MB -> 14.240 MB.
====== finagle-http (web) [default], iteration 15 completed (13547.395 ms) ======
====== finagle-http (web) [default], iteration 16 started ======
GC before operation: completed in 107.463 ms, heap usage 21.714 MB -> 14.195 MB.
====== finagle-http (web) [default], iteration 16 completed (13640.433 ms) ======
====== finagle-http (web) [default], iteration 17 started ======
GC before operation: completed in 103.244 ms, heap usage 51.548 MB -> 14.205 MB.
====== finagle-http (web) [default], iteration 17 completed (13516.562 ms) ======
====== finagle-http (web) [default], iteration 18 started ======
GC before operation: completed in 102.437 ms, heap usage 21.915 MB -> 14.203 MB.
====== finagle-http (web) [default], iteration 18 completed (13540.833 ms) ======
====== finagle-http (web) [default], iteration 19 started ======
GC before operation: completed in 108.734 ms, heap usage 43.280 MB -> 14.264 MB.
====== finagle-http (web) [default], iteration 19 completed (13649.195 ms) ======
====== finagle-http (web) [default], iteration 20 started ======
GC before operation: completed in 103.720 ms, heap usage 78.106 MB -> 14.207 MB.
====== finagle-http (web) [default], iteration 20 completed (13597.007 ms) ======
====== finagle-http (web) [default], iteration 21 started ======
GC before operation: completed in 105.070 ms, heap usage 35.253 MB -> 14.196 MB.
====== finagle-http (web) [default], iteration 21 completed (13561.004 ms) ======
====== finagle-http (web) [default], iteration 22 started ======
GC before operation: completed in 105.301 ms, heap usage 42.639 MB -> 14.204 MB.
====== finagle-http (web) [default], iteration 22 completed (13646.283 ms) ======
====== finagle-http (web) [default], iteration 23 started ======
GC before operation: completed in 103.976 ms, heap usage 74.926 MB -> 14.198 MB.
====== finagle-http (web) [default], iteration 23 completed (13619.781 ms) ======
====== finagle-http (web) [default], iteration 24 started ======
GC before operation: completed in 102.139 ms, heap usage 23.286 MB -> 14.240 MB.
====== finagle-http (web) [default], iteration 24 completed (13377.714 ms) ======
====== finagle-http (web) [default], iteration 25 started ======
GC before operation: completed in 112.126 ms, heap usage 95.295 MB -> 14.201 MB.
====== finagle-http (web) [default], iteration 25 completed (13412.118 ms) ======
====== finagle-http (web) [default], iteration 26 started ======
GC before operation: completed in 106.368 ms, heap usage 23.844 MB -> 14.207 MB.
====== finagle-http (web) [default], iteration 26 completed (13336.716 ms) ======
====== finagle-http (web) [default], iteration 27 started ======
GC before operation: completed in 99.544 ms, heap usage 76.455 MB -> 15.048 MB.
====== finagle-http (web) [default], iteration 27 completed (13483.851 ms) ======
====== finagle-http (web) [default], iteration 28 started ======
GC before operation: completed in 106.781 ms, heap usage 48.049 MB -> 14.212 MB.
====== finagle-http (web) [default], iteration 28 completed (13487.914 ms) ======
====== finagle-http (web) [default], iteration 29 started ======
GC before operation: completed in 98.063 ms, heap usage 51.536 MB -> 14.172 MB.
====== finagle-http (web) [default], iteration 29 completed (13432.804 ms) ======
====== finagle-http (web) [default], iteration 30 started ======
GC before operation: completed in 101.856 ms, heap usage 20.675 MB -> 14.207 MB.
====== finagle-http (web) [default], iteration 30 completed (13590.665 ms) ======
====== finagle-http (web) [default], iteration 31 started ======
GC before operation: completed in 104.559 ms, heap usage 31.769 MB -> 14.180 MB.
====== finagle-http (web) [default], iteration 31 completed (13607.132 ms) ======
====== finagle-http (web) [default], iteration 32 started ======
GC before operation: completed in 112.955 ms, heap usage 77.273 MB -> 14.216 MB.
====== finagle-http (web) [default], iteration 32 completed (13671.988 ms) ======
====== finagle-http (web) [default], iteration 33 started ======
GC before operation: completed in 103.833 ms, heap usage 18.134 MB -> 14.208 MB.
====== finagle-http (web) [default], iteration 33 completed (14332.574 ms) ======
====== finagle-http (web) [default], iteration 34 started ======
GC before operation: completed in 112.221 ms, heap usage 32.647 MB -> 14.217 MB.
====== finagle-http (web) [default], iteration 34 completed (13520.717 ms) ======
====== finagle-http (web) [default], iteration 35 started ======
GC before operation: completed in 113.033 ms, heap usage 75.408 MB -> 14.213 MB.
====== finagle-http (web) [default], iteration 35 completed (13504.926 ms) ======
====== finagle-http (web) [default], iteration 36 started ======
GC before operation: completed in 106.732 ms, heap usage 66.161 MB -> 14.215 MB.
====== finagle-http (web) [default], iteration 36 completed (13675.927 ms) ======
====== finagle-http (web) [default], iteration 37 started ======
GC before operation: completed in 105.194 ms, heap usage 54.236 MB -> 14.226 MB.
====== finagle-http (web) [default], iteration 37 completed (13583.526 ms) ======
====== finagle-http (web) [default], iteration 38 started ======
GC before operation: completed in 107.181 ms, heap usage 54.174 MB -> 14.197 MB.
====== finagle-http (web) [default], iteration 38 completed (13603.984 ms) ======
====== finagle-http (web) [default], iteration 39 started ======
GC before operation: completed in 111.547 ms, heap usage 23.491 MB -> 14.200 MB.
====== finagle-http (web) [default], iteration 39 completed (13591.237 ms) ======
====== finagle-http (web) [default], iteration 40 started ======
GC before operation: completed in 109.584 ms, heap usage 40.782 MB -> 14.203 MB.
====== finagle-http (web) [default], iteration 40 completed (13495.551 ms) ======
====== finagle-http (web) [default], iteration 41 started ======
GC before operation: completed in 113.369 ms, heap usage 77.314 MB -> 14.219 MB.
====== finagle-http (web) [default], iteration 41 completed (13532.434 ms) ======
====== finagle-http (web) [default], iteration 42 started ======
GC before operation: completed in 104.674 ms, heap usage 48.957 MB -> 14.216 MB.
====== finagle-http (web) [default], iteration 42 completed (13577.331 ms) ======
====== finagle-http (web) [default], iteration 43 started ======
GC before operation: completed in 110.637 ms, heap usage 54.201 MB -> 14.183 MB.
====== finagle-http (web) [default], iteration 43 completed (13588.965 ms) ======
====== finagle-http (web) [default], iteration 44 started ======
GC before operation: completed in 108.594 ms, heap usage 54.311 MB -> 14.217 MB.
====== finagle-http (web) [default], iteration 44 completed (13706.461 ms) ======
====== finagle-http (web) [default], iteration 45 started ======
GC before operation: completed in 109.619 ms, heap usage 51.113 MB -> 14.211 MB.
====== finagle-http (web) [default], iteration 45 completed (13491.273 ms) ======
====== finagle-http (web) [default], iteration 46 started ======
GC before operation: completed in 112.693 ms, heap usage 65.998 MB -> 14.222 MB.
====== finagle-http (web) [default], iteration 46 completed (13490.183 ms) ======
====== finagle-http (web) [default], iteration 47 started ======
GC before operation: completed in 107.591 ms, heap usage 53.088 MB -> 14.215 MB.
====== finagle-http (web) [default], iteration 47 completed (13416.886 ms) ======
====== finagle-http (web) [default], iteration 48 started ======
GC before operation: completed in 117.394 ms, heap usage 23.412 MB -> 14.243 MB.
====== finagle-http (web) [default], iteration 48 completed (13399.102 ms) ======
====== finagle-http (web) [default], iteration 49 started ======
GC before operation: completed in 111.528 ms, heap usage 68.388 MB -> 14.241 MB.
====== finagle-http (web) [default], iteration 49 completed (13302.412 ms) ======
====== finagle-http (web) [default], iteration 50 started ======
GC before operation: completed in 105.608 ms, heap usage 28.521 MB -> 14.149 MB.
====== finagle-http (web) [default], iteration 50 completed (13271.713 ms) ======
====== finagle-http (web) [default], iteration 51 started ======
GC before operation: completed in 117.010 ms, heap usage 36.178 MB -> 14.276 MB.
====== finagle-http (web) [default], iteration 51 completed (14222.378 ms) ======
====== finagle-http (web) [default], iteration 52 started ======
GC before operation: completed in 106.930 ms, heap usage 44.477 MB -> 14.208 MB.
====== finagle-http (web) [default], iteration 52 completed (13349.003 ms) ======
====== finagle-http (web) [default], iteration 53 started ======
GC before operation: completed in 111.967 ms, heap usage 51.805 MB -> 14.238 MB.
====== finagle-http (web) [default], iteration 53 completed (13193.487 ms) ======
====== finagle-http (web) [default], iteration 54 started ======
GC before operation: completed in 112.594 ms, heap usage 53.536 MB -> 14.225 MB.
====== finagle-http (web) [default], iteration 54 completed (13025.871 ms) ======
====== finagle-http (web) [default], iteration 55 started ======
GC before operation: completed in 107.744 ms, heap usage 20.623 MB -> 14.145 MB.
====== finagle-http (web) [default], iteration 55 completed (13128.432 ms) ======
====== finagle-http (web) [default], iteration 56 started ======
GC before operation: completed in 112.267 ms, heap usage 50.113 MB -> 14.220 MB.
====== finagle-http (web) [default], iteration 56 completed (13180.692 ms) ======
====== finagle-http (web) [default], iteration 57 started ======
GC before operation: completed in 113.666 ms, heap usage 77.169 MB -> 14.227 MB.
====== finagle-http (web) [default], iteration 57 completed (12997.329 ms) ======
====== finagle-http (web) [default], iteration 58 started ======
GC before operation: completed in 107.036 ms, heap usage 38.990 MB -> 14.317 MB.
====== finagle-http (web) [default], iteration 58 completed (13330.809 ms) ======
====== finagle-http (web) [default], iteration 59 started ======
GC before operation: completed in 113.180 ms, heap usage 36.980 MB -> 14.228 MB.
====== finagle-http (web) [default], iteration 59 completed (13413.320 ms) ======
====== finagle-http (web) [default], iteration 60 started ======
GC before operation: completed in 113.163 ms, heap usage 77.260 MB -> 14.220 MB.
====== finagle-http (web) [default], iteration 60 completed (13630.594 ms) ======
====== finagle-http (web) [default], iteration 61 started ======
GC before operation: completed in 111.784 ms, heap usage 56.858 MB -> 14.198 MB.
====== finagle-http (web) [default], iteration 61 completed (13379.977 ms) ======
====== finagle-http (web) [default], iteration 62 started ======
GC before operation: completed in 113.720 ms, heap usage 27.002 MB -> 14.210 MB.
====== finagle-http (web) [default], iteration 62 completed (13979.828 ms) ======
====== finagle-http (web) [default], iteration 63 started ======
GC before operation: completed in 128.957 ms, heap usage 75.316 MB -> 14.205 MB.
====== finagle-http (web) [default], iteration 63 completed (14277.998 ms) ======
====== finagle-http (web) [default], iteration 64 started ======
GC before operation: completed in 106.772 ms, heap usage 17.717 MB -> 14.201 MB.
====== finagle-http (web) [default], iteration 64 completed (13203.558 ms) ======
====== finagle-http (web) [default], iteration 65 started ======
GC before operation: completed in 111.200 ms, heap usage 56.353 MB -> 14.211 MB.
====== finagle-http (web) [default], iteration 65 completed (13341.881 ms) ======
====== finagle-http (web) [default], iteration 66 started ======
GC before operation: completed in 114.974 ms, heap usage 23.354 MB -> 14.231 MB.
====== finagle-http (web) [default], iteration 66 completed (13315.380 ms) ======
====== finagle-http (web) [default], iteration 67 started ======
GC before operation: completed in 111.589 ms, heap usage 51.198 MB -> 14.359 MB.
====== finagle-http (web) [default], iteration 67 completed (13407.641 ms) ======
====== finagle-http (web) [default], iteration 68 started ======
GC before operation: completed in 110.956 ms, heap usage 22.021 MB -> 14.219 MB.
====== finagle-http (web) [default], iteration 68 completed (13091.402 ms) ======
====== finagle-http (web) [default], iteration 69 started ======
GC before operation: completed in 113.689 ms, heap usage 76.344 MB -> 14.232 MB.
====== finagle-http (web) [default], iteration 69 completed (12827.186 ms) ======
====== finagle-http (web) [default], iteration 70 started ======
GC before operation: completed in 113.865 ms, heap usage 58.283 MB -> 14.227 MB.
====== finagle-http (web) [default], iteration 70 completed (13217.595 ms) ======
====== finagle-http (web) [default], iteration 71 started ======
GC before operation: completed in 107.789 ms, heap usage 62.832 MB -> 14.219 MB.
====== finagle-http (web) [default], iteration 71 completed (13105.447 ms) ======
====== finagle-http (web) [default], iteration 72 started ======
GC before operation: completed in 111.148 ms, heap usage 54.112 MB -> 14.229 MB.
====== finagle-http (web) [default], iteration 72 completed (13069.083 ms) ======
====== finagle-http (web) [default], iteration 73 started ======
GC before operation: completed in 113.727 ms, heap usage 21.218 MB -> 14.212 MB.
====== finagle-http (web) [default], iteration 73 completed (12912.291 ms) ======
====== finagle-http (web) [default], iteration 74 started ======
GC before operation: completed in 115.045 ms, heap usage 54.285 MB -> 14.222 MB.
====== finagle-http (web) [default], iteration 74 completed (12623.200 ms) ======
====== finagle-http (web) [default], iteration 75 started ======
GC before operation: completed in 113.452 ms, heap usage 29.296 MB -> 14.274 MB.
====== finagle-http (web) [default], iteration 75 completed (12696.236 ms) ======
====== finagle-http (web) [default], iteration 76 started ======
GC before operation: completed in 114.043 ms, heap usage 58.193 MB -> 14.226 MB.
====== finagle-http (web) [default], iteration 76 completed (12941.933 ms) ======
====== finagle-http (web) [default], iteration 77 started ======
GC before operation: completed in 114.032 ms, heap usage 61.993 MB -> 14.224 MB.
====== finagle-http (web) [default], iteration 77 completed (13127.431 ms) ======
====== finagle-http (web) [default], iteration 78 started ======
GC before operation: completed in 109.560 ms, heap usage 38.108 MB -> 14.526 MB.
====== finagle-http (web) [default], iteration 78 completed (13100.355 ms) ======
====== finagle-http (web) [default], iteration 79 started ======
GC before operation: completed in 114.815 ms, heap usage 31.779 MB -> 14.257 MB.
====== finagle-http (web) [default], iteration 79 completed (13497.239 ms) ======
====== finagle-http (web) [default], iteration 80 started ======
GC before operation: completed in 113.061 ms, heap usage 63.166 MB -> 14.229 MB.
====== finagle-http (web) [default], iteration 80 completed (13203.592 ms) ======
====== finagle-http (web) [default], iteration 81 started ======
GC before operation: completed in 121.443 ms, heap usage 53.671 MB -> 14.236 MB.
====== finagle-http (web) [default], iteration 81 completed (13506.570 ms) ======
====== finagle-http (web) [default], iteration 82 started ======
GC before operation: completed in 125.365 ms, heap usage 57.746 MB -> 14.236 MB.
====== finagle-http (web) [default], iteration 82 completed (13569.578 ms) ======
====== finagle-http (web) [default], iteration 83 started ======
GC before operation: completed in 114.835 ms, heap usage 20.479 MB -> 14.229 MB.
====== finagle-http (web) [default], iteration 83 completed (13504.320 ms) ======
====== finagle-http (web) [default], iteration 84 started ======
GC before operation: completed in 110.915 ms, heap usage 43.822 MB -> 14.221 MB.
====== finagle-http (web) [default], iteration 84 completed (13587.233 ms) ======
====== finagle-http (web) [default], iteration 85 started ======
GC before operation: completed in 114.323 ms, heap usage 75.557 MB -> 14.225 MB.
====== finagle-http (web) [default], iteration 85 completed (13493.864 ms) ======
====== finagle-http (web) [default], iteration 86 started ======
GC before operation: completed in 115.033 ms, heap usage 69.763 MB -> 14.231 MB.
====== finagle-http (web) [default], iteration 86 completed (13606.388 ms) ======
====== finagle-http (web) [default], iteration 87 started ======
GC before operation: completed in 116.257 ms, heap usage 54.377 MB -> 14.239 MB.
====== finagle-http (web) [default], iteration 87 completed (13576.924 ms) ======
====== finagle-http (web) [default], iteration 88 started ======
GC before operation: completed in 112.523 ms, heap usage 48.972 MB -> 14.220 MB.
====== finagle-http (web) [default], iteration 88 completed (13832.784 ms) ======
====== finagle-http (web) [default], iteration 89 started ======
GC before operation: completed in 112.066 ms, heap usage 22.090 MB -> 14.228 MB.
====== finagle-http (web) [default], iteration 89 completed (13587.294 ms) ======
====== finagle-http (web) [default], iteration 90 started ======
GC before operation: completed in 114.864 ms, heap usage 72.341 MB -> 14.263 MB.
====== finagle-http (web) [default], iteration 90 completed (13534.126 ms) ======
====== finagle-http (web) [default], iteration 91 started ======
GC before operation: completed in 111.669 ms, heap usage 30.723 MB -> 14.238 MB.
====== finagle-http (web) [default], iteration 91 completed (13472.508 ms) ======
====== finagle-http (web) [default], iteration 92 started ======
GC before operation: completed in 116.683 ms, heap usage 75.410 MB -> 14.259 MB.
====== finagle-http (web) [default], iteration 92 completed (13587.031 ms) ======
====== finagle-http (web) [default], iteration 93 started ======
GC before operation: completed in 112.800 ms, heap usage 39.325 MB -> 14.239 MB.
====== finagle-http (web) [default], iteration 93 completed (13574.138 ms) ======
====== finagle-http (web) [default], iteration 94 started ======
GC before operation: completed in 120.606 ms, heap usage 30.315 MB -> 14.221 MB.
====== finagle-http (web) [default], iteration 94 completed (13508.058 ms) ======
====== finagle-http (web) [default], iteration 95 started ======
GC before operation: completed in 111.621 ms, heap usage 64.063 MB -> 14.219 MB.
====== finagle-http (web) [default], iteration 95 completed (13445.332 ms) ======
====== finagle-http (web) [default], iteration 96 started ======
GC before operation: completed in 107.547 ms, heap usage 51.029 MB -> 14.237 MB.
====== finagle-http (web) [default], iteration 96 completed (13486.154 ms) ======
====== finagle-http (web) [default], iteration 97 started ======
GC before operation: completed in 107.198 ms, heap usage 55.885 MB -> 14.199 MB.
====== finagle-http (web) [default], iteration 97 completed (13607.792 ms) ======
====== finagle-http (web) [default], iteration 98 started ======
GC before operation: completed in 105.986 ms, heap usage 21.922 MB -> 14.205 MB.
====== finagle-http (web) [default], iteration 98 completed (13522.174 ms) ======
====== finagle-http (web) [default], iteration 99 started ======
GC before operation: completed in 107.547 ms, heap usage 31.703 MB -> 14.233 MB.
====== finagle-http (web) [default], iteration 99 completed (13266.679 ms) ======
Master port: 35565
Cache ports: 38461, 33431, 40961, 45691
====== finagle-chirper (web) [default], iteration 0 started ======
Resetting master, feed map size: 5000
GC before operation: completed in 196.431 ms, heap usage 50.552 MB -> 21.838 MB.
WARNING: This benchmark provides no result that can be validated.
There is no way to check that no silent failure occurred.
====== finagle-chirper (web) [default], iteration 0 completed (52451.692 ms) ======
====== finagle-chirper (web) [default], iteration 1 started ======
Resetting master, feed map size: 5000
GC before operation: completed in 181.811 ms, heap usage 58.525 MB -> 24.389 MB.
WARNING: This benchmark provides no result that can be validated.
There is no way to check that no silent failure occurred.
====== finagle-chirper (web) [default], iteration 1 completed (34777.005 ms) ======
====== finagle-chirper (web) [default], iteration 2 started ======
Resetting master, feed map size: 5000
GC before operation: completed in 191.149 ms, heap usage 88.145 MB -> 24.667 MB.
WARNING: This benchmark provides no result that can be validated.
There is no way to check that no silent failure occurred.
====== finagle-chirper (web) [default], iteration 2 completed (28060.950 ms) ======
====== finagle-chirper (web) [default], iteration 3 started ======
Resetting master, feed map size: 5000
GC before operation: completed in 185.073 ms, heap usage 85.808 MB -> 24.689 MB.
WARNING: This benchmark provides no result that can be validated.
There is no way to check that no silent failure occurred.
====== finagle-chirper (web) [default], iteration 3 completed (24685.020 ms) ======
====== finagle-chirper (web) [default], iteration 4 started ======
Resetting master, feed map size: 5000
GC before operation: completed in 189.989 ms, heap usage 103.973 MB -> 24.702 MB.
WARNING: This benchmark provides no result that can be validated.
There is no way to check that no silent failure occurred.
====== finagle-chirper (web) [default], iteration 4 completed (21731.999 ms) ======
====== finagle-chirper (web) [default], iteration 5 started ======
Resetting master, feed map size: 5000
GC before operation: completed in 192.647 ms, heap usage 65.924 MB -> 24.569 MB.
WARNING: This benchmark provides no result that can be validated.
There is no way to check that no silent failure occurred.
====== finagle-chirper (web) [default], iteration 5 completed (19765.776 ms) ======
====== finagle-chirper (web) [default], iteration 6 started ======
Resetting master, feed map size: 5000
GC before operation: completed in 192.868 ms, heap usage 51.783 MB -> 24.714 MB.
WARNING: This benchmark provides no result that can be validated.
There is no way to check that no silent failure occurred.
====== finagle-chirper (web) [default], iteration 6 completed (18203.897 ms) ======
====== finagle-chirper (web) [default], iteration 7 started ======
Resetting master, feed map size: 5000
GC before operation: completed in 173.091 ms, heap usage 94.288 MB -> 24.735 MB.
WARNING: This benchmark provides no result that can be validated.
There is no way to check that no silent failure occurred.
====== finagle-chirper (web) [default], iteration 7 completed (17375.607 ms) ======
====== finagle-chirper (web) [default], iteration 8 started ======
Resetting master, feed map size: 5000
GC before operation: completed in 179.032 ms, heap usage 92.013 MB -> 24.734 MB.
WARNING: This benchmark provides no result that can be validated.
There is no way to check that no silent failure occurred.
====== finagle-chirper (web) [default], iteration 8 completed (13701.117 ms) ======
====== finagle-chirper (web) [default], iteration 9 started ======
Resetting master, feed map size: 5000
GC before operation: completed in 176.170 ms, heap usage 104.071 MB -> 24.804 MB.
WARNING: This benchmark provides no result that can be validated.
There is no way to check that no silent failure occurred.
====== finagle-chirper (web) [default], iteration 9 completed (12075.745 ms) ======
====== finagle-chirper (web) [default], iteration 10 started ======
Resetting master, feed map size: 5000
GC before operation: completed in 180.002 ms, heap usage 40.379 MB -> 24.748 MB.
WARNING: This benchmark provides no result that can be validated.
There is no way to check that no silent failure occurred.
====== finagle-chirper (web) [default], iteration 10 completed (12211.091 ms) ======
====== finagle-chirper (web) [default], iteration 11 started ======
Resetting master, feed map size: 5000
GC before operation: completed in 188.376 ms, heap usage 142.838 MB -> 24.755 MB.
WARNING: This benchmark provides no result that can be validated.
There is no way to check that no silent failure occurred.
====== finagle-chirper (web) [default], iteration 11 completed (13059.553 ms) ======
====== finagle-chirper (web) [default], iteration 12 started ======
Resetting master, feed map size: 5000
GC before operation: completed in 170.931 ms, heap usage 53.909 MB -> 24.756 MB.
WARNING: This benchmark provides no result that can be validated.
There is no way to check that no silent failure occurred.
====== finagle-chirper (web) [default], iteration 12 completed (12884.951 ms) ======
====== finagle-chirper (web) [default], iteration 13 started ======
Resetting master, feed map size: 5000
GC before operation: completed in 171.832 ms, heap usage 68.553 MB -> 24.763 MB.
WARNING: This benchmark provides no result that can be validated.
There is no way to check that no silent failure occurred.
====== finagle-chirper (web) [default], iteration 13 completed (11638.181 ms) ======
====== finagle-chirper (web) [default], iteration 14 started ======
Resetting master, feed map size: 5000
GC before operation: completed in 173.738 ms, heap usage 105.977 MB -> 24.765 MB.
WARNING: This benchmark provides no result that can be validated.
There is no way to check that no silent failure occurred.
====== finagle-chirper (web) [default], iteration 14 completed (11807.283 ms) ======
====== finagle-chirper (web) [default], iteration 15 started ======
Resetting master, feed map size: 5000
GC before operation: completed in 173.991 ms, heap usage 116.945 MB -> 24.770 MB.
WARNING: This benchmark provides no result that can be validated.
There is no way to check that no silent failure occurred.
====== finagle-chirper (web) [default], iteration 15 completed (12730.675 ms) ======
====== finagle-chirper (web) [default], iteration 16 started ======
Resetting master, feed map size: 5000
GC before operation: completed in 186.163 ms, heap usage 111.017 MB -> 24.769 MB.
WARNING: This benchmark provides no result that can be validated.
There is no way to check that no silent failure occurred.
====== finagle-chirper (web) [default], iteration 16 completed (11538.358 ms) ======
====== finagle-chirper (web) [default], iteration 17 started ======
Resetting master, feed map size: 5000
GC before operation: completed in 178.757 ms, heap usage 120.177 MB -> 24.782 MB.
WARNING: This benchmark provides no result that can be validated.
There is no way to check that no silent failure occurred.
====== finagle-chirper (web) [default], iteration 17 completed (11754.651 ms) ======
====== finagle-chirper (web) [default], iteration 18 started ======
Resetting master, feed map size: 5000
GC before operation: completed in 178.636 ms, heap usage 120.397 MB -> 24.783 MB.
WARNING: This benchmark provides no result that can be validated.
There is no way to check that no silent failure occurred.
====== finagle-chirper (web) [default], iteration 18 completed (11448.946 ms) ======
====== finagle-chirper (web) [default], iteration 19 started ======
Resetting master, feed map size: 5000
GC before operation: completed in 180.702 ms, heap usage 135.923 MB -> 24.779 MB.
WARNING: This benchmark provides no result that can be validated.
There is no way to check that no silent failure occurred.
====== finagle-chirper (web) [default], iteration 19 completed (11971.534 ms) ======
====== finagle-chirper (web) [default], iteration 20 started ======
Resetting master, feed map size: 5000
GC before operation: completed in 177.917 ms, heap usage 78.033 MB -> 24.775 MB.
WARNING: This benchmark provides no result that can be validated.
There is no way to check that no silent failure occurred.
====== finagle-chirper (web) [default], iteration 20 completed (11523.007 ms) ======
====== finagle-chirper (web) [default], iteration 21 started ======
Resetting master, feed map size: 5000
GC before operation: completed in 179.175 ms, heap usage 30.360 MB -> 24.777 MB.
WARNING: This benchmark provides no result that can be validated.
There is no way to check that no silent failure occurred.
====== finagle-chirper (web) [default], iteration 21 completed (11389.235 ms) ======
====== finagle-chirper (web) [default], iteration 22 started ======
Resetting master, feed map size: 5000
GC before operation: completed in 194.848 ms, heap usage 112.695 MB -> 24.784 MB.
WARNING: This benchmark provides no result that can be validated.
There is no way to check that no silent failure occurred.
====== finagle-chirper (web) [default], iteration 22 completed (12361.121 ms) ======
====== finagle-chirper (web) [default], iteration 23 started ======
Resetting master, feed map size: 5000
GC before operation: completed in 191.059 ms, heap usage 63.543 MB -> 24.786 MB.
WARNING: This benchmark provides no result that can be validated.
There is no way to check that no silent failure occurred.
====== finagle-chirper (web) [default], iteration 23 completed (11256.788 ms) ======
====== finagle-chirper (web) [default], iteration 24 started ======
Resetting master, feed map size: 5000
GC before operation: completed in 181.648 ms, heap usage 113.552 MB -> 24.798 MB.
WARNING: This benchmark provides no result that can be validated.
There is no way to check that no silent failure occurred.
====== finagle-chirper (web) [default], iteration 24 completed (10992.768 ms) ======
====== finagle-chirper (web) [default], iteration 25 started ======
Resetting master, feed map size: 5000
GC before operation: completed in 183.709 ms, heap usage 41.889 MB -> 24.793 MB.
WARNING: This benchmark provides no result that can be validated.
There is no way to check that no silent failure occurred.
====== finagle-chirper (web) [default], iteration 25 completed (11112.656 ms) ======
====== finagle-chirper (web) [default], iteration 26 started ======
Resetting master, feed map size: 5000
GC before operation: completed in 185.939 ms, heap usage 89.797 MB -> 24.793 MB.
WARNING: This benchmark provides no result that can be validated.
There is no way to check that no silent failure occurred.
====== finagle-chirper (web) [default], iteration 26 completed (11203.017 ms) ======
====== finagle-chirper (web) [default], iteration 27 started ======
Resetting master, feed map size: 5000
GC before operation: completed in 186.271 ms, heap usage 79.929 MB -> 24.805 MB.
WARNING: This benchmark provides no result that can be validated.
There is no way to check that no silent failure occurred.
====== finagle-chirper (web) [default], iteration 27 completed (10870.544 ms) ======
====== finagle-chirper (web) [default], iteration 28 started ======
Resetting master, feed map size: 5000
GC before operation: completed in 187.636 ms, heap usage 62.081 MB -> 24.796 MB.
WARNING: This benchmark provides no result that can be validated.
There is no way to check that no silent failure occurred.
====== finagle-chirper (web) [default], iteration 28 completed (10763.749 ms) ======
====== finagle-chirper (web) [default], iteration 29 started ======
Resetting master, feed map size: 5000
GC before operation: completed in 183.980 ms, heap usage 69.378 MB -> 24.678 MB.
WARNING: This benchmark provides no result that can be validated.
There is no way to check that no silent failure occurred.
====== finagle-chirper (web) [default], iteration 29 completed (12022.913 ms) ======
====== finagle-chirper (web) [default], iteration 30 started ======
Resetting master, feed map size: 5000
GC before operation: completed in 182.774 ms, heap usage 28.439 MB -> 24.872 MB.
WARNING: This benchmark provides no result that can be validated.
There is no way to check that no silent failure occurred.
====== finagle-chirper (web) [default], iteration 30 completed (11969.636 ms) ======
====== finagle-chirper (web) [default], iteration 31 started ======
Resetting master, feed map size: 5000
GC before operation: completed in 188.042 ms, heap usage 140.404 MB -> 24.796 MB.
WARNING: This benchmark provides no result that can be validated.
There is no way to check that no silent failure occurred.
====== finagle-chirper (web) [default], iteration 31 completed (10799.254 ms) ======
====== finagle-chirper (web) [default], iteration 32 started ======
Resetting master, feed map size: 5000
GC before operation: completed in 179.221 ms, heap usage 72.006 MB -> 24.805 MB.
WARNING: This benchmark provides no result that can be validated.
There is no way to check that no silent failure occurred.
====== finagle-chirper (web) [default], iteration 32 completed (11973.855 ms) ======
====== finagle-chirper (web) [default], iteration 33 started ======
Resetting master, feed map size: 5000
GC before operation: completed in 180.689 ms, heap usage 102.766 MB -> 24.799 MB.
WARNING: This benchmark provides no result that can be validated.
There is no way to check that no silent failure occurred.
====== finagle-chirper (web) [default], iteration 33 completed (10643.965 ms) ======
====== finagle-chirper (web) [default], iteration 34 started ======
Resetting master, feed map size: 5000
GC before operation: completed in 184.103 ms, heap usage 123.799 MB -> 24.745 MB.
WARNING: This benchmark provides no result that can be validated.
There is no way to check that no silent failure occurred.
====== finagle-chirper (web) [default], iteration 34 completed (10621.678 ms) ======
====== finagle-chirper (web) [default], iteration 35 started ======
Resetting master, feed map size: 5000
GC before operation: completed in 184.635 ms, heap usage 98.730 MB -> 24.674 MB.
WARNING: This benchmark provides no result that can be validated.
There is no way to check that no silent failure occurred.
====== finagle-chirper (web) [default], iteration 35 completed (10981.553 ms) ======
====== finagle-chirper (web) [default], iteration 36 started ======
Resetting master, feed map size: 5000
GC before operation: completed in 187.208 ms, heap usage 38.656 MB -> 24.805 MB.
WARNING: This benchmark provides no result that can be validated.
There is no way to check that no silent failure occurred.
====== finagle-chirper (web) [default], iteration 36 completed (11381.613 ms) ======
====== finagle-chirper (web) [default], iteration 37 started ======
Resetting master, feed map size: 5000
GC before operation: completed in 183.150 ms, heap usage 54.014 MB -> 24.807 MB.
WARNING: This benchmark provides no result that can be validated.
There is no way to check that no silent failure occurred.
====== finagle-chirper (web) [default], iteration 37 completed (10488.440 ms) ======
====== finagle-chirper (web) [default], iteration 38 started ======
Resetting master, feed map size: 5000
GC before operation: completed in 183.123 ms, heap usage 100.419 MB -> 24.661 MB.
WARNING: This benchmark provides no result that can be validated.
There is no way to check that no silent failure occurred.
====== finagle-chirper (web) [default], iteration 38 completed (10458.847 ms) ======
====== finagle-chirper (web) [default], iteration 39 started ======
Resetting master, feed map size: 5000
GC before operation: completed in 184.072 ms, heap usage 101.965 MB -> 24.524 MB.
WARNING: This benchmark provides no result that can be validated.
There is no way to check that no silent failure occurred.
====== finagle-chirper (web) [default], iteration 39 completed (10615.951 ms) ======
====== finagle-chirper (web) [default], iteration 40 started ======
Resetting master, feed map size: 5000
GC before operation: completed in 184.203 ms, heap usage 129.255 MB -> 24.461 MB.
WARNING: This benchmark provides no result that can be validated.
There is no way to check that no silent failure occurred.
====== finagle-chirper (web) [default], iteration 40 completed (11653.210 ms) ======
====== finagle-chirper (web) [default], iteration 41 started ======
Resetting master, feed map size: 5000
GC before operation: completed in 209.795 ms, heap usage 133.257 MB -> 24.411 MB.
WARNING: This benchmark provides no result that can be validated.
There is no way to check that no silent failure occurred.
====== finagle-chirper (web) [default], iteration 41 completed (10335.883 ms) ======
====== finagle-chirper (web) [default], iteration 42 started ======
Resetting master, feed map size: 5000
GC before operation: completed in 180.292 ms, heap usage 27.949 MB -> 24.296 MB.
WARNING: This benchmark provides no result that can be validated.
There is no way to check that no silent failure occurred.
====== finagle-chirper (web) [default], iteration 42 completed (10490.704 ms) ======
====== finagle-chirper (web) [default], iteration 43 started ======
Resetting master, feed map size: 5000
GC before operation: completed in 182.442 ms, heap usage 44.629 MB -> 24.299 MB.
WARNING: This benchmark provides no result that can be validated.
There is no way to check that no silent failure occurred.
====== finagle-chirper (web) [default], iteration 43 completed (10970.588 ms) ======
====== finagle-chirper (web) [default], iteration 44 started ======
Resetting master, feed map size: 5000
GC before operation: completed in 182.997 ms, heap usage 55.214 MB -> 24.420 MB.
WARNING: This benchmark provides no result that can be validated.
There is no way to check that no silent failure occurred.
====== finagle-chirper (web) [default], iteration 44 completed (11439.887 ms) ======
====== finagle-chirper (web) [default], iteration 45 started ======
Resetting master, feed map size: 5000
GC before operation: completed in 190.204 ms, heap usage 150.058 MB -> 24.422 MB.
WARNING: This benchmark provides no result that can be validated.
There is no way to check that no silent failure occurred.
====== finagle-chirper (web) [default], iteration 45 completed (10472.494 ms) ======
====== finagle-chirper (web) [default], iteration 46 started ======
Resetting master, feed map size: 5000
GC before operation: completed in 190.149 ms, heap usage 91.702 MB -> 24.269 MB.
WARNING: This benchmark provides no result that can be validated.
There is no way to check that no silent failure occurred.
====== finagle-chirper (web) [default], iteration 46 completed (10562.194 ms) ======
====== finagle-chirper (web) [default], iteration 47 started ======
Resetting master, feed map size: 5000
GC before operation: completed in 185.504 ms, heap usage 79.596 MB -> 24.344 MB.
WARNING: This benchmark provides no result that can be validated.
There is no way to check that no silent failure occurred.
====== finagle-chirper (web) [default], iteration 47 completed (11038.311 ms) ======
====== finagle-chirper (web) [default], iteration 48 started ======
Resetting master, feed map size: 5000
GC before operation: completed in 181.560 ms, heap usage 28.644 MB -> 24.398 MB.
WARNING: This benchmark provides no result that can be validated.
There is no way to check that no silent failure occurred.
====== finagle-chirper (web) [default], iteration 48 completed (10611.427 ms) ======
====== finagle-chirper (web) [default], iteration 49 started ======
Resetting master, feed map size: 5000
GC before operation: completed in 197.471 ms, heap usage 107.822 MB -> 24.201 MB.
WARNING: This benchmark provides no result that can be validated.
There is no way to check that no silent failure occurred.
====== finagle-chirper (web) [default], iteration 49 completed (10582.485 ms) ======
====== finagle-chirper (web) [default], iteration 50 started ======
Resetting master, feed map size: 5000
GC before operation: completed in 183.425 ms, heap usage 134.817 MB -> 24.124 MB.
WARNING: This benchmark provides no result that can be validated.
There is no way to check that no silent failure occurred.
====== finagle-chirper (web) [default], iteration 50 completed (10516.797 ms) ======
====== finagle-chirper (web) [default], iteration 51 started ======
Resetting master, feed map size: 5000
GC before operation: completed in 186.763 ms, heap usage 121.423 MB -> 24.415 MB.
WARNING: This benchmark provides no result that can be validated.
There is no way to check that no silent failure occurred.
====== finagle-chirper (web) [default], iteration 51 completed (10393.805 ms) ======
====== finagle-chirper (web) [default], iteration 52 started ======
Resetting master, feed map size: 5000
GC before operation: completed in 185.742 ms, heap usage 89.396 MB -> 24.205 MB.
WARNING: This benchmark provides no result that can be validated.
There is no way to check that no silent failure occurred.
====== finagle-chirper (web) [default], iteration 52 completed (10507.601 ms) ======
====== finagle-chirper (web) [default], iteration 53 started ======
Resetting master, feed map size: 5000
GC before operation: completed in 189.129 ms, heap usage 128.470 MB -> 24.005 MB.
WARNING: This benchmark provides no result that can be validated.
There is no way to check that no silent failure occurred.
====== finagle-chirper (web) [default], iteration 53 completed (11215.705 ms) ======
====== finagle-chirper (web) [default], iteration 54 started ======
Resetting master, feed map size: 5000
GC before operation: completed in 185.957 ms, heap usage 83.425 MB -> 24.416 MB.
WARNING: This benchmark provides no result that can be validated.
There is no way to check that no silent failure occurred.
====== finagle-chirper (web) [default], iteration 54 completed (10526.005 ms) ======
====== finagle-chirper (web) [default], iteration 55 started ======
Resetting master, feed map size: 5000
GC before operation: completed in 183.160 ms, heap usage 28.588 MB -> 24.404 MB.
WARNING: This benchmark provides no result that can be validated.
There is no way to check that no silent failure occurred.
====== finagle-chirper (web) [default], iteration 55 completed (10168.442 ms) ======
====== finagle-chirper (web) [default], iteration 56 started ======
Resetting master, feed map size: 5000
GC before operation: completed in 183.487 ms, heap usage 45.743 MB -> 24.122 MB.
WARNING: This benchmark provides no result that can be validated.
There is no way to check that no silent failure occurred.
====== finagle-chirper (web) [default], iteration 56 completed (10353.737 ms) ======
====== finagle-chirper (web) [default], iteration 57 started ======
Resetting master, feed map size: 5000
GC before operation: completed in 183.645 ms, heap usage 50.335 MB -> 24.354 MB.
WARNING: This benchmark provides no result that can be validated.
There is no way to check that no silent failure occurred.
====== finagle-chirper (web) [default], iteration 57 completed (10349.898 ms) ======
====== finagle-chirper (web) [default], iteration 58 started ======
Resetting master, feed map size: 5000
GC before operation: completed in 186.899 ms, heap usage 74.713 MB -> 23.997 MB.
WARNING: This benchmark provides no result that can be validated.
There is no way to check that no silent failure occurred.
====== finagle-chirper (web) [default], iteration 58 completed (10201.900 ms) ======
====== finagle-chirper (web) [default], iteration 59 started ======
Resetting master, feed map size: 5000
GC before operation: completed in 188.370 ms, heap usage 90.550 MB -> 23.930 MB.
WARNING: This benchmark provides no result that can be validated.
There is no way to check that no silent failure occurred.
====== finagle-chirper (web) [default], iteration 59 completed (10034.452 ms) ======
====== finagle-chirper (web) [default], iteration 60 started ======
Resetting master, feed map size: 5000
GC before operation: completed in 188.127 ms, heap usage 57.876 MB -> 24.072 MB.
WARNING: This benchmark provides no result that can be validated.
There is no way to check that no silent failure occurred.
====== finagle-chirper (web) [default], iteration 60 completed (9858.985 ms) ======
====== finagle-chirper (web) [default], iteration 61 started ======
Resetting master, feed map size: 5000
GC before operation: completed in 189.001 ms, heap usage 85.072 MB -> 24.429 MB.
WARNING: This benchmark provides no result that can be validated.
There is no way to check that no silent failure occurred.
====== finagle-chirper (web) [default], iteration 61 completed (9982.729 ms) ======
====== finagle-chirper (web) [default], iteration 62 started ======
Resetting master, feed map size: 5000
GC before operation: completed in 199.549 ms, heap usage 147.787 MB -> 24.191 MB.
WARNING: This benchmark provides no result that can be validated.
There is no way to check that no silent failure occurred.
====== finagle-chirper (web) [default], iteration 62 completed (9946.630 ms) ======
====== finagle-chirper (web) [default], iteration 63 started ======
Resetting master, feed map size: 5000
GC before operation: completed in 186.987 ms, heap usage 75.100 MB -> 24.218 MB.
WARNING: This benchmark provides no result that can be validated.
There is no way to check that no silent failure occurred.
====== finagle-chirper (web) [default], iteration 63 completed (10230.111 ms) ======
====== finagle-chirper (web) [default], iteration 64 started ======
Resetting master, feed map size: 5000
GC before operation: completed in 187.758 ms, heap usage 45.087 MB -> 24.005 MB.
WARNING: This benchmark provides no result that can be validated.
There is no way to check that no silent failure occurred.
====== finagle-chirper (web) [default], iteration 64 completed (10225.895 ms) ======
====== finagle-chirper (web) [default], iteration 65 started ======
Resetting master, feed map size: 5000
GC before operation: completed in 186.318 ms, heap usage 49.703 MB -> 24.032 MB.
WARNING: This benchmark provides no result that can be validated.
There is no way to check that no silent failure occurred.
====== finagle-chirper (web) [default], iteration 65 completed (10351.503 ms) ======
====== finagle-chirper (web) [default], iteration 66 started ======
Resetting master, feed map size: 5000
GC before operation: completed in 192.122 ms, heap usage 118.159 MB -> 24.191 MB.
WARNING: This benchmark provides no result that can be validated.
There is no way to check that no silent failure occurred.
====== finagle-chirper (web) [default], iteration 66 completed (10152.112 ms) ======
====== finagle-chirper (web) [default], iteration 67 started ======
Resetting master, feed map size: 5000
GC before operation: completed in 188.907 ms, heap usage 118.423 MB -> 24.174 MB.
WARNING: This benchmark provides no result that can be validated.
There is no way to check that no silent failure occurred.
====== finagle-chirper (web) [default], iteration 67 completed (10341.556 ms) ======
====== finagle-chirper (web) [default], iteration 68 started ======
Resetting master, feed map size: 5000
GC before operation: completed in 189.411 ms, heap usage 133.459 MB -> 23.464 MB.
WARNING: This benchmark provides no result that can be validated.
There is no way to check that no silent failure occurred.
====== finagle-chirper (web) [default], iteration 68 completed (10402.903 ms) ======
====== finagle-chirper (web) [default], iteration 69 started ======
Resetting master, feed map size: 5000
GC before operation: completed in 186.328 ms, heap usage 87.035 MB -> 23.619 MB.
WARNING: This benchmark provides no result that can be validated.
There is no way to check that no silent failure occurred.
====== finagle-chirper (web) [default], iteration 69 completed (11507.709 ms) ======
====== finagle-chirper (web) [default], iteration 70 started ======
Resetting master, feed map size: 5000
GC before operation: completed in 205.842 ms, heap usage 58.766 MB -> 23.911 MB.
WARNING: This benchmark provides no result that can be validated.
There is no way to check that no silent failure occurred.
====== finagle-chirper (web) [default], iteration 70 completed (10165.926 ms) ======
====== finagle-chirper (web) [default], iteration 71 started ======
Resetting master, feed map size: 5000
GC before operation: completed in 186.335 ms, heap usage 58.461 MB -> 23.397 MB.
WARNING: This benchmark provides no result that can be validated.
There is no way to check that no silent failure occurred.
====== finagle-chirper (web) [default], iteration 71 completed (10181.879 ms) ======
====== finagle-chirper (web) [default], iteration 72 started ======
Resetting master, feed map size: 5000
GC before operation: completed in 182.455 ms, heap usage 139.631 MB -> 23.365 MB.
WARNING: This benchmark provides no result that can be validated.
There is no way to check that no silent failure occurred.
====== finagle-chirper (web) [default], iteration 72 completed (10132.076 ms) ======
====== finagle-chirper (web) [default], iteration 73 started ======
Resetting master, feed map size: 5000
GC before operation: completed in 194.005 ms, heap usage 90.598 MB -> 23.464 MB.
WARNING: This benchmark provides no result that can be validated.
There is no way to check that no silent failure occurred.
====== finagle-chirper (web) [default], iteration 73 completed (10577.139 ms) ======
====== finagle-chirper (web) [default], iteration 74 started ======
Resetting master, feed map size: 5000
GC before operation: completed in 210.349 ms, heap usage 28.483 MB -> 23.904 MB.
WARNING: This benchmark provides no result that can be validated.
There is no way to check that no silent failure occurred.
====== finagle-chirper (web) [default], iteration 74 completed (9947.047 ms) ======
====== finagle-chirper (web) [default], iteration 75 started ======
Resetting master, feed map size: 5000
GC before operation: completed in 187.150 ms, heap usage 45.008 MB -> 23.759 MB.
WARNING: This benchmark provides no result that can be validated.
There is no way to check that no silent failure occurred.
====== finagle-chirper (web) [default], iteration 75 completed (11498.187 ms) ======
====== finagle-chirper (web) [default], iteration 76 started ======
Resetting master, feed map size: 5000
GC before operation: completed in 189.181 ms, heap usage 71.477 MB -> 23.944 MB.
WARNING: This benchmark provides no result that can be validated.
There is no way to check that no silent failure occurred.
====== finagle-chirper (web) [default], iteration 76 completed (10019.676 ms) ======
====== finagle-chirper (web) [default], iteration 77 started ======
Resetting master, feed map size: 5000
GC before operation: completed in 187.943 ms, heap usage 121.658 MB -> 23.670 MB.
WARNING: This benchmark provides no result that can be validated.
There is no way to check that no silent failure occurred.
====== finagle-chirper (web) [default], iteration 77 completed (9896.397 ms) ======
====== finagle-chirper (web) [default], iteration 78 started ======
Resetting master, feed map size: 5000
GC before operation: completed in 189.087 ms, heap usage 66.632 MB -> 23.944 MB.
WARNING: This benchmark provides no result that can be validated.
There is no way to check that no silent failure occurred.
====== finagle-chirper (web) [default], iteration 78 completed (10128.248 ms) ======
====== finagle-chirper (web) [default], iteration 79 started ======
Resetting master, feed map size: 5000
GC before operation: completed in 194.969 ms, heap usage 99.673 MB -> 23.477 MB.
WARNING: This benchmark provides no result that can be validated.
There is no way to check that no silent failure occurred.
====== finagle-chirper (web) [default], iteration 79 completed (9824.777 ms) ======
====== finagle-chirper (web) [default], iteration 80 started ======
Resetting master, feed map size: 5000
GC before operation: completed in 190.635 ms, heap usage 93.542 MB -> 23.941 MB.
WARNING: This benchmark provides no result that can be validated.
There is no way to check that no silent failure occurred.
====== finagle-chirper (web) [default], iteration 80 completed (10900.387 ms) ======
====== finagle-chirper (web) [default], iteration 81 started ======
Resetting master, feed map size: 5000
GC before operation: completed in 188.766 ms, heap usage 29.054 MB -> 23.951 MB.
WARNING: This benchmark provides no result that can be validated.
There is no way to check that no silent failure occurred.
====== finagle-chirper (web) [default], iteration 81 completed (10277.159 ms) ======
====== finagle-chirper (web) [default], iteration 82 started ======
Resetting master, feed map size: 5000
GC before operation: completed in 185.224 ms, heap usage 29.387 MB -> 23.668 MB.
WARNING: This benchmark provides no result that can be validated.
There is no way to check that no silent failure occurred.
====== finagle-chirper (web) [default], iteration 82 completed (10177.697 ms) ======
====== finagle-chirper (web) [default], iteration 83 started ======
Resetting master, feed map size: 5000
GC before operation: completed in 185.269 ms, heap usage 147.589 MB -> 23.523 MB.
WARNING: This benchmark provides no result that can be validated.
There is no way to check that no silent failure occurred.
====== finagle-chirper (web) [default], iteration 83 completed (9988.136 ms) ======
====== finagle-chirper (web) [default], iteration 84 started ======
Resetting master, feed map size: 5000
GC before operation: completed in 187.242 ms, heap usage 100.926 MB -> 23.649 MB.
WARNING: This benchmark provides no result that can be validated.
There is no way to check that no silent failure occurred.
====== finagle-chirper (web) [default], iteration 84 completed (11315.146 ms) ======
====== finagle-chirper (web) [default], iteration 85 started ======
Resetting master, feed map size: 5000
GC before operation: completed in 189.529 ms, heap usage 66.962 MB -> 23.968 MB.
WARNING: This benchmark provides no result that can be validated.
There is no way to check that no silent failure occurred.
====== finagle-chirper (web) [default], iteration 85 completed (10317.649 ms) ======
====== finagle-chirper (web) [default], iteration 86 started ======
Resetting master, feed map size: 5000
GC before operation: completed in 183.743 ms, heap usage 32.569 MB -> 23.640 MB.
WARNING: This benchmark provides no result that can be validated.
There is no way to check that no silent failure occurred.
====== finagle-chirper (web) [default], iteration 86 completed (10384.636 ms) ======
====== finagle-chirper (web) [default], iteration 87 started ======
Resetting master, feed map size: 5000
GC before operation: completed in 183.232 ms, heap usage 79.112 MB -> 23.848 MB.
WARNING: This benchmark provides no result that can be validated.
There is no way to check that no silent failure occurred.
====== finagle-chirper (web) [default], iteration 87 completed (10022.529 ms) ======
====== finagle-chirper (web) [default], iteration 88 started ======
Resetting master, feed map size: 5000
GC before operation: completed in 183.120 ms, heap usage 82.879 MB -> 23.590 MB.
WARNING: This benchmark provides no result that can be validated.
There is no way to check that no silent failure occurred.
====== finagle-chirper (web) [default], iteration 88 completed (9862.384 ms) ======
====== finagle-chirper (web) [default], iteration 89 started ======
Resetting master, feed map size: 5000
GC before operation: completed in 182.133 ms, heap usage 126.913 MB -> 23.932 MB.
WARNING: This benchmark provides no result that can be validated.
There is no way to check that no silent failure occurred.
====== finagle-chirper (web) [default], iteration 89 completed (10151.327 ms) ======
====== finagle-chirper (web) [default], iteration 90 started ======
Resetting master, feed map size: 5000
GC before operation: completed in 179.553 ms, heap usage 54.713 MB -> 23.488 MB.
WARNING: This benchmark provides no result that can be validated.
There is no way to check that no silent failure occurred.
====== finagle-chirper (web) [default], iteration 90 completed (10287.282 ms) ======
====== finagle-chirper (web) [default], iteration 91 started ======
Resetting master, feed map size: 5000
GC before operation: completed in 179.216 ms, heap usage 128.368 MB -> 23.519 MB.
WARNING: This benchmark provides no result that can be validated.
There is no way to check that no silent failure occurred.
====== finagle-chirper (web) [default], iteration 91 completed (10467.396 ms) ======
====== finagle-chirper (web) [default], iteration 92 started ======
Resetting master, feed map size: 5000
GC before operation: completed in 179.452 ms, heap usage 94.786 MB -> 23.667 MB.
WARNING: This benchmark provides no result that can be validated.
There is no way to check that no silent failure occurred.
====== finagle-chirper (web) [default], iteration 92 completed (10327.409 ms) ======
====== finagle-chirper (web) [default], iteration 93 started ======
Resetting master, feed map size: 5000
GC before operation: completed in 193.910 ms, heap usage 70.647 MB -> 23.705 MB.
WARNING: This benchmark provides no result that can be validated.
There is no way to check that no silent failure occurred.
====== finagle-chirper (web) [default], iteration 93 completed (10185.411 ms) ======
====== finagle-chirper (web) [default], iteration 94 started ======
Resetting master, feed map size: 5000
GC before operation: completed in 183.022 ms, heap usage 69.893 MB -> 23.599 MB.
WARNING: This benchmark provides no result that can be validated.
There is no way to check that no silent failure occurred.
====== finagle-chirper (web) [default], iteration 94 completed (10097.720 ms) ======
====== finagle-chirper (web) [default], iteration 95 started ======
Resetting master, feed map size: 5000
GC before operation: completed in 179.200 ms, heap usage 83.053 MB -> 23.457 MB.
WARNING: This benchmark provides no result that can be validated.
There is no way to check that no silent failure occurred.
====== finagle-chirper (web) [default], iteration 95 completed (10121.881 ms) ======
====== finagle-chirper (web) [default], iteration 96 started ======
Resetting master, feed map size: 5000
GC before operation: completed in 188.979 ms, heap usage 52.427 MB -> 23.397 MB.
WARNING: This benchmark provides no result that can be validated.
There is no way to check that no silent failure occurred.
====== finagle-chirper (web) [default], iteration 96 completed (10367.328 ms) ======
====== finagle-chirper (web) [default], iteration 97 started ======
Resetting master, feed map size: 5000
GC before operation: completed in 187.777 ms, heap usage 52.271 MB -> 23.670 MB.
WARNING: This benchmark provides no result that can be validated.
There is no way to check that no silent failure occurred.
====== finagle-chirper (web) [default], iteration 97 completed (10578.866 ms) ======
====== finagle-chirper (web) [default], iteration 98 started ======
Resetting master, feed map size: 5000
GC before operation: completed in 182.647 ms, heap usage 73.224 MB -> 23.628 MB.
WARNING: This benchmark provides no result that can be validated.
There is no way to check that no silent failure occurred.
====== finagle-chirper (web) [default], iteration 98 completed (9927.385 ms) ======
====== finagle-chirper (web) [default], iteration 99 started ======
Resetting master, feed map size: 5000
GC before operation: completed in 184.633 ms, heap usage 117.991 MB -> 23.952 MB.
WARNING: This benchmark provides no result that can be validated.
There is no way to check that no silent failure occurred.
====== finagle-chirper (web) [default], iteration 99 completed (10079.953 ms) ======
