finagle-http on :45201 spawning 4 client and default number of server workers.
====== finagle-http (web) [default], iteration 0 started ======
GC before operation: completed in 1.824 ms, heap usage 13.941 MB -> 14.077 MB.
====== finagle-http (web) [default], iteration 0 completed (48034.668 ms) ======
====== finagle-http (web) [default], iteration 1 started ======
GC before operation: completed in 149.521 ms, heap usage 54.609 MB -> 13.544 MB.
====== finagle-http (web) [default], iteration 1 completed (25868.068 ms) ======
====== finagle-http (web) [default], iteration 2 started ======
GC before operation: completed in 136.720 ms, heap usage 25.759 MB -> 13.653 MB.
====== finagle-http (web) [default], iteration 2 completed (14922.084 ms) ======
====== finagle-http (web) [default], iteration 3 started ======
GC before operation: completed in 103.276 ms, heap usage 43.993 MB -> 13.952 MB.
====== finagle-http (web) [default], iteration 3 completed (12708.184 ms) ======
====== finagle-http (web) [default], iteration 4 started ======
GC before operation: completed in 118.865 ms, heap usage 16.140 MB -> 13.701 MB.
====== finagle-http (web) [default], iteration 4 completed (14527.716 ms) ======
====== finagle-http (web) [default], iteration 5 started ======
GC before operation: completed in 107.075 ms, heap usage 35.599 MB -> 13.696 MB.
====== finagle-http (web) [default], iteration 5 completed (14336.310 ms) ======
====== finagle-http (web) [default], iteration 6 started ======
GC before operation: completed in 133.234 ms, heap usage 36.236 MB -> 13.729 MB.
====== finagle-http (web) [default], iteration 6 completed (13912.808 ms) ======
====== finagle-http (web) [default], iteration 7 started ======
GC before operation: completed in 93.595 ms, heap usage 68.852 MB -> 13.676 MB.
====== finagle-http (web) [default], iteration 7 completed (13938.240 ms) ======
====== finagle-http (web) [default], iteration 8 started ======
GC before operation: completed in 98.232 ms, heap usage 35.591 MB -> 13.862 MB.
====== finagle-http (web) [default], iteration 8 completed (13925.630 ms) ======
====== finagle-http (web) [default], iteration 9 started ======
GC before operation: completed in 99.446 ms, heap usage 45.853 MB -> 13.699 MB.
====== finagle-http (web) [default], iteration 9 completed (13822.618 ms) ======
====== finagle-http (web) [default], iteration 10 started ======
GC before operation: completed in 104.802 ms, heap usage 32.844 MB -> 13.708 MB.
====== finagle-http (web) [default], iteration 10 completed (13584.634 ms) ======
====== finagle-http (web) [default], iteration 11 started ======
GC before operation: completed in 102.117 ms, heap usage 38.733 MB -> 13.731 MB.
====== finagle-http (web) [default], iteration 11 completed (13700.274 ms) ======
====== finagle-http (web) [default], iteration 12 started ======
GC before operation: completed in 96.480 ms, heap usage 37.346 MB -> 13.749 MB.
====== finagle-http (web) [default], iteration 12 completed (13985.320 ms) ======
====== finagle-http (web) [default], iteration 13 started ======
GC before operation: completed in 105.979 ms, heap usage 47.093 MB -> 13.731 MB.
====== finagle-http (web) [default], iteration 13 completed (14060.995 ms) ======
====== finagle-http (web) [default], iteration 14 started ======
GC before operation: completed in 106.064 ms, heap usage 60.730 MB -> 13.792 MB.
====== finagle-http (web) [default], iteration 14 completed (14159.927 ms) ======
====== finagle-http (web) [default], iteration 15 started ======
GC before operation: completed in 139.939 ms, heap usage 39.603 MB -> 13.716 MB.
====== finagle-http (web) [default], iteration 15 completed (14293.690 ms) ======
====== finagle-http (web) [default], iteration 16 started ======
GC before operation: completed in 105.114 ms, heap usage 74.457 MB -> 13.734 MB.
====== finagle-http (web) [default], iteration 16 completed (14201.596 ms) ======
====== finagle-http (web) [default], iteration 17 started ======
GC before operation: completed in 104.723 ms, heap usage 45.376 MB -> 13.728 MB.
====== finagle-http (web) [default], iteration 17 completed (14011.014 ms) ======
====== finagle-http (web) [default], iteration 18 started ======
GC before operation: completed in 102.722 ms, heap usage 66.588 MB -> 13.716 MB.
====== finagle-http (web) [default], iteration 18 completed (13501.200 ms) ======
====== finagle-http (web) [default], iteration 19 started ======
GC before operation: completed in 107.130 ms, heap usage 50.276 MB -> 13.735 MB.
====== finagle-http (web) [default], iteration 19 completed (13214.638 ms) ======
====== finagle-http (web) [default], iteration 20 started ======
GC before operation: completed in 105.724 ms, heap usage 63.806 MB -> 13.723 MB.
====== finagle-http (web) [default], iteration 20 completed (12850.446 ms) ======
====== finagle-http (web) [default], iteration 21 started ======
GC before operation: completed in 120.614 ms, heap usage 27.529 MB -> 13.731 MB.
====== finagle-http (web) [default], iteration 21 completed (13164.696 ms) ======
====== finagle-http (web) [default], iteration 22 started ======
GC before operation: completed in 107.614 ms, heap usage 18.163 MB -> 13.741 MB.
====== finagle-http (web) [default], iteration 22 completed (12829.126 ms) ======
====== finagle-http (web) [default], iteration 23 started ======
GC before operation: completed in 101.654 ms, heap usage 77.731 MB -> 13.702 MB.
====== finagle-http (web) [default], iteration 23 completed (12695.045 ms) ======
====== finagle-http (web) [default], iteration 24 started ======
GC before operation: completed in 106.995 ms, heap usage 18.357 MB -> 13.722 MB.
====== finagle-http (web) [default], iteration 24 completed (13188.046 ms) ======
====== finagle-http (web) [default], iteration 25 started ======
GC before operation: completed in 105.527 ms, heap usage 52.205 MB -> 13.715 MB.
====== finagle-http (web) [default], iteration 25 completed (13557.726 ms) ======
====== finagle-http (web) [default], iteration 26 started ======
GC before operation: completed in 103.059 ms, heap usage 32.079 MB -> 13.815 MB.
====== finagle-http (web) [default], iteration 26 completed (13923.051 ms) ======
====== finagle-http (web) [default], iteration 27 started ======
GC before operation: completed in 109.800 ms, heap usage 18.177 MB -> 13.721 MB.
====== finagle-http (web) [default], iteration 27 completed (13999.614 ms) ======
====== finagle-http (web) [default], iteration 28 started ======
GC before operation: completed in 107.240 ms, heap usage 28.202 MB -> 13.728 MB.
====== finagle-http (web) [default], iteration 28 completed (13901.870 ms) ======
====== finagle-http (web) [default], iteration 29 started ======
GC before operation: completed in 107.464 ms, heap usage 19.859 MB -> 13.717 MB.
====== finagle-http (web) [default], iteration 29 completed (13918.623 ms) ======
====== finagle-http (web) [default], iteration 30 started ======
GC before operation: completed in 106.365 ms, heap usage 79.065 MB -> 13.716 MB.
====== finagle-http (web) [default], iteration 30 completed (13951.801 ms) ======
====== finagle-http (web) [default], iteration 31 started ======
GC before operation: completed in 107.895 ms, heap usage 28.658 MB -> 13.740 MB.
====== finagle-http (web) [default], iteration 31 completed (13735.425 ms) ======
====== finagle-http (web) [default], iteration 32 started ======
GC before operation: completed in 110.326 ms, heap usage 20.076 MB -> 13.742 MB.
====== finagle-http (web) [default], iteration 32 completed (13369.336 ms) ======
====== finagle-http (web) [default], iteration 33 started ======
GC before operation: completed in 108.216 ms, heap usage 19.780 MB -> 13.739 MB.
====== finagle-http (web) [default], iteration 33 completed (13321.848 ms) ======
====== finagle-http (web) [default], iteration 34 started ======
GC before operation: completed in 109.971 ms, heap usage 51.913 MB -> 13.729 MB.
====== finagle-http (web) [default], iteration 34 completed (12959.861 ms) ======
====== finagle-http (web) [default], iteration 35 started ======
GC before operation: completed in 110.680 ms, heap usage 33.011 MB -> 13.739 MB.
====== finagle-http (web) [default], iteration 35 completed (12641.624 ms) ======
====== finagle-http (web) [default], iteration 36 started ======
GC before operation: completed in 110.336 ms, heap usage 18.359 MB -> 14.168 MB.
====== finagle-http (web) [default], iteration 36 completed (12605.531 ms) ======
====== finagle-http (web) [default], iteration 37 started ======
GC before operation: completed in 110.947 ms, heap usage 74.226 MB -> 13.744 MB.
====== finagle-http (web) [default], iteration 37 completed (12645.478 ms) ======
====== finagle-http (web) [default], iteration 38 started ======
GC before operation: completed in 109.854 ms, heap usage 16.798 MB -> 13.769 MB.
====== finagle-http (web) [default], iteration 38 completed (12741.774 ms) ======
====== finagle-http (web) [default], iteration 39 started ======
GC before operation: completed in 106.710 ms, heap usage 59.330 MB -> 13.732 MB.
====== finagle-http (web) [default], iteration 39 completed (12526.990 ms) ======
====== finagle-http (web) [default], iteration 40 started ======
GC before operation: completed in 111.747 ms, heap usage 46.982 MB -> 13.746 MB.
====== finagle-http (web) [default], iteration 40 completed (13020.317 ms) ======
====== finagle-http (web) [default], iteration 41 started ======
GC before operation: completed in 108.891 ms, heap usage 65.887 MB -> 13.725 MB.
====== finagle-http (web) [default], iteration 41 completed (13278.334 ms) ======
====== finagle-http (web) [default], iteration 42 started ======
GC before operation: completed in 110.889 ms, heap usage 38.918 MB -> 13.736 MB.
====== finagle-http (web) [default], iteration 42 completed (13846.913 ms) ======
====== finagle-http (web) [default], iteration 43 started ======
GC before operation: completed in 111.615 ms, heap usage 58.373 MB -> 13.745 MB.
====== finagle-http (web) [default], iteration 43 completed (13794.780 ms) ======
====== finagle-http (web) [default], iteration 44 started ======
GC before operation: completed in 112.045 ms, heap usage 31.058 MB -> 13.748 MB.
====== finagle-http (web) [default], iteration 44 completed (13711.545 ms) ======
====== finagle-http (web) [default], iteration 45 started ======
GC before operation: completed in 115.123 ms, heap usage 19.318 MB -> 13.795 MB.
====== finagle-http (web) [default], iteration 45 completed (13938.858 ms) ======
====== finagle-http (web) [default], iteration 46 started ======
GC before operation: completed in 110.227 ms, heap usage 60.825 MB -> 13.745 MB.
====== finagle-http (web) [default], iteration 46 completed (13735.930 ms) ======
====== finagle-http (web) [default], iteration 47 started ======
GC before operation: completed in 118.308 ms, heap usage 64.085 MB -> 13.751 MB.
====== finagle-http (web) [default], iteration 47 completed (14104.988 ms) ======
====== finagle-http (web) [default], iteration 48 started ======
GC before operation: completed in 114.499 ms, heap usage 49.000 MB -> 13.753 MB.
====== finagle-http (web) [default], iteration 48 completed (14153.772 ms) ======
====== finagle-http (web) [default], iteration 49 started ======
GC before operation: completed in 115.747 ms, heap usage 60.020 MB -> 13.755 MB.
====== finagle-http (web) [default], iteration 49 completed (14268.628 ms) ======
====== finagle-http (web) [default], iteration 50 started ======
GC before operation: completed in 110.640 ms, heap usage 82.329 MB -> 14.403 MB.
====== finagle-http (web) [default], iteration 50 completed (14327.541 ms) ======
====== finagle-http (web) [default], iteration 51 started ======
GC before operation: completed in 113.348 ms, heap usage 68.806 MB -> 13.747 MB.
====== finagle-http (web) [default], iteration 51 completed (14307.333 ms) ======
====== finagle-http (web) [default], iteration 52 started ======
GC before operation: completed in 113.272 ms, heap usage 16.984 MB -> 13.775 MB.
====== finagle-http (web) [default], iteration 52 completed (14198.623 ms) ======
====== finagle-http (web) [default], iteration 53 started ======
GC before operation: completed in 125.833 ms, heap usage 35.522 MB -> 13.738 MB.
====== finagle-http (web) [default], iteration 53 completed (14301.490 ms) ======
====== finagle-http (web) [default], iteration 54 started ======
GC before operation: completed in 114.022 ms, heap usage 20.517 MB -> 13.756 MB.
====== finagle-http (web) [default], iteration 54 completed (14238.522 ms) ======
====== finagle-http (web) [default], iteration 55 started ======
GC before operation: completed in 115.957 ms, heap usage 51.660 MB -> 13.751 MB.
====== finagle-http (web) [default], iteration 55 completed (14245.358 ms) ======
====== finagle-http (web) [default], iteration 56 started ======
GC before operation: completed in 112.669 ms, heap usage 21.420 MB -> 13.752 MB.
====== finagle-http (web) [default], iteration 56 completed (14231.068 ms) ======
====== finagle-http (web) [default], iteration 57 started ======
GC before operation: completed in 116.092 ms, heap usage 52.916 MB -> 13.743 MB.
====== finagle-http (web) [default], iteration 57 completed (14270.745 ms) ======
====== finagle-http (web) [default], iteration 58 started ======
GC before operation: completed in 117.401 ms, heap usage 36.645 MB -> 13.752 MB.
====== finagle-http (web) [default], iteration 58 completed (13975.435 ms) ======
====== finagle-http (web) [default], iteration 59 started ======
GC before operation: completed in 114.925 ms, heap usage 19.579 MB -> 13.965 MB.
====== finagle-http (web) [default], iteration 59 completed (13998.834 ms) ======
====== finagle-http (web) [default], iteration 60 started ======
GC before operation: completed in 115.334 ms, heap usage 51.803 MB -> 13.957 MB.
====== finagle-http (web) [default], iteration 60 completed (13773.661 ms) ======
====== finagle-http (web) [default], iteration 61 started ======
GC before operation: completed in 111.281 ms, heap usage 64.980 MB -> 13.699 MB.
====== finagle-http (web) [default], iteration 61 completed (13238.493 ms) ======
====== finagle-http (web) [default], iteration 62 started ======
GC before operation: completed in 124.049 ms, heap usage 26.647 MB -> 13.805 MB.
====== finagle-http (web) [default], iteration 62 completed (13820.165 ms) ======
====== finagle-http (web) [default], iteration 63 started ======
GC before operation: completed in 114.919 ms, heap usage 53.099 MB -> 13.744 MB.
====== finagle-http (web) [default], iteration 63 completed (13912.779 ms) ======
====== finagle-http (web) [default], iteration 64 started ======
GC before operation: completed in 117.759 ms, heap usage 60.108 MB -> 13.760 MB.
====== finagle-http (web) [default], iteration 64 completed (14151.679 ms) ======
====== finagle-http (web) [default], iteration 65 started ======
GC before operation: completed in 118.148 ms, heap usage 60.830 MB -> 13.755 MB.
====== finagle-http (web) [default], iteration 65 completed (14094.139 ms) ======
====== finagle-http (web) [default], iteration 66 started ======
GC before operation: completed in 116.721 ms, heap usage 60.649 MB -> 13.837 MB.
====== finagle-http (web) [default], iteration 66 completed (13818.091 ms) ======
====== finagle-http (web) [default], iteration 67 started ======
GC before operation: completed in 118.987 ms, heap usage 33.116 MB -> 13.759 MB.
====== finagle-http (web) [default], iteration 67 completed (14300.832 ms) ======
====== finagle-http (web) [default], iteration 68 started ======
GC before operation: completed in 116.522 ms, heap usage 52.093 MB -> 13.755 MB.
====== finagle-http (web) [default], iteration 68 completed (14290.348 ms) ======
====== finagle-http (web) [default], iteration 69 started ======
GC before operation: completed in 118.035 ms, heap usage 30.742 MB -> 13.864 MB.
====== finagle-http (web) [default], iteration 69 completed (14309.325 ms) ======
====== finagle-http (web) [default], iteration 70 started ======
GC before operation: completed in 128.413 ms, heap usage 20.106 MB -> 13.763 MB.
====== finagle-http (web) [default], iteration 70 completed (14317.398 ms) ======
====== finagle-http (web) [default], iteration 71 started ======
GC before operation: completed in 121.436 ms, heap usage 70.801 MB -> 13.765 MB.
====== finagle-http (web) [default], iteration 71 completed (14240.084 ms) ======
====== finagle-http (web) [default], iteration 72 started ======
GC before operation: completed in 117.739 ms, heap usage 63.198 MB -> 13.747 MB.
====== finagle-http (web) [default], iteration 72 completed (14291.454 ms) ======
====== finagle-http (web) [default], iteration 73 started ======
GC before operation: completed in 121.588 ms, heap usage 60.398 MB -> 13.763 MB.
====== finagle-http (web) [default], iteration 73 completed (14317.574 ms) ======
====== finagle-http (web) [default], iteration 74 started ======
GC before operation: completed in 119.687 ms, heap usage 60.553 MB -> 13.768 MB.
====== finagle-http (web) [default], iteration 74 completed (14330.247 ms) ======
====== finagle-http (web) [default], iteration 75 started ======
GC before operation: completed in 119.214 ms, heap usage 32.832 MB -> 13.767 MB.
====== finagle-http (web) [default], iteration 75 completed (14279.847 ms) ======
====== finagle-http (web) [default], iteration 76 started ======
GC before operation: completed in 120.805 ms, heap usage 20.190 MB -> 13.759 MB.
====== finagle-http (web) [default], iteration 76 completed (14214.902 ms) ======
====== finagle-http (web) [default], iteration 77 started ======
GC before operation: completed in 119.689 ms, heap usage 56.071 MB -> 13.782 MB.
====== finagle-http (web) [default], iteration 77 completed (14250.864 ms) ======
====== finagle-http (web) [default], iteration 78 started ======
GC before operation: completed in 122.176 ms, heap usage 66.323 MB -> 13.754 MB.
====== finagle-http (web) [default], iteration 78 completed (14160.796 ms) ======
====== finagle-http (web) [default], iteration 79 started ======
GC before operation: completed in 121.161 ms, heap usage 15.614 MB -> 13.766 MB.
====== finagle-http (web) [default], iteration 79 completed (14236.162 ms) ======
====== finagle-http (web) [default], iteration 80 started ======
GC before operation: completed in 120.330 ms, heap usage 83.213 MB -> 13.767 MB.
====== finagle-http (web) [default], iteration 80 completed (14241.408 ms) ======
====== finagle-http (web) [default], iteration 81 started ======
GC before operation: completed in 120.783 ms, heap usage 43.578 MB -> 13.798 MB.
====== finagle-http (web) [default], iteration 81 completed (13915.858 ms) ======
====== finagle-http (web) [default], iteration 82 started ======
GC before operation: completed in 116.985 ms, heap usage 67.745 MB -> 13.811 MB.
====== finagle-http (web) [default], iteration 82 completed (13902.718 ms) ======
====== finagle-http (web) [default], iteration 83 started ======
GC before operation: completed in 121.116 ms, heap usage 49.715 MB -> 13.808 MB.
====== finagle-http (web) [default], iteration 83 completed (13988.290 ms) ======
====== finagle-http (web) [default], iteration 84 started ======
GC before operation: completed in 124.540 ms, heap usage 19.886 MB -> 13.760 MB.
====== finagle-http (web) [default], iteration 84 completed (13748.174 ms) ======
====== finagle-http (web) [default], iteration 85 started ======
GC before operation: completed in 119.829 ms, heap usage 28.457 MB -> 13.966 MB.
====== finagle-http (web) [default], iteration 85 completed (13587.246 ms) ======
====== finagle-http (web) [default], iteration 86 started ======
GC before operation: completed in 118.152 ms, heap usage 17.869 MB -> 13.770 MB.
====== finagle-http (web) [default], iteration 86 completed (13343.709 ms) ======
====== finagle-http (web) [default], iteration 87 started ======
GC before operation: completed in 120.799 ms, heap usage 50.310 MB -> 13.756 MB.
====== finagle-http (web) [default], iteration 87 completed (13497.672 ms) ======
====== finagle-http (web) [default], iteration 88 started ======
GC before operation: completed in 122.392 ms, heap usage 60.426 MB -> 13.774 MB.
====== finagle-http (web) [default], iteration 88 completed (13998.255 ms) ======
====== finagle-http (web) [default], iteration 89 started ======
GC before operation: completed in 119.002 ms, heap usage 32.292 MB -> 13.927 MB.
====== finagle-http (web) [default], iteration 89 completed (14031.451 ms) ======
====== finagle-http (web) [default], iteration 90 started ======
GC before operation: completed in 120.959 ms, heap usage 18.862 MB -> 13.814 MB.
====== finagle-http (web) [default], iteration 90 completed (14011.200 ms) ======
====== finagle-http (web) [default], iteration 91 started ======
GC before operation: completed in 119.705 ms, heap usage 65.516 MB -> 13.817 MB.
====== finagle-http (web) [default], iteration 91 completed (14078.652 ms) ======
====== finagle-http (web) [default], iteration 92 started ======
GC before operation: completed in 121.851 ms, heap usage 16.316 MB -> 13.809 MB.
====== finagle-http (web) [default], iteration 92 completed (14080.295 ms) ======
====== finagle-http (web) [default], iteration 93 started ======
GC before operation: completed in 120.590 ms, heap usage 65.152 MB -> 13.809 MB.
====== finagle-http (web) [default], iteration 93 completed (14030.488 ms) ======
====== finagle-http (web) [default], iteration 94 started ======
GC before operation: completed in 119.046 ms, heap usage 26.791 MB -> 13.848 MB.
====== finagle-http (web) [default], iteration 94 completed (14096.188 ms) ======
====== finagle-http (web) [default], iteration 95 started ======
GC before operation: completed in 116.404 ms, heap usage 28.175 MB -> 13.822 MB.
====== finagle-http (web) [default], iteration 95 completed (14049.342 ms) ======
====== finagle-http (web) [default], iteration 96 started ======
GC before operation: completed in 121.853 ms, heap usage 73.912 MB -> 13.846 MB.
====== finagle-http (web) [default], iteration 96 completed (14144.038 ms) ======
====== finagle-http (web) [default], iteration 97 started ======
GC before operation: completed in 119.967 ms, heap usage 17.010 MB -> 13.807 MB.
====== finagle-http (web) [default], iteration 97 completed (14110.156 ms) ======
====== finagle-http (web) [default], iteration 98 started ======
GC before operation: completed in 131.551 ms, heap usage 33.355 MB -> 13.821 MB.
====== finagle-http (web) [default], iteration 98 completed (14024.315 ms) ======
====== finagle-http (web) [default], iteration 99 started ======
GC before operation: completed in 121.724 ms, heap usage 19.982 MB -> 13.811 MB.
====== finagle-http (web) [default], iteration 99 completed (13892.413 ms) ======
Master port: 32839
Cache ports: 45719, 42229, 37445, 42861
====== finagle-chirper (web) [default], iteration 0 started ======
Resetting master, feed map size: 5000
GC before operation: completed in 207.635 ms, heap usage 74.241 MB -> 21.325 MB.
WARNING: This benchmark provides no result that can be validated.
There is no way to check that no silent failure occurred.
====== finagle-chirper (web) [default], iteration 0 completed (45801.040 ms) ======
====== finagle-chirper (web) [default], iteration 1 started ======
Resetting master, feed map size: 5000
GC before operation: completed in 247.551 ms, heap usage 72.858 MB -> 24.046 MB.
WARNING: This benchmark provides no result that can be validated.
There is no way to check that no silent failure occurred.
====== finagle-chirper (web) [default], iteration 1 completed (22579.892 ms) ======
====== finagle-chirper (web) [default], iteration 2 started ======
Resetting master, feed map size: 5000
GC before operation: completed in 227.397 ms, heap usage 131.587 MB -> 24.273 MB.
WARNING: This benchmark provides no result that can be validated.
There is no way to check that no silent failure occurred.
====== finagle-chirper (web) [default], iteration 2 completed (25802.628 ms) ======
====== finagle-chirper (web) [default], iteration 3 started ======
Resetting master, feed map size: 5000
GC before operation: completed in 177.771 ms, heap usage 96.018 MB -> 24.069 MB.
WARNING: This benchmark provides no result that can be validated.
There is no way to check that no silent failure occurred.
====== finagle-chirper (web) [default], iteration 3 completed (14024.641 ms) ======
====== finagle-chirper (web) [default], iteration 4 started ======
Resetting master, feed map size: 5000
GC before operation: completed in 181.598 ms, heap usage 56.285 MB -> 24.272 MB.
WARNING: This benchmark provides no result that can be validated.
There is no way to check that no silent failure occurred.
====== finagle-chirper (web) [default], iteration 4 completed (14437.559 ms) ======
====== finagle-chirper (web) [default], iteration 5 started ======
Resetting master, feed map size: 5000
GC before operation: completed in 206.842 ms, heap usage 91.363 MB -> 24.309 MB.
WARNING: This benchmark provides no result that can be validated.
There is no way to check that no silent failure occurred.
====== finagle-chirper (web) [default], iteration 5 completed (13757.070 ms) ======
====== finagle-chirper (web) [default], iteration 6 started ======
Resetting master, feed map size: 5000
GC before operation: completed in 181.057 ms, heap usage 123.256 MB -> 24.296 MB.
WARNING: This benchmark provides no result that can be validated.
There is no way to check that no silent failure occurred.
====== finagle-chirper (web) [default], iteration 6 completed (13422.280 ms) ======
====== finagle-chirper (web) [default], iteration 7 started ======
Resetting master, feed map size: 5000
GC before operation: completed in 185.666 ms, heap usage 132.029 MB -> 24.295 MB.
WARNING: This benchmark provides no result that can be validated.
There is no way to check that no silent failure occurred.
====== finagle-chirper (web) [default], iteration 7 completed (13040.344 ms) ======
====== finagle-chirper (web) [default], iteration 8 started ======
Resetting master, feed map size: 5000
GC before operation: completed in 187.251 ms, heap usage 107.043 MB -> 24.301 MB.
WARNING: This benchmark provides no result that can be validated.
There is no way to check that no silent failure occurred.
====== finagle-chirper (web) [default], iteration 8 completed (13208.427 ms) ======
====== finagle-chirper (web) [default], iteration 9 started ======
Resetting master, feed map size: 5000
GC before operation: completed in 185.770 ms, heap usage 98.767 MB -> 24.303 MB.
WARNING: This benchmark provides no result that can be validated.
There is no way to check that no silent failure occurred.
====== finagle-chirper (web) [default], iteration 9 completed (12826.051 ms) ======
====== finagle-chirper (web) [default], iteration 10 started ======
Resetting master, feed map size: 5000
GC before operation: completed in 192.013 ms, heap usage 96.712 MB -> 24.309 MB.
WARNING: This benchmark provides no result that can be validated.
There is no way to check that no silent failure occurred.
====== finagle-chirper (web) [default], iteration 10 completed (12768.582 ms) ======
====== finagle-chirper (web) [default], iteration 11 started ======
Resetting master, feed map size: 5000
GC before operation: completed in 189.195 ms, heap usage 122.778 MB -> 24.311 MB.
WARNING: This benchmark provides no result that can be validated.
There is no way to check that no silent failure occurred.
====== finagle-chirper (web) [default], iteration 11 completed (12689.030 ms) ======
====== finagle-chirper (web) [default], iteration 12 started ======
Resetting master, feed map size: 5000
GC before operation: completed in 217.168 ms, heap usage 37.757 MB -> 24.315 MB.
WARNING: This benchmark provides no result that can be validated.
There is no way to check that no silent failure occurred.
====== finagle-chirper (web) [default], iteration 12 completed (12837.186 ms) ======
====== finagle-chirper (web) [default], iteration 13 started ======
Resetting master, feed map size: 5000
GC before operation: completed in 190.418 ms, heap usage 51.567 MB -> 24.315 MB.
WARNING: This benchmark provides no result that can be validated.
There is no way to check that no silent failure occurred.
====== finagle-chirper (web) [default], iteration 13 completed (12441.160 ms) ======
====== finagle-chirper (web) [default], iteration 14 started ======
Resetting master, feed map size: 5000
GC before operation: completed in 199.942 ms, heap usage 40.914 MB -> 24.324 MB.
WARNING: This benchmark provides no result that can be validated.
There is no way to check that no silent failure occurred.
====== finagle-chirper (web) [default], iteration 14 completed (12296.674 ms) ======
====== finagle-chirper (web) [default], iteration 15 started ======
Resetting master, feed map size: 5000
GC before operation: completed in 199.391 ms, heap usage 119.771 MB -> 24.318 MB.
WARNING: This benchmark provides no result that can be validated.
There is no way to check that no silent failure occurred.
====== finagle-chirper (web) [default], iteration 15 completed (12394.473 ms) ======
====== finagle-chirper (web) [default], iteration 16 started ======
Resetting master, feed map size: 5000
GC before operation: completed in 194.651 ms, heap usage 33.658 MB -> 24.324 MB.
WARNING: This benchmark provides no result that can be validated.
There is no way to check that no silent failure occurred.
====== finagle-chirper (web) [default], iteration 16 completed (12194.256 ms) ======
====== finagle-chirper (web) [default], iteration 17 started ======
Resetting master, feed map size: 5000
GC before operation: completed in 194.952 ms, heap usage 50.660 MB -> 24.325 MB.
WARNING: This benchmark provides no result that can be validated.
There is no way to check that no silent failure occurred.
====== finagle-chirper (web) [default], iteration 17 completed (11970.823 ms) ======
====== finagle-chirper (web) [default], iteration 18 started ======
Resetting master, feed map size: 5000
GC before operation: completed in 205.162 ms, heap usage 101.126 MB -> 24.329 MB.
WARNING: This benchmark provides no result that can be validated.
There is no way to check that no silent failure occurred.
====== finagle-chirper (web) [default], iteration 18 completed (11672.238 ms) ======
====== finagle-chirper (web) [default], iteration 19 started ======
Resetting master, feed map size: 5000
GC before operation: completed in 201.419 ms, heap usage 66.172 MB -> 24.340 MB.
WARNING: This benchmark provides no result that can be validated.
There is no way to check that no silent failure occurred.
====== finagle-chirper (web) [default], iteration 19 completed (11892.724 ms) ======
====== finagle-chirper (web) [default], iteration 20 started ======
Resetting master, feed map size: 5000
GC before operation: completed in 208.799 ms, heap usage 118.859 MB -> 24.333 MB.
WARNING: This benchmark provides no result that can be validated.
There is no way to check that no silent failure occurred.
====== finagle-chirper (web) [default], iteration 20 completed (11792.587 ms) ======
====== finagle-chirper (web) [default], iteration 21 started ======
Resetting master, feed map size: 5000
GC before operation: completed in 196.725 ms, heap usage 56.874 MB -> 24.338 MB.
WARNING: This benchmark provides no result that can be validated.
There is no way to check that no silent failure occurred.
====== finagle-chirper (web) [default], iteration 21 completed (11837.675 ms) ======
====== finagle-chirper (web) [default], iteration 22 started ======
Resetting master, feed map size: 5000
GC before operation: completed in 205.459 ms, heap usage 109.729 MB -> 24.340 MB.
WARNING: This benchmark provides no result that can be validated.
There is no way to check that no silent failure occurred.
====== finagle-chirper (web) [default], iteration 22 completed (11834.475 ms) ======
====== finagle-chirper (web) [default], iteration 23 started ======
Resetting master, feed map size: 5000
GC before operation: completed in 201.190 ms, heap usage 68.587 MB -> 24.333 MB.
WARNING: This benchmark provides no result that can be validated.
There is no way to check that no silent failure occurred.
====== finagle-chirper (web) [default], iteration 23 completed (11744.611 ms) ======
====== finagle-chirper (web) [default], iteration 24 started ======
Resetting master, feed map size: 5000
GC before operation: completed in 205.441 ms, heap usage 39.316 MB -> 24.336 MB.
WARNING: This benchmark provides no result that can be validated.
There is no way to check that no silent failure occurred.
====== finagle-chirper (web) [default], iteration 24 completed (11552.657 ms) ======
====== finagle-chirper (web) [default], iteration 25 started ======
Resetting master, feed map size: 5000
GC before operation: completed in 206.702 ms, heap usage 130.571 MB -> 24.331 MB.
WARNING: This benchmark provides no result that can be validated.
There is no way to check that no silent failure occurred.
====== finagle-chirper (web) [default], iteration 25 completed (11710.365 ms) ======
====== finagle-chirper (web) [default], iteration 26 started ======
Resetting master, feed map size: 5000
GC before operation: completed in 204.561 ms, heap usage 103.658 MB -> 24.339 MB.
WARNING: This benchmark provides no result that can be validated.
There is no way to check that no silent failure occurred.
====== finagle-chirper (web) [default], iteration 26 completed (11841.509 ms) ======
====== finagle-chirper (web) [default], iteration 27 started ======
Resetting master, feed map size: 5000
GC before operation: completed in 200.318 ms, heap usage 58.074 MB -> 24.344 MB.
WARNING: This benchmark provides no result that can be validated.
There is no way to check that no silent failure occurred.
====== finagle-chirper (web) [default], iteration 27 completed (11861.825 ms) ======
====== finagle-chirper (web) [default], iteration 28 started ======
Resetting master, feed map size: 5000
GC before operation: completed in 211.084 ms, heap usage 127.089 MB -> 24.341 MB.
WARNING: This benchmark provides no result that can be validated.
There is no way to check that no silent failure occurred.
====== finagle-chirper (web) [default], iteration 28 completed (11489.567 ms) ======
====== finagle-chirper (web) [default], iteration 29 started ======
Resetting master, feed map size: 5000
GC before operation: completed in 204.925 ms, heap usage 75.865 MB -> 24.341 MB.
WARNING: This benchmark provides no result that can be validated.
There is no way to check that no silent failure occurred.
====== finagle-chirper (web) [default], iteration 29 completed (11021.422 ms) ======
====== finagle-chirper (web) [default], iteration 30 started ======
Resetting master, feed map size: 5000
GC before operation: completed in 204.324 ms, heap usage 95.070 MB -> 24.347 MB.
WARNING: This benchmark provides no result that can be validated.
There is no way to check that no silent failure occurred.
====== finagle-chirper (web) [default], iteration 30 completed (11218.851 ms) ======
====== finagle-chirper (web) [default], iteration 31 started ======
Resetting master, feed map size: 5000
GC before operation: completed in 200.238 ms, heap usage 61.205 MB -> 24.343 MB.
WARNING: This benchmark provides no result that can be validated.
There is no way to check that no silent failure occurred.
====== finagle-chirper (web) [default], iteration 31 completed (11134.347 ms) ======
====== finagle-chirper (web) [default], iteration 32 started ======
Resetting master, feed map size: 5000
GC before operation: completed in 199.361 ms, heap usage 39.617 MB -> 24.346 MB.
WARNING: This benchmark provides no result that can be validated.
There is no way to check that no silent failure occurred.
====== finagle-chirper (web) [default], iteration 32 completed (11401.360 ms) ======
====== finagle-chirper (web) [default], iteration 33 started ======
Resetting master, feed map size: 5000
GC before operation: completed in 200.352 ms, heap usage 28.427 MB -> 24.347 MB.
WARNING: This benchmark provides no result that can be validated.
There is no way to check that no silent failure occurred.
====== finagle-chirper (web) [default], iteration 33 completed (11116.018 ms) ======
====== finagle-chirper (web) [default], iteration 34 started ======
Resetting master, feed map size: 5000
GC before operation: completed in 196.047 ms, heap usage 54.457 MB -> 24.350 MB.
WARNING: This benchmark provides no result that can be validated.
There is no way to check that no silent failure occurred.
====== finagle-chirper (web) [default], iteration 34 completed (11131.575 ms) ======
====== finagle-chirper (web) [default], iteration 35 started ======
Resetting master, feed map size: 5000
GC before operation: completed in 193.153 ms, heap usage 51.955 MB -> 24.216 MB.
WARNING: This benchmark provides no result that can be validated.
There is no way to check that no silent failure occurred.
====== finagle-chirper (web) [default], iteration 35 completed (11106.875 ms) ======
====== finagle-chirper (web) [default], iteration 36 started ======
Resetting master, feed map size: 5000
GC before operation: completed in 192.872 ms, heap usage 33.561 MB -> 24.351 MB.
WARNING: This benchmark provides no result that can be validated.
There is no way to check that no silent failure occurred.
====== finagle-chirper (web) [default], iteration 36 completed (11780.295 ms) ======
====== finagle-chirper (web) [default], iteration 37 started ======
Resetting master, feed map size: 5000
GC before operation: completed in 200.404 ms, heap usage 79.691 MB -> 24.350 MB.
WARNING: This benchmark provides no result that can be validated.
There is no way to check that no silent failure occurred.
====== finagle-chirper (web) [default], iteration 37 completed (11079.444 ms) ======
====== finagle-chirper (web) [default], iteration 38 started ======
Resetting master, feed map size: 5000
GC before operation: completed in 222.349 ms, heap usage 58.657 MB -> 24.354 MB.
WARNING: This benchmark provides no result that can be validated.
There is no way to check that no silent failure occurred.
====== finagle-chirper (web) [default], iteration 38 completed (11013.571 ms) ======
====== finagle-chirper (web) [default], iteration 39 started ======
Resetting master, feed map size: 5000
GC before operation: completed in 201.859 ms, heap usage 120.247 MB -> 24.359 MB.
WARNING: This benchmark provides no result that can be validated.
There is no way to check that no silent failure occurred.
====== finagle-chirper (web) [default], iteration 39 completed (11151.290 ms) ======
====== finagle-chirper (web) [default], iteration 40 started ======
Resetting master, feed map size: 5000
GC before operation: completed in 204.484 ms, heap usage 61.809 MB -> 24.216 MB.
WARNING: This benchmark provides no result that can be validated.
There is no way to check that no silent failure occurred.
====== finagle-chirper (web) [default], iteration 40 completed (11149.444 ms) ======
====== finagle-chirper (web) [default], iteration 41 started ======
Resetting master, feed map size: 5000
GC before operation: completed in 202.222 ms, heap usage 120.515 MB -> 24.301 MB.
WARNING: This benchmark provides no result that can be validated.
There is no way to check that no silent failure occurred.
====== finagle-chirper (web) [default], iteration 41 completed (10992.051 ms) ======
====== finagle-chirper (web) [default], iteration 42 started ======
Resetting master, feed map size: 5000
GC before operation: completed in 218.082 ms, heap usage 101.310 MB -> 24.223 MB.
WARNING: This benchmark provides no result that can be validated.
There is no way to check that no silent failure occurred.
====== finagle-chirper (web) [default], iteration 42 completed (11155.539 ms) ======
====== finagle-chirper (web) [default], iteration 43 started ======
Resetting master, feed map size: 5000
GC before operation: completed in 215.962 ms, heap usage 41.473 MB -> 24.064 MB.
WARNING: This benchmark provides no result that can be validated.
There is no way to check that no silent failure occurred.
====== finagle-chirper (web) [default], iteration 43 completed (11210.665 ms) ======
====== finagle-chirper (web) [default], iteration 44 started ======
Resetting master, feed map size: 5000
GC before operation: completed in 203.619 ms, heap usage 140.215 MB -> 24.058 MB.
WARNING: This benchmark provides no result that can be validated.
There is no way to check that no silent failure occurred.
====== finagle-chirper (web) [default], iteration 44 completed (11277.878 ms) ======
====== finagle-chirper (web) [default], iteration 45 started ======
Resetting master, feed map size: 5000
GC before operation: completed in 203.231 ms, heap usage 121.788 MB -> 24.063 MB.
WARNING: This benchmark provides no result that can be validated.
There is no way to check that no silent failure occurred.
====== finagle-chirper (web) [default], iteration 45 completed (11128.539 ms) ======
====== finagle-chirper (web) [default], iteration 46 started ======
Resetting master, feed map size: 5000
GC before operation: completed in 199.369 ms, heap usage 92.941 MB -> 24.057 MB.
WARNING: This benchmark provides no result that can be validated.
There is no way to check that no silent failure occurred.
====== finagle-chirper (web) [default], iteration 46 completed (11099.828 ms) ======
====== finagle-chirper (web) [default], iteration 47 started ======
Resetting master, feed map size: 5000
GC before operation: completed in 200.369 ms, heap usage 87.503 MB -> 24.061 MB.
WARNING: This benchmark provides no result that can be validated.
There is no way to check that no silent failure occurred.
====== finagle-chirper (web) [default], iteration 47 completed (11204.194 ms) ======
====== finagle-chirper (web) [default], iteration 48 started ======
Resetting master, feed map size: 5000
GC before operation: completed in 197.796 ms, heap usage 60.142 MB -> 24.061 MB.
WARNING: This benchmark provides no result that can be validated.
There is no way to check that no silent failure occurred.
====== finagle-chirper (web) [default], iteration 48 completed (11372.937 ms) ======
====== finagle-chirper (web) [default], iteration 49 started ======
Resetting master, feed map size: 5000
GC before operation: completed in 199.231 ms, heap usage 80.386 MB -> 24.058 MB.
WARNING: This benchmark provides no result that can be validated.
There is no way to check that no silent failure occurred.
====== finagle-chirper (web) [default], iteration 49 completed (11063.508 ms) ======
====== finagle-chirper (web) [default], iteration 50 started ======
Resetting master, feed map size: 5000
GC before operation: completed in 201.202 ms, heap usage 53.729 MB -> 23.919 MB.
WARNING: This benchmark provides no result that can be validated.
There is no way to check that no silent failure occurred.
====== finagle-chirper (web) [default], iteration 50 completed (10938.621 ms) ======
====== finagle-chirper (web) [default], iteration 51 started ======
Resetting master, feed map size: 5000
GC before operation: completed in 202.667 ms, heap usage 95.499 MB -> 24.061 MB.
WARNING: This benchmark provides no result that can be validated.
There is no way to check that no silent failure occurred.
====== finagle-chirper (web) [default], iteration 51 completed (11243.485 ms) ======
====== finagle-chirper (web) [default], iteration 52 started ======
Resetting master, feed map size: 5000
GC before operation: completed in 208.988 ms, heap usage 123.148 MB -> 24.062 MB.
WARNING: This benchmark provides no result that can be validated.
There is no way to check that no silent failure occurred.
====== finagle-chirper (web) [default], iteration 52 completed (11059.669 ms) ======
====== finagle-chirper (web) [default], iteration 53 started ======
Resetting master, feed map size: 5000
GC before operation: completed in 201.680 ms, heap usage 75.071 MB -> 23.918 MB.
WARNING: This benchmark provides no result that can be validated.
There is no way to check that no silent failure occurred.
====== finagle-chirper (web) [default], iteration 53 completed (11180.956 ms) ======
====== finagle-chirper (web) [default], iteration 54 started ======
Resetting master, feed map size: 5000
GC before operation: completed in 206.440 ms, heap usage 54.866 MB -> 24.061 MB.
WARNING: This benchmark provides no result that can be validated.
There is no way to check that no silent failure occurred.
====== finagle-chirper (web) [default], iteration 54 completed (11039.991 ms) ======
====== finagle-chirper (web) [default], iteration 55 started ======
Resetting master, feed map size: 5000
GC before operation: completed in 203.468 ms, heap usage 137.868 MB -> 24.064 MB.
WARNING: This benchmark provides no result that can be validated.
There is no way to check that no silent failure occurred.
====== finagle-chirper (web) [default], iteration 55 completed (10914.473 ms) ======
====== finagle-chirper (web) [default], iteration 56 started ======
Resetting master, feed map size: 5000
GC before operation: completed in 203.781 ms, heap usage 114.413 MB -> 24.062 MB.
WARNING: This benchmark provides no result that can be validated.
There is no way to check that no silent failure occurred.
====== finagle-chirper (web) [default], iteration 56 completed (11101.201 ms) ======
====== finagle-chirper (web) [default], iteration 57 started ======
Resetting master, feed map size: 5000
GC before operation: completed in 202.705 ms, heap usage 85.934 MB -> 23.923 MB.
WARNING: This benchmark provides no result that can be validated.
There is no way to check that no silent failure occurred.
====== finagle-chirper (web) [default], iteration 57 completed (11102.643 ms) ======
====== finagle-chirper (web) [default], iteration 58 started ======
Resetting master, feed map size: 5000
GC before operation: completed in 203.749 ms, heap usage 44.318 MB -> 24.060 MB.
WARNING: This benchmark provides no result that can be validated.
There is no way to check that no silent failure occurred.
====== finagle-chirper (web) [default], iteration 58 completed (10915.395 ms) ======
====== finagle-chirper (web) [default], iteration 59 started ======
Resetting master, feed map size: 5000
GC before operation: completed in 208.585 ms, heap usage 126.643 MB -> 24.060 MB.
WARNING: This benchmark provides no result that can be validated.
There is no way to check that no silent failure occurred.
====== finagle-chirper (web) [default], iteration 59 completed (10774.088 ms) ======
====== finagle-chirper (web) [default], iteration 60 started ======
Resetting master, feed map size: 5000
GC before operation: completed in 204.022 ms, heap usage 85.839 MB -> 23.918 MB.
WARNING: This benchmark provides no result that can be validated.
There is no way to check that no silent failure occurred.
====== finagle-chirper (web) [default], iteration 60 completed (10873.876 ms) ======
====== finagle-chirper (web) [default], iteration 61 started ======
Resetting master, feed map size: 5000
GC before operation: completed in 208.938 ms, heap usage 126.152 MB -> 24.061 MB.
WARNING: This benchmark provides no result that can be validated.
There is no way to check that no silent failure occurred.
====== finagle-chirper (web) [default], iteration 61 completed (10864.549 ms) ======
====== finagle-chirper (web) [default], iteration 62 started ======
Resetting master, feed map size: 5000
GC before operation: completed in 203.015 ms, heap usage 121.277 MB -> 24.069 MB.
WARNING: This benchmark provides no result that can be validated.
There is no way to check that no silent failure occurred.
====== finagle-chirper (web) [default], iteration 62 completed (10988.113 ms) ======
====== finagle-chirper (web) [default], iteration 63 started ======
Resetting master, feed map size: 5000
GC before operation: completed in 203.115 ms, heap usage 55.774 MB -> 23.933 MB.
WARNING: This benchmark provides no result that can be validated.
There is no way to check that no silent failure occurred.
====== finagle-chirper (web) [default], iteration 63 completed (10793.824 ms) ======
====== finagle-chirper (web) [default], iteration 64 started ======
Resetting master, feed map size: 5000
GC before operation: completed in 204.186 ms, heap usage 29.947 MB -> 24.015 MB.
WARNING: This benchmark provides no result that can be validated.
There is no way to check that no silent failure occurred.
====== finagle-chirper (web) [default], iteration 64 completed (10749.939 ms) ======
====== finagle-chirper (web) [default], iteration 65 started ======
Resetting master, feed map size: 5000
GC before operation: completed in 202.190 ms, heap usage 66.161 MB -> 23.836 MB.
WARNING: This benchmark provides no result that can be validated.
There is no way to check that no silent failure occurred.
====== finagle-chirper (web) [default], iteration 65 completed (11073.894 ms) ======
====== finagle-chirper (web) [default], iteration 66 started ======
Resetting master, feed map size: 5000
GC before operation: completed in 224.638 ms, heap usage 121.379 MB -> 24.035 MB.
WARNING: This benchmark provides no result that can be validated.
There is no way to check that no silent failure occurred.
====== finagle-chirper (web) [default], iteration 66 completed (10670.104 ms) ======
====== finagle-chirper (web) [default], iteration 67 started ======
Resetting master, feed map size: 5000
GC before operation: completed in 221.968 ms, heap usage 40.380 MB -> 24.013 MB.
WARNING: This benchmark provides no result that can be validated.
There is no way to check that no silent failure occurred.
====== finagle-chirper (web) [default], iteration 67 completed (10628.413 ms) ======
====== finagle-chirper (web) [default], iteration 68 started ======
Resetting master, feed map size: 5000
GC before operation: completed in 204.670 ms, heap usage 91.299 MB -> 23.210 MB.
WARNING: This benchmark provides no result that can be validated.
There is no way to check that no silent failure occurred.
====== finagle-chirper (web) [default], iteration 68 completed (10707.366 ms) ======
====== finagle-chirper (web) [default], iteration 69 started ======
Resetting master, feed map size: 5000
GC before operation: completed in 207.495 ms, heap usage 132.002 MB -> 23.185 MB.
WARNING: This benchmark provides no result that can be validated.
There is no way to check that no silent failure occurred.
====== finagle-chirper (web) [default], iteration 69 completed (10483.256 ms) ======
====== finagle-chirper (web) [default], iteration 70 started ======
Resetting master, feed map size: 5000
GC before operation: completed in 200.782 ms, heap usage 67.691 MB -> 23.186 MB.
WARNING: This benchmark provides no result that can be validated.
There is no way to check that no silent failure occurred.
====== finagle-chirper (web) [default], iteration 70 completed (10669.442 ms) ======
====== finagle-chirper (web) [default], iteration 71 started ======
Resetting master, feed map size: 5000
GC before operation: completed in 201.223 ms, heap usage 62.417 MB -> 23.256 MB.
WARNING: This benchmark provides no result that can be validated.
There is no way to check that no silent failure occurred.
====== finagle-chirper (web) [default], iteration 71 completed (10639.366 ms) ======
====== finagle-chirper (web) [default], iteration 72 started ======
Resetting master, feed map size: 5000
GC before operation: completed in 202.024 ms, heap usage 121.679 MB -> 23.055 MB.
WARNING: This benchmark provides no result that can be validated.
There is no way to check that no silent failure occurred.
====== finagle-chirper (web) [default], iteration 72 completed (10300.329 ms) ======
====== finagle-chirper (web) [default], iteration 73 started ======
Resetting master, feed map size: 5000
GC before operation: completed in 202.081 ms, heap usage 117.416 MB -> 23.204 MB.
WARNING: This benchmark provides no result that can be validated.
There is no way to check that no silent failure occurred.
====== finagle-chirper (web) [default], iteration 73 completed (10447.790 ms) ======
====== finagle-chirper (web) [default], iteration 74 started ======
Resetting master, feed map size: 5000
GC before operation: completed in 201.527 ms, heap usage 50.645 MB -> 23.260 MB.
WARNING: This benchmark provides no result that can be validated.
There is no way to check that no silent failure occurred.
====== finagle-chirper (web) [default], iteration 74 completed (10316.063 ms) ======
====== finagle-chirper (web) [default], iteration 75 started ======
Resetting master, feed map size: 5000
GC before operation: completed in 201.823 ms, heap usage 65.524 MB -> 23.149 MB.
WARNING: This benchmark provides no result that can be validated.
There is no way to check that no silent failure occurred.
====== finagle-chirper (web) [default], iteration 75 completed (10338.440 ms) ======
====== finagle-chirper (web) [default], iteration 76 started ======
Resetting master, feed map size: 5000
GC before operation: completed in 205.010 ms, heap usage 110.031 MB -> 23.061 MB.
WARNING: This benchmark provides no result that can be validated.
There is no way to check that no silent failure occurred.
====== finagle-chirper (web) [default], iteration 76 completed (10569.030 ms) ======
====== finagle-chirper (web) [default], iteration 77 started ======
Resetting master, feed map size: 5000
GC before operation: completed in 201.443 ms, heap usage 81.434 MB -> 23.088 MB.
WARNING: This benchmark provides no result that can be validated.
There is no way to check that no silent failure occurred.
====== finagle-chirper (web) [default], iteration 77 completed (10873.680 ms) ======
====== finagle-chirper (web) [default], iteration 78 started ======
Resetting master, feed map size: 5000
GC before operation: completed in 202.827 ms, heap usage 68.058 MB -> 23.352 MB.
WARNING: This benchmark provides no result that can be validated.
There is no way to check that no silent failure occurred.
====== finagle-chirper (web) [default], iteration 78 completed (10496.604 ms) ======
====== finagle-chirper (web) [default], iteration 79 started ======
Resetting master, feed map size: 5000
GC before operation: completed in 204.889 ms, heap usage 134.758 MB -> 23.152 MB.
WARNING: This benchmark provides no result that can be validated.
There is no way to check that no silent failure occurred.
====== finagle-chirper (web) [default], iteration 79 completed (10392.384 ms) ======
====== finagle-chirper (web) [default], iteration 80 started ======
Resetting master, feed map size: 5000
GC before operation: completed in 203.763 ms, heap usage 38.584 MB -> 23.266 MB.
WARNING: This benchmark provides no result that can be validated.
There is no way to check that no silent failure occurred.
====== finagle-chirper (web) [default], iteration 80 completed (10273.650 ms) ======
====== finagle-chirper (web) [default], iteration 81 started ======
Resetting master, feed map size: 5000
GC before operation: completed in 203.756 ms, heap usage 101.506 MB -> 23.153 MB.
WARNING: This benchmark provides no result that can be validated.
There is no way to check that no silent failure occurred.
====== finagle-chirper (web) [default], iteration 81 completed (10385.986 ms) ======
====== finagle-chirper (web) [default], iteration 82 started ======
Resetting master, feed map size: 5000
GC before operation: completed in 198.138 ms, heap usage 26.265 MB -> 23.182 MB.
WARNING: This benchmark provides no result that can be validated.
There is no way to check that no silent failure occurred.
====== finagle-chirper (web) [default], iteration 82 completed (10324.703 ms) ======
====== finagle-chirper (web) [default], iteration 83 started ======
Resetting master, feed map size: 5000
GC before operation: completed in 204.676 ms, heap usage 56.505 MB -> 23.241 MB.
WARNING: This benchmark provides no result that can be validated.
There is no way to check that no silent failure occurred.
====== finagle-chirper (web) [default], iteration 83 completed (10346.163 ms) ======
====== finagle-chirper (web) [default], iteration 84 started ======
Resetting master, feed map size: 5000
GC before operation: completed in 206.533 ms, heap usage 100.365 MB -> 23.328 MB.
WARNING: This benchmark provides no result that can be validated.
There is no way to check that no silent failure occurred.
====== finagle-chirper (web) [default], iteration 84 completed (10577.693 ms) ======
====== finagle-chirper (web) [default], iteration 85 started ======
Resetting master, feed map size: 5000
GC before operation: completed in 212.088 ms, heap usage 80.346 MB -> 23.360 MB.
WARNING: This benchmark provides no result that can be validated.
There is no way to check that no silent failure occurred.
====== finagle-chirper (web) [default], iteration 85 completed (10390.754 ms) ======
====== finagle-chirper (web) [default], iteration 86 started ======
Resetting master, feed map size: 5000
GC before operation: completed in 206.848 ms, heap usage 71.582 MB -> 23.358 MB.
WARNING: This benchmark provides no result that can be validated.
There is no way to check that no silent failure occurred.
====== finagle-chirper (web) [default], iteration 86 completed (10423.192 ms) ======
====== finagle-chirper (web) [default], iteration 87 started ======
Resetting master, feed map size: 5000
GC before operation: completed in 207.780 ms, heap usage 104.672 MB -> 23.361 MB.
WARNING: This benchmark provides no result that can be validated.
There is no way to check that no silent failure occurred.
====== finagle-chirper (web) [default], iteration 87 completed (10432.662 ms) ======
====== finagle-chirper (web) [default], iteration 88 started ======
Resetting master, feed map size: 5000
GC before operation: completed in 206.859 ms, heap usage 77.802 MB -> 23.360 MB.
WARNING: This benchmark provides no result that can be validated.
There is no way to check that no silent failure occurred.
====== finagle-chirper (web) [default], iteration 88 completed (11147.934 ms) ======
====== finagle-chirper (web) [default], iteration 89 started ======
Resetting master, feed map size: 5000
GC before operation: completed in 215.250 ms, heap usage 119.365 MB -> 23.503 MB.
WARNING: This benchmark provides no result that can be validated.
There is no way to check that no silent failure occurred.
====== finagle-chirper (web) [default], iteration 89 completed (10481.271 ms) ======
====== finagle-chirper (web) [default], iteration 90 started ======
Resetting master, feed map size: 5000
GC before operation: completed in 208.126 ms, heap usage 89.581 MB -> 23.309 MB.
WARNING: This benchmark provides no result that can be validated.
There is no way to check that no silent failure occurred.
====== finagle-chirper (web) [default], iteration 90 completed (10693.098 ms) ======
====== finagle-chirper (web) [default], iteration 91 started ======
Resetting master, feed map size: 5000
GC before operation: completed in 204.995 ms, heap usage 138.764 MB -> 23.303 MB.
WARNING: This benchmark provides no result that can be validated.
There is no way to check that no silent failure occurred.
====== finagle-chirper (web) [default], iteration 91 completed (10589.448 ms) ======
====== finagle-chirper (web) [default], iteration 92 started ======
Resetting master, feed map size: 5000
GC before operation: completed in 203.647 ms, heap usage 64.893 MB -> 23.364 MB.
WARNING: This benchmark provides no result that can be validated.
There is no way to check that no silent failure occurred.
====== finagle-chirper (web) [default], iteration 92 completed (10702.435 ms) ======
====== finagle-chirper (web) [default], iteration 93 started ======
Resetting master, feed map size: 5000
GC before operation: completed in 206.324 ms, heap usage 40.261 MB -> 23.230 MB.
WARNING: This benchmark provides no result that can be validated.
There is no way to check that no silent failure occurred.
====== finagle-chirper (web) [default], iteration 93 completed (10399.678 ms) ======
====== finagle-chirper (web) [default], iteration 94 started ======
Resetting master, feed map size: 5000
GC before operation: completed in 205.380 ms, heap usage 34.655 MB -> 23.336 MB.
WARNING: This benchmark provides no result that can be validated.
There is no way to check that no silent failure occurred.
====== finagle-chirper (web) [default], iteration 94 completed (10457.189 ms) ======
====== finagle-chirper (web) [default], iteration 95 started ======
Resetting master, feed map size: 5000
GC before operation: completed in 206.269 ms, heap usage 64.531 MB -> 23.426 MB.
WARNING: This benchmark provides no result that can be validated.
There is no way to check that no silent failure occurred.
====== finagle-chirper (web) [default], iteration 95 completed (10588.678 ms) ======
====== finagle-chirper (web) [default], iteration 96 started ======
Resetting master, feed map size: 5000
GC before operation: completed in 224.478 ms, heap usage 32.940 MB -> 23.509 MB.
WARNING: This benchmark provides no result that can be validated.
There is no way to check that no silent failure occurred.
====== finagle-chirper (web) [default], iteration 96 completed (10612.113 ms) ======
====== finagle-chirper (web) [default], iteration 97 started ======
Resetting master, feed map size: 5000
GC before operation: completed in 209.693 ms, heap usage 75.552 MB -> 23.371 MB.
WARNING: This benchmark provides no result that can be validated.
There is no way to check that no silent failure occurred.
====== finagle-chirper (web) [default], iteration 97 completed (10716.555 ms) ======
====== finagle-chirper (web) [default], iteration 98 started ======
Resetting master, feed map size: 5000
GC before operation: completed in 216.786 ms, heap usage 135.478 MB -> 23.369 MB.
WARNING: This benchmark provides no result that can be validated.
There is no way to check that no silent failure occurred.
====== finagle-chirper (web) [default], iteration 98 completed (10366.035 ms) ======
====== finagle-chirper (web) [default], iteration 99 started ======
Resetting master, feed map size: 5000
GC before operation: completed in 203.356 ms, heap usage 46.335 MB -> 23.230 MB.
WARNING: This benchmark provides no result that can be validated.
There is no way to check that no silent failure occurred.
====== finagle-chirper (web) [default], iteration 99 completed (10412.426 ms) ======
