finagle-http on :45827 spawning 4 client and default number of server workers.
====== finagle-http (web) [default], iteration 0 started ======
GC before operation: completed in 70.431 ms, heap usage 19.503 MB -> 9.770 MB.
====== finagle-http (web) [default], iteration 0 completed (45967.720 ms) ======
====== finagle-http (web) [default], iteration 1 started ======
GC before operation: completed in 133.169 ms, heap usage 26.315 MB -> 13.717 MB.
====== finagle-http (web) [default], iteration 1 completed (25694.613 ms) ======
====== finagle-http (web) [default], iteration 2 started ======
GC before operation: completed in 120.942 ms, heap usage 46.379 MB -> 13.800 MB.
====== finagle-http (web) [default], iteration 2 completed (15584.319 ms) ======
====== finagle-http (web) [default], iteration 3 started ======
GC before operation: completed in 95.315 ms, heap usage 24.182 MB -> 13.793 MB.
====== finagle-http (web) [default], iteration 3 completed (14528.772 ms) ======
====== finagle-http (web) [default], iteration 4 started ======
GC before operation: completed in 128.376 ms, heap usage 17.794 MB -> 13.870 MB.
====== finagle-http (web) [default], iteration 4 completed (13993.767 ms) ======
====== finagle-http (web) [default], iteration 5 started ======
GC before operation: completed in 98.823 ms, heap usage 14.622 MB -> 13.853 MB.
====== finagle-http (web) [default], iteration 5 completed (13570.092 ms) ======
====== finagle-http (web) [default], iteration 6 started ======
GC before operation: completed in 100.685 ms, heap usage 17.243 MB -> 13.867 MB.
====== finagle-http (web) [default], iteration 6 completed (13955.663 ms) ======
====== finagle-http (web) [default], iteration 7 started ======
GC before operation: completed in 99.900 ms, heap usage 51.683 MB -> 13.863 MB.
====== finagle-http (web) [default], iteration 7 completed (14390.163 ms) ======
====== finagle-http (web) [default], iteration 8 started ======
GC before operation: completed in 98.259 ms, heap usage 24.787 MB -> 13.899 MB.
====== finagle-http (web) [default], iteration 8 completed (14366.472 ms) ======
====== finagle-http (web) [default], iteration 9 started ======
GC before operation: completed in 106.529 ms, heap usage 19.316 MB -> 13.861 MB.
====== finagle-http (web) [default], iteration 9 completed (14340.886 ms) ======
====== finagle-http (web) [default], iteration 10 started ======
GC before operation: completed in 109.165 ms, heap usage 77.358 MB -> 13.867 MB.
====== finagle-http (web) [default], iteration 10 completed (14367.649 ms) ======
====== finagle-http (web) [default], iteration 11 started ======
GC before operation: completed in 109.894 ms, heap usage 43.001 MB -> 13.881 MB.
====== finagle-http (web) [default], iteration 11 completed (14504.631 ms) ======
====== finagle-http (web) [default], iteration 12 started ======
GC before operation: completed in 93.347 ms, heap usage 19.161 MB -> 13.868 MB.
====== finagle-http (web) [default], iteration 12 completed (14490.814 ms) ======
====== finagle-http (web) [default], iteration 13 started ======
GC before operation: completed in 102.234 ms, heap usage 63.226 MB -> 13.854 MB.
====== finagle-http (web) [default], iteration 13 completed (14313.021 ms) ======
====== finagle-http (web) [default], iteration 14 started ======
GC before operation: completed in 102.673 ms, heap usage 61.430 MB -> 13.890 MB.
====== finagle-http (web) [default], iteration 14 completed (14483.371 ms) ======
====== finagle-http (web) [default], iteration 15 started ======
GC before operation: completed in 104.252 ms, heap usage 44.797 MB -> 13.883 MB.
====== finagle-http (web) [default], iteration 15 completed (14510.089 ms) ======
====== finagle-http (web) [default], iteration 16 started ======
GC before operation: completed in 104.654 ms, heap usage 49.073 MB -> 13.895 MB.
====== finagle-http (web) [default], iteration 16 completed (14467.093 ms) ======
====== finagle-http (web) [default], iteration 17 started ======
GC before operation: completed in 107.993 ms, heap usage 65.074 MB -> 13.896 MB.
====== finagle-http (web) [default], iteration 17 completed (14565.110 ms) ======
====== finagle-http (web) [default], iteration 18 started ======
GC before operation: completed in 104.906 ms, heap usage 24.170 MB -> 13.898 MB.
====== finagle-http (web) [default], iteration 18 completed (14508.647 ms) ======
====== finagle-http (web) [default], iteration 19 started ======
GC before operation: completed in 103.310 ms, heap usage 20.719 MB -> 13.937 MB.
====== finagle-http (web) [default], iteration 19 completed (14449.972 ms) ======
====== finagle-http (web) [default], iteration 20 started ======
GC before operation: completed in 107.522 ms, heap usage 65.750 MB -> 13.886 MB.
====== finagle-http (web) [default], iteration 20 completed (14426.303 ms) ======
====== finagle-http (web) [default], iteration 21 started ======
GC before operation: completed in 110.260 ms, heap usage 60.563 MB -> 13.883 MB.
====== finagle-http (web) [default], iteration 21 completed (14384.530 ms) ======
====== finagle-http (web) [default], iteration 22 started ======
GC before operation: completed in 105.021 ms, heap usage 67.744 MB -> 13.890 MB.
====== finagle-http (web) [default], iteration 22 completed (14318.116 ms) ======
====== finagle-http (web) [default], iteration 23 started ======
GC before operation: completed in 103.465 ms, heap usage 17.529 MB -> 13.910 MB.
====== finagle-http (web) [default], iteration 23 completed (13782.127 ms) ======
====== finagle-http (web) [default], iteration 24 started ======
GC before operation: completed in 99.325 ms, heap usage 44.686 MB -> 13.864 MB.
====== finagle-http (web) [default], iteration 24 completed (14058.844 ms) ======
====== finagle-http (web) [default], iteration 25 started ======
GC before operation: completed in 106.003 ms, heap usage 55.901 MB -> 13.890 MB.
====== finagle-http (web) [default], iteration 25 completed (13667.412 ms) ======
====== finagle-http (web) [default], iteration 26 started ======
GC before operation: completed in 112.349 ms, heap usage 44.177 MB -> 13.901 MB.
====== finagle-http (web) [default], iteration 26 completed (13708.138 ms) ======
====== finagle-http (web) [default], iteration 27 started ======
GC before operation: completed in 104.172 ms, heap usage 67.154 MB -> 13.898 MB.
====== finagle-http (web) [default], iteration 27 completed (13340.378 ms) ======
====== finagle-http (web) [default], iteration 28 started ======
GC before operation: completed in 104.756 ms, heap usage 44.533 MB -> 13.896 MB.
====== finagle-http (web) [default], iteration 28 completed (13511.872 ms) ======
====== finagle-http (web) [default], iteration 29 started ======
GC before operation: completed in 107.094 ms, heap usage 65.218 MB -> 13.865 MB.
====== finagle-http (web) [default], iteration 29 completed (13577.551 ms) ======
====== finagle-http (web) [default], iteration 30 started ======
GC before operation: completed in 100.969 ms, heap usage 17.557 MB -> 13.887 MB.
====== finagle-http (web) [default], iteration 30 completed (13905.282 ms) ======
====== finagle-http (web) [default], iteration 31 started ======
GC before operation: completed in 102.449 ms, heap usage 25.128 MB -> 13.888 MB.
====== finagle-http (web) [default], iteration 31 completed (13662.479 ms) ======
====== finagle-http (web) [default], iteration 32 started ======
GC before operation: completed in 109.582 ms, heap usage 20.253 MB -> 14.028 MB.
====== finagle-http (web) [default], iteration 32 completed (13450.175 ms) ======
====== finagle-http (web) [default], iteration 33 started ======
GC before operation: completed in 108.751 ms, heap usage 62.462 MB -> 13.985 MB.
====== finagle-http (web) [default], iteration 33 completed (13733.506 ms) ======
====== finagle-http (web) [default], iteration 34 started ======
GC before operation: completed in 106.303 ms, heap usage 43.669 MB -> 13.894 MB.
====== finagle-http (web) [default], iteration 34 completed (13568.142 ms) ======
====== finagle-http (web) [default], iteration 35 started ======
GC before operation: completed in 117.942 ms, heap usage 19.176 MB -> 13.933 MB.
====== finagle-http (web) [default], iteration 35 completed (13322.872 ms) ======
====== finagle-http (web) [default], iteration 36 started ======
GC before operation: completed in 111.699 ms, heap usage 76.864 MB -> 13.899 MB.
====== finagle-http (web) [default], iteration 36 completed (14191.829 ms) ======
====== finagle-http (web) [default], iteration 37 started ======
GC before operation: completed in 107.115 ms, heap usage 43.403 MB -> 13.960 MB.
====== finagle-http (web) [default], iteration 37 completed (14264.752 ms) ======
====== finagle-http (web) [default], iteration 38 started ======
GC before operation: completed in 110.969 ms, heap usage 16.670 MB -> 13.914 MB.
====== finagle-http (web) [default], iteration 38 completed (14130.119 ms) ======
====== finagle-http (web) [default], iteration 39 started ======
GC before operation: completed in 111.714 ms, heap usage 49.864 MB -> 14.406 MB.
====== finagle-http (web) [default], iteration 39 completed (14200.861 ms) ======
====== finagle-http (web) [default], iteration 40 started ======
GC before operation: completed in 108.960 ms, heap usage 49.025 MB -> 13.908 MB.
====== finagle-http (web) [default], iteration 40 completed (14276.717 ms) ======
====== finagle-http (web) [default], iteration 41 started ======
GC before operation: completed in 114.266 ms, heap usage 25.048 MB -> 13.914 MB.
====== finagle-http (web) [default], iteration 41 completed (14149.388 ms) ======
====== finagle-http (web) [default], iteration 42 started ======
GC before operation: completed in 110.559 ms, heap usage 20.109 MB -> 13.918 MB.
====== finagle-http (web) [default], iteration 42 completed (14313.699 ms) ======
====== finagle-http (web) [default], iteration 43 started ======
GC before operation: completed in 108.517 ms, heap usage 50.887 MB -> 13.904 MB.
====== finagle-http (web) [default], iteration 43 completed (14329.546 ms) ======
====== finagle-http (web) [default], iteration 44 started ======
GC before operation: completed in 112.947 ms, heap usage 47.732 MB -> 13.963 MB.
====== finagle-http (web) [default], iteration 44 completed (14318.871 ms) ======
====== finagle-http (web) [default], iteration 45 started ======
GC before operation: completed in 112.538 ms, heap usage 17.082 MB -> 13.919 MB.
====== finagle-http (web) [default], iteration 45 completed (14247.562 ms) ======
====== finagle-http (web) [default], iteration 46 started ======
GC before operation: completed in 110.342 ms, heap usage 66.474 MB -> 13.895 MB.
====== finagle-http (web) [default], iteration 46 completed (14175.159 ms) ======
====== finagle-http (web) [default], iteration 47 started ======
GC before operation: completed in 115.572 ms, heap usage 46.211 MB -> 13.916 MB.
====== finagle-http (web) [default], iteration 47 completed (14154.926 ms) ======
====== finagle-http (web) [default], iteration 48 started ======
GC before operation: completed in 112.500 ms, heap usage 46.028 MB -> 14.001 MB.
====== finagle-http (web) [default], iteration 48 completed (13960.041 ms) ======
====== finagle-http (web) [default], iteration 49 started ======
GC before operation: completed in 115.448 ms, heap usage 49.097 MB -> 13.921 MB.
====== finagle-http (web) [default], iteration 49 completed (14115.469 ms) ======
====== finagle-http (web) [default], iteration 50 started ======
GC before operation: completed in 108.025 ms, heap usage 23.854 MB -> 14.121 MB.
====== finagle-http (web) [default], iteration 50 completed (13988.363 ms) ======
====== finagle-http (web) [default], iteration 51 started ======
GC before operation: completed in 111.413 ms, heap usage 20.140 MB -> 13.912 MB.
====== finagle-http (web) [default], iteration 51 completed (13989.807 ms) ======
====== finagle-http (web) [default], iteration 52 started ======
GC before operation: completed in 114.177 ms, heap usage 51.651 MB -> 14.153 MB.
====== finagle-http (web) [default], iteration 52 completed (13695.469 ms) ======
====== finagle-http (web) [default], iteration 53 started ======
GC before operation: completed in 108.811 ms, heap usage 25.601 MB -> 13.941 MB.
====== finagle-http (web) [default], iteration 53 completed (13916.022 ms) ======
====== finagle-http (web) [default], iteration 54 started ======
GC before operation: completed in 110.819 ms, heap usage 18.492 MB -> 13.867 MB.
====== finagle-http (web) [default], iteration 54 completed (13794.249 ms) ======
====== finagle-http (web) [default], iteration 55 started ======
GC before operation: completed in 116.505 ms, heap usage 51.581 MB -> 13.923 MB.
====== finagle-http (web) [default], iteration 55 completed (13933.358 ms) ======
====== finagle-http (web) [default], iteration 56 started ======
GC before operation: completed in 118.667 ms, heap usage 50.369 MB -> 13.912 MB.
====== finagle-http (web) [default], iteration 56 completed (13963.987 ms) ======
====== finagle-http (web) [default], iteration 57 started ======
GC before operation: completed in 114.207 ms, heap usage 24.574 MB -> 13.923 MB.
====== finagle-http (web) [default], iteration 57 completed (13879.745 ms) ======
====== finagle-http (web) [default], iteration 58 started ======
GC before operation: completed in 109.808 ms, heap usage 55.431 MB -> 13.932 MB.
====== finagle-http (web) [default], iteration 58 completed (14184.551 ms) ======
====== finagle-http (web) [default], iteration 59 started ======
GC before operation: completed in 119.820 ms, heap usage 66.442 MB -> 13.921 MB.
====== finagle-http (web) [default], iteration 59 completed (14158.002 ms) ======
====== finagle-http (web) [default], iteration 60 started ======
GC before operation: completed in 114.925 ms, heap usage 65.719 MB -> 13.923 MB.
====== finagle-http (web) [default], iteration 60 completed (14237.050 ms) ======
====== finagle-http (web) [default], iteration 61 started ======
GC before operation: completed in 109.983 ms, heap usage 43.991 MB -> 13.903 MB.
====== finagle-http (web) [default], iteration 61 completed (14549.461 ms) ======
====== finagle-http (web) [default], iteration 62 started ======
GC before operation: completed in 124.666 ms, heap usage 24.243 MB -> 13.924 MB.
====== finagle-http (web) [default], iteration 62 completed (14536.338 ms) ======
====== finagle-http (web) [default], iteration 63 started ======
GC before operation: completed in 118.028 ms, heap usage 46.527 MB -> 13.927 MB.
====== finagle-http (web) [default], iteration 63 completed (14436.932 ms) ======
====== finagle-http (web) [default], iteration 64 started ======
GC before operation: completed in 115.618 ms, heap usage 48.240 MB -> 13.923 MB.
====== finagle-http (web) [default], iteration 64 completed (14519.712 ms) ======
====== finagle-http (web) [default], iteration 65 started ======
GC before operation: completed in 119.173 ms, heap usage 46.258 MB -> 13.916 MB.
====== finagle-http (web) [default], iteration 65 completed (14521.487 ms) ======
====== finagle-http (web) [default], iteration 66 started ======
GC before operation: completed in 115.548 ms, heap usage 29.573 MB -> 13.928 MB.
====== finagle-http (web) [default], iteration 66 completed (14506.394 ms) ======
====== finagle-http (web) [default], iteration 67 started ======
GC before operation: completed in 116.512 ms, heap usage 46.632 MB -> 13.908 MB.
====== finagle-http (web) [default], iteration 67 completed (14523.092 ms) ======
====== finagle-http (web) [default], iteration 68 started ======
GC before operation: completed in 117.900 ms, heap usage 16.996 MB -> 13.929 MB.
====== finagle-http (web) [default], iteration 68 completed (14537.299 ms) ======
====== finagle-http (web) [default], iteration 69 started ======
GC before operation: completed in 114.729 ms, heap usage 84.745 MB -> 13.915 MB.
====== finagle-http (web) [default], iteration 69 completed (14527.660 ms) ======
====== finagle-http (web) [default], iteration 70 started ======
GC before operation: completed in 117.418 ms, heap usage 29.159 MB -> 13.929 MB.
====== finagle-http (web) [default], iteration 70 completed (14506.816 ms) ======
====== finagle-http (web) [default], iteration 71 started ======
GC before operation: completed in 110.762 ms, heap usage 49.225 MB -> 13.934 MB.
====== finagle-http (web) [default], iteration 71 completed (14290.763 ms) ======
====== finagle-http (web) [default], iteration 72 started ======
GC before operation: completed in 117.327 ms, heap usage 24.283 MB -> 13.929 MB.
====== finagle-http (web) [default], iteration 72 completed (14235.468 ms) ======
====== finagle-http (web) [default], iteration 73 started ======
GC before operation: completed in 116.692 ms, heap usage 62.348 MB -> 13.926 MB.
====== finagle-http (web) [default], iteration 73 completed (14185.571 ms) ======
====== finagle-http (web) [default], iteration 74 started ======
GC before operation: completed in 116.768 ms, heap usage 66.144 MB -> 13.950 MB.
====== finagle-http (web) [default], iteration 74 completed (14442.269 ms) ======
====== finagle-http (web) [default], iteration 75 started ======
GC before operation: completed in 113.401 ms, heap usage 31.191 MB -> 13.957 MB.
====== finagle-http (web) [default], iteration 75 completed (14549.378 ms) ======
====== finagle-http (web) [default], iteration 76 started ======
GC before operation: completed in 116.821 ms, heap usage 19.701 MB -> 13.923 MB.
====== finagle-http (web) [default], iteration 76 completed (14430.993 ms) ======
====== finagle-http (web) [default], iteration 77 started ======
GC before operation: completed in 114.857 ms, heap usage 68.024 MB -> 13.935 MB.
====== finagle-http (web) [default], iteration 77 completed (14503.212 ms) ======
====== finagle-http (web) [default], iteration 78 started ======
GC before operation: completed in 120.804 ms, heap usage 66.466 MB -> 13.935 MB.
====== finagle-http (web) [default], iteration 78 completed (14053.398 ms) ======
====== finagle-http (web) [default], iteration 79 started ======
GC before operation: completed in 114.868 ms, heap usage 34.790 MB -> 13.922 MB.
====== finagle-http (web) [default], iteration 79 completed (14488.061 ms) ======
====== finagle-http (web) [default], iteration 80 started ======
GC before operation: completed in 119.214 ms, heap usage 20.332 MB -> 13.933 MB.
====== finagle-http (web) [default], iteration 80 completed (14373.100 ms) ======
====== finagle-http (web) [default], iteration 81 started ======
GC before operation: completed in 118.336 ms, heap usage 36.247 MB -> 13.929 MB.
====== finagle-http (web) [default], iteration 81 completed (14282.653 ms) ======
====== finagle-http (web) [default], iteration 82 started ======
GC before operation: completed in 118.356 ms, heap usage 20.264 MB -> 13.936 MB.
====== finagle-http (web) [default], iteration 82 completed (14195.714 ms) ======
====== finagle-http (web) [default], iteration 83 started ======
GC before operation: completed in 119.000 ms, heap usage 36.040 MB -> 13.937 MB.
====== finagle-http (web) [default], iteration 83 completed (14408.469 ms) ======
====== finagle-http (web) [default], iteration 84 started ======
GC before operation: completed in 115.526 ms, heap usage 18.394 MB -> 13.961 MB.
====== finagle-http (web) [default], iteration 84 completed (14363.354 ms) ======
====== finagle-http (web) [default], iteration 85 started ======
GC before operation: completed in 127.554 ms, heap usage 77.471 MB -> 13.914 MB.
====== finagle-http (web) [default], iteration 85 completed (14272.231 ms) ======
====== finagle-http (web) [default], iteration 86 started ======
GC before operation: completed in 116.815 ms, heap usage 60.605 MB -> 13.946 MB.
====== finagle-http (web) [default], iteration 86 completed (14306.170 ms) ======
====== finagle-http (web) [default], iteration 87 started ======
GC before operation: completed in 119.425 ms, heap usage 22.878 MB -> 13.966 MB.
====== finagle-http (web) [default], iteration 87 completed (14186.076 ms) ======
====== finagle-http (web) [default], iteration 88 started ======
GC before operation: completed in 115.463 ms, heap usage 76.561 MB -> 14.002 MB.
====== finagle-http (web) [default], iteration 88 completed (14166.632 ms) ======
====== finagle-http (web) [default], iteration 89 started ======
GC before operation: completed in 121.385 ms, heap usage 33.230 MB -> 13.933 MB.
====== finagle-http (web) [default], iteration 89 completed (14407.468 ms) ======
====== finagle-http (web) [default], iteration 90 started ======
GC before operation: completed in 119.171 ms, heap usage 26.166 MB -> 14.067 MB.
====== finagle-http (web) [default], iteration 90 completed (14406.097 ms) ======
====== finagle-http (web) [default], iteration 91 started ======
GC before operation: completed in 115.719 ms, heap usage 19.476 MB -> 13.927 MB.
====== finagle-http (web) [default], iteration 91 completed (14309.290 ms) ======
====== finagle-http (web) [default], iteration 92 started ======
GC before operation: completed in 131.571 ms, heap usage 51.085 MB -> 14.051 MB.
====== finagle-http (web) [default], iteration 92 completed (14274.140 ms) ======
====== finagle-http (web) [default], iteration 93 started ======
GC before operation: completed in 115.715 ms, heap usage 20.613 MB -> 13.968 MB.
====== finagle-http (web) [default], iteration 93 completed (14203.818 ms) ======
====== finagle-http (web) [default], iteration 94 started ======
GC before operation: completed in 115.521 ms, heap usage 53.288 MB -> 13.903 MB.
====== finagle-http (web) [default], iteration 94 completed (14041.192 ms) ======
====== finagle-http (web) [default], iteration 95 started ======
GC before operation: completed in 121.034 ms, heap usage 24.284 MB -> 13.933 MB.
====== finagle-http (web) [default], iteration 95 completed (13601.017 ms) ======
====== finagle-http (web) [default], iteration 96 started ======
GC before operation: completed in 120.707 ms, heap usage 50.163 MB -> 13.927 MB.
====== finagle-http (web) [default], iteration 96 completed (13885.598 ms) ======
====== finagle-http (web) [default], iteration 97 started ======
GC before operation: completed in 121.485 ms, heap usage 15.964 MB -> 13.934 MB.
====== finagle-http (web) [default], iteration 97 completed (14213.781 ms) ======
====== finagle-http (web) [default], iteration 98 started ======
GC before operation: completed in 130.882 ms, heap usage 30.034 MB -> 13.937 MB.
====== finagle-http (web) [default], iteration 98 completed (14321.838 ms) ======
====== finagle-http (web) [default], iteration 99 started ======
GC before operation: completed in 124.603 ms, heap usage 20.289 MB -> 13.936 MB.
====== finagle-http (web) [default], iteration 99 completed (14297.636 ms) ======
Master port: 42309
Cache ports: 37489, 45199, 33539, 44893
====== finagle-chirper (web) [default], iteration 0 started ======
Resetting master, feed map size: 5000
GC before operation: completed in 212.678 ms, heap usage 64.078 MB -> 21.360 MB.
WARNING: This benchmark provides no result that can be validated.
There is no way to check that no silent failure occurred.
====== finagle-chirper (web) [default], iteration 0 completed (47474.574 ms) ======
====== finagle-chirper (web) [default], iteration 1 started ======
Resetting master, feed map size: 5000
GC before operation: completed in 234.605 ms, heap usage 68.336 MB -> 23.926 MB.
WARNING: This benchmark provides no result that can be validated.
There is no way to check that no silent failure occurred.
====== finagle-chirper (web) [default], iteration 1 completed (18727.744 ms) ======
====== finagle-chirper (web) [default], iteration 2 started ======
Resetting master, feed map size: 5000
GC before operation: completed in 204.723 ms, heap usage 30.351 MB -> 24.156 MB.
WARNING: This benchmark provides no result that can be validated.
There is no way to check that no silent failure occurred.
====== finagle-chirper (web) [default], iteration 2 completed (15763.233 ms) ======
====== finagle-chirper (web) [default], iteration 3 started ======
Resetting master, feed map size: 5000
GC before operation: completed in 187.317 ms, heap usage 124.290 MB -> 24.004 MB.
WARNING: This benchmark provides no result that can be validated.
There is no way to check that no silent failure occurred.
====== finagle-chirper (web) [default], iteration 3 completed (15585.820 ms) ======
====== finagle-chirper (web) [default], iteration 4 started ======
Resetting master, feed map size: 5000
GC before operation: completed in 181.850 ms, heap usage 120.536 MB -> 23.850 MB.
WARNING: This benchmark provides no result that can be validated.
There is no way to check that no silent failure occurred.
====== finagle-chirper (web) [default], iteration 4 completed (14684.728 ms) ======
====== finagle-chirper (web) [default], iteration 5 started ======
Resetting master, feed map size: 5000
GC before operation: completed in 206.148 ms, heap usage 76.976 MB -> 24.207 MB.
WARNING: This benchmark provides no result that can be validated.
There is no way to check that no silent failure occurred.
====== finagle-chirper (web) [default], iteration 5 completed (14602.823 ms) ======
====== finagle-chirper (web) [default], iteration 6 started ======
Resetting master, feed map size: 5000
GC before operation: completed in 188.722 ms, heap usage 128.293 MB -> 24.219 MB.
WARNING: This benchmark provides no result that can be validated.
There is no way to check that no silent failure occurred.
====== finagle-chirper (web) [default], iteration 6 completed (14919.239 ms) ======
====== finagle-chirper (web) [default], iteration 7 started ======
Resetting master, feed map size: 5000
GC before operation: completed in 190.347 ms, heap usage 83.295 MB -> 24.221 MB.
WARNING: This benchmark provides no result that can be validated.
There is no way to check that no silent failure occurred.
====== finagle-chirper (web) [default], iteration 7 completed (14164.289 ms) ======
====== finagle-chirper (web) [default], iteration 8 started ======
Resetting master, feed map size: 5000
GC before operation: completed in 189.193 ms, heap usage 70.708 MB -> 24.266 MB.
WARNING: This benchmark provides no result that can be validated.
There is no way to check that no silent failure occurred.
====== finagle-chirper (web) [default], iteration 8 completed (14065.129 ms) ======
====== finagle-chirper (web) [default], iteration 9 started ======
Resetting master, feed map size: 5000
GC before operation: completed in 197.615 ms, heap usage 105.551 MB -> 24.233 MB.
WARNING: This benchmark provides no result that can be validated.
There is no way to check that no silent failure occurred.
====== finagle-chirper (web) [default], iteration 9 completed (13870.681 ms) ======
====== finagle-chirper (web) [default], iteration 10 started ======
Resetting master, feed map size: 5000
GC before operation: completed in 223.448 ms, heap usage 55.300 MB -> 24.238 MB.
WARNING: This benchmark provides no result that can be validated.
There is no way to check that no silent failure occurred.
====== finagle-chirper (web) [default], iteration 10 completed (14305.239 ms) ======
====== finagle-chirper (web) [default], iteration 11 started ======
Resetting master, feed map size: 5000
GC before operation: completed in 188.090 ms, heap usage 84.188 MB -> 24.239 MB.
WARNING: This benchmark provides no result that can be validated.
There is no way to check that no silent failure occurred.
====== finagle-chirper (web) [default], iteration 11 completed (13914.861 ms) ======
====== finagle-chirper (web) [default], iteration 12 started ======
Resetting master, feed map size: 5000
GC before operation: completed in 217.319 ms, heap usage 61.704 MB -> 24.240 MB.
WARNING: This benchmark provides no result that can be validated.
There is no way to check that no silent failure occurred.
====== finagle-chirper (web) [default], iteration 12 completed (14013.215 ms) ======
====== finagle-chirper (web) [default], iteration 13 started ======
Resetting master, feed map size: 5000
GC before operation: completed in 192.236 ms, heap usage 108.469 MB -> 24.243 MB.
WARNING: This benchmark provides no result that can be validated.
There is no way to check that no silent failure occurred.
====== finagle-chirper (web) [default], iteration 13 completed (13532.596 ms) ======
====== finagle-chirper (web) [default], iteration 14 started ======
Resetting master, feed map size: 5000
GC before operation: completed in 200.444 ms, heap usage 109.326 MB -> 24.246 MB.
WARNING: This benchmark provides no result that can be validated.
There is no way to check that no silent failure occurred.
====== finagle-chirper (web) [default], iteration 14 completed (13752.240 ms) ======
====== finagle-chirper (web) [default], iteration 15 started ======
Resetting master, feed map size: 5000
GC before operation: completed in 196.815 ms, heap usage 75.510 MB -> 24.245 MB.
WARNING: This benchmark provides no result that can be validated.
There is no way to check that no silent failure occurred.
====== finagle-chirper (web) [default], iteration 15 completed (13413.180 ms) ======
====== finagle-chirper (web) [default], iteration 16 started ======
Resetting master, feed map size: 5000
GC before operation: completed in 208.859 ms, heap usage 95.468 MB -> 24.251 MB.
WARNING: This benchmark provides no result that can be validated.
There is no way to check that no silent failure occurred.
====== finagle-chirper (web) [default], iteration 16 completed (13096.579 ms) ======
====== finagle-chirper (web) [default], iteration 17 started ======
Resetting master, feed map size: 5000
GC before operation: completed in 205.284 ms, heap usage 82.118 MB -> 24.252 MB.
WARNING: This benchmark provides no result that can be validated.
There is no way to check that no silent failure occurred.
====== finagle-chirper (web) [default], iteration 17 completed (13321.779 ms) ======
====== finagle-chirper (web) [default], iteration 18 started ======
Resetting master, feed map size: 5000
GC before operation: completed in 212.309 ms, heap usage 92.074 MB -> 24.256 MB.
WARNING: This benchmark provides no result that can be validated.
There is no way to check that no silent failure occurred.
====== finagle-chirper (web) [default], iteration 18 completed (13244.091 ms) ======
====== finagle-chirper (web) [default], iteration 19 started ======
Resetting master, feed map size: 5000
GC before operation: completed in 203.308 ms, heap usage 77.321 MB -> 24.257 MB.
WARNING: This benchmark provides no result that can be validated.
There is no way to check that no silent failure occurred.
====== finagle-chirper (web) [default], iteration 19 completed (12927.565 ms) ======
====== finagle-chirper (web) [default], iteration 20 started ======
Resetting master, feed map size: 5000
GC before operation: completed in 212.158 ms, heap usage 57.689 MB -> 24.258 MB.
WARNING: This benchmark provides no result that can be validated.
There is no way to check that no silent failure occurred.
====== finagle-chirper (web) [default], iteration 20 completed (13000.727 ms) ======
====== finagle-chirper (web) [default], iteration 21 started ======
Resetting master, feed map size: 5000
GC before operation: completed in 201.846 ms, heap usage 115.070 MB -> 24.264 MB.
WARNING: This benchmark provides no result that can be validated.
There is no way to check that no silent failure occurred.
====== finagle-chirper (web) [default], iteration 21 completed (13332.899 ms) ======
====== finagle-chirper (web) [default], iteration 22 started ======
Resetting master, feed map size: 5000
GC before operation: completed in 199.687 ms, heap usage 73.159 MB -> 24.261 MB.
WARNING: This benchmark provides no result that can be validated.
There is no way to check that no silent failure occurred.
====== finagle-chirper (web) [default], iteration 22 completed (13139.245 ms) ======
====== finagle-chirper (web) [default], iteration 23 started ======
Resetting master, feed map size: 5000
GC before operation: completed in 195.939 ms, heap usage 59.958 MB -> 24.268 MB.
WARNING: This benchmark provides no result that can be validated.
There is no way to check that no silent failure occurred.
====== finagle-chirper (web) [default], iteration 23 completed (13256.722 ms) ======
====== finagle-chirper (web) [default], iteration 24 started ======
Resetting master, feed map size: 5000
GC before operation: completed in 193.985 ms, heap usage 65.291 MB -> 24.266 MB.
WARNING: This benchmark provides no result that can be validated.
There is no way to check that no silent failure occurred.
====== finagle-chirper (web) [default], iteration 24 completed (12923.459 ms) ======
====== finagle-chirper (web) [default], iteration 25 started ======
Resetting master, feed map size: 5000
GC before operation: completed in 195.252 ms, heap usage 75.434 MB -> 24.269 MB.
WARNING: This benchmark provides no result that can be validated.
There is no way to check that no silent failure occurred.
====== finagle-chirper (web) [default], iteration 25 completed (13171.283 ms) ======
====== finagle-chirper (web) [default], iteration 26 started ======
Resetting master, feed map size: 5000
GC before operation: completed in 191.130 ms, heap usage 65.153 MB -> 24.268 MB.
WARNING: This benchmark provides no result that can be validated.
There is no way to check that no silent failure occurred.
====== finagle-chirper (web) [default], iteration 26 completed (13190.048 ms) ======
====== finagle-chirper (web) [default], iteration 27 started ======
Resetting master, feed map size: 5000
GC before operation: completed in 195.313 ms, heap usage 59.822 MB -> 24.274 MB.
WARNING: This benchmark provides no result that can be validated.
There is no way to check that no silent failure occurred.
====== finagle-chirper (web) [default], iteration 27 completed (13148.916 ms) ======
====== finagle-chirper (web) [default], iteration 28 started ======
Resetting master, feed map size: 5000
GC before operation: completed in 198.869 ms, heap usage 40.090 MB -> 24.281 MB.
WARNING: This benchmark provides no result that can be validated.
There is no way to check that no silent failure occurred.
====== finagle-chirper (web) [default], iteration 28 completed (12700.273 ms) ======
====== finagle-chirper (web) [default], iteration 29 started ======
Resetting master, feed map size: 5000
GC before operation: completed in 197.350 ms, heap usage 102.022 MB -> 24.275 MB.
WARNING: This benchmark provides no result that can be validated.
There is no way to check that no silent failure occurred.
====== finagle-chirper (web) [default], iteration 29 completed (12450.272 ms) ======
====== finagle-chirper (web) [default], iteration 30 started ======
Resetting master, feed map size: 5000
GC before operation: completed in 194.522 ms, heap usage 136.209 MB -> 24.277 MB.
WARNING: This benchmark provides no result that can be validated.
There is no way to check that no silent failure occurred.
====== finagle-chirper (web) [default], iteration 30 completed (12431.993 ms) ======
====== finagle-chirper (web) [default], iteration 31 started ======
Resetting master, feed map size: 5000
GC before operation: completed in 198.570 ms, heap usage 116.012 MB -> 24.278 MB.
WARNING: This benchmark provides no result that can be validated.
There is no way to check that no silent failure occurred.
====== finagle-chirper (web) [default], iteration 31 completed (12268.767 ms) ======
====== finagle-chirper (web) [default], iteration 32 started ======
Resetting master, feed map size: 5000
GC before operation: completed in 204.347 ms, heap usage 118.209 MB -> 24.280 MB.
WARNING: This benchmark provides no result that can be validated.
There is no way to check that no silent failure occurred.
====== finagle-chirper (web) [default], iteration 32 completed (12463.326 ms) ======
====== finagle-chirper (web) [default], iteration 33 started ======
Resetting master, feed map size: 5000
GC before operation: completed in 195.932 ms, heap usage 42.719 MB -> 24.285 MB.
WARNING: This benchmark provides no result that can be validated.
There is no way to check that no silent failure occurred.
====== finagle-chirper (web) [default], iteration 33 completed (12859.303 ms) ======
====== finagle-chirper (web) [default], iteration 34 started ======
Resetting master, feed map size: 5000
GC before operation: completed in 202.053 ms, heap usage 77.699 MB -> 24.285 MB.
WARNING: This benchmark provides no result that can be validated.
There is no way to check that no silent failure occurred.
====== finagle-chirper (web) [default], iteration 34 completed (12438.180 ms) ======
====== finagle-chirper (web) [default], iteration 35 started ======
Resetting master, feed map size: 5000
GC before operation: completed in 196.213 ms, heap usage 63.647 MB -> 24.289 MB.
WARNING: This benchmark provides no result that can be validated.
There is no way to check that no silent failure occurred.
====== finagle-chirper (web) [default], iteration 35 completed (12602.915 ms) ======
====== finagle-chirper (web) [default], iteration 36 started ======
Resetting master, feed map size: 5000
GC before operation: completed in 196.040 ms, heap usage 106.066 MB -> 24.289 MB.
WARNING: This benchmark provides no result that can be validated.
There is no way to check that no silent failure occurred.
====== finagle-chirper (web) [default], iteration 36 completed (12442.611 ms) ======
====== finagle-chirper (web) [default], iteration 37 started ======
Resetting master, feed map size: 5000
GC before operation: completed in 222.371 ms, heap usage 45.374 MB -> 24.062 MB.
WARNING: This benchmark provides no result that can be validated.
There is no way to check that no silent failure occurred.
====== finagle-chirper (web) [default], iteration 37 completed (12555.881 ms) ======
====== finagle-chirper (web) [default], iteration 38 started ======
Resetting master, feed map size: 5000
GC before operation: completed in 195.844 ms, heap usage 43.018 MB -> 24.061 MB.
WARNING: This benchmark provides no result that can be validated.
There is no way to check that no silent failure occurred.
====== finagle-chirper (web) [default], iteration 38 completed (12364.345 ms) ======
====== finagle-chirper (web) [default], iteration 39 started ======
Resetting master, feed map size: 5000
GC before operation: completed in 199.460 ms, heap usage 131.018 MB -> 24.066 MB.
WARNING: This benchmark provides no result that can be validated.
There is no way to check that no silent failure occurred.
====== finagle-chirper (web) [default], iteration 39 completed (12633.525 ms) ======
====== finagle-chirper (web) [default], iteration 40 started ======
Resetting master, feed map size: 5000
GC before operation: completed in 199.450 ms, heap usage 72.400 MB -> 24.072 MB.
WARNING: This benchmark provides no result that can be validated.
There is no way to check that no silent failure occurred.
====== finagle-chirper (web) [default], iteration 40 completed (12484.540 ms) ======
====== finagle-chirper (web) [default], iteration 41 started ======
Resetting master, feed map size: 5000
GC before operation: completed in 195.943 ms, heap usage 36.941 MB -> 24.071 MB.
WARNING: This benchmark provides no result that can be validated.
There is no way to check that no silent failure occurred.
====== finagle-chirper (web) [default], iteration 41 completed (12446.703 ms) ======
====== finagle-chirper (web) [default], iteration 42 started ======
Resetting master, feed map size: 5000
GC before operation: completed in 199.929 ms, heap usage 96.039 MB -> 24.077 MB.
WARNING: This benchmark provides no result that can be validated.
There is no way to check that no silent failure occurred.
====== finagle-chirper (web) [default], iteration 42 completed (12848.797 ms) ======
====== finagle-chirper (web) [default], iteration 43 started ======
Resetting master, feed map size: 5000
GC before operation: completed in 198.934 ms, heap usage 47.041 MB -> 24.077 MB.
WARNING: This benchmark provides no result that can be validated.
There is no way to check that no silent failure occurred.
====== finagle-chirper (web) [default], iteration 43 completed (12594.438 ms) ======
====== finagle-chirper (web) [default], iteration 44 started ======
Resetting master, feed map size: 5000
GC before operation: completed in 206.389 ms, heap usage 120.214 MB -> 24.027 MB.
WARNING: This benchmark provides no result that can be validated.
There is no way to check that no silent failure occurred.
====== finagle-chirper (web) [default], iteration 44 completed (12334.388 ms) ======
====== finagle-chirper (web) [default], iteration 45 started ======
Resetting master, feed map size: 5000
GC before operation: completed in 202.384 ms, heap usage 79.012 MB -> 24.033 MB.
WARNING: This benchmark provides no result that can be validated.
There is no way to check that no silent failure occurred.
====== finagle-chirper (web) [default], iteration 45 completed (12649.698 ms) ======
====== finagle-chirper (web) [default], iteration 46 started ======
Resetting master, feed map size: 5000
GC before operation: completed in 201.807 ms, heap usage 135.783 MB -> 24.042 MB.
WARNING: This benchmark provides no result that can be validated.
There is no way to check that no silent failure occurred.
====== finagle-chirper (web) [default], iteration 46 completed (12264.070 ms) ======
====== finagle-chirper (web) [default], iteration 47 started ======
Resetting master, feed map size: 5000
GC before operation: completed in 226.447 ms, heap usage 115.903 MB -> 24.048 MB.
WARNING: This benchmark provides no result that can be validated.
There is no way to check that no silent failure occurred.
====== finagle-chirper (web) [default], iteration 47 completed (12162.296 ms) ======
====== finagle-chirper (web) [default], iteration 48 started ======
Resetting master, feed map size: 5000
GC before operation: completed in 199.551 ms, heap usage 126.096 MB -> 24.041 MB.
WARNING: This benchmark provides no result that can be validated.
There is no way to check that no silent failure occurred.
====== finagle-chirper (web) [default], iteration 48 completed (12411.897 ms) ======
====== finagle-chirper (web) [default], iteration 49 started ======
Resetting master, feed map size: 5000
GC before operation: completed in 201.845 ms, heap usage 38.716 MB -> 24.045 MB.
WARNING: This benchmark provides no result that can be validated.
There is no way to check that no silent failure occurred.
====== finagle-chirper (web) [default], iteration 49 completed (12118.786 ms) ======
====== finagle-chirper (web) [default], iteration 50 started ======
Resetting master, feed map size: 5000
GC before operation: completed in 202.518 ms, heap usage 137.282 MB -> 24.038 MB.
WARNING: This benchmark provides no result that can be validated.
There is no way to check that no silent failure occurred.
====== finagle-chirper (web) [default], iteration 50 completed (12223.011 ms) ======
====== finagle-chirper (web) [default], iteration 51 started ======
Resetting master, feed map size: 5000
GC before operation: completed in 223.943 ms, heap usage 83.661 MB -> 24.042 MB.
WARNING: This benchmark provides no result that can be validated.
There is no way to check that no silent failure occurred.
====== finagle-chirper (web) [default], iteration 51 completed (12164.016 ms) ======
====== finagle-chirper (web) [default], iteration 52 started ======
Resetting master, feed map size: 5000
GC before operation: completed in 206.470 ms, heap usage 51.880 MB -> 24.040 MB.
WARNING: This benchmark provides no result that can be validated.
There is no way to check that no silent failure occurred.
====== finagle-chirper (web) [default], iteration 52 completed (12070.027 ms) ======
====== finagle-chirper (web) [default], iteration 53 started ======
Resetting master, feed map size: 5000
GC before operation: completed in 201.761 ms, heap usage 66.110 MB -> 24.037 MB.
WARNING: This benchmark provides no result that can be validated.
There is no way to check that no silent failure occurred.
====== finagle-chirper (web) [default], iteration 53 completed (12356.765 ms) ======
====== finagle-chirper (web) [default], iteration 54 started ======
Resetting master, feed map size: 5000
GC before operation: completed in 203.318 ms, heap usage 128.036 MB -> 24.041 MB.
WARNING: This benchmark provides no result that can be validated.
There is no way to check that no silent failure occurred.
====== finagle-chirper (web) [default], iteration 54 completed (12796.718 ms) ======
====== finagle-chirper (web) [default], iteration 55 started ======
Resetting master, feed map size: 5000
GC before operation: completed in 208.152 ms, heap usage 99.759 MB -> 24.039 MB.
WARNING: This benchmark provides no result that can be validated.
There is no way to check that no silent failure occurred.
====== finagle-chirper (web) [default], iteration 55 completed (12241.787 ms) ======
====== finagle-chirper (web) [default], iteration 56 started ======
Resetting master, feed map size: 5000
GC before operation: completed in 207.666 ms, heap usage 56.999 MB -> 24.053 MB.
WARNING: This benchmark provides no result that can be validated.
There is no way to check that no silent failure occurred.
====== finagle-chirper (web) [default], iteration 56 completed (12215.718 ms) ======
====== finagle-chirper (web) [default], iteration 57 started ======
Resetting master, feed map size: 5000
GC before operation: completed in 203.884 ms, heap usage 49.521 MB -> 24.082 MB.
WARNING: This benchmark provides no result that can be validated.
There is no way to check that no silent failure occurred.
====== finagle-chirper (web) [default], iteration 57 completed (12057.843 ms) ======
====== finagle-chirper (web) [default], iteration 58 started ======
Resetting master, feed map size: 5000
GC before operation: completed in 206.612 ms, heap usage 75.473 MB -> 24.046 MB.
WARNING: This benchmark provides no result that can be validated.
There is no way to check that no silent failure occurred.
====== finagle-chirper (web) [default], iteration 58 completed (12317.420 ms) ======
====== finagle-chirper (web) [default], iteration 59 started ======
Resetting master, feed map size: 5000
GC before operation: completed in 207.705 ms, heap usage 116.206 MB -> 24.049 MB.
WARNING: This benchmark provides no result that can be validated.
There is no way to check that no silent failure occurred.
====== finagle-chirper (web) [default], iteration 59 completed (12379.580 ms) ======
====== finagle-chirper (web) [default], iteration 60 started ======
Resetting master, feed map size: 5000
GC before operation: completed in 231.752 ms, heap usage 83.954 MB -> 23.453 MB.
WARNING: This benchmark provides no result that can be validated.
There is no way to check that no silent failure occurred.
====== finagle-chirper (web) [default], iteration 60 completed (12054.911 ms) ======
====== finagle-chirper (web) [default], iteration 61 started ======
Resetting master, feed map size: 5000
GC before operation: completed in 205.110 ms, heap usage 114.428 MB -> 23.453 MB.
WARNING: This benchmark provides no result that can be validated.
There is no way to check that no silent failure occurred.
====== finagle-chirper (web) [default], iteration 61 completed (12190.967 ms) ======
====== finagle-chirper (web) [default], iteration 62 started ======
Resetting master, feed map size: 5000
GC before operation: completed in 206.988 ms, heap usage 113.664 MB -> 23.455 MB.
WARNING: This benchmark provides no result that can be validated.
There is no way to check that no silent failure occurred.
====== finagle-chirper (web) [default], iteration 62 completed (11893.870 ms) ======
====== finagle-chirper (web) [default], iteration 63 started ======
Resetting master, feed map size: 5000
GC before operation: completed in 197.864 ms, heap usage 32.491 MB -> 23.456 MB.
WARNING: This benchmark provides no result that can be validated.
There is no way to check that no silent failure occurred.
====== finagle-chirper (web) [default], iteration 63 completed (11967.243 ms) ======
====== finagle-chirper (web) [default], iteration 64 started ======
Resetting master, feed map size: 5000
GC before operation: completed in 202.680 ms, heap usage 45.410 MB -> 23.502 MB.
WARNING: This benchmark provides no result that can be validated.
There is no way to check that no silent failure occurred.
====== finagle-chirper (web) [default], iteration 64 completed (11757.932 ms) ======
====== finagle-chirper (web) [default], iteration 65 started ======
Resetting master, feed map size: 5000
GC before operation: completed in 201.170 ms, heap usage 47.809 MB -> 23.461 MB.
WARNING: This benchmark provides no result that can be validated.
There is no way to check that no silent failure occurred.
====== finagle-chirper (web) [default], iteration 65 completed (12112.888 ms) ======
====== finagle-chirper (web) [default], iteration 66 started ======
Resetting master, feed map size: 5000
GC before operation: completed in 209.938 ms, heap usage 110.439 MB -> 23.462 MB.
WARNING: This benchmark provides no result that can be validated.
There is no way to check that no silent failure occurred.
====== finagle-chirper (web) [default], iteration 66 completed (12278.608 ms) ======
====== finagle-chirper (web) [default], iteration 67 started ======
Resetting master, feed map size: 5000
GC before operation: completed in 203.497 ms, heap usage 33.102 MB -> 23.460 MB.
WARNING: This benchmark provides no result that can be validated.
There is no way to check that no silent failure occurred.
====== finagle-chirper (web) [default], iteration 67 completed (11835.018 ms) ======
====== finagle-chirper (web) [default], iteration 68 started ======
Resetting master, feed map size: 5000
GC before operation: completed in 211.737 ms, heap usage 153.323 MB -> 23.459 MB.
WARNING: This benchmark provides no result that can be validated.
There is no way to check that no silent failure occurred.
====== finagle-chirper (web) [default], iteration 68 completed (11599.267 ms) ======
====== finagle-chirper (web) [default], iteration 69 started ======
Resetting master, feed map size: 5000
GC before operation: completed in 256.658 ms, heap usage 55.511 MB -> 23.462 MB.
WARNING: This benchmark provides no result that can be validated.
There is no way to check that no silent failure occurred.
====== finagle-chirper (web) [default], iteration 69 completed (11614.058 ms) ======
====== finagle-chirper (web) [default], iteration 70 started ======
Resetting master, feed map size: 5000
GC before operation: completed in 203.665 ms, heap usage 83.622 MB -> 23.464 MB.
WARNING: This benchmark provides no result that can be validated.
There is no way to check that no silent failure occurred.
====== finagle-chirper (web) [default], iteration 70 completed (11994.202 ms) ======
====== finagle-chirper (web) [default], iteration 71 started ======
Resetting master, feed map size: 5000
GC before operation: completed in 205.349 ms, heap usage 79.254 MB -> 23.473 MB.
WARNING: This benchmark provides no result that can be validated.
There is no way to check that no silent failure occurred.
====== finagle-chirper (web) [default], iteration 71 completed (11902.312 ms) ======
====== finagle-chirper (web) [default], iteration 72 started ======
Resetting master, feed map size: 5000
GC before operation: completed in 208.488 ms, heap usage 37.341 MB -> 23.469 MB.
WARNING: This benchmark provides no result that can be validated.
There is no way to check that no silent failure occurred.
====== finagle-chirper (web) [default], iteration 72 completed (11895.041 ms) ======
====== finagle-chirper (web) [default], iteration 73 started ======
Resetting master, feed map size: 5000
GC before operation: completed in 203.005 ms, heap usage 40.282 MB -> 23.466 MB.
WARNING: This benchmark provides no result that can be validated.
There is no way to check that no silent failure occurred.
====== finagle-chirper (web) [default], iteration 73 completed (11988.125 ms) ======
====== finagle-chirper (web) [default], iteration 74 started ======
Resetting master, feed map size: 5000
GC before operation: completed in 208.229 ms, heap usage 138.225 MB -> 23.469 MB.
WARNING: This benchmark provides no result that can be validated.
There is no way to check that no silent failure occurred.
====== finagle-chirper (web) [default], iteration 74 completed (11885.165 ms) ======
====== finagle-chirper (web) [default], iteration 75 started ======
Resetting master, feed map size: 5000
GC before operation: completed in 230.064 ms, heap usage 87.594 MB -> 23.469 MB.
WARNING: This benchmark provides no result that can be validated.
There is no way to check that no silent failure occurred.
====== finagle-chirper (web) [default], iteration 75 completed (11786.375 ms) ======
====== finagle-chirper (web) [default], iteration 76 started ======
Resetting master, feed map size: 5000
GC before operation: completed in 211.275 ms, heap usage 110.160 MB -> 23.466 MB.
WARNING: This benchmark provides no result that can be validated.
There is no way to check that no silent failure occurred.
====== finagle-chirper (web) [default], iteration 76 completed (11707.142 ms) ======
====== finagle-chirper (web) [default], iteration 77 started ======
Resetting master, feed map size: 5000
GC before operation: completed in 227.318 ms, heap usage 87.263 MB -> 23.466 MB.
WARNING: This benchmark provides no result that can be validated.
There is no way to check that no silent failure occurred.
====== finagle-chirper (web) [default], iteration 77 completed (11647.958 ms) ======
====== finagle-chirper (web) [default], iteration 78 started ======
Resetting master, feed map size: 5000
GC before operation: completed in 205.191 ms, heap usage 112.333 MB -> 23.466 MB.
WARNING: This benchmark provides no result that can be validated.
There is no way to check that no silent failure occurred.
====== finagle-chirper (web) [default], iteration 78 completed (11814.031 ms) ======
====== finagle-chirper (web) [default], iteration 79 started ======
Resetting master, feed map size: 5000
GC before operation: completed in 211.308 ms, heap usage 127.261 MB -> 23.467 MB.
WARNING: This benchmark provides no result that can be validated.
There is no way to check that no silent failure occurred.
====== finagle-chirper (web) [default], iteration 79 completed (11642.400 ms) ======
====== finagle-chirper (web) [default], iteration 80 started ======
Resetting master, feed map size: 5000
GC before operation: completed in 209.405 ms, heap usage 32.674 MB -> 23.501 MB.
WARNING: This benchmark provides no result that can be validated.
There is no way to check that no silent failure occurred.
====== finagle-chirper (web) [default], iteration 80 completed (11546.136 ms) ======
====== finagle-chirper (web) [default], iteration 81 started ======
Resetting master, feed map size: 5000
GC before operation: completed in 207.696 ms, heap usage 125.631 MB -> 23.467 MB.
WARNING: This benchmark provides no result that can be validated.
There is no way to check that no silent failure occurred.
====== finagle-chirper (web) [default], iteration 81 completed (11677.379 ms) ======
====== finagle-chirper (web) [default], iteration 82 started ======
Resetting master, feed map size: 5000
GC before operation: completed in 216.641 ms, heap usage 116.640 MB -> 23.467 MB.
WARNING: This benchmark provides no result that can be validated.
There is no way to check that no silent failure occurred.
====== finagle-chirper (web) [default], iteration 82 completed (11729.674 ms) ======
====== finagle-chirper (web) [default], iteration 83 started ======
Resetting master, feed map size: 5000
GC before operation: completed in 209.906 ms, heap usage 52.467 MB -> 23.469 MB.
WARNING: This benchmark provides no result that can be validated.
There is no way to check that no silent failure occurred.
====== finagle-chirper (web) [default], iteration 83 completed (11684.108 ms) ======
====== finagle-chirper (web) [default], iteration 84 started ======
Resetting master, feed map size: 5000
GC before operation: completed in 224.872 ms, heap usage 36.202 MB -> 23.469 MB.
WARNING: This benchmark provides no result that can be validated.
There is no way to check that no silent failure occurred.
====== finagle-chirper (web) [default], iteration 84 completed (11586.641 ms) ======
====== finagle-chirper (web) [default], iteration 85 started ======
Resetting master, feed map size: 5000
GC before operation: completed in 214.380 ms, heap usage 74.390 MB -> 23.475 MB.
WARNING: This benchmark provides no result that can be validated.
There is no way to check that no silent failure occurred.
====== finagle-chirper (web) [default], iteration 85 completed (12238.365 ms) ======
====== finagle-chirper (web) [default], iteration 86 started ======
Resetting master, feed map size: 5000
GC before operation: completed in 216.260 ms, heap usage 84.920 MB -> 23.469 MB.
WARNING: This benchmark provides no result that can be validated.
There is no way to check that no silent failure occurred.
====== finagle-chirper (web) [default], iteration 86 completed (11719.356 ms) ======
====== finagle-chirper (web) [default], iteration 87 started ======
Resetting master, feed map size: 5000
GC before operation: completed in 206.165 ms, heap usage 67.708 MB -> 23.472 MB.
WARNING: This benchmark provides no result that can be validated.
There is no way to check that no silent failure occurred.
====== finagle-chirper (web) [default], iteration 87 completed (11583.643 ms) ======
====== finagle-chirper (web) [default], iteration 88 started ======
Resetting master, feed map size: 5000
GC before operation: completed in 218.607 ms, heap usage 58.675 MB -> 23.473 MB.
WARNING: This benchmark provides no result that can be validated.
There is no way to check that no silent failure occurred.
====== finagle-chirper (web) [default], iteration 88 completed (11720.913 ms) ======
====== finagle-chirper (web) [default], iteration 89 started ======
Resetting master, feed map size: 5000
GC before operation: completed in 210.097 ms, heap usage 84.979 MB -> 23.470 MB.
WARNING: This benchmark provides no result that can be validated.
There is no way to check that no silent failure occurred.
====== finagle-chirper (web) [default], iteration 89 completed (12253.858 ms) ======
====== finagle-chirper (web) [default], iteration 90 started ======
Resetting master, feed map size: 5000
GC before operation: completed in 210.789 ms, heap usage 60.649 MB -> 23.471 MB.
WARNING: This benchmark provides no result that can be validated.
There is no way to check that no silent failure occurred.
====== finagle-chirper (web) [default], iteration 90 completed (11911.751 ms) ======
====== finagle-chirper (web) [default], iteration 91 started ======
Resetting master, feed map size: 5000
GC before operation: completed in 208.320 ms, heap usage 113.785 MB -> 23.475 MB.
WARNING: This benchmark provides no result that can be validated.
There is no way to check that no silent failure occurred.
====== finagle-chirper (web) [default], iteration 91 completed (11773.834 ms) ======
====== finagle-chirper (web) [default], iteration 92 started ======
Resetting master, feed map size: 5000
GC before operation: completed in 206.948 ms, heap usage 68.511 MB -> 23.473 MB.
WARNING: This benchmark provides no result that can be validated.
There is no way to check that no silent failure occurred.
====== finagle-chirper (web) [default], iteration 92 completed (11800.712 ms) ======
====== finagle-chirper (web) [default], iteration 93 started ======
Resetting master, feed map size: 5000
GC before operation: completed in 206.370 ms, heap usage 60.428 MB -> 23.472 MB.
WARNING: This benchmark provides no result that can be validated.
There is no way to check that no silent failure occurred.
====== finagle-chirper (web) [default], iteration 93 completed (11693.571 ms) ======
====== finagle-chirper (web) [default], iteration 94 started ======
Resetting master, feed map size: 5000
GC before operation: completed in 205.676 ms, heap usage 112.857 MB -> 23.473 MB.
WARNING: This benchmark provides no result that can be validated.
There is no way to check that no silent failure occurred.
====== finagle-chirper (web) [default], iteration 94 completed (11639.411 ms) ======
====== finagle-chirper (web) [default], iteration 95 started ======
Resetting master, feed map size: 5000
GC before operation: completed in 225.643 ms, heap usage 69.488 MB -> 23.475 MB.
WARNING: This benchmark provides no result that can be validated.
There is no way to check that no silent failure occurred.
====== finagle-chirper (web) [default], iteration 95 completed (11784.131 ms) ======
====== finagle-chirper (web) [default], iteration 96 started ======
Resetting master, feed map size: 5000
GC before operation: completed in 205.534 ms, heap usage 115.373 MB -> 23.475 MB.
WARNING: This benchmark provides no result that can be validated.
There is no way to check that no silent failure occurred.
====== finagle-chirper (web) [default], iteration 96 completed (11651.159 ms) ======
====== finagle-chirper (web) [default], iteration 97 started ======
Resetting master, feed map size: 5000
GC before operation: completed in 209.182 ms, heap usage 109.938 MB -> 23.475 MB.
WARNING: This benchmark provides no result that can be validated.
There is no way to check that no silent failure occurred.
====== finagle-chirper (web) [default], iteration 97 completed (11904.241 ms) ======
====== finagle-chirper (web) [default], iteration 98 started ======
Resetting master, feed map size: 5000
GC before operation: completed in 207.133 ms, heap usage 137.759 MB -> 23.479 MB.
WARNING: This benchmark provides no result that can be validated.
There is no way to check that no silent failure occurred.
====== finagle-chirper (web) [default], iteration 98 completed (12280.703 ms) ======
====== finagle-chirper (web) [default], iteration 99 started ======
Resetting master, feed map size: 5000
GC before operation: completed in 209.376 ms, heap usage 46.245 MB -> 23.477 MB.
WARNING: This benchmark provides no result that can be validated.
There is no way to check that no silent failure occurred.
====== finagle-chirper (web) [default], iteration 99 completed (12170.345 ms) ======
